=======================================================
Objective function:  Are
Matrix:  R50.csv
Iterations:  100
Heuristic for search:  RobSA3
Improvement function # 0
Window width for improvement:  0
Heuristic for improvement:  RobSA3
Seed:  33
=======================================================

Unsorted matrix: 
0.919 0.896 0.868 0.836 0.801 0.764 0.727 0.688 0.644 0.6 0.558 0.515 0.476 0.437 0.4 0.361 0.325 0.29 0.26 0.234 0.211 0.191 0.173 0.158 0.145 0.133 0.123 0.114 0.106 0.099 0.093 0.087 0.082 0.077 0.073 0.067 0.058 0.049 0.042 0.035 0.03 0.024 0.02 0.016 0.012 0.009 0.007 0.004 0.002 0 
0.896 0.94 0.912 0.88 0.845 0.808 0.77 0.726 0.681 0.638 0.593 0.55 0.506 0.464 0.419 0.377 0.337 0.302 0.272 0.246 0.223 0.203 0.185 0.17 0.157 0.145 0.135 0.126 0.118 0.111 0.104 0.098 0.093 0.089 0.081 0.071 0.061 0.053 0.046 0.039 0.033 0.028 0.024 0.02 0.016 0.013 0.01 0.008 0.006 0.003 
0.868 0.912 0.959 0.927 0.892 0.855 0.813 0.769 0.724 0.678 0.633 0.585 0.537 0.486 0.437 0.391 0.35 0.316 0.286 0.259 0.237 0.217 0.199 0.184 0.171 0.159 0.149 0.139 0.131 0.124 0.117 0.111 0.106 0.097 0.086 0.075 0.065 0.057 0.05 0.043 0.037 0.032 0.028 0.024 0.02 0.017 0.014 0.012 0.008 0.005 
0.836 0.88 0.927 0.977 0.942 0.903 0.86 0.816 0.77 0.724 0.673 0.62 0.563 0.506 0.453 0.406 0.366 0.331 0.301 0.275 0.252 0.232 0.215 0.2 0.186 0.175 0.164 0.155 0.146 0.138 0.132 0.126 0.116 0.103 0.09 0.079 0.07 0.061 0.054 0.047 0.042 0.036 0.032 0.028 0.024 0.021 0.019 0.015 0.011 0.008 
0.801 0.845 0.892 0.942 0.991 0.952 0.91 0.865 0.818 0.767 0.711 0.65 0.586 0.525 0.471 0.424 0.384 0.35 0.319 0.293 0.27 0.25 0.233 0.218 0.204 0.193 0.182 0.171 0.162 0.155 0.148 0.137 0.122 0.108 0.095 0.084 0.075 0.066 0.059 0.052 0.046 0.041 0.037 0.033 0.029 0.026 0.022 0.018 0.015 0.012 
0.764 0.808 0.855 0.903 0.952 1 0.957 0.912 0.862 0.806 0.743 0.674 0.607 0.546 0.492 0.446 0.405 0.371 0.341 0.314 0.291 0.271 0.254 0.239 0.225 0.213 0.2 0.189 0.18 0.173 0.16 0.143 0.127 0.113 0.101 0.09 0.08 0.072 0.064 0.058 0.052 0.047 0.042 0.038 0.035 0.03 0.026 0.022 0.019 0.015 
0.727 0.77 0.813 0.86 0.91 0.957 1 0.953 0.9 0.839 0.771 0.699 0.631 0.57 0.517 0.47 0.43 0.395 0.365 0.339 0.316 0.296 0.278 0.263 0.249 0.233 0.22 0.209 0.2 0.185 0.166 0.149 0.133 0.119 0.106 0.095 0.086 0.077 0.07 0.063 0.058 0.053 0.048 0.044 0.039 0.034 0.03 0.026 0.022 0.016 
0.688 0.726 0.769 0.816 0.865 0.912 0.953 0.989 0.934 0.87 0.799 0.728 0.66 0.599 0.545 0.499 0.458 0.424 0.393 0.367 0.344 0.324 0.307 0.29 0.27 0.254 0.241 0.23 0.214 0.192 0.173 0.155 0.139 0.125 0.113 0.102 0.092 0.084 0.076 0.07 0.064 0.059 0.054 0.049 0.044 0.039 0.035 0.03 0.023 0.017 
0.644 0.681 0.724 0.77 0.818 0.862 0.9 0.934 0.968 0.903 0.832 0.761 0.693 0.632 0.578 0.531 0.491 0.457 0.426 0.4 0.377 0.357 0.338 0.313 0.293 0.276 0.263 0.245 0.221 0.199 0.179 0.162 0.146 0.132 0.119 0.108 0.099 0.09 0.083 0.076 0.071 0.066 0.059 0.054 0.049 0.044 0.039 0.031 0.024 0.018 
0.6 0.638 0.678 0.724 0.767 0.806 0.839 0.87 0.903 0.94 0.869 0.798 0.73 0.669 0.615 0.569 0.529 0.494 0.464 0.438 0.415 0.392 0.361 0.336 0.316 0.3 0.279 0.253 0.228 0.206 0.186 0.169 0.153 0.139 0.127 0.116 0.106 0.098 0.09 0.084 0.078 0.071 0.065 0.059 0.054 0.049 0.04 0.033 0.026 0.019 
0.558 0.593 0.633 0.673 0.711 0.743 0.771 0.799 0.832 0.869 0.911 0.839 0.772 0.71 0.657 0.61 0.57 0.535 0.505 0.479 0.453 0.416 0.386 0.361 0.34 0.316 0.287 0.26 0.236 0.214 0.194 0.176 0.161 0.147 0.134 0.123 0.114 0.105 0.098 0.091 0.084 0.077 0.071 0.065 0.059 0.05 0.042 0.034 0.027 0.021 
0.515 0.55 0.585 0.62 0.65 0.674 0.699 0.728 0.761 0.798 0.839 0.883 0.815 0.754 0.7 0.654 0.614 0.579 0.549 0.519 0.477 0.441 0.41 0.385 0.357 0.325 0.295 0.268 0.244 0.222 0.202 0.184 0.169 0.155 0.142 0.131 0.122 0.113 0.106 0.098 0.09 0.083 0.077 0.071 0.061 0.052 0.044 0.036 0.029 0.022 
0.476 0.506 0.537 0.563 0.586 0.607 0.631 0.66 0.693 0.73 0.772 0.815 0.858 0.797 0.743 0.697 0.657 0.622 0.588 0.543 0.501 0.465 0.434 0.401 0.366 0.333 0.304 0.277 0.252 0.23 0.211 0.193 0.177 0.163 0.151 0.14 0.13 0.122 0.113 0.104 0.097 0.09 0.083 0.073 0.063 0.054 0.046 0.038 0.031 0.024 
0.437 0.464 0.486 0.506 0.525 0.546 0.57 0.599 0.632 0.669 0.71 0.754 0.797 0.836 0.783 0.736 0.696 0.658 0.611 0.566 0.524 0.487 0.45 0.41 0.374 0.342 0.312 0.286 0.261 0.239 0.219 0.202 0.186 0.172 0.16 0.149 0.139 0.129 0.12 0.111 0.104 0.096 0.085 0.075 0.065 0.057 0.048 0.04 0.033 0.027 
0.4 0.419 0.437 0.453 0.471 0.492 0.517 0.545 0.578 0.615 0.657 0.7 0.743 0.783 0.815 0.768 0.726 0.68 0.632 0.587 0.544 0.502 0.459 0.42 0.384 0.351 0.321 0.295 0.27 0.248 0.229 0.211 0.195 0.181 0.169 0.158 0.147 0.136 0.127 0.119 0.111 0.099 0.088 0.078 0.068 0.059 0.051 0.043 0.036 0.029 
0.361 0.377 0.391 0.406 0.424 0.446 0.47 0.499 0.531 0.569 0.61 0.654 0.697 0.736 0.768 0.79 0.745 0.698 0.651 0.605 0.559 0.512 0.469 0.429 0.393 0.36 0.331 0.304 0.28 0.258 0.238 0.22 0.204 0.19 0.178 0.166 0.154 0.144 0.135 0.126 0.114 0.102 0.091 0.081 0.071 0.062 0.054 0.046 0.039 0.032 
0.325 0.337 0.35 0.366 0.384 0.405 0.43 0.458 0.491 0.529 0.57 0.614 0.657 0.696 0.726 0.745 0.761 0.714 0.666 0.618 0.569 0.522 0.478 0.438 0.403 0.37 0.34 0.314 0.289 0.267 0.248 0.23 0.214 0.2 0.186 0.174 0.162 0.152 0.142 0.129 0.117 0.105 0.094 0.084 0.074 0.065 0.057 0.049 0.042 0.035 
0.29 0.302 0.316 0.331 0.35 0.371 0.395 0.424 0.457 0.494 0.535 0.579 0.622 0.658 0.68 0.698 0.714 0.726 0.678 0.628 0.578 0.531 0.488 0.448 0.412 0.38 0.35 0.323 0.299 0.277 0.257 0.24 0.224 0.208 0.195 0.182 0.171 0.16 0.146 0.133 0.121 0.109 0.098 0.088 0.078 0.069 0.061 0.053 0.046 0.039 
0.26 0.272 0.286 0.301 0.319 0.341 0.365 0.393 0.426 0.464 0.505 0.549 0.588 0.611 0.632 0.651 0.666 0.678 0.688 0.638 0.588 0.541 0.498 0.458 0.422 0.39 0.36 0.333 0.309 0.287 0.267 0.249 0.232 0.217 0.203 0.19 0.179 0.164 0.15 0.137 0.125 0.113 0.102 0.092 0.082 0.073 0.065 0.057 0.05 0.043 
0.234 0.246 0.259 0.275 0.293 0.314 0.339 0.367 0.4 0.438 0.479 0.519 0.543 0.566 0.587 0.605 0.618 0.628 0.638 0.648 0.598 0.551 0.508 0.468 0.432 0.4 0.37 0.343 0.319 0.297 0.277 0.258 0.241 0.226 0.212 0.199 0.183 0.169 0.155 0.142 0.129 0.118 0.107 0.096 0.087 0.078 0.069 0.061 0.054 0.048 
0.211 0.223 0.237 0.252 0.27 0.291 0.316 0.344 0.377 0.415 0.453 0.477 0.501 0.524 0.544 0.559 0.569 0.578 0.588 0.598 0.609 0.562 0.518 0.478 0.442 0.41 0.38 0.354 0.329 0.307 0.286 0.267 0.25 0.235 0.22 0.204 0.188 0.174 0.16 0.147 0.135 0.123 0.112 0.101 0.092 0.083 0.074 0.066 0.059 0.053 
0.191 0.203 0.217 0.232 0.25 0.271 0.296 0.324 0.357 0.392 0.416 0.441 0.465 0.487 0.502 0.512 0.522 0.531 0.541 0.551 0.562 0.572 0.529 0.489 0.453 0.42 0.391 0.364 0.34 0.317 0.296 0.277 0.259 0.244 0.226 0.21 0.194 0.18 0.166 0.153 0.14 0.129 0.118 0.107 0.097 0.088 0.08 0.072 0.064 0.058 
0.173 0.185 0.199 0.215 0.233 0.254 0.278 0.307 0.338 0.361 0.386 0.41 0.434 0.45 0.459 0.469 0.478 0.488 0.498 0.508 0.518 0.529 0.539 0.5 0.464 0.431 0.402 0.375 0.35 0.327 0.306 0.287 0.269 0.251 0.233 0.217 0.201 0.187 0.173 0.16 0.147 0.136 0.124 0.113 0.103 0.094 0.086 0.077 0.07 0.064 
0.158 0.17 0.184 0.2 0.218 0.239 0.263 0.29 0.313 0.336 0.361 0.385 0.401 0.41 0.42 0.429 0.438 0.448 0.458 0.468 0.478 0.489 0.5 0.512 0.476 0.443 0.414 0.386 0.361 0.338 0.317 0.298 0.278 0.259 0.242 0.226 0.21 0.195 0.181 0.168 0.156 0.144 0.131 0.12 0.11 0.101 0.092 0.084 0.076 0.07 
0.145 0.157 0.171 0.186 0.204 0.225 0.249 0.27 0.293 0.316 0.34 0.357 0.366 0.374 0.384 0.393 0.403 0.412 0.422 0.432 0.442 0.453 0.464 0.476 0.489 0.457 0.427 0.399 0.374 0.351 0.33 0.309 0.289 0.271 0.253 0.237 0.221 0.207 0.193 0.18 0.166 0.151 0.139 0.128 0.117 0.107 0.099 0.09 0.083 0.076 
0.133 0.145 0.159 0.175 0.193 0.213 0.233 0.254 0.276 0.3 0.316 0.325 0.333 0.342 0.351 0.36 0.37 0.38 0.39 0.4 0.41 0.42 0.431 0.443 0.457 0.474 0.444 0.416 0.391 0.368 0.345 0.324 0.305 0.286 0.269 0.252 0.237 0.222 0.208 0.193 0.175 0.16 0.148 0.136 0.125 0.115 0.106 0.097 0.09 0.083 
0.123 0.135 0.149 0.164 0.182 0.2 0.22 0.241 0.263 0.279 0.287 0.295 0.304 0.312 0.321 0.331 0.34 0.35 0.36 0.37 0.38 0.391 0.402 0.414 0.427 0.444 0.466 0.438 0.413 0.389 0.367 0.345 0.326 0.307 0.29 0.273 0.258 0.243 0.226 0.204 0.186 0.171 0.157 0.144 0.133 0.123 0.113 0.105 0.097 0.09 
0.114 0.126 0.139 0.155 0.171 0.189 0.209 0.23 0.245 0.253 0.26 0.268 0.277 0.286 0.295 0.304 0.314 0.323 0.333 0.343 0.354 0.364 0.375 0.386 0.399 0.416 0.438 0.467 0.441 0.417 0.394 0.373 0.354 0.335 0.318 0.301 0.286 0.266 0.239 0.217 0.199 0.182 0.167 0.154 0.142 0.131 0.121 0.113 0.105 0.098 
0.106 0.118 0.131 0.146 0.162 0.18 0.2 0.214 0.221 0.228 0.236 0.244 0.252 0.261 0.27 0.28 0.289 0.299 0.309 0.319 0.329 0.34 0.35 0.361 0.374 0.391 0.413 0.441 0.476 0.452 0.429 0.408 0.389 0.37 0.353 0.336 0.315 0.282 0.255 0.232 0.212 0.194 0.178 0.165 0.152 0.14 0.13 0.121 0.113 0.107 
0.099 0.111 0.124 0.138 0.155 0.173 0.185 0.192 0.199 0.206 0.214 0.222 0.23 0.239 0.248 0.258 0.267 0.277 0.287 0.297 0.307 0.317 0.327 0.338 0.351 0.368 0.389 0.417 0.452 0.492 0.47 0.449 0.429 0.41 0.393 0.371 0.334 0.301 0.274 0.249 0.226 0.208 0.193 0.175 0.161 0.149 0.139 0.13 0.122 0.115 
0.093 0.104 0.117 0.132 0.148 0.16 0.166 0.173 0.179 0.186 0.194 0.202 0.211 0.219 0.229 0.238 0.248 0.257 0.267 0.277 0.286 0.296 0.306 0.317 0.33 0.345 0.367 0.394 0.429 0.47 0.512 0.491 0.472 0.453 0.431 0.394 0.357 0.325 0.294 0.267 0.244 0.226 0.204 0.186 0.171 0.158 0.148 0.139 0.132 0.125 
0.087 0.098 0.111 0.126 0.137 0.143 0.149 0.155 0.162 0.169 0.176 0.184 0.193 0.202 0.211 0.22 0.23 0.24 0.249 0.258 0.267 0.277 0.287 0.298 0.309 0.324 0.345 0.373 0.408 0.449 0.491 0.532 0.512 0.491 0.458 0.421 0.385 0.349 0.317 0.289 0.267 0.24 0.216 0.196 0.18 0.168 0.158 0.149 0.141 0.134 
0.082 0.093 0.106 0.116 0.122 0.127 0.133 0.139 0.146 0.153 0.161 0.169 0.177 0.186 0.195 0.204 0.214 0.224 0.232 0.241 0.25 0.259 0.269 0.278 0.289 0.305 0.326 0.354 0.389 0.429 0.472 0.512 0.546 0.521 0.488 0.451 0.413 0.375 0.343 0.315 0.282 0.252 0.227 0.207 0.191 0.178 0.168 0.159 0.151 0.145 
0.077 0.089 0.097 0.103 0.108 0.113 0.119 0.125 0.132 0.139 0.147 0.155 0.163 0.172 0.181 0.19 0.2 0.208 0.217 0.226 0.235 0.244 0.251 0.259 0.271 0.286 0.307 0.335 0.37 0.41 0.453 0.491 0.521 0.551 0.518 0.48 0.441 0.403 0.371 0.332 0.296 0.265 0.238 0.217 0.201 0.189 0.179 0.17 0.162 0.153 
0.073 0.081 0.086 0.09 0.095 0.101 0.106 0.113 0.119 0.127 0.134 0.142 0.151 0.16 0.169 0.178 0.186 0.195 0.203 0.212 0.22 0.226 0.233 0.242 0.253 0.269 0.29 0.318 0.353 0.393 0.431 0.458 0.488 0.518 0.546 0.507 0.468 0.43 0.388 0.347 0.309 0.276 0.249 0.229 0.213 0.2 0.19 0.181 0.172 0.162 
0.067 0.071 0.075 0.079 0.084 0.09 0.095 0.102 0.108 0.116 0.123 0.131 0.14 0.149 0.158 0.166 0.174 0.182 0.19 0.199 0.204 0.21 0.217 0.226 0.237 0.252 0.273 0.301 0.336 0.371 0.394 0.421 0.451 0.48 0.507 0.53 0.49 0.447 0.403 0.36 0.321 0.288 0.261 0.24 0.224 0.212 0.202 0.191 0.181 0.169 
0.058 0.061 0.065 0.07 0.075 0.08 0.086 0.092 0.099 0.106 0.114 0.122 0.13 0.139 0.147 0.154 0.162 0.171 0.179 0.183 0.188 0.194 0.201 0.21 0.221 0.237 0.258 0.286 0.315 0.334 0.357 0.385 0.413 0.441 0.468 0.49 0.505 0.461 0.417 0.373 0.333 0.3 0.273 0.253 0.237 0.224 0.213 0.201 0.189 0.177 
0.049 0.053 0.057 0.061 0.066 0.072 0.077 0.084 0.09 0.098 0.105 0.113 0.122 0.129 0.136 0.144 0.152 0.16 0.164 0.169 0.174 0.18 0.187 0.195 0.207 0.222 0.243 0.266 0.282 0.301 0.325 0.349 0.375 0.403 0.43 0.447 0.461 0.475 0.429 0.385 0.346 0.313 0.286 0.266 0.25 0.236 0.223 0.21 0.198 0.187 
0.042 0.046 0.05 0.054 0.059 0.064 0.07 0.076 0.083 0.09 0.098 0.106 0.113 0.12 0.127 0.135 0.142 0.146 0.15 0.155 0.16 0.166 0.173 0.181 0.193 0.208 0.226 0.239 0.255 0.274 0.294 0.317 0.343 0.371 0.388 0.403 0.417 0.429 0.443 0.399 0.359 0.326 0.299 0.279 0.262 0.247 0.234 0.221 0.209 0.197 
0.035 0.039 0.043 0.047 0.052 0.058 0.063 0.07 0.076 0.084 0.091 0.098 0.104 0.111 0.119 0.126 0.129 0.133 0.137 0.142 0.147 0.153 0.16 0.168 0.18 0.193 0.204 0.217 0.232 0.249 0.267 0.289 0.315 0.332 0.347 0.36 0.373 0.385 0.399 0.412 0.373 0.339 0.313 0.292 0.274 0.259 0.245 0.232 0.22 0.208 
0.03 0.033 0.037 0.042 0.046 0.052 0.058 0.064 0.071 0.078 0.084 0.09 0.097 0.104 0.111 0.114 0.117 0.121 0.125 0.129 0.135 0.14 0.147 0.156 0.166 0.175 0.186 0.199 0.212 0.226 0.244 0.267 0.282 0.296 0.309 0.321 0.333 0.346 0.359 0.373 0.386 0.353 0.326 0.304 0.286 0.271 0.257 0.244 0.232 0.22 
0.024 0.028 0.032 0.036 0.041 0.047 0.053 0.059 0.066 0.071 0.077 0.083 0.09 0.096 0.099 0.102 0.105 0.109 0.113 0.118 0.123 0.129 0.136 0.144 0.151 0.16 0.171 0.182 0.194 0.208 0.226 0.24 0.252 0.265 0.276 0.288 0.3 0.313 0.326 0.339 0.353 0.366 0.339 0.317 0.299 0.284 0.27 0.257 0.245 0.234 
0.02 0.024 0.028 0.032 0.037 0.042 0.048 0.054 0.059 0.065 0.071 0.077 0.083 0.085 0.088 0.091 0.094 0.098 0.102 0.107 0.112 0.118 0.124 0.131 0.139 0.148 0.157 0.167 0.178 0.193 0.204 0.216 0.227 0.238 0.249 0.261 0.273 0.286 0.299 0.313 0.326 0.339 0.353 0.331 0.313 0.298 0.284 0.271 0.259 0.247 
0.016 0.02 0.024 0.028 0.033 0.038 0.044 0.049 0.054 0.059 0.065 0.071 0.073 0.075 0.078 0.081 0.084 0.088 0.092 0.096 0.101 0.107 0.113 0.12 0.128 0.136 0.144 0.154 0.165 0.175 0.186 0.196 0.207 0.217 0.229 0.24 0.253 0.266 0.279 0.292 0.304 0.317 0.331 0.346 0.328 0.313 0.299 0.286 0.274 0.262 
0.012 0.016 0.02 0.024 0.029 0.035 0.039 0.044 0.049 0.054 0.059 0.061 0.063 0.065 0.068 0.071 0.074 0.078 0.082 0.087 0.092 0.097 0.103 0.11 0.117 0.125 0.133 0.142 0.152 0.161 0.171 0.18 0.191 0.201 0.213 0.224 0.237 0.25 0.262 0.274 0.286 0.299 0.313 0.328 0.344 0.328 0.315 0.302 0.29 0.278 
0.009 0.013 0.017 0.021 0.026 0.03 0.034 0.039 0.044 0.049 0.05 0.052 0.054 0.057 0.059 0.062 0.065 0.069 0.073 0.078 0.083 0.088 0.094 0.101 0.107 0.115 0.123 0.131 0.14 0.149 0.158 0.168 0.178 0.189 0.2 0.212 0.224 0.236 0.247 0.259 0.271 0.284 0.298 0.313 0.328 0.346 0.332 0.319 0.307 0.295 
0.007 0.01 0.014 0.019 0.022 0.026 0.03 0.035 0.039 0.04 0.042 0.044 0.046 0.048 0.051 0.054 0.057 0.061 0.065 0.069 0.074 0.08 0.086 0.092 0.099 0.106 0.113 0.121 0.13 0.139 0.148 0.158 0.168 0.179 0.19 0.202 0.213 0.223 0.234 0.245 0.257 0.27 0.284 0.299 0.315 0.332 0.352 0.339 0.327 0.315 
0.004 0.008 0.012 0.015 0.018 0.022 0.026 0.03 0.031 0.033 0.034 0.036 0.038 0.04 0.043 0.046 0.049 0.053 0.057 0.061 0.066 0.072 0.077 0.084 0.09 0.097 0.105 0.113 0.121 0.13 0.139 0.149 0.159 0.17 0.181 0.191 0.201 0.21 0.221 0.232 0.244 0.257 0.271 0.286 0.302 0.319 0.339 0.363 0.351 0.339 
0.002 0.006 0.008 0.011 0.015 0.019 0.022 0.023 0.024 0.026 0.027 0.029 0.031 0.033 0.036 0.039 0.042 0.046 0.05 0.054 0.059 0.064 0.07 0.076 0.083 0.09 0.097 0.105 0.113 0.122 0.132 0.141 0.151 0.162 0.172 0.181 0.189 0.198 0.209 0.22 0.232 0.245 0.259 0.274 0.29 0.307 0.327 0.351 0.38 0.368 
0 0.003 0.005 0.008 0.012 0.015 0.016 0.017 0.018 0.019 0.021 0.022 0.024 0.027 0.029 0.032 0.035 0.039 0.043 0.048 0.053 0.058 0.064 0.07 0.076 0.083 0.09 0.098 0.107 0.115 0.125 0.134 0.145 0.153 0.162 0.169 0.177 0.187 0.197 0.208 0.22 0.234 0.247 0.262 0.278 0.295 0.315 0.339 0.368 0.403 

Best permutations: 
