=======================================================
Objective function:  Gar12
Matrix:  R50.csv
Iterations:  100
Heuristic for search:  RobSA3
Improvement function # 0
Window width for improvement:  0
Heuristic for improvement:  RobSA3
Seed:  33
=======================================================

Best permutations: 
48 45 44 43 42 41 39 38 34 32 31 25 24 21 20 19 7 0 1 2 3 4 5 6 8 9 10 11 12 13 14 15 16 17 18 22 23 26 27 28 29 30 33 35 36 37 40 46 47 49 
47 45 42 40 39 35 34 33 32 29 28 27 26 25 24 22 21 17 12 10 9 8 7 6 0 1 2 3 4 5 11 14 13 15 16 18 19 20 23 30 31 36 37 38 41 43 44 46 48 49 
49 40 37 36 35 34 33 32 30 25 22 20 17 11 10 8 1 0 2 3 4 5 6 7 9 12 13 14 15 16 18 19 21 23 24 26 27 28 29 31 38 39 41 42 43 44 45 46 47 48 
49 48 47 42 38 36 34 33 32 31 26 25 24 20 18 15 12 10 2 1 0 3 4 5 6 7 8 9 11 13 14 16 17 19 21 22 23 27 28 29 30 35 37 39 40 41 43 44 45 46 
2 4 5 7 8 10 12 13 14 15 24 25 26 27 28 30 33 34 35 36 38 39 40 41 42 47 48 49 46 45 44 43 37 32 31 29 23 22 21 20 19 18 17 16 11 9 6 3 1 0 
49 48 47 45 41 40 38 30 27 26 24 23 22 20 19 17 16 14 0 1 2 3 4 5 6 7 8 9 10 11 12 13 15 18 21 25 28 29 31 32 33 34 35 36 37 39 42 43 44 46 
49 48 41 38 35 32 30 29 28 26 24 23 20 11 9 7 6 5 4 3 2 1 0 8 10 12 13 14 15 16 17 18 19 21 22 25 27 31 33 34 36 37 39 40 42 43 44 45 46 47 
48 47 45 42 38 37 36 35 33 31 30 25 23 21 18 16 13 12 10 9 7 6 5 4 3 2 0 1 8 11 14 15 17 19 20 22 24 26 27 28 29 32 34 39 40 41 43 44 46 49 
48 47 37 35 32 31 30 28 27 25 24 23 21 20 19 17 15 14 11 1 0 2 3 4 5 6 7 8 9 10 13 16 18 22 26 29 33 34 36 38 39 40 42 41 43 44 45 46 49 12 
49 48 41 40 39 37 36 35 30 27 26 25 24 21 19 16 15 13 12 11 10 9 8 7 6 5 4 3 2 0 1 14 17 18 20 22 23 28 29 31 32 33 34 38 42 43 44 45 46 47 
47 45 41 36 20 18 17 12 0 1 2 3 4 5 6 7 8 9 10 11 13 14 15 16 19 21 22 23 24 25 26 27 28 29 30 31 32 33 34 35 37 38 39 40 42 43 44 46 48 49 
0 2 3 12 13 16 17 18 20 21 23 24 48 49 43 44 42 41 40 39 38 37 35 34 32 28 25 22 9 1 4 5 6 7 8 10 11 14 15 19 26 27 29 30 31 33 36 45 46 47 
48 45 44 40 39 37 36 31 30 28 26 25 24 23 22 21 19 17 4 3 2 1 0 5 6 7 8 9 10 11 12 13 14 15 16 18 20 27 29 32 33 34 35 38 41 42 43 46 47 49 
49 45 44 41 36 35 31 30 29 27 26 18 16 15 14 13 12 11 10 9 8 7 6 5 4 0 1 2 3 17 19 20 21 22 23 24 25 28 32 33 34 37 38 39 40 42 43 46 47 48 
47 36 33 32 30 19 18 15 13 2 3 4 5 6 7 8 9 10 11 20 23 25 26 27 29 31 34 35 37 38 39 40 41 42 43 44 45 46 48 49 28 24 22 21 17 16 14 12 1 0 
49 48 47 46 44 38 37 31 30 28 26 25 24 22 17 16 13 12 8 0 1 2 3 4 5 6 7 9 10 11 14 15 18 19 20 21 23 27 29 32 33 34 35 36 39 40 41 42 43 45 
46 45 44 43 39 38 36 33 29 28 27 25 22 21 18 16 15 14 12 11 9 8 7 5 4 3 2 1 0 6 10 13 17 19 20 23 24 26 30 31 32 34 35 37 40 41 42 47 48 49 
48 46 45 41 40 37 36 35 33 30 27 26 20 19 18 17 16 15 13 12 11 10 9 8 7 6 5 4 3 2 1 0 14 21 22 23 24 25 28 29 31 32 34 38 39 42 43 44 47 49 
48 47 40 39 38 36 34 31 30 27 23 20 19 16 13 12 10 9 8 7 6 5 4 3 2 1 0 11 14 15 17 18 21 22 24 25 26 28 29 32 33 35 37 41 42 43 44 45 46 49 
0 1 2 3 4 5 7 8 9 10 12 13 15 17 18 19 20 21 22 23 25 27 28 29 30 33 34 35 36 37 38 39 40 41 42 43 44 45 46 49 48 47 32 31 26 24 16 14 11 6 
46 45 43 38 36 34 31 30 29 28 27 25 19 18 17 13 11 10 0 1 2 3 4 5 6 7 8 9 12 14 15 16 20 21 22 23 24 26 32 33 35 37 39 40 41 42 44 47 48 49 
49 47 46 45 43 38 32 31 30 29 26 25 24 23 22 19 14 0 1 2 3 4 5 6 7 8 9 10 11 12 13 15 16 17 18 20 21 27 28 33 34 35 36 37 39 40 41 42 44 48 
42 38 37 32 31 26 24 1 3 5 6 7 8 9 11 12 13 14 15 16 17 20 21 23 27 28 30 35 49 48 47 46 45 44 43 41 40 39 36 34 33 29 25 22 19 18 10 4 2 0 
43 41 37 35 32 29 27 26 25 23 18 17 16 15 14 13 11 10 9 8 7 6 5 4 3 2 1 0 12 19 20 21 22 24 28 30 31 33 34 36 38 39 40 42 44 45 46 47 48 49 
47 43 36 34 33 31 29 26 24 22 21 19 16 14 13 12 10 0 1 2 3 4 5 6 7 8 9 11 17 15 18 20 23 25 27 28 30 32 35 37 38 39 40 41 42 44 45 46 48 49 
0 1 3 7 9 10 11 15 17 18 20 21 25 26 27 30 32 33 35 36 37 38 39 40 41 42 43 44 45 46 47 48 49 34 31 29 28 24 23 22 19 16 14 13 12 8 6 5 4 2 
48 46 43 42 41 39 37 36 35 29 28 26 25 24 23 18 13 0 1 2 4 3 5 6 7 9 8 10 11 12 14 15 16 17 19 20 21 22 27 30 31 32 33 34 38 40 44 45 47 49 
49 45 41 36 35 34 32 31 30 29 28 26 24 22 19 17 0 1 2 3 4 5 6 7 8 9 10 11 12 13 14 15 16 18 20 21 23 25 27 33 37 38 39 40 42 43 44 46 47 48 
44 40 37 34 33 32 30 29 28 25 22 23 21 20 18 17 16 13 12 10 9 8 7 6 5 4 3 2 1 0 14 15 19 24 26 27 31 35 36 38 39 41 42 43 45 46 47 48 49 11 
0 1 2 3 4 5 6 7 8 9 10 11 12 13 14 15 16 17 18 19 20 21 22 23 24 25 26 27 28 29 30 31 32 33 34 35 36 37 38 39 40 41 42 43 44 45 46 47 48 49 
49 48 46 45 41 35 29 26 24 23 18 17 16 15 14 13 12 11 10 9 8 7 6 5 4 3 0 1 2 19 20 21 22 25 27 28 30 31 32 33 34 36 37 38 39 40 42 43 44 47 
49 47 46 45 39 35 34 33 29 28 27 26 20 19 18 17 15 11 10 9 8 7 6 0 1 2 3 4 5 12 13 14 16 21 22 23 24 25 30 31 32 36 37 38 40 41 42 43 44 48 
0 1 2 3 4 5 6 7 8 9 10 11 12 13 14 15 17 18 19 20 21 22 23 24 25 26 27 28 29 30 31 32 33 34 35 36 37 38 39 40 41 42 43 44 45 46 47 48 49 16 
0 1 2 3 5 6 7 8 15 18 21 22 23 24 27 28 49 48 47 46 45 44 43 42 41 40 39 38 37 36 35 34 33 32 31 30 29 26 25 20 17 19 16 14 13 12 11 10 9 4 
48 46 44 41 38 37 32 31 28 25 21 19 14 13 12 10 9 8 7 0 1 2 3 4 5 6 11 15 16 17 18 20 22 23 24 26 27 29 30 33 34 35 36 39 40 42 43 45 47 49 
48 45 44 43 42 40 39 37 36 34 31 26 25 23 16 13 8 7 6 5 4 3 0 1 2 9 10 11 12 14 15 17 18 19 20 21 22 24 27 28 29 30 32 33 35 38 41 46 47 49 
46 45 37 36 34 32 30 27 26 24 20 18 16 14 8 6 5 4 3 2 1 0 7 9 10 11 12 13 15 17 19 21 22 23 25 28 29 31 33 35 38 39 40 41 42 43 44 47 48 49 
49 48 46 41 40 39 38 37 33 30 23 16 10 9 0 1 2 3 4 5 6 7 8 11 12 13 14 15 17 18 19 20 21 22 24 25 26 27 28 29 31 32 34 35 36 42 43 44 45 47 
41 39 36 32 28 25 17 0 1 2 4 5 8 9 10 12 13 14 15 18 19 20 22 23 27 29 30 31 33 34 35 37 38 40 42 43 44 47 48 49 46 45 26 24 21 16 11 7 6 3 
48 47 46 45 44 43 32 31 30 29 26 24 23 21 20 19 18 17 10 4 3 2 1 0 5 6 7 8 9 11 12 13 14 15 16 22 25 27 28 33 34 35 36 37 38 39 40 41 42 49 
49 46 41 40 38 35 34 33 31 29 25 24 23 22 20 17 16 14 13 10 0 1 2 3 4 5 6 7 8 9 11 12 15 18 19 21 26 27 28 30 32 36 37 39 42 43 44 45 47 48 
48 44 42 39 38 37 36 34 32 31 26 20 19 16 15 13 12 11 10 9 8 7 5 6 4 3 2 1 0 14 17 18 21 22 23 24 25 27 28 29 30 33 35 40 41 43 45 46 47 49 
48 46 32 27 25 22 21 17 16 14 13 12 8 0 1 2 3 4 5 6 7 23 24 26 28 29 30 31 33 34 35 36 37 38 39 40 41 42 43 44 45 47 49 20 19 18 15 11 10 9 
49 48 46 45 43 40 38 37 36 32 28 25 20 19 12 9 0 1 2 3 4 5 6 7 8 10 11 13 14 15 16 17 18 21 22 23 24 26 27 29 30 31 33 34 35 39 41 42 44 47 
0 2 3 4 5 6 7 8 11 12 16 19 21 24 26 29 30 31 36 34 37 38 40 41 42 45 48 49 47 46 44 43 39 35 33 32 28 27 25 23 22 20 18 17 15 14 13 10 9 1 
49 48 43 41 39 38 33 32 31 26 25 24 21 20 18 16 14 13 11 0 1 2 3 4 5 6 7 8 9 10 12 15 17 19 22 23 27 28 29 30 34 35 36 37 40 42 44 45 46 47 
44 38 34 33 31 30 29 28 27 24 23 22 20 17 16 15 14 13 12 11 10 9 8 7 6 5 4 3 2 1 0 18 19 21 25 26 32 35 36 37 39 40 41 42 43 45 46 47 48 49 
38 33 30 29 25 21 18 14 0 1 2 3 4 5 6 7 8 9 10 11 13 15 16 17 19 20 22 24 27 28 31 32 34 35 36 37 39 40 41 42 43 44 45 46 47 48 49 26 23 12 
49 48 46 35 34 32 29 27 26 25 22 20 17 14 12 11 10 9 8 7 6 5 0 1 2 3 4 13 15 16 18 19 21 23 24 28 30 31 33 36 37 38 39 40 41 42 43 44 45 47 
49 47 46 43 36 34 33 31 30 29 28 26 25 23 21 20 17 14 13 11 9 8 7 6 5 4 3 2 1 0 10 12 15 16 18 19 22 24 27 32 35 37 38 39 40 41 42 44 45 48 
45 43 42 39 34 33 32 31 28 27 25 24 21 16 12 10 9 0 1 2 3 4 5 6 7 8 11 13 14 15 17 18 19 20 22 23 26 29 30 35 36 37 38 40 41 44 46 47 48 49 
49 47 45 43 39 36 35 34 33 31 26 25 23 21 19 17 16 15 8 5 4 3 2 1 0 6 7 9 10 11 13 12 14 18 20 22 24 27 28 29 30 32 37 38 40 41 42 44 46 48 
47 45 44 43 41 36 35 32 31 30 29 22 21 20 13 12 11 0 1 2 3 4 5 6 7 8 9 10 14 15 16 17 18 19 23 24 25 26 27 28 33 34 37 38 39 40 42 46 48 49 
0 1 2 3 4 5 6 7 8 10 13 16 17 18 20 21 22 23 24 27 28 29 30 31 32 33 34 35 36 37 38 39 40 41 42 43 44 45 46 47 48 49 26 25 19 15 14 12 11 9 
1 2 6 7 9 11 12 13 14 15 16 18 19 24 26 28 29 32 35 36 37 38 39 40 41 42 43 44 45 46 49 48 47 34 33 31 30 27 25 23 22 21 20 17 10 8 5 4 3 0 
1 5 6 7 9 10 11 12 13 14 15 16 17 19 20 22 24 25 27 30 31 32 34 35 38 48 49 47 46 45 44 43 42 41 40 39 37 36 33 29 28 26 23 21 18 8 4 3 2 0 
0 1 2 3 5 6 7 8 9 10 12 13 14 18 19 20 21 22 23 25 26 27 29 30 33 34 35 36 37 38 39 40 41 42 43 44 45 46 48 49 47 32 31 28 24 17 16 15 11 4 
47 44 43 40 39 37 31 29 28 27 20 19 12 16 10 9 8 6 5 0 1 2 3 4 7 11 13 14 15 17 18 21 22 23 24 25 26 30 32 33 34 35 36 38 41 42 45 46 48 49 
47 44 43 41 38 37 34 29 27 26 24 23 21 20 19 18 17 0 1 2 3 4 5 6 7 8 9 10 11 12 13 14 15 16 22 25 28 30 31 32 33 35 36 39 40 42 45 46 48 49 
49 47 45 40 39 38 36 34 33 28 21 20 18 15 12 9 8 7 6 5 4 3 0 1 2 10 11 13 14 16 17 19 22 23 24 25 26 27 29 30 31 32 35 37 41 42 43 44 46 48 
0 1 2 3 4 5 7 8 9 10 11 12 14 16 17 18 19 20 23 24 25 26 27 28 30 31 33 35 36 37 38 39 40 41 42 43 44 45 46 47 48 49 34 32 29 22 21 15 13 6 
45 44 36 34 32 26 24 23 22 20 18 17 15 14 9 0 1 2 3 4 5 6 7 8 10 11 12 13 16 19 21 25 27 28 29 30 31 33 35 37 38 39 40 41 42 43 46 47 48 49 
42 41 38 35 32 31 30 23 21 14 13 11 9 8 7 6 5 4 3 2 1 0 10 12 15 17 19 20 25 26 27 28 29 33 34 36 37 39 40 43 44 45 46 47 48 49 24 22 18 16 
0 3 4 5 6 8 9 10 13 16 20 21 22 24 25 26 32 49 48 47 46 45 44 43 42 41 40 39 38 37 36 35 34 33 31 30 29 28 27 23 19 18 17 15 14 12 11 7 2 1 
3 4 5 6 9 11 12 15 17 19 20 22 23 24 26 32 33 34 36 38 39 40 41 42 43 44 45 46 49 48 47 37 35 31 30 29 28 27 25 21 18 16 14 13 10 8 7 2 1 0 
1 2 3 5 7 8 10 11 12 13 14 15 22 23 24 25 26 32 35 36 45 46 47 49 48 44 43 42 41 40 39 38 37 34 33 31 30 29 28 27 21 20 19 18 17 16 9 6 4 0 
0 1 2 3 4 5 7 8 10 11 15 16 18 25 27 28 29 32 33 35 38 39 40 42 43 44 45 46 47 48 49 41 37 36 34 31 30 26 24 23 22 21 20 19 17 14 13 12 9 6 
38 37 33 31 29 25 24 19 2 3 5 6 7 8 9 10 11 12 13 16 17 18 22 23 26 27 32 34 35 36 39 40 41 42 43 44 45 46 47 48 49 30 28 21 20 15 14 4 1 0 
2 4 5 6 7 8 9 10 14 16 18 20 23 24 25 26 27 28 30 31 32 33 35 36 37 38 39 40 41 42 43 44 48 49 47 46 45 34 29 22 21 19 17 15 13 12 11 3 1 0 
49 45 44 42 39 34 33 30 27 26 25 22 20 19 18 17 16 15 14 13 12 11 10 9 7 6 5 4 2 1 0 8 21 23 24 28 29 31 32 35 36 37 38 40 41 43 46 47 48 3 
47 44 38 34 33 28 26 25 24 23 20 19 18 16 15 13 12 11 10 0 1 2 3 4 6 7 8 9 21 22 29 30 31 32 35 36 37 39 40 41 42 43 45 46 48 49 27 17 14 5 
47 46 45 44 41 39 37 36 33 27 24 23 22 9 8 7 6 5 4 3 2 1 0 10 11 12 13 14 15 16 17 18 19 20 21 25 26 28 29 30 31 32 34 35 38 40 42 43 48 49 
46 42 40 37 36 35 33 32 30 29 26 24 22 21 17 15 14 12 11 10 0 1 2 3 4 5 6 7 8 9 13 16 18 19 20 23 25 27 28 31 34 38 39 41 43 44 45 47 48 49 
49 47 46 45 37 31 29 28 27 26 21 19 18 17 16 15 14 3 0 1 2 4 5 6 7 8 9 10 11 12 13 20 22 23 24 25 30 32 33 34 35 36 38 39 40 41 42 43 44 48 
48 47 44 43 42 39 37 33 32 31 29 25 22 20 17 16 14 13 11 10 9 8 7 0 1 2 3 4 5 6 12 15 18 19 21 23 24 26 27 28 30 34 35 36 38 40 41 45 46 49 
0 1 2 3 4 5 6 7 8 9 11 13 14 15 17 19 20 22 24 25 26 30 31 32 33 34 35 36 37 38 39 40 41 42 43 44 45 46 47 48 49 29 28 27 23 21 18 16 12 10 
42 41 34 33 30 28 19 0 1 2 3 4 5 7 9 11 12 13 14 15 18 21 22 36 45 46 47 49 48 44 43 40 39 38 37 35 32 31 29 27 26 25 24 23 20 17 16 10 8 6 
48 47 42 41 40 38 36 33 29 28 24 23 22 20 18 15 13 12 6 0 1 2 3 4 5 7 8 9 10 11 14 16 17 19 21 25 26 27 30 31 32 34 35 37 39 43 44 45 46 49 
46 45 42 40 39 38 36 35 33 31 29 28 25 23 22 20 19 18 17 12 9 8 7 6 5 4 3 1 2 0 10 11 13 14 15 16 21 24 26 27 30 32 34 37 41 43 44 47 48 49 
48 42 41 36 35 31 30 26 24 20 18 15 13 1 0 2 3 4 5 6 7 8 9 10 11 12 14 16 17 19 21 22 23 25 27 28 29 32 33 34 37 38 39 40 43 44 45 46 47 49 
46 42 35 32 31 30 28 27 23 17 0 1 2 3 4 5 6 7 8 9 10 11 12 13 14 15 16 18 19 20 21 22 24 25 26 29 33 34 36 37 38 39 40 41 43 44 45 47 48 49 
43 42 35 30 29 26 25 24 0 1 2 3 4 5 6 7 8 9 10 11 12 13 14 15 16 17 18 19 20 21 22 23 27 28 31 32 33 34 36 37 38 39 40 41 44 45 46 47 48 49 
42 37 33 30 26 23 1 3 4 5 6 7 8 11 12 13 14 15 19 20 22 25 28 29 31 32 34 35 36 38 39 40 41 43 44 45 46 47 49 48 27 24 21 18 17 16 10 9 2 0 
45 43 38 35 31 29 28 27 25 21 20 16 11 10 8 7 6 5 4 3 2 1 0 9 12 13 14 15 17 18 19 22 23 24 26 30 32 33 34 36 37 39 40 41 42 44 46 47 48 49 
49 48 47 43 37 33 32 31 30 27 23 22 20 19 15 14 10 9 8 7 6 5 4 3 2 1 0 11 12 13 16 17 18 21 24 25 26 28 29 34 35 36 38 39 40 41 42 44 45 46 
0 1 3 4 5 7 8 9 11 12 14 15 16 18 19 23 24 27 28 29 32 34 35 36 37 38 39 40 41 42 43 44 45 46 47 48 49 33 31 30 26 25 22 21 20 17 13 10 6 2 
48 40 39 38 36 32 29 28 27 26 25 20 16 15 14 13 11 10 8 1 0 2 3 4 5 6 7 9 12 18 17 19 21 22 23 24 30 31 33 34 35 37 41 42 43 44 45 46 47 49 
41 37 36 34 32 31 30 29 28 26 25 19 8 7 0 1 2 3 4 5 9 10 11 13 16 17 18 22 27 33 35 38 47 48 49 46 45 44 43 42 40 39 24 23 21 20 15 14 12 6 
47 45 44 43 39 38 36 30 28 27 26 25 24 22 21 19 18 15 14 13 9 8 7 0 1 2 3 4 5 6 10 11 12 16 17 20 23 29 31 32 33 34 35 37 40 41 42 46 48 49 
49 47 44 39 36 33 32 25 24 23 22 19 14 11 10 9 8 7 6 4 0 1 2 3 5 12 13 15 16 17 18 20 21 26 27 28 29 30 31 34 35 37 38 40 41 42 43 45 46 48 
47 46 40 39 38 37 34 28 27 26 25 21 20 18 16 11 9 7 5 4 3 2 1 0 6 8 10 12 13 14 15 17 19 22 23 24 29 30 31 32 33 35 36 41 42 43 44 45 48 49 
0 4 6 7 9 10 11 13 15 16 21 22 23 26 27 29 30 31 32 33 34 35 36 37 38 39 40 41 42 43 44 45 46 47 49 48 28 25 24 20 19 18 17 14 12 8 5 3 2 1 
47 43 42 40 37 33 31 30 27 26 24 22 19 18 17 16 15 13 12 11 9 8 7 6 5 4 3 0 1 2 10 14 20 21 23 25 28 29 32 34 35 36 38 39 41 44 45 46 48 49 
0 1 2 3 4 5 6 7 9 10 11 12 13 14 15 18 19 20 24 25 27 28 30 31 32 34 35 36 37 38 39 40 41 42 43 44 45 46 47 48 49 33 29 26 23 22 21 17 16 8 
48 46 44 41 37 36 33 32 30 28 23 15 14 13 12 11 10 9 8 7 6 5 3 4 2 1 0 16 17 18 19 20 21 22 24 25 26 27 29 31 34 35 38 39 40 42 43 45 47 49 
42 37 35 31 26 17 0 1 2 3 4 5 6 7 8 9 10 11 12 13 14 15 16 18 19 20 21 22 23 24 25 27 28 29 30 32 33 34 36 38 39 40 41 43 44 45 46 47 48 49 
1 2 3 4 5 8 12 14 19 20 22 24 25 26 27 28 30 36 49 48 47 46 45 44 43 42 41 40 39 38 37 35 34 33 32 31 29 23 21 18 17 16 15 13 11 10 9 7 6 0 
49 48 47 46 43 37 33 29 28 27 26 23 21 18 14 10 9 4 3 2 0 1 5 6 7 8 11 12 13 15 16 17 19 20 22 24 25 30 31 32 34 35 36 38 39 40 41 42 44 45 
47 46 45 42 41 40 33 28 27 26 25 24 20 19 16 15 0 1 2 3 4 5 6 7 8 9 10 11 12 13 14 17 18 21 22 23 29 30 31 32 34 35 36 37 38 39 43 44 48 49 
0 1 3 4 5 7 10 12 16 17 18 20 21 28 29 30 34 37 47 49 48 46 45 44 43 42 41 40 39 38 36 35 33 32 31 27 26 25 24 23 22 19 15 14 13 11 9 8 6 2 

Rank matrix
17 0 0 0 0 0 1 2 3 0 1 0 0 1 3 1 3 8 3 6 7 2 7 5 2 1 5 2 2 4 2 1 0 0 0 0 0 0 0 0 0 0 0 0 0 0 0 0 0 11 
4 13 0 0 0 0 1 2 2 3 0 1 0 1 1 2 2 3 7 6 8 8 2 4 3 4 2 5 3 3 2 0 0 0 0 0 0 0 0 0 0 0 0 0 0 0 0 0 5 3 
2 5 10 0 0 0 0 0 2 3 3 0 1 0 0 2 2 1 5 10 7 10 4 0 6 5 3 3 5 2 0 0 0 0 0 0 0 0 0 0 0 0 0 0 0 0 0 1 5 3 
1 1 7 10 0 0 0 1 1 2 2 3 0 1 0 0 2 3 4 8 8 7 9 5 2 4 7 3 2 0 0 0 0 0 0 0 0 0 0 0 0 0 0 0 0 0 0 4 1 2 
0 4 1 4 8 0 0 0 1 0 2 2 3 0 1 0 0 5 6 4 8 7 5 11 6 4 3 5 1 0 1 0 0 0 0 0 0 0 0 0 0 0 0 0 0 0 1 3 2 2 
0 1 3 2 6 8 0 0 0 2 1 2 2 3 0 1 2 3 4 5 1 8 12 7 12 4 2 0 3 1 0 1 0 0 0 0 0 0 0 0 0 0 0 0 0 0 2 1 0 1 
0 0 3 2 1 3 5 0 0 0 2 1 1 1 3 2 4 1 4 2 5 3 7 15 8 9 2 0 0 3 0 0 1 0 0 0 0 0 0 0 0 0 0 0 0 0 2 1 4 5 
0 0 0 5 2 2 6 5 0 0 0 2 1 3 2 6 1 5 1 4 4 5 10 6 11 6 6 2 0 0 0 0 0 1 0 0 0 0 0 0 0 0 0 0 0 0 1 3 0 0 
0 0 0 0 1 4 1 6 4 0 0 0 5 2 4 2 7 1 8 1 4 9 3 3 4 8 7 3 3 0 0 1 0 0 1 0 0 0 0 0 0 0 0 0 0 5 0 1 1 1 
0 0 0 0 5 0 2 1 4 3 0 0 1 4 4 5 5 7 1 6 9 2 2 3 1 5 5 9 4 2 0 0 0 0 0 0 0 0 0 0 0 0 0 0 0 1 3 1 3 2 
0 0 0 0 0 4 2 2 1 5 2 0 1 1 4 4 6 5 10 5 3 2 2 2 3 2 5 5 5 2 5 0 0 0 0 1 0 0 0 0 0 0 0 0 2 1 2 4 1 1 
0 0 0 0 0 2 3 1 2 1 3 3 1 4 1 4 5 6 5 8 1 2 1 1 2 3 5 7 5 7 2 2 0 0 0 0 1 0 0 0 0 0 0 0 2 1 4 1 3 1 
0 0 0 1 0 0 4 3 1 2 2 3 3 0 7 5 6 5 7 2 2 0 1 1 2 5 2 2 8 5 5 3 1 0 0 0 0 0 0 0 0 0 0 0 2 3 0 3 2 2 
0 0 0 0 1 0 0 3 3 1 3 3 2 4 3 9 6 7 4 3 2 1 0 2 0 2 5 6 2 5 7 4 2 0 0 0 0 0 0 0 0 0 0 3 3 0 3 0 1 0 
0 0 0 0 0 0 0 2 3 3 2 0 6 5 7 1 7 7 3 0 1 1 1 0 1 0 3 4 5 4 9 5 4 1 0 0 0 1 0 0 0 0 2 3 1 2 3 2 1 0 
0 0 0 0 0 0 0 3 2 2 2 4 2 6 4 8 5 5 2 1 0 2 1 1 1 1 0 4 6 6 3 9 4 3 1 0 0 0 1 0 0 0 2 2 1 2 2 2 0 0 
0 0 0 0 0 1 0 0 2 3 2 5 7 6 5 7 7 0 0 2 0 0 2 1 2 0 1 2 3 5 4 5 5 3 3 1 0 0 0 0 0 3 1 1 0 4 3 1 1 2 
0 0 0 0 0 1 3 1 2 2 0 3 4 3 7 9 3 4 1 0 2 0 0 1 0 3 0 0 5 5 7 7 6 3 1 0 0 0 0 0 2 0 4 2 4 3 0 2 0 0 
0 0 0 0 0 1 2 1 0 2 6 3 4 7 10 4 2 2 1 1 1 1 0 1 0 0 2 1 0 4 6 6 9 5 3 2 0 0 0 1 1 3 1 2 1 2 1 0 1 0 
0 0 0 0 0 1 1 1 1 1 0 8 5 7 8 6 4 0 2 1 1 0 0 0 3 0 1 1 1 4 5 4 7 10 2 1 1 0 0 1 4 3 1 1 3 0 0 0 0 0 
0 0 0 0 1 0 0 0 1 3 7 8 9 9 5 3 2 2 0 3 1 2 0 0 0 2 0 1 1 1 2 7 2 3 8 3 1 1 0 3 0 2 2 1 3 1 0 0 0 0 
0 0 0 0 0 1 1 0 1 2 6 3 9 7 2 2 2 1 0 0 1 2 1 0 0 1 1 0 1 1 3 4 10 9 5 4 3 0 2 1 2 2 1 4 2 1 2 0 0 0 
0 0 0 0 0 1 0 0 1 1 5 8 8 4 3 2 1 2 1 0 1 1 4 0 0 0 2 3 0 1 1 3 7 8 10 6 2 2 0 2 4 0 2 1 0 2 0 1 0 0 
0 0 0 0 0 1 0 2 1 4 6 8 8 6 1 1 0 1 2 1 1 1 1 4 0 0 0 1 1 0 0 1 3 8 6 10 7 1 2 5 0 0 1 2 2 0 0 0 1 0 
0 0 0 0 0 0 3 1 5 2 8 8 8 7 2 0 2 0 3 1 0 0 1 1 1 0 0 1 1 1 0 0 1 3 11 6 8 4 3 0 0 2 2 1 1 1 1 0 0 0 
0 0 0 0 2 2 1 2 2 5 8 14 6 2 2 1 0 1 0 3 2 2 0 0 1 1 1 0 1 1 1 1 0 4 2 13 6 5 4 0 0 2 1 1 0 0 0 0 0 0 
0 0 0 0 2 3 1 4 2 11 12 6 2 3 3 2 1 0 0 0 2 1 1 1 1 1 1 0 0 1 1 0 0 1 4 3 11 9 1 0 3 1 2 1 1 0 0 1 0 0 
0 0 0 1 0 0 1 4 10 9 4 1 0 1 5 0 1 1 1 1 1 2 1 1 2 1 1 1 2 0 1 2 2 0 4 2 4 16 10 3 1 1 0 1 0 0 1 0 0 0 
0 0 0 0 1 2 2 6 8 8 5 1 0 1 1 4 0 1 1 0 1 1 2 1 1 2 0 1 1 1 0 1 2 2 1 7 7 8 10 5 2 0 2 1 0 0 0 0 0 0 
0 0 0 1 2 2 6 6 5 8 3 0 0 0 1 2 2 0 0 1 0 1 1 2 1 2 0 0 1 1 1 0 1 2 1 5 9 6 12 7 3 2 2 0 1 0 0 0 0 0 
0 0 1 2 2 2 7 6 12 3 1 0 0 0 0 3 3 0 1 1 0 1 2 1 2 0 3 0 0 1 1 1 0 0 3 5 8 6 5 7 6 3 0 1 0 0 0 0 0 0 
0 0 0 2 4 6 4 10 3 6 2 0 0 0 0 0 0 2 0 1 1 0 1 2 1 2 0 2 0 0 2 1 1 1 6 5 3 7 8 7 6 1 1 1 1 0 0 0 0 0 
0 0 1 4 5 5 7 5 4 2 0 0 0 0 0 1 2 3 1 0 2 1 0 1 3 1 1 0 0 0 0 2 1 4 1 3 4 3 6 10 5 9 2 1 0 0 0 0 0 0 
0 1 3 2 3 4 8 7 7 0 0 0 0 0 0 0 2 1 1 1 0 1 0 0 2 2 1 0 2 1 0 0 3 4 3 0 4 5 7 8 9 3 3 1 0 1 0 0 0 0 
0 0 2 5 3 5 7 3 1 1 0 0 0 0 0 0 1 2 0 1 1 1 1 1 0 3 4 1 0 2 0 1 3 4 3 0 0 5 3 8 11 8 7 2 0 0 0 0 0 0 
0 0 3 5 4 6 2 4 1 0 0 0 0 0 0 0 0 0 4 1 0 1 3 1 0 0 3 6 1 0 4 3 1 2 2 2 0 2 2 4 7 12 9 3 2 0 0 0 0 0 
0 1 4 5 6 5 10 2 2 0 0 0 0 0 0 0 0 1 2 4 0 0 1 3 0 0 0 3 4 2 2 1 0 1 1 3 1 1 7 3 3 7 9 3 2 0 1 0 0 0 
0 4 6 1 4 10 4 3 0 0 0 0 0 0 0 0 0 1 0 0 3 1 0 1 2 0 0 0 5 4 1 2 4 0 1 1 4 1 0 5 5 8 8 9 1 1 0 0 0 0 
2 2 3 3 8 8 3 1 0 0 0 0 0 0 0 0 0 0 0 1 3 3 0 0 2 2 0 1 1 7 3 2 1 2 0 0 0 1 1 3 7 5 9 10 5 1 0 0 0 0 
0 1 1 5 12 4 2 0 0 0 0 0 0 0 0 0 0 0 0 1 1 2 2 0 0 1 3 1 2 0 7 3 2 0 1 1 1 3 1 1 4 9 7 11 7 4 0 0 0 0 
0 3 3 8 3 4 0 0 0 0 0 0 0 0 0 0 0 0 1 0 0 1 3 2 0 1 2 4 0 1 0 7 3 1 1 1 1 1 2 1 2 3 7 10 14 8 2 0 0 0 
2 3 6 8 6 1 0 0 0 0 0 0 0 0 0 0 0 1 0 0 0 0 1 2 3 1 2 1 3 0 0 1 6 4 0 1 1 0 1 1 1 2 4 10 12 9 6 1 0 0 
5 4 6 5 3 0 0 0 0 0 0 0 0 0 0 0 1 0 0 0 0 0 0 3 3 4 0 1 1 2 0 0 1 5 4 0 0 1 0 2 1 1 3 4 11 13 11 4 1 0 
2 4 5 9 3 1 0 0 0 0 0 0 0 0 1 0 0 0 0 0 0 0 1 1 4 0 3 0 0 1 3 3 0 1 6 4 0 0 2 1 1 1 1 3 7 14 12 5 1 0 
2 5 12 1 2 0 0 0 0 0 0 0 0 0 0 1 0 0 0 0 0 1 1 2 0 3 0 2 0 1 4 2 0 1 1 5 4 1 0 1 1 1 0 1 4 10 14 10 7 0 
3 14 6 7 0 0 0 0 0 0 0 0 0 0 0 0 0 0 0 0 2 1 2 0 1 1 2 0 2 2 0 1 2 0 0 1 7 3 0 0 1 2 2 0 2 5 11 13 5 2 
6 9 9 2 0 0 0 0 0 0 0 0 0 0 0 0 0 0 0 1 1 3 0 0 0 1 0 2 2 3 0 1 1 1 0 2 1 5 3 0 1 0 1 2 0 2 9 18 11 3 
13 13 5 0 0 0 0 0 0 0 0 0 0 0 0 0 0 0 2 1 1 0 1 0 0 1 1 1 2 0 3 0 2 1 2 0 0 2 3 2 1 2 0 1 1 0 2 15 14 8 
17 12 0 0 0 0 0 0 0 0 0 0 1 0 0 0 0 1 1 1 1 0 0 0 1 1 2 0 1 3 0 2 1 1 0 2 0 0 3 4 3 0 0 0 2 1 0 2 26 11 
24 0 0 0 0 0 0 0 0 0 0 0 0 1 0 0 1 1 1 1 0 0 0 1 0 0 1 3 2 0 2 0 1 1 2 0 1 0 1 4 3 2 1 0 0 2 1 0 3 40 

Pair-order violations matrix
0 37 36 39 41 39 40 44 46 46 44 39 41 42 40 37 43 43 40 41 47 38 37 41 43 50 51 41 44 43 45 46 42 43 38 36 45 40 39 36 32 37 32 35 33 41 37 41 40 35 
37 0 33 37 38 36 37 41 43 44 41 36 39 40 37 34 41 41 38 38 45 36 35 40 42 48 50 38 42 40 43 44 41 41 36 34 42 40 38 34 30 35 32 33 31 38 34 38 38 33 
36 33 0 37 39 37 38 42 44 44 42 37 39 41 38 36 41 41 39 41 45 36 35 39 42 49 49 39 42 42 44 45 41 43 36 34 44 39 38 34 30 35 30 33 31 39 35 40 38 33 
39 37 37 0 36 34 35 39 42 41 39 34 36 38 35 33 38 37 36 38 42 34 32 38 41 45 48 36 39 40 42 44 39 41 33 32 41 39 37 30 28 32 29 31 28 36 33 38 36 30 
41 38 39 36 0 36 37 41 43 44 41 36 39 41 37 35 41 41 39 39 45 36 35 40 41 48 49 38 42 40 44 43 41 42 36 34 43 39 37 34 30 35 31 33 31 38 34 39 38 33 
39 36 37 34 36 0 32 37 39 40 36 31 34 36 33 30 36 37 34 35 40 32 31 35 38 44 45 34 37 37 40 41 38 38 31 30 39 37 34 30 26 31 28 29 26 34 30 34 34 29 
40 37 38 35 37 32 0 44 46 48 45 40 43 45 41 39 45 44 43 42 49 40 39 44 47 51 53 42 43 44 46 48 44 46 38 38 45 44 43 37 34 36 35 37 35 42 38 43 42 37 
44 41 42 39 41 37 44 0 39 40 37 32 35 37 33 31 37 36 35 36 41 32 31 36 39 44 46 34 37 37 40 41 37 39 32 30 38 37 35 29 26 30 28 29 27 34 30 35 34 29 
46 43 44 42 43 39 46 39 0 45 41 36 39 41 37 35 41 41 39 39 45 36 35 40 43 49 50 38 41 41 43 45 42 42 35 34 43 41 39 34 30 34 31 33 31 38 34 39 38 33 
46 44 44 41 44 40 48 40 45 0 43 38 40 42 38 37 42 42 41 42 47 37 36 41 45 50 51 39 44 43 45 47 43 44 38 36 45 42 41 36 32 37 33 35 33 40 35 41 39 35 
44 41 42 39 41 36 45 37 41 43 0 39 41 43 39 38 43 43 42 42 48 38 37 42 45 51 51 40 44 44 45 47 43 44 38 37 46 42 41 37 33 37 32 36 34 41 36 42 40 36 
39 36 37 34 36 31 40 32 36 38 39 0 41 43 40 39 43 42 42 44 48 38 37 43 47 50 54 41 44 44 47 49 43 46 39 38 46 44 43 37 33 38 36 37 34 42 37 43 41 37 
41 39 39 36 39 34 43 35 39 40 41 41 0 44 39 37 43 43 40 41 47 37 38 42 45 49 53 41 43 43 44 47 42 45 38 36 45 42 41 37 33 37 35 36 34 42 38 41 40 36 
42 40 41 38 41 36 45 37 41 42 43 43 44 0 40 37 42 42 40 42 46 37 36 41 44 50 52 40 43 43 46 47 43 45 37 35 45 42 40 35 31 36 33 34 32 40 36 41 39 34 
40 37 38 35 37 33 41 33 37 38 39 40 39 40 0 39 46 47 43 42 50 42 41 45 47 52 54 44 46 45 48 49 46 46 40 40 47 45 43 40 36 40 38 39 36 44 40 43 44 39 
37 34 36 33 35 30 39 31 35 37 38 39 37 37 39 0 43 44 42 41 48 38 37 43 45 49 52 40 44 42 46 46 43 45 38 37 45 42 41 37 33 37 35 36 34 41 36 42 40 36 
43 41 41 38 41 36 45 37 41 42 43 43 43 42 46 43 0 47 45 46 52 42 42 45 50 55 57 46 47 49 48 52 46 48 42 40 49 47 45 40 37 39 36 40 38 46 42 46 45 40 
43 41 41 37 41 37 44 36 41 42 43 42 43 42 47 44 47 0 46 45 52 44 43 46 50 56 57 47 48 50 50 54 49 48 42 42 51 48 46 42 38 42 38 41 38 47 43 46 46 41 
40 38 39 36 39 34 43 35 39 41 42 42 40 40 43 42 45 46 0 45 49 38 38 42 46 52 53 42 46 46 47 48 43 47 40 37 48 43 41 38 34 38 33 37 35 43 38 44 41 37 
41 38 41 38 39 35 42 36 39 42 42 44 41 42 42 41 46 45 45 0 49 39 38 44 46 52 53 41 46 45 48 48 44 47 40 38 47 44 42 38 34 39 35 37 35 42 37 43 41 37 
47 45 45 42 45 40 49 41 45 47 48 48 47 46 50 48 52 52 49 49 0 38 37 43 45 49 53 41 43 43 46 47 43 45 37 37 46 42 41 37 33 36 34 36 34 42 37 43 40 36 
38 36 36 34 36 32 40 32 36 37 38 38 37 37 42 38 42 44 38 39 38 0 43 47 50 54 57 47 48 48 50 52 47 49 43 42 49 46 46 41 38 41 39 41 39 47 43 47 46 41 
37 35 35 32 35 31 39 31 35 36 37 37 38 36 41 37 42 43 38 38 37 43 0 43 47 54 54 43 47 46 47 48 44 47 41 38 47 45 42 39 35 39 35 38 36 43 39 43 43 38 
41 40 39 38 40 35 44 36 40 41 42 43 42 41 45 43 45 46 42 44 43 47 43 0 48 52 55 44 45 45 47 50 46 47 39 39 48 45 43 39 35 38 36 38 36 44 40 45 43 38 
43 42 42 41 41 38 47 39 43 45 45 47 45 44 47 45 50 50 46 46 45 50 47 48 0 50 52 42 42 44 43 47 41 44 37 36 44 42 41 36 33 34 32 36 34 42 38 42 41 36 
50 48 49 45 48 44 51 44 49 50 51 50 49 50 52 49 55 56 52 52 49 54 54 52 50 0 51 40 43 43 45 46 43 44 37 36 45 42 40 36 32 36 32 35 33 40 36 41 40 35 
51 50 49 48 49 45 53 46 50 51 51 54 53 52 54 52 57 57 53 53 53 57 54 55 52 51 0 41 43 43 45 48 44 44 38 37 45 44 41 36 33 36 34 36 34 41 37 42 41 36 
41 38 39 36 38 34 42 34 38 39 40 41 41 40 44 40 46 47 42 41 41 47 43 44 42 40 41 0 42 43 44 47 44 42 36 36 45 42 40 36 32 36 32 35 32 40 36 40 40 35 
44 42 42 39 42 37 43 37 41 44 44 44 43 43 46 44 47 48 46 46 43 48 47 45 42 43 43 42 0 43 46 47 44 44 39 37 45 43 41 37 33 38 35 36 34 41 37 41 41 36 
43 40 42 40 40 37 44 37 41 43 44 44 43 43 45 42 49 50 46 45 43 48 46 45 44 43 43 43 43 0 49 50 47 48 41 40 49 46 44 40 36 40 36 39 37 44 40 45 44 39 
45 43 44 42 44 40 46 40 43 45 45 47 44 46 48 46 48 50 47 48 46 50 47 47 43 45 45 44 46 49 0 44 42 42 36 34 43 40 38 34 30 35 32 33 31 38 34 39 38 33 
46 44 45 44 43 41 48 41 45 47 47 49 47 47 49 46 52 54 48 48 47 52 48 50 47 46 48 47 47 50 44 0 48 48 41 40 49 47 45 40 36 40 37 39 37 44 40 45 44 39 
42 41 41 39 41 38 44 37 42 43 43 43 42 43 46 43 46 49 43 44 43 47 44 46 41 43 44 44 44 47 42 48 0 43 36 35 44 42 40 35 31 35 32 34 32 39 35 40 39 34 
43 41 43 41 42 38 46 39 42 44 44 46 45 45 46 45 48 48 47 47 45 49 47 47 44 44 44 42 44 48 42 48 43 0 39 37 46 43 41 37 33 38 34 36 34 41 37 42 41 36 
38 36 36 33 36 31 38 32 35 38 38 39 38 37 40 38 42 42 40 40 37 43 41 39 37 37 38 36 39 41 36 41 36 39 0 36 46 42 40 36 32 37 33 35 33 40 36 41 40 35 
36 34 34 32 34 30 38 30 34 36 37 38 36 35 40 37 40 42 37 38 37 42 38 39 36 36 37 36 37 40 34 40 35 37 36 0 42 40 38 33 29 33 30 32 30 37 33 38 37 32 
45 42 44 41 43 39 45 38 43 45 46 46 45 45 47 45 49 51 48 47 46 49 47 48 44 45 45 45 45 49 43 49 44 46 46 42 0 38 36 32 28 33 29 31 29 36 32 37 36 31 
40 40 39 39 39 37 44 37 41 42 42 44 42 42 45 42 47 48 43 44 42 46 45 45 42 42 44 42 43 46 40 47 42 43 42 40 38 0 40 35 31 35 32 34 32 39 35 40 39 34 
39 38 38 37 37 34 43 35 39 41 41 43 41 40 43 41 45 46 41 42 41 46 42 43 41 40 41 40 41 44 38 45 40 41 40 38 36 40 0 32 28 32 29 31 29 36 32 37 36 31 
36 34 34 30 34 30 37 29 34 36 37 37 37 35 40 37 40 42 38 38 37 41 39 39 36 36 36 36 37 40 34 40 35 37 36 33 32 35 32 0 32 35 32 35 33 40 36 41 40 35 
32 30 30 28 30 26 34 26 30 32 33 33 33 31 36 33 37 38 34 34 33 38 35 35 33 32 33 32 33 36 30 36 31 33 32 29 28 31 28 32 0 34 31 34 32 39 35 40 39 34 
37 35 35 32 35 31 36 30 34 37 37 38 37 36 40 37 39 42 38 39 36 41 39 38 34 36 36 36 38 40 35 40 35 38 37 33 33 35 32 35 34 0 32 33 31 38 34 39 38 33 
32 32 30 29 31 28 35 28 31 33 32 36 35 33 38 35 36 38 33 35 34 39 35 36 32 32 34 32 35 36 32 37 32 34 33 30 29 32 29 32 31 32 0 32 30 37 33 38 37 32 
35 33 33 31 33 29 37 29 33 35 36 37 36 34 39 36 40 41 37 37 36 41 38 38 36 35 36 35 36 39 33 39 34 36 35 32 31 34 31 35 34 33 32 0 33 41 37 42 41 36 
33 31 31 28 31 26 35 27 31 33 34 34 34 32 36 34 38 38 35 35 34 39 36 36 34 33 34 32 34 37 31 37 32 34 33 30 29 32 29 33 32 31 30 33 0 41 37 42 41 36 
41 38 39 36 38 34 42 34 38 40 41 42 42 40 44 41 46 47 43 42 42 47 43 44 42 40 41 40 41 44 38 44 39 41 40 37 36 39 36 40 39 38 37 41 41 0 36 41 40 35 
37 34 35 33 34 30 38 30 34 35 36 37 38 36 40 36 42 43 38 37 37 43 39 40 38 36 37 36 37 40 34 40 35 37 36 33 32 35 32 36 35 34 33 37 37 36 0 42 41 36 
41 38 40 38 39 34 43 35 39 41 42 43 41 41 43 42 46 46 44 43 43 47 43 45 42 41 42 40 41 45 39 45 40 42 41 38 37 40 37 41 40 39 38 42 42 41 42 0 41 36 
40 38 38 36 38 34 42 34 38 39 40 41 40 39 44 40 45 46 41 41 40 46 43 43 41 40 41 40 41 44 38 44 39 41 40 37 36 39 36 40 39 38 37 41 41 40 41 41 0 36 
35 33 33 30 33 29 37 29 33 35 36 37 36 34 39 36 40 41 37 37 36 41 38 38 36 35 36 35 36 39 33 39 34 36 35 32 31 34 31 35 34 33 32 36 36 35 36 36 36 0 

Rho histogram: 
17 12 16 15 11 7 3 4 2 1 0 5 3 2 0 0 0 0 1 1 

Summary:
objF nSamp nIter rhoMean rhoStDev rProp hitsProp rankHitsProp seconds
Gar12 50 100 0.2210794717887156 0.20528084486410386 0.01 0.01 0.053 31.687254893
