=======================================================
Objective function:  Rgar12
Matrix:  R50.csv
Iterations:  100
Heuristic for search:  RobSA3
Improvement function # 0
Window width for improvement:  0
Heuristic for improvement:  RobSA3
Seed:  33
=======================================================

Best permutations: 
46 42 39 36 32 30 28 26 24 21 20 19 18 17 16 0 1 2 3 4 5 6 7 8 9 10 11 12 13 14 15 22 23 25 27 29 31 33 34 35 37 38 40 41 43 44 45 47 48 49 
48 47 46 43 36 35 34 33 32 27 25 24 22 7 6 5 4 3 2 1 0 8 9 10 11 12 13 14 15 16 17 18 19 20 21 23 26 28 29 30 31 37 38 39 40 41 42 44 45 49 
48 46 42 39 38 37 36 33 32 31 29 28 27 26 24 20 19 18 15 0 1 2 3 4 5 6 7 8 9 10 11 12 13 14 16 17 21 22 23 25 30 34 35 40 41 43 44 45 47 49 
39 37 35 28 23 21 18 15 0 1 2 3 4 5 6 7 8 9 10 11 12 13 14 16 17 19 20 22 24 25 26 27 29 30 31 32 33 34 36 38 40 41 42 43 44 45 46 47 48 49 
2 3 4 5 9 10 11 12 13 15 16 19 20 25 28 29 31 32 35 36 37 38 39 40 41 42 43 44 45 46 47 48 49 34 33 30 27 26 24 23 22 21 18 17 14 8 7 6 1 0 
48 47 45 44 35 34 32 31 29 28 27 25 24 23 22 20 19 16 15 14 7 6 5 4 3 2 1 0 8 9 10 11 12 13 17 18 21 26 30 33 36 37 38 39 40 41 42 43 46 49 
49 36 35 34 23 0 1 2 3 4 5 7 8 10 11 12 13 15 18 19 20 21 22 24 25 27 29 30 31 32 33 37 38 39 40 41 42 43 44 45 46 47 48 28 26 17 16 14 9 6 
47 45 44 39 37 36 31 29 28 27 26 25 24 22 20 18 16 14 12 11 0 1 2 3 4 5 6 7 8 9 10 13 15 17 19 21 23 30 32 33 34 35 38 40 41 42 43 46 48 49 
49 47 43 40 39 38 35 28 27 23 21 16 13 12 8 6 5 4 3 2 1 0 7 9 10 11 14 15 17 18 19 20 22 24 25 26 29 30 31 32 33 34 36 37 41 42 44 45 46 48 
49 47 46 42 38 35 34 33 29 28 26 25 24 21 20 18 17 16 9 8 0 1 2 3 4 5 6 7 10 11 12 13 14 15 19 22 23 27 30 31 32 36 37 39 40 41 43 44 45 48 
0 1 2 5 7 10 12 13 14 15 16 17 18 19 20 21 24 26 28 29 31 33 34 35 36 37 40 41 42 43 44 45 46 49 48 47 39 38 32 30 27 25 23 22 11 9 8 6 4 3 
2 3 5 9 10 11 14 15 16 17 18 19 20 21 22 23 24 28 31 36 44 48 49 47 46 45 43 42 41 40 39 38 37 35 34 33 32 30 29 27 26 25 13 12 8 7 6 4 1 0 
45 42 41 40 36 34 32 27 26 25 24 21 20 19 18 17 16 13 10 1 0 2 4 3 5 6 7 8 9 11 12 14 15 22 23 28 29 30 31 33 35 37 38 39 43 44 46 47 48 49 
47 44 41 39 40 36 31 26 20 15 14 13 12 11 9 8 7 6 5 4 3 2 1 0 10 16 17 18 19 21 22 23 24 25 27 28 29 30 32 33 34 35 37 38 42 43 45 46 48 49 
47 42 40 38 37 33 32 31 27 24 26 22 21 20 17 15 14 13 12 11 10 9 8 7 6 5 4 3 2 1 0 16 18 19 23 25 28 29 30 34 35 36 39 41 43 44 45 46 48 49 
5 6 8 9 10 12 13 14 15 16 18 19 21 24 25 26 27 29 30 32 33 34 35 36 37 38 39 40 41 42 43 44 45 46 48 49 47 31 28 23 22 20 17 11 7 4 3 2 1 0 
47 41 40 38 37 35 33 30 29 28 25 19 18 16 15 14 13 12 10 9 8 7 6 5 4 3 2 1 0 11 17 20 21 22 23 24 26 27 31 32 34 36 39 42 43 44 45 46 48 49 
0 1 2 3 4 5 6 7 8 10 11 12 16 19 20 22 24 26 27 29 30 31 32 34 35 36 37 38 39 40 41 42 47 49 48 46 45 44 43 33 28 25 23 21 17 18 15 14 13 9 
44 41 39 37 36 35 34 29 30 28 27 26 25 23 22 20 17 16 15 14 12 10 9 8 7 6 5 4 3 2 1 0 11 13 18 19 21 24 31 32 33 38 40 42 43 45 46 47 48 49 
45 44 42 41 36 35 33 30 23 21 20 18 16 15 10 9 8 7 6 5 4 3 2 1 0 11 12 13 14 17 19 22 24 25 26 27 28 29 31 32 34 37 38 39 40 43 46 47 48 49 
45 38 36 32 29 28 27 24 19 18 12 0 1 2 3 4 5 6 7 8 9 10 11 13 14 15 16 17 20 21 22 23 25 26 30 31 33 34 35 37 39 40 41 42 43 44 46 47 48 49 
47 45 44 40 37 34 31 30 29 27 26 25 24 22 21 18 16 14 12 10 9 8 7 6 4 5 1 0 2 3 11 13 15 17 19 20 23 28 32 33 35 36 38 39 41 42 43 46 48 49 
39 37 35 33 31 29 27 24 22 13 12 11 10 9 8 6 5 4 3 2 1 0 19 20 21 26 28 42 43 44 45 46 47 49 48 41 40 38 36 34 32 30 25 23 18 17 16 15 14 7 
48 47 46 41 40 39 35 33 32 27 16 15 12 1 0 2 3 4 5 6 7 8 9 10 11 13 14 17 18 19 20 21 22 23 24 25 26 28 29 30 31 34 36 37 38 42 43 44 45 49 
49 48 41 40 37 35 34 31 27 26 20 17 15 14 13 12 11 10 9 8 7 6 5 4 3 2 1 0 16 18 19 21 22 23 24 25 28 29 30 32 33 36 38 39 42 43 44 45 46 47 
47 45 43 38 37 35 33 32 29 27 26 24 23 22 0 1 2 3 4 5 6 7 9 8 10 11 12 13 14 15 16 17 18 19 20 21 25 28 30 31 34 36 39 40 41 42 44 46 48 49 
44 37 36 35 27 26 25 23 22 21 19 14 13 12 11 10 9 5 4 3 2 1 0 6 7 8 15 16 17 18 20 24 28 29 30 31 32 33 34 38 39 40 41 42 43 45 46 47 48 49 
44 43 41 40 39 37 36 35 33 32 30 28 26 25 22 20 7 1 0 2 3 4 5 6 8 9 10 11 12 13 14 15 16 17 18 19 21 23 24 27 29 31 34 38 42 45 46 47 48 49 
49 45 38 36 32 29 28 26 22 21 20 19 18 17 16 14 13 12 11 10 8 7 6 5 0 1 2 3 4 9 15 23 24 25 27 30 31 33 34 35 37 39 40 41 42 43 44 46 47 48 
48 46 42 39 37 36 35 34 33 31 29 28 22 18 17 16 14 12 11 10 9 8 7 6 5 4 3 2 1 0 13 15 19 20 21 23 24 25 26 27 30 32 38 40 41 43 44 45 47 49 
48 47 46 45 40 31 30 28 25 24 20 19 18 16 15 13 12 11 10 9 8 7 6 5 3 4 2 1 0 14 17 21 22 26 27 29 32 33 34 35 36 37 38 39 41 42 43 44 49 23 
45 44 43 41 38 35 33 32 31 30 26 25 24 23 20 17 15 0 1 2 3 4 5 6 7 8 9 10 11 12 13 14 16 18 19 21 22 27 28 29 34 36 37 39 40 42 46 47 48 49 
43 39 38 35 34 31 29 27 25 24 23 19 18 17 11 0 1 2 3 4 5 6 7 8 9 10 12 13 14 15 16 20 21 22 26 28 30 32 33 36 37 40 41 42 44 45 46 47 48 49 
0 1 2 3 4 5 6 9 10 11 12 14 16 17 18 19 21 22 24 27 28 29 30 31 32 33 34 35 36 37 38 39 40 41 42 43 44 45 46 47 48 49 26 25 23 20 15 13 8 7 
37 36 34 33 32 30 27 22 1 2 3 4 6 8 9 10 11 12 13 14 16 25 26 28 29 31 35 38 39 40 41 42 43 44 45 46 48 49 47 24 23 21 20 19 18 17 15 7 5 0 
49 48 46 44 43 39 38 31 30 26 23 21 19 18 17 8 0 1 2 3 4 5 6 9 7 10 11 12 13 14 15 16 20 22 24 25 27 28 29 32 33 34 35 36 37 40 41 42 45 47 
45 44 43 41 40 39 36 35 34 33 31 28 27 20 19 18 16 15 13 12 10 8 0 1 2 3 4 5 6 7 9 11 14 17 21 22 23 24 25 26 29 30 32 37 38 42 46 47 48 49 
0 1 2 3 4 5 6 7 9 10 11 12 13 16 18 20 21 22 23 24 26 25 28 29 31 32 33 34 35 36 37 38 39 40 41 42 43 44 45 46 47 48 49 30 27 19 17 15 14 8 
40 39 36 29 26 21 20 15 14 13 0 1 2 3 4 5 6 7 8 9 10 11 12 16 17 18 19 22 23 24 25 27 28 30 31 32 33 34 35 37 38 41 42 43 44 45 46 47 48 49 
49 48 47 38 37 36 35 31 29 27 25 22 21 14 9 7 0 1 2 3 4 5 6 8 10 11 12 13 15 16 17 18 19 20 23 24 26 28 30 32 33 34 39 40 41 42 43 44 45 46 
49 48 45 42 40 39 38 37 32 31 29 26 21 19 16 15 14 13 12 11 10 8 7 6 5 0 1 2 3 4 9 17 18 20 22 23 24 25 27 28 30 33 34 35 36 41 43 44 46 47 
47 45 44 43 39 38 34 33 30 29 28 26 24 21 20 19 13 8 5 4 3 2 1 0 6 7 9 10 11 12 14 15 16 17 18 22 23 25 27 31 32 35 36 37 40 41 42 46 48 49 
49 38 35 33 31 29 26 23 20 15 14 13 0 1 2 3 4 5 6 7 8 9 10 11 12 16 17 18 19 21 22 24 25 27 28 30 32 34 36 37 39 40 41 42 43 44 45 46 47 48 
43 36 35 33 32 31 28 27 24 22 21 19 17 14 11 10 9 8 7 6 5 4 3 2 1 0 12 13 15 16 18 20 23 25 26 29 30 34 37 38 39 40 41 42 44 45 46 47 48 49 
49 45 42 31 30 29 28 25 24 19 17 15 11 9 8 7 6 5 4 3 2 1 0 10 12 13 14 16 18 20 21 22 23 26 27 32 33 34 35 36 37 38 39 40 41 43 44 46 47 48 
41 34 23 22 21 10 0 1 2 3 4 5 6 7 8 9 11 12 13 14 15 16 17 18 19 20 24 25 26 27 28 29 30 31 32 33 35 36 37 38 39 40 42 43 44 45 46 47 48 49 
48 47 44 43 41 38 37 34 32 27 21 18 17 16 15 8 7 0 1 2 3 4 5 6 9 10 11 12 13 14 19 20 22 23 24 25 26 28 29 30 31 33 35 36 39 40 42 45 46 49 
46 45 40 39 36 33 32 29 28 24 23 22 21 20 18 17 16 15 13 11 0 1 2 3 4 5 6 7 8 9 10 12 14 19 25 26 27 30 31 34 35 37 38 41 42 43 44 47 48 49 
0 1 4 8 9 10 11 13 15 17 18 19 23 24 27 28 29 31 32 33 35 37 38 39 40 41 42 43 45 44 46 48 49 47 36 34 30 26 25 22 21 20 16 14 12 7 6 5 3 2 
48 47 45 44 43 42 41 37 34 28 27 22 21 20 18 17 12 11 7 6 5 4 3 2 1 0 8 9 10 13 14 15 16 19 23 24 25 26 29 30 31 32 33 35 36 38 39 40 46 49 
49 48 47 46 45 40 35 31 30 28 26 25 24 22 19 10 7 6 0 1 2 3 4 5 8 9 11 12 13 14 15 16 17 18 20 21 23 27 29 32 33 34 36 37 38 39 41 42 43 44 
48 47 44 42 41 40 39 37 36 35 33 27 26 23 5 4 3 2 1 0 6 7 8 9 10 11 12 13 14 15 16 17 18 19 20 21 22 24 25 28 29 30 31 32 34 38 43 45 46 49 
1 2 3 4 5 6 7 9 10 11 13 14 15 16 18 19 27 28 32 33 34 49 48 47 46 45 44 43 42 41 40 39 38 37 36 35 31 30 29 26 25 24 23 22 21 20 17 12 8 0 
49 47 46 45 41 38 37 35 32 25 24 21 20 17 16 15 14 13 12 11 10 9 8 7 6 5 4 3 2 1 0 18 19 22 23 26 27 28 29 30 31 33 34 36 39 40 42 43 44 48 
48 47 39 34 32 30 27 26 25 21 20 19 16 17 14 13 12 11 7 6 5 3 4 2 1 0 8 9 18 24 28 29 31 33 35 36 37 38 40 41 42 43 44 45 46 49 23 22 15 10 
49 48 46 31 30 28 26 25 19 18 16 15 13 12 11 10 9 8 7 6 5 4 3 2 1 0 14 17 20 21 22 23 24 27 29 32 33 34 35 36 37 38 39 40 41 42 43 44 45 47 
1 7 11 12 13 14 17 19 20 21 37 42 43 44 45 46 47 41 39 36 35 34 32 31 29 27 10 9 8 5 0 2 3 4 6 15 16 18 22 23 24 25 26 28 30 33 38 40 48 49 
47 46 43 42 40 37 36 35 33 29 27 23 22 18 16 15 14 12 11 10 9 8 7 6 5 4 3 2 1 0 17 13 19 20 21 24 25 26 28 30 31 32 34 38 39 41 44 45 48 49 
33 29 25 0 1 2 4 5 9 10 11 12 13 14 15 16 17 19 21 26 27 28 43 44 45 46 47 48 49 42 41 40 39 38 37 36 35 34 32 31 30 24 23 22 20 18 8 7 6 3 
46 38 37 35 31 29 26 25 23 20 19 18 16 15 13 12 11 10 9 8 7 6 5 4 3 2 1 0 17 21 22 27 30 32 33 36 28 34 39 40 41 42 43 44 45 47 48 49 24 14 
46 45 44 42 41 40 39 33 29 28 25 18 17 15 5 4 3 2 1 0 6 7 8 9 10 11 12 13 14 16 19 20 21 22 23 24 26 27 30 31 32 34 35 36 37 38 43 47 48 49 
46 43 42 41 40 38 37 34 32 31 30 26 24 23 20 17 13 11 10 9 7 6 5 4 3 2 1 0 8 14 12 15 16 18 19 21 22 25 27 28 29 33 35 36 39 44 45 47 48 49 
38 37 36 34 32 30 29 28 26 22 7 5 4 3 2 1 0 10 12 13 16 18 19 21 23 24 25 43 44 45 46 49 48 47 42 41 40 39 35 33 31 27 20 17 15 14 11 9 8 6 
1 2 3 4 5 6 8 12 14 16 17 19 21 22 27 28 29 31 32 33 34 35 36 37 38 39 40 41 42 43 44 45 46 48 49 47 30 26 25 24 23 20 18 15 13 11 10 9 7 0 
48 39 38 37 35 34 32 30 28 27 26 25 24 20 18 16 15 0 1 2 3 4 5 6 7 8 10 11 13 14 19 22 29 33 36 40 41 42 43 44 45 46 47 49 31 23 21 17 12 9 
45 42 38 34 26 21 20 18 13 11 0 1 2 3 4 5 6 7 8 9 10 12 14 15 16 17 19 22 23 24 25 27 28 29 30 31 32 33 35 36 37 39 40 41 43 44 46 47 48 49 
49 48 42 41 38 37 32 31 30 27 26 25 24 19 15 13 12 10 9 8 7 6 5 4 3 2 0 1 11 14 16 17 18 20 21 22 23 28 29 33 35 34 36 39 40 43 44 45 46 47 
47 46 43 42 41 40 34 33 27 26 25 24 22 20 18 17 14 13 1 0 2 3 4 5 6 7 8 9 10 11 12 15 16 19 21 23 28 29 30 31 32 35 36 37 38 39 44 45 48 49 
38 34 24 0 1 2 3 4 5 7 9 10 11 13 14 16 17 18 19 20 22 23 25 28 29 30 31 32 33 35 36 37 39 40 41 42 43 44 45 46 47 48 49 26 27 21 15 12 8 6 
48 45 41 38 37 32 31 30 29 28 26 25 24 23 22 21 20 19 17 16 15 14 13 11 10 9 8 7 6 5 4 3 2 1 0 12 18 27 33 34 35 36 39 40 42 43 44 46 47 49 
49 46 44 43 40 38 37 33 29 27 24 23 22 21 19 18 16 14 12 11 9 8 5 3 2 1 0 4 6 7 10 13 15 17 20 25 26 28 30 31 32 34 35 36 39 41 42 45 47 48 
49 48 44 43 41 39 32 31 26 22 21 20 19 17 11 7 6 5 4 3 2 1 0 8 9 10 12 13 14 15 16 18 23 24 25 27 28 29 30 33 34 35 36 37 38 40 42 45 46 47 
47 43 42 41 40 39 36 33 32 31 26 24 23 22 19 18 15 12 0 1 2 3 4 5 6 7 8 9 10 11 13 14 16 17 20 21 25 27 28 29 30 34 35 37 38 44 45 46 48 49 
46 43 42 40 39 35 32 29 22 19 16 12 10 9 7 8 6 5 4 3 2 1 0 11 13 14 15 17 18 20 21 23 24 25 26 27 28 30 31 33 34 36 37 38 41 44 45 47 48 49 
49 47 45 42 39 38 37 35 30 27 24 23 22 20 17 16 15 14 13 12 11 10 9 8 7 5 6 4 3 2 1 0 18 19 21 25 26 28 29 31 32 33 34 36 40 41 43 44 46 48 
49 47 45 44 37 32 31 30 29 28 27 25 24 23 22 20 19 18 17 15 14 13 12 11 10 9 8 7 6 4 1 0 2 3 5 16 21 26 33 34 35 36 38 39 40 41 42 43 46 48 
0 3 4 5 6 7 9 11 14 15 17 20 21 23 24 27 28 29 30 32 33 35 36 37 38 39 40 41 42 43 44 45 47 48 49 46 34 31 26 25 22 19 18 16 13 12 10 8 2 1 
49 47 46 44 41 38 36 35 27 26 23 20 17 14 13 11 10 9 8 7 6 5 4 3 2 1 0 12 15 16 18 19 21 22 24 25 28 29 30 31 32 33 34 37 39 40 42 43 45 48 
1 3 4 5 9 12 14 16 18 20 21 22 25 28 29 30 31 32 33 34 35 36 37 38 39 40 41 42 43 44 45 46 47 49 48 27 26 24 23 19 17 15 13 11 10 8 7 6 2 0 
41 36 34 31 27 24 18 11 7 0 1 2 3 4 5 6 8 9 10 12 13 14 15 17 19 20 21 22 23 25 26 28 29 30 32 33 35 37 38 39 40 42 43 44 45 46 47 48 49 16 
48 44 41 39 37 35 34 33 32 30 28 25 23 22 20 19 18 17 16 15 14 13 12 11 10 9 8 0 1 2 3 4 5 6 7 21 24 26 27 29 31 36 38 40 42 43 45 46 47 49 
34 32 31 30 27 20 15 0 1 2 3 4 5 6 7 8 9 10 12 14 18 19 21 22 23 24 25 28 29 35 36 37 38 39 40 41 42 43 44 45 46 47 48 49 33 26 17 16 13 11 
49 45 43 40 38 35 33 32 31 30 29 28 27 25 21 20 18 16 13 11 10 9 8 7 0 1 2 3 4 5 6 12 14 15 17 19 22 23 24 26 34 36 37 39 41 42 44 46 47 48 
49 47 42 31 30 28 27 24 22 21 20 19 18 15 16 13 6 0 1 2 3 4 5 7 8 9 10 12 14 17 23 25 26 29 32 33 34 35 36 37 38 39 40 41 43 44 45 46 48 11 
0 1 2 3 4 5 6 7 10 11 12 13 14 16 17 18 19 20 21 25 27 28 29 30 31 32 33 34 35 36 37 38 39 40 41 42 43 44 45 46 47 48 49 26 24 23 22 15 9 8 
49 48 47 41 36 35 32 25 22 20 19 15 13 2 1 0 3 4 5 6 7 8 9 10 11 12 14 16 17 18 21 23 24 26 27 28 29 30 31 33 34 37 38 39 40 42 43 44 45 46 
46 40 39 37 35 34 32 29 26 24 21 20 19 17 15 8 0 1 2 3 4 5 6 7 9 10 11 12 13 14 16 18 22 23 25 27 28 30 31 33 36 38 41 42 43 44 45 47 48 49 
41 36 34 30 0 1 2 3 6 9 10 12 13 17 16 18 19 20 24 25 26 27 35 32 37 38 39 40 42 43 44 45 46 49 48 47 33 31 29 28 23 22 21 15 14 11 8 7 5 4 
49 47 42 40 36 35 34 33 32 31 29 27 26 25 24 21 19 17 16 15 11 0 1 2 3 4 5 6 7 8 9 10 12 13 14 18 20 22 23 28 30 37 38 39 41 43 44 45 46 48 
49 48 45 44 39 37 33 32 27 26 25 24 23 20 19 17 14 13 12 11 10 8 0 2 1 3 4 5 6 7 9 15 16 18 21 22 28 29 30 31 34 35 36 38 40 41 42 43 46 47 
48 43 41 40 38 37 36 35 32 31 30 29 27 25 24 23 21 19 13 0 1 2 3 4 5 6 7 8 9 10 11 12 14 15 16 17 18 20 22 26 28 33 34 39 42 44 45 46 47 49 
39 38 35 33 30 29 27 26 18 10 7 6 5 4 3 1 2 0 11 14 15 17 19 21 23 24 37 41 42 43 44 45 46 49 48 47 40 36 34 32 31 28 25 22 20 16 13 12 9 8 
0 1 2 3 4 5 6 7 10 11 13 14 16 17 18 19 21 22 23 24 26 27 29 30 31 32 33 34 35 36 37 38 39 40 41 42 43 44 45 46 47 48 49 28 25 20 15 12 9 8 
49 48 47 46 45 35 34 32 31 29 28 24 21 20 13 7 6 4 3 2 1 0 5 8 9 10 11 12 14 15 16 17 18 19 22 23 25 26 27 30 33 36 37 38 39 40 41 42 43 44 
34 0 2 4 8 9 10 11 12 13 14 16 19 20 22 23 27 28 30 31 32 33 36 37 38 39 40 41 42 43 44 45 46 47 48 49 35 29 26 25 24 21 18 17 15 7 6 5 3 1 
49 48 45 39 37 34 32 31 28 27 25 24 18 17 13 12 11 10 9 8 0 2 1 3 4 5 6 7 14 15 16 19 20 21 22 23 26 29 30 33 35 36 38 40 41 42 43 44 46 47 
47 42 38 32 30 29 28 26 22 19 16 14 12 11 10 9 8 7 6 5 4 3 2 1 0 13 15 17 18 20 21 23 24 25 27 31 33 34 35 36 37 39 40 41 43 44 45 46 48 49 
28 23 16 0 1 2 3 4 5 6 7 8 9 10 11 12 13 14 15 17 18 19 20 21 22 24 25 26 27 29 30 31 32 33 34 36 35 37 38 39 40 41 42 43 44 45 46 47 48 49 
48 45 40 38 35 33 32 28 27 25 26 23 22 21 19 18 15 14 12 11 10 9 8 7 6 5 4 3 2 1 0 13 16 17 24 29 30 31 34 36 37 39 41 42 43 44 46 47 49 20 
49 48 33 31 30 29 28 27 26 22 21 20 16 14 8 6 5 4 3 2 1 0 7 9 10 11 12 13 15 17 18 19 23 24 25 32 34 35 36 37 38 39 40 41 42 43 44 45 46 47 

Rank matrix
8 1 0 3 1 1 1 1 1 1 2 1 1 0 2 3 4 5 3 5 6 5 6 2 4 5 3 6 2 2 4 3 0 0 1 0 0 0 0 0 0 0 0 0 0 0 0 0 0 7 
4 7 0 0 3 1 1 1 2 1 1 2 1 2 1 3 2 4 7 4 6 7 4 3 5 4 6 3 3 3 3 0 0 1 0 0 0 0 0 0 0 0 0 0 0 0 0 0 3 2 
2 2 7 0 0 3 1 1 1 2 1 1 2 2 2 1 2 4 4 9 7 6 5 6 3 5 4 3 4 3 0 1 2 0 0 0 0 0 0 0 0 0 0 0 0 0 0 1 2 1 
0 4 2 5 0 0 2 1 1 1 2 1 1 3 2 1 4 2 6 7 7 6 5 7 7 3 2 5 3 1 1 1 1 1 0 0 0 0 0 0 0 0 0 0 0 0 1 0 2 2 
0 0 4 3 5 0 1 2 0 1 1 2 2 2 2 3 2 6 5 4 5 8 6 7 6 4 5 3 2 2 1 1 0 1 0 0 0 0 0 0 0 0 0 0 0 1 0 1 1 1 
1 0 1 4 2 5 0 1 2 0 1 2 2 1 3 3 4 5 4 3 6 4 12 6 6 9 2 2 0 3 0 0 1 0 1 0 0 0 0 0 0 0 0 0 0 0 0 2 2 0 
0 1 0 0 1 2 5 0 1 1 0 1 2 1 2 4 7 3 3 6 4 7 6 9 6 4 5 1 5 0 1 0 0 1 1 0 0 0 0 0 0 0 0 0 0 0 3 3 1 3 
0 1 0 0 1 1 1 4 1 1 3 1 0 2 2 5 4 4 5 2 7 6 8 6 6 3 3 6 1 3 0 0 0 0 1 0 0 0 0 0 0 0 0 0 1 3 2 3 1 2 
0 0 1 1 1 0 1 0 1 0 0 1 1 1 5 6 4 3 3 6 4 10 6 8 3 3 7 3 5 1 0 0 0 0 0 0 0 0 0 0 0 0 0 0 1 2 3 1 4 4 
0 0 0 2 3 1 1 2 2 1 1 0 1 3 3 3 4 3 5 5 5 5 6 5 6 6 2 5 3 4 4 0 0 0 0 0 0 0 0 0 0 0 0 0 0 1 0 2 4 2 
0 0 0 0 2 4 1 0 4 4 1 1 2 2 2 5 1 6 6 4 9 3 1 4 10 7 4 2 4 2 4 1 0 0 0 0 0 0 0 0 0 0 0 0 1 0 2 0 0 1 
0 0 1 0 0 1 2 3 0 5 3 1 2 2 7 1 5 4 4 10 2 1 1 5 3 7 6 2 3 5 3 2 1 0 0 0 0 0 0 0 0 0 0 2 1 2 1 0 0 2 
0 0 0 1 0 2 1 2 1 0 4 5 3 3 0 5 4 7 10 3 2 1 3 0 2 2 9 8 1 2 4 4 2 0 0 1 0 0 0 0 0 0 0 1 1 1 0 4 1 0 
0 0 0 0 1 0 1 2 2 3 2 3 7 1 5 4 6 6 7 1 1 3 1 1 1 3 1 9 6 2 3 6 1 3 0 0 0 0 0 0 0 0 2 0 2 0 1 1 2 0 
0 0 0 0 0 1 2 1 4 0 3 5 1 6 2 2 7 6 0 6 2 2 2 0 1 1 5 1 9 9 3 3 5 1 1 0 0 0 0 0 0 0 0 1 2 1 0 2 2 1 
0 0 0 0 0 0 1 3 2 5 0 4 2 4 6 4 5 3 4 3 3 0 1 1 0 1 3 1 5 6 4 7 4 3 0 1 0 0 0 0 0 1 0 2 2 0 5 3 1 0 
0 0 1 0 0 0 0 1 1 2 6 2 7 6 7 5 6 4 2 1 2 1 0 2 1 2 1 3 1 5 8 3 9 0 2 1 1 0 0 0 0 0 1 1 0 1 2 1 0 1 
0 0 0 0 0 0 1 0 0 2 3 2 4 11 5 7 4 2 2 1 0 1 1 1 2 1 2 5 4 3 5 5 1 8 2 2 0 0 0 0 1 0 1 3 1 3 3 1 0 0 
0 0 0 0 0 0 2 1 2 2 3 4 8 3 9 9 2 3 1 0 2 1 0 1 0 1 0 2 5 4 3 5 7 4 3 2 2 1 0 0 0 0 4 0 2 2 0 0 0 0 
0 0 0 0 0 0 0 1 2 3 3 13 4 5 6 5 6 3 1 1 0 2 3 0 2 1 2 0 2 1 6 3 5 8 5 3 0 0 0 1 0 1 0 1 0 1 0 0 0 0 
0 0 0 0 0 1 2 0 3 3 7 5 4 10 8 7 1 2 0 1 1 0 1 1 0 2 1 0 2 3 2 6 2 6 5 1 1 1 0 0 0 3 2 0 2 3 0 0 0 1 
0 0 0 0 1 3 0 0 0 7 7 3 9 5 2 3 4 0 2 0 0 1 1 3 1 0 1 0 0 5 4 3 4 1 8 8 5 0 0 0 1 3 1 1 1 1 1 0 0 0 
0 0 0 1 0 0 0 1 7 4 0 5 7 7 7 1 0 3 0 0 1 0 1 1 1 0 0 4 0 0 5 4 6 7 3 5 4 2 2 1 3 1 0 4 0 0 1 1 0 0 
0 1 1 0 2 0 0 2 2 1 4 4 5 8 0 3 0 0 2 0 0 1 0 0 3 0 0 0 3 0 1 7 5 4 7 6 7 2 3 3 3 0 4 1 1 2 1 0 0 1 
0 0 1 0 0 1 0 3 3 5 4 7 12 2 4 0 3 0 2 2 0 0 0 1 0 4 1 0 1 3 0 2 7 3 6 5 3 4 3 2 2 2 0 0 1 0 0 0 1 0 
0 0 1 0 0 0 1 4 3 3 7 11 2 5 1 0 0 0 0 2 0 2 1 0 1 0 3 1 0 2 2 1 2 7 5 8 5 4 4 3 1 4 2 1 1 0 0 0 0 0 
0 0 0 0 2 1 3 6 5 5 12 4 3 1 0 1 0 2 0 1 3 0 1 0 0 1 0 1 1 0 2 0 1 4 4 3 10 9 3 4 1 0 2 2 1 1 0 0 0 0 
0 0 0 0 3 0 6 4 7 12 5 2 4 0 2 1 3 0 1 1 2 2 0 0 0 2 0 0 1 1 0 4 0 2 7 5 4 7 5 3 1 1 0 0 2 0 0 0 0 0 
1 0 0 1 0 3 6 4 4 9 3 5 0 1 1 2 1 3 1 0 1 2 1 2 0 0 1 1 0 0 2 1 3 0 1 4 10 11 4 5 2 1 0 3 0 0 0 0 0 0 
0 1 0 1 1 8 2 5 10 3 5 1 0 0 1 1 2 2 0 2 0 1 2 1 3 0 1 0 1 1 0 2 3 3 1 4 4 9 12 3 4 0 0 0 0 0 0 0 0 0 
0 0 0 2 6 4 1 6 6 3 3 0 0 0 0 1 0 0 3 0 1 0 1 2 0 1 0 1 0 0 1 0 2 3 3 3 5 10 13 8 6 3 0 1 1 0 0 0 0 0 
0 0 1 5 3 3 5 9 3 7 1 0 0 0 0 0 2 2 1 1 1 1 0 2 3 1 1 0 1 0 0 1 1 1 2 4 3 4 9 10 9 1 1 0 1 0 0 0 0 0 
0 1 0 2 6 2 12 5 11 1 0 0 0 0 0 0 0 2 3 2 1 0 2 1 1 3 0 1 0 1 0 0 1 1 3 5 5 1 5 9 8 3 1 1 0 0 0 0 0 0 
1 0 1 5 0 3 6 11 3 1 1 0 0 0 0 0 0 0 1 3 2 2 0 0 0 1 3 0 1 0 1 0 0 3 2 4 7 5 3 13 7 7 1 0 1 1 0 0 0 0 
2 2 3 4 1 6 9 3 2 0 0 0 0 0 0 0 0 0 0 1 2 2 1 1 0 0 1 3 0 0 0 0 0 1 2 1 3 10 6 5 11 10 7 0 1 0 0 0 0 0 
0 0 6 3 4 14 5 7 0 1 0 0 0 0 0 0 0 0 1 0 3 2 2 1 1 0 1 1 3 2 0 0 0 1 1 1 5 2 7 3 8 6 7 2 0 0 0 0 0 0 
0 5 4 2 7 4 7 0 1 0 0 0 0 0 0 0 0 0 0 3 0 1 3 1 1 1 0 0 1 3 2 0 0 0 3 4 0 2 5 6 3 14 8 7 2 0 0 0 0 0 
1 4 1 3 12 6 5 3 0 0 1 0 0 0 0 0 0 0 0 0 1 1 1 3 2 1 2 0 0 1 3 3 1 1 1 0 1 2 2 5 8 8 6 9 2 0 0 0 0 0 
2 4 5 6 6 8 2 0 0 0 0 0 0 0 0 0 0 0 0 0 0 1 1 1 3 2 0 2 0 0 1 4 3 1 0 0 0 3 2 4 3 5 15 6 6 3 1 0 0 0 
3 3 4 7 6 6 2 0 0 0 0 0 0 0 0 0 0 0 1 0 0 0 1 1 1 3 2 0 2 0 1 2 5 2 0 0 1 1 1 2 5 6 7 15 7 2 1 0 0 0 
1 1 4 9 9 4 0 0 0 0 0 0 0 0 0 0 0 0 0 0 0 0 0 1 1 1 4 2 0 3 1 1 1 4 2 1 3 0 1 1 3 6 7 10 11 6 0 2 0 0 
3 2 7 8 7 0 1 0 0 0 0 0 0 0 0 0 0 1 0 0 0 0 0 0 1 1 1 5 2 1 3 0 0 1 4 4 1 0 0 1 1 3 7 8 14 10 3 0 0 0 
0 5 10 7 0 1 0 0 0 0 0 1 0 0 0 0 0 0 0 0 0 0 0 0 0 1 1 3 7 2 0 2 0 0 2 4 2 1 0 0 1 2 4 9 9 13 10 3 0 0 
2 5 7 5 2 0 0 0 0 0 0 0 1 0 0 0 0 0 0 0 0 0 1 0 0 0 2 3 2 6 1 0 1 0 0 1 4 2 2 0 0 1 2 4 13 13 13 5 2 0 
3 5 8 6 0 0 0 0 0 0 0 0 0 1 0 0 0 0 0 0 1 0 0 1 0 0 1 1 1 3 6 1 0 1 0 0 1 5 2 1 0 0 1 2 6 15 15 10 1 2 
6 11 7 2 2 0 0 0 0 0 0 0 0 0 1 0 0 0 0 0 0 0 0 0 1 2 0 0 2 1 2 6 1 0 1 0 1 1 4 2 1 0 0 1 2 9 13 13 8 0 
7 5 8 2 0 0 0 0 0 0 0 0 0 0 0 1 0 0 0 0 0 0 0 0 2 1 0 0 0 1 2 2 5 1 0 3 0 0 1 4 2 1 0 0 1 1 16 17 15 2 
11 16 4 0 0 0 0 0 0 0 0 0 0 0 0 0 1 0 0 0 0 0 0 2 0 0 1 0 0 0 1 0 4 3 0 4 1 0 1 1 4 2 1 0 0 1 1 22 10 9 
15 13 0 0 0 0 0 0 0 0 0 0 0 0 0 0 0 0 0 0 0 1 1 0 0 0 0 1 0 0 0 2 1 2 8 0 1 0 0 0 1 4 2 0 0 0 1 1 34 12 
27 0 0 0 0 0 0 0 0 0 0 0 0 0 0 0 0 0 0 0 0 1 1 0 0 0 0 0 1 0 0 1 2 6 2 2 0 1 0 0 0 1 4 2 0 1 0 1 3 44 

Pair-order violations matrix
0 52 46 45 46 48 45 48 47 40 43 44 42 44 38 44 42 39 43 44 50 42 41 36 46 42 49 50 43 45 37 45 47 38 39 48 37 42 40 39 35 36 31 29 30 36 30 39 35 34 
52 0 45 43 44 45 43 45 44 37 40 41 39 41 35 42 40 36 41 41 47 39 40 34 44 40 47 48 41 42 36 42 45 37 36 45 35 40 38 36 33 33 28 26 27 33 27 36 33 32 
46 45 0 42 43 45 42 45 44 37 40 41 39 41 35 41 39 36 40 41 47 39 39 33 43 39 46 48 40 42 35 42 45 36 37 45 35 40 37 36 32 33 28 26 27 33 27 36 32 31 
45 43 42 0 43 46 43 46 45 38 41 42 40 42 36 42 40 37 41 42 48 40 40 34 44 39 47 49 41 42 36 43 46 36 37 46 36 41 38 37 33 34 29 27 28 34 28 37 33 32 
46 44 43 43 0 44 42 45 44 37 40 41 39 41 35 41 39 36 40 41 47 39 39 33 43 39 46 48 40 42 34 42 45 36 36 45 34 40 37 36 32 32 28 26 27 33 27 36 32 31 
48 45 45 46 44 0 41 45 44 37 40 41 39 41 35 41 39 36 40 41 47 39 38 33 43 39 46 47 40 42 33 42 44 35 34 45 33 39 37 36 32 32 28 26 27 33 27 36 32 31 
45 43 42 43 42 41 0 50 50 43 46 47 45 47 41 47 45 42 46 47 53 45 44 38 48 44 51 54 45 46 40 48 50 41 39 50 39 45 41 42 38 39 34 32 33 39 33 42 38 36 
48 45 45 46 45 45 50 0 49 44 46 47 45 47 42 49 47 43 48 48 54 46 45 41 50 46 54 53 48 47 41 48 51 41 41 51 40 45 45 42 40 39 35 33 34 40 34 43 40 39 
47 44 44 45 44 44 50 49 0 49 50 52 50 52 46 52 50 47 50 52 58 50 49 44 53 49 55 58 50 50 43 53 55 45 45 55 44 50 45 46 43 43 39 37 38 44 38 47 43 42 
40 37 37 38 37 37 43 44 49 0 44 46 44 46 40 45 43 41 43 46 51 44 43 37 47 43 48 51 43 45 37 47 48 40 39 47 38 43 39 39 37 38 33 31 32 38 32 41 36 35 
43 40 40 41 40 40 46 46 50 44 0 40 38 40 34 41 38 35 40 40 46 38 39 33 43 38 45 47 40 42 34 42 44 36 36 45 35 40 37 35 32 33 28 26 27 33 27 35 31 31 
44 41 41 42 41 41 47 47 52 46 40 0 42 43 38 43 42 39 43 43 48 41 41 37 46 43 49 49 42 44 35 43 46 40 37 48 36 42 40 39 36 35 30 29 30 36 30 38 36 34 
42 39 39 40 39 39 45 45 50 44 38 42 0 44 39 44 42 39 42 44 49 42 43 37 45 42 48 49 43 44 37 45 47 39 38 46 38 42 38 37 36 36 31 29 30 36 30 39 35 35 
44 41 41 42 41 41 47 47 52 46 40 43 44 0 38 44 43 40 43 44 49 42 43 37 47 43 49 49 44 44 37 44 47 39 39 47 38 43 40 38 36 36 31 29 30 36 30 39 36 35 
38 35 35 36 35 35 41 42 46 40 34 38 39 38 0 45 43 40 44 44 50 43 42 36 47 43 49 51 44 43 38 44 48 40 38 46 36 41 40 39 37 36 32 30 31 37 30 40 37 35 
44 42 41 42 41 41 47 49 52 45 41 43 44 44 45 0 47 45 50 50 56 48 46 43 51 48 54 55 49 50 41 51 52 44 41 54 42 47 45 44 42 42 38 36 37 43 37 45 41 41 
42 40 39 40 39 39 45 47 50 43 38 42 42 43 43 47 0 39 41 44 49 42 41 35 44 42 48 47 43 43 36 42 47 37 37 45 36 42 39 37 35 35 31 29 30 36 30 39 35 33 
39 36 36 37 36 36 42 43 47 41 35 39 39 40 40 45 39 0 47 49 53 47 45 41 50 47 53 52 47 48 40 48 49 43 39 50 40 44 44 42 41 41 36 34 35 41 35 44 40 39 
43 41 40 41 40 40 46 48 50 43 40 43 42 43 44 50 41 47 0 45 51 43 41 37 46 42 50 50 44 44 38 45 48 37 39 48 38 42 41 39 36 37 32 30 31 37 31 40 36 35 
44 41 41 42 41 41 47 48 52 46 40 43 44 44 44 50 44 49 45 0 46 38 38 33 43 39 46 46 40 41 34 41 43 35 35 44 33 38 37 35 32 32 27 25 26 32 26 35 32 31 
50 47 47 48 47 47 53 54 58 51 46 48 49 49 50 56 49 53 51 46 0 44 43 39 50 44 50 51 45 45 39 48 48 39 41 49 39 44 41 41 38 39 34 32 33 38 33 42 38 38 
42 39 39 40 39 39 45 46 50 44 38 41 42 42 43 48 42 47 43 38 44 0 43 38 46 43 50 50 44 46 37 46 47 40 36 48 37 42 40 39 37 36 32 30 31 37 31 40 36 36 
41 40 39 40 39 38 44 45 49 43 39 41 43 43 42 46 41 45 41 38 43 43 0 40 50 44 51 53 47 47 39 49 51 41 42 51 41 47 43 41 39 39 35 33 34 40 34 42 38 38 
36 34 33 34 33 33 38 41 44 37 33 37 37 37 36 43 35 41 37 33 39 38 40 0 52 47 56 56 50 52 42 52 54 45 45 55 45 49 48 45 43 44 40 38 39 44 38 46 41 43 
46 44 43 44 43 43 48 50 53 47 43 46 45 47 47 51 44 50 46 43 50 46 50 52 0 42 49 52 45 45 39 46 49 39 40 49 39 43 41 41 37 38 33 31 32 38 31 41 37 36 
42 40 39 39 39 39 44 46 49 43 38 43 42 43 43 48 42 47 42 39 44 43 44 47 42 0 53 54 48 48 42 49 53 42 44 51 43 47 44 42 40 41 36 34 35 41 35 44 40 39 
49 47 46 47 46 46 51 54 55 48 45 49 48 49 49 54 48 53 50 46 50 50 51 56 49 53 0 55 49 51 43 50 53 45 42 53 43 49 45 45 41 42 37 35 36 42 36 45 41 39 
50 48 48 49 48 47 54 53 58 51 47 49 49 49 51 55 47 52 50 46 51 50 53 56 52 54 55 0 42 44 37 45 47 39 38 48 37 42 38 39 35 36 31 29 30 36 30 39 35 34 
43 41 40 41 40 40 45 48 50 43 40 42 43 44 44 49 43 47 44 40 45 44 47 50 45 48 49 42 0 43 36 44 48 38 37 45 36 42 38 37 34 34 30 28 29 35 29 38 34 32 
45 42 42 42 42 42 46 47 50 45 42 44 44 44 43 50 43 48 44 41 45 46 47 52 45 48 51 44 43 0 33 42 45 36 35 45 34 40 37 36 32 32 28 26 27 33 27 36 32 31 
37 36 35 36 34 33 40 41 43 37 34 35 37 37 38 41 36 40 38 34 39 37 39 42 39 42 43 37 36 33 0 46 50 39 42 49 40 44 42 40 37 38 33 31 32 38 32 41 37 36 
45 42 42 43 42 42 48 48 53 47 42 43 45 44 44 51 42 48 45 41 48 46 49 52 46 49 50 45 44 42 46 0 47 38 38 47 37 42 38 38 36 36 32 30 31 37 31 40 35 35 
47 45 45 46 45 44 50 51 55 48 44 46 47 47 48 52 47 49 48 43 48 47 51 54 49 53 53 47 48 45 50 47 0 34 38 45 36 40 37 35 33 34 29 27 28 34 28 37 33 32 
38 37 36 36 36 35 41 41 45 40 36 40 39 39 40 44 37 43 37 35 39 40 41 45 39 42 45 39 38 36 39 38 34 0 36 47 35 41 38 38 34 34 30 28 29 35 29 38 34 33 
39 36 37 37 36 34 39 41 45 39 36 37 38 39 38 41 37 39 39 35 41 36 42 45 40 44 42 38 37 35 42 38 38 36 0 47 39 42 39 37 35 36 31 29 30 36 30 39 35 34 
48 45 45 46 45 45 50 51 55 47 45 48 46 47 46 54 45 50 48 44 49 48 51 55 49 51 53 48 45 45 49 47 45 47 47 0 36 40 37 37 33 34 29 27 28 34 28 37 33 32 
37 35 35 36 34 33 39 40 44 38 35 36 38 38 36 42 36 40 38 33 39 37 41 45 39 43 43 37 36 34 40 37 36 35 39 36 0 40 37 35 33 34 29 27 28 34 28 37 33 32 
42 40 40 41 40 39 45 45 50 43 40 42 42 43 41 47 42 44 42 38 44 42 47 49 43 47 49 42 42 40 44 42 40 41 42 40 40 0 36 34 31 31 26 24 25 31 25 34 31 30 
40 38 37 38 37 37 41 45 45 39 37 40 38 40 40 45 39 44 41 37 41 40 43 48 41 44 45 38 38 37 42 38 37 38 39 37 37 36 0 36 33 34 29 27 28 34 28 37 33 32 
39 36 36 37 36 36 42 42 46 39 35 39 37 38 39 44 37 42 39 35 41 39 41 45 41 42 45 39 37 36 40 38 35 38 37 37 35 34 36 0 32 34 29 27 28 34 28 37 33 32 
35 33 32 33 32 32 38 40 43 37 32 36 36 36 37 42 35 41 36 32 38 37 39 43 37 40 41 35 34 32 37 36 33 34 35 33 33 31 33 32 0 35 30 28 29 35 29 38 34 33 
36 33 33 34 32 32 39 39 43 38 33 35 36 36 36 42 35 41 37 32 39 36 39 44 38 41 42 36 34 32 38 36 34 34 36 34 34 31 34 34 35 0 29 27 28 34 28 37 33 32 
31 28 28 29 28 28 34 35 39 33 28 30 31 31 32 38 31 36 32 27 34 32 35 40 33 36 37 31 30 28 33 32 29 30 31 29 29 26 29 29 30 29 0 25 26 32 26 35 32 31 
29 26 26 27 26 26 32 33 37 31 26 29 29 29 30 36 29 34 30 25 32 30 33 38 31 34 35 29 28 26 31 30 27 28 29 27 27 24 27 27 28 27 25 0 25 31 25 34 31 30 
30 27 27 28 27 27 33 34 38 32 27 30 30 30 31 37 30 35 31 26 33 31 34 39 32 35 36 30 29 27 32 31 28 29 30 28 28 25 28 28 29 28 26 25 0 31 24 33 30 29 
36 33 33 34 33 33 39 40 44 38 33 36 36 36 37 43 36 41 37 32 38 37 40 44 38 41 42 36 35 33 38 37 34 35 36 34 34 31 34 34 35 34 32 31 31 0 25 34 31 30 
30 27 27 28 27 27 33 34 38 32 27 30 30 30 30 37 30 35 31 26 33 31 34 38 31 35 36 30 29 27 32 31 28 29 30 28 28 25 28 28 29 28 26 25 24 25 0 35 32 31 
39 36 36 37 36 36 42 43 47 41 35 38 39 39 40 45 39 44 40 35 42 40 42 46 41 44 45 39 38 36 41 40 37 38 39 37 37 34 37 37 38 37 35 34 33 34 35 0 38 37 
35 33 32 33 32 32 38 40 43 36 31 36 35 36 37 41 35 40 36 32 38 36 38 41 37 40 41 35 34 32 37 35 33 34 35 33 33 31 33 33 34 33 32 31 30 31 32 38 0 35 
34 32 31 32 31 31 36 39 42 35 31 34 35 35 35 41 33 39 35 31 38 36 38 43 36 39 39 34 32 31 36 35 32 33 34 32 32 30 32 32 33 32 31 30 29 30 31 37 35 0 

Rho histogram: 
15 16 16 9 10 2 8 6 2 5 1 2 3 3 0 1 0 0 1 0 

Summary:
objF nSamp nIter rhoMean rhoStDev rProp hitsProp rankHitsProp seconds
Rgar12 50 100 0.23218151260504197 0.2005721790493037 0 0 0.0468 41.637264354
