=======================================================
Objective function:  Gar25
Matrix:  R100.csv
Iterations:  100
Heuristic for search:  RobSA3
Improvement function # 0
Window width for improvement:  0
Heuristic for improvement:  RobSA3
Seed:  33
=======================================================

Best permutations: 
98 97 96 94 90 88 85 81 76 75 74 73 72 69 68 67 66 65 64 62 61 59 58 55 54 50 45 42 41 43 36 35 33 32 31 29 22 21 15 0 1 2 3 4 5 6 7 8 9 10 11 12 13 14 16 17 18 19 20 23 24 25 26 27 28 30 34 37 38 39 40 44 46 47 48 49 51 52 53 56 57 60 63 70 71 77 78 79 80 82 83 84 86 87 89 91 92 93 95 99 
97 94 86 85 82 80 75 74 71 70 66 65 57 52 51 43 40 38 33 0 1 2 3 4 5 6 7 8 9 10 11 12 13 14 15 16 17 18 19 20 21 22 23 24 25 26 27 28 29 30 31 32 34 35 36 37 39 41 42 44 46 45 47 48 49 50 53 54 55 56 58 59 60 61 62 63 64 67 68 69 72 73 76 77 78 79 81 83 84 87 88 89 90 91 92 93 95 96 98 99 
0 1 2 3 4 8 9 10 11 14 16 19 20 21 22 23 24 25 28 33 37 38 39 43 44 47 48 51 54 58 65 73 78 96 97 99 98 95 94 93 92 91 90 89 88 87 86 85 84 83 82 81 80 79 77 76 75 74 72 71 70 69 67 68 66 64 63 62 61 60 59 57 56 55 53 52 50 49 46 45 42 41 40 36 35 34 32 31 30 29 27 26 18 17 15 13 12 7 6 5 
98 83 78 74 73 72 71 69 66 62 61 59 54 53 50 49 43 23 21 0 1 2 8 5 6 9 10 12 13 14 16 17 18 19 20 26 27 28 29 30 31 36 37 38 40 42 44 45 46 48 51 58 60 63 68 76 92 93 97 99 96 95 94 91 90 89 88 87 86 85 84 82 80 81 79 77 75 70 67 65 64 57 56 55 52 47 41 39 35 34 33 32 25 24 22 15 11 7 4 3 
99 98 96 95 93 90 88 86 84 82 77 75 74 72 69 63 62 61 59 56 51 49 48 47 43 42 41 40 38 37 36 34 28 25 24 20 11 6 4 3 2 1 0 5 7 8 9 10 12 13 14 15 16 17 18 19 21 22 23 26 27 29 30 31 32 33 35 39 44 45 46 50 52 53 54 55 57 58 60 64 65 66 67 68 70 71 73 76 78 79 80 81 83 85 87 89 91 92 94 97 
78 77 73 69 68 66 62 59 57 56 52 47 19 18 14 0 1 2 3 4 5 6 7 8 10 11 13 16 22 24 25 26 28 29 31 33 37 40 41 42 44 45 49 58 94 95 96 98 99 97 93 92 91 90 89 88 87 86 85 84 83 82 81 80 79 75 76 74 72 71 70 67 65 64 63 60 61 55 54 53 51 50 48 46 43 39 38 36 35 34 32 30 27 23 21 20 17 15 12 9 
99 98 96 95 92 91 90 77 76 73 71 69 70 62 58 59 57 56 53 52 50 46 45 44 39 37 35 33 32 27 25 24 23 22 19 17 16 15 9 8 5 3 2 1 0 4 6 7 10 12 11 13 14 18 20 21 26 28 29 30 31 34 36 38 40 41 42 43 47 49 48 51 54 55 60 61 63 64 65 66 67 68 74 72 75 78 79 80 81 82 83 84 85 87 86 88 89 93 94 97 
78 74 69 61 57 52 42 38 35 0 1 2 3 4 5 6 8 9 7 10 11 12 13 14 15 16 17 18 19 20 21 22 23 24 25 26 27 28 29 30 31 32 33 34 36 37 39 40 41 43 44 45 46 47 48 49 50 51 53 54 55 56 58 59 60 62 64 63 65 66 67 68 70 71 72 73 75 76 77 79 80 81 82 83 84 85 86 87 88 89 90 91 92 93 94 95 96 97 98 99 
97 94 86 85 81 70 67 63 62 61 57 56 55 53 52 17 16 14 0 2 3 4 5 6 7 8 11 12 13 18 19 20 22 23 24 25 28 29 30 38 39 41 42 43 44 45 48 50 51 54 58 59 60 64 65 66 68 69 71 72 73 74 75 76 77 78 79 80 82 83 84 88 90 92 91 93 95 96 98 99 89 87 49 47 46 40 37 36 35 34 33 32 31 27 26 21 15 10 9 1 
99 98 97 93 86 81 77 75 73 68 67 64 60 59 57 54 53 50 49 48 46 45 43 39 37 33 31 30 28 26 25 23 22 21 19 18 17 16 14 15 12 11 13 10 9 8 7 6 5 4 3 2 1 0 20 24 27 29 32 34 35 36 38 40 41 42 44 47 51 52 55 56 58 61 62 63 65 66 69 70 71 72 74 76 78 79 80 82 83 84 85 87 88 89 90 91 92 94 95 96 
98 97 96 93 92 89 87 86 81 79 77 72 70 68 65 62 54 51 50 47 46 43 41 40 36 35 33 32 29 27 26 25 24 23 22 21 20 19 18 17 16 15 14 13 9 0 1 2 3 4 6 5 7 8 10 11 12 28 30 31 34 37 38 39 42 44 45 48 49 52 53 55 56 57 58 59 60 61 63 64 66 67 69 71 73 74 75 76 78 80 82 83 84 85 88 90 91 94 95 99 
0 1 2 3 5 6 7 8 9 10 11 14 15 17 19 20 25 29 31 33 34 37 38 40 41 44 46 47 48 49 51 54 53 55 56 57 58 59 60 61 62 63 64 65 66 67 68 69 70 71 72 73 74 75 76 77 79 78 80 81 82 83 84 85 86 87 88 90 89 91 92 93 94 95 96 97 99 98 52 50 45 43 42 39 36 35 32 30 28 27 26 24 23 22 21 18 16 13 12 4 
97 93 92 90 87 83 81 80 78 76 74 73 69 66 58 56 54 52 49 47 45 43 38 37 35 34 33 32 31 27 26 24 22 21 20 17 16 14 13 11 10 9 7 8 6 5 4 3 2 1 0 12 15 18 19 23 25 28 29 30 36 39 40 41 42 44 46 48 50 51 53 55 57 59 60 61 62 63 64 65 67 68 70 71 72 75 77 79 82 84 85 86 88 89 91 94 95 96 98 99 
99 96 94 84 83 80 76 75 69 65 64 60 59 58 55 51 46 43 42 41 40 39 38 37 36 34 32 33 27 26 23 22 21 14 11 7 0 2 1 3 4 5 6 8 9 10 12 13 15 16 17 18 19 20 24 25 28 29 30 31 35 45 44 47 48 49 50 52 53 54 56 57 61 62 63 66 67 68 70 71 72 73 74 77 78 79 81 82 85 86 87 88 89 90 91 92 93 95 97 98 
98 90 89 86 84 78 77 75 74 73 72 69 64 63 61 59 55 52 47 46 45 43 42 41 39 38 36 35 33 32 30 28 27 26 22 21 19 17 15 14 13 12 10 9 8 7 6 5 4 3 2 1 0 11 16 18 20 23 24 25 29 31 34 40 37 44 48 49 50 51 53 54 56 57 58 60 62 65 66 67 68 70 71 76 79 80 81 82 83 85 87 88 91 92 93 94 95 96 97 99 
94 93 92 90 84 77 76 75 74 73 70 69 66 64 63 62 57 58 55 53 50 47 46 44 43 41 39 35 38 34 33 31 30 29 28 27 22 21 17 16 7 6 5 3 2 0 1 4 8 9 10 11 13 12 14 15 18 19 20 23 24 25 26 32 36 40 37 42 45 48 49 51 52 54 56 59 60 61 65 67 68 71 72 78 79 80 81 82 83 85 86 87 88 89 91 95 96 97 98 99 
98 92 91 89 88 87 85 82 80 79 78 76 75 70 69 66 63 62 60 59 58 56 52 51 49 48 46 45 43 40 39 35 34 33 30 29 24 22 18 8 6 5 4 3 2 1 0 7 9 10 12 11 13 14 15 16 17 19 20 21 23 25 26 27 28 31 32 36 37 38 41 42 44 47 50 53 54 55 57 61 64 65 67 68 71 72 73 74 77 81 83 84 86 90 93 94 95 96 97 99 
2 14 17 20 21 22 23 26 33 35 38 43 45 49 52 54 55 58 59 72 73 84 86 87 89 88 90 91 94 95 98 97 96 93 92 83 82 81 80 78 77 70 66 60 47 46 41 19 18 16 15 13 12 11 10 9 8 7 6 5 4 3 0 1 24 25 27 28 29 30 31 32 34 36 37 40 39 42 44 48 50 51 53 56 57 61 62 63 64 65 68 67 69 71 74 75 76 79 85 99 
99 98 94 93 92 90 87 86 80 76 75 74 73 71 70 67 66 63 62 60 59 57 52 51 48 47 46 45 39 38 36 35 33 30 25 24 23 22 21 20 19 16 15 14 13 12 11 7 9 5 4 3 2 1 0 6 8 10 17 18 26 27 28 29 31 32 34 37 41 40 42 43 44 49 50 53 54 55 56 58 61 64 65 68 69 72 77 78 79 81 82 83 84 85 88 89 91 95 96 97 
98 97 79 96 95 94 93 76 66 65 64 58 57 56 55 54 52 51 50 48 47 46 45 44 43 42 39 38 36 35 34 30 23 20 18 11 10 6 2 1 0 3 4 5 7 8 9 12 13 14 15 16 17 19 21 22 24 25 26 27 28 29 31 32 33 37 40 41 49 53 59 60 61 62 63 67 68 69 70 71 72 73 74 75 77 78 80 81 82 83 84 85 86 87 88 89 90 91 92 99 
86 83 82 80 77 74 72 70 69 68 66 59 61 57 56 55 54 52 50 48 47 44 41 37 36 34 33 30 28 27 25 0 1 2 3 4 5 6 8 9 7 10 11 12 14 15 16 18 20 21 22 24 29 43 46 49 53 58 60 62 63 64 65 71 75 73 76 78 79 81 84 85 88 89 90 91 92 93 94 95 96 98 87 99 97 67 51 45 42 40 39 38 35 32 31 26 23 19 17 13 
0 1 2 3 4 5 7 8 9 10 11 12 13 14 16 17 18 19 20 21 23 26 27 28 29 30 32 33 34 35 40 42 44 46 49 51 52 53 54 55 56 59 60 61 63 64 65 66 67 68 70 71 72 73 74 75 77 76 79 80 81 78 82 83 84 85 86 87 88 89 90 91 92 93 94 95 96 97 99 98 69 62 58 57 50 48 47 45 43 41 39 38 37 36 31 25 24 22 15 6 
97 84 83 82 81 80 79 75 74 72 68 64 63 56 57 53 50 49 48 47 46 44 43 39 37 36 34 33 30 26 25 22 21 14 0 1 2 3 4 5 6 7 8 9 10 11 12 16 13 15 17 18 19 20 23 24 27 28 29 31 32 35 38 40 41 42 45 51 52 54 55 58 59 60 61 62 65 66 67 69 70 71 73 76 77 78 85 86 87 88 89 90 91 92 93 94 95 96 98 99 
83 79 74 73 72 67 65 63 61 58 57 56 52 49 44 39 34 0 1 2 3 4 5 6 7 8 9 10 12 13 14 15 19 22 23 24 25 26 27 28 30 31 32 33 35 37 40 46 50 51 53 55 60 62 64 68 69 70 71 75 76 77 78 80 81 82 84 85 86 87 88 89 90 95 96 97 99 98 94 93 92 91 66 59 54 48 47 45 43 42 41 38 36 29 21 20 18 17 16 11 
99 97 96 94 86 85 82 81 80 77 76 73 72 70 69 68 67 65 64 63 60 59 57 56 55 54 53 52 51 46 45 38 37 32 31 29 23 22 11 9 8 7 6 5 4 3 2 1 0 10 12 13 14 15 16 17 18 19 20 21 24 25 26 27 28 30 33 34 35 36 39 40 41 42 43 44 47 48 49 50 58 61 62 66 71 74 75 78 79 83 84 87 88 89 90 91 92 93 95 98 
97 96 94 93 92 91 81 79 76 73 72 71 68 64 62 60 57 56 55 50 48 46 45 44 38 36 35 28 11 0 1 2 3 4 5 6 7 8 9 10 12 13 14 16 15 17 18 19 20 21 22 23 24 25 26 27 29 30 31 32 33 34 37 39 40 41 42 43 47 49 51 52 53 54 58 59 61 63 65 66 67 69 70 74 75 77 78 80 82 83 84 85 86 87 88 89 90 95 98 99 
99 98 96 94 90 89 88 87 86 85 84 78 70 68 63 62 61 60 59 56 55 53 52 51 49 48 46 45 43 40 39 36 35 31 26 20 19 18 17 16 14 13 12 11 9 8 7 6 5 4 3 2 1 0 10 15 21 22 23 24 25 27 28 29 30 32 33 34 37 38 41 42 44 47 50 54 57 58 64 65 66 67 69 71 72 73 74 75 76 77 79 80 81 82 83 91 92 93 95 97 
95 94 93 92 76 73 69 66 65 64 62 63 61 60 58 56 55 50 49 47 46 45 44 43 41 39 35 34 32 29 27 26 17 15 13 10 9 8 7 6 0 1 2 3 4 5 11 12 14 16 18 19 20 21 22 23 24 25 28 30 31 33 36 37 38 40 42 48 51 52 53 54 57 59 67 68 70 71 72 74 75 77 78 79 80 81 82 83 84 85 86 87 88 89 90 91 96 97 98 99 
98 86 80 78 77 76 75 74 72 71 70 69 68 65 64 63 56 53 51 50 49 48 47 46 45 44 43 40 38 37 31 30 21 15 0 1 2 3 4 5 6 7 8 9 10 11 12 13 14 16 17 18 19 20 22 23 24 25 26 27 28 29 32 33 34 35 36 39 41 42 52 54 55 57 58 59 60 61 62 66 67 73 79 81 82 83 84 85 87 88 89 90 91 92 93 94 95 96 97 99 
3 7 10 11 12 13 14 15 16 17 18 20 21 22 23 25 26 28 29 33 35 38 39 43 50 54 55 56 57 62 63 64 67 68 69 70 71 72 73 74 75 77 78 80 81 82 83 84 85 86 87 89 90 91 92 93 94 95 96 97 99 98 88 79 76 66 65 61 60 59 58 53 52 51 49 48 47 46 45 44 42 41 40 37 36 34 32 31 30 27 24 19 9 8 6 5 4 2 1 0 
98 97 95 79 71 72 69 66 64 62 60 53 51 52 50 49 47 54 46 44 43 41 37 39 35 31 30 29 28 27 24 23 22 21 20 19 18 17 16 15 14 12 11 13 10 9 8 7 6 5 4 3 2 1 0 25 26 32 33 34 36 38 40 42 45 48 55 56 57 58 59 61 63 65 67 68 70 73 74 75 76 77 78 80 81 82 83 84 85 86 87 88 89 90 91 92 93 94 96 99 
0 1 3 5 6 7 8 10 11 12 13 14 15 16 17 18 20 23 24 25 26 27 28 34 36 37 38 43 44 50 49 53 54 60 63 75 95 96 99 98 97 94 93 91 92 90 89 88 87 86 85 84 83 82 81 80 79 78 77 76 74 73 72 71 69 70 68 67 66 65 64 62 61 59 58 57 56 55 52 51 48 47 46 45 42 40 41 39 35 29 33 32 31 30 22 21 19 9 4 2 
97 92 91 67 57 59 61 56 54 53 48 46 44 42 43 38 35 33 32 31 28 0 1 2 3 4 5 6 7 8 9 10 12 11 13 14 15 16 17 18 19 20 21 22 23 24 25 26 27 29 30 34 36 37 39 40 41 45 47 49 50 51 52 55 58 60 62 63 64 65 66 68 69 70 71 72 73 74 75 76 77 78 79 80 81 82 83 84 85 86 87 88 89 90 93 94 95 96 98 99 
97 93 92 91 90 89 88 87 82 80 74 73 71 67 66 64 62 60 58 57 54 53 51 46 45 43 41 38 37 35 34 33 32 31 29 27 25 24 23 21 20 19 18 17 16 15 14 13 12 11 10 9 8 0 1 2 3 4 5 6 7 22 26 28 30 36 39 40 42 44 47 48 49 50 52 55 56 59 61 63 65 68 69 70 72 75 76 77 78 79 81 83 84 85 86 94 95 96 98 99 
93 72 71 68 65 63 62 61 54 53 52 47 48 45 36 41 33 23 0 1 2 3 4 5 6 7 8 9 10 11 12 13 14 15 17 16 18 19 20 21 22 24 25 26 27 28 29 31 30 32 34 35 37 38 39 40 42 43 44 46 49 50 51 55 56 57 58 59 60 64 66 67 69 70 73 74 75 76 77 78 79 80 81 82 83 84 85 86 87 88 89 90 91 92 94 95 96 97 98 99 
97 90 86 83 81 79 77 75 73 74 72 71 70 69 67 66 61 63 56 53 52 51 50 49 47 45 43 42 40 39 37 36 32 31 30 24 20 0 1 2 3 4 5 6 7 8 9 10 11 12 13 14 15 16 17 18 19 21 22 23 25 26 27 28 29 33 34 35 38 41 44 46 48 54 55 57 58 59 60 62 64 65 68 76 78 80 82 84 85 87 88 89 91 92 93 94 95 96 98 99 
99 97 96 94 79 77 76 69 68 67 64 62 61 58 53 52 51 50 49 48 44 40 38 11 9 8 7 6 5 4 3 2 1 0 10 12 13 14 15 16 17 18 19 20 21 22 23 24 25 26 27 28 29 30 31 32 33 34 35 36 37 39 41 42 43 45 46 47 54 55 56 57 59 60 63 65 66 70 71 72 73 74 75 78 80 81 82 83 84 85 86 87 88 89 90 91 92 93 95 98 
99 95 93 92 91 90 89 84 83 79 78 70 67 64 55 56 52 49 48 47 46 45 39 37 36 35 33 30 24 21 19 15 11 0 1 2 3 6 4 5 7 8 9 10 12 13 14 16 17 18 20 22 23 25 26 27 28 29 31 32 34 38 40 41 42 43 44 50 51 53 54 57 58 59 60 61 62 63 65 66 69 68 71 72 73 74 75 76 77 80 81 82 85 86 87 88 94 96 97 98 
82 78 63 57 53 51 49 48 46 0 1 2 3 4 5 6 7 8 9 10 11 12 13 14 15 16 17 18 20 21 22 23 24 25 26 27 28 29 30 31 32 33 34 35 36 37 39 38 41 40 42 43 45 44 47 50 52 54 55 56 58 59 60 61 62 64 65 66 67 68 69 70 71 72 73 75 74 76 77 79 80 81 83 84 85 86 87 88 89 90 91 92 93 94 95 96 97 98 99 19 
99 98 97 93 92 89 88 87 83 81 77 74 71 70 69 64 61 60 54 53 52 49 47 46 44 43 41 32 31 29 27 26 24 22 21 20 0 1 2 3 4 5 6 7 8 9 10 11 12 13 14 15 16 17 18 19 23 25 28 30 33 34 35 36 37 38 39 40 42 45 48 50 51 55 56 57 58 59 62 63 65 66 67 68 72 73 75 76 78 79 80 82 84 85 86 90 91 94 95 96 
97 95 93 85 82 80 77 78 76 75 74 70 69 67 64 63 62 60 55 52 51 50 49 45 42 38 41 37 36 32 31 27 24 22 20 19 18 16 15 14 13 12 10 9 6 5 4 3 2 1 7 8 11 0 17 21 23 26 25 28 29 30 33 34 35 39 40 43 44 46 47 48 53 54 56 57 58 59 61 65 66 68 71 72 73 79 81 83 84 86 87 88 89 90 91 92 94 96 98 99 
0 1 2 3 4 5 6 7 8 9 10 13 14 15 20 22 23 24 26 27 31 34 35 36 39 41 43 46 47 49 50 53 54 55 56 57 58 59 60 61 62 63 64 65 66 68 69 70 71 72 73 74 76 75 77 78 79 80 81 82 83 84 85 86 87 88 89 90 91 92 93 97 99 98 96 95 94 67 51 48 45 44 42 52 40 38 37 33 32 30 29 28 25 21 19 18 17 16 12 11 
0 1 2 3 4 5 6 8 9 10 11 12 13 15 19 22 23 24 26 27 33 34 35 36 38 39 40 41 46 47 50 51 52 53 54 57 58 59 61 63 71 79 91 92 98 99 97 96 95 94 93 90 89 88 87 86 85 84 83 82 81 80 78 77 76 75 74 73 70 72 69 68 67 66 65 64 62 60 56 55 49 48 45 44 43 42 37 32 31 30 29 28 25 21 20 18 17 16 14 7 
3 10 14 18 19 26 29 31 32 35 36 39 40 42 43 45 46 47 48 52 69 79 82 84 86 87 88 89 90 92 98 99 97 94 93 91 78 77 76 75 74 72 70 66 59 54 53 51 41 38 34 33 30 28 27 25 24 23 22 21 20 17 15 16 13 12 11 9 8 7 0 1 2 4 5 6 37 44 49 50 55 56 57 58 60 61 62 63 64 65 67 68 71 73 80 81 83 85 95 96 
0 1 2 11 16 26 28 29 30 31 32 33 34 37 39 40 43 44 47 52 54 67 90 91 92 93 94 95 96 98 99 97 89 88 87 85 86 81 83 80 79 77 76 75 74 65 64 61 59 57 53 51 46 45 41 38 35 25 24 23 21 17 15 13 12 10 9 8 7 6 5 3 4 14 18 19 20 22 27 36 42 48 49 50 55 56 58 60 63 62 66 68 69 70 71 72 73 78 82 84 
91 87 85 86 79 77 73 72 67 65 64 63 56 62 59 52 50 49 48 47 46 45 44 43 42 40 36 35 34 31 30 29 28 27 26 25 23 22 21 20 19 18 17 16 15 13 12 11 10 9 8 7 6 5 4 3 2 1 0 14 24 32 33 37 38 39 41 51 53 54 55 57 58 60 61 66 68 69 70 71 74 75 76 78 80 81 82 83 84 88 89 90 92 93 94 95 96 97 98 99 
86 77 73 72 71 70 69 67 64 62 59 58 55 53 50 43 40 38 41 37 36 35 34 33 32 31 30 29 27 25 24 23 22 21 20 19 18 17 14 13 12 11 10 9 8 15 7 6 5 4 2 3 1 0 16 28 39 42 44 45 46 47 48 49 52 54 56 57 60 61 65 66 68 74 75 76 78 79 80 81 82 83 84 85 87 88 89 90 91 92 93 94 95 96 97 98 99 63 51 26 
99 89 86 82 79 74 71 70 68 64 63 62 61 60 52 44 41 39 37 34 33 32 31 29 28 26 23 22 21 19 18 16 15 14 13 12 11 10 8 7 0 1 2 3 4 5 6 9 17 24 25 27 30 35 36 38 40 42 43 45 46 47 48 49 50 51 53 54 55 56 57 58 59 65 66 67 69 72 73 75 76 77 78 80 81 83 84 85 87 88 90 91 92 93 94 95 96 97 98 20 
1 3 4 5 6 7 8 9 10 11 12 15 16 17 18 19 20 21 22 26 27 28 31 33 37 39 40 41 43 45 46 47 48 52 53 55 56 57 59 72 73 80 81 97 98 99 96 95 94 93 92 91 90 89 88 87 86 85 84 83 82 79 78 77 76 75 74 71 70 69 68 67 66 65 64 63 62 61 60 58 54 51 50 49 44 42 38 36 35 34 32 30 29 25 24 23 14 13 2 0 
95 94 92 86 87 85 84 82 81 79 77 76 75 73 72 71 68 67 66 62 60 57 54 53 51 45 40 39 38 37 34 33 29 27 25 26 24 23 21 20 19 18 17 16 15 14 13 12 11 10 9 7 6 5 8 4 3 2 1 0 22 28 30 31 32 35 36 41 42 43 44 46 47 48 49 50 52 55 56 58 59 61 63 64 65 69 70 74 78 80 83 88 89 90 91 93 96 97 98 99 
0 1 4 5 6 7 8 9 12 17 19 21 22 24 26 27 29 30 31 32 33 36 37 38 39 40 43 46 48 49 50 51 52 54 56 59 61 62 66 70 91 95 96 97 98 99 94 93 92 90 88 89 87 86 85 84 83 82 81 80 79 78 77 76 75 74 73 72 71 69 68 67 64 65 63 60 57 58 55 53 47 45 44 42 41 35 34 28 25 23 20 18 16 15 14 13 11 10 3 2 
89 87 85 83 82 81 80 78 74 72 69 67 66 64 62 59 54 50 52 49 47 45 44 43 42 41 40 39 38 37 35 31 30 29 28 27 25 18 0 1 2 3 4 5 6 7 9 8 10 11 12 13 14 15 16 17 19 20 21 22 23 24 26 32 33 34 36 46 48 51 53 55 56 57 58 60 61 63 65 68 70 71 73 75 76 77 79 84 86 88 90 91 92 93 94 95 96 97 98 99 
0 1 2 3 4 5 6 7 8 13 14 15 16 19 18 20 21 22 23 24 26 28 30 38 40 41 42 44 47 52 53 59 58 62 65 67 70 96 99 98 97 95 94 93 92 91 90 89 88 87 86 85 84 83 82 80 81 79 78 77 76 75 74 73 71 72 69 68 66 64 63 61 60 57 56 55 54 51 49 50 48 46 43 45 39 37 36 35 34 33 32 31 29 27 25 17 12 11 10 9 
96 95 94 88 87 85 83 82 80 78 77 76 75 74 66 63 60 56 51 50 49 47 44 43 37 36 32 30 29 27 26 23 17 5 4 3 2 1 0 6 8 7 9 10 11 12 13 14 15 16 18 19 20 21 22 24 25 28 31 33 34 35 38 39 40 41 42 45 46 48 52 53 54 55 57 58 59 61 62 64 65 67 68 69 70 71 72 73 79 81 84 86 89 90 91 92 93 97 98 99 
97 93 92 91 85 78 75 74 72 63 62 57 56 52 51 49 48 45 44 43 40 39 38 37 35 32 31 30 29 27 26 24 23 21 20 19 18 17 16 15 13 14 12 11 10 9 8 7 6 5 4 3 2 1 0 22 25 28 33 34 36 41 42 46 47 50 53 54 55 58 59 60 61 64 65 66 67 68 69 70 71 73 76 77 79 80 81 82 83 84 86 87 88 89 90 94 95 96 98 99 
0 1 2 3 6 7 10 11 13 14 15 16 17 18 20 23 24 25 26 27 28 29 30 31 32 33 34 35 38 39 40 42 43 44 49 51 53 54 55 57 58 59 60 61 62 64 65 66 67 68 69 70 71 74 75 76 77 78 79 80 81 82 83 84 85 86 87 88 89 90 91 92 93 94 95 98 99 97 96 73 72 63 56 52 50 48 47 46 45 41 37 36 22 21 19 12 9 8 5 4 
96 95 94 90 87 85 84 81 80 79 74 72 71 70 68 67 66 60 59 56 55 54 51 47 44 43 42 39 37 36 35 33 31 27 25 22 21 18 0 1 2 3 4 5 6 7 8 9 10 11 12 13 14 15 16 17 19 20 23 24 26 28 29 30 32 34 38 40 41 45 46 48 49 50 52 53 57 58 61 62 63 64 65 69 73 75 76 77 78 82 83 86 88 89 91 92 93 97 98 99 
0 1 2 4 6 7 8 10 11 12 22 23 24 25 26 27 36 40 41 44 45 49 51 52 53 55 56 57 58 59 62 63 64 65 66 68 69 71 72 73 74 75 76 77 78 79 80 81 82 83 84 85 86 88 95 96 98 99 97 94 93 92 91 90 89 87 70 67 61 60 54 50 48 47 46 43 42 39 38 37 35 34 33 32 31 30 29 28 21 20 19 18 17 16 15 14 13 9 5 3 
94 91 90 87 84 82 75 69 67 66 64 61 60 59 58 55 53 52 50 51 48 43 42 39 38 37 34 32 29 28 26 25 23 22 15 13 7 0 1 2 3 4 5 6 8 9 10 11 12 14 16 17 18 19 20 21 24 27 30 31 33 35 36 40 41 44 45 46 47 49 54 56 57 62 63 65 68 70 71 72 73 74 76 77 78 79 80 81 83 85 86 88 89 93 92 95 96 97 98 99 
99 98 97 94 90 83 80 79 76 75 74 72 71 70 68 67 66 65 64 63 61 58 56 55 52 51 49 48 47 42 40 36 35 33 32 0 1 2 3 4 5 6 7 8 9 10 11 12 13 14 15 16 17 18 19 20 21 22 23 24 25 26 27 28 29 30 31 34 37 38 39 41 43 44 45 46 50 53 54 57 59 60 62 69 73 77 78 81 82 84 85 86 87 88 89 91 92 93 95 96 
91 89 75 77 73 71 67 63 62 61 59 58 57 55 54 50 48 47 46 45 39 38 37 35 34 30 27 26 21 16 15 14 0 1 2 3 4 5 6 7 8 9 10 11 12 13 17 19 18 20 22 23 24 25 28 29 31 32 33 36 40 41 42 43 44 51 49 52 53 56 60 64 65 66 68 69 70 72 74 76 78 79 80 81 82 83 84 85 86 87 88 90 92 93 94 95 96 97 98 99 
92 91 90 89 88 87 86 71 70 64 63 59 56 55 53 52 50 49 46 47 44 42 41 39 35 34 22 21 20 18 17 16 15 14 13 12 11 10 9 7 6 5 4 3 2 1 0 8 19 23 24 25 26 27 28 29 30 31 32 33 36 37 38 40 43 45 48 51 54 57 58 60 61 62 65 66 67 68 69 72 73 74 75 76 77 78 79 80 81 82 83 84 85 93 94 95 96 97 98 99 
96 95 92 88 86 84 81 79 75 73 72 69 70 67 66 62 61 60 59 53 50 49 47 46 44 43 42 39 38 35 32 31 29 27 19 15 11 10 6 0 1 2 3 4 5 7 8 9 12 13 14 16 17 18 20 21 22 23 24 25 26 28 30 33 34 36 37 40 41 45 48 51 52 54 55 56 57 58 63 64 65 68 71 74 76 77 78 80 82 83 85 87 89 90 91 93 94 97 98 99 
95 94 85 84 83 82 81 79 78 77 75 74 72 71 69 66 65 64 62 60 56 53 51 50 49 45 44 42 40 38 37 34 33 31 29 28 27 26 25 24 22 21 19 18 17 15 14 13 12 11 10 9 8 7 6 5 0 1 2 3 4 16 20 23 30 32 35 36 39 41 43 46 47 48 52 54 55 57 58 59 61 63 67 68 70 73 76 80 86 87 88 89 90 91 92 93 96 97 98 99 
98 85 78 77 75 74 72 70 69 66 61 59 54 51 47 44 39 38 36 34 33 28 25 24 20 18 15 12 11 10 9 8 7 6 4 5 3 2 1 0 13 14 19 21 22 27 31 32 35 37 41 42 43 49 50 62 63 64 65 67 82 87 90 97 99 96 95 94 93 92 91 89 88 86 84 83 81 80 79 76 73 68 71 60 58 57 56 55 53 52 48 46 45 40 30 29 26 23 17 16 
93 92 90 85 84 82 73 71 69 68 66 65 64 62 61 60 59 57 56 54 52 49 48 45 44 42 39 38 37 36 35 33 29 23 5 4 2 3 1 0 6 7 8 9 10 11 12 13 14 15 16 17 18 19 20 21 22 24 25 26 27 28 30 31 32 34 40 41 43 46 47 50 51 53 55 58 63 67 70 72 74 75 76 77 78 79 80 81 83 86 87 88 89 91 94 95 96 97 98 99 
97 93 89 86 84 82 81 80 78 76 74 66 65 64 63 60 58 56 55 51 49 43 42 40 38 37 35 34 29 28 27 26 25 21 19 10 8 7 6 5 4 3 2 1 0 9 11 12 13 14 15 16 17 18 20 22 23 24 30 31 32 33 36 39 41 44 45 46 47 48 50 52 53 54 57 59 61 62 67 68 69 70 71 72 73 75 77 79 83 85 87 88 90 91 92 94 95 96 98 99 
99 98 97 96 95 94 93 92 89 80 74 72 65 64 62 61 60 59 57 55 53 50 49 48 46 45 42 40 44 37 33 32 30 29 27 26 25 24 23 22 21 20 19 17 16 15 14 13 12 11 10 7 9 8 0 1 2 3 4 5 6 18 28 31 34 35 36 38 39 41 43 47 51 52 54 56 58 63 66 67 68 69 70 71 73 75 77 76 78 79 81 82 83 84 85 86 87 88 90 91 
98 97 96 95 89 88 86 84 83 75 74 72 71 70 69 68 67 65 64 60 59 57 53 51 47 44 42 41 35 34 33 32 31 28 27 26 25 24 23 21 19 18 15 14 17 13 12 11 10 9 8 7 6 5 4 3 2 1 0 16 20 22 29 30 36 37 38 39 40 43 45 46 48 49 50 52 54 55 56 58 61 62 63 66 73 76 77 78 79 80 81 82 85 87 90 91 92 93 94 99 
99 98 97 92 91 90 87 86 84 82 80 77 76 74 71 69 68 62 59 57 56 54 53 52 49 48 45 40 39 38 37 36 33 30 29 19 0 1 2 3 4 5 6 7 8 9 10 11 12 13 14 15 16 17 18 20 21 22 23 24 25 26 27 28 31 32 34 35 41 42 43 44 46 47 50 51 55 58 60 61 63 64 65 66 67 70 72 73 75 78 79 81 83 85 88 89 93 94 95 96 
82 77 75 71 69 67 66 62 61 57 56 50 49 48 41 36 1 2 0 3 4 5 6 7 8 9 10 11 12 13 14 15 16 18 19 20 21 25 26 28 29 30 31 33 34 40 42 45 46 51 52 53 55 58 59 60 63 64 65 68 70 72 73 74 76 78 79 80 81 83 85 86 87 88 89 93 94 95 96 97 98 99 92 91 90 84 54 47 44 43 39 38 37 35 32 27 24 23 22 17 
99 98 97 94 92 90 87 76 75 71 70 67 66 64 61 60 58 57 53 51 50 49 47 46 45 39 37 35 32 30 25 17 16 12 11 0 1 2 3 4 5 6 7 8 9 10 13 14 15 18 19 20 21 22 23 24 26 27 28 29 31 33 34 36 38 40 41 42 43 44 48 52 54 55 56 59 62 63 65 68 69 72 73 74 77 78 79 80 81 82 83 84 85 86 88 89 91 93 95 96 
99 96 83 78 77 75 74 69 68 64 62 60 59 58 56 54 51 50 49 46 45 43 41 40 38 37 35 29 24 23 22 21 20 19 18 17 16 14 15 13 11 10 9 8 7 6 5 4 3 2 1 0 12 25 26 27 28 30 31 32 33 34 36 39 42 44 47 48 52 53 55 57 61 63 65 66 67 70 71 72 73 76 79 80 81 82 84 85 86 87 88 89 90 91 92 93 94 95 97 98 
96 95 92 90 87 74 72 71 70 67 66 65 61 60 58 57 54 52 50 49 47 45 43 39 38 31 29 28 27 9 21 0 2 1 3 4 5 6 7 8 10 11 12 13 14 15 16 17 18 20 19 22 23 24 25 26 30 32 33 34 35 36 37 40 42 41 44 46 48 51 53 55 56 59 62 63 64 68 69 73 75 76 77 78 79 80 81 82 83 84 85 86 88 89 91 93 94 97 98 99 
99 97 96 94 93 92 84 79 78 77 76 75 72 71 68 67 65 59 58 55 54 52 49 44 43 39 35 30 29 28 27 26 23 22 21 19 10 0 1 3 2 4 5 6 7 8 11 9 12 13 14 15 16 17 18 20 24 25 31 32 33 34 37 36 38 40 41 42 45 46 47 48 50 51 53 56 57 60 61 62 63 64 66 69 70 73 74 80 81 82 83 85 86 87 88 89 90 91 95 98 
96 95 93 89 84 80 78 74 73 71 70 67 66 64 61 60 58 55 54 52 49 51 46 40 37 36 33 29 26 25 24 22 15 11 0 1 2 3 4 5 6 7 8 9 10 14 12 13 16 17 18 19 20 21 23 27 28 30 31 32 34 35 38 39 41 42 43 44 45 47 48 50 53 56 57 59 62 63 65 68 69 72 75 76 77 79 81 82 83 85 86 87 88 90 91 92 94 97 98 99 
99 97 95 94 93 91 90 88 87 81 76 66 62 58 57 55 53 51 48 47 44 43 42 39 36 35 34 32 31 29 28 27 26 25 24 22 21 20 19 18 17 16 15 14 13 12 11 10 9 8 7 5 0 1 2 4 3 6 23 30 33 38 40 37 41 45 46 49 50 52 54 56 59 60 61 63 64 65 67 68 69 70 71 72 73 74 75 77 78 79 80 82 83 84 85 86 89 92 96 98 
0 2 3 5 7 11 14 17 22 24 27 28 30 31 32 33 35 36 37 38 41 42 43 45 49 50 51 52 54 58 60 61 63 64 65 69 70 72 75 76 77 79 80 81 83 84 85 86 87 89 90 95 96 97 98 99 94 93 92 91 68 44 29 26 25 23 21 18 16 15 13 12 10 9 8 6 1 4 19 20 34 39 40 46 47 48 53 55 56 57 59 62 66 67 71 73 74 78 82 88 
99 98 93 82 81 76 70 68 67 65 63 54 52 48 45 40 39 38 34 33 31 30 27 26 22 20 9 7 6 0 1 2 3 4 5 8 10 11 12 13 14 15 16 18 19 32 41 42 46 47 49 50 51 53 55 56 57 59 60 61 62 64 66 69 71 72 73 74 75 77 78 79 80 83 84 85 87 92 91 94 95 96 97 90 89 88 86 58 44 43 37 36 35 29 28 25 24 23 21 17 
99 96 91 87 85 81 78 77 76 74 73 70 69 68 67 66 64 63 60 57 55 54 52 51 50 49 48 45 41 40 39 37 35 36 32 31 29 28 27 25 24 23 22 21 20 19 18 17 16 15 14 13 11 4 3 2 0 1 5 6 7 8 9 10 12 26 30 33 34 38 42 43 44 46 47 53 56 58 59 61 62 65 71 72 75 79 80 82 83 84 86 88 89 90 92 93 94 95 97 98 
98 95 93 88 86 84 83 79 77 72 71 66 62 59 58 55 54 52 51 48 49 43 42 40 39 36 35 34 33 32 29 28 27 26 25 24 23 22 19 20 18 16 15 14 11 10 7 8 6 5 4 3 2 1 0 12 13 17 21 37 30 31 38 41 44 45 46 47 50 53 56 57 60 61 63 65 64 67 68 69 70 73 74 75 76 78 80 81 82 85 87 89 90 91 92 94 96 97 99 9 
2 3 5 6 9 10 11 15 18 19 26 30 33 37 38 41 42 44 48 49 67 70 72 82 84 85 86 87 88 89 90 91 92 96 97 99 98 95 94 93 76 75 74 71 68 60 59 58 55 53 50 47 46 45 43 40 39 36 35 34 31 29 28 27 25 24 23 21 20 16 14 13 12 8 4 7 1 0 17 22 32 51 52 54 56 57 61 62 63 64 65 66 69 73 77 78 79 80 81 83 
96 95 94 93 92 90 89 88 83 79 78 77 75 74 72 68 67 61 60 58 57 55 54 50 48 43 42 41 40 36 35 34 32 31 29 28 27 26 24 21 20 19 17 16 12 11 10 9 6 5 4 3 2 1 0 7 8 13 14 15 18 22 23 25 30 33 37 38 39 44 45 46 47 49 51 52 53 56 59 62 63 64 65 66 69 70 71 73 76 80 81 82 84 85 86 87 91 97 98 99 
97 94 92 91 88 86 76 74 71 70 69 67 66 65 64 62 52 51 48 47 44 43 42 39 37 36 34 33 32 30 24 23 13 9 0 1 2 4 3 5 7 6 8 10 11 12 14 15 16 17 18 19 20 21 22 25 26 27 28 29 31 35 38 40 41 45 46 49 50 53 54 55 56 57 58 59 60 61 63 68 72 73 75 77 78 79 80 81 82 83 84 85 87 89 90 93 95 96 98 99 
99 98 95 87 84 76 71 72 69 70 64 56 53 54 51 46 45 44 43 40 39 38 37 36 35 33 32 31 30 29 28 26 25 24 21 19 20 16 17 15 13 0 1 3 2 4 5 6 7 18 8 9 11 10 12 14 22 34 42 47 48 49 50 52 55 57 58 59 60 61 62 63 65 66 67 68 73 74 75 77 78 79 80 81 82 83 85 86 88 89 90 91 92 93 94 96 97 41 27 23 
2 3 4 7 8 11 13 21 23 24 25 26 30 33 36 37 38 49 50 51 52 55 63 64 65 71 74 75 76 77 79 81 83 84 86 92 93 94 95 99 98 91 90 89 88 87 85 78 73 70 69 66 59 57 53 47 46 45 44 43 42 41 40 39 35 34 32 31 29 28 20 19 18 17 16 15 14 12 10 9 6 5 1 0 22 27 48 54 56 58 60 61 62 67 68 72 80 82 96 97 
97 80 71 68 67 66 65 63 62 58 56 54 53 52 51 47 46 38 36 31 22 30 5 4 3 2 1 0 6 7 8 9 10 11 12 14 13 15 16 17 18 19 20 21 23 24 25 26 27 28 29 32 33 34 35 37 39 40 41 42 43 44 45 48 49 50 55 57 59 60 61 64 69 70 72 73 74 75 76 77 78 79 81 82 83 84 85 86 87 88 89 90 91 92 93 94 95 96 98 99 
94 92 88 83 82 81 80 78 77 74 73 72 69 66 65 64 63 60 61 58 55 51 50 48 47 46 45 44 41 37 36 32 33 28 26 24 23 22 18 17 16 14 12 11 10 9 7 0 1 2 3 4 5 6 8 13 15 19 20 21 25 27 29 30 31 34 35 38 39 40 42 43 49 52 53 54 56 57 59 62 67 68 70 71 75 76 79 84 85 86 87 89 90 91 93 95 96 97 98 99 
99 98 96 94 87 86 82 80 76 74 72 71 68 65 64 60 57 56 54 53 51 49 48 46 44 41 36 35 32 31 29 26 24 23 22 21 17 16 15 12 11 10 9 8 7 6 5 4 3 2 1 0 13 14 18 19 20 25 27 28 30 33 34 37 38 39 40 42 43 45 47 50 52 55 58 59 61 62 63 66 67 69 70 73 75 77 78 79 81 83 84 85 89 88 90 91 92 93 95 97 
0 1 2 3 4 7 9 10 11 12 14 16 17 18 19 22 23 26 27 28 29 30 31 32 33 34 35 48 51 62 64 65 66 68 69 71 73 72 74 77 79 78 80 81 82 83 84 85 86 87 88 89 90 91 95 96 97 99 98 94 93 92 76 75 70 67 63 61 60 59 58 57 56 55 54 53 52 50 49 47 46 45 44 43 42 41 40 39 38 37 36 25 24 21 20 15 13 8 6 5 
98 97 95 94 91 89 85 83 78 76 74 73 68 66 65 64 62 60 59 58 56 55 54 53 51 49 48 46 45 43 41 39 38 35 34 32 31 29 27 26 25 24 21 19 17 18 15 0 1 2 3 4 5 6 7 8 9 10 11 12 13 14 16 20 22 23 28 30 33 36 37 40 42 44 47 50 52 57 61 63 67 69 70 71 72 75 77 79 80 81 82 84 86 87 88 90 92 93 96 99 
98 97 96 95 93 91 90 89 83 82 81 73 71 69 67 63 62 60 58 56 55 53 50 48 41 40 39 36 34 33 32 31 30 29 28 25 24 23 22 20 19 18 17 16 15 14 13 11 10 0 1 2 3 5 4 6 7 8 9 12 21 26 27 35 37 42 38 43 44 45 46 47 49 51 52 54 57 59 61 64 65 66 68 70 72 74 75 76 77 78 79 80 84 85 86 87 88 92 94 99 
96 93 92 80 72 77 71 62 69 68 66 65 59 56 55 54 51 49 48 47 44 46 40 37 36 34 33 32 4 3 2 1 0 5 6 7 8 10 9 11 12 13 14 15 16 17 18 19 20 21 22 23 24 25 26 27 28 29 30 31 35 38 39 41 42 43 45 50 52 53 57 58 60 61 63 64 67 70 73 74 75 76 78 79 81 82 83 84 85 86 87 88 89 90 91 94 95 97 98 99 
99 96 95 94 87 86 84 83 80 77 75 74 73 70 68 66 60 59 58 57 54 50 49 46 45 44 39 36 35 33 31 30 29 27 26 24 21 20 19 18 17 15 14 13 12 10 9 8 7 5 6 4 3 2 0 1 11 16 22 23 25 28 32 34 37 38 40 41 42 43 47 48 51 52 53 55 56 61 62 63 64 65 67 69 71 72 76 78 79 81 82 85 88 89 90 91 92 93 97 98 
92 91 90 89 74 70 66 63 54 53 51 46 48 43 42 41 40 39 37 35 32 31 29 27 26 23 22 21 20 19 17 16 15 14 13 12 11 9 8 6 7 5 4 3 2 1 0 10 18 24 25 28 30 33 34 36 38 44 45 47 49 50 52 55 56 57 58 59 60 61 62 64 65 67 68 69 71 72 73 75 76 77 78 79 80 81 82 83 84 85 86 87 88 93 94 95 96 97 98 99 
96 95 94 89 88 87 80 78 77 75 73 71 67 66 62 61 52 49 48 47 44 41 38 37 32 31 30 28 25 23 22 15 0 1 2 3 4 5 6 7 8 9 10 11 12 13 14 16 17 18 19 20 21 24 26 27 29 33 34 35 36 39 40 42 43 45 46 50 51 53 54 55 56 57 58 59 60 63 64 65 68 69 70 72 74 76 79 81 82 83 84 85 86 90 91 92 93 97 98 99 
99 97 87 86 85 84 83 82 81 80 79 78 77 76 75 74 73 69 68 62 61 60 59 58 57 53 46 45 44 41 40 39 35 34 30 25 20 0 1 2 3 4 5 6 7 8 9 10 11 12 13 14 15 16 17 18 19 21 22 23 24 26 27 28 29 31 32 33 36 37 38 42 43 47 48 49 50 51 52 54 55 56 63 64 65 66 67 70 71 72 88 89 90 91 92 93 94 95 96 98 
99 96 86 84 81 79 77 75 74 72 71 66 63 62 61 59 58 56 52 51 48 47 45 43 42 41 39 38 37 32 31 29 28 27 26 22 21 20 19 18 17 16 15 13 11 10 9 8 7 6 5 4 3 2 1 0 12 14 23 24 25 30 33 34 35 36 40 44 46 49 50 53 54 55 57 60 64 65 67 68 69 70 73 76 78 80 82 83 85 87 88 89 90 91 92 93 94 95 97 98 
98 97 95 92 91 90 85 84 83 80 79 77 70 67 65 63 58 54 51 48 45 42 41 39 38 34 32 31 29 28 25 21 18 0 1 2 3 4 5 6 7 8 9 10 11 12 13 14 15 16 17 19 20 22 23 24 26 27 30 33 35 36 37 40 43 44 46 47 49 50 52 53 55 56 57 59 60 61 62 64 66 68 69 71 72 73 74 75 76 78 81 82 86 87 88 89 93 94 96 99 
99 93 88 87 86 85 84 82 77 75 74 71 70 69 68 67 66 62 61 57 54 51 47 45 43 40 38 37 36 33 31 29 30 28 26 25 24 23 22 21 20 19 18 16 14 0 1 2 4 3 5 6 7 8 9 10 11 12 13 15 17 27 32 34 35 39 41 42 44 46 48 49 50 52 53 55 56 58 59 60 63 64 65 72 73 76 78 79 80 81 83 89 90 91 92 94 95 96 97 98 

Rank matrix
13 0 0 0 0 0 0 0 0 2 0 0 0 0 0 1 0 1 3 2 0 1 0 0 0 0 0 1 0 2 0 2 3 3 4 2 3 4 3 4 3 1 1 0 2 3 3 2 1 1 1 2 2 5 7 1 2 0 2 1 0 0 1 0 0 0 0 0 0 0 1 0 0 0 0 0 0 1 0 0 0 0 0 1 0 0 0 0 0 0 0 0 0 0 0 0 0 0 0 2 
1 12 0 0 0 0 0 0 0 0 2 0 0 0 0 0 2 0 1 1 2 0 1 0 0 0 1 0 0 0 2 1 2 3 2 4 2 3 7 3 2 3 1 2 0 3 3 1 2 2 3 1 3 6 2 2 0 4 1 0 0 0 0 1 0 0 0 0 0 0 0 1 0 0 0 0 2 0 0 0 0 0 1 0 0 0 0 0 0 0 0 0 0 0 0 0 0 0 1 1 
3 1 10 0 0 0 0 0 0 0 0 2 0 0 0 0 0 2 0 2 1 2 0 1 0 1 0 0 0 0 1 3 1 1 2 2 6 4 3 3 4 2 4 0 5 0 1 2 2 4 2 3 5 2 1 2 3 1 1 0 0 0 0 0 0 0 0 0 0 0 0 0 1 0 0 0 0 0 0 0 0 0 0 0 0 0 0 0 0 0 0 0 0 0 0 0 0 1 1 2 
2 3 2 8 0 0 0 0 0 0 0 0 2 0 0 0 0 0 1 1 2 1 1 0 2 0 0 0 0 1 1 0 2 0 2 3 3 4 3 5 3 5 2 7 0 1 0 2 3 2 4 6 3 0 1 2 3 1 0 1 0 1 0 0 0 0 0 0 0 0 0 1 0 0 0 0 0 0 0 0 0 0 0 0 0 0 0 0 0 0 0 0 0 0 0 0 0 0 1 2 
0 0 3 1 6 0 0 0 0 0 0 0 0 2 0 0 0 0 0 1 1 2 1 2 0 1 0 0 1 1 0 0 0 2 2 3 2 2 5 2 4 4 6 2 3 2 2 3 2 4 5 4 0 1 3 2 0 1 1 0 2 0 0 0 0 0 0 0 0 0 0 0 1 1 1 0 0 1 0 0 0 0 0 0 0 0 0 0 0 0 0 0 0 0 0 0 1 0 2 2 
0 0 1 4 1 4 0 0 0 0 0 0 0 0 2 0 0 0 0 0 1 1 3 2 1 0 1 0 1 0 0 0 0 2 3 1 2 2 1 6 3 6 5 5 2 4 3 1 3 6 2 2 2 4 0 1 0 0 2 2 0 0 0 0 0 0 0 0 0 0 1 0 0 0 1 0 0 0 0 0 0 1 0 0 0 0 0 0 0 0 0 0 0 0 0 1 0 0 2 2 
0 0 0 1 5 1 3 0 0 0 0 0 0 0 0 2 0 0 0 0 0 1 1 2 2 1 0 2 2 0 0 0 0 1 1 1 0 5 4 4 6 4 4 4 4 3 3 4 4 1 2 1 3 2 1 2 0 1 1 2 1 0 0 0 0 0 0 0 0 1 0 0 0 0 0 2 0 0 0 0 1 0 0 0 0 0 0 0 0 0 0 0 0 0 1 0 0 0 2 1 
0 1 0 1 1 6 2 2 0 0 0 0 0 0 0 0 1 0 1 0 0 0 1 1 2 1 2 1 1 1 0 0 1 0 0 2 2 1 2 4 6 6 3 2 7 4 6 5 3 0 2 4 2 1 1 1 1 1 0 0 2 0 0 0 0 0 0 0 1 1 0 0 0 0 0 1 0 0 0 0 0 0 0 0 0 0 0 0 0 0 0 0 0 0 0 0 0 2 0 1 
0 0 0 0 1 1 4 3 2 0 0 0 0 0 0 0 1 1 0 0 0 0 1 1 1 3 1 1 0 1 1 1 0 0 0 1 2 2 3 3 4 2 5 6 5 7 4 6 1 1 3 1 2 3 2 1 3 1 0 0 0 1 0 0 0 0 0 1 1 0 0 0 0 1 1 0 0 0 0 0 0 0 0 0 0 0 0 0 0 0 0 0 0 1 0 0 0 2 0 0 
0 0 0 0 1 0 2 2 3 1 0 0 0 0 0 0 0 1 1 0 0 0 0 0 1 2 2 1 1 1 2 1 0 1 0 0 1 1 4 2 0 3 5 7 6 7 7 5 4 3 1 3 1 0 1 1 1 0 1 0 0 0 1 0 0 0 1 1 0 0 0 0 0 1 0 0 0 0 0 1 0 0 0 0 0 0 0 0 0 0 0 0 1 0 0 0 1 2 1 3 
0 1 1 0 0 1 1 4 1 3 1 0 0 0 0 0 0 0 0 2 0 0 0 0 1 0 2 1 1 2 0 1 1 0 1 2 3 4 0 1 2 3 5 5 7 6 4 5 6 4 4 0 0 1 3 1 0 2 0 0 0 0 0 1 0 1 0 0 0 0 0 0 1 0 0 0 0 0 1 0 0 0 0 0 0 0 0 0 0 0 0 0 0 0 0 0 0 2 1 0 
0 0 0 2 0 2 1 1 4 1 3 0 0 0 0 0 0 0 0 0 2 0 0 1 0 1 1 1 2 1 1 0 1 3 2 1 5 1 1 2 2 3 2 5 5 4 6 6 3 5 2 2 3 2 0 1 2 0 1 0 0 0 0 0 0 0 1 0 0 0 0 0 0 0 0 0 0 0 0 0 0 0 0 0 0 0 0 0 0 0 0 0 0 0 0 0 2 1 0 2 
0 0 0 0 1 0 0 0 1 3 1 2 0 0 0 0 0 0 0 0 0 2 0 0 0 0 0 3 2 0 1 1 1 1 1 4 0 0 1 1 4 3 4 1 5 5 7 5 9 3 4 2 2 1 1 1 2 1 0 2 0 0 0 0 2 1 0 0 0 0 0 1 1 0 0 0 0 1 0 0 0 0 0 0 0 0 0 0 0 0 0 0 0 0 0 1 2 0 3 0 
0 0 0 0 0 1 1 0 1 1 1 1 2 0 0 0 0 0 0 0 0 0 2 0 0 0 1 0 2 2 0 1 2 0 5 1 2 0 1 3 5 3 1 5 2 5 5 7 4 5 2 6 4 0 0 1 1 1 1 0 1 0 0 1 1 0 0 0 0 0 1 1 0 0 0 0 0 0 0 0 0 0 0 0 0 0 0 0 0 0 0 0 0 0 0 2 2 2 0 1 
0 1 1 0 0 0 2 0 0 2 2 2 1 1 1 0 0 1 0 0 0 0 0 2 0 0 0 0 0 1 2 1 1 6 0 2 0 3 2 2 3 3 4 4 3 3 6 3 3 4 6 2 4 3 1 1 0 1 1 1 0 1 0 0 0 0 0 0 0 0 1 0 0 1 0 0 1 0 0 0 0 0 0 0 0 0 0 0 0 0 0 0 0 0 1 1 1 0 1 0 
0 0 0 0 0 0 0 2 0 0 1 2 2 2 0 0 0 0 0 0 0 0 0 0 2 0 1 0 0 0 1 4 4 3 2 1 1 2 6 4 0 3 5 1 4 6 1 1 4 3 4 4 3 3 1 2 1 0 0 2 0 0 2 0 0 0 0 0 0 1 0 0 0 0 0 1 0 0 0 0 0 0 0 0 0 0 0 0 0 0 0 0 0 1 2 2 1 1 1 0 
0 0 0 0 1 0 0 0 1 0 1 2 2 1 1 0 1 0 0 0 0 0 0 0 0 2 0 1 0 1 1 3 2 0 0 2 3 5 3 3 2 4 1 6 3 0 2 3 3 6 2 4 4 2 6 1 0 1 0 1 0 1 1 1 0 0 0 0 1 1 0 0 0 0 1 0 0 0 0 0 0 0 0 0 0 0 0 0 0 0 0 0 1 1 0 0 1 2 1 1 
0 0 1 0 0 0 0 1 0 2 0 0 2 2 1 2 0 0 0 0 0 0 0 0 0 0 2 0 0 0 2 2 2 0 1 3 3 4 4 3 4 0 4 2 3 2 1 2 3 2 4 2 4 4 3 4 1 1 1 0 1 2 0 0 0 0 0 0 0 0 0 0 0 1 0 0 0 0 1 0 0 0 0 0 0 0 0 0 0 0 0 0 1 1 0 1 3 1 2 2 
0 0 0 1 0 0 0 0 1 0 1 0 0 3 2 1 1 0 0 0 0 0 0 0 0 1 0 2 0 2 1 0 2 1 2 1 5 4 3 4 2 5 2 2 0 1 3 1 4 4 4 3 2 5 5 3 3 0 0 1 1 1 0 0 0 0 0 1 0 0 0 0 1 0 1 0 0 0 0 0 0 0 0 0 0 0 0 0 0 0 0 2 1 0 0 3 1 0 0 0 
0 0 0 0 1 0 0 0 0 1 1 1 1 1 3 1 0 1 0 0 0 0 0 0 0 0 0 0 1 2 2 0 1 2 5 7 2 2 5 0 6 4 4 1 1 1 0 4 1 0 3 5 3 3 2 3 4 5 0 0 0 0 0 0 0 0 0 0 0 0 0 1 0 0 0 1 0 0 1 0 0 0 0 0 0 0 0 0 0 0 1 1 0 0 2 0 1 1 0 1 
0 0 0 1 0 0 0 0 0 0 0 1 1 0 2 2 2 0 1 0 0 0 0 0 1 1 0 0 3 1 0 1 1 1 6 4 4 3 1 6 3 2 1 1 1 0 0 0 3 2 1 2 5 3 6 3 2 2 5 0 2 0 1 1 0 0 0 0 1 0 1 0 0 0 0 0 1 0 0 1 0 0 0 0 0 0 0 0 0 1 1 0 0 0 2 2 0 0 0 1 
0 0 0 0 1 0 0 1 0 0 0 1 1 1 0 0 1 1 1 1 0 0 0 0 0 0 0 2 2 2 2 2 3 6 3 3 5 2 3 5 2 1 2 3 1 0 0 0 0 3 0 0 2 4 1 5 4 2 2 4 2 0 0 0 0 0 1 1 0 0 0 0 0 0 0 0 0 0 0 0 0 0 0 0 0 0 0 0 1 0 0 0 0 4 3 2 0 0 1 0 
0 0 0 0 0 1 0 0 1 0 1 0 1 1 1 3 0 1 1 0 1 0 0 0 1 0 2 1 1 0 3 4 5 6 3 3 2 6 2 1 2 1 1 1 1 1 0 0 0 0 4 2 0 2 4 3 3 4 4 1 1 3 0 0 1 0 0 0 0 0 0 0 0 0 0 0 0 1 0 1 0 0 0 0 1 0 0 0 0 0 0 0 1 1 2 0 0 1 1 0 
0 0 0 0 0 0 1 0 1 0 0 1 0 0 1 2 3 3 1 0 1 0 0 0 0 1 1 0 0 2 1 6 6 4 1 0 5 3 3 0 0 1 1 0 2 0 1 0 0 1 0 3 2 0 4 3 3 3 7 6 2 0 1 1 0 2 1 0 0 0 0 0 0 0 0 0 0 0 0 0 0 0 0 0 0 0 0 0 0 1 0 0 1 1 0 1 1 3 0 1 
0 0 0 0 0 0 0 0 0 2 0 0 1 1 0 0 2 2 1 1 0 0 0 1 0 0 0 0 2 1 4 3 5 2 3 6 4 3 1 1 1 2 0 1 0 2 0 1 0 2 1 1 3 2 1 5 6 2 3 5 5 1 0 0 1 1 0 0 0 0 0 0 0 0 0 0 0 0 0 0 0 0 0 0 0 0 0 0 0 0 1 1 1 1 1 0 3 0 0 0 
0 0 0 0 0 0 0 0 0 0 1 0 0 1 0 1 1 2 0 1 0 0 1 0 0 0 0 0 1 2 7 2 2 3 5 5 5 1 1 1 1 0 1 0 1 0 2 0 1 0 2 1 0 5 1 4 3 7 2 2 7 4 0 1 2 1 0 0 0 0 0 0 0 0 0 0 0 0 0 0 0 0 0 0 0 0 0 0 1 0 0 1 3 1 1 2 0 0 0 0 
0 0 0 0 0 2 0 1 0 0 1 1 0 0 2 0 1 1 3 1 2 1 0 1 1 1 0 1 1 3 5 7 1 2 7 5 0 3 1 1 0 0 0 1 0 1 0 2 0 1 0 0 1 0 5 1 5 1 2 2 3 5 6 1 0 1 0 0 0 0 0 0 0 0 0 0 0 0 0 0 0 0 0 0 0 0 0 0 0 0 1 1 0 0 1 1 1 0 0 1 
0 0 0 0 0 0 0 0 0 0 1 0 0 0 0 2 0 0 1 3 1 1 2 1 0 0 1 0 3 7 4 2 2 6 2 4 4 0 3 0 0 0 0 0 1 1 1 0 2 0 1 1 0 1 1 6 2 4 1 2 2 4 5 4 0 0 1 0 0 0 0 0 0 0 0 0 0 0 1 0 0 0 0 0 0 1 0 0 0 2 1 0 1 2 0 1 0 0 1 0 
0 0 0 0 0 0 1 0 0 0 0 1 0 0 0 0 0 1 1 1 2 3 1 1 1 0 0 3 3 4 2 2 4 3 3 2 2 3 0 2 0 0 0 0 0 1 0 1 0 1 0 2 0 1 2 1 5 6 4 2 2 5 4 5 3 0 1 1 0 1 0 0 0 0 0 0 0 0 0 0 0 0 0 0 0 0 0 2 1 0 0 2 0 0 1 0 0 0 0 0 
0 0 0 0 0 0 1 1 0 0 0 0 0 0 0 0 1 1 1 0 1 1 1 1 1 0 1 4 7 4 2 3 4 5 4 3 1 3 2 0 1 0 0 0 0 0 1 0 1 1 1 0 2 0 0 2 2 4 3 2 2 4 4 2 3 0 0 0 2 0 0 0 0 0 0 0 0 0 0 0 0 0 0 0 0 0 1 0 0 2 2 0 2 2 0 1 0 0 0 0 
0 0 0 0 0 0 0 0 1 0 0 1 2 0 0 0 0 1 0 0 0 3 2 0 0 2 3 6 2 2 2 3 5 2 3 0 0 0 2 2 1 1 0 0 0 0 0 0 1 1 1 0 3 1 0 0 2 3 6 5 2 2 4 3 4 3 1 1 0 1 0 0 0 0 0 0 0 0 0 0 0 0 0 0 0 1 0 1 2 2 0 2 0 1 1 0 0 0 0 0 
0 0 0 0 0 0 0 1 0 1 0 0 0 1 0 0 0 0 2 2 2 1 3 1 0 4 2 2 3 2 5 4 2 5 3 1 1 0 0 1 2 1 1 0 0 0 1 1 0 0 1 0 0 0 1 0 1 1 6 6 5 2 1 4 3 2 1 1 0 0 1 0 0 0 0 0 0 0 0 0 0 0 0 0 1 0 0 2 1 0 0 1 2 0 2 0 0 0 0 0 
0 0 0 0 0 0 0 0 1 0 1 0 0 0 1 0 0 0 1 1 1 1 0 1 3 1 5 6 5 4 2 3 3 2 2 1 0 0 0 0 1 1 1 0 0 1 0 1 0 1 0 2 0 0 0 1 0 3 2 5 2 1 3 3 4 4 3 0 0 0 0 1 0 0 0 0 0 0 0 0 1 0 0 1 0 0 3 1 1 0 3 3 0 1 1 0 0 0 0 0 
0 0 0 0 0 0 0 0 1 0 0 1 1 1 0 1 1 1 1 4 4 0 0 2 1 3 6 5 2 3 3 4 5 2 0 1 0 0 0 0 0 1 1 2 0 0 0 0 0 0 0 1 1 1 0 0 1 1 4 3 6 4 3 2 2 3 2 2 1 0 0 0 0 0 0 0 0 0 0 0 0 0 1 0 0 0 0 1 0 1 3 0 0 0 0 0 0 0 0 0 
0 0 0 0 0 0 0 0 0 0 0 0 1 0 0 0 1 0 1 2 1 2 1 1 1 7 5 3 3 2 3 3 1 1 1 0 0 0 0 0 0 0 1 1 1 0 0 0 0 0 2 1 1 1 1 0 0 2 1 5 4 5 3 4 3 5 4 3 1 0 0 0 1 0 0 0 0 0 0 0 1 1 0 0 0 2 1 0 1 4 0 0 0 0 0 0 0 0 0 0 
0 0 0 0 0 0 0 0 1 2 0 0 0 0 0 0 2 0 0 1 1 1 2 1 5 3 8 6 2 4 4 3 4 1 0 0 0 0 0 0 0 0 0 1 1 0 0 0 1 0 0 1 0 2 1 0 1 0 2 1 5 5 1 1 4 3 3 2 1 0 0 0 0 0 0 0 0 0 0 0 1 0 0 0 1 2 0 1 5 0 0 0 2 1 0 0 0 0 0 0 
0 0 0 0 0 0 0 0 0 0 1 0 0 0 2 1 1 1 2 0 1 1 0 3 7 6 3 2 3 3 4 4 0 1 0 0 0 0 0 0 0 1 0 0 2 0 0 0 0 0 0 0 1 0 2 1 0 1 0 2 5 3 5 3 2 3 4 2 1 2 0 0 0 1 0 0 0 0 0 1 0 0 0 1 2 0 1 3 0 0 1 2 1 1 0 0 0 0 0 0 
0 0 0 0 0 0 0 0 0 0 0 0 0 2 0 1 0 0 3 1 1 1 4 7 6 5 1 2 4 6 3 1 1 0 0 0 1 0 0 0 0 0 1 0 0 3 0 0 0 1 0 0 1 1 0 2 0 0 0 1 1 2 4 4 4 2 3 2 3 1 1 0 0 0 1 0 1 0 0 1 0 0 0 1 0 1 3 0 0 1 2 0 2 0 0 0 0 0 0 0 
0 0 0 0 0 0 0 1 0 0 1 0 0 0 1 1 1 5 0 1 0 4 6 2 7 2 2 4 7 3 0 1 1 0 0 0 0 0 0 1 0 0 0 1 0 0 0 1 0 1 0 0 0 1 0 2 1 0 0 0 0 4 8 1 5 2 3 3 2 4 1 0 0 0 0 0 0 0 1 0 0 0 0 0 0 1 2 0 1 0 0 4 0 0 0 0 0 0 0 0 
0 0 0 0 0 0 0 0 0 0 0 1 0 0 1 1 2 2 0 0 2 2 3 9 5 5 6 4 2 2 3 2 0 0 0 0 0 0 0 0 1 0 0 0 0 0 2 0 0 0 0 0 0 0 2 0 4 0 0 0 0 3 1 7 0 4 2 3 4 1 2 0 0 0 0 0 1 1 0 0 0 1 0 1 1 1 0 3 0 0 3 0 0 0 0 0 0 0 0 0 
0 0 0 0 0 0 0 0 0 0 0 0 1 0 0 2 3 1 0 1 2 1 1 6 1 4 4 4 3 3 4 0 0 0 0 0 0 1 0 0 0 0 0 0 1 1 1 1 0 1 0 0 0 0 0 3 1 1 0 0 1 0 6 8 3 4 6 4 1 2 1 2 0 0 0 1 0 0 0 0 0 0 3 0 1 2 1 0 0 1 0 0 0 1 0 0 0 0 0 0 
0 0 0 0 0 0 0 0 0 0 0 0 0 0 1 3 1 0 2 1 1 2 5 1 3 6 4 4 3 1 1 0 0 0 0 0 0 0 1 0 0 1 0 0 0 0 2 0 3 0 1 0 0 0 1 0 1 1 1 0 0 3 1 4 7 4 4 4 5 3 2 1 1 0 0 0 0 0 0 0 0 2 0 0 1 1 2 0 0 2 1 0 0 0 0 0 0 1 0 0 
0 0 0 0 0 0 1 0 0 0 0 0 0 2 1 0 1 0 1 0 0 3 6 0 4 3 6 3 0 1 0 2 0 0 0 0 0 0 0 1 0 0 1 0 0 1 1 1 0 0 1 1 0 0 0 0 1 2 2 1 1 0 2 3 6 4 4 5 4 2 3 3 1 1 0 0 1 1 0 0 3 0 2 1 2 2 0 0 1 1 0 0 0 0 0 0 0 0 0 0 
0 0 0 0 0 0 0 0 0 0 0 1 0 1 2 2 2 1 1 1 1 9 4 7 5 5 4 1 3 2 0 0 1 0 0 0 0 0 0 0 0 0 0 1 0 0 0 0 0 1 0 1 1 1 1 0 0 1 1 1 1 0 0 1 4 2 1 4 3 3 3 3 2 0 1 1 0 0 0 0 0 1 1 1 2 0 0 0 2 2 0 0 0 0 0 0 0 0 0 0 
0 0 0 0 0 0 0 0 0 0 0 0 1 0 1 2 0 3 1 2 6 2 4 5 6 4 1 2 3 0 0 0 1 1 0 0 0 0 0 0 1 0 0 0 1 0 1 0 0 0 1 0 0 1 0 0 0 1 3 1 0 2 1 0 2 7 3 2 4 3 2 2 4 2 0 1 0 1 1 1 0 1 2 1 1 0 0 0 2 0 0 0 0 0 0 0 0 0 0 0 
0 0 0 0 0 0 0 0 0 0 0 0 1 1 1 1 1 1 0 1 5 6 4 4 4 4 3 5 1 1 1 0 0 0 0 0 0 0 0 0 0 1 0 0 0 1 0 2 0 0 0 1 1 2 0 0 0 2 1 2 0 2 1 0 1 6 5 1 3 6 2 0 0 0 1 0 0 0 1 1 2 2 1 2 0 0 0 3 1 0 0 0 1 0 0 0 0 0 0 0 
0 0 0 0 0 0 0 0 1 0 0 2 0 0 0 1 3 0 3 2 6 4 2 7 1 1 5 3 1 1 1 0 0 1 0 0 0 0 0 0 0 0 0 0 0 1 0 1 3 0 0 0 3 0 1 0 1 0 0 1 3 0 0 1 0 0 7 4 2 4 3 5 2 1 1 1 0 1 1 0 1 1 1 2 1 0 0 1 0 0 0 1 0 0 0 0 0 0 0 0 
0 0 0 0 0 0 0 0 0 0 0 2 0 0 1 1 1 2 2 11 4 3 5 2 3 2 0 1 3 1 0 1 0 0 0 0 0 0 0 0 0 0 0 0 1 0 0 0 0 1 0 1 0 1 1 1 0 0 1 2 0 2 1 1 1 0 1 4 4 1 6 2 3 6 2 0 2 0 0 1 1 1 0 1 1 1 3 1 0 0 0 0 0 0 0 0 0 0 0 0 
0 0 0 0 0 0 0 1 0 0 1 0 2 2 0 0 2 0 9 6 3 1 3 3 2 3 3 2 2 0 0 0 1 0 0 0 0 0 0 0 0 0 0 0 0 0 1 0 0 1 0 0 0 0 1 0 0 0 0 0 1 0 2 2 1 1 2 4 2 3 6 5 3 2 2 1 0 1 0 2 2 2 1 0 0 4 1 0 0 0 1 0 0 0 0 0 0 0 0 0 
0 0 0 0 0 0 1 0 0 0 0 0 1 2 0 3 0 7 5 3 5 7 4 1 5 2 1 0 0 3 1 0 0 0 2 0 0 0 0 0 0 0 1 0 0 0 0 0 0 0 1 0 0 1 0 2 0 0 0 1 2 1 0 2 2 1 1 3 3 4 1 1 4 3 2 2 0 1 4 0 1 0 2 1 0 0 0 0 0 0 0 0 0 0 0 0 0 0 0 0 
0 0 0 0 0 0 0 0 0 0 0 1 0 0 3 1 3 5 6 3 4 3 3 2 2 2 0 0 0 1 3 0 0 0 0 0 0 0 0 0 0 0 0 0 0 0 0 1 1 0 1 1 0 0 1 1 1 0 0 0 1 2 1 0 1 3 1 3 5 1 2 6 2 2 5 2 3 1 0 4 1 1 1 1 2 0 0 0 0 0 0 0 0 0 0 0 0 0 0 0 
0 0 0 0 0 1 0 0 0 0 1 0 1 1 4 1 3 4 4 5 3 4 4 5 2 1 1 1 2 0 1 2 0 0 0 2 0 0 0 0 0 0 0 0 0 0 0 1 1 2 1 1 1 0 0 0 0 1 0 0 0 1 1 0 0 2 0 3 4 4 1 3 4 3 1 1 1 2 1 1 1 3 0 0 0 0 1 0 0 0 0 0 0 0 0 0 0 0 1 0 
0 0 0 0 0 1 0 0 0 0 2 0 2 4 3 3 4 6 2 5 4 1 4 2 1 0 0 2 0 1 0 0 2 1 0 0 1 0 0 0 0 0 0 0 0 0 0 0 0 0 1 0 0 0 0 0 1 0 0 0 0 0 2 1 1 0 0 2 3 4 3 3 5 4 4 3 3 1 3 0 0 0 1 2 1 0 0 0 0 1 0 0 0 0 0 0 0 0 0 0 
0 0 0 0 1 0 0 0 0 3 0 1 2 3 2 1 3 1 2 5 1 4 2 2 1 1 1 0 0 0 1 2 1 1 1 0 1 1 0 0 0 0 0 0 0 0 1 0 0 1 2 1 0 1 1 0 1 0 1 0 0 0 0 0 0 0 3 0 3 7 6 4 4 2 5 5 1 1 1 2 0 0 1 0 0 0 1 0 1 0 0 0 0 0 0 0 0 0 0 0 
0 0 0 0 0 0 0 0 3 0 0 2 2 1 1 5 6 2 3 1 5 3 3 0 1 2 0 0 2 0 0 1 2 1 1 0 0 1 1 0 0 0 0 0 0 1 0 0 0 1 0 0 0 0 0 0 0 1 0 1 0 0 0 0 0 1 0 3 2 3 6 3 4 6 3 4 4 0 2 1 1 0 0 1 1 0 1 1 0 0 0 0 0 0 0 0 0 0 0 0 
0 0 0 0 0 0 0 0 0 0 0 0 2 2 4 4 3 1 4 2 5 3 0 2 1 1 1 0 0 0 0 0 0 2 0 1 0 0 1 1 0 0 0 0 0 0 0 0 1 0 0 1 1 0 1 0 0 0 1 0 1 0 0 3 1 0 2 0 3 1 4 6 2 8 3 5 2 6 1 1 2 0 0 1 1 0 0 2 0 0 0 0 0 0 0 0 0 0 0 0 
0 0 0 0 0 0 0 1 0 1 2 3 3 3 2 3 1 6 2 4 3 1 1 1 0 0 1 1 0 0 0 0 0 0 3 0 1 0 0 0 1 0 0 0 0 0 0 0 0 0 0 0 0 0 0 1 0 0 0 1 0 1 0 0 2 0 1 1 0 3 3 3 8 2 5 3 6 1 4 1 0 2 2 1 1 1 1 0 2 0 0 0 0 0 0 0 0 0 0 0 
0 0 0 1 2 0 0 0 1 1 2 1 3 1 3 1 4 2 1 5 1 3 1 0 1 0 0 1 1 0 0 0 0 0 0 3 0 1 0 1 0 0 0 0 0 0 0 0 0 1 0 0 0 1 0 0 1 0 0 0 0 0 0 0 0 3 0 2 1 1 2 8 3 7 5 4 7 3 1 1 1 1 1 1 1 2 0 0 0 1 0 0 0 0 0 0 0 0 0 0 
0 0 0 0 0 0 0 0 0 2 0 3 0 4 6 0 5 2 4 3 1 1 1 1 0 0 0 0 1 2 0 0 1 0 0 0 3 0 0 0 1 0 0 1 0 0 0 1 0 0 1 1 0 1 0 0 0 1 0 0 1 0 1 0 1 0 3 0 0 2 4 3 3 0 9 2 4 8 1 4 1 0 1 1 1 0 1 1 0 1 0 0 0 0 0 0 0 0 0 0 
0 0 0 0 0 1 0 1 0 0 2 4 3 3 1 4 1 3 7 1 2 2 1 0 0 0 0 0 0 1 0 1 0 0 0 1 0 3 1 0 0 2 0 0 1 0 1 0 1 0 0 1 1 0 1 0 0 1 0 0 0 1 0 1 0 0 0 3 1 2 4 1 4 5 0 11 1 5 4 1 2 0 0 1 0 0 0 0 0 0 1 0 0 0 0 0 0 0 0 0 
0 0 0 0 0 0 0 0 0 0 1 2 2 3 0 6 3 9 3 3 2 1 0 0 0 0 0 0 0 0 1 0 0 1 0 0 0 0 2 0 0 0 2 1 0 1 0 0 0 0 0 0 3 0 0 1 0 0 2 0 0 0 1 0 1 1 0 0 6 3 1 3 4 4 3 5 6 2 4 1 0 2 0 1 1 0 0 1 0 0 1 0 0 0 0 0 0 0 0 0 
0 0 0 1 0 0 1 1 2 2 2 1 5 0 5 2 4 2 2 0 3 0 0 0 0 0 0 0 0 0 0 1 0 0 0 0 1 0 1 2 0 0 0 2 0 0 0 1 0 0 0 0 0 0 0 0 0 0 0 1 0 0 0 1 0 0 0 2 2 3 1 2 6 4 3 3 5 8 6 3 3 2 0 0 0 2 1 0 0 0 0 1 0 0 0 0 0 0 0 0 
0 0 0 0 0 0 2 2 3 3 3 2 2 4 4 5 5 3 2 3 0 0 0 0 0 0 0 0 0 2 1 0 0 1 0 0 0 1 0 0 2 0 0 0 1 0 0 0 0 0 0 0 0 1 0 1 0 0 0 1 1 0 0 0 1 1 1 1 0 0 2 1 0 4 3 1 7 2 5 5 1 2 2 0 0 0 2 1 0 1 0 1 1 0 0 0 0 0 0 0 
0 0 1 0 0 1 0 5 0 1 3 2 2 1 3 6 2 3 0 2 0 0 1 0 0 0 0 0 0 0 1 1 1 0 1 0 0 0 0 1 0 2 0 0 1 0 0 0 0 0 0 0 0 1 0 0 2 0 0 0 1 0 0 0 0 0 2 2 0 0 1 1 1 1 8 5 2 8 4 4 5 2 4 0 0 0 0 2 2 0 0 0 0 0 0 0 0 1 0 0 
0 0 0 0 0 0 0 0 2 4 6 2 2 8 4 4 1 1 4 0 0 0 0 1 0 0 0 0 0 0 1 1 1 1 0 0 0 0 0 0 0 0 2 0 0 2 1 0 0 0 0 0 0 1 1 0 0 2 0 0 0 2 0 0 0 2 1 0 1 2 1 3 1 2 1 2 5 1 3 6 4 6 0 2 0 0 0 0 2 1 0 0 0 0 0 0 0 0 0 0 
0 0 0 0 1 0 2 0 1 4 0 4 2 3 4 0 2 4 0 0 0 0 0 0 1 0 0 0 0 0 1 1 0 1 2 0 0 0 0 0 0 0 0 2 0 1 2 0 0 0 0 0 0 0 1 0 0 0 2 0 0 0 1 0 0 0 2 0 1 2 1 0 4 4 4 3 2 3 7 5 6 4 5 0 2 0 0 0 0 2 1 0 0 0 0 0 0 0 0 0 
0 0 0 0 0 2 2 2 2 2 5 4 5 4 3 5 5 0 1 0 0 0 0 0 0 0 0 0 0 0 0 0 1 0 1 0 0 0 1 0 0 0 1 1 2 0 0 2 0 0 0 1 0 0 0 1 0 0 0 0 0 0 1 0 1 1 0 1 2 1 2 1 1 3 1 5 1 2 2 5 4 3 2 4 0 1 0 0 0 0 1 1 1 0 0 0 0 0 0 0 
0 0 0 1 1 2 2 1 3 2 1 4 2 4 3 6 3 1 0 0 1 1 0 0 0 0 0 0 0 0 0 0 1 0 0 1 0 0 0 0 0 0 0 0 0 1 0 0 2 0 0 0 0 0 0 0 0 0 0 1 0 0 1 0 0 1 0 2 1 0 1 4 1 1 3 2 5 4 5 3 7 3 5 0 1 1 1 0 0 0 1 1 0 2 0 0 0 0 0 0 
0 0 0 2 1 0 0 1 3 4 1 0 4 3 6 3 2 0 1 0 0 0 0 0 0 0 0 0 0 0 0 0 0 2 0 1 0 0 0 0 0 0 0 0 1 1 1 0 0 2 0 0 0 0 1 1 1 0 0 1 1 0 0 1 0 0 1 1 0 1 2 3 1 0 2 3 3 4 2 7 4 9 3 5 0 0 0 0 0 0 1 2 0 0 1 0 0 0 0 0 
0 0 1 1 1 0 3 4 6 0 2 5 4 4 6 1 0 1 0 0 1 0 0 0 0 0 0 0 0 0 0 0 0 0 2 1 1 0 0 0 0 0 0 0 0 0 1 1 0 0 2 0 0 0 0 0 1 1 0 0 0 1 0 1 1 0 1 0 0 2 2 0 3 0 0 2 1 2 4 3 7 5 4 5 2 1 0 0 0 0 0 0 3 0 0 0 0 0 0 0 
0 0 0 0 0 3 1 3 2 3 4 3 7 7 1 0 0 0 0 0 0 1 0 0 0 0 0 0 0 0 0 0 0 0 0 1 2 0 0 1 0 1 1 0 0 0 0 1 1 1 1 1 0 0 0 0 0 1 0 0 2 0 0 0 1 1 1 0 2 0 1 1 1 3 0 0 3 5 4 2 3 4 7 3 4 2 1 1 0 0 0 0 0 1 0 0 0 0 0 0 
0 0 2 1 2 1 4 3 2 3 3 5 6 3 1 1 0 0 0 0 0 0 0 0 0 1 0 0 0 0 0 0 0 0 0 1 1 1 0 0 1 0 0 1 0 0 0 0 1 1 0 1 1 0 0 0 0 0 2 1 0 0 0 2 2 0 0 1 1 1 0 0 1 1 1 0 1 1 3 3 2 3 8 7 4 2 1 0 1 0 0 0 1 1 2 0 0 0 0 0 
0 1 0 1 2 2 3 2 2 4 5 6 4 1 2 0 0 0 0 1 0 0 1 0 0 0 0 0 0 0 0 0 0 0 0 0 0 3 1 1 0 1 0 0 0 0 0 0 0 1 1 0 1 0 0 0 0 0 1 1 0 1 1 0 0 2 0 1 1 1 0 0 0 1 2 1 0 3 1 5 5 3 1 8 7 3 2 0 0 1 0 0 0 0 0 2 0 0 0 0 
0 0 2 1 2 1 2 0 3 5 3 6 2 1 0 0 1 0 0 0 1 0 0 0 0 0 0 0 0 0 0 1 0 0 0 0 1 0 1 1 1 0 0 0 0 0 0 0 1 0 1 1 0 1 0 0 0 0 0 0 1 1 1 1 0 1 2 1 0 0 0 0 0 0 2 2 2 1 3 2 5 7 4 1 10 5 2 3 0 0 0 0 0 2 0 1 1 0 0 0 
0 1 1 1 1 4 1 5 5 4 11 4 1 3 0 1 0 0 0 0 0 0 0 0 0 0 1 0 0 0 0 0 0 0 0 0 0 0 1 1 2 0 1 0 1 0 0 0 0 0 0 1 1 1 1 0 0 1 0 0 1 1 1 1 0 1 2 2 0 0 0 0 0 1 0 1 2 2 2 2 2 3 5 3 1 5 3 2 0 0 0 0 0 0 1 0 1 0 0 0 
0 0 2 0 1 1 4 7 2 6 3 2 4 0 1 0 0 0 0 0 0 0 0 0 0 0 0 1 0 0 0 0 0 0 0 1 0 0 1 1 1 2 0 1 0 0 0 0 0 0 0 0 0 2 1 1 1 0 0 1 0 1 1 1 2 3 0 0 1 0 0 0 0 0 1 1 3 1 2 3 3 2 4 3 5 6 6 2 1 0 0 0 0 0 0 1 0 0 0 0 
0 0 0 0 1 3 4 2 7 4 3 3 1 1 0 0 0 0 0 0 0 0 0 0 0 0 0 0 1 0 0 0 0 0 0 0 0 0 1 1 1 0 2 0 0 0 0 0 0 0 0 0 1 0 1 3 0 1 0 1 2 0 1 2 4 0 2 0 0 0 0 0 0 0 0 1 0 3 1 3 3 3 5 7 3 4 4 6 3 0 0 0 0 0 0 0 1 0 0 0 
0 3 0 2 3 4 5 2 4 4 5 3 1 0 0 0 0 0 0 0 0 0 0 0 0 0 0 0 0 1 0 0 0 0 0 0 0 1 0 1 2 2 0 1 0 0 0 0 0 0 0 0 0 0 2 1 2 0 1 1 0 1 1 2 1 0 0 0 0 1 0 0 0 0 0 1 0 0 3 2 1 4 1 6 5 6 6 3 3 1 0 0 0 0 1 0 0 0 0 0 
2 1 2 2 0 2 2 4 5 1 3 2 0 0 0 0 0 0 0 0 0 0 0 0 0 0 0 0 0 0 0 0 1 0 0 0 1 0 0 1 0 1 1 0 1 0 0 1 0 0 0 0 0 0 0 1 0 3 1 0 0 2 3 0 0 2 0 1 0 0 1 0 0 0 0 0 1 0 0 1 3 1 5 4 8 6 6 4 8 3 0 0 0 0 0 1 0 2 0 0 
0 1 1 1 3 2 1 6 0 6 2 0 0 0 0 0 0 0 0 0 0 1 0 0 0 0 0 0 0 0 1 0 0 0 0 0 0 0 0 0 2 2 0 0 0 1 0 0 0 0 0 0 0 1 0 0 3 1 2 0 1 1 0 1 1 0 2 0 1 0 0 1 0 0 1 0 0 1 1 2 1 3 3 3 4 9 6 6 5 5 3 0 0 0 0 0 1 1 0 0 
0 1 1 2 0 5 4 3 6 4 1 0 0 0 0 0 0 0 0 0 0 0 0 0 0 0 0 0 0 0 0 0 0 0 0 0 0 0 1 1 0 1 2 1 0 0 1 0 0 0 0 0 1 0 0 2 0 1 1 3 0 1 0 2 0 0 0 2 0 0 0 0 2 0 0 0 0 1 1 0 2 1 2 4 4 6 7 7 3 5 3 2 0 0 1 0 1 1 0 0 
0 0 0 0 5 4 5 3 3 2 1 0 0 0 0 0 0 0 0 0 0 0 0 0 0 0 0 0 0 0 0 1 0 0 0 0 0 2 0 0 0 0 1 2 1 0 0 1 0 0 0 1 0 0 1 0 1 0 2 1 3 0 1 0 1 0 0 0 1 1 0 0 0 1 0 0 1 0 0 1 0 2 2 3 5 4 8 7 5 6 6 2 1 0 0 1 0 0 1 0 
2 0 1 3 4 4 2 5 1 3 0 0 0 0 0 0 0 0 0 0 0 0 1 1 0 0 0 0 0 0 0 0 0 0 0 0 1 0 0 0 0 0 0 0 1 1 0 0 1 0 1 0 0 1 1 0 0 1 0 2 3 2 1 0 0 1 0 0 1 0 0 1 0 0 0 0 0 0 0 0 1 0 1 2 3 4 6 8 8 6 4 7 0 1 0 0 0 1 2 0 
1 2 2 3 2 2 3 2 6 0 0 0 0 0 0 0 0 0 0 0 0 0 0 0 0 0 0 0 0 0 0 0 1 0 0 1 0 0 1 0 0 0 0 0 1 1 1 0 0 2 0 0 1 1 0 0 1 0 1 1 2 1 1 1 0 0 0 0 0 2 0 0 0 1 0 1 0 0 0 0 0 1 1 1 2 4 3 7 10 7 9 3 4 0 1 0 1 0 0 1 
0 1 0 3 7 3 5 3 2 0 1 0 0 0 0 0 0 0 0 0 0 1 0 1 1 0 0 0 0 0 0 0 0 1 0 0 0 0 0 0 0 0 0 0 0 1 1 1 1 0 1 1 1 0 0 1 0 1 1 1 0 1 1 1 1 0 1 0 0 0 3 0 0 0 2 0 0 0 0 0 0 0 1 1 1 3 4 6 6 6 7 6 6 2 0 0 0 0 0 1 
0 1 3 4 3 5 4 0 0 1 0 0 0 0 0 0 0 0 0 0 0 0 0 0 0 1 0 0 0 0 0 0 0 0 0 1 0 0 0 0 0 0 0 0 0 0 2 2 1 0 1 2 0 0 1 0 1 1 1 0 0 0 1 1 1 1 0 1 0 1 1 1 0 0 0 1 0 0 0 0 0 0 0 1 1 1 4 4 7 9 5 7 5 8 2 0 0 1 1 0 
2 1 5 5 5 3 2 4 1 0 0 0 0 0 0 0 0 0 0 0 0 0 1 0 1 0 1 0 0 0 0 0 0 0 1 0 1 0 0 0 0 0 0 0 0 0 1 1 1 2 1 0 1 1 0 1 1 1 0 0 0 0 0 1 1 1 1 0 2 0 0 1 0 1 0 0 0 0 0 0 0 0 0 0 0 1 2 4 4 7 8 5 8 2 5 2 0 0 0 0 
0 2 1 4 7 3 4 3 1 0 0 0 0 0 0 0 0 0 0 0 0 0 0 1 0 1 0 1 0 0 0 0 0 0 1 0 0 0 0 0 0 0 0 0 0 2 0 0 2 2 1 0 1 0 1 1 1 0 0 0 0 1 0 0 1 2 1 2 0 1 0 0 1 0 0 0 1 0 0 0 0 1 1 0 1 0 1 1 5 6 10 9 2 8 2 2 1 0 0 0 
0 0 2 3 4 2 4 2 0 0 0 0 0 0 0 0 0 0 0 0 0 0 0 0 0 1 1 0 1 0 0 0 0 1 0 0 0 0 0 0 0 0 0 0 2 0 0 1 1 0 2 0 0 2 1 1 0 0 0 0 0 0 1 0 0 1 2 1 1 0 1 1 2 1 0 0 0 0 0 0 0 0 0 0 0 2 0 1 2 7 7 11 12 2 9 2 1 1 0 1 
1 2 2 5 1 5 2 1 1 0 0 0 0 0 0 0 0 0 0 0 0 0 0 0 1 0 0 1 0 1 0 0 1 0 0 0 0 0 0 0 0 0 0 2 0 0 1 1 0 1 0 3 1 1 1 0 0 0 0 0 0 0 0 0 1 1 1 0 2 1 0 2 0 1 1 0 0 0 0 0 1 0 0 0 1 0 1 0 1 2 5 9 12 11 2 8 2 0 0 0 
0 2 4 4 4 7 3 0 0 0 0 0 0 0 0 0 0 0 0 0 0 0 1 0 0 0 1 0 1 0 1 0 0 0 0 0 0 0 0 0 0 0 2 0 0 1 1 0 0 1 1 1 3 1 0 0 0 0 0 0 0 0 1 1 1 0 0 2 0 1 1 0 2 0 1 0 0 0 0 0 0 0 0 1 1 0 0 1 0 1 4 6 9 12 9 3 3 0 1 0 
2 3 3 3 4 4 0 0 0 0 0 0 0 0 0 0 0 0 0 0 0 0 0 1 0 0 0 1 0 0 0 1 0 0 0 1 0 0 0 0 1 2 1 1 0 1 0 0 0 0 0 1 1 2 0 0 0 0 0 1 0 0 1 1 0 0 0 0 1 1 2 1 0 0 1 1 0 0 1 0 0 1 0 1 0 0 0 0 1 0 1 4 6 10 13 10 6 2 0 1 
2 4 9 4 7 1 0 1 0 0 0 0 0 0 0 0 0 0 0 0 0 0 0 0 1 0 0 0 0 1 0 0 1 0 1 1 0 0 0 0 1 0 0 1 2 0 0 0 1 0 1 1 0 0 1 0 1 0 1 0 0 2 0 0 0 0 0 0 0 2 1 1 1 1 0 0 1 1 0 0 1 0 1 0 0 0 0 0 0 1 0 1 6 6 10 7 10 3 1 0 
2 7 6 6 4 0 2 0 0 0 0 0 0 0 0 0 0 0 0 0 0 0 0 0 0 1 0 0 0 0 0 0 0 1 1 0 1 0 0 2 0 0 1 1 0 0 0 1 0 1 2 0 0 0 0 1 0 2 0 0 2 0 0 0 0 0 0 0 1 0 1 1 1 1 0 2 0 1 0 1 0 0 0 0 0 0 0 0 0 0 1 0 1 9 8 10 7 11 0 0 
3 6 7 11 0 2 0 0 0 0 0 0 0 0 0 0 0 0 0 0 0 0 0 0 0 0 1 0 1 0 0 0 0 1 0 0 0 1 2 0 0 1 1 0 1 0 1 0 1 1 0 0 0 0 0 0 2 0 0 2 0 0 1 0 0 0 0 1 0 0 0 0 1 1 1 0 2 0 2 1 0 0 0 0 0 0 0 0 0 0 0 1 0 1 10 14 9 6 4 0 
3 10 6 4 2 0 0 0 0 0 0 0 0 0 0 0 0 0 0 0 0 0 0 0 0 0 0 1 0 1 0 0 0 0 0 0 1 2 1 0 0 2 0 0 0 1 0 1 1 0 0 1 0 0 2 0 0 1 0 0 0 1 0 0 0 0 1 0 0 0 0 0 0 2 1 2 1 1 0 1 1 0 0 0 0 0 0 0 0 0 0 0 1 0 1 12 15 7 13 0 
8 6 11 2 0 0 0 0 0 0 0 0 0 0 0 0 0 0 0 0 0 0 0 0 0 0 0 0 1 0 0 0 1 2 0 0 0 2 0 0 0 0 1 0 0 0 2 1 0 0 0 0 1 0 0 2 0 0 1 0 1 0 0 0 0 1 0 0 0 0 0 0 0 0 3 0 1 1 2 0 1 1 0 0 0 0 0 0 0 0 0 0 0 1 0 2 16 16 7 6 
13 13 6 0 0 0 0 0 0 0 0 0 0 0 0 0 0 0 0 0 0 0 0 0 0 0 0 0 0 0 0 2 1 0 2 0 0 0 0 0 2 0 0 2 0 0 1 0 0 1 0 0 0 1 0 0 1 0 2 1 0 0 0 1 0 0 0 0 0 0 0 1 0 0 0 2 0 2 0 1 0 0 1 0 1 0 0 0 0 0 0 0 0 0 1 0 2 24 10 6 
14 13 0 0 0 0 0 0 0 0 0 0 0 0 0 0 0 0 0 0 0 0 0 0 0 0 0 0 0 1 2 0 0 0 0 0 2 0 0 2 1 0 0 0 3 0 0 1 0 0 0 0 0 0 1 0 1 0 1 0 0 1 0 0 0 0 0 0 0 0 0 0 0 1 0 1 0 2 1 1 1 1 0 0 0 0 0 0 0 0 0 0 0 0 0 1 0 1 35 12 
26 0 0 0 0 0 0 0 0 0 0 0 0 0 0 0 0 0 0 0 0 0 0 0 0 0 0 0 0 0 1 1 0 0 0 2 0 0 2 1 0 0 0 0 0 3 0 0 1 0 0 0 0 0 0 1 0 2 0 1 1 0 0 0 1 0 0 0 0 0 0 0 1 0 0 0 3 0 1 1 0 1 0 1 0 0 0 0 0 0 0 0 0 0 0 0 1 0 2 46 

Pair-order violations matrix
0 36 40 39 36 37 36 39 35 39 36 43 30 35 37 44 37 38 37 41 37 47 42 38 38 36 40 40 34 45 36 43 42 44 37 48 43 44 44 48 36 37 33 48 40 46 44 43 43 47 39 47 45 40 41 36 39 37 36 41 39 35 45 35 41 30 47 39 34 43 40 41 40 33 48 38 34 41 31 27 30 27 30 27 31 25 34 31 23 26 30 25 34 33 35 30 31 37 33 31 
36 0 42 40 36 38 37 39 35 40 37 43 31 36 37 45 37 38 38 41 37 48 43 39 39 37 41 41 35 46 37 44 43 45 37 49 44 45 45 48 36 38 34 49 41 47 44 43 43 48 40 48 45 39 42 35 38 36 37 41 40 35 44 35 42 31 47 38 35 44 40 41 41 33 48 39 35 42 31 28 31 27 30 28 32 25 34 32 23 27 31 26 35 34 35 31 32 37 34 32 
40 42 0 38 35 36 35 37 33 38 35 41 29 34 36 43 36 38 36 40 36 46 43 37 38 36 39 41 34 45 36 43 43 43 37 47 43 44 43 48 36 36 33 47 40 45 43 42 44 46 39 48 45 40 42 35 41 38 36 40 39 37 47 36 42 31 47 40 35 44 39 41 40 33 48 38 34 41 31 28 31 27 30 27 30 25 33 30 22 25 29 24 33 32 34 29 31 37 32 31 
39 40 38 0 38 37 36 37 33 38 35 41 29 34 35 43 36 38 35 39 35 45 42 36 37 35 39 39 33 44 35 42 42 43 36 47 41 44 43 47 35 36 31 46 40 45 43 42 42 45 37 47 45 38 41 35 40 38 36 39 39 36 45 35 42 31 45 40 34 41 38 39 38 32 46 37 33 41 29 27 32 28 29 27 29 25 33 30 22 25 29 24 33 32 34 30 32 37 31 30 
36 36 35 38 0 41 41 41 38 43 40 46 34 39 40 48 41 42 40 43 39 50 46 41 42 40 44 44 38 49 40 47 46 48 40 52 46 48 48 51 39 41 36 51 44 50 47 46 46 49 41 51 49 42 45 38 42 40 40 43 43 39 47 38 45 34 48 43 38 45 43 42 43 34 50 42 38 45 32 31 35 31 33 30 34 29 38 35 26 30 34 29 38 37 39 34 36 42 36 35 
37 38 36 37 41 0 40 41 37 42 39 45 33 38 39 47 40 42 39 43 39 50 45 41 41 39 43 42 37 48 39 46 46 47 40 51 45 47 47 51 39 40 35 51 43 49 47 46 45 49 41 51 49 43 45 38 42 41 38 44 41 39 48 38 45 34 50 42 36 46 42 43 42 36 51 41 37 45 34 31 34 31 32 31 33 28 37 34 26 29 33 28 37 36 38 33 34 40 36 34 
36 37 35 36 41 40 0 41 37 42 39 45 33 38 39 47 40 42 39 42 38 50 45 41 41 39 43 42 37 48 39 46 46 47 39 51 45 47 47 50 38 40 35 51 43 49 46 45 44 49 41 51 49 42 45 37 41 40 38 43 41 39 47 38 45 34 49 41 36 46 42 42 42 35 50 41 37 45 33 31 34 31 31 31 33 28 37 34 25 29 33 28 37 36 38 33 34 40 36 34 
39 39 37 37 41 41 41 0 34 40 37 43 31 36 37 45 38 39 37 41 37 47 43 38 39 37 41 41 35 46 37 44 43 45 38 49 43 45 45 49 37 38 33 48 41 47 45 44 44 46 38 48 46 40 42 36 40 38 37 41 40 36 45 35 42 31 46 41 35 42 40 40 40 32 48 39 35 42 30 28 32 28 31 27 31 26 35 32 24 27 31 26 35 34 36 31 33 39 33 32 
35 35 33 33 38 37 37 34 0 42 38 44 32 37 38 45 39 40 39 41 37 49 44 40 40 38 42 42 36 47 38 45 44 46 38 50 44 46 46 49 37 39 34 50 42 48 45 44 44 48 40 49 47 41 44 36 40 38 38 42 41 38 46 36 43 32 47 41 36 44 41 41 42 33 49 40 36 43 31 29 33 29 31 29 32 27 36 33 24 28 32 27 36 35 37 32 34 40 35 33 
39 40 38 38 43 42 42 40 42 0 43 49 37 42 40 49 42 45 42 44 41 53 48 44 44 42 46 45 40 51 43 50 49 50 42 54 48 51 51 53 41 44 38 54 47 53 50 48 47 52 45 54 50 45 48 39 43 42 41 45 45 42 48 41 49 38 51 44 39 49 45 45 45 38 54 45 41 47 36 34 38 34 35 34 36 31 39 38 28 33 37 32 41 39 41 36 38 43 39 38 
36 37 35 35 40 39 39 37 38 43 0 44 31 36 36 44 37 39 38 40 36 48 43 39 39 37 41 40 35 46 37 44 44 45 37 49 43 46 45 48 36 38 33 49 42 47 44 43 42 48 40 49 46 39 43 35 39 38 37 41 40 37 45 36 44 33 47 39 35 44 39 41 40 34 48 39 35 43 31 29 33 29 29 30 31 26 34 32 23 27 31 26 35 34 35 32 33 37 34 32 
43 43 41 41 46 45 45 43 44 49 44 0 34 34 38 44 38 40 39 42 38 47 45 38 39 37 41 42 35 46 37 44 44 45 37 49 44 45 45 48 37 38 34 48 40 47 45 44 45 46 39 49 46 40 43 37 41 38 37 41 41 36 47 36 43 31 48 40 36 44 41 41 40 33 47 39 35 43 32 28 33 29 32 27 32 26 35 32 24 27 31 26 35 34 36 31 33 39 33 32 
30 31 29 29 34 33 33 31 32 37 31 34 0 40 42 49 43 44 42 44 41 53 47 44 44 42 46 45 40 51 42 49 48 50 42 54 48 50 50 53 41 43 38 54 46 52 49 47 47 52 44 53 50 45 47 40 42 41 41 45 44 41 48 40 47 36 50 44 38 47 45 45 45 36 53 44 40 46 34 33 36 33 34 33 36 31 40 37 28 32 36 31 40 39 41 36 37 43 39 37 
35 36 34 34 39 38 38 36 37 42 36 34 40 0 43 49 44 44 42 45 41 53 48 44 44 41 46 45 39 51 41 49 48 49 41 54 47 49 50 53 41 42 38 54 45 52 49 47 47 52 43 53 50 45 47 39 43 41 42 45 45 41 50 40 47 36 50 45 39 47 44 45 45 37 52 44 40 46 35 33 36 33 34 32 36 31 39 37 28 32 36 31 40 39 41 36 38 44 39 37 
37 37 36 35 40 39 39 37 38 40 36 38 42 43 0 42 38 38 38 41 37 48 42 39 40 38 41 41 36 47 38 45 44 45 39 49 44 47 45 50 38 38 34 49 43 47 45 44 44 48 41 49 46 42 42 37 41 40 37 42 40 38 47 37 44 33 47 42 36 44 40 43 40 34 50 40 36 42 31 29 32 29 30 29 31 28 35 32 24 27 31 26 35 34 36 32 33 38 34 33 
44 45 43 43 48 47 47 45 45 49 44 44 49 49 42 0 44 44 42 45 42 53 49 44 45 43 47 46 41 52 43 50 50 51 43 55 49 51 51 54 42 44 39 54 47 53 50 48 48 52 44 55 51 44 48 40 43 42 42 45 45 41 48 41 49 38 51 44 39 48 45 45 45 37 53 45 41 48 35 35 38 34 35 34 37 31 40 38 29 33 37 32 41 40 41 37 38 43 39 38 
37 37 36 36 41 40 40 38 39 42 37 38 43 44 38 44 0 44 42 46 41 53 48 44 43 41 46 46 39 51 42 49 48 49 40 54 48 50 49 51 41 43 39 54 44 52 49 47 48 52 45 52 50 45 46 41 43 41 41 45 45 39 50 40 47 35 51 43 40 48 45 46 44 37 51 43 40 46 35 32 36 33 35 32 37 30 40 37 28 32 36 31 40 39 41 36 37 43 38 37 
38 38 38 38 42 42 42 39 40 45 39 40 44 44 38 44 44 0 42 48 43 56 49 47 47 44 48 47 42 55 44 52 52 50 43 57 49 53 51 55 45 44 42 57 47 54 53 49 49 53 46 56 50 50 47 43 44 43 43 47 47 41 52 42 51 38 51 46 40 48 45 49 45 39 55 46 43 46 37 36 38 35 35 34 39 34 42 40 32 35 39 34 43 41 44 39 40 46 40 40 
37 38 36 35 40 39 39 37 39 42 38 39 42 42 38 42 42 42 0 46 40 52 47 43 43 41 45 44 39 50 41 48 48 49 40 53 47 50 49 51 40 42 37 53 45 51 48 47 46 51 44 53 50 44 47 40 43 42 40 45 44 41 50 40 48 36 51 43 39 48 44 45 43 37 51 43 39 47 35 32 37 34 33 33 35 31 39 36 27 31 35 30 39 38 40 36 37 42 38 36 
41 41 40 39 43 43 42 41 41 44 40 42 44 45 41 45 46 48 46 0 39 52 47 43 43 40 45 43 38 50 40 48 48 48 40 53 46 49 49 52 40 41 37 53 45 51 47 46 44 51 43 52 50 43 46 39 43 41 41 44 44 41 50 40 48 37 50 44 38 47 43 45 43 38 51 43 39 46 34 33 36 34 31 33 35 31 38 36 27 31 35 30 39 38 40 36 37 42 38 36 
37 37 36 35 39 39 38 37 37 41 36 38 41 41 37 42 41 43 40 39 0 52 46 43 45 43 45 46 40 51 43 49 48 49 41 54 49 50 50 52 42 42 39 54 45 52 49 47 48 51 45 54 48 46 47 40 42 41 40 45 43 40 48 39 47 36 50 44 38 48 44 45 44 35 52 45 41 46 34 32 36 33 33 32 36 32 39 37 28 31 36 31 40 39 41 36 37 43 39 37 
47 48 46 45 50 50 50 47 49 53 48 47 53 53 48 53 53 56 52 52 52 0 50 47 48 46 48 49 44 55 45 52 52 52 44 57 52 54 52 55 44 46 42 57 49 54 52 50 51 54 48 57 50 48 50 42 45 43 44 48 48 44 52 41 51 38 53 46 42 51 46 49 48 38 56 48 43 49 37 36 40 34 37 35 39 34 42 40 31 35 39 34 43 41 43 39 41 46 41 40 
42 43 43 42 46 45 45 43 44 48 43 45 47 48 42 49 48 49 47 47 46 50 0 41 43 41 44 44 39 50 40 48 47 48 42 52 46 49 48 53 41 40 37 51 45 50 48 47 46 48 41 52 49 44 44 39 42 41 39 44 42 38 47 39 46 35 48 43 38 45 43 43 42 35 52 42 39 44 33 32 34 31 32 30 34 30 38 35 27 30 34 29 38 37 39 34 35 41 36 36 
38 39 37 36 41 41 41 38 40 44 39 38 44 44 39 44 44 47 43 43 43 47 41 0 44 41 45 46 39 52 41 49 49 47 41 54 46 50 48 52 41 42 40 54 45 51 49 46 47 52 44 53 49 46 45 40 42 41 43 44 46 41 50 41 48 37 48 45 39 45 42 45 44 37 53 44 40 44 34 35 37 33 33 33 36 32 40 37 29 33 37 32 41 39 42 36 39 45 37 37 
38 39 38 37 42 41 41 39 40 44 39 39 44 44 40 45 43 47 43 43 45 48 43 44 0 42 45 45 40 51 41 48 48 49 42 54 47 50 49 53 41 42 38 53 46 51 50 49 47 50 42 53 50 45 46 41 44 42 42 46 45 40 49 39 47 35 50 44 39 46 44 44 45 37 53 43 39 46 35 33 37 32 34 32 36 31 40 37 29 32 36 31 40 38 41 36 38 44 37 36 
36 37 36 35 40 39 39 37 38 42 37 37 42 41 38 43 41 44 41 40 43 46 41 41 42 0 47 47 42 53 43 50 50 51 43 56 50 52 51 54 42 45 40 55 48 53 51 50 49 53 45 55 52 46 48 42 46 44 44 47 47 43 51 41 49 37 52 46 41 49 46 46 47 38 54 46 41 49 36 35 39 34 36 34 38 33 42 39 30 34 38 33 42 40 43 38 40 46 39 38 
40 41 39 39 44 43 43 41 42 46 41 41 46 46 41 47 46 48 45 45 45 48 44 45 45 47 0 41 34 46 36 44 44 42 35 48 42 45 43 48 36 36 35 48 41 47 44 41 44 49 40 49 45 39 42 34 41 38 38 38 42 37 47 38 44 34 46 40 37 43 37 42 39 34 47 39 36 40 31 30 33 29 30 29 32 26 32 32 23 27 31 26 35 34 35 32 34 38 33 33 
40 41 41 39 44 42 42 41 42 45 40 42 45 45 41 46 46 47 44 43 46 49 44 46 45 47 41 0 40 51 42 49 48 50 44 54 47 50 50 54 42 43 39 54 46 52 50 49 48 52 44 53 50 45 47 41 41 41 42 47 45 40 48 40 47 37 51 44 39 46 44 45 45 38 55 44 40 46 36 34 37 33 35 34 36 31 40 37 30 33 37 32 41 40 41 36 38 43 39 37 
34 35 34 33 38 37 37 35 36 40 35 35 40 39 36 41 39 42 39 38 40 44 39 39 40 42 34 40 0 49 39 46 46 47 40 52 47 48 47 51 39 41 37 52 44 49 48 47 46 51 43 51 48 44 44 40 43 41 40 45 43 39 49 38 45 33 51 42 37 47 43 45 44 37 52 42 37 45 35 31 34 30 33 31 35 29 38 35 27 30 34 29 38 36 39 34 35 41 36 34 
45 46 45 44 49 48 48 46 47 51 46 46 51 51 47 52 51 55 50 50 51 55 50 52 51 53 46 51 49 0 41 49 49 49 41 56 50 53 50 52 42 45 41 56 47 53 51 49 49 55 48 54 51 47 47 44 46 44 44 47 48 42 53 42 50 37 53 45 42 50 46 49 46 40 53 45 41 48 37 34 39 35 36 35 39 33 42 39 30 34 38 33 42 40 43 39 40 45 39 38 
36 37 36 35 40 39 39 37 38 43 37 37 42 41 38 43 42 44 41 40 43 45 40 41 41 43 36 42 39 41 0 50 49 49 42 54 48 51 49 53 42 43 39 54 45 52 50 47 50 53 45 53 51 46 48 42 46 43 43 45 46 42 52 42 48 37 52 46 40 48 45 47 46 39 53 43 40 46 36 34 38 34 37 34 37 30 40 37 29 32 36 31 40 39 41 36 38 44 38 37 
43 44 43 42 47 46 46 44 45 50 44 44 49 49 45 50 49 52 48 48 49 52 48 49 48 50 44 49 46 49 50 0 48 49 42 54 48 51 50 54 42 42 39 54 46 52 50 48 48 54 45 53 49 45 46 41 44 42 43 46 46 40 51 41 48 37 52 45 40 48 44 48 45 40 53 44 40 46 37 33 36 33 35 33 37 31 38 37 29 32 36 31 40 39 40 37 38 42 39 37 
42 43 43 42 46 46 46 43 44 49 44 44 48 48 44 50 48 52 48 48 48 52 47 49 48 50 44 48 46 49 49 48 0 52 47 59 52 55 55 59 47 46 44 58 51 57 55 52 52 57 48 58 53 49 50 46 47 45 48 49 51 43 53 46 53 42 54 49 44 50 49 51 49 43 57 48 45 49 40 38 41 38 39 37 42 36 43 42 34 37 41 36 45 44 45 42 43 47 43 42 
44 45 43 43 48 47 47 45 46 50 45 45 50 49 45 51 49 50 49 48 49 52 48 47 49 51 42 50 47 49 49 49 52 0 39 49 45 46 45 50 38 38 35 48 42 47 45 44 46 47 40 50 46 40 43 36 42 39 38 41 41 37 47 37 44 33 48 41 37 45 40 42 41 34 49 40 36 43 32 30 33 28 32 28 32 26 34 32 24 27 31 26 35 34 35 31 33 38 33 33 
37 37 37 36 40 40 39 38 38 42 37 37 42 41 39 43 40 43 40 40 41 44 42 41 42 43 35 44 40 41 42 42 47 39 0 56 51 52 52 55 43 45 41 55 48 54 51 49 50 54 46 55 51 45 48 42 44 42 44 46 47 41 49 42 49 38 52 45 41 49 47 47 47 38 54 46 42 48 36 35 38 34 37 34 39 32 41 39 30 34 38 33 42 41 42 38 39 44 40 39 
48 49 47 47 52 51 51 49 50 54 49 49 54 54 49 55 54 57 53 53 54 57 52 54 54 56 48 54 52 56 54 54 59 49 56 0 50 55 52 58 46 45 43 57 51 55 54 51 50 55 47 58 51 49 48 44 46 45 46 48 49 43 52 44 53 41 52 48 42 49 46 50 47 41 57 48 44 48 38 38 40 36 36 36 40 36 42 41 33 36 40 35 44 42 44 41 42 46 41 41 
43 44 43 41 46 45 45 43 44 48 43 44 48 47 44 49 48 49 47 46 49 52 46 46 47 50 42 47 47 50 48 48 52 45 51 50 0 55 52 55 44 45 41 57 49 54 53 51 51 55 48 56 50 48 50 44 46 44 45 49 49 44 53 41 51 38 54 47 42 50 46 50 48 40 56 47 42 49 38 35 41 35 38 36 39 34 42 40 32 35 39 34 43 41 43 40 42 46 41 39 
44 45 44 44 48 47 47 45 46 51 46 45 50 49 47 51 50 53 50 49 50 54 49 50 50 52 45 50 48 53 51 51 55 46 52 55 55 0 51 53 45 43 40 55 47 52 51 50 49 53 45 55 51 46 49 42 46 43 44 48 47 42 52 41 49 37 54 44 41 50 45 47 48 41 55 44 40 48 39 35 39 33 36 35 38 31 40 38 30 33 37 32 41 39 41 37 39 44 39 37 
44 45 43 43 48 47 47 45 46 51 45 45 50 50 45 51 49 51 49 49 50 52 48 48 49 51 43 50 47 50 49 50 55 45 52 52 52 51 0 54 42 38 39 53 44 51 49 46 47 49 42 54 48 46 47 39 42 40 40 44 44 40 50 40 48 36 49 44 38 46 43 45 43 36 52 43 40 44 35 33 36 33 33 31 35 31 38 36 28 31 35 30 39 38 40 35 37 43 38 37 
48 48 48 47 51 51 50 49 49 53 48 48 53 53 50 54 51 55 51 52 52 55 53 52 53 54 48 54 51 52 53 54 59 50 55 58 55 53 54 0 44 43 41 55 48 54 51 48 48 54 45 55 51 46 47 43 44 42 45 45 48 41 50 44 50 39 50 46 41 47 47 47 46 39 53 45 42 46 36 35 38 36 35 34 39 34 41 39 30 34 38 33 42 41 43 39 40 45 40 39 
36 36 36 35 39 39 38 37 37 41 36 37 41 41 38 42 41 45 40 40 42 44 41 41 41 42 36 42 39 42 42 42 47 38 43 46 44 45 42 44 0 42 39 54 44 52 49 46 47 54 45 52 49 44 45 40 43 41 43 44 46 39 50 41 48 37 50 44 40 47 43 47 44 39 51 43 40 45 35 33 36 33 34 33 37 30 38 37 28 32 36 31 40 39 40 37 38 42 38 37 
37 38 36 36 41 40 40 38 39 44 38 38 43 42 38 44 43 44 42 41 42 46 40 42 42 45 36 43 41 45 43 42 46 38 45 45 45 43 38 43 42 0 41 53 46 53 51 51 50 52 45 55 53 46 48 43 45 45 42 48 46 42 52 42 49 38 54 46 41 49 46 46 44 39 54 46 41 50 38 35 39 36 37 34 37 33 42 38 31 34 38 33 42 41 43 37 39 45 39 38 
33 34 33 31 36 35 35 33 34 38 33 34 38 38 34 39 39 42 37 37 39 42 37 40 38 40 35 39 37 41 39 39 44 35 41 43 41 40 39 41 39 41 0 55 47 55 53 51 50 55 47 57 52 49 50 44 47 46 44 49 48 44 55 44 52 40 55 48 42 51 47 50 46 42 55 47 43 50 40 36 40 38 37 36 39 35 42 40 32 35 39 34 43 42 44 40 41 46 42 40 
48 49 47 46 51 51 51 48 50 54 49 48 54 54 49 54 54 57 53 53 54 57 51 54 53 55 48 54 52 56 54 54 58 48 55 57 57 55 53 55 54 53 55 0 47 50 50 48 48 52 46 54 48 47 46 43 44 42 42 46 46 41 51 41 49 36 51 44 40 48 45 48 45 38 54 44 40 45 36 33 37 33 34 33 37 33 40 37 29 32 36 31 40 38 41 37 38 43 38 37 
40 41 40 40 44 43 43 41 42 47 42 40 46 45 43 47 44 47 45 45 45 49 45 45 46 48 41 46 44 47 45 46 51 42 48 51 49 47 44 48 44 46 47 47 0 53 48 48 46 52 44 54 50 45 47 41 44 42 42 46 45 41 50 41 48 36 52 42 39 49 45 45 46 39 53 43 39 47 37 34 37 33 33 34 37 31 40 37 28 32 36 31 40 38 41 36 37 43 38 36 
46 47 45 45 50 49 49 47 48 53 47 47 52 52 47 53 52 54 51 51 52 54 50 51 51 53 47 52 49 53 52 52 57 47 54 55 54 52 51 54 52 53 55 50 53 0 56 52 53 57 50 58 53 52 50 46 49 48 46 50 50 45 57 46 54 42 55 51 45 52 48 53 47 43 57 49 46 50 40 38 41 39 39 37 41 37 44 42 34 37 41 36 45 44 46 42 43 48 43 43 
44 44 43 43 47 47 46 45 45 50 44 45 49 49 45 50 49 53 48 47 49 52 48 49 50 51 44 50 48 51 50 50 55 45 51 54 53 51 49 51 49 51 53 50 48 56 0 48 49 56 48 55 52 47 49 43 45 44 45 47 48 43 51 43 51 40 52 47 42 49 46 49 47 40 55 46 43 48 36 36 40 36 37 37 39 33 42 40 31 35 39 34 43 42 43 40 41 45 41 40 
43 43 42 42 46 46 45 44 44 48 43 44 47 47 44 48 47 49 47 46 47 50 47 46 49 50 41 49 47 49 47 48 52 44 49 51 51 50 46 48 46 51 51 48 48 52 48 0 49 54 47 56 52 46 48 44 45 43 45 48 49 41 51 43 51 39 53 45 44 50 48 48 47 40 54 46 43 49 38 35 40 36 37 35 40 34 42 40 31 35 39 34 43 42 43 40 41 45 41 40 
43 43 44 42 46 45 44 44 44 47 42 45 47 47 44 48 48 49 46 44 48 51 46 47 47 49 44 48 46 49 50 48 52 46 50 50 51 49 47 48 47 50 50 48 46 53 49 49 0 55 48 56 52 48 50 44 46 45 44 47 48 44 53 44 52 40 53 47 42 50 47 49 46 40 54 46 43 49 37 36 41 38 37 37 39 34 43 40 31 35 39 34 43 42 44 40 41 46 41 40 
47 48 46 45 49 49 49 46 48 52 48 46 52 52 48 52 52 53 51 51 51 54 48 52 50 53 49 52 51 55 53 54 57 47 54 55 55 53 49 54 54 52 55 52 52 57 56 54 55 0 42 52 48 43 45 37 43 41 39 44 42 40 49 38 46 35 50 43 38 47 41 44 43 36 52 42 38 45 34 32 35 30 33 31 33 28 36 34 26 29 33 28 37 36 37 33 35 40 36 35 
39 40 39 37 41 41 41 38 40 45 40 39 44 43 41 44 45 46 44 43 45 48 41 44 42 45 40 44 43 48 45 45 48 40 46 47 48 45 42 45 45 45 47 46 44 50 48 47 48 42 0 53 50 47 48 42 45 43 43 47 46 43 51 41 48 37 52 47 40 48 46 47 47 38 55 45 41 47 36 34 38 34 37 34 37 32 41 38 30 33 37 32 41 40 42 37 39 45 40 38 
47 48 48 47 51 51 51 48 49 54 49 49 53 53 49 55 52 56 53 52 54 57 52 53 53 55 49 53 51 54 53 53 58 50 55 58 56 55 54 55 52 55 57 54 54 58 55 56 56 52 53 0 47 45 46 39 43 41 41 44 45 41 49 40 46 36 50 45 38 45 43 45 44 36 53 44 40 44 35 33 36 33 35 32 36 31 38 37 29 32 36 31 40 39 41 36 38 44 39 37 
45 45 45 45 49 49 49 46 47 50 46 46 50 50 46 51 50 50 50 50 48 50 49 49 50 52 45 50 48 51 51 49 53 46 51 51 50 51 48 51 49 53 52 48 50 53 52 52 52 48 50 47 0 44 43 41 46 43 42 43 45 40 51 41 47 36 49 46 41 46 43 46 43 37 51 42 39 44 33 32 36 32 35 31 35 30 38 35 27 30 34 29 38 37 39 35 37 42 35 36 
40 39 40 38 42 43 42 40 41 45 39 40 45 45 42 44 45 50 44 43 46 48 44 46 45 46 39 45 44 47 46 45 49 40 45 49 48 46 46 46 44 46 49 47 45 52 47 46 48 43 47 45 44 0 45 40 42 41 41 44 44 40 48 40 47 36 49 44 38 46 44 45 44 36 52 43 40 45 33 33 36 33 34 33 36 30 40 37 28 32 36 31 40 39 41 36 37 43 38 37 
41 42 42 41 45 45 45 42 44 48 43 43 47 47 42 48 46 47 47 46 47 50 44 45 46 48 42 47 44 47 48 46 50 43 48 48 50 49 47 47 45 48 50 46 47 50 49 48 50 45 48 46 43 45 0 40 41 39 39 44 43 38 48 39 46 34 49 42 38 46 44 45 43 35 52 42 39 43 34 31 34 31 33 30 35 30 38 35 27 30 34 29 38 37 39 34 35 41 37 36 
36 35 35 35 38 38 37 36 36 39 35 37 40 39 37 40 41 43 40 39 40 42 39 40 41 42 34 41 40 44 42 41 46 36 42 44 44 42 39 43 40 43 44 43 41 46 43 44 44 37 42 39 41 40 40 0 44 43 43 44 46 42 50 42 49 38 49 47 41 47 45 46 45 36 53 45 42 46 33 35 38 34 36 33 37 32 41 38 29 33 37 32 41 40 42 37 39 45 38 39 
39 38 41 40 42 42 41 40 40 43 39 41 42 43 41 43 43 44 43 43 42 45 42 42 44 46 41 41 43 46 46 44 47 42 44 46 46 46 42 44 43 45 47 44 44 49 45 45 46 43 45 43 46 42 41 44 0 43 43 45 46 41 49 42 49 38 51 46 41 48 46 46 45 38 53 45 42 48 35 35 38 35 36 34 38 32 42 39 30 34 38 33 42 41 43 38 39 45 39 39 
37 36 38 38 40 41 40 38 38 42 38 38 41 41 40 42 41 43 42 41 41 43 41 41 42 44 38 41 41 44 43 42 45 39 42 45 44 43 40 42 41 45 46 42 42 48 44 43 45 41 43 41 43 41 39 43 43 0 41 45 46 40 50 42 49 38 51 46 41 48 46 46 45 38 53 45 42 48 35 35 38 35 36 34 38 32 42 39 30 34 38 33 42 41 43 38 39 45 39 39 
36 37 36 36 40 38 38 37 38 41 37 37 41 42 37 42 41 43 40 41 40 44 39 43 42 44 38 42 40 44 43 43 48 38 44 46 45 44 40 45 43 42 44 42 42 46 45 45 44 39 43 41 42 41 39 43 43 41 0 46 44 41 51 40 48 36 51 45 39 48 43 47 44 38 54 44 40 46 35 34 36 32 34 33 36 31 40 37 29 32 36 31 40 38 41 36 37 43 37 37 
41 41 40 39 43 44 43 41 42 45 41 41 45 45 42 45 45 47 45 44 45 48 44 44 46 47 38 47 45 47 45 46 49 41 46 48 49 48 44 45 44 48 49 46 46 50 47 48 47 44 47 44 43 44 44 44 45 45 46 0 42 37 48 38 46 34 49 42 38 47 43 44 42 34 51 43 39 45 33 31 34 31 32 30 34 30 38 35 26 30 34 29 38 37 39 34 35 41 37 36 
39 40 39 39 43 41 41 40 41 45 40 41 44 45 40 45 45 47 44 44 43 48 42 46 45 47 42 45 43 48 46 46 51 41 47 49 49 47 44 48 46 46 48 46 45 50 48 49 48 42 46 45 45 44 43 46 46 46 44 42 0 41 52 43 50 39 53 48 41 49 47 49 47 40 56 46 43 48 37 36 39 36 38 36 39 33 43 40 32 35 39 34 43 42 44 39 40 46 41 40 
35 35 37 36 39 39 39 36 38 42 37 36 41 41 38 41 39 41 41 41 40 44 38 41 40 43 37 40 39 42 42 40 43 37 41 43 44 42 40 41 39 42 44 41 41 45 43 41 44 40 43 41 40 40 38 42 41 40 41 37 41 0 50 40 48 37 52 46 39 48 46 47 46 38 55 45 41 47 36 34 37 34 36 34 37 32 41 38 30 33 37 32 41 40 42 37 38 44 40 38 
45 44 47 45 47 48 47 45 46 48 45 47 48 50 47 48 50 52 50 50 48 52 47 50 49 51 47 48 49 53 52 51 53 47 49 52 53 52 50 50 50 52 55 51 50 57 51 51 53 49 51 49 51 48 48 50 49 50 51 48 52 50 0 39 46 34 49 43 37 46 44 44 44 36 52 43 39 46 34 32 35 32 33 32 35 30 39 36 27 31 35 30 39 38 40 35 36 42 38 36 
35 35 36 35 38 38 38 35 36 41 36 36 40 40 37 41 40 42 40 40 39 41 39 41 39 41 38 40 38 42 42 41 46 37 42 44 41 41 40 44 41 42 44 41 41 46 43 43 44 38 41 40 41 40 39 42 42 42 40 38 43 40 39 0 47 36 51 45 39 46 44 45 45 36 54 44 40 45 35 33 37 33 36 33 36 31 39 37 29 32 36 31 40 39 41 36 38 44 39 37 
41 42 42 42 45 45 45 42 43 49 44 43 47 47 44 49 47 51 48 48 47 51 46 48 47 49 44 47 45 50 48 48 53 44 49 53 51 49 48 50 48 49 52 49 48 54 51 51 52 46 48 46 47 47 46 49 49 49 48 46 50 48 46 47 0 36 50 46 39 46 45 45 45 36 53 44 40 46 34 33 37 33 36 32 36 31 40 37 29 32 36 31 40 39 41 36 38 44 38 37 
30 31 31 31 34 34 34 31 32 38 33 31 36 36 33 38 35 38 36 37 36 38 35 37 35 37 34 37 33 37 37 37 42 33 38 41 38 37 36 39 37 38 40 36 36 42 40 39 40 35 37 36 36 36 34 38 38 38 36 34 39 37 34 36 36 0 49 45 38 45 44 44 44 35 52 43 39 45 33 32 36 32 35 31 35 30 39 36 28 31 35 30 39 38 40 35 37 43 37 36 
47 47 47 45 48 50 49 46 47 51 47 48 50 50 47 51 51 51 51 50 50 53 48 48 50 52 46 51 51 53 52 52 54 48 52 52 54 54 49 50 50 54 55 51 52 55 52 53 53 50 52 50 49 49 49 49 51 51 51 49 53 52 49 51 50 49 0 44 40 49 46 46 45 37 53 45 41 48 36 33 37 34 35 33 37 32 41 38 29 33 37 32 41 40 42 37 38 44 40 38 
39 38 40 40 43 42 41 41 41 44 39 40 44 45 42 44 43 46 43 44 44 46 43 45 44 46 40 44 42 45 46 45 49 41 45 48 47 44 44 46 44 46 48 44 42 51 47 45 47 43 47 45 46 44 42 47 46 46 45 42 48 46 43 45 46 45 44 0 41 50 48 48 47 40 54 47 43 49 38 37 39 37 37 35 40 34 42 40 31 35 39 34 43 42 44 39 40 46 41 40 
34 35 35 34 38 36 36 35 36 39 35 36 38 39 36 39 40 40 39 38 38 42 38 39 39 41 37 39 37 42 40 40 44 37 41 42 42 41 38 41 40 41 42 40 39 45 42 44 42 38 40 38 41 38 38 41 41 41 39 38 41 39 37 39 39 38 40 41 0 49 45 45 45 38 53 44 41 47 35 34 37 34 35 34 37 31 41 38 29 33 37 32 41 40 42 37 38 44 39 38 
43 44 44 41 45 46 46 42 44 49 44 44 47 47 44 48 48 48 48 47 48 51 45 45 46 49 43 46 47 50 48 48 50 45 49 49 50 50 46 47 47 49 51 48 49 52 49 50 50 47 48 45 46 46 46 47 48 48 48 47 49 48 46 46 46 45 49 50 49 0 40 46 44 38 53 43 39 46 35 32 36 33 34 33 35 31 39 36 28 31 35 30 39 38 40 36 37 42 38 36 
40 40 39 38 43 42 42 40 41 45 39 41 45 44 40 45 45 45 44 43 44 46 43 42 44 46 37 44 43 46 45 44 49 40 47 46 46 45 43 47 43 46 47 45 45 48 46 48 47 41 46 43 43 44 44 45 46 46 43 43 47 46 44 44 45 44 46 48 45 40 0 45 43 37 53 44 40 47 35 34 37 34 35 33 36 31 40 37 29 32 36 31 40 39 41 36 37 43 38 37 
41 41 41 39 42 43 42 40 41 45 41 41 45 45 43 45 46 49 45 45 45 49 43 45 44 46 42 45 45 49 47 48 51 42 47 50 50 47 45 47 47 46 50 48 45 53 49 48 49 44 47 45 46 45 45 46 46 46 47 44 49 47 44 45 45 44 46 48 45 46 45 0 42 36 52 43 40 45 33 33 37 33 35 33 36 30 40 37 28 32 36 31 40 39 41 36 38 44 38 37 
40 41 40 38 43 42 42 40 42 45 40 40 45 45 40 45 44 45 43 43 44 48 42 44 45 47 39 45 44 46 46 45 49 41 47 47 48 48 43 46 44 44 46 45 46 47 47 47 46 43 47 44 43 44 43 45 45 45 44 42 47 46 44 45 45 44 45 47 45 44 43 42 0 37 54 43 39 44 34 33 35 32 33 32 34 30 38 35 27 30 34 29 38 37 39 34 35 41 37 36 
33 33 33 32 34 36 35 32 33 38 34 33 36 37 34 37 37 39 37 38 35 38 35 37 37 38 34 38 37 40 39 40 43 34 38 41 40 41 36 39 39 39 42 38 39 43 40 40 40 36 38 36 37 36 35 36 38 38 38 34 40 38 36 36 36 35 37 40 38 38 37 36 37 0 51 44 40 45 33 33 35 32 33 32 35 30 39 36 27 31 35 30 39 38 40 35 36 42 37 37 
48 48 48 46 50 51 50 48 49 54 48 47 53 52 50 53 51 55 51 51 52 56 52 53 53 54 47 55 52 53 53 53 57 49 54 57 56 55 52 53 51 54 55 54 53 57 55 54 54 52 55 53 51 52 52 53 53 53 54 51 56 55 52 54 53 52 53 54 53 53 53 52 54 51 0 45 40 46 34 33 37 33 35 33 36 31 40 37 28 32 36 31 40 39 41 36 38 44 39 37 
38 39 38 37 42 41 41 39 40 45 39 39 44 44 40 45 43 46 43 43 45 48 42 44 43 46 39 44 42 45 43 44 48 40 46 48 47 44 43 45 43 46 47 44 43 49 46 46 46 42 45 44 42 43 42 45 45 45 44 43 46 45 43 44 44 43 45 47 44 43 44 43 43 44 45 0 40 45 34 33 37 33 36 32 36 31 40 37 29 32 36 31 40 39 41 36 38 44 38 37 
34 35 34 33 38 37 37 35 36 41 35 35 40 40 36 41 40 43 39 39 41 43 39 40 39 41 36 40 37 41 40 40 45 36 42 44 42 40 40 42 40 41 43 40 39 46 43 43 43 38 41 40 39 40 39 42 42 42 40 39 43 41 39 40 40 39 41 43 41 39 40 40 39 40 40 40 0 49 36 35 39 35 38 35 38 32 42 39 31 34 38 33 42 41 43 38 40 46 40 39 
41 42 41 41 45 45 45 42 43 47 43 43 46 46 42 48 46 46 47 46 46 49 44 44 46 49 40 46 45 48 46 46 49 43 48 48 49 48 44 46 45 50 50 45 47 50 48 49 49 45 47 44 44 45 43 46 48 48 46 45 48 47 46 45 46 45 48 49 47 46 47 45 44 45 46 45 49 0 33 32 36 32 35 31 35 30 39 36 28 31 35 30 39 38 40 35 37 43 37 36 
31 31 31 29 32 34 33 30 31 36 31 32 34 35 31 35 35 37 35 34 34 37 33 34 35 36 31 36 35 37 36 37 40 32 36 38 38 39 35 36 35 38 40 36 37 40 36 38 37 34 36 35 33 33 34 33 35 35 35 33 37 36 34 35 34 33 36 38 35 35 35 33 34 33 34 34 36 33 0 35 36 33 33 32 35 30 39 36 27 31 35 30 39 38 40 35 36 42 38 36 
27 28 28 27 31 31 31 28 29 34 29 28 33 33 29 35 32 36 32 33 32 36 32 35 33 35 30 34 31 34 34 33 38 30 35 38 35 35 33 35 33 35 36 33 34 38 36 35 36 32 34 33 32 33 31 35 35 35 34 31 36 34 32 33 33 32 33 37 34 32 34 33 33 33 33 33 35 32 35 0 38 34 36 33 36 31 40 37 29 32 36 31 40 38 40 36 38 44 37 37 
30 31 31 32 35 34 34 32 33 38 33 33 36 36 32 38 36 38 37 36 36 40 34 37 37 39 33 37 34 39 38 36 41 33 38 40 41 39 36 38 36 39 40 37 37 41 40 40 41 35 38 36 36 36 34 38 38 38 36 34 39 37 35 37 37 36 37 39 37 36 37 37 35 35 37 37 39 36 36 38 0 32 36 33 37 31 41 38 30 33 37 32 41 40 42 37 38 44 38 38 
27 27 27 28 31 31 31 28 29 34 29 29 33 33 29 34 33 35 34 34 33 34 31 33 32 34 29 33 30 35 34 33 38 28 34 36 35 33 33 36 33 36 38 33 33 39 36 36 38 30 34 33 32 33 31 34 35 35 32 31 36 34 32 33 33 32 34 37 34 33 34 33 32 32 33 33 35 32 33 34 32 0 36 31 36 30 40 37 29 32 36 31 40 39 41 36 38 44 37 37 
30 30 30 29 33 32 31 31 31 35 29 32 34 34 30 35 35 35 33 31 33 37 32 33 34 36 30 35 33 36 37 35 39 32 37 36 38 36 33 35 34 37 37 34 33 39 37 37 37 33 37 35 35 34 33 36 36 36 34 32 38 36 33 36 36 35 35 37 35 34 35 35 33 33 35 36 38 35 33 36 36 36 0 34 36 32 40 37 28 32 36 31 40 39 41 37 38 43 38 37 
27 28 27 27 30 31 31 27 29 34 30 27 33 32 29 34 32 34 33 33 32 35 30 33 32 34 29 34 31 35 34 33 37 28 34 36 36 35 31 34 33 34 36 33 34 37 37 35 37 31 34 32 31 33 30 33 34 34 33 30 36 34 32 33 32 31 33 35 34 33 33 33 32 32 33 32 35 31 32 33 33 31 34 0 36 30 40 37 29 32 36 31 40 39 41 36 38 44 38 37 
31 32 30 29 34 33 33 31 32 36 31 32 36 36 31 37 37 39 35 35 36 39 34 36 36 38 32 36 35 39 37 37 42 32 39 40 39 38 35 39 37 37 39 37 37 41 39 40 39 33 37 36 35 36 35 37 38 38 36 34 39 37 35 36 36 35 37 40 37 35 36 36 34 35 36 36 38 35 35 36 37 36 36 36 0 31 39 36 28 31 35 30 39 38 40 36 38 43 36 37 
25 25 25 25 29 28 28 26 27 31 26 26 31 31 28 31 30 34 31 31 32 34 30 32 31 33 26 31 29 33 30 31 36 26 32 36 34 31 31 34 30 33 35 33 31 37 33 34 34 28 32 31 30 30 30 32 32 32 31 30 33 32 30 31 31 30 32 34 31 31 31 30 30 30 31 31 32 30 30 31 31 30 32 30 31 0 38 37 29 32 36 31 40 39 41 36 37 43 38 37 
34 34 33 33 38 37 37 35 36 39 34 35 40 39 35 40 40 42 39 38 39 42 38 40 40 42 32 40 38 42 40 38 43 34 41 42 42 40 38 41 38 42 42 40 40 44 42 42 43 36 41 38 38 40 38 41 42 42 40 38 43 41 39 39 40 39 41 42 41 39 40 40 38 39 40 40 42 39 39 40 41 40 40 40 39 38 0 36 28 31 35 30 39 37 40 36 38 43 35 36 
31 32 30 30 35 34 34 32 33 38 32 32 37 37 32 38 37 40 36 36 37 40 35 37 37 39 32 37 35 39 37 37 42 32 39 41 40 38 36 39 37 38 40 37 37 42 40 40 40 34 38 37 35 37 35 38 39 39 37 35 40 38 36 37 37 36 38 40 38 36 37 37 35 36 37 37 39 36 36 37 38 37 37 37 36 37 36 0 30 33 37 32 41 40 41 38 39 42 39 38 
23 23 22 22 26 26 25 24 24 28 23 24 28 28 24 29 28 32 27 27 28 31 27 29 29 30 23 30 27 30 29 29 34 24 30 33 32 30 28 30 28 31 32 29 28 34 31 31 31 26 30 29 27 28 27 29 30 30 29 26 32 30 27 29 29 28 29 31 29 28 29 28 27 27 28 29 31 28 27 29 30 29 28 29 28 29 28 30 0 35 38 33 42 40 43 39 40 45 38 39 
26 27 25 25 30 29 29 27 28 33 27 27 32 32 27 33 32 35 31 31 31 35 30 33 32 34 27 33 30 34 32 32 37 27 34 36 35 33 31 34 32 34 35 32 32 37 35 35 35 29 33 32 30 32 30 33 34 34 32 30 35 33 31 32 32 31 33 35 33 31 32 32 30 31 32 32 34 31 31 32 33 32 32 32 31 32 31 33 35 0 39 33 42 40 42 39 40 44 38 39 
30 31 29 29 34 33 33 31 32 37 31 31 36 36 31 37 36 39 35 35 36 39 34 37 36 38 31 37 34 38 36 36 41 31 38 40 39 37 35 38 36 38 39 36 36 41 39 39 39 33 37 36 34 36 34 37 38 38 36 34 39 37 35 36 36 35 37 39 37 35 36 36 34 35 36 36 38 35 35 36 37 36 36 36 35 36 35 37 38 39 0 31 40 38 41 37 38 43 37 37 
25 26 24 24 29 28 28 26 27 32 26 26 31 31 26 32 31 34 30 30 31 34 29 32 31 33 26 32 29 33 31 31 36 26 33 35 34 32 30 33 31 33 34 31 31 36 34 34 34 28 32 31 29 31 29 32 33 33 31 29 34 32 30 31 31 30 32 34 32 30 31 31 29 30 31 31 33 30 30 31 32 31 31 31 30 31 30 32 33 33 31 0 42 40 42 37 38 44 38 39 
34 35 33 33 38 37 37 35 36 41 35 35 40 40 35 41 40 43 39 39 40 43 38 41 40 42 35 41 38 42 40 40 45 35 42 44 43 41 39 42 40 42 43 40 40 45 43 43 43 37 41 40 38 40 38 41 42 42 40 38 43 41 39 40 40 39 41 43 41 39 40 40 38 39 40 40 42 39 39 40 41 40 40 40 39 40 39 41 42 42 40 42 0 41 42 38 40 45 39 38 
33 34 32 32 37 36 36 34 35 39 34 34 39 39 34 40 39 41 38 38 39 41 37 39 38 40 34 40 36 40 39 39 44 34 41 42 41 39 38 41 39 41 42 38 38 44 42 42 42 36 40 39 37 39 37 40 41 41 38 37 42 40 38 39 39 38 40 42 40 38 39 39 37 38 39 39 41 38 38 38 40 39 39 39 38 39 37 40 40 40 38 40 41 0 44 39 41 47 41 40 
35 35 34 34 39 38 38 36 37 41 35 36 41 41 36 41 41 44 40 40 41 43 39 42 41 43 35 41 39 43 41 40 45 35 42 44 43 41 40 43 40 43 44 41 41 46 43 43 44 37 42 41 39 41 39 42 43 43 41 39 44 42 40 41 41 40 42 44 42 40 41 41 39 40 41 41 43 40 40 40 42 41 41 41 40 41 40 41 43 42 41 42 42 44 0 39 41 47 40 41 
30 31 29 30 34 33 33 31 32 36 32 31 36 36 32 37 36 39 36 36 36 39 34 36 36 38 32 36 34 39 36 37 42 31 38 41 40 37 35 39 37 37 40 37 36 42 40 40 40 33 37 36 35 36 34 37 38 38 36 34 39 37 35 36 36 35 37 39 37 36 36 36 34 35 36 36 38 35 35 36 37 36 37 36 36 36 36 38 39 39 37 37 38 39 39 0 35 41 34 35 
31 32 31 32 36 34 34 33 34 38 33 33 37 38 33 38 37 40 37 37 37 41 35 39 38 40 34 38 35 40 38 38 43 33 39 42 42 39 37 40 38 39 41 38 37 43 41 41 41 35 39 38 37 37 35 39 39 39 37 35 40 38 36 38 38 37 38 40 38 37 37 38 35 36 38 38 40 37 36 38 38 38 38 38 38 37 38 39 40 40 38 38 40 41 41 35 0 40 34 34 
37 37 37 37 42 40 40 39 40 43 37 39 43 44 38 43 43 46 42 42 43 46 41 45 44 46 38 43 41 45 44 42 47 38 44 46 46 44 43 45 42 45 46 43 43 48 45 45 46 40 45 44 42 43 41 45 45 45 43 41 46 44 42 44 44 43 44 46 44 42 43 44 41 42 44 44 46 43 42 44 44 44 43 44 43 43 43 42 45 44 43 44 45 47 47 41 40 0 38 36 
33 34 32 31 36 36 36 33 35 39 34 33 39 39 34 39 38 40 38 38 39 41 36 37 37 39 33 39 36 39 38 39 43 33 40 41 41 39 38 40 38 39 42 38 38 43 41 41 41 36 40 39 35 38 37 38 39 39 37 37 41 40 38 39 38 37 40 41 39 38 38 38 37 37 39 38 40 37 38 37 38 37 38 38 36 38 35 39 38 38 37 38 39 41 40 34 34 38 0 37 
31 32 31 30 35 34 34 32 33 38 32 32 37 37 33 38 37 40 36 36 37 40 36 37 36 38 33 37 34 38 37 37 42 33 39 41 39 37 37 39 37 38 40 37 36 43 40 40 40 35 38 37 36 37 36 39 39 39 37 36 40 38 36 37 37 36 38 40 38 36 37 37 36 37 37 37 39 36 36 37 38 37 37 37 37 37 36 38 39 39 37 39 38 40 41 35 34 36 37 0 

Rho histogram: 
19 11 6 15 15 8 10 5 3 2 1 2 1 0 0 1 1 0 0 0 

Summary:
objF nSamp nIter rhoMean rhoStDev rProp hitsProp rankHitsProp seconds
Gar25 100 100 0.2133476147614761 0.16544082080717876 0 0 0.028 511.126
