=======================================================
Objective function:  Ham
Matrix:  R100.csv
Iterations:  100
Heuristic for search:  RobSA3
Improvement function # 0
Window width for improvement:  0
Heuristic for improvement:  RobSA3
Seed:  33
=======================================================

Best permutations: 
38 37 33 31 28 27 26 25 22 21 20 17 15 13 11 7 6 5 3 2 1 0 4 8 9 10 12 14 16 18 19 23 24 29 30 32 34 35 36 39 40 41 42 43 44 45 46 47 48 49 50 51 52 53 54 55 56 57 58 59 60 61 62 63 64 65 66 67 68 69 70 71 72 73 74 75 76 77 78 79 80 81 82 83 84 85 86 87 88 89 90 91 92 93 94 95 96 97 98 99 
16 15 14 13 12 11 10 9 8 7 6 5 3 2 0 1 4 17 18 19 20 21 22 23 24 25 26 27 28 29 30 31 32 33 34 35 36 37 38 39 40 41 42 43 45 44 46 47 48 49 50 51 52 53 54 55 56 57 58 59 60 61 62 63 64 65 66 67 68 69 70 71 72 73 74 75 76 77 78 79 80 81 82 83 84 85 86 87 88 89 90 91 92 93 94 95 96 97 98 99 
0 1 2 3 4 5 6 7 8 9 10 11 12 13 14 15 16 17 18 19 20 21 22 23 24 25 26 27 28 29 30 31 32 33 34 35 36 37 38 39 40 41 42 43 44 45 46 47 48 49 50 51 52 53 54 55 56 57 58 59 60 61 62 63 64 65 66 67 68 69 70 71 72 73 74 75 76 77 80 79 78 81 82 83 84 85 86 87 88 89 90 91 92 93 94 95 96 97 98 99 
36 35 34 33 32 30 31 27 26 21 20 19 18 17 16 15 14 12 10 8 6 5 2 0 1 3 4 7 9 11 13 22 23 24 25 28 29 37 38 39 40 41 42 43 44 45 46 47 48 49 50 51 52 53 54 55 56 57 58 59 60 61 62 63 64 65 66 67 68 69 71 72 73 75 74 70 76 77 78 79 80 81 82 83 84 85 86 87 88 89 90 91 92 93 94 95 96 97 98 99 
0 1 2 3 4 5 6 7 8 9 10 11 12 13 14 15 16 17 18 19 20 21 22 23 30 31 29 28 25 24 26 27 32 33 34 35 36 37 38 39 40 41 42 43 44 46 45 47 48 49 50 51 52 54 57 56 53 55 58 61 60 59 62 69 68 63 64 65 66 67 70 71 72 74 73 75 76 77 78 81 82 80 79 83 84 85 86 87 88 89 90 91 92 93 94 95 96 97 98 99 
0 1 2 3 4 5 6 7 8 9 10 11 12 13 14 15 16 17 18 19 20 22 21 23 24 25 26 27 28 34 35 37 39 41 29 30 31 32 33 36 38 45 53 46 44 42 40 43 47 48 49 50 51 52 54 55 56 58 61 62 60 59 57 73 71 63 64 65 66 68 67 69 70 72 74 76 75 82 81 77 78 79 80 83 85 84 86 87 88 89 90 92 91 93 94 95 96 97 98 99 
0 1 2 3 4 5 6 7 8 9 10 11 12 13 15 14 16 17 18 19 20 21 22 23 24 25 26 27 28 29 32 36 35 34 33 31 30 37 41 42 43 45 44 38 39 40 46 47 48 49 50 51 52 53 54 55 56 57 66 67 71 72 73 74 70 69 68 65 64 63 58 59 60 61 62 77 75 76 78 79 80 81 82 83 84 85 86 87 88 89 90 91 92 93 94 95 96 97 98 99 
20 17 14 12 11 10 9 7 4 2 1 0 3 5 6 8 13 15 16 18 19 21 22 23 24 25 26 27 28 29 30 31 32 33 34 35 36 37 38 39 40 41 42 43 44 45 46 47 48 49 50 51 52 53 54 55 59 68 69 70 72 73 71 66 65 61 60 58 56 57 62 63 64 67 74 75 76 77 78 87 86 85 84 83 82 81 80 79 88 89 90 91 92 93 94 95 96 97 98 99 
0 1 2 3 4 5 6 7 8 9 10 11 12 13 14 15 16 17 18 19 20 21 22 23 24 25 26 27 28 29 30 31 32 33 34 35 36 37 38 39 40 41 43 42 44 45 46 47 48 49 50 51 52 53 54 55 56 57 58 59 60 61 62 63 64 65 66 67 68 69 70 71 72 73 74 75 76 77 78 79 80 81 82 83 84 85 86 87 88 89 90 91 92 93 94 95 96 97 98 99 
0 1 2 3 4 5 6 7 8 9 10 11 12 13 14 15 16 17 18 19 20 21 22 23 24 25 26 27 28 38 37 36 35 34 33 31 30 29 32 39 40 41 42 43 44 45 46 47 48 49 50 51 52 53 54 55 56 57 58 59 60 61 62 63 64 65 66 70 71 72 69 68 67 73 74 75 76 77 78 79 80 81 82 83 84 85 86 87 88 89 90 91 92 93 94 95 96 97 98 99 
0 1 2 3 4 5 6 7 8 9 10 11 13 12 14 15 16 17 18 19 20 21 22 23 24 25 26 27 28 29 30 31 32 33 39 40 38 36 35 34 37 41 42 43 44 45 46 47 48 49 50 51 52 53 54 55 56 57 58 59 61 66 67 70 60 62 63 64 65 68 69 71 72 73 74 75 76 77 78 79 80 81 82 83 84 85 86 87 88 89 90 91 92 93 94 95 96 97 98 99 
0 1 2 3 4 5 6 7 8 9 10 11 12 13 14 15 16 17 18 19 20 41 36 35 34 32 30 29 28 26 25 22 21 23 24 27 31 33 37 38 39 40 42 43 44 45 46 47 48 49 50 51 52 53 54 55 56 57 58 59 60 61 62 63 64 65 67 66 68 69 70 71 72 73 74 75 76 77 78 79 80 81 82 83 84 85 86 87 88 89 90 91 92 93 94 95 96 97 98 99 
0 1 2 3 4 11 12 13 14 15 16 17 18 23 20 19 10 9 8 7 6 5 22 21 24 25 26 29 39 41 42 40 38 37 36 35 34 33 31 30 27 28 32 43 44 45 46 48 49 50 51 54 56 57 58 63 65 53 47 52 55 59 60 61 62 64 66 67 68 69 70 71 72 73 74 75 76 77 78 79 80 81 82 83 84 85 86 87 88 89 90 91 92 93 94 95 96 97 98 99 
28 25 22 21 20 19 18 17 16 15 14 13 12 11 10 2 0 1 3 4 5 6 7 8 9 23 24 26 27 29 30 31 32 33 34 35 36 37 38 39 40 41 42 43 44 45 46 47 48 49 50 51 52 53 54 55 56 57 58 59 60 69 68 66 65 64 62 61 63 67 70 71 72 73 74 75 76 77 78 79 80 81 82 83 84 85 86 87 88 89 90 91 92 93 94 95 96 97 98 99 
38 35 34 32 31 30 29 28 26 24 23 22 21 20 18 17 13 12 11 10 9 8 7 6 5 4 3 2 1 0 14 15 16 19 25 27 33 36 37 39 40 41 42 43 44 45 46 47 48 49 50 51 52 53 54 55 56 57 59 60 58 61 62 63 64 65 66 67 68 69 70 71 72 73 74 75 76 77 78 79 80 81 82 83 84 85 86 87 88 89 90 91 92 97 98 99 96 95 94 93 
28 27 25 23 21 20 19 18 17 15 14 13 12 11 10 9 8 7 6 4 3 1 0 2 5 16 22 24 26 29 30 31 32 33 34 35 36 38 37 39 40 41 42 43 44 45 46 47 48 49 50 51 52 53 54 55 56 57 58 59 60 61 62 63 64 65 66 67 68 69 70 71 73 77 78 82 81 79 72 74 75 76 80 83 84 85 86 87 88 89 90 91 92 93 94 95 96 97 98 99 
42 41 39 36 35 34 33 32 31 30 28 27 21 19 17 8 6 4 2 1 0 3 5 7 9 10 11 12 13 14 15 16 18 20 22 23 24 25 26 29 37 38 40 43 44 45 46 47 48 49 50 51 52 53 54 55 56 57 58 59 60 61 62 63 64 65 66 67 68 69 70 71 72 73 74 75 76 77 78 79 80 81 82 83 84 85 86 87 88 89 90 91 92 93 94 95 96 97 98 99 
84 83 82 81 79 77 76 75 74 73 72 71 69 57 56 54 53 52 50 49 48 11 7 4 3 2 0 1 5 6 8 9 10 25 27 30 34 35 36 37 38 29 26 24 23 22 21 18 12 13 14 15 16 17 19 20 28 31 32 33 39 40 41 42 44 47 43 45 46 51 55 58 59 60 61 62 63 64 65 66 67 68 70 78 80 85 86 87 88 89 90 91 92 93 94 95 96 97 98 99 
0 1 2 4 3 5 6 7 8 9 10 11 13 12 14 15 16 17 18 19 20 21 22 23 24 25 26 27 28 29 30 31 32 33 34 35 36 37 38 39 40 41 42 43 44 45 46 47 48 49 50 51 52 53 54 55 56 57 58 59 60 61 62 63 64 65 66 67 68 69 70 71 72 73 74 75 76 77 78 79 80 81 82 83 84 85 86 87 88 89 90 91 92 93 94 95 96 97 98 99 
0 1 2 3 4 5 6 7 8 9 10 11 12 13 14 15 16 17 18 19 20 21 22 23 24 25 26 27 28 29 30 31 32 33 34 35 38 40 39 36 37 41 42 43 44 45 46 47 48 49 50 51 52 53 54 55 56 57 58 59 60 61 62 63 64 65 66 67 68 69 71 78 77 70 72 73 74 75 76 79 80 81 82 83 84 85 86 87 88 89 90 91 92 93 94 95 96 97 98 99 
50 49 48 47 46 45 44 41 39 37 36 35 33 30 28 27 25 22 21 20 18 17 16 15 14 13 12 11 10 8 7 6 5 3 1 0 2 4 9 19 23 24 26 29 31 32 34 38 40 42 43 51 52 53 54 55 56 57 58 59 60 61 62 63 64 65 66 67 68 70 71 72 73 69 74 75 76 77 78 79 80 81 82 83 84 85 86 87 88 89 90 91 92 93 94 95 96 97 98 99 
0 1 2 3 4 5 6 7 8 9 10 11 12 13 15 14 16 17 18 19 20 21 22 23 24 25 26 27 28 35 36 37 29 30 31 32 33 34 38 39 40 41 42 43 44 45 46 47 48 49 50 51 52 53 54 55 56 57 58 60 59 61 62 63 64 65 66 67 68 69 71 70 72 73 74 75 76 77 78 79 80 81 82 83 84 85 86 87 88 89 90 91 92 93 94 95 96 97 98 99 
36 33 30 26 25 24 22 20 17 16 13 7 4 3 2 0 1 5 6 8 9 10 11 12 14 15 18 19 21 23 27 28 29 31 32 34 35 37 38 39 40 41 42 43 44 45 46 47 48 49 50 51 52 53 54 55 56 57 58 59 60 61 62 63 64 65 66 67 68 69 70 71 72 73 74 75 76 77 78 79 80 81 82 83 84 85 86 87 88 89 90 91 92 93 94 95 96 97 98 99 
0 1 2 3 4 5 6 7 8 9 10 11 12 13 14 15 16 17 18 19 20 21 24 27 26 22 23 25 33 31 28 29 30 32 34 35 36 37 38 39 40 41 42 43 44 45 46 47 48 49 50 51 52 53 54 55 56 57 58 59 60 61 62 63 64 65 66 67 68 69 70 71 72 74 73 75 76 77 78 79 80 86 87 85 84 81 82 83 88 89 90 91 92 93 94 95 96 97 98 99 
34 33 31 29 27 25 24 23 15 14 13 12 11 10 9 8 7 6 5 4 3 2 1 0 16 17 18 19 20 21 22 26 28 30 32 35 36 37 38 39 40 41 42 43 44 45 46 47 48 50 49 51 52 53 54 55 56 57 58 59 60 61 62 63 64 65 66 67 69 68 70 71 72 73 74 75 76 77 78 79 80 81 82 83 84 85 86 87 88 89 90 91 92 93 94 95 96 97 98 99 
46 43 42 40 38 37 36 35 25 24 23 21 17 18 19 20 22 16 15 14 13 12 11 10 9 8 7 6 5 2 3 4 1 0 26 27 28 29 30 31 32 33 34 39 41 44 45 47 48 49 50 51 52 53 54 55 56 57 58 59 60 61 66 65 64 63 62 67 68 69 70 71 72 73 74 75 76 77 78 79 80 81 82 83 84 85 86 87 88 89 90 91 92 93 94 95 96 97 98 99 
0 1 2 3 4 6 5 7 8 9 10 11 12 13 14 15 16 17 18 19 20 21 22 23 24 25 26 27 32 31 30 28 29 33 34 35 37 36 38 39 40 41 42 43 44 45 46 47 48 49 50 51 52 53 54 55 56 57 58 59 60 61 62 63 64 65 66 67 68 69 70 71 72 73 74 75 76 77 78 79 80 81 82 83 84 85 86 87 88 89 90 91 92 93 94 95 96 97 98 99 
20 19 18 17 11 8 3 1 0 2 4 5 6 7 9 10 12 13 14 15 16 21 22 23 24 25 26 34 33 32 27 28 29 30 31 35 36 37 38 39 40 41 42 43 44 46 45 47 48 49 50 51 52 53 54 55 56 57 59 62 66 65 64 63 58 60 61 67 68 69 70 71 72 73 74 75 76 79 80 77 78 81 82 83 84 85 86 87 88 89 90 91 92 93 94 95 96 97 98 99 
0 1 2 3 4 5 6 7 8 9 10 11 12 13 14 15 16 17 18 19 20 21 22 23 24 25 26 27 28 29 30 31 32 33 34 35 36 37 38 39 40 41 42 43 44 45 46 47 48 49 50 51 52 53 54 55 56 57 58 61 68 69 67 66 65 64 63 62 60 59 70 71 72 73 74 75 76 77 78 79 80 81 82 83 84 85 86 87 88 89 90 91 92 93 94 95 96 97 98 99 
43 42 41 40 39 37 34 33 31 30 27 24 23 19 0 1 2 3 4 5 6 7 8 9 10 11 12 13 14 15 16 17 18 20 21 22 25 26 28 29 32 35 36 38 44 45 46 47 48 49 50 51 52 53 54 55 56 57 58 59 60 61 62 63 64 65 66 67 68 69 70 71 72 73 74 75 76 77 78 79 80 81 82 83 84 85 86 87 88 89 90 91 92 93 94 95 96 97 98 99 
15 12 10 8 5 2 1 0 3 4 6 7 9 11 13 14 16 17 18 19 20 21 22 23 24 25 26 27 28 29 30 32 31 33 34 35 36 37 38 39 40 41 42 43 44 45 46 47 48 49 50 51 52 53 54 55 56 57 58 60 59 61 62 63 65 64 66 67 68 69 70 71 72 73 74 75 76 77 78 79 80 81 82 83 84 85 86 87 88 89 90 91 92 93 94 95 96 97 98 99 
0 1 2 3 4 5 6 7 8 9 10 11 12 13 14 15 16 17 18 19 20 21 22 23 24 27 30 31 32 37 40 41 39 38 35 36 34 33 25 26 28 29 42 43 44 45 46 47 48 49 50 51 52 53 54 55 56 57 58 59 60 65 66 67 68 61 62 63 64 69 70 71 72 73 74 76 75 77 78 79 81 80 82 83 84 86 85 87 88 89 90 91 92 93 94 95 96 97 98 99 
49 46 44 42 40 39 37 24 23 22 21 20 19 18 10 6 4 3 2 0 1 5 7 11 17 16 15 14 13 12 9 8 25 26 27 28 30 29 31 32 33 34 35 36 38 41 43 45 47 48 50 51 52 53 54 55 56 57 58 59 60 61 62 63 64 65 66 67 68 69 70 71 72 73 74 75 76 77 78 79 80 81 82 83 84 85 86 87 88 89 90 91 92 93 94 95 96 97 98 99 
45 44 41 40 39 36 35 34 33 31 32 27 26 25 22 21 20 19 18 17 14 15 13 12 11 6 5 4 3 1 0 2 7 8 9 10 16 23 24 28 29 30 37 38 42 43 46 47 48 49 50 51 52 53 54 55 56 57 58 59 60 61 62 63 64 65 66 67 68 69 70 71 72 73 74 75 76 77 78 79 80 81 82 83 84 85 86 87 88 89 90 91 92 93 94 95 96 97 98 99 
0 1 2 3 4 5 6 7 8 9 10 11 12 13 14 15 16 17 18 19 20 21 22 23 24 25 26 27 28 29 30 40 39 38 37 36 35 34 33 32 31 41 42 43 44 45 46 48 47 49 50 51 52 53 54 55 56 57 58 59 60 61 62 63 64 65 66 68 67 69 70 71 72 79 81 78 77 73 74 75 76 80 82 83 84 85 86 87 88 89 90 91 92 93 94 95 96 97 98 99 
77 76 75 74 71 72 70 69 68 63 64 62 61 57 56 55 54 51 49 50 53 52 47 45 44 41 37 36 38 39 40 19 22 10 9 7 5 3 2 1 0 4 6 8 12 13 16 24 23 17 15 14 11 18 20 21 28 32 34 31 29 26 25 27 30 33 35 42 43 46 48 58 59 60 65 66 67 73 78 79 80 81 82 83 84 85 86 87 88 89 90 91 92 93 94 95 96 97 98 99 
34 33 32 31 30 29 28 24 23 21 19 18 16 15 14 11 8 6 4 3 0 1 2 5 7 9 10 12 13 17 20 22 25 26 27 35 36 37 38 39 40 41 42 43 44 45 46 47 48 49 50 51 52 53 54 55 56 60 62 63 64 65 66 67 68 69 79 77 76 75 74 73 72 57 58 59 61 70 71 78 80 81 82 83 84 85 86 87 88 89 90 91 92 93 94 95 96 97 98 99 
0 1 2 3 4 5 6 7 8 9 10 11 12 13 14 15 16 17 18 19 20 21 22 23 24 25 26 27 28 29 30 31 33 32 34 35 36 37 38 39 40 41 42 43 44 45 47 49 50 48 46 51 55 56 57 52 53 54 59 60 65 64 62 61 58 63 67 69 71 70 66 68 76 75 74 73 72 77 78 79 80 81 82 83 84 85 86 87 88 89 90 91 92 93 94 95 96 97 98 99 
38 37 36 35 34 33 32 30 29 25 22 19 17 11 6 4 3 1 0 2 5 7 8 9 10 12 13 14 15 16 18 20 21 23 24 26 27 28 31 39 40 41 42 43 44 45 46 47 48 49 50 51 52 53 54 55 56 57 58 59 60 61 62 63 64 65 66 67 68 69 70 71 73 72 74 75 76 77 78 79 80 81 82 83 84 85 86 87 88 89 90 91 92 93 94 95 96 97 98 99 
15 14 11 9 8 7 5 0 1 2 3 4 6 10 12 13 16 17 18 19 20 21 22 23 24 25 26 27 28 29 30 31 32 33 34 35 36 37 38 39 40 41 42 43 44 45 46 47 48 49 50 51 52 53 54 55 56 57 58 59 61 60 62 63 64 65 66 67 68 69 70 71 72 73 83 84 81 74 75 76 77 78 79 80 82 85 86 87 88 89 90 91 92 93 94 95 96 97 98 99 
0 1 2 3 4 5 6 7 8 9 10 11 12 13 14 15 16 17 18 19 20 21 22 23 24 25 26 27 28 29 30 31 32 33 34 35 36 37 38 39 40 41 42 43 44 45 46 47 48 49 50 51 52 53 54 55 56 57 58 59 60 61 62 63 64 65 66 67 68 69 70 71 72 73 74 75 76 77 78 79 80 81 82 83 84 85 86 87 88 89 90 91 92 93 94 95 96 97 98 99 
0 1 2 3 4 5 6 7 9 8 10 11 12 13 14 15 16 17 18 19 20 21 22 23 24 26 29 30 31 27 25 28 32 34 35 37 39 41 43 42 40 38 36 33 44 45 46 47 48 49 50 51 52 60 57 56 53 54 55 58 59 61 63 64 71 70 69 72 74 73 75 76 77 80 82 81 79 78 68 67 66 65 62 83 84 85 86 87 88 89 90 91 92 93 94 95 96 97 98 99 
43 42 41 40 39 36 35 34 33 31 23 21 20 0 1 2 3 4 5 6 7 8 9 10 11 12 18 17 16 15 14 13 19 22 24 25 26 27 28 29 30 32 37 38 44 45 46 47 48 49 50 51 52 53 54 55 56 57 58 59 60 63 68 70 71 69 67 66 65 64 62 61 72 73 74 75 76 77 78 79 80 81 83 82 84 85 86 87 88 89 90 91 92 93 94 95 96 97 98 99 
0 1 2 3 4 5 6 7 8 9 10 11 12 13 14 18 19 17 16 15 20 21 22 23 24 25 26 27 28 29 30 31 32 33 34 35 36 37 38 39 40 41 42 43 44 45 46 47 48 49 51 50 52 53 54 55 56 57 58 59 60 61 68 71 73 74 75 77 62 63 64 65 66 67 69 70 72 76 78 79 81 80 82 83 84 85 86 87 88 89 90 91 92 93 94 95 96 97 98 99 
0 1 2 3 4 5 6 7 9 8 10 13 12 11 14 15 16 17 18 19 20 21 22 23 26 24 25 27 28 29 42 41 39 38 36 35 34 32 30 31 33 37 40 43 48 50 52 51 49 47 44 45 46 53 54 55 56 57 58 59 60 62 61 63 64 65 66 67 68 69 70 71 72 73 74 79 78 75 76 77 80 83 85 87 86 82 81 84 88 90 89 91 92 93 94 95 96 97 98 99 
0 1 2 4 3 5 6 7 8 9 10 11 12 13 14 15 16 17 18 19 20 21 22 23 24 25 26 27 28 29 30 31 32 33 34 35 36 37 38 39 40 41 42 43 44 45 46 47 48 49 50 51 52 53 54 55 56 72 70 68 65 62 57 58 59 60 61 63 64 66 67 69 71 73 74 75 76 77 78 79 80 81 82 83 84 85 86 87 88 89 90 91 92 96 98 99 97 95 94 93 
0 1 2 3 4 5 6 7 8 9 10 11 12 13 14 15 16 22 25 23 21 20 17 18 19 24 26 27 28 29 30 31 32 33 34 35 36 38 39 40 44 43 41 37 42 45 47 46 48 50 49 51 52 54 57 56 60 61 59 58 55 53 85 84 83 82 81 79 75 74 73 72 71 70 67 66 65 64 63 62 68 69 76 77 78 80 86 87 88 89 90 91 92 93 94 95 96 97 98 99 
24 23 22 21 20 19 18 17 15 11 10 9 8 7 6 5 4 3 0 1 2 12 13 14 16 25 26 27 28 29 30 31 32 33 34 35 36 37 38 39 40 41 42 43 44 45 46 47 48 49 50 51 52 53 54 55 56 57 58 59 60 61 62 63 64 65 66 67 68 69 70 71 72 73 74 75 76 77 78 79 80 81 82 83 84 85 86 87 88 89 90 91 92 93 94 95 96 97 98 99 
38 37 36 35 34 33 32 29 28 27 26 25 19 11 9 6 5 3 1 0 2 4 7 8 10 12 13 14 15 16 17 18 20 21 22 23 24 30 31 39 40 41 42 43 44 45 46 47 48 49 50 51 52 53 54 55 56 57 58 59 60 61 62 63 64 65 66 67 68 69 70 71 72 73 74 75 76 77 78 79 80 81 82 83 84 85 86 87 88 89 90 91 92 93 94 95 96 97 98 99 
47 48 46 42 37 34 32 33 35 36 39 20 19 15 14 13 12 10 6 4 0 1 2 3 5 7 8 9 11 16 17 18 21 22 23 24 26 25 30 31 29 28 27 38 40 41 43 44 45 49 50 51 52 53 54 55 56 57 58 61 62 64 65 66 68 70 71 69 67 63 60 59 73 72 74 75 76 77 78 79 80 81 82 83 84 85 86 87 88 89 90 91 92 93 94 95 96 97 98 99 
0 1 2 3 4 5 6 7 8 9 10 11 12 13 14 15 16 17 18 19 20 21 22 23 24 25 26 27 28 29 30 31 32 33 34 35 36 37 38 39 40 41 42 43 44 45 46 47 48 49 50 51 52 53 54 55 56 57 58 59 60 61 62 63 64 65 66 67 68 69 70 71 72 73 74 75 76 78 77 79 80 81 82 83 84 85 86 87 88 89 90 91 92 93 94 95 96 97 98 99 
0 1 2 3 4 5 6 7 8 9 10 11 12 13 14 17 16 15 18 19 20 21 22 23 24 25 26 28 27 29 30 32 31 33 34 35 36 37 38 39 40 44 45 43 42 41 46 47 48 50 49 51 52 53 54 55 56 57 58 59 60 61 62 63 64 65 66 67 68 69 70 71 72 73 74 75 76 77 78 79 80 81 82 83 84 85 86 87 88 89 90 91 92 93 94 95 96 97 98 99 
25 20 19 18 15 14 11 10 9 4 3 1 0 2 5 6 7 8 12 13 16 17 21 22 23 24 26 27 28 29 30 31 32 33 34 35 36 37 38 39 40 41 42 43 44 45 46 47 48 49 50 51 52 53 54 55 56 57 58 59 60 61 62 68 80 79 73 72 71 70 65 64 63 66 67 69 74 75 76 77 78 81 82 83 84 85 86 87 88 89 90 91 92 93 94 95 96 97 98 99 
0 1 2 3 4 5 6 7 8 9 10 11 12 13 14 15 16 17 18 19 20 21 22 23 24 25 26 27 28 29 30 31 32 33 34 35 36 39 41 44 46 49 51 50 48 47 45 42 40 38 37 43 52 53 54 55 56 57 58 59 60 61 62 63 64 65 66 67 68 69 70 71 72 73 74 75 76 77 78 79 81 82 83 80 84 85 86 87 88 89 90 91 92 93 94 95 96 97 98 99 
0 1 2 3 4 5 6 7 8 9 10 11 19 17 16 13 12 14 15 18 20 21 22 23 25 24 37 36 34 33 31 27 26 28 29 30 32 35 38 39 40 41 42 43 44 45 46 50 54 52 49 48 47 51 53 56 57 71 67 66 65 61 58 55 59 60 62 63 64 68 69 70 72 73 74 75 76 77 78 81 80 79 82 83 84 85 86 87 88 89 90 91 92 93 94 95 96 97 98 99 
80 79 77 76 75 73 69 66 65 62 60 59 58 57 56 55 50 49 41 40 39 32 30 29 27 26 25 24 22 18 17 15 14 13 12 10 9 5 2 1 0 3 4 6 7 8 11 16 19 20 21 23 28 31 33 34 35 36 46 42 38 37 43 44 45 47 48 51 52 53 54 61 63 64 67 68 70 71 72 74 78 81 82 83 84 85 86 87 88 89 90 91 92 93 94 95 96 97 98 99 
0 1 2 3 4 5 6 7 8 9 10 11 12 13 14 15 16 17 18 19 20 21 22 23 24 25 26 27 28 29 36 34 35 32 30 31 33 37 38 39 40 41 42 43 44 45 46 47 48 49 50 51 52 53 54 55 56 57 58 59 60 61 62 63 64 65 66 67 68 70 69 71 72 73 74 75 76 77 78 79 80 81 82 83 84 85 86 87 88 89 90 91 92 93 94 95 96 97 98 99 
46 44 42 40 38 35 34 33 32 31 30 26 24 22 20 19 4 3 0 1 2 7 10 11 12 13 14 9 8 6 5 16 15 17 18 21 23 25 27 28 29 36 37 39 41 43 45 47 48 49 50 51 52 53 54 55 56 57 58 59 60 61 62 63 64 65 66 67 68 69 70 71 72 73 74 75 76 77 78 79 80 81 82 83 84 85 86 87 88 89 90 91 92 93 94 95 96 97 98 99 
0 1 2 3 4 5 6 7 8 9 10 11 12 13 14 15 16 17 18 19 20 21 22 23 25 24 31 33 34 35 38 32 27 26 28 29 30 36 37 40 45 52 58 59 60 57 56 55 54 53 51 50 49 48 47 46 44 43 42 41 39 65 64 62 61 63 66 67 68 69 70 71 72 73 74 75 76 77 78 79 80 81 82 83 84 85 86 87 88 89 90 91 92 93 94 95 96 97 98 99 
0 1 2 3 4 5 6 7 8 9 20 19 17 16 14 13 10 11 12 15 18 21 27 34 33 32 31 30 29 28 24 23 22 25 26 35 36 38 37 39 40 41 42 43 44 46 45 47 48 49 50 51 52 53 54 55 56 57 58 60 61 68 67 66 65 64 63 62 59 69 75 76 78 77 74 73 72 71 70 79 80 82 81 83 84 85 86 87 88 89 90 91 92 93 94 95 96 97 98 99 
0 1 2 3 4 5 6 7 8 9 10 11 12 13 14 15 16 17 18 19 20 21 23 22 24 25 26 27 29 30 31 33 34 28 32 35 40 37 36 38 39 41 42 43 44 45 46 47 48 49 50 51 52 53 54 55 56 57 58 59 60 61 62 63 66 67 69 68 65 64 75 74 73 72 71 70 76 77 78 79 80 81 82 83 84 85 86 87 88 89 90 91 92 93 94 95 96 97 98 99 
0 1 2 3 4 5 6 7 8 9 10 11 12 13 14 15 16 17 18 19 20 21 22 23 24 25 26 27 28 29 30 31 32 33 34 35 36 37 38 39 40 41 42 43 44 45 46 47 48 49 50 51 52 53 54 55 56 57 58 59 60 61 62 63 64 66 67 65 68 70 72 69 71 73 74 75 76 77 78 79 80 81 82 83 84 85 86 87 88 89 90 91 92 93 94 95 96 97 98 99 
50 49 48 46 40 39 38 36 5 3 1 0 2 4 6 7 8 9 10 11 12 13 14 15 16 17 18 19 20 21 22 23 24 25 26 27 28 30 29 31 32 33 34 35 37 41 42 43 44 45 47 51 52 53 54 55 56 57 58 59 60 61 62 63 64 65 66 67 68 69 70 71 72 73 74 75 76 77 78 79 80 81 82 83 84 85 86 87 88 89 90 91 92 93 94 95 96 97 98 99 
45 44 42 40 39 38 37 36 35 34 33 32 31 30 29 28 22 20 19 14 13 12 9 7 1 0 2 3 4 5 6 8 10 11 15 16 17 18 21 23 24 25 26 27 41 43 46 47 48 49 50 51 52 53 54 55 56 57 58 59 60 61 62 63 64 65 66 67 68 69 70 71 72 73 74 75 76 77 78 79 80 81 82 83 84 85 86 87 88 89 90 91 92 93 94 95 96 97 98 99 
0 1 2 3 4 5 6 7 8 9 10 11 12 13 14 15 16 17 18 19 20 21 22 23 24 25 26 27 28 29 30 31 32 33 34 36 35 39 37 38 40 41 42 43 44 45 47 46 48 49 50 51 52 53 54 55 56 57 58 59 60 61 62 63 64 65 66 67 68 69 70 71 72 73 74 75 76 77 78 79 80 81 82 83 84 85 86 87 88 89 90 91 92 93 94 95 96 97 98 99 
0 1 2 3 4 5 6 7 8 9 10 11 12 13 14 15 16 17 18 19 20 21 22 23 24 25 26 27 28 29 33 32 30 31 34 36 35 37 38 39 40 41 42 43 47 44 45 46 49 48 50 51 52 53 54 55 56 57 58 59 60 61 62 63 64 65 66 67 68 69 70 71 73 72 74 75 76 77 78 79 80 81 82 83 84 85 86 87 88 89 90 91 92 93 94 95 96 97 98 99 
0 1 2 3 4 5 6 7 8 9 10 11 12 13 14 15 16 17 18 19 20 21 22 23 24 25 26 28 27 29 30 31 38 37 35 34 32 33 36 39 40 41 42 43 44 45 46 47 48 49 50 51 52 53 54 55 56 57 58 59 60 61 62 63 64 65 66 67 68 69 70 71 72 73 74 75 76 77 78 79 80 81 82 83 84 85 86 87 88 89 90 91 92 93 94 95 96 97 98 99 
0 1 2 4 3 5 6 7 8 9 10 11 12 13 14 15 16 17 18 19 20 21 22 23 24 25 26 27 30 28 29 31 32 33 34 35 36 37 38 44 46 48 49 51 52 50 45 42 41 40 39 43 47 53 54 55 61 63 67 68 66 60 59 58 56 57 62 64 65 69 74 72 70 71 73 75 76 77 78 79 80 81 82 83 84 85 86 87 88 89 90 91 92 93 94 95 96 97 98 99 
77 76 75 74 73 72 71 70 67 65 64 63 62 60 55 53 50 49 47 45 33 32 31 40 42 41 44 43 39 38 37 36 35 34 30 29 28 27 26 25 24 23 22 21 17 14 13 12 11 6 4 3 2 0 1 5 7 8 9 10 15 16 18 19 20 46 48 51 52 54 56 57 58 59 61 66 68 69 78 79 80 81 82 83 84 85 86 87 88 89 90 91 92 93 94 95 96 97 98 99 
0 1 2 3 4 5 6 7 8 9 11 10 12 13 14 15 16 17 18 19 20 21 22 23 24 25 26 27 29 28 30 31 32 33 34 35 36 37 38 39 40 41 42 43 44 45 46 47 48 49 50 51 52 53 54 55 56 57 58 59 60 61 62 63 64 65 66 67 68 69 70 71 72 73 74 75 76 77 78 79 80 81 82 83 84 85 86 87 88 89 90 91 92 93 94 95 96 97 98 99 
0 1 2 3 4 5 6 7 8 16 15 14 13 12 11 10 9 17 18 19 20 21 22 23 24 25 26 27 28 29 30 31 32 33 34 35 36 37 38 39 40 41 42 43 44 50 55 53 51 49 48 46 45 47 52 54 79 78 77 76 75 74 73 72 69 68 66 65 64 62 61 60 59 58 57 56 63 67 70 71 80 81 82 83 84 85 86 87 88 89 90 91 92 93 94 95 96 97 98 99 
37 36 35 31 29 26 25 24 23 19 18 9 4 3 2 0 1 5 6 7 8 10 11 12 13 14 15 16 17 20 21 22 27 28 30 32 33 34 38 39 40 41 42 43 44 45 46 48 47 49 50 51 52 53 54 55 56 57 58 59 60 61 62 63 64 65 66 67 68 69 70 71 72 73 74 75 76 77 78 79 80 81 82 83 84 85 86 87 89 88 90 91 92 93 94 95 96 97 98 99 
28 25 22 21 20 19 16 15 14 12 9 5 1 0 2 3 4 6 7 8 10 11 13 17 18 23 24 26 27 29 30 31 32 34 33 35 36 37 38 39 40 41 42 43 46 44 45 47 48 49 50 51 52 53 54 55 56 57 62 63 61 58 59 60 64 65 66 67 68 69 70 71 72 73 74 75 76 77 78 79 80 81 82 83 84 85 86 87 88 89 90 91 92 93 94 95 96 97 98 99 
0 1 2 3 4 5 6 7 8 9 10 11 12 13 14 15 16 17 18 19 20 21 22 23 24 25 26 27 28 29 30 31 32 33 34 35 36 37 38 40 39 41 42 45 43 44 50 51 49 47 46 48 52 53 54 55 57 56 73 74 75 76 77 78 80 79 70 68 63 62 61 60 59 58 64 65 66 67 69 71 72 81 82 83 84 85 86 87 88 89 90 91 92 93 94 95 96 97 98 99 
43 41 24 25 26 27 30 33 34 35 36 20 9 7 6 4 0 1 2 3 5 8 13 14 15 16 17 12 11 10 18 19 21 22 23 28 29 31 32 37 38 39 40 42 44 45 46 47 48 49 50 51 52 53 54 55 56 57 58 59 60 61 62 67 70 71 69 68 66 65 64 63 77 76 75 74 73 72 78 79 80 81 82 83 84 85 86 87 88 89 90 91 92 93 94 95 96 97 98 99 
0 1 2 3 4 5 6 7 8 9 10 11 12 13 14 15 16 17 18 19 20 21 22 23 24 25 26 27 28 29 30 31 32 33 34 35 36 37 38 39 40 41 42 43 44 45 46 47 48 49 50 51 52 53 54 55 56 57 58 59 60 61 62 63 64 65 66 67 68 69 70 71 72 73 74 75 76 77 78 79 80 81 82 83 84 85 86 87 88 89 90 91 92 93 94 95 96 97 98 99 
23 22 21 20 17 14 15 16 12 10 9 7 6 5 3 2 0 1 4 8 11 13 18 19 24 25 27 26 28 29 30 31 32 33 34 35 36 37 38 39 40 41 43 42 44 45 46 47 48 49 50 51 52 53 54 55 56 57 58 59 60 61 62 63 64 65 66 67 68 69 80 78 77 76 75 74 70 71 72 73 79 81 82 83 84 85 86 87 88 89 90 91 92 93 94 95 96 97 98 99 
0 1 2 3 4 5 6 7 8 9 10 11 12 13 14 15 16 17 18 19 20 21 22 23 24 25 26 27 29 28 30 31 32 33 41 43 46 56 55 52 51 47 45 42 40 39 37 36 35 34 38 44 48 49 50 53 54 58 59 57 61 66 65 64 63 62 60 67 68 69 70 71 72 73 74 75 76 77 78 79 80 81 82 83 84 85 86 87 88 89 90 91 92 93 94 95 96 97 98 99 
40 37 33 32 31 30 28 27 25 20 19 18 17 16 15 14 13 8 5 3 0 1 2 4 6 7 9 10 11 12 21 22 23 24 26 29 34 35 36 38 39 41 42 43 44 45 46 47 48 49 50 51 52 53 54 55 56 57 58 59 60 61 62 63 64 65 66 67 68 69 70 71 72 73 74 75 76 77 78 79 80 81 82 83 84 85 86 87 88 89 90 91 92 93 94 95 96 97 98 99 
0 1 2 3 4 5 6 7 8 9 10 11 12 13 14 15 16 17 18 19 20 21 22 23 26 24 25 27 28 29 30 31 32 33 34 35 36 37 38 39 40 41 42 43 44 45 46 47 48 49 50 51 52 58 69 68 67 66 65 62 61 59 57 56 53 54 55 60 63 64 70 78 77 76 75 74 73 71 72 79 80 81 82 83 84 85 86 87 88 89 90 91 92 93 94 95 96 97 98 99 
39 38 37 36 35 34 32 31 30 29 28 27 24 19 17 13 12 9 8 7 6 5 3 2 1 0 4 10 11 14 15 16 18 20 21 22 23 25 26 33 40 41 42 43 44 45 46 47 48 49 50 51 52 53 54 55 56 73 67 66 63 62 61 60 59 58 57 64 65 68 69 70 71 72 74 75 76 77 78 79 80 81 82 83 84 85 87 91 92 93 94 97 98 99 96 95 90 89 88 86 
35 34 33 32 31 27 24 23 22 21 20 17 16 14 13 12 11 10 9 7 5 4 1 0 2 3 6 8 15 18 19 25 26 28 29 30 36 37 38 39 40 41 42 43 44 45 46 47 48 49 50 51 52 54 53 55 56 57 58 59 60 61 62 63 65 64 66 67 68 69 70 71 72 73 74 75 76 77 78 79 80 81 82 83 84 85 86 87 88 89 90 91 92 93 94 95 96 97 98 99 
0 1 2 3 4 5 6 7 8 9 12 13 10 11 14 15 16 18 17 19 20 21 22 23 24 26 25 27 28 29 30 31 32 33 34 35 36 37 38 39 40 41 42 43 44 45 46 47 48 49 50 51 52 53 54 55 56 57 58 59 60 61 62 63 64 65 66 67 68 69 70 71 72 73 74 75 76 77 78 79 80 81 82 83 84 85 86 87 88 89 90 91 92 93 94 95 96 97 98 99 
32 31 30 29 28 27 25 24 22 21 20 17 16 15 14 13 7 5 3 2 0 1 4 6 8 9 10 11 12 18 19 23 26 33 34 35 36 37 38 39 40 41 42 43 44 45 46 47 48 49 50 51 52 53 54 55 56 57 58 59 60 61 62 64 65 63 66 67 68 69 70 71 72 73 74 75 76 77 78 79 80 81 82 83 84 85 86 87 88 89 90 91 92 93 94 95 96 97 98 99 
0 1 2 3 4 5 6 7 8 9 10 11 12 13 14 15 16 17 18 19 20 21 22 23 24 25 26 27 28 29 30 31 32 33 34 35 36 37 38 39 40 41 42 43 44 45 46 47 48 49 50 51 52 53 54 55 56 57 58 59 60 61 62 63 64 65 66 67 68 69 70 71 72 73 74 75 76 77 78 79 80 81 82 83 84 85 86 87 88 89 90 91 92 93 94 95 96 97 98 99 
45 44 41 40 39 38 36 35 34 33 32 27 25 23 22 20 0 1 2 3 4 5 6 7 8 9 10 11 12 13 14 15 16 17 18 19 21 24 26 28 29 30 31 37 42 43 46 47 48 49 50 51 52 53 54 55 56 57 85 84 83 81 74 71 69 67 66 65 64 63 62 61 60 58 59 68 70 72 73 75 76 77 79 78 82 80 86 87 88 89 90 91 92 93 94 95 96 97 98 99 
0 1 2 3 4 5 6 7 8 9 10 11 12 13 14 15 16 17 18 19 20 22 21 25 29 32 35 36 38 40 46 45 43 42 41 39 37 34 33 31 30 28 23 24 26 27 44 47 48 49 50 51 52 53 54 55 56 57 58 59 60 61 63 62 64 65 66 67 68 69 70 71 72 73 74 75 76 77 78 83 85 82 81 80 79 84 86 87 88 89 90 91 92 93 94 95 96 97 98 99 
35 28 25 22 20 19 17 16 15 14 13 12 11 10 9 8 7 6 4 2 0 1 3 5 18 21 23 24 26 27 29 30 31 32 33 34 36 37 38 39 40 41 42 43 44 45 46 47 48 49 50 51 52 53 54 55 56 57 58 59 60 61 62 63 64 65 66 67 69 68 70 71 72 73 74 75 76 77 78 79 80 81 82 83 84 85 86 87 88 89 90 91 92 93 94 95 96 97 98 99 
17 16 4 1 0 2 3 5 6 7 8 9 10 11 12 13 14 15 18 19 20 21 22 23 24 25 26 27 28 30 29 31 32 33 34 35 36 37 38 39 40 41 42 43 44 45 46 47 48 49 50 51 52 53 54 55 56 57 58 60 59 61 62 63 64 65 66 67 68 69 70 71 72 73 74 75 76 77 78 79 80 81 82 83 84 85 86 87 88 89 90 91 92 93 94 95 96 97 98 99 
0 1 3 2 4 6 5 7 8 9 10 11 13 12 14 15 16 17 18 19 20 21 22 23 24 25 26 27 28 29 30 31 32 33 34 35 36 37 38 39 40 41 42 43 44 45 46 47 48 49 50 51 52 53 54 55 56 57 58 59 60 61 62 67 68 66 63 64 65 69 71 70 72 73 74 75 76 77 78 79 80 81 82 83 84 85 86 87 88 89 90 91 92 93 94 95 96 97 98 99 
33 32 31 30 28 27 26 25 23 21 19 18 16 17 15 13 14 12 8 6 4 3 2 0 1 5 7 9 10 11 20 22 24 29 34 35 36 37 38 39 40 41 42 43 44 45 46 47 48 49 50 51 52 53 54 55 56 57 58 60 59 61 62 64 63 65 66 67 68 69 70 71 72 73 74 75 76 77 78 79 80 81 82 83 84 85 86 87 88 89 90 91 92 93 94 95 96 97 98 99 
0 1 2 3 4 6 7 5 8 9 10 11 12 13 14 15 16 17 18 19 20 21 22 23 24 25 26 27 28 29 30 31 32 33 34 35 36 37 38 39 40 41 42 43 44 45 46 47 48 49 50 51 52 53 54 55 56 57 58 59 60 61 62 63 64 65 66 67 68 69 70 71 72 73 74 75 76 77 78 79 80 81 82 83 84 85 86 87 88 89 90 91 92 93 94 95 96 97 98 99 
0 1 2 3 4 11 12 15 18 19 17 16 14 13 10 9 8 7 5 6 20 21 22 23 24 27 28 29 34 35 36 37 41 42 25 26 30 31 32 33 38 39 40 43 44 45 46 47 48 49 50 51 52 53 54 55 56 57 61 60 59 58 62 63 66 64 65 67 68 69 70 71 72 73 75 74 76 77 78 79 81 80 82 83 84 85 86 87 88 89 90 91 92 93 94 95 96 97 98 99 
0 1 2 3 4 5 6 7 8 9 10 15 14 13 12 11 16 17 18 19 20 21 22 23 24 25 27 29 26 28 32 30 31 33 34 35 36 37 38 39 40 41 44 51 52 54 45 43 42 46 47 48 49 50 53 55 56 57 58 59 60 61 62 67 68 69 71 73 75 74 72 70 66 65 64 63 76 77 78 79 80 81 82 83 84 85 86 87 88 89 90 91 92 93 94 95 96 97 98 99 
0 1 2 3 4 6 5 7 8 9 10 11 12 13 14 15 16 17 18 19 20 21 22 23 24 25 26 27 28 29 30 31 32 33 35 34 37 36 38 39 40 41 42 43 44 45 46 47 48 49 50 53 57 56 55 52 51 54 59 60 61 58 63 64 65 67 68 72 73 74 75 62 66 69 70 71 83 82 81 76 77 78 79 80 84 85 86 87 88 89 90 91 92 93 94 95 96 97 98 99 
0 1 2 3 4 5 6 7 8 9 10 11 12 13 14 15 16 17 18 19 20 21 22 23 24 25 26 27 28 37 35 34 32 29 30 31 33 36 38 39 40 41 42 43 44 45 46 47 48 49 50 51 52 53 54 55 56 57 58 59 60 61 62 63 64 65 66 68 67 69 70 71 72 73 74 75 76 77 78 79 80 81 82 83 84 85 86 87 88 89 90 91 92 93 94 95 96 97 98 99 
49 48 46 36 37 35 34 33 32 31 30 29 28 27 26 25 24 23 22 21 6 3 2 1 0 4 5 7 8 9 10 11 15 14 13 12 16 17 18 19 20 38 39 40 41 42 43 44 45 47 50 51 52 53 54 55 56 57 58 59 60 61 62 63 64 65 66 67 68 69 70 71 72 73 74 75 76 77 78 79 80 81 82 83 84 85 86 87 88 89 90 91 92 93 94 95 96 97 98 99 
0 1 2 3 4 5 6 7 8 9 10 11 12 13 14 15 16 17 19 18 20 21 22 23 24 25 26 27 28 29 30 31 32 33 34 35 36 37 38 39 40 41 42 43 44 46 53 51 47 45 48 49 50 52 54 55 56 59 61 60 58 57 62 63 64 65 68 72 73 71 66 67 69 70 74 75 76 77 78 79 81 84 87 86 83 80 82 85 88 90 89 91 92 93 94 95 96 97 98 99 
43 42 38 35 34 33 32 31 30 24 23 22 20 19 18 17 15 13 12 11 10 9 7 5 3 2 1 0 4 6 8 14 16 21 25 26 27 28 29 36 37 39 40 41 44 45 46 47 48 49 50 51 52 53 54 55 56 57 60 61 62 66 65 64 63 58 59 67 68 69 77 76 75 73 72 71 70 74 78 79 80 81 82 83 84 85 86 87 88 89 90 91 92 93 94 95 96 97 98 99 
75 70 69 68 65 64 63 60 59 57 56 55 54 53 52 50 46 38 41 44 47 34 33 32 26 28 29 30 31 27 23 22 21 18 16 20 25 24 19 17 14 13 12 11 10 8 7 6 4 3 2 0 1 5 9 15 43 37 36 35 39 40 42 45 48 49 51 58 61 62 66 67 71 72 73 74 76 77 78 79 80 81 82 83 84 85 86 87 88 89 90 91 92 93 94 95 96 97 98 99 

Rank matrix
53 0 0 0 1 0 0 2 1 0 0 2 1 2 2 2 4 0 3 2 6 1 1 4 1 2 1 1 0 1 1 0 0 1 0 1 0 0 0 0 2 0 0 0 0 0 0 0 0 0 0 1 0 1 0 0 0 0 0 0 0 0 0 0 0 0 0 0 0 0 0 0 0 0 0 0 0 0 0 0 0 0 0 0 0 0 0 0 0 0 0 0 0 0 0 0 0 0 0 0 
0 53 0 1 0 0 1 1 1 0 2 1 1 0 1 2 2 5 1 3 2 6 2 1 4 0 1 1 1 1 0 0 1 0 1 0 0 0 0 2 0 0 0 0 0 0 0 0 0 0 0 0 1 0 1 0 0 0 0 0 0 0 0 0 0 0 0 0 0 0 0 0 0 0 0 0 0 0 0 0 0 0 0 0 0 0 0 0 0 0 0 0 0 0 0 0 0 0 0 0 
0 0 52 1 0 2 0 0 0 3 0 0 1 2 3 3 1 0 4 4 3 1 6 2 1 2 1 1 0 1 0 1 0 0 0 0 1 0 2 0 0 0 0 0 0 0 0 0 0 0 1 0 1 0 0 0 0 0 0 0 0 0 0 0 0 0 0 0 0 0 0 0 0 0 0 0 0 0 0 0 0 0 0 0 0 0 0 0 0 0 0 0 0 0 0 0 0 0 0 0 
0 0 1 49 3 0 2 0 1 1 2 0 2 2 1 1 2 5 3 4 2 3 2 1 2 2 1 1 1 0 1 0 0 1 0 0 0 1 0 0 0 1 0 0 0 0 0 0 0 1 0 1 0 0 0 0 0 0 0 0 0 0 0 0 0 0 0 0 0 0 0 0 0 0 0 0 0 0 0 0 0 0 0 0 0 0 0 0 0 0 0 0 0 0 0 0 0 0 0 0 
0 0 1 3 50 0 0 0 1 2 1 1 2 1 0 2 5 2 4 4 2 2 2 2 0 2 2 1 2 0 0 1 0 0 0 0 0 1 0 0 0 1 1 0 0 0 0 0 1 0 1 0 0 0 0 0 0 0 0 0 0 0 0 0 0 0 0 0 0 0 0 0 0 0 0 0 0 0 0 0 0 0 0 0 0 0 0 0 0 0 0 0 0 0 0 0 0 0 0 0 
0 0 0 0 1 47 4 2 1 0 0 3 0 2 1 1 1 4 4 1 4 5 1 3 3 1 2 0 2 1 1 0 1 0 0 0 1 1 0 0 0 0 0 0 0 0 0 0 0 0 0 0 0 1 0 1 0 0 0 0 0 0 0 0 0 0 0 0 0 0 0 0 0 0 0 0 0 0 0 0 0 0 0 0 0 0 0 0 0 0 0 0 0 0 0 0 0 0 0 0 
0 0 0 0 0 4 47 0 1 0 2 0 3 0 5 3 2 4 4 3 5 1 1 2 1 1 1 1 0 3 1 1 0 0 0 0 0 0 0 0 0 0 1 1 0 0 0 1 0 1 0 0 0 0 0 0 0 0 0 0 0 0 0 0 0 0 0 0 0 0 0 0 0 0 0 0 0 0 0 0 0 0 0 0 0 0 0 0 0 0 0 0 0 0 0 0 0 0 0 0 
0 0 0 0 0 1 1 51 0 2 0 3 0 3 0 2 4 2 1 4 1 3 6 3 1 2 2 2 0 0 1 0 1 0 0 1 0 0 0 0 0 0 0 0 1 0 1 0 0 0 0 0 0 0 0 0 1 0 0 0 0 0 0 0 0 0 0 0 0 0 0 0 0 0 0 0 0 0 0 0 0 0 0 0 0 0 0 0 0 0 0 0 0 0 0 0 0 0 0 0 
0 0 0 1 1 1 0 0 50 2 1 0 1 0 0 4 4 2 3 4 1 3 2 3 2 1 1 1 2 1 2 2 0 1 0 0 0 0 0 0 0 0 0 1 0 2 0 0 0 0 0 0 0 0 0 0 0 1 0 0 0 0 0 0 0 0 0 0 0 0 0 0 0 0 0 0 0 0 0 0 0 0 0 0 0 0 0 0 0 0 0 0 0 0 0 0 0 0 0 0 
0 0 0 1 0 0 1 1 3 48 2 3 2 0 4 2 1 3 1 0 2 1 2 2 4 3 1 3 1 1 1 1 0 0 2 0 1 0 1 0 0 0 0 0 0 0 0 0 0 0 0 0 0 0 1 0 0 0 1 0 0 0 0 0 0 0 0 0 0 0 0 0 0 0 0 0 0 0 0 0 0 0 0 0 0 0 0 0 0 0 0 0 0 0 0 0 0 0 0 0 
0 0 1 0 0 1 1 1 0 1 48 1 2 3 4 2 2 2 2 1 2 2 1 2 3 2 3 2 2 1 1 0 2 1 0 2 0 0 0 0 0 0 0 0 1 0 0 0 0 0 0 0 0 0 0 0 0 0 0 1 0 0 0 0 0 0 0 0 0 0 0 0 0 0 0 0 0 0 0 0 0 0 0 0 0 0 0 0 0 0 0 0 0 0 0 0 0 0 0 0 
0 0 1 0 2 3 1 0 0 1 1 45 2 8 2 2 1 1 1 2 1 2 3 2 2 1 1 3 4 2 0 1 0 1 0 0 0 0 0 0 0 0 0 1 0 0 1 0 1 0 0 0 1 0 0 0 0 0 0 0 0 0 0 0 0 0 0 0 0 0 0 0 0 0 0 0 0 0 0 0 0 0 0 0 0 0 0 0 0 0 0 0 0 0 0 0 0 0 0 0 
0 1 0 1 1 0 2 0 1 1 1 2 45 4 3 1 4 3 3 0 1 3 0 3 1 3 3 3 2 2 0 0 0 0 1 1 0 0 0 0 0 0 1 0 1 0 0 1 1 0 0 0 0 0 0 0 0 0 0 0 0 0 0 0 0 0 0 0 0 0 0 0 0 0 0 0 0 0 0 0 0 0 0 0 0 0 0 0 0 0 0 0 0 0 0 0 0 0 0 0 
0 0 0 1 0 0 0 1 0 0 3 4 4 45 2 8 3 2 0 1 2 2 4 0 1 2 2 1 3 1 1 1 0 1 1 0 0 0 0 0 0 1 0 0 0 1 1 0 0 1 0 0 0 0 0 0 0 0 0 0 0 0 0 0 0 0 0 0 0 0 0 0 0 0 0 0 0 0 0 0 0 0 0 0 0 0 0 0 0 0 0 0 0 0 0 0 0 0 0 0 
0 1 2 0 0 2 0 0 2 2 2 1 2 1 49 4 3 1 1 2 1 0 1 2 2 1 1 4 1 2 3 1 1 1 0 0 0 0 0 0 1 0 0 0 0 1 0 0 0 0 1 1 0 0 0 0 0 0 0 0 0 0 0 0 0 0 0 0 0 0 0 0 0 0 0 0 0 0 0 0 0 0 0 0 0 0 0 0 0 0 0 0 0 0 0 0 0 0 0 0 
2 1 0 0 1 0 1 2 3 3 1 1 1 3 4 44 1 3 2 3 0 1 0 2 1 1 2 0 3 2 2 3 2 0 1 0 0 0 0 0 0 0 0 0 0 0 0 0 0 0 1 1 0 0 0 1 0 0 0 0 1 0 0 0 0 0 0 0 0 0 0 0 0 0 0 0 0 0 0 0 0 0 0 0 0 0 0 0 0 0 0 0 0 0 0 0 0 0 0 0 
1 1 0 0 0 0 1 2 1 2 1 1 4 2 2 0 49 1 2 0 2 0 1 0 3 3 0 1 2 3 1 3 3 0 1 1 2 0 0 0 0 0 0 0 0 0 1 1 0 0 0 0 1 0 0 0 0 0 0 0 0 1 0 0 0 0 0 0 0 0 0 0 0 0 0 0 0 0 0 0 0 0 0 0 0 0 0 0 0 0 0 0 0 0 0 0 0 0 0 0 
1 1 0 1 1 0 1 2 2 0 1 4 4 3 2 3 0 49 1 1 0 2 1 1 1 2 1 1 1 1 3 1 0 2 0 0 1 1 0 1 0 0 0 0 1 0 0 0 0 1 0 0 0 1 0 0 0 0 0 0 0 0 0 0 0 0 0 0 0 0 0 0 0 0 0 0 0 0 0 0 0 0 0 0 0 0 0 0 0 0 0 0 0 0 0 0 0 0 0 0 
0 0 1 1 0 0 2 1 1 0 1 3 2 2 2 1 0 1 50 3 2 0 1 1 2 0 4 0 0 4 2 2 3 1 2 0 0 1 1 0 0 0 0 0 0 0 0 1 0 0 0 0 0 1 0 0 0 0 0 0 0 0 1 0 0 0 0 0 0 0 0 0 0 0 0 0 0 0 0 0 0 0 0 0 0 0 0 0 0 0 0 0 0 0 0 0 0 0 0 0 
0 1 1 0 0 4 1 0 0 2 3 3 4 4 1 2 1 1 2 50 1 0 0 1 1 0 0 3 0 0 3 2 1 1 0 1 0 0 1 2 0 0 0 0 0 0 0 0 1 0 0 0 0 0 1 0 0 0 0 0 0 0 0 1 0 0 0 0 0 0 0 0 0 0 0 0 0 0 0 0 0 0 0 0 0 0 0 0 0 0 0 0 0 0 0 0 0 0 0 0 
2 1 0 1 4 1 0 1 0 1 5 3 2 1 2 2 1 1 0 1 54 1 0 0 0 0 0 0 2 1 2 1 1 3 0 1 0 0 0 0 1 0 0 0 0 0 0 0 0 1 0 0 0 0 1 1 0 0 0 0 0 0 0 0 1 0 0 0 0 0 0 0 0 0 0 0 0 0 0 0 0 0 0 0 0 0 0 0 0 0 0 0 0 0 0 0 0 0 0 0 
0 0 1 3 1 0 0 0 0 6 1 2 2 0 0 1 0 0 1 1 1 54 3 1 0 1 0 0 1 2 2 0 5 2 2 1 1 0 1 0 0 0 0 1 0 0 1 0 0 0 1 0 0 0 0 1 0 0 0 0 0 0 0 0 0 0 0 0 0 0 0 0 0 0 0 0 0 0 0 0 0 0 0 0 0 0 0 0 0 0 0 0 0 0 0 0 0 0 0 0 
0 1 3 1 0 0 1 0 3 1 1 2 0 1 2 0 2 2 1 0 0 2 52 2 0 1 1 0 1 0 2 7 2 3 2 2 0 0 0 0 0 0 1 0 0 1 0 0 0 0 0 0 0 0 0 0 0 0 0 0 0 0 0 0 0 0 0 0 0 0 0 0 0 0 0 0 0 0 0 0 0 0 0 0 0 0 0 0 0 0 0 0 0 0 0 0 0 0 0 0 
1 1 0 1 0 0 0 2 4 0 4 0 1 2 0 0 0 1 0 1 0 0 1 52 1 2 2 0 0 1 1 4 2 2 2 2 2 1 0 1 1 1 1 0 1 0 0 0 1 0 0 1 0 0 0 0 0 0 0 0 0 0 0 0 0 0 0 0 0 0 0 0 0 0 0 0 0 0 0 0 0 0 0 0 0 0 0 0 0 0 0 0 0 0 0 0 0 0 0 0 
1 0 1 0 0 1 2 4 0 3 0 1 2 0 0 0 1 0 0 0 0 0 1 0 50 6 2 3 0 1 1 0 3 2 3 1 2 2 1 0 2 1 0 2 0 0 0 1 0 0 0 0 0 0 0 0 0 0 0 0 0 0 0 0 0 0 0 0 0 0 0 0 0 0 0 0 0 0 0 0 0 0 0 0 0 0 0 0 0 0 0 0 0 0 0 0 0 0 0 0 
1 2 2 1 1 1 2 2 2 1 0 1 1 1 0 1 1 0 1 0 0 0 0 1 2 47 4 1 1 0 2 1 2 3 4 1 2 4 1 1 0 1 0 0 0 0 0 0 0 0 0 0 0 0 0 0 0 0 0 0 0 0 1 0 0 0 0 0 0 0 0 0 0 0 0 0 0 0 0 0 0 0 0 0 0 0 0 0 0 0 0 0 0 0 0 0 0 0 0 0 
0 0 0 1 1 1 2 0 2 0 1 1 1 0 1 0 0 0 0 0 0 0 0 0 4 3 47 3 3 1 1 1 3 3 4 3 2 1 4 1 0 0 3 0 1 0 0 0 0 0 0 0 0 0 0 0 0 0 0 0 0 1 0 0 0 0 0 0 0 0 0 0 0 0 0 0 0 0 0 0 0 0 0 0 0 0 0 0 0 0 0 0 0 0 0 0 0 0 0 0 
0 1 0 0 1 5 0 2 0 1 1 4 0 1 0 1 0 0 0 0 0 0 1 1 1 2 2 46 4 3 2 2 2 0 3 4 2 2 1 0 1 0 1 1 0 1 0 0 0 0 0 0 0 0 0 0 0 0 0 0 0 0 0 1 0 0 0 0 0 0 0 0 0 0 0 0 0 0 0 0 0 0 0 0 0 0 0 0 0 0 0 0 0 0 0 0 0 0 0 0 
3 1 0 0 3 0 2 1 1 0 2 0 1 0 1 1 0 0 0 0 0 0 0 0 0 1 1 3 43 5 1 4 1 4 1 3 3 2 2 3 1 3 0 0 0 0 0 0 0 0 0 0 1 0 0 0 2 0 0 0 0 0 0 0 0 0 0 0 0 0 0 0 0 0 0 0 0 0 0 0 0 0 0 0 0 0 0 0 0 0 0 0 0 0 0 0 0 0 0 0 
0 0 0 2 1 1 1 1 1 1 0 1 0 0 1 0 0 0 0 0 0 0 0 1 1 0 3 4 4 42 3 1 4 3 3 3 2 3 2 3 4 2 0 1 0 0 0 0 0 0 0 0 0 0 0 0 0 0 0 0 1 0 0 0 0 0 0 0 0 0 0 0 0 0 0 0 0 0 0 0 0 0 0 0 0 0 0 0 0 0 0 0 0 0 0 0 0 0 0 0 
0 0 2 1 1 3 1 1 2 2 2 0 0 2 0 0 0 0 0 0 0 0 1 0 1 0 2 3 1 2 41 2 2 3 5 4 5 2 3 1 2 2 0 0 0 0 0 0 0 0 0 0 0 0 0 0 0 0 0 0 0 0 0 0 1 0 0 0 0 0 0 0 0 0 0 0 0 0 0 0 0 0 0 0 0 0 0 0 0 0 0 0 0 0 0 0 0 0 0 0 
0 1 2 3 3 0 1 2 2 4 0 0 1 0 0 0 0 0 0 0 0 0 1 0 0 1 2 1 2 2 2 39 4 2 2 4 2 2 4 5 1 0 1 0 1 0 0 0 0 0 0 0 0 1 0 0 0 1 0 1 0 0 0 0 0 0 0 0 0 0 0 0 0 0 0 0 0 0 0 0 0 0 0 0 0 0 0 0 0 0 0 0 0 0 0 0 0 0 0 0 
1 1 1 3 1 0 5 1 2 0 2 1 0 0 0 0 0 0 0 0 0 2 0 1 0 3 0 0 2 1 2 4 40 4 3 3 2 2 3 2 3 1 1 0 0 1 0 0 0 0 0 0 0 0 0 0 0 1 1 0 0 0 0 0 0 0 0 0 0 0 0 0 0 0 0 0 0 0 0 0 0 0 0 0 0 0 0 0 0 0 0 0 0 0 0 0 0 0 0 0 
1 3 3 1 0 3 1 5 2 1 1 0 1 0 0 0 0 0 0 0 1 0 1 0 1 0 0 1 2 1 1 1 1 42 4 0 5 4 3 2 2 2 0 1 0 0 0 0 0 0 0 0 0 0 1 0 0 0 0 1 0 0 0 0 0 1 0 0 0 0 0 0 0 0 0 0 0 0 0 0 0 0 0 0 0 0 0 0 0 0 0 0 0 0 0 0 0 0 0 0 
2 1 2 0 3 3 3 2 2 1 0 0 0 0 0 0 0 0 0 0 0 1 0 1 1 0 0 1 3 1 0 2 1 5 43 4 6 4 0 1 0 1 2 0 0 0 1 0 0 1 0 0 0 0 0 1 0 0 1 0 0 0 0 0 0 0 0 0 0 0 0 0 0 0 0 0 0 0 0 0 0 0 0 0 0 0 0 0 0 0 0 0 0 0 0 0 0 0 0 0 
2 2 1 3 2 2 2 2 2 1 0 1 0 0 0 0 0 0 0 0 0 0 0 1 0 0 1 0 0 3 2 0 4 0 4 49 4 4 1 0 0 1 1 1 0 0 0 0 1 0 0 0 0 0 0 0 1 0 0 1 0 0 0 0 0 0 1 0 0 0 0 0 0 0 0 0 0 0 0 0 0 0 0 0 0 0 0 0 0 0 0 0 0 0 0 0 0 0 0 0 
2 1 2 3 0 2 2 2 0 1 2 0 0 0 0 0 0 0 0 0 0 0 1 0 0 0 0 3 0 0 3 3 0 0 2 4 46 6 5 3 0 1 2 1 0 0 0 1 0 0 0 0 0 0 0 0 0 1 1 0 0 0 0 0 0 0 0 0 0 0 0 0 0 0 0 0 0 0 0 0 0 0 0 0 0 0 0 0 0 0 0 0 0 0 0 0 0 0 0 0 
1 4 1 0 2 2 2 0 0 1 0 0 0 0 0 0 0 0 0 0 0 0 0 0 0 0 2 0 0 2 2 3 0 2 1 1 3 48 6 2 4 1 3 2 1 0 1 0 0 0 1 0 0 0 0 0 0 1 0 0 0 1 0 0 0 0 0 0 0 0 0 0 0 0 0 0 0 0 0 0 0 0 0 0 0 0 0 0 0 0 0 0 0 0 0 0 0 0 0 0 
4 1 1 0 2 2 1 0 0 0 0 0 0 0 0 0 0 1 0 0 0 0 0 0 0 0 0 0 2 2 1 0 2 3 0 0 2 3 52 4 4 3 0 5 1 0 0 1 0 1 1 0 0 0 0 0 0 0 0 0 1 0 0 0 0 0 0 0 0 0 0 0 0 0 0 0 0 0 0 0 0 0 0 0 0 0 0 0 0 0 0 0 0 0 0 0 0 0 0 0 
1 0 1 0 5 2 0 0 1 0 1 0 0 0 0 0 0 0 0 0 1 0 0 0 0 0 0 0 2 1 0 0 4 0 1 1 1 2 2 58 4 3 1 2 1 1 0 0 0 0 1 0 0 0 0 0 0 0 0 0 3 0 0 0 0 0 0 0 0 0 0 0 0 0 0 0 0 0 0 0 0 0 0 0 0 0 0 0 0 0 0 0 0 0 0 0 0 0 0 0 
1 0 0 7 2 0 0 0 0 0 0 0 0 0 0 0 0 0 0 1 0 0 0 1 0 0 0 0 0 1 2 2 0 0 0 1 1 1 0 3 61 1 5 1 2 1 1 0 2 1 0 0 0 0 0 0 0 0 0 0 0 2 0 0 0 0 0 0 0 0 0 0 0 0 0 0 0 0 0 0 0 0 0 0 0 0 0 0 0 0 0 0 0 0 0 0 0 0 0 0 
0 2 4 0 0 0 0 1 0 0 0 0 0 0 0 0 0 0 2 0 0 1 0 0 0 2 0 0 0 1 0 2 1 1 2 0 0 1 2 0 0 65 1 1 4 4 0 0 1 0 0 0 0 0 0 0 0 0 0 1 0 0 1 0 0 0 0 0 0 0 0 0 0 0 0 0 0 0 0 0 0 0 0 0 0 0 0 0 0 0 0 0 0 0 0 0 0 0 0 0 
1 3 3 2 0 0 0 0 0 0 0 0 0 0 0 0 0 0 0 0 0 0 0 0 1 0 0 0 0 0 2 0 0 2 0 0 0 0 0 2 0 0 64 4 4 2 1 2 1 1 0 0 0 0 0 0 0 0 1 1 0 0 1 1 0 0 0 1 0 0 0 0 0 0 0 0 0 0 0 0 0 0 0 0 0 0 0 0 0 0 0 0 0 0 0 0 0 0 0 0 
4 1 0 0 0 0 0 0 0 0 0 0 0 0 0 0 0 0 0 0 0 0 0 0 0 0 0 1 0 0 0 0 1 0 0 1 0 0 1 0 1 1 2 68 1 4 3 3 0 0 1 2 0 0 0 0 1 1 0 0 0 0 1 0 0 0 1 0 1 0 0 0 0 0 0 0 0 0 0 0 0 0 0 0 0 0 0 0 0 0 0 0 0 0 0 0 0 0 0 0 
0 4 1 0 0 0 1 0 0 0 0 0 0 0 0 0 0 0 0 1 0 0 0 0 1 0 1 0 0 0 0 0 0 0 0 0 0 0 0 2 1 1 2 0 71 5 1 2 1 0 1 1 0 0 0 0 1 0 0 0 0 0 0 1 1 0 0 0 0 0 0 0 0 0 0 0 0 0 0 0 0 0 0 0 0 0 0 0 0 0 0 0 0 0 0 0 0 0 0 0 
3 0 0 0 0 1 0 0 0 0 0 0 0 0 0 0 0 0 0 1 0 0 0 1 0 0 0 0 0 0 0 1 0 0 0 0 0 0 0 0 1 2 2 1 1 66 10 1 2 2 0 1 1 0 0 0 0 0 0 0 0 0 0 1 1 0 0 1 0 0 0 0 0 0 0 0 0 0 0 0 0 0 0 0 0 0 0 0 0 0 0 0 0 0 0 0 0 0 0 0 
2 1 2 1 1 0 0 0 0 0 0 0 0 0 0 0 1 0 0 0 0 0 0 0 0 0 0 0 0 0 1 0 0 0 0 0 1 0 0 0 2 0 0 1 1 4 69 3 0 1 2 1 1 0 0 1 0 0 1 0 0 0 0 0 0 1 0 0 1 1 0 0 0 0 0 0 0 0 0 0 0 0 0 0 0 0 0 0 0 0 0 0 0 0 0 0 0 0 0 0 
1 0 0 1 0 0 0 0 0 0 0 0 0 0 0 0 0 0 1 0 1 0 1 0 0 0 0 0 0 0 0 0 0 0 0 0 0 0 0 0 0 1 0 0 1 1 3 72 5 3 2 0 2 1 1 0 0 0 1 0 0 0 0 0 0 2 0 0 0 0 0 0 0 0 0 0 0 0 0 0 0 0 0 0 0 0 0 0 0 0 0 0 0 0 0 0 0 0 0 0 
0 2 2 0 0 0 0 0 0 0 0 0 0 0 0 0 0 0 0 0 1 0 0 0 0 0 0 0 0 0 0 0 0 0 0 0 0 0 0 0 0 1 0 0 2 0 0 3 74 4 2 3 1 1 0 0 0 0 0 0 0 0 0 0 1 0 2 0 0 0 1 0 0 0 0 0 0 0 0 0 0 0 0 0 0 0 0 0 0 0 0 0 0 0 0 0 0 0 0 0 
2 2 0 0 0 0 0 0 0 0 0 0 0 0 0 0 0 2 1 1 0 0 0 0 0 0 0 0 0 0 0 0 0 0 0 0 0 0 0 0 0 1 1 0 0 0 0 1 4 75 5 1 2 1 0 0 0 0 0 0 0 0 0 0 0 1 0 0 0 0 0 0 0 0 0 0 0 0 0 0 0 0 0 0 0 0 0 0 0 0 0 0 0 0 0 0 0 0 0 0 
2 0 0 0 0 0 0 0 0 0 0 0 0 0 0 1 2 0 1 1 0 0 0 0 0 0 0 0 0 0 0 0 0 0 0 0 0 0 0 0 0 0 0 1 0 3 1 1 1 4 76 3 1 1 1 0 0 0 0 0 0 0 0 0 0 0 0 0 0 0 0 0 0 0 0 0 0 0 0 0 0 0 0 0 0 0 0 0 0 0 0 0 0 0 0 0 0 0 0 0 
0 0 0 0 0 0 0 0 0 0 0 0 0 0 0 0 0 1 0 0 0 0 0 0 0 0 0 0 0 0 0 0 0 0 0 0 0 0 0 0 1 0 1 2 0 0 0 3 1 0 3 81 1 1 0 0 1 0 0 0 0 0 0 0 0 0 1 2 0 1 0 0 0 0 0 0 0 0 0 0 0 0 0 0 0 0 0 0 0 0 0 0 0 0 0 0 0 0 0 0 
0 0 0 0 0 0 0 0 0 0 0 0 0 0 1 0 0 1 0 0 0 1 0 0 0 0 0 0 0 0 0 0 0 0 0 0 0 0 0 1 0 1 0 0 2 0 1 0 0 1 0 0 83 2 1 2 0 0 0 1 0 0 0 0 0 0 0 0 2 0 0 0 0 0 0 0 0 0 0 0 0 0 0 0 0 0 0 0 0 0 0 0 0 0 0 0 0 0 0 0 
0 0 0 0 0 0 0 0 0 0 0 0 0 1 0 1 1 0 0 0 1 0 0 0 0 0 0 0 0 0 0 0 0 0 0 0 0 0 0 0 0 0 1 0 0 0 1 1 0 1 0 1 0 80 3 1 3 1 0 0 0 1 0 0 1 0 0 0 0 1 0 0 0 0 0 0 0 0 0 0 0 0 0 0 0 0 0 0 0 0 0 0 0 0 0 0 0 0 0 0 
0 0 0 0 0 0 0 0 0 0 0 0 1 0 0 1 1 0 0 0 0 0 0 0 0 0 0 0 0 0 0 0 0 0 0 0 0 0 0 0 0 0 0 0 0 1 0 0 2 0 0 1 0 3 82 1 1 3 0 0 0 0 0 0 0 1 0 0 0 1 1 0 0 0 0 0 0 0 0 0 0 0 0 0 0 0 0 0 0 0 0 0 0 0 0 0 0 0 0 0 
0 0 0 0 0 0 0 0 0 0 0 1 0 0 1 2 0 0 0 0 0 0 0 0 0 0 0 0 0 0 0 0 0 0 0 0 0 0 1 0 0 0 0 0 0 0 1 1 0 0 0 0 1 0 1 84 0 1 1 0 2 0 0 1 0 0 1 0 0 0 1 0 0 0 0 0 0 0 0 0 0 0 0 0 0 0 0 0 0 0 0 0 0 0 0 0 0 0 0 0 
0 0 0 0 0 0 0 0 0 0 1 0 0 0 3 0 0 0 0 0 0 0 0 0 0 0 0 0 0 0 0 0 0 0 0 0 0 1 0 0 0 0 0 0 0 0 1 0 0 0 0 0 1 2 0 4 81 1 0 0 0 0 0 1 1 0 0 0 1 0 1 0 0 0 0 1 0 0 0 0 0 0 0 0 0 0 0 0 0 0 0 0 0 0 0 0 0 0 0 0 
0 0 0 0 0 0 0 0 0 1 0 0 0 3 0 0 0 0 0 0 0 0 0 0 0 0 0 0 0 0 0 0 0 0 0 0 0 0 0 0 0 0 0 0 0 1 0 0 0 0 0 0 1 1 4 0 2 76 0 1 0 1 3 0 0 1 1 0 0 1 0 1 0 1 1 0 0 0 0 0 0 0 0 0 0 0 0 0 0 0 0 0 0 0 0 0 0 0 0 0 
0 0 0 0 0 0 0 0 0 0 0 0 1 0 0 0 0 0 0 0 0 0 0 0 0 0 0 0 0 0 0 0 0 0 0 0 0 0 0 0 0 0 1 0 0 0 0 0 0 0 0 0 0 1 1 0 0 2 70 2 2 3 1 2 2 2 0 2 0 0 1 2 1 3 1 0 0 0 0 0 0 0 0 0 0 0 0 0 0 0 0 0 0 0 0 0 0 0 0 0 
0 0 0 0 0 0 0 0 1 0 0 1 0 0 0 0 0 0 0 0 0 0 0 0 0 0 0 0 0 0 0 0 0 0 0 0 0 0 0 0 0 0 0 1 0 0 0 0 0 0 0 0 0 0 0 0 1 1 6 62 6 4 2 0 3 0 1 0 1 1 0 2 4 1 1 1 0 0 0 0 0 0 0 0 0 0 0 0 0 0 0 0 0 0 0 0 0 0 0 0 
0 0 0 0 0 0 0 1 0 0 1 0 0 1 0 0 0 0 0 0 0 0 0 0 0 0 0 0 0 0 0 0 0 0 0 0 0 0 0 0 0 0 0 0 1 0 0 0 0 0 0 0 0 1 0 0 1 1 1 10 62 2 1 2 1 3 2 1 1 0 1 2 2 2 0 0 0 0 0 0 0 0 0 0 0 0 0 0 0 0 0 0 0 0 0 0 0 0 0 0 
0 0 0 0 0 0 0 0 0 0 0 0 1 0 0 0 0 0 0 0 0 0 0 0 0 0 0 0 0 0 0 0 0 0 0 0 0 0 0 0 0 0 0 0 0 0 0 0 0 0 0 0 0 0 0 0 1 1 3 4 7 63 2 2 1 2 2 1 1 0 2 3 0 1 2 0 1 0 0 0 0 0 0 0 0 0 0 0 0 0 0 0 0 0 0 0 0 0 0 0 
0 0 0 0 0 0 0 0 0 1 0 1 1 0 0 0 0 0 0 0 0 0 0 0 0 0 0 0 0 0 0 0 0 0 0 0 0 0 0 0 0 0 0 0 0 0 0 0 0 0 0 0 0 0 0 0 0 0 2 3 2 3 63 2 1 2 5 2 1 3 3 1 0 0 1 1 0 0 0 1 0 0 1 0 0 0 0 0 0 0 0 0 0 0 0 0 0 0 0 0 
0 0 0 0 0 0 1 0 0 1 0 1 0 0 0 0 0 0 0 0 0 0 0 0 0 0 0 0 0 0 0 0 0 0 0 0 0 0 0 0 0 0 0 0 0 0 0 0 0 0 0 0 0 0 0 1 0 1 0 2 1 1 3 57 3 6 4 3 3 4 0 2 2 0 0 1 2 0 1 0 0 0 0 0 0 0 0 0 0 0 0 0 0 0 0 0 0 0 0 0 
0 0 0 0 0 1 0 0 0 0 2 0 0 0 0 0 0 0 0 0 0 0 0 0 0 0 0 0 0 0 0 0 0 0 0 0 0 0 0 0 0 0 0 0 0 0 0 0 0 0 0 0 0 0 0 0 0 0 0 0 1 2 2 6 55 7 2 4 6 3 2 1 1 1 2 0 0 2 0 0 0 0 0 0 0 0 0 0 0 0 0 0 0 0 0 0 0 0 0 0 
0 0 0 0 1 0 0 0 1 1 0 0 0 0 0 0 0 0 0 0 0 0 0 0 0 0 0 0 0 0 0 0 0 0 0 0 0 0 0 0 0 0 0 0 0 0 0 0 0 0 0 0 0 0 0 0 1 0 1 0 3 4 3 1 8 54 1 6 6 1 1 1 0 1 1 1 1 0 1 0 0 1 0 0 0 0 0 0 0 0 0 0 0 0 0 0 0 0 0 0 
0 0 0 0 0 0 0 1 0 0 0 0 0 0 0 0 0 0 0 0 0 0 0 0 0 0 0 0 0 0 0 0 0 0 0 0 0 0 0 0 0 0 0 0 0 0 0 0 0 0 0 0 0 0 0 0 0 1 1 2 2 3 3 5 2 2 59 2 3 1 3 0 3 1 0 3 1 0 0 1 1 0 0 0 0 0 0 0 0 0 0 0 0 0 0 0 0 0 0 0 
0 0 0 0 0 0 0 0 1 0 0 0 0 0 0 0 0 0 0 0 0 0 0 0 0 0 0 0 0 0 0 0 0 0 0 0 0 0 0 0 0 0 0 0 0 0 0 0 0 0 0 0 0 0 0 0 1 0 3 1 0 0 3 5 0 3 4 59 3 2 2 2 1 2 3 0 1 2 0 1 1 0 0 0 0 0 0 0 0 0 0 0 0 0 0 0 0 0 0 0 
0 0 0 1 0 0 0 0 1 0 0 0 0 0 0 0 0 0 0 0 0 0 0 0 0 0 0 0 0 0 0 0 0 0 0 0 0 0 0 0 0 0 0 0 0 0 0 0 0 0 0 0 0 0 0 1 0 1 0 2 1 1 3 1 6 1 3 5 59 6 0 2 0 0 0 2 1 0 1 0 1 1 0 0 0 0 0 0 0 0 0 0 0 0 0 0 0 0 0 0 
0 0 1 0 0 0 1 1 0 0 0 0 1 0 0 0 0 0 0 0 0 0 0 0 0 0 0 0 0 0 0 0 0 0 0 0 0 0 0 0 0 0 0 0 0 0 0 0 0 0 0 0 0 0 1 0 0 0 1 0 0 2 0 1 2 4 3 2 2 62 5 3 1 2 1 1 0 1 1 0 0 1 0 0 0 0 0 0 0 0 0 0 0 0 0 0 0 0 0 0 
0 1 0 0 0 0 1 1 0 0 0 0 0 0 0 0 0 0 0 0 0 0 0 0 0 0 0 0 0 0 0 0 0 0 0 0 0 0 0 0 0 0 0 0 0 0 0 0 0 0 0 0 0 0 0 0 0 0 1 1 0 0 0 2 2 2 1 1 0 5 60 5 2 3 1 3 4 1 2 0 0 0 1 0 0 0 0 0 0 0 0 0 0 0 0 0 0 0 0 0 
0 0 0 0 1 0 1 0 0 0 0 1 0 0 0 0 0 0 0 0 0 0 0 0 0 0 0 0 0 0 0 0 0 0 0 0 0 0 0 0 0 0 0 0 0 0 0 0 0 0 0 0 0 0 0 0 0 1 0 0 1 0 1 2 3 1 2 0 3 1 5 61 5 1 1 2 0 4 1 2 0 0 0 0 0 0 0 0 0 0 0 0 0 0 0 0 0 0 0 0 
0 0 0 0 0 2 0 0 0 0 1 0 0 0 0 0 0 0 0 0 0 0 0 0 0 0 0 0 0 0 0 0 0 0 0 0 0 0 0 0 0 0 0 0 0 0 0 0 0 0 0 0 0 0 0 0 0 1 0 0 1 1 0 1 0 0 0 4 0 1 2 4 63 7 2 0 3 2 4 0 1 0 0 0 0 0 0 0 0 0 0 0 0 0 0 0 0 0 0 0 
0 0 0 0 1 1 0 0 0 1 0 0 0 0 0 0 0 0 0 0 0 0 0 0 0 0 0 0 0 0 0 0 0 0 0 0 0 0 0 0 0 0 0 0 0 0 0 0 0 0 0 0 0 0 0 0 0 1 1 0 0 1 2 1 1 0 1 1 2 1 1 1 7 63 4 3 2 2 1 1 0 0 0 0 0 0 0 0 0 0 0 0 0 0 0 0 0 0 0 0 
0 0 0 2 0 0 0 0 1 0 0 0 0 0 0 0 0 0 0 0 0 0 0 0 0 0 0 0 0 0 0 0 0 0 0 0 0 0 0 0 0 0 0 0 0 0 0 0 0 0 0 0 0 0 0 0 0 0 0 1 0 1 1 1 0 1 0 0 1 3 2 1 0 2 71 5 2 2 1 2 0 0 0 0 0 0 0 0 0 0 0 0 0 0 0 0 0 0 0 0 
1 0 2 0 1 0 0 1 0 0 0 0 0 0 0 0 0 0 0 0 0 0 0 0 0 0 0 0 0 0 0 0 0 0 0 0 0 0 0 0 0 0 0 0 0 0 0 0 0 0 0 0 0 0 0 0 0 0 0 0 2 0 0 0 0 0 1 0 2 1 4 0 1 2 4 68 3 3 1 2 1 0 0 0 0 0 0 0 0 0 0 0 0 0 0 0 0 0 0 0 
0 2 0 1 0 0 1 0 0 0 0 0 0 0 0 0 0 0 0 0 0 0 0 0 0 0 0 0 0 0 0 0 0 0 0 0 0 0 0 0 0 0 0 0 0 0 0 0 0 0 0 0 0 0 0 0 0 0 0 1 0 1 0 0 0 0 0 0 1 0 0 3 1 3 0 2 73 2 3 2 2 1 1 0 0 0 0 0 0 0 0 0 0 0 0 0 0 0 0 0 
2 0 1 0 0 1 0 0 0 0 0 0 0 0 0 0 0 0 0 0 0 0 0 0 0 0 0 0 0 0 0 0 0 0 0 0 0 0 0 0 0 0 0 0 0 0 0 0 0 0 0 0 0 0 0 0 0 0 1 0 0 0 1 0 0 0 0 2 0 0 1 0 5 2 0 1 1 73 1 4 2 1 0 1 0 0 0 0 0 0 0 0 0 0 0 0 0 0 0 0 
0 0 0 0 0 0 0 0 0 0 0 0 0 0 0 0 0 0 0 0 0 0 0 0 0 0 0 0 0 0 0 0 0 0 0 0 0 0 0 0 0 0 0 0 0 0 0 0 0 0 0 0 0 0 0 0 0 1 0 0 0 0 0 1 0 0 0 0 0 0 0 3 1 0 1 1 1 2 78 1 5 2 0 2 1 0 0 0 0 0 0 0 0 0 0 0 0 0 0 0 
0 1 0 0 1 0 0 0 0 0 0 0 0 0 0 0 0 0 0 0 0 0 0 0 0 0 0 0 0 0 0 0 0 0 0 0 0 0 0 0 0 0 0 0 0 0 0 0 0 0 0 0 0 0 0 0 1 0 0 0 0 0 0 0 0 2 1 1 0 0 0 0 0 1 0 1 1 2 0 79 1 2 4 0 1 0 0 1 0 0 0 0 0 0 0 0 0 0 0 0 
1 0 0 0 0 0 0 0 0 0 0 0 0 0 0 0 0 0 0 0 0 0 0 0 0 0 0 0 0 0 0 0 0 0 0 0 0 0 0 0 0 0 0 0 0 0 0 0 0 0 0 0 0 0 0 0 0 0 0 0 0 0 0 0 2 0 0 0 0 0 1 0 0 1 0 0 0 0 2 0 77 5 2 4 1 3 1 0 0 0 0 0 0 0 0 0 0 0 0 0 
0 0 0 1 0 0 0 0 0 0 0 0 0 0 0 0 0 0 0 0 0 0 0 0 0 0 0 0 0 0 0 0 0 0 0 0 0 0 0 0 0 0 0 0 0 0 0 0 0 0 0 0 0 0 0 0 0 0 0 0 0 1 0 0 0 0 1 0 0 0 0 0 0 0 1 1 2 0 2 2 5 79 2 0 0 2 1 0 0 0 0 0 0 0 0 0 0 0 0 0 
0 0 1 0 0 0 0 0 0 0 0 0 0 0 0 0 0 0 0 0 0 0 0 0 0 0 0 0 0 0 0 0 0 0 0 0 0 0 0 0 0 0 0 0 0 0 0 0 0 0 0 0 0 0 0 0 0 0 0 0 0 0 0 0 0 1 0 0 0 0 0 0 0 0 1 1 0 2 0 0 1 3 83 1 3 1 2 0 0 0 0 0 0 0 0 0 0 0 0 0 
0 1 0 0 0 0 0 0 0 0 0 0 0 0 0 0 0 0 0 0 0 0 0 0 0 0 0 0 0 0 0 0 0 0 0 0 0 0 0 0 0 0 0 0 0 0 0 0 0 0 0 0 0 0 0 0 0 0 0 0 1 0 0 0 1 0 0 0 0 0 0 0 0 0 1 0 1 0 0 1 0 1 2 89 1 0 0 1 0 0 0 0 0 0 0 0 0 0 0 0 
1 0 0 0 0 0 0 0 0 0 0 0 0 0 0 0 0 0 0 0 0 0 0 0 0 0 0 0 0 0 0 0 0 0 0 0 0 0 0 0 0 0 0 0 0 0 0 0 0 0 0 0 0 0 0 0 0 0 0 1 0 0 0 1 0 0 0 0 0 0 0 0 0 0 0 1 0 0 0 0 0 1 1 0 91 2 0 1 0 0 0 0 0 0 0 0 0 0 0 0 
0 0 0 0 0 0 0 0 0 0 0 0 0 0 0 0 0 0 0 0 0 0 0 0 0 0 0 0 0 0 0 0 0 0 0 0 0 0 0 0 0 0 0 0 0 0 0 0 0 0 0 0 0 0 0 0 0 0 1 0 0 0 1 0 0 0 0 0 0 0 0 0 0 0 0 0 0 0 0 0 1 1 1 1 1 91 1 1 0 0 0 0 0 0 0 0 0 0 0 0 
0 0 0 0 0 0 0 0 0 0 0 0 0 0 0 0 0 0 0 0 0 0 0 0 0 0 0 0 0 0 0 0 0 0 0 0 0 0 0 0 0 0 0 0 0 0 0 0 0 0 0 0 0 0 0 0 0 0 0 0 0 0 0 0 0 0 0 0 0 0 0 0 0 0 0 0 0 0 0 0 1 1 0 1 1 1 94 0 0 0 0 0 0 0 0 0 0 0 0 1 
0 0 0 0 0 0 0 0 0 0 0 0 0 0 0 0 0 0 0 0 0 0 0 0 0 0 0 0 0 0 0 0 0 0 0 0 0 0 0 0 0 0 0 0 0 0 0 0 0 0 0 0 0 0 0 0 0 0 0 0 0 0 0 0 0 0 0 0 0 0 0 0 0 0 0 0 0 0 0 1 0 0 2 1 0 0 1 95 0 0 0 0 0 0 0 0 0 0 0 0 
0 0 0 0 0 0 0 0 0 0 0 0 0 0 0 0 0 0 0 0 0 0 0 0 0 0 0 0 0 0 0 0 0 0 0 0 0 0 0 0 0 0 0 0 0 0 0 0 0 0 0 0 0 0 0 0 0 0 0 0 0 0 0 0 0 0 0 0 0 0 0 0 0 0 0 0 0 0 0 0 0 0 0 0 0 0 0 0 98 1 0 0 0 0 0 0 0 0 1 0 
0 0 0 0 0 0 0 0 0 0 0 0 0 0 0 0 0 0 0 0 0 0 0 0 0 0 0 0 0 0 0 0 0 0 0 0 0 0 0 0 0 0 0 0 0 0 0 0 0 0 0 0 0 0 0 0 0 0 0 0 0 0 0 0 0 0 0 0 0 0 0 0 0 0 0 0 0 0 0 0 0 0 0 0 0 0 0 0 1 96 2 0 0 0 0 0 0 1 0 0 
0 0 0 0 0 0 0 0 0 0 0 0 0 0 0 0 0 0 0 0 0 0 0 0 0 0 0 0 0 0 0 0 0 0 0 0 0 0 0 0 0 0 0 0 0 0 0 0 0 0 0 0 0 0 0 0 0 0 0 0 0 0 0 0 0 0 0 0 0 0 0 0 0 0 0 0 0 0 0 0 0 0 0 0 0 0 0 0 0 2 97 0 0 0 0 0 1 0 0 0 
0 0 0 0 0 0 0 0 0 0 0 0 0 0 0 0 0 0 0 0 0 0 0 0 0 0 0 0 0 0 0 0 0 0 0 0 0 0 0 0 0 0 0 0 0 0 0 0 0 0 0 0 0 0 0 0 0 0 0 0 0 0 0 0 0 0 0 0 0 0 0 0 0 0 0 0 0 0 0 0 0 0 0 0 0 0 0 1 0 0 0 98 1 0 0 0 0 0 0 0 
0 0 0 0 0 0 0 0 0 0 0 0 0 0 0 0 0 0 0 0 0 0 0 0 0 0 0 0 0 0 0 0 0 0 0 0 0 0 0 0 0 0 0 0 0 0 0 0 0 0 0 0 0 0 0 0 0 0 0 0 0 0 0 0 0 0 0 0 0 0 0 0 0 0 0 0 0 0 0 0 0 0 0 0 0 0 0 0 1 0 0 1 98 0 0 0 0 0 0 0 
0 0 0 0 0 0 0 0 0 0 0 0 0 0 0 0 0 0 0 0 0 0 0 0 0 0 0 0 0 0 0 0 0 0 0 0 0 0 0 0 0 0 0 0 0 0 0 0 0 0 0 0 0 0 0 0 0 0 0 0 0 0 0 0 0 0 0 0 0 0 0 0 0 0 0 0 0 0 0 0 0 0 0 0 0 0 0 0 0 1 0 0 0 97 0 0 0 0 0 2 
0 0 0 0 0 0 0 0 0 0 0 0 0 0 0 0 0 0 0 0 0 0 0 0 0 0 0 0 0 0 0 0 0 0 0 0 0 0 0 0 0 0 0 0 0 0 0 0 0 0 0 0 0 0 0 0 0 0 0 0 0 0 0 0 0 0 0 0 0 0 0 0 0 0 0 0 0 0 0 0 0 0 0 0 0 0 0 0 0 0 1 0 0 0 97 0 0 0 2 0 
0 0 0 0 0 0 0 0 0 0 0 0 0 0 0 0 0 0 0 0 0 0 0 0 0 0 0 0 0 0 0 0 0 0 0 0 0 0 0 0 0 0 0 0 0 0 0 0 0 0 0 0 0 0 0 0 0 0 0 0 0 0 0 0 0 0 0 0 0 0 0 0 0 0 0 0 0 0 0 0 0 0 0 0 0 0 0 0 0 0 0 0 0 0 0 98 0 2 0 0 
0 0 0 0 0 0 0 0 0 0 0 0 0 0 0 0 0 0 0 0 0 0 0 0 0 0 0 0 0 0 0 0 0 0 0 0 0 0 0 0 0 0 0 0 0 0 0 0 0 0 0 0 0 0 0 0 0 0 0 0 0 0 0 0 0 0 0 0 0 0 0 0 0 0 0 0 0 0 0 0 0 0 0 0 0 0 0 0 0 0 0 0 0 1 1 0 98 0 0 0 
0 0 0 0 0 0 0 0 0 0 0 0 0 0 0 0 0 0 0 0 0 0 0 0 0 0 0 0 0 0 0 0 0 0 0 0 0 0 0 0 0 0 0 0 0 0 0 0 0 0 0 0 0 0 0 0 0 0 0 0 0 0 0 0 0 0 0 0 0 0 0 0 0 0 0 0 0 0 0 0 0 0 0 0 0 0 0 0 0 0 0 1 0 1 0 0 1 97 0 0 
0 0 0 0 0 0 0 0 0 0 0 0 0 0 0 0 0 0 0 0 0 0 0 0 0 0 0 0 0 0 0 0 0 0 0 0 0 0 0 0 0 0 0 0 0 0 0 0 0 0 0 0 0 0 0 0 0 0 0 0 0 0 0 0 0 0 0 0 0 0 0 0 0 0 0 0 0 0 0 0 0 0 0 0 0 0 0 0 0 0 0 0 1 0 2 0 0 0 97 0 
0 0 0 0 0 0 0 0 0 0 0 0 0 0 0 0 0 0 0 0 0 0 0 0 0 0 0 0 0 0 0 0 0 0 0 0 0 0 0 0 0 0 0 0 0 0 0 0 0 0 0 0 0 0 0 0 0 0 0 0 0 0 0 0 0 0 0 0 0 0 0 0 0 0 0 0 0 0 0 0 0 0 0 0 0 0 0 0 0 0 0 0 0 1 0 2 0 0 0 97 

Pair-order violations matrix
0 24 25 30 24 22 24 22 18 21 21 23 23 22 24 23 16 26 18 26 28 21 24 18 19 23 14 20 18 13 20 21 21 24 21 21 19 15 14 14 13 11 10 6 9 6 8 5 5 8 7 1 3 4 3 4 4 4 1 2 3 1 3 3 3 3 1 1 2 4 3 3 3 3 3 5 4 4 0 2 1 1 1 1 1 0 0 0 0 0 0 0 0 0 0 0 0 0 0 0 
24 0 25 30 24 22 24 22 18 21 21 23 23 22 24 23 16 26 18 26 28 21 24 18 19 23 14 20 18 13 20 21 21 24 21 21 19 15 14 14 13 11 10 6 9 6 8 5 5 8 7 1 3 4 3 4 4 4 1 2 3 1 3 3 3 3 1 1 2 4 3 3 3 3 3 5 4 4 0 2 1 1 1 1 1 0 0 0 0 0 0 0 0 0 0 0 0 0 0 0 
25 25 0 30 23 22 24 22 18 21 21 23 23 22 24 23 16 26 18 26 28 21 24 18 19 23 14 20 18 13 20 21 21 24 21 21 19 15 14 14 13 11 10 6 9 6 8 5 5 8 7 1 3 4 3 4 4 4 1 2 3 1 3 3 3 3 1 1 2 4 3 3 3 3 3 5 4 4 0 2 1 1 1 1 1 0 0 0 0 0 0 0 0 0 0 0 0 0 0 0 
30 30 30 0 26 22 24 22 18 21 21 23 23 22 24 23 16 26 18 26 28 21 24 18 19 23 14 20 18 13 20 21 21 24 21 21 19 15 14 14 13 11 10 6 9 6 8 5 5 8 7 1 3 4 3 4 4 4 1 2 3 1 3 3 3 3 1 1 2 4 3 3 3 3 3 5 4 4 0 2 1 1 1 1 1 0 0 0 0 0 0 0 0 0 0 0 0 0 0 0 
24 24 23 26 0 22 24 22 18 21 21 23 23 22 24 23 16 26 18 26 28 21 24 18 19 23 14 20 18 13 20 21 21 24 21 21 19 15 14 14 13 11 10 6 9 6 8 5 5 8 7 1 3 4 3 4 4 4 1 2 3 1 3 3 3 3 1 1 2 4 3 3 3 3 3 5 4 4 0 2 1 1 1 1 1 0 0 0 0 0 0 0 0 0 0 0 0 0 0 0 
22 22 22 22 22 0 30 26 21 24 24 26 26 25 27 25 18 28 20 28 29 21 24 19 19 23 14 20 18 13 20 21 21 24 21 21 19 15 14 14 13 11 10 6 9 6 8 5 5 8 7 1 3 4 3 4 4 4 1 2 3 1 3 3 3 3 1 1 2 4 3 3 3 3 3 5 4 4 0 2 1 1 1 1 1 0 0 0 0 0 0 0 0 0 0 0 0 0 0 0 
24 24 24 24 24 30 0 25 21 24 24 26 26 25 27 25 18 28 20 28 29 21 24 19 19 23 14 20 18 13 20 21 21 24 21 21 19 15 14 14 13 11 10 6 9 6 8 5 5 8 7 1 3 4 3 4 4 4 1 2 3 1 3 3 3 3 1 1 2 4 3 3 3 3 3 5 4 4 0 2 1 1 1 1 1 0 0 0 0 0 0 0 0 0 0 0 0 0 0 0 
22 22 22 22 22 26 25 0 20 23 23 25 25 24 26 25 18 28 20 28 29 21 24 19 19 23 14 20 18 13 20 21 21 24 21 21 19 15 14 14 13 11 10 6 9 6 8 5 5 8 7 1 3 4 3 4 4 4 1 2 3 1 3 3 3 3 1 1 2 4 3 3 3 3 3 5 4 4 0 2 1 1 1 1 1 0 0 0 0 0 0 0 0 0 0 0 0 0 0 0 
18 18 18 18 18 21 21 20 0 27 24 27 27 26 28 26 19 29 20 28 29 21 24 19 19 23 14 20 18 13 20 21 21 24 21 21 19 15 14 14 13 11 10 6 9 6 8 5 5 8 7 1 3 4 3 4 4 4 1 2 3 1 3 3 3 3 1 1 2 4 3 3 3 3 3 5 4 4 0 2 1 1 1 1 1 0 0 0 0 0 0 0 0 0 0 0 0 0 0 0 
21 21 21 21 21 24 24 23 27 0 25 28 28 27 29 27 20 29 20 28 29 21 24 19 19 23 14 20 18 13 20 21 21 24 21 21 19 15 14 14 13 11 10 6 9 6 8 5 5 8 7 1 3 4 3 4 4 4 1 2 3 1 3 3 3 3 1 1 2 4 3 3 3 3 3 5 4 4 0 2 1 1 1 1 1 0 0 0 0 0 0 0 0 0 0 0 0 0 0 0 
21 21 21 21 21 24 24 23 24 25 0 28 28 28 29 27 21 30 20 29 30 21 24 19 19 23 14 20 18 13 20 21 21 24 21 21 19 15 14 14 13 11 10 6 9 6 8 5 5 8 7 1 3 4 3 4 4 4 1 2 3 1 3 3 3 3 1 1 2 4 3 3 3 3 3 5 4 4 0 2 1 1 1 1 1 0 0 0 0 0 0 0 0 0 0 0 0 0 0 0 
23 23 23 23 23 26 26 25 27 28 28 0 29 29 29 27 20 29 18 27 29 21 24 19 20 23 14 20 18 13 20 21 21 24 21 21 19 15 14 14 13 11 10 6 9 6 8 5 5 8 7 1 3 4 3 4 4 4 1 2 3 1 3 3 3 3 1 1 2 4 3 3 3 3 3 5 4 4 0 2 1 1 1 1 1 0 0 0 0 0 0 0 0 0 0 0 0 0 0 0 
23 23 23 23 23 26 26 25 27 28 28 29 0 33 30 28 21 30 19 28 29 22 25 19 20 24 15 21 18 14 21 21 21 24 22 22 20 16 15 14 13 11 10 6 9 6 8 5 5 8 7 1 3 4 3 4 4 4 1 2 3 1 3 3 3 3 1 1 2 4 3 3 3 3 3 5 4 4 0 2 1 1 1 1 1 0 0 0 0 0 0 0 0 0 0 0 0 0 0 0 
22 22 22 22 22 25 25 24 26 27 28 29 33 0 30 29 22 31 21 29 29 22 25 19 20 24 15 21 18 14 21 21 21 24 22 22 20 16 15 14 13 11 10 6 9 6 8 5 5 8 7 1 3 4 3 4 4 4 1 2 3 1 3 3 3 3 1 1 2 4 3 3 3 3 3 5 4 4 0 2 1 1 1 1 1 0 0 0 0 0 0 0 0 0 0 0 0 0 0 0 
24 24 24 24 24 27 27 26 28 29 29 29 30 30 0 30 22 32 21 29 29 22 25 20 21 24 15 21 18 14 21 21 21 24 22 22 20 16 15 14 13 11 10 6 9 6 8 5 5 8 7 1 3 4 3 4 4 4 1 2 3 1 3 3 3 3 1 1 2 4 3 3 3 3 3 5 4 4 0 2 1 1 1 1 1 0 0 0 0 0 0 0 0 0 0 0 0 0 0 0 
23 23 23 23 23 25 25 25 26 27 27 27 28 29 30 0 24 33 21 29 29 22 25 20 21 24 15 21 18 14 21 21 21 24 22 22 20 16 15 14 13 11 10 6 9 6 8 5 5 8 7 1 3 4 3 4 4 4 1 2 3 1 3 3 3 3 1 1 2 4 3 3 3 3 3 5 4 4 0 2 1 1 1 1 1 0 0 0 0 0 0 0 0 0 0 0 0 0 0 0 
16 16 16 16 16 18 18 18 19 20 21 20 21 22 22 24 0 31 22 29 28 22 25 19 19 23 15 21 18 14 21 21 21 24 22 22 20 16 15 14 13 11 10 6 9 6 8 5 5 8 7 1 3 4 3 4 4 4 1 2 3 1 3 3 3 3 1 1 2 4 3 3 3 3 3 5 4 4 0 2 1 1 1 1 1 0 0 0 0 0 0 0 0 0 0 0 0 0 0 0 
26 26 26 26 26 28 28 28 29 29 30 29 30 31 32 33 31 0 22 29 29 23 25 21 21 25 15 21 18 14 21 21 21 24 22 22 20 16 15 14 13 11 10 6 9 6 8 5 5 8 7 1 3 4 3 4 4 4 1 2 3 1 3 3 3 3 1 1 2 4 3 3 3 3 3 5 4 4 0 2 1 1 1 1 1 0 0 0 0 0 0 0 0 0 0 0 0 0 0 0 
18 18 18 18 18 20 20 20 20 20 20 18 19 21 21 21 22 22 0 27 28 23 25 21 20 24 15 21 18 14 21 21 21 24 22 22 20 16 15 14 13 11 10 6 9 6 8 5 5 8 7 1 3 4 3 4 4 4 1 2 3 1 3 3 3 3 1 1 2 4 3 3 3 3 3 5 4 4 0 2 1 1 1 1 1 0 0 0 0 0 0 0 0 0 0 0 0 0 0 0 
26 26 26 26 26 28 28 28 28 28 29 27 28 29 29 29 29 29 27 0 30 23 24 21 20 25 15 21 18 14 21 21 21 24 22 22 20 16 15 14 13 11 10 6 9 6 8 5 5 8 7 1 3 4 3 4 4 4 1 2 3 1 3 3 3 3 1 1 2 4 3 3 3 3 3 5 4 4 0 2 1 1 1 1 1 0 0 0 0 0 0 0 0 0 0 0 0 0 0 0 
28 28 28 28 28 29 29 29 29 29 30 29 29 29 29 29 28 29 28 30 0 23 25 22 20 24 15 21 18 14 21 21 21 24 22 22 20 16 15 14 13 11 10 6 9 6 8 5 5 8 7 1 3 4 3 4 4 4 1 2 3 1 3 3 3 3 1 1 2 4 3 3 3 3 3 5 4 4 0 2 1 1 1 1 1 0 0 0 0 0 0 0 0 0 0 0 0 0 0 0 
21 21 21 21 21 21 21 21 21 21 21 21 22 22 22 22 22 23 23 23 23 0 29 22 20 25 16 21 19 15 22 21 22 24 23 23 21 16 15 14 13 12 10 6 9 6 8 5 5 8 7 1 3 4 3 4 4 4 1 2 3 1 3 3 3 3 1 1 2 4 3 3 3 3 3 5 4 4 0 2 1 1 1 1 1 0 0 0 0 0 0 0 0 0 0 0 0 0 0 0 
24 24 24 24 24 24 24 24 24 24 24 24 25 25 25 25 25 25 25 24 25 29 0 22 21 24 17 23 20 16 23 22 23 25 24 23 21 16 15 14 13 12 10 6 9 6 8 5 5 8 7 1 3 4 3 4 4 4 1 2 3 1 3 3 3 3 1 1 2 4 3 3 3 3 3 5 4 4 0 2 1 1 1 1 1 0 0 0 0 0 0 0 0 0 0 0 0 0 0 0 
18 18 18 18 18 19 19 19 19 19 19 19 19 19 20 20 19 21 21 21 22 22 22 0 22 26 17 23 21 17 24 23 24 26 25 24 22 17 16 15 14 13 11 7 9 7 9 5 5 8 7 1 3 4 3 4 4 4 1 2 3 1 3 3 3 3 1 1 2 4 3 3 3 3 3 5 4 4 0 2 1 1 1 1 1 0 0 0 0 0 0 0 0 0 0 0 0 0 0 0 
19 19 19 19 19 19 19 19 19 19 19 20 20 20 21 21 19 21 20 20 20 20 21 22 0 29 17 21 22 18 24 24 24 25 24 23 21 17 16 15 14 13 11 7 9 7 9 5 5 8 7 1 3 4 3 4 4 4 1 2 3 1 3 3 3 3 1 1 2 4 3 3 3 3 3 5 4 4 0 2 1 1 1 1 1 0 0 0 0 0 0 0 0 0 0 0 0 0 0 0 
23 23 23 23 23 23 23 23 23 23 23 23 24 24 24 24 23 25 24 25 24 25 24 26 29 0 21 24 23 19 24 26 25 25 25 23 21 17 15 15 14 14 11 6 9 6 8 5 5 8 7 1 3 4 3 4 4 4 1 2 3 1 3 3 3 3 1 1 2 4 3 3 3 3 3 5 4 4 0 2 1 1 1 1 1 0 0 0 0 0 0 0 0 0 0 0 0 0 0 0 
14 14 14 14 14 14 14 14 14 14 14 14 15 15 15 15 15 15 15 15 15 16 17 17 17 21 0 27 23 20 24 27 27 28 29 26 24 20 18 16 15 15 12 7 9 7 9 5 5 8 7 1 3 4 3 4 4 4 1 2 3 1 3 3 3 3 1 1 2 4 3 3 3 3 3 5 4 4 0 2 1 1 1 1 1 0 0 0 0 0 0 0 0 0 0 0 0 0 0 0 
20 20 20 20 20 20 20 20 20 20 20 20 21 21 21 21 21 21 21 21 21 21 23 23 21 24 27 0 25 20 25 29 26 28 27 24 22 18 17 16 15 14 12 7 9 7 9 5 5 8 7 1 3 4 3 4 4 4 1 2 3 1 3 3 3 3 1 1 2 4 3 3 3 3 3 5 4 4 0 2 1 1 1 1 1 0 0 0 0 0 0 0 0 0 0 0 0 0 0 0 
18 18 18 18 18 18 18 18 18 18 18 18 18 18 18 18 18 18 18 18 18 19 20 21 22 23 23 25 0 24 31 32 28 33 31 27 25 20 19 17 16 15 12 7 9 7 9 5 5 8 7 1 3 4 3 4 4 4 1 2 3 1 3 3 3 3 1 1 2 4 3 3 3 3 3 5 4 4 0 2 1 1 1 1 1 0 0 0 0 0 0 0 0 0 0 0 0 0 0 0 
13 13 13 13 13 13 13 13 13 13 13 13 14 14 14 14 14 14 14 14 14 15 16 17 18 19 20 20 24 0 31 30 29 31 32 29 25 22 18 16 14 14 10 6 9 6 8 5 5 8 7 1 3 4 3 4 4 4 1 2 3 1 3 3 3 3 1 1 2 4 3 3 3 3 3 5 4 4 0 2 1 1 1 1 1 0 0 0 0 0 0 0 0 0 0 0 0 0 0 0 
20 20 20 20 20 20 20 20 20 20 20 20 21 21 21 21 21 21 21 21 21 22 23 24 24 24 24 25 31 31 0 29 34 33 35 32 28 23 19 18 15 17 14 7 9 7 9 5 5 8 7 1 3 4 3 4 4 4 1 2 3 1 3 3 3 3 1 1 2 4 3 3 3 3 3 5 4 4 0 2 1 1 1 1 1 0 0 0 0 0 0 0 0 0 0 0 0 0 0 0 
21 21 21 21 21 21 21 21 21 21 21 21 21 21 21 21 21 21 21 21 21 21 22 23 24 26 27 29 32 30 29 0 35 34 36 33 30 24 19 18 15 16 13 6 8 7 9 5 5 8 7 1 3 4 3 4 4 4 1 2 3 1 3 3 3 3 1 1 2 4 3 3 3 3 3 5 4 4 0 2 1 1 1 1 1 0 0 0 0 0 0 0 0 0 0 0 0 0 0 0 
21 21 21 21 21 21 21 21 21 21 21 21 21 21 21 21 21 21 21 21 21 22 23 24 24 25 27 26 28 29 34 35 0 34 36 32 27 24 20 16 14 15 12 5 8 6 8 5 5 8 7 1 3 4 3 4 4 4 1 2 3 1 3 3 3 3 1 1 2 4 3 3 3 3 3 5 4 4 0 2 1 1 1 1 1 0 0 0 0 0 0 0 0 0 0 0 0 0 0 0 
24 24 24 24 24 24 24 24 24 24 24 24 24 24 24 24 24 24 24 24 24 24 25 26 25 25 28 28 33 31 33 34 34 0 39 34 30 27 22 19 17 18 14 7 8 7 9 5 5 8 7 1 3 4 3 4 4 4 1 2 3 1 3 3 3 3 1 1 2 4 3 3 3 3 3 5 4 4 0 2 1 1 1 1 1 0 0 0 0 0 0 0 0 0 0 0 0 0 0 0 
21 21 21 21 21 21 21 21 21 21 21 21 22 22 22 22 22 22 22 22 22 23 24 25 24 25 29 27 31 32 35 36 36 39 0 33 30 25 22 20 19 17 14 8 9 8 10 6 5 8 7 2 4 4 3 5 5 4 1 2 3 1 3 3 3 3 1 1 2 4 3 3 3 3 3 5 4 4 0 2 1 1 1 1 1 0 0 0 0 0 0 0 0 0 0 0 0 0 0 0 
21 21 21 21 21 21 21 21 21 21 21 21 22 22 22 22 22 22 22 22 22 23 23 24 23 23 26 24 27 29 32 33 32 34 33 0 30 24 21 19 18 16 13 8 9 7 9 6 5 8 7 2 4 4 3 5 5 4 1 2 3 1 3 3 3 3 1 1 2 4 3 3 3 3 3 5 4 4 0 2 1 1 1 1 1 0 0 0 0 0 0 0 0 0 0 0 0 0 0 0 
19 19 19 19 19 19 19 19 19 19 19 19 20 20 20 20 20 20 20 20 20 21 21 22 21 21 24 22 25 25 28 30 27 30 30 30 0 28 23 21 20 18 14 9 9 7 9 6 5 8 7 2 4 4 3 5 5 4 1 2 3 1 3 3 3 3 1 1 2 4 3 3 3 3 3 5 4 4 0 2 1 1 1 1 1 0 0 0 0 0 0 0 0 0 0 0 0 0 0 0 
15 15 15 15 15 15 15 15 15 15 15 15 16 16 16 16 16 16 16 16 16 16 16 17 17 17 20 18 20 22 23 24 24 27 25 24 28 0 27 22 21 18 16 10 11 9 12 7 6 9 8 3 4 4 3 5 5 4 1 2 3 1 3 3 3 3 1 1 2 4 3 3 3 3 3 5 4 4 0 2 1 1 1 1 1 0 0 0 0 0 0 0 0 0 0 0 0 0 0 0 
14 14 14 14 14 14 14 14 14 14 14 14 15 15 15 15 15 15 15 15 15 15 15 16 16 15 18 17 19 18 19 19 20 22 22 21 23 27 0 23 20 20 18 9 10 9 11 6 6 9 8 3 4 4 3 5 5 4 1 2 3 1 3 3 3 3 1 1 2 4 3 3 3 3 3 5 4 4 0 2 1 1 1 1 1 0 0 0 0 0 0 0 0 0 0 0 0 0 0 0 
14 14 14 14 14 14 14 14 14 14 14 14 14 14 14 14 14 14 14 14 14 14 14 15 15 15 16 16 17 16 18 18 16 19 20 19 21 22 23 0 21 20 17 11 12 11 12 7 7 10 9 4 6 5 4 6 6 5 2 3 4 1 3 3 3 3 1 1 2 4 3 3 3 3 3 5 4 4 0 2 1 1 1 1 1 0 0 0 0 0 0 0 0 0 0 0 0 0 0 0 
13 13 13 13 13 13 13 13 13 13 13 13 13 13 13 13 13 13 13 13 13 13 13 14 14 14 15 15 16 14 15 15 14 17 19 18 20 21 20 21 0 20 18 9 12 11 12 7 7 10 9 4 5 5 3 5 5 4 1 2 3 1 3 3 3 3 1 1 2 4 3 3 3 3 3 5 4 4 0 2 1 1 1 1 1 0 0 0 0 0 0 0 0 0 0 0 0 0 0 0 
11 11 11 11 11 11 11 11 11 11 11 11 11 11 11 11 11 11 11 11 11 12 12 13 13 14 15 14 15 14 17 16 15 18 17 16 18 18 20 20 20 0 15 9 11 10 11 5 7 10 9 3 5 5 4 5 5 5 2 3 4 1 3 3 3 3 1 1 2 4 3 3 3 3 3 5 4 4 0 2 1 1 1 1 1 0 0 0 0 0 0 0 0 0 0 0 0 0 0 0 
10 10 10 10 10 10 10 10 10 10 10 10 10 10 10 10 10 10 10 10 10 10 10 11 11 11 12 12 12 10 14 13 12 14 14 13 14 16 18 17 18 15 0 15 15 14 15 8 8 11 10 6 7 6 5 6 6 5 2 3 4 1 3 3 3 3 1 1 2 4 3 3 3 3 3 5 4 4 0 2 1 1 1 1 1 0 0 0 0 0 0 0 0 0 0 0 0 0 0 0 
6 6 6 6 6 6 6 6 6 6 6 6 6 6 6 6 6 6 6 6 6 6 6 7 7 6 7 7 7 6 7 6 5 7 8 8 9 10 9 11 9 9 15 0 17 14 14 8 8 11 10 5 6 6 5 5 5 5 2 3 4 1 3 3 3 3 1 1 2 4 3 3 3 3 3 5 4 4 0 2 1 1 1 1 1 0 0 0 0 0 0 0 0 0 0 0 0 0 0 0 
9 9 9 9 9 9 9 9 9 9 9 9 9 9 9 9 9 9 9 9 9 9 9 9 9 9 9 9 9 9 9 8 8 8 9 9 9 11 10 12 12 11 15 17 0 13 14 8 7 10 9 4 6 6 4 6 6 5 2 3 4 1 3 3 3 3 1 1 2 4 3 3 3 3 3 5 4 4 0 2 1 1 1 1 1 0 0 0 0 0 0 0 0 0 0 0 0 0 0 0 
6 6 6 6 6 6 6 6 6 6 6 6 6 6 6 6 6 6 6 6 6 6 6 7 7 6 7 7 7 6 7 7 6 7 8 7 7 9 9 11 11 10 14 14 13 0 19 11 9 12 11 8 7 6 4 6 5 4 1 2 3 1 3 3 3 3 1 1 2 4 3 3 3 3 3 5 4 4 0 2 1 1 1 1 1 0 0 0 0 0 0 0 0 0 0 0 0 0 0 0 
8 8 8 8 8 8 8 8 8 8 8 8 8 8 8 8 8 8 8 8 8 8 8 9 9 8 9 9 9 8 9 9 8 9 10 9 9 12 11 12 12 11 15 14 14 19 0 12 9 13 12 6 6 7 5 6 5 5 2 3 4 1 3 3 3 3 1 1 2 4 3 3 3 3 3 5 4 4 0 2 1 1 1 1 1 0 0 0 0 0 0 0 0 0 0 0 0 0 0 0 
5 5 5 5 5 5 5 5 5 5 5 5 5 5 5 5 5 5 5 5 5 5 5 5 5 5 5 5 5 5 5 5 5 5 6 6 6 7 6 7 7 5 8 8 8 11 12 0 13 16 15 11 9 9 7 7 7 6 3 3 4 1 3 4 3 4 1 1 2 4 3 3 3 3 3 5 4 4 0 2 1 1 1 1 1 0 0 0 0 0 0 0 0 0 0 0 0 0 0 0 
5 5 5 5 5 5 5 5 5 5 5 5 5 5 5 5 5 5 5 5 5 5 5 5 5 5 5 5 5 5 5 5 5 5 5 5 5 6 6 7 7 7 8 8 7 9 9 13 0 15 13 8 7 8 6 7 6 5 2 3 4 1 3 3 3 3 1 1 2 4 3 3 3 3 3 5 4 4 0 2 1 1 1 1 1 0 0 0 0 0 0 0 0 0 0 0 0 0 0 0 
8 8 8 8 8 8 8 8 8 8 8 8 8 8 8 8 8 8 8 8 8 8 8 8 8 8 8 8 8 8 8 8 8 8 8 8 8 9 9 10 10 10 11 11 10 12 13 16 15 0 14 8 7 7 6 7 6 5 2 3 4 1 3 3 3 3 1 1 2 4 3 3 3 3 3 5 4 4 0 2 1 1 1 1 1 0 0 0 0 0 0 0 0 0 0 0 0 0 0 0 
7 7 7 7 7 7 7 7 7 7 7 7 7 7 7 7 7 7 7 7 7 7 7 7 7 7 7 7 7 7 7 7 7 7 7 7 7 8 8 9 9 9 10 10 9 11 12 15 13 14 0 8 6 6 5 6 6 5 2 3 4 1 3 3 3 3 1 1 2 4 3 3 3 3 3 5 4 4 0 2 1 1 1 1 1 0 0 0 0 0 0 0 0 0 0 0 0 0 0 0 
1 1 1 1 1 1 1 1 1 1 1 1 1 1 1 1 1 1 1 1 1 1 1 1 1 1 1 1 1 1 1 1 1 1 2 2 2 3 3 4 4 3 6 5 4 8 6 11 8 8 8 0 7 8 5 8 7 6 2 3 4 1 3 3 3 3 1 1 2 4 3 3 3 3 3 5 4 4 0 2 1 1 1 1 1 0 0 0 0 0 0 0 0 0 0 0 0 0 0 0 
3 3 3 3 3 3 3 3 3 3 3 3 3 3 3 3 3 3 3 3 3 3 3 3 3 3 3 3 3 3 3 3 3 3 4 4 4 4 4 6 5 5 7 6 6 7 6 9 7 7 6 7 0 9 5 8 8 7 2 2 3 1 3 4 3 4 1 1 2 4 3 3 3 3 3 5 4 4 0 2 1 1 1 1 1 0 0 0 0 0 0 0 0 0 0 0 0 0 0 0 
4 4 4 4 4 4 4 4 4 4 4 4 4 4 4 4 4 4 4 4 4 4 4 4 4 4 4 4 4 4 4 4 4 4 4 4 4 4 4 5 5 5 6 6 6 6 7 9 8 7 6 8 9 0 10 9 12 11 5 5 6 3 4 4 3 5 2 2 3 5 3 3 3 3 3 5 4 4 0 2 1 1 1 1 1 0 0 0 0 0 0 0 0 0 0 0 0 0 0 0 
3 3 3 3 3 3 3 3 3 3 3 3 3 3 3 3 3 3 3 3 3 3 3 3 3 3 3 3 3 3 3 3 3 3 3 3 3 3 3 4 3 4 5 5 4 4 5 7 6 6 5 5 5 10 0 9 10 9 3 4 5 2 4 3 3 4 2 2 3 5 3 3 3 3 3 5 4 4 0 2 1 1 1 1 1 0 0 0 0 0 0 0 0 0 0 0 0 0 0 0 
4 4 4 4 4 4 4 4 4 4 4 4 4 4 4 4 4 4 4 4 4 4 4 4 4 4 4 4 4 4 4 4 4 4 5 5 5 5 5 6 5 5 6 5 6 6 6 7 7 7 6 8 8 9 9 0 13 12 6 5 6 4 4 4 3 6 3 3 3 5 3 4 3 3 3 5 4 4 0 2 1 1 1 1 1 0 0 0 0 0 0 0 0 0 0 0 0 0 0 0 
4 4 4 4 4 4 4 4 4 4 4 4 4 4 4 4 4 4 4 4 4 4 4 4 4 4 4 4 4 4 4 4 4 4 5 5 5 5 5 6 5 5 6 5 6 5 5 7 6 6 6 7 8 12 10 13 0 12 6 7 8 5 5 4 4 6 5 3 6 7 4 4 5 5 4 6 5 5 1 3 1 1 1 1 1 0 0 0 0 0 0 0 0 0 0 0 0 0 0 0 
4 4 4 4 4 4 4 4 4 4 4 4 4 4 4 4 4 4 4 4 4 4 4 4 4 4 4 4 4 4 4 4 4 4 4 4 4 4 4 5 4 5 5 5 5 4 5 6 5 5 5 6 7 11 9 12 12 0 10 11 12 8 9 6 5 8 7 5 8 8 5 4 7 7 5 7 6 6 1 4 1 1 1 1 1 0 0 0 0 0 0 0 0 0 0 0 0 0 0 0 
1 1 1 1 1 1 1 1 1 1 1 1 1 1 1 1 1 1 1 1 1 1 1 1 1 1 1 1 1 1 1 1 1 1 1 1 1 1 1 2 1 2 2 2 2 1 2 3 2 2 2 2 2 5 3 6 6 10 0 14 18 15 13 12 10 13 11 7 9 9 7 7 8 9 8 8 7 7 2 5 2 2 1 2 2 1 0 0 0 0 0 0 0 0 0 0 0 0 0 0 
2 2 2 2 2 2 2 2 2 2 2 2 2 2 2 2 2 2 2 2 2 2 2 2 2 2 2 2 2 2 2 2 2 2 2 2 2 2 2 3 2 3 3 3 3 2 3 3 3 3 3 3 2 5 4 5 7 11 14 0 22 17 16 15 11 15 13 11 12 11 7 7 7 8 8 8 7 7 2 5 2 2 1 2 2 1 0 0 0 0 0 0 0 0 0 0 0 0 0 0 
3 3 3 3 3 3 3 3 3 3 3 3 3 3 3 3 3 3 3 3 3 3 3 3 3 3 3 3 3 3 3 3 3 3 3 3 3 3 3 4 3 4 4 4 4 3 4 4 4 4 4 4 3 6 5 6 8 12 18 22 0 19 15 14 10 15 14 10 11 11 9 8 7 8 7 7 6 6 2 4 2 2 1 2 2 1 0 0 0 0 0 0 0 0 0 0 0 0 0 0 
1 1 1 1 1 1 1 1 1 1 1 1 1 1 1 1 1 1 1 1 1 1 1 1 1 1 1 1 1 1 1 1 1 1 1 1 1 1 1 1 1 1 1 1 1 1 1 1 1 1 1 1 1 3 2 4 5 8 15 17 19 0 17 12 12 18 13 9 12 12 8 8 8 9 8 8 7 7 2 5 2 2 1 2 2 1 0 0 0 0 0 0 0 0 0 0 0 0 0 0 
3 3 3 3 3 3 3 3 3 3 3 3 3 3 3 3 3 3 3 3 3 3 3 3 3 3 3 3 3 3 3 3 3 3 3 3 3 3 3 3 3 3 3 3 3 3 3 3 3 3 3 3 3 4 4 4 5 9 13 16 15 17 0 18 17 23 19 15 17 13 11 11 10 12 11 11 7 8 3 6 3 4 3 3 3 2 0 0 0 0 0 0 0 0 0 0 0 0 0 0 
3 3 3 3 3 3 3 3 3 3 3 3 3 3 3 3 3 3 3 3 3 3 3 3 3 3 3 3 3 3 3 3 3 3 3 3 3 3 3 3 3 3 3 3 3 3 3 4 3 3 3 3 4 4 3 4 4 6 12 15 14 12 18 0 21 26 22 15 19 15 13 14 10 13 10 10 6 7 2 6 3 3 2 3 3 2 0 0 0 0 0 0 0 0 0 0 0 0 0 0 
3 3 3 3 3 3 3 3 3 3 3 3 3 3 3 3 3 3 3 3 3 3 3 3 3 3 3 3 3 3 3 3 3 3 3 3 3 3 3 3 3 3 3 3 3 3 3 3 3 3 3 3 3 3 3 3 4 5 10 11 10 12 17 21 0 29 25 17 21 16 13 14 10 13 10 10 6 7 2 6 3 3 2 3 3 2 0 0 0 0 0 0 0 0 0 0 0 0 0 0 
3 3 3 3 3 3 3 3 3 3 3 3 3 3 3 3 3 3 3 3 3 3 3 3 3 3 3 3 3 3 3 3 3 3 3 3 3 3 3 3 3 3 3 3 3 3 3 4 3 3 3 3 4 5 4 6 6 8 13 15 15 18 23 26 29 0 26 18 21 17 14 15 11 14 11 11 7 8 3 7 4 4 3 3 3 2 0 0 0 0 0 0 0 0 0 0 0 0 0 0 
1 1 1 1 1 1 1 1 1 1 1 1 1 1 1 1 1 1 1 1 1 1 1 1 1 1 1 1 1 1 1 1 1 1 1 1 1 1 1 1 1 1 1 1 1 1 1 1 1 1 1 1 1 2 2 3 5 7 11 13 14 13 19 22 25 26 0 17 21 16 13 16 12 15 11 12 7 8 3 7 4 4 3 3 3 2 0 0 0 0 0 0 0 0 0 0 0 0 0 0 
1 1 1 1 1 1 1 1 1 1 1 1 1 1 1 1 1 1 1 1 1 1 1 1 1 1 1 1 1 1 1 1 1 1 1 1 1 1 1 1 1 1 1 1 1 1 1 1 1 1 1 1 1 2 2 3 3 5 7 11 10 9 15 15 17 18 17 0 21 15 12 15 11 13 9 10 7 8 3 7 4 4 3 3 3 2 0 0 0 0 0 0 0 0 0 0 0 0 0 0 
2 2 2 2 2 2 2 2 2 2 2 2 2 2 2 2 2 2 2 2 2 2 2 2 2 2 2 2 2 2 2 2 2 2 2 2 2 2 2 2 2 2 2 2 2 2 2 2 2 2 2 2 2 3 3 3 6 8 9 12 11 12 17 19 21 21 21 21 0 17 12 12 9 10 9 9 7 7 3 6 3 4 3 3 3 2 0 0 0 0 0 0 0 0 0 0 0 0 0 0 
4 4 4 4 4 4 4 4 4 4 4 4 4 4 4 4 4 4 4 4 4 4 4 4 4 4 4 4 4 4 4 4 4 4 4 4 4 4 4 4 4 4 4 4 4 4 4 4 4 4 4 4 4 5 5 5 7 8 9 11 11 12 13 15 16 17 16 15 17 0 17 17 13 14 10 10 6 7 2 6 3 3 2 3 3 2 0 0 0 0 0 0 0 0 0 0 0 0 0 0 
3 3 3 3 3 3 3 3 3 3 3 3 3 3 3 3 3 3 3 3 3 3 3 3 3 3 3 3 3 3 3 3 3 3 3 3 3 3 3 3 3 3 3 3 3 3 3 3 3 3 3 3 3 3 3 3 4 5 7 7 9 8 11 13 13 14 13 12 12 17 0 21 17 19 17 17 10 12 5 7 4 3 2 3 3 2 0 0 0 0 0 0 0 0 0 0 0 0 0 0 
3 3 3 3 3 3 3 3 3 3 3 3 3 3 3 3 3 3 3 3 3 3 3 3 3 3 3 3 3 3 3 3 3 3 3 3 3 3 3 3 3 3 3 3 3 3 3 3 3 3 3 3 3 3 3 4 4 4 7 7 8 8 11 14 14 15 16 15 12 17 21 0 15 17 14 15 11 11 5 7 4 3 2 3 3 2 0 0 0 0 0 0 0 0 0 0 0 0 0 0 
3 3 3 3 3 3 3 3 3 3 3 3 3 3 3 3 3 3 3 3 3 3 3 3 3 3 3 3 3 3 3 3 3 3 3 3 3 3 3 3 3 3 3 3 3 3 3 3 3 3 3 3 3 3 3 3 5 7 8 7 7 8 10 10 10 11 12 11 9 13 17 15 0 22 17 18 13 15 7 8 4 4 3 3 3 2 0 0 0 0 0 0 0 0 0 0 0 0 0 0 
3 3 3 3 3 3 3 3 3 3 3 3 3 3 3 3 3 3 3 3 3 3 3 3 3 3 3 3 3 3 3 3 3 3 3 3 3 3 3 3 3 3 3 3 3 3 3 3 3 3 3 3 3 3 3 3 5 7 9 8 8 9 12 13 13 14 15 13 10 14 19 17 22 0 17 15 12 13 6 7 3 4 2 3 3 2 0 0 0 0 0 0 0 0 0 0 0 0 0 0 
3 3 3 3 3 3 3 3 3 3 3 3 3 3 3 3 3 3 3 3 3 3 3 3 3 3 3 3 3 3 3 3 3 3 3 3 3 3 3 3 3 3 3 3 3 3 3 3 3 3 3 3 3 3 3 3 4 5 8 8 7 8 11 10 10 11 11 9 9 10 17 14 17 17 0 18 12 14 7 8 3 6 3 4 4 2 0 0 0 0 0 0 0 0 0 0 0 0 0 0 
5 5 5 5 5 5 5 5 5 5 5 5 5 5 5 5 5 5 5 5 5 5 5 5 5 5 5 5 5 5 5 5 5 5 5 5 5 5 5 5 5 5 5 5 5 5 5 5 5 5 5 5 5 5 5 5 6 7 8 8 7 8 11 10 10 11 12 10 9 10 17 15 18 15 18 0 13 14 7 9 3 6 3 4 4 2 0 0 0 0 0 0 0 0 0 0 0 0 0 0 
4 4 4 4 4 4 4 4 4 4 4 4 4 4 4 4 4 4 4 4 4 4 4 4 4 4 4 4 4 4 4 4 4 4 4 4 4 4 4 4 4 4 4 4 4 4 4 4 4 4 4 4 4 4 4 4 5 6 7 7 6 7 7 6 6 7 7 7 7 6 10 11 13 12 12 13 0 15 7 9 3 7 4 5 4 2 0 0 0 0 0 0 0 0 0 0 0 0 0 0 
4 4 4 4 4 4 4 4 4 4 4 4 4 4 4 4 4 4 4 4 4 4 4 4 4 4 4 4 4 4 4 4 4 4 4 4 4 4 4 4 4 4 4 4 4 4 4 4 4 4 4 4 4 4 4 4 5 6 7 7 6 7 8 7 7 8 8 8 7 7 12 11 15 13 14 14 15 0 8 9 4 7 4 5 4 2 0 0 0 0 0 0 0 0 0 0 0 0 0 0 
0 0 0 0 0 0 0 0 0 0 0 0 0 0 0 0 0 0 0 0 0 0 0 0 0 0 0 0 0 0 0 0 0 0 0 0 0 0 0 0 0 0 0 0 0 0 0 0 0 0 0 0 0 0 0 0 1 1 2 2 2 2 3 2 2 3 3 3 3 2 5 5 7 6 7 7 7 8 0 12 6 8 5 5 4 2 0 0 0 0 0 0 0 0 0 0 0 0 0 0 
2 2 2 2 2 2 2 2 2 2 2 2 2 2 2 2 2 2 2 2 2 2 2 2 2 2 2 2 2 2 2 2 2 2 2 2 2 2 2 2 2 2 2 2 2 2 2 2 2 2 2 2 2 2 2 2 3 4 5 5 4 5 6 6 6 7 7 7 6 6 7 7 8 7 8 9 9 9 12 0 10 12 9 7 5 4 1 1 0 0 0 0 0 0 0 0 0 0 0 0 
1 1 1 1 1 1 1 1 1 1 1 1 1 1 1 1 1 1 1 1 1 1 1 1 1 1 1 1 1 1 1 1 1 1 1 1 1 1 1 1 1 1 1 1 1 1 1 1 1 1 1 1 1 1 1 1 1 1 2 2 2 2 3 3 3 4 4 4 3 3 4 4 4 3 3 3 3 4 6 10 0 17 10 9 6 4 2 2 0 0 0 0 0 0 0 0 0 0 0 0 
1 1 1 1 1 1 1 1 1 1 1 1 1 1 1 1 1 1 1 1 1 1 1 1 1 1 1 1 1 1 1 1 1 1 1 1 1 1 1 1 1 1 1 1 1 1 1 1 1 1 1 1 1 1 1 1 1 1 2 2 2 2 4 3 3 4 4 4 4 3 3 3 4 4 6 6 7 7 8 12 17 0 10 8 6 6 3 3 0 0 0 0 0 0 0 0 0 0 0 0 
1 1 1 1 1 1 1 1 1 1 1 1 1 1 1 1 1 1 1 1 1 1 1 1 1 1 1 1 1 1 1 1 1 1 1 1 1 1 1 1 1 1 1 1 1 1 1 1 1 1 1 1 1 1 1 1 1 1 1 1 1 1 3 2 2 3 3 3 3 2 2 2 3 2 3 3 4 4 5 9 10 10 0 10 7 6 4 4 0 0 0 0 0 0 0 0 0 0 0 0 
1 1 1 1 1 1 1 1 1 1 1 1 1 1 1 1 1 1 1 1 1 1 1 1 1 1 1 1 1 1 1 1 1 1 1 1 1 1 1 1 1 1 1 1 1 1 1 1 1 1 1 1 1 1 1 1 1 1 2 2 2 2 3 3 3 3 3 3 3 3 3 3 3 3 4 4 5 5 5 7 9 8 10 0 6 4 3 3 0 0 0 0 0 0 0 0 0 0 0 0 
1 1 1 1 1 1 1 1 1 1 1 1 1 1 1 1 1 1 1 1 1 1 1 1 1 1 1 1 1 1 1 1 1 1 1 1 1 1 1 1 1 1 1 1 1 1 1 1 1 1 1 1 1 1 1 1 1 1 2 2 2 2 3 3 3 3 3 3 3 3 3 3 3 3 4 4 4 4 4 5 6 6 7 6 0 7 3 3 0 0 0 0 0 0 0 0 0 0 0 0 
0 0 0 0 0 0 0 0 0 0 0 0 0 0 0 0 0 0 0 0 0 0 0 0 0 0 0 0 0 0 0 0 0 0 0 0 0 0 0 0 0 0 0 0 0 0 0 0 0 0 0 0 0 0 0 0 0 0 1 1 1 1 2 2 2 2 2 2 2 2 2 2 2 2 2 2 2 2 2 4 4 6 6 4 7 0 4 3 0 0 0 0 0 0 0 0 0 0 0 0 
0 0 0 0 0 0 0 0 0 0 0 0 0 0 0 0 0 0 0 0 0 0 0 0 0 0 0 0 0 0 0 0 0 0 0 0 0 0 0 0 0 0 0 0 0 0 0 0 0 0 0 0 0 0 0 0 0 0 0 0 0 0 0 0 0 0 0 0 0 0 0 0 0 0 0 0 0 0 0 1 2 3 4 3 3 4 0 4 1 1 1 1 1 1 1 1 1 1 1 1 
0 0 0 0 0 0 0 0 0 0 0 0 0 0 0 0 0 0 0 0 0 0 0 0 0 0 0 0 0 0 0 0 0 0 0 0 0 0 0 0 0 0 0 0 0 0 0 0 0 0 0 0 0 0 0 0 0 0 0 0 0 0 0 0 0 0 0 0 0 0 0 0 0 0 0 0 0 0 0 1 2 3 4 3 3 3 4 0 0 0 0 0 0 0 0 0 0 0 0 0 
0 0 0 0 0 0 0 0 0 0 0 0 0 0 0 0 0 0 0 0 0 0 0 0 0 0 0 0 0 0 0 0 0 0 0 0 0 0 0 0 0 0 0 0 0 0 0 0 0 0 0 0 0 0 0 0 0 0 0 0 0 0 0 0 0 0 0 0 0 0 0 0 0 0 0 0 0 0 0 0 0 0 0 0 0 0 1 0 0 2 1 1 1 1 1 1 1 1 1 1 
0 0 0 0 0 0 0 0 0 0 0 0 0 0 0 0 0 0 0 0 0 0 0 0 0 0 0 0 0 0 0 0 0 0 0 0 0 0 0 0 0 0 0 0 0 0 0 0 0 0 0 0 0 0 0 0 0 0 0 0 0 0 0 0 0 0 0 0 0 0 0 0 0 0 0 0 0 0 0 0 0 0 0 0 0 0 1 0 2 0 3 1 1 1 1 1 1 1 1 1 
0 0 0 0 0 0 0 0 0 0 0 0 0 0 0 0 0 0 0 0 0 0 0 0 0 0 0 0 0 0 0 0 0 0 0 0 0 0 0 0 0 0 0 0 0 0 0 0 0 0 0 0 0 0 0 0 0 0 0 0 0 0 0 0 0 0 0 0 0 0 0 0 0 0 0 0 0 0 0 0 0 0 0 0 0 0 1 0 1 3 0 1 1 1 1 1 1 1 1 1 
0 0 0 0 0 0 0 0 0 0 0 0 0 0 0 0 0 0 0 0 0 0 0 0 0 0 0 0 0 0 0 0 0 0 0 0 0 0 0 0 0 0 0 0 0 0 0 0 0 0 0 0 0 0 0 0 0 0 0 0 0 0 0 0 0 0 0 0 0 0 0 0 0 0 0 0 0 0 0 0 0 0 0 0 0 0 1 0 1 1 1 0 1 0 0 0 0 0 0 0 
0 0 0 0 0 0 0 0 0 0 0 0 0 0 0 0 0 0 0 0 0 0 0 0 0 0 0 0 0 0 0 0 0 0 0 0 0 0 0 0 0 0 0 0 0 0 0 0 0 0 0 0 0 0 0 0 0 0 0 0 0 0 0 0 0 0 0 0 0 0 0 0 0 0 0 0 0 0 0 0 0 0 0 0 0 0 1 0 1 1 1 1 0 0 0 0 0 0 0 0 
0 0 0 0 0 0 0 0 0 0 0 0 0 0 0 0 0 0 0 0 0 0 0 0 0 0 0 0 0 0 0 0 0 0 0 0 0 0 0 0 0 0 0 0 0 0 0 0 0 0 0 0 0 0 0 0 0 0 0 0 0 0 0 0 0 0 0 0 0 0 0 0 0 0 0 0 0 0 0 0 0 0 0 0 0 0 1 0 1 1 1 0 0 0 2 2 2 2 2 2 
0 0 0 0 0 0 0 0 0 0 0 0 0 0 0 0 0 0 0 0 0 0 0 0 0 0 0 0 0 0 0 0 0 0 0 0 0 0 0 0 0 0 0 0 0 0 0 0 0 0 0 0 0 0 0 0 0 0 0 0 0 0 0 0 0 0 0 0 0 0 0 0 0 0 0 0 0 0 0 0 0 0 0 0 0 0 1 0 1 1 1 0 0 2 0 2 2 2 2 2 
0 0 0 0 0 0 0 0 0 0 0 0 0 0 0 0 0 0 0 0 0 0 0 0 0 0 0 0 0 0 0 0 0 0 0 0 0 0 0 0 0 0 0 0 0 0 0 0 0 0 0 0 0 0 0 0 0 0 0 0 0 0 0 0 0 0 0 0 0 0 0 0 0 0 0 0 0 0 0 0 0 0 0 0 0 0 1 0 1 1 1 0 0 2 2 0 3 3 3 3 
0 0 0 0 0 0 0 0 0 0 0 0 0 0 0 0 0 0 0 0 0 0 0 0 0 0 0 0 0 0 0 0 0 0 0 0 0 0 0 0 0 0 0 0 0 0 0 0 0 0 0 0 0 0 0 0 0 0 0 0 0 0 0 0 0 0 0 0 0 0 0 0 0 0 0 0 0 0 0 0 0 0 0 0 0 0 1 0 1 1 1 0 0 2 2 3 0 2 2 2 
0 0 0 0 0 0 0 0 0 0 0 0 0 0 0 0 0 0 0 0 0 0 0 0 0 0 0 0 0 0 0 0 0 0 0 0 0 0 0 0 0 0 0 0 0 0 0 0 0 0 0 0 0 0 0 0 0 0 0 0 0 0 0 0 0 0 0 0 0 0 0 0 0 0 0 0 0 0 0 0 0 0 0 0 0 0 1 0 1 1 1 0 0 2 2 3 2 0 1 1 
0 0 0 0 0 0 0 0 0 0 0 0 0 0 0 0 0 0 0 0 0 0 0 0 0 0 0 0 0 0 0 0 0 0 0 0 0 0 0 0 0 0 0 0 0 0 0 0 0 0 0 0 0 0 0 0 0 0 0 0 0 0 0 0 0 0 0 0 0 0 0 0 0 0 0 0 0 0 0 0 0 0 0 0 0 0 1 0 1 1 1 0 0 2 2 3 2 1 0 0 
0 0 0 0 0 0 0 0 0 0 0 0 0 0 0 0 0 0 0 0 0 0 0 0 0 0 0 0 0 0 0 0 0 0 0 0 0 0 0 0 0 0 0 0 0 0 0 0 0 0 0 0 0 0 0 0 0 0 0 0 0 0 0 0 0 0 0 0 0 0 0 0 0 0 0 0 0 0 0 0 0 0 0 0 0 0 1 0 1 1 1 0 0 2 2 3 2 1 0 0 

Rho histogram: 
0 0 0 0 0 0 1 2 0 2 0 0 0 0 0 0 1 9 17 68 

Summary:
objF nSamp nIter rhoMean rhoStDev rProp hitsProp rankHitsProp seconds
Ham 100 100 0.9381746174617461 0.1314078887342779 0.03 0.03 0.6528 39.1551
