=======================================================
Objective function:  Rgar25
Matrix:  R100.csv
Iterations:  100
Heuristic for search:  RobSA3
Improvement function # 0
Window width for improvement:  0
Heuristic for improvement:  RobSA3
Seed:  33
=======================================================

Best permutations: 
99 96 92 91 89 88 87 83 80 77 75 62 74 72 68 65 71 56 61 59 60 55 52 50 49 46 45 44 41 39 38 36 35 34 31 28 27 23 19 18 7 5 4 2 0 78 1 6 3 8 9 11 10 12 13 14 15 16 17 20 21 22 24 25 26 30 29 32 33 37 40 42 43 47 48 53 51 54 57 63 58 64 66 67 69 70 73 76 79 81 82 84 85 90 94 93 86 97 95 98 
80 75 72 71 70 68 67 66 60 59 58 54 53 52 50 51 46 42 41 40 39 38 36 37 35 34 33 32 31 30 29 28 26 27 25 24 23 21 19 18 20 16 17 15 11 14 13 12 3 10 9 7 8 6 5 4 2 1 0 43 44 22 45 47 48 49 55 56 57 61 62 63 64 65 69 73 74 76 77 78 79 81 82 83 84 85 86 87 88 89 90 91 93 92 94 95 96 97 98 99 
89 83 77 75 72 71 70 69 60 59 58 55 54 49 46 45 41 40 37 43 42 39 38 36 34 32 27 23 21 26 17 16 15 12 11 10 8 7 6 5 4 3 2 13 18 1 0 14 20 22 24 25 28 29 30 31 33 35 48 50 51 52 53 56 57 61 62 64 65 66 67 68 73 74 76 78 79 80 81 82 84 85 87 88 90 91 92 93 94 95 96 97 98 99 86 63 47 44 19 9 
88 79 77 74 73 72 70 69 66 63 62 61 60 59 58 50 19 20 17 16 14 13 11 10 9 7 6 5 3 2 22 23 26 27 28 29 31 32 34 35 38 39 40 41 42 43 44 47 49 51 53 54 55 56 57 65 67 71 75 76 78 80 81 82 83 84 92 96 97 99 98 95 94 93 91 90 89 87 86 85 68 64 52 48 46 45 37 36 33 30 25 24 21 18 15 12 8 4 1 0 
76 75 73 71 67 65 64 60 57 53 48 46 44 43 42 36 35 32 31 30 28 27 26 25 24 4 1 2 5 6 7 9 11 12 13 14 16 18 19 21 41 51 54 55 56 59 61 62 63 66 68 69 70 72 74 77 78 79 80 81 82 83 84 85 86 87 88 89 90 91 92 93 94 95 97 98 99 96 58 52 50 49 47 45 40 39 38 37 34 33 29 23 22 20 17 15 10 8 3 0 
1 2 3 4 5 11 12 13 15 16 17 21 22 23 27 29 30 31 32 33 37 38 39 43 46 47 48 49 51 54 56 58 65 70 73 90 92 93 94 95 96 98 99 97 91 89 88 87 86 85 84 83 82 81 80 79 78 77 76 75 74 72 71 69 68 67 66 64 63 62 61 59 60 57 55 53 52 50 45 44 42 41 40 36 35 34 28 26 25 24 20 19 18 14 10 9 8 7 6 0 
83 0 1 4 7 8 9 10 12 13 14 15 17 18 19 21 22 24 26 27 28 30 32 34 40 36 45 50 53 56 59 71 62 74 77 82 89 92 93 94 95 96 99 98 97 91 90 87 88 81 86 85 84 80 79 78 76 75 73 72 70 69 68 67 66 65 64 63 61 60 57 55 54 58 52 51 49 48 47 46 44 43 39 42 41 38 37 35 33 31 25 23 29 16 20 11 6 5 3 2 
0 66 98 91 90 82 79 70 69 65 64 61 59 55 53 51 50 49 45 43 41 40 38 34 35 32 29 28 27 26 25 22 21 19 1 3 4 5 6 7 9 2 8 10 11 16 12 14 13 15 18 17 20 23 24 30 31 33 36 39 42 44 46 37 57 47 52 48 54 56 58 60 62 63 67 68 71 72 73 74 75 76 77 78 80 81 83 84 85 86 87 88 89 92 93 94 95 96 97 99 
96 84 80 76 74 73 71 67 59 58 57 52 50 48 47 44 43 42 38 39 36 33 32 30 28 27 25 24 22 21 20 19 18 17 16 15 11 14 13 12 10 9 8 7 6 0 1 2 3 4 5 23 26 29 31 34 35 37 40 41 45 46 49 51 53 54 55 56 60 61 62 63 64 65 66 68 69 70 72 75 77 78 79 81 82 83 85 86 87 88 89 90 91 92 93 94 95 97 98 99 
99 97 87 84 82 80 79 76 75 74 69 67 66 63 61 60 58 57 56 55 53 50 49 42 41 38 35 34 33 30 29 27 26 25 23 21 20 16 15 9 0 1 2 3 4 5 6 7 8 10 11 12 13 14 17 18 19 22 24 28 31 32 36 37 39 40 43 44 45 46 48 47 51 52 54 59 62 64 65 68 70 71 72 73 77 78 81 83 85 86 88 89 90 91 92 93 94 95 96 98 
79 75 72 0 1 2 3 5 6 7 8 9 10 13 15 16 17 18 19 21 22 23 24 26 28 25 29 35 37 43 45 47 48 49 52 50 56 58 53 59 60 65 71 64 87 90 92 93 94 97 99 98 96 95 91 89 88 86 85 84 82 81 80 78 77 83 74 76 73 70 69 68 67 66 63 62 61 57 55 54 51 46 44 42 41 40 39 38 36 34 33 32 31 30 27 20 14 12 11 4 
81 80 79 77 76 69 68 65 61 59 57 53 51 50 44 22 21 20 18 16 15 14 13 11 10 8 7 6 5 1 2 3 23 24 25 26 29 30 32 35 36 38 41 45 46 52 54 55 56 62 64 67 70 73 75 82 84 85 86 87 88 90 99 98 97 96 95 94 92 93 91 89 83 78 74 72 71 66 63 60 58 49 48 47 43 42 40 39 37 34 33 31 28 27 19 17 12 9 4 0 
96 95 94 90 83 78 74 72 70 69 68 62 61 56 55 53 50 48 47 44 41 43 38 36 35 34 33 31 28 25 23 21 20 19 18 16 15 12 13 11 10 9 6 5 0 1 2 3 4 7 8 14 17 22 24 26 27 29 30 32 37 39 40 42 45 46 49 51 52 54 57 58 59 60 63 64 65 66 67 71 73 75 76 77 79 80 81 82 84 85 86 87 88 89 91 92 93 97 98 99 
98 97 96 95 94 90 83 82 80 78 76 75 71 68 67 64 63 62 60 59 58 57 53 52 51 49 48 44 43 42 41 38 37 36 35 31 25 20 19 14 11 10 9 7 5 4 3 2 1 0 6 8 12 13 15 16 17 18 22 21 23 24 26 27 28 29 30 32 33 34 39 40 45 46 47 50 54 55 56 61 65 66 69 70 72 73 74 77 79 81 84 85 86 87 88 89 91 92 93 99 
99 94 93 91 80 77 76 69 68 67 65 64 62 59 58 52 51 50 46 43 42 40 38 36 35 34 32 27 24 22 12 10 0 1 2 4 3 5 6 7 8 9 11 13 14 15 16 17 18 19 20 21 23 25 26 28 29 30 31 33 37 39 41 44 45 47 48 49 53 54 56 57 55 60 61 63 66 70 71 72 73 74 75 78 79 81 82 83 84 85 86 87 88 89 90 92 95 96 97 98 
0 2 3 4 5 7 8 9 10 17 19 26 28 31 36 38 40 42 44 47 48 49 50 51 52 53 54 55 56 57 58 59 60 61 62 63 64 65 66 70 67 69 71 73 72 74 75 78 76 77 79 80 82 81 83 84 85 86 87 88 89 90 91 92 93 97 98 99 96 95 94 45 43 41 39 37 35 34 33 32 30 29 27 25 24 22 23 20 21 18 15 16 13 14 12 11 6 1 46 68 
96 95 94 91 84 83 82 79 75 74 73 67 65 62 60 56 57 55 53 52 48 51 44 43 41 40 38 37 36 35 33 31 29 28 27 26 14 9 8 7 6 5 3 2 4 1 0 10 11 12 13 15 16 17 18 19 20 21 22 23 24 25 30 32 34 39 42 45 46 47 49 50 54 58 59 61 63 64 66 68 69 70 71 72 76 77 78 80 81 85 86 87 88 89 90 92 93 97 98 99 
99 97 95 91 90 89 86 84 83 80 74 71 69 67 64 62 60 59 56 55 52 50 49 47 46 44 43 42 41 39 38 36 35 34 31 30 19 15 11 0 1 2 3 4 5 6 7 8 9 10 12 13 14 16 17 18 20 21 22 23 24 25 26 27 28 29 32 33 40 37 45 48 51 53 54 57 58 61 63 65 66 68 70 72 73 75 76 77 78 79 81 82 85 87 88 92 93 94 96 98 
98 93 92 91 90 77 75 72 70 68 69 67 64 62 60 61 54 53 52 51 50 49 48 47 46 45 44 43 42 38 37 36 34 31 8 5 0 1 2 3 4 6 7 9 10 12 11 13 14 15 16 17 18 19 20 21 22 23 24 25 26 28 27 29 30 32 33 35 39 40 41 56 55 57 58 59 63 65 66 71 73 74 76 78 79 80 81 82 83 84 85 86 87 88 89 94 95 96 97 99 
76 74 71 70 67 65 63 62 58 51 0 1 3 4 5 6 7 8 9 10 11 12 13 15 16 18 20 19 25 27 29 31 32 33 34 35 37 38 39 40 43 48 49 57 60 64 66 68 72 73 75 77 78 79 80 81 83 82 84 86 85 87 89 90 95 96 98 99 97 94 93 92 91 88 69 61 59 56 55 54 53 52 50 47 46 45 44 42 41 36 30 26 28 24 22 23 21 17 14 2 
69 66 57 0 3 4 5 6 7 11 13 14 16 18 19 20 23 24 26 29 30 32 33 35 37 39 40 42 43 45 48 49 50 51 53 54 55 56 61 60 63 59 62 64 65 67 68 71 72 74 75 76 73 77 78 79 80 82 81 84 85 83 86 87 99 88 89 90 91 92 96 98 97 95 94 93 70 58 52 47 46 44 41 38 36 34 31 28 27 25 22 21 17 15 12 10 9 8 2 1 
96 95 94 93 82 79 76 70 74 68 64 65 60 53 51 48 45 44 43 41 40 39 36 35 34 32 31 30 28 27 25 22 19 18 17 16 13 12 10 9 8 7 5 4 3 2 1 0 6 11 14 15 20 21 23 24 26 29 33 37 38 42 46 47 49 50 52 54 55 56 57 58 59 61 62 63 66 67 69 71 72 73 75 77 78 80 81 83 84 85 86 87 88 89 90 91 92 97 98 99 
95 94 92 91 89 85 84 83 80 76 79 74 69 65 61 60 59 58 57 56 55 54 53 52 49 48 47 46 45 44 43 42 39 33 32 29 26 22 21 20 19 18 17 16 15 14 13 12 10 9 8 7 0 1 2 3 4 5 6 11 24 23 25 27 28 30 31 34 35 36 37 38 40 41 50 51 62 63 64 66 67 68 70 71 72 73 75 77 78 81 82 86 87 88 90 93 96 97 98 99 
94 90 88 86 81 79 78 83 73 66 64 60 57 52 53 51 50 47 46 45 44 42 36 35 34 33 30 29 28 27 26 25 22 21 20 19 18 17 16 15 14 12 9 8 7 5 4 3 2 1 0 6 10 11 13 23 24 31 32 37 38 39 40 41 43 48 49 54 55 56 58 59 61 62 63 65 67 68 69 70 71 72 74 75 76 77 80 82 84 85 87 89 91 92 93 95 96 97 98 99 
89 86 76 73 72 71 69 63 62 57 59 54 53 50 47 43 41 40 37 36 33 32 27 30 26 21 20 19 17 18 16 14 10 13 8 7 0 1 2 3 4 5 6 9 11 12 15 22 23 24 25 28 29 31 34 35 38 39 42 44 45 46 48 49 51 52 55 56 58 60 61 64 65 66 67 68 70 74 75 77 78 79 80 81 82 83 84 85 87 88 90 91 92 93 94 95 96 97 98 99 
63 0 2 5 6 7 8 9 10 11 12 13 15 14 19 20 21 22 23 24 27 28 32 35 36 37 39 40 41 43 47 48 49 50 52 54 57 60 59 62 66 70 71 72 74 75 76 77 78 79 80 81 82 83 84 85 86 87 88 89 90 91 98 99 97 96 95 94 93 92 73 69 68 67 65 64 61 58 56 55 53 51 46 45 44 42 38 34 33 31 30 29 26 25 18 17 16 4 3 1 
99 97 91 90 89 88 83 80 79 78 72 71 70 68 67 66 65 59 58 57 56 53 52 50 48 47 46 43 42 41 39 38 37 36 35 32 31 29 28 27 26 25 23 21 20 19 18 16 15 14 13 12 11 9 8 7 6 5 4 3 2 0 1 10 17 22 24 30 33 34 40 44 45 49 51 54 55 60 61 62 63 64 69 73 74 75 76 77 81 82 84 85 86 87 92 93 94 95 96 98 
99 96 95 94 93 92 88 87 86 85 82 72 70 66 64 62 61 60 54 53 51 50 47 46 45 42 37 35 36 34 32 31 30 29 28 27 26 25 24 22 23 21 18 15 13 0 1 2 3 4 5 6 14 7 8 20 10 9 11 12 16 17 19 38 39 40 41 43 44 49 48 52 55 56 57 58 59 63 65 67 68 69 71 73 74 76 77 78 79 80 81 83 84 89 75 90 91 97 98 33 
99 98 96 94 77 73 72 68 66 65 64 61 59 58 56 48 46 44 42 38 18 1 3 2 4 5 6 7 8 10 11 12 13 14 16 15 17 19 21 22 23 24 25 27 28 29 33 34 37 39 41 47 49 51 52 53 54 55 57 60 62 63 67 69 70 71 74 75 76 78 79 80 81 82 83 84 85 86 87 88 90 91 93 95 92 97 89 50 45 43 40 36 35 32 31 30 26 20 9 0 
98 97 96 94 92 91 87 86 85 81 77 74 70 67 66 65 63 59 54 53 51 45 44 43 37 36 35 34 33 31 28 29 27 26 25 24 23 22 21 20 17 16 15 14 13 12 11 10 9 8 7 6 5 0 1 2 3 4 18 19 30 32 38 39 40 41 42 46 47 48 49 50 52 55 56 57 58 60 61 62 64 68 69 71 72 73 75 76 78 79 80 82 83 84 88 89 90 93 95 99 
98 94 93 86 85 84 83 81 80 79 76 75 74 73 72 71 68 66 63 60 59 55 54 52 51 50 48 45 43 40 37 35 34 33 32 26 25 14 10 0 1 2 3 4 5 6 7 8 9 11 12 13 16 15 17 18 19 20 21 23 22 24 27 28 29 30 31 36 38 39 41 42 44 46 47 49 53 56 57 58 61 62 64 65 67 69 70 77 78 82 87 88 89 90 91 92 95 96 97 99 
94 93 83 79 77 76 73 72 69 66 64 65 60 56 52 51 49 48 47 45 42 35 33 32 30 29 26 24 23 21 20 19 16 15 10 9 0 1 2 3 4 5 6 7 8 11 12 13 14 17 18 22 25 27 28 31 34 36 37 38 39 40 41 43 44 46 50 53 54 55 57 58 59 61 62 63 67 68 70 71 74 75 78 80 81 82 84 85 86 87 88 89 90 91 92 95 96 97 98 99 
84 83 77 76 69 68 65 61 53 48 3 4 6 8 9 10 11 12 13 14 15 17 18 20 21 22 23 24 25 27 29 30 33 36 38 39 41 45 46 49 52 54 89 92 94 95 96 98 99 97 93 91 90 87 86 88 85 82 81 80 79 78 75 74 73 72 71 70 67 66 64 63 62 60 59 58 57 56 55 51 50 47 44 43 42 40 37 35 34 32 31 28 26 19 16 7 5 2 1 0 
2 3 4 8 9 10 12 13 15 16 17 20 19 21 22 23 25 26 29 30 31 33 40 38 41 42 43 46 47 49 50 51 54 55 57 60 61 62 64 63 65 66 67 68 70 75 71 72 73 74 77 78 76 80 83 81 82 84 86 85 87 88 89 98 99 97 96 95 94 93 92 91 90 79 69 59 58 56 53 52 48 44 45 39 37 36 35 34 32 28 27 24 18 14 11 7 6 5 1 0 
94 92 91 90 82 76 73 71 69 68 66 64 63 58 57 56 55 52 49 48 47 45 43 42 41 38 35 29 25 19 17 14 12 11 10 9 8 7 6 5 4 3 2 1 0 13 15 16 18 20 21 22 23 24 26 27 28 30 31 32 33 34 36 37 39 40 46 44 50 51 53 54 59 60 61 62 65 67 70 72 74 75 77 78 79 80 81 83 84 85 86 87 88 89 93 95 96 97 98 99 
96 92 89 87 86 85 74 73 68 59 56 58 55 53 52 49 48 45 44 42 38 34 33 32 31 30 28 27 25 26 24 23 22 21 20 17 0 1 2 3 4 5 6 7 8 9 10 11 12 13 14 15 16 18 19 29 35 37 36 39 40 41 43 46 47 50 51 54 57 60 61 62 63 64 65 66 67 69 70 71 72 75 76 77 78 79 80 81 82 83 84 88 90 91 93 94 95 97 98 99 
99 98 97 94 93 92 91 90 84 79 77 76 75 74 72 60 57 55 54 53 50 49 48 47 46 45 44 42 41 40 36 34 33 31 24 19 17 16 0 1 2 3 5 4 6 7 8 9 10 11 14 12 13 15 18 20 21 22 23 25 26 27 28 29 30 32 35 37 38 39 43 51 52 56 58 59 61 62 63 64 65 66 67 68 69 70 71 73 78 80 81 82 83 85 86 87 88 89 95 96 
93 92 90 89 86 83 82 79 80 72 70 69 66 65 64 63 62 61 60 56 55 50 49 48 45 44 40 39 36 37 34 30 26 29 24 22 21 19 18 17 16 15 14 13 12 11 10 9 8 0 1 2 3 4 5 6 7 20 23 25 27 28 31 32 33 35 38 41 42 43 46 47 51 52 53 54 57 58 59 67 68 71 73 74 75 76 77 78 81 84 85 87 88 91 94 95 96 97 98 99 
0 1 3 4 5 6 7 13 14 15 16 18 20 23 24 26 27 28 30 31 33 34 36 39 45 47 48 49 51 52 55 56 57 58 59 60 61 62 63 65 67 68 69 64 70 71 72 73 74 75 76 77 78 80 81 82 83 85 84 86 87 88 90 89 97 98 99 96 95 94 93 92 91 79 66 54 53 50 46 44 43 42 41 40 38 37 35 32 29 25 22 21 19 17 12 11 10 9 8 2 
0 3 4 5 6 7 8 9 10 11 13 14 15 16 18 19 20 23 25 24 26 28 29 31 32 33 34 35 37 39 42 43 48 49 51 52 53 54 55 57 58 61 69 90 91 94 95 96 97 98 99 93 92 89 88 87 86 85 84 83 82 81 80 79 78 77 76 75 74 73 71 72 68 65 70 67 66 63 60 59 47 64 45 46 44 62 56 50 41 40 38 36 30 27 22 17 21 12 1 2 
82 78 76 70 72 69 68 66 65 63 61 62 58 53 51 50 43 45 42 32 41 26 40 3 1 0 2 6 4 7 5 8 10 9 11 13 12 14 15 16 17 18 19 20 21 22 23 25 27 28 29 30 31 33 36 34 35 38 37 44 46 48 49 54 52 55 56 57 59 60 64 67 71 73 74 75 77 79 80 81 83 85 84 86 87 88 89 90 91 92 93 94 95 96 97 98 99 47 39 24 
92 91 86 83 81 79 75 72 70 68 66 65 64 61 60 57 52 51 47 45 44 42 43 41 40 39 37 36 30 28 27 33 26 24 0 2 3 1 4 5 6 7 8 9 10 11 12 13 14 15 17 16 18 19 20 21 22 23 25 29 31 32 34 35 38 46 48 49 50 53 54 55 56 58 59 62 63 67 69 71 73 74 76 77 78 80 82 84 85 87 88 89 90 93 94 95 96 97 98 99 
94 79 75 71 70 67 66 57 64 52 47 53 65 55 46 44 42 39 37 22 7 6 5 4 3 2 1 8 9 10 11 12 13 14 16 15 17 18 19 20 23 24 25 26 28 29 30 33 34 36 38 40 41 43 45 49 48 50 54 51 56 58 59 60 61 62 63 68 69 72 73 74 76 78 77 80 81 82 83 84 86 85 87 88 89 90 91 92 93 95 96 97 98 99 35 32 31 27 21 0 
1 2 5 14 16 17 19 20 21 22 24 25 26 27 29 30 31 32 34 35 38 40 42 43 44 45 47 49 51 52 53 54 59 56 57 58 60 61 62 66 70 69 71 72 73 74 76 75 78 77 67 82 79 80 81 84 83 85 87 89 90 91 92 86 88 93 94 99 98 97 96 95 68 65 63 64 55 50 48 46 41 39 37 36 33 28 23 18 15 13 12 11 10 9 8 7 6 4 3 0 
0 1 2 3 4 5 6 7 9 10 12 13 15 18 20 24 28 30 31 33 36 37 38 39 41 43 44 45 46 49 51 52 56 57 59 62 63 64 67 69 70 71 73 72 74 75 78 80 81 82 79 83 85 84 86 87 89 90 88 92 91 93 94 95 96 97 99 98 77 76 68 66 60 65 61 58 54 55 53 50 48 47 42 40 35 34 32 29 27 26 25 23 22 21 19 17 16 14 11 8 
90 83 81 75 73 72 71 70 68 66 64 62 60 58 50 47 44 43 33 0 1 2 3 5 4 6 7 9 10 11 8 12 13 14 15 16 17 21 20 22 23 24 26 27 28 32 34 36 37 39 42 48 49 53 54 55 56 57 59 61 63 65 67 74 76 77 78 79 80 82 84 85 86 87 88 91 89 92 94 93 95 98 99 97 96 69 52 51 46 45 41 40 38 35 31 30 29 25 19 18 
96 90 89 88 87 84 82 81 80 79 78 76 75 69 68 67 64 66 62 61 59 58 55 54 49 48 44 45 43 42 38 36 34 33 31 29 30 28 27 24 22 23 21 20 18 17 12 7 0 1 2 3 4 5 6 8 9 10 11 13 14 15 16 19 25 26 32 35 37 39 40 41 46 47 50 51 52 53 56 57 63 60 65 70 71 72 73 74 77 83 85 86 91 92 93 94 95 97 98 99 
99 97 95 94 91 88 85 84 83 82 77 74 71 67 66 63 60 59 54 53 50 48 47 44 41 29 36 28 23 22 20 19 18 15 14 13 12 10 9 8 7 6 0 1 2 3 5 4 11 16 17 21 24 25 26 27 30 31 32 33 34 35 37 38 39 40 42 43 45 46 49 51 52 55 56 57 58 62 61 64 65 68 69 70 72 73 75 76 78 79 80 81 86 87 89 90 92 93 96 98 
99 95 88 83 75 78 73 76 72 69 68 67 66 65 63 60 58 54 45 52 49 46 48 43 42 41 40 39 38 37 36 35 32 31 33 29 23 21 20 19 18 16 15 14 13 12 11 10 9 8 7 6 5 4 3 2 0 17 22 24 25 26 1 27 28 44 34 47 51 30 50 53 55 56 57 59 61 62 64 70 71 74 77 79 80 82 81 84 85 86 87 89 90 91 92 94 93 96 97 98 
66 62 51 48 21 4 7 9 8 10 13 12 14 15 17 16 0 18 22 19 24 25 26 27 31 33 35 36 37 40 41 42 49 53 54 58 56 57 59 60 64 65 68 67 70 69 75 71 73 76 74 77 78 80 81 82 84 83 85 86 87 88 90 95 96 97 99 98 93 94 92 91 89 79 72 63 61 55 52 50 47 46 45 43 44 39 38 34 32 30 29 28 23 20 11 6 5 3 2 1 
95 90 88 86 85 82 77 80 75 73 71 65 63 60 59 57 53 49 47 46 44 41 37 36 34 33 31 30 29 28 26 24 23 22 20 19 18 17 12 11 9 10 8 7 5 4 3 2 1 0 6 13 14 15 16 21 25 27 32 35 38 39 40 42 43 45 48 50 51 52 54 56 55 58 61 62 64 66 67 68 69 70 72 74 76 78 79 81 83 84 87 89 91 92 93 94 96 97 98 99 
80 59 53 52 0 1 3 4 10 11 12 13 14 15 19 20 21 22 23 25 27 28 29 30 31 32 33 35 37 39 43 47 48 49 50 51 54 55 56 58 62 60 61 63 66 67 69 75 70 71 65 72 73 74 76 77 78 79 81 82 83 84 85 86 98 99 97 96 95 94 93 92 91 90 89 88 87 68 46 64 57 45 44 42 41 40 38 36 34 26 24 18 17 16 9 8 7 6 5 2 
93 90 89 87 86 83 81 69 67 65 64 59 58 55 53 50 48 43 42 41 39 37 36 33 31 29 28 26 25 24 22 21 20 19 17 16 15 14 13 12 11 10 9 8 0 1 2 3 4 5 6 7 18 23 27 30 32 34 35 38 44 40 45 46 47 49 51 52 54 56 57 60 61 62 63 66 68 70 71 72 73 74 75 76 77 78 79 80 82 84 85 88 91 92 94 95 96 97 98 99 
97 95 85 80 72 70 66 68 63 61 60 59 58 50 48 49 46 45 43 42 39 38 36 35 34 33 29 28 27 26 24 23 22 21 20 19 18 17 16 15 14 13 11 12 10 9 8 7 6 5 4 3 2 1 0 25 30 31 37 32 41 40 44 47 51 52 53 54 55 56 57 62 64 65 67 69 71 73 74 75 76 77 78 79 81 82 83 84 86 87 88 89 90 91 92 93 94 96 98 99 
99 98 96 90 87 83 82 81 78 76 74 70 69 67 66 64 61 59 56 55 51 49 50 48 46 44 43 41 39 37 36 33 32 30 27 26 25 24 23 22 20 21 18 17 16 15 14 13 11 12 10 9 8 7 6 5 4 3 2 1 0 19 28 29 31 34 35 38 40 42 45 47 52 53 54 57 58 60 62 63 65 68 71 72 73 75 77 80 79 84 85 86 88 89 91 92 93 94 95 97 
97 78 77 74 73 71 64 63 61 57 53 51 55 46 44 43 42 41 40 39 36 32 31 29 28 27 25 23 22 21 20 18 19 17 16 14 15 13 12 10 9 8 7 6 5 4 3 2 0 1 11 24 26 30 33 34 35 38 37 45 48 47 49 50 52 54 56 58 59 60 62 65 66 67 68 69 70 72 75 76 79 80 81 82 83 84 85 86 87 88 89 90 91 92 93 94 95 96 98 99 
95 86 84 79 82 77 75 67 66 70 63 60 59 57 52 55 53 50 45 44 42 40 41 31 32 0 20 1 2 3 4 5 6 7 8 9 10 11 12 13 14 15 16 17 18 19 21 22 23 24 26 27 28 25 29 30 34 33 35 37 38 36 39 43 46 47 48 49 51 54 56 58 61 62 64 65 68 69 71 72 73 74 76 78 80 81 83 85 87 88 89 90 91 92 93 94 96 97 98 99 
97 86 83 82 78 77 72 71 69 67 66 65 64 63 59 61 58 54 52 49 46 44 42 37 34 29 28 27 26 23 22 21 20 19 16 15 14 12 11 10 9 8 7 6 0 1 2 3 4 5 13 17 18 24 30 25 31 32 33 36 35 38 39 40 41 45 47 48 50 51 53 55 56 57 60 62 68 70 73 74 75 76 79 80 81 87 84 85 88 89 90 91 92 93 94 95 96 98 99 43 
99 97 96 92 89 88 83 81 79 73 71 69 68 67 66 65 60 59 58 57 56 52 50 49 48 40 38 36 33 32 30 31 28 29 26 25 24 21 20 18 17 15 16 14 13 12 10 9 8 7 6 0 1 2 4 3 5 11 19 22 23 27 34 35 37 39 41 42 43 44 45 46 47 51 53 54 55 61 62 63 64 70 72 74 75 76 77 78 80 82 84 85 86 87 90 91 93 94 95 98 
96 91 84 83 78 75 74 71 70 68 66 65 63 60 61 57 55 52 50 49 45 46 44 40 39 36 35 32 29 28 27 25 24 23 20 19 17 15 7 4 3 2 1 0 5 6 8 9 10 11 12 13 14 16 18 22 21 26 30 31 33 34 37 38 41 42 43 47 48 51 53 54 56 58 59 62 64 67 69 72 73 76 77 79 80 81 82 85 86 87 88 89 90 92 93 94 95 97 98 99 
86 84 83 82 77 79 75 71 68 67 63 62 61 60 59 58 55 54 51 43 50 44 41 37 15 1 0 2 3 4 5 6 7 8 9 10 11 12 13 14 16 17 18 21 19 20 22 24 25 26 30 29 33 31 34 35 36 39 38 40 42 46 47 48 49 53 56 57 64 65 66 69 70 72 73 74 78 76 80 88 81 87 85 90 89 91 92 93 94 95 96 97 98 99 52 45 32 28 27 23 
98 93 91 88 87 80 71 70 68 67 66 64 63 61 60 59 56 51 49 47 45 44 43 42 40 37 36 34 32 31 30 26 25 12 11 10 9 8 7 6 5 4 0 1 2 3 13 14 15 16 17 18 19 20 21 22 23 24 27 28 29 33 35 38 39 41 46 48 50 52 53 54 55 57 58 62 65 69 72 73 74 75 76 77 78 79 81 82 83 84 85 86 89 90 92 94 95 96 97 99 
96 94 93 92 90 83 76 74 70 65 63 60 59 58 51 50 48 44 43 39 35 34 33 32 24 23 22 20 18 17 16 15 13 12 11 9 8 7 5 4 3 2 1 0 6 10 14 19 21 25 26 27 28 29 30 31 36 37 38 40 41 42 45 46 47 49 52 53 54 55 56 57 61 62 64 66 67 68 69 71 72 73 75 77 78 79 80 81 82 84 85 86 87 88 89 91 95 97 98 99 
0 1 2 7 9 10 11 12 13 14 15 17 20 22 23 24 25 28 31 34 36 38 40 41 45 49 54 59 60 62 65 66 67 70 71 72 73 74 75 76 78 79 81 82 83 84 86 87 89 91 92 93 94 95 98 99 97 96 85 90 88 80 77 69 68 64 63 61 58 57 56 55 53 52 51 50 48 47 46 44 42 43 39 37 35 33 32 30 29 27 26 21 19 18 16 8 6 5 4 3 
0 1 2 3 4 5 8 12 13 21 25 30 33 34 35 37 40 41 45 48 50 66 69 88 90 94 96 97 98 99 93 92 91 89 87 84 86 83 82 79 77 76 72 71 70 68 67 65 62 61 60 59 58 47 46 44 43 39 42 38 36 31 29 28 27 24 23 22 20 19 18 17 16 15 14 11 10 9 7 6 26 32 49 51 52 53 54 55 56 57 63 64 73 74 75 78 80 81 85 95 
98 87 81 77 76 74 73 72 68 67 66 65 60 52 51 47 42 41 36 34 33 29 28 17 16 13 11 12 8 9 7 6 5 3 4 2 1 0 10 14 15 18 19 20 21 22 23 25 26 30 32 37 43 39 38 40 44 46 45 48 49 50 53 54 55 57 58 59 62 63 64 69 70 71 75 78 79 80 82 83 84 85 86 88 89 90 91 92 94 93 95 96 97 99 61 56 35 31 27 24 
95 93 89 88 87 86 85 84 83 82 80 75 74 73 69 67 64 61 53 51 50 49 48 47 46 45 42 41 37 34 32 30 28 26 25 0 3 1 2 4 5 6 7 8 9 10 11 12 13 14 15 18 16 17 19 20 21 22 23 24 27 29 31 33 35 36 38 39 40 43 44 52 54 55 56 57 58 59 60 62 63 65 66 68 70 71 72 76 77 78 79 81 90 91 92 94 96 97 98 99 
75 74 73 71 67 65 63 62 57 56 54 52 46 34 29 21 1 3 4 5 7 8 9 11 12 13 16 15 18 20 22 25 27 28 31 32 38 39 40 41 44 45 48 49 58 59 61 66 68 69 70 76 77 79 80 81 82 83 84 86 87 88 89 90 91 92 98 99 97 96 95 94 93 85 78 72 64 60 55 53 51 50 47 43 42 37 36 35 33 30 26 24 23 19 17 14 10 6 2 0 
99 98 97 95 94 93 80 69 66 63 62 60 59 53 51 48 47 45 44 43 42 39 36 35 34 33 32 30 28 24 19 15 9 7 5 4 3 2 1 0 6 8 10 11 12 13 14 16 17 18 20 21 22 23 25 26 27 29 31 37 38 40 41 46 49 50 52 54 55 56 57 58 61 64 65 67 68 70 71 72 73 74 75 76 77 78 79 81 82 83 84 85 87 86 88 89 90 91 92 96 
98 96 79 77 73 72 70 69 66 64 63 61 60 57 59 53 52 51 42 48 44 43 33 32 31 27 25 24 23 22 19 18 14 11 13 10 6 1 0 2 3 4 5 7 8 9 12 15 17 20 21 26 28 29 16 35 30 34 37 36 38 41 39 40 45 46 47 49 50 54 55 56 58 62 65 68 67 71 74 75 76 78 80 81 82 83 84 86 85 87 88 89 90 91 92 93 94 95 97 99 
99 92 80 77 73 72 71 70 69 64 62 61 60 51 50 47 44 43 40 38 15 0 1 2 3 4 5 6 7 8 9 10 11 12 13 14 16 20 21 22 23 24 25 26 30 31 32 33 34 36 39 41 45 46 48 52 53 56 54 55 57 58 63 65 66 68 74 75 76 78 79 81 82 83 84 85 86 88 87 89 91 90 93 94 95 97 96 98 67 59 49 42 37 35 29 28 27 19 18 17 
98 96 85 82 75 73 71 70 68 66 65 64 63 61 60 55 52 49 48 47 44 43 42 40 37 32 31 29 28 26 25 23 22 21 20 19 18 17 15 13 11 8 1 2 5 3 4 6 7 9 10 12 14 16 24 27 30 33 34 35 36 38 39 41 45 46 50 51 53 54 56 57 58 59 62 67 69 72 74 76 77 78 79 80 81 83 84 86 87 88 89 90 91 92 93 94 95 97 99 0 
99 93 87 85 81 73 71 66 65 64 63 60 58 56 55 54 53 52 49 47 44 42 40 38 37 36 35 34 32 31 28 26 22 21 19 17 15 0 1 2 3 4 5 6 7 8 9 10 11 12 13 14 16 18 20 23 24 25 27 29 30 33 39 41 43 45 46 48 50 51 57 59 61 62 67 68 69 70 72 74 75 76 77 78 79 80 82 84 83 86 88 89 90 91 92 94 95 96 97 98 
98 95 93 92 85 84 82 81 76 70 67 65 64 61 59 57 56 54 53 52 51 49 48 47 38 43 39 37 34 33 32 30 29 28 27 26 24 23 22 21 20 19 17 16 8 0 1 3 2 4 5 6 7 9 10 11 12 13 14 15 18 25 31 35 36 40 41 42 44 45 46 50 55 58 60 62 63 66 68 69 72 71 73 74 75 77 78 79 80 83 86 87 88 89 90 91 94 96 97 99 
98 96 94 90 88 84 83 80 74 72 70 69 68 67 64 63 61 57 55 52 51 48 44 43 42 41 40 35 33 29 27 23 22 20 21 17 16 14 13 12 11 10 9 7 5 4 3 2 1 0 6 8 15 18 19 24 25 26 28 31 30 32 34 36 37 38 39 45 46 47 49 50 53 54 56 58 59 60 62 65 66 71 73 75 76 77 78 79 81 82 85 86 87 89 91 92 93 95 97 99 
99 98 97 96 94 92 91 90 77 67 65 61 57 56 54 50 49 48 47 46 45 44 43 41 39 38 37 36 34 29 31 26 23 22 21 20 19 18 17 16 15 14 13 11 12 10 9 8 6 4 3 2 1 0 5 7 24 25 27 28 30 32 33 35 40 42 51 52 53 55 58 59 60 62 63 64 66 68 69 70 71 72 73 74 75 76 78 79 80 81 82 83 84 86 85 87 88 89 93 95 
75 74 73 72 71 69 68 66 65 64 62 60 58 56 51 50 43 39 41 40 37 36 32 35 24 30 28 26 23 22 21 20 19 18 17 16 15 14 10 9 8 7 6 5 4 3 2 0 1 11 13 25 27 31 29 33 34 38 44 45 46 47 48 52 53 54 57 59 61 63 67 70 76 77 78 79 80 81 82 83 84 85 86 87 88 89 91 90 92 93 94 95 97 96 99 98 55 49 42 12 
87 86 79 75 74 70 69 68 67 62 66 61 60 59 58 57 55 52 50 46 42 36 33 31 25 23 21 19 18 17 16 14 13 12 11 9 10 8 7 5 4 6 2 3 1 0 26 29 34 37 40 44 47 48 49 51 54 82 85 88 89 90 91 92 93 94 97 98 99 96 95 84 83 81 80 78 77 76 73 72 71 65 64 63 56 53 45 43 41 39 38 35 32 30 28 27 24 22 20 15 
99 96 94 93 91 87 79 75 74 69 68 64 63 62 60 53 51 49 48 47 46 45 44 43 41 39 37 38 36 34 33 31 30 29 28 27 26 25 24 23 21 20 19 18 17 15 14 13 12 11 9 8 7 6 5 4 3 2 1 0 10 22 32 35 40 42 50 52 54 55 56 57 58 59 61 65 66 67 70 71 72 73 76 77 78 80 81 83 82 84 85 86 88 89 90 92 95 97 98 16 
99 98 97 75 72 71 59 70 69 67 66 63 62 61 58 56 55 47 41 40 37 36 34 32 33 30 29 24 23 22 21 20 19 15 0 1 2 3 4 6 5 12 7 8 9 10 11 13 14 16 17 18 25 26 27 31 28 35 38 39 42 43 44 45 49 48 50 51 52 53 54 57 60 64 65 68 73 74 76 77 78 79 80 81 82 83 84 85 86 87 88 89 90 91 92 93 94 95 96 46 
98 90 84 83 82 80 81 76 72 69 65 64 62 61 60 58 53 51 49 45 44 43 41 40 34 33 30 29 28 24 23 22 21 20 19 18 17 16 14 15 12 10 11 9 7 6 5 4 3 2 1 0 8 13 25 26 27 31 32 35 36 37 38 39 42 46 47 48 50 52 54 55 56 57 59 63 66 67 68 70 71 73 74 75 77 78 79 85 86 87 88 89 91 92 93 94 95 96 97 99 
1 4 5 6 8 9 10 11 12 13 16 17 19 20 22 24 25 26 27 30 31 33 34 36 37 40 41 42 44 45 48 49 50 54 58 59 61 62 64 65 66 67 68 69 76 71 73 74 78 79 80 81 82 83 84 85 87 86 88 89 90 91 92 93 94 95 96 97 99 98 77 75 72 70 63 60 57 56 55 53 52 51 47 46 43 39 38 35 32 29 28 23 21 18 15 14 7 3 2 0 
95 87 85 83 81 80 77 75 74 72 63 62 59 58 56 53 48 46 47 44 43 39 38 35 34 26 33 23 19 15 6 4 3 2 1 0 5 8 9 7 11 10 12 13 14 16 17 18 21 20 22 24 25 27 28 29 30 31 32 36 37 40 41 42 45 49 50 51 52 54 55 57 60 61 64 65 66 67 68 69 70 71 73 76 78 79 82 84 86 88 89 90 91 92 93 94 96 97 98 99 
60 56 1 2 3 4 7 8 9 12 11 13 14 15 17 20 18 22 24 25 26 28 29 30 31 32 35 37 39 50 45 47 46 48 49 51 55 54 57 58 59 62 66 65 64 67 68 70 71 72 73 74 75 77 78 79 76 80 81 82 83 84 85 86 87 88 89 90 93 94 96 97 99 95 92 91 98 69 61 63 53 52 44 43 42 41 40 38 36 34 33 27 23 21 16 19 10 6 5 0 
97 93 92 91 86 80 76 73 74 67 62 66 63 61 60 58 55 53 50 49 48 45 42 40 38 37 36 34 33 26 32 29 25 23 3 2 1 0 4 6 5 7 8 9 10 11 12 13 14 15 16 17 18 19 20 21 22 24 27 28 30 31 35 39 41 43 44 46 47 51 52 54 56 57 59 64 65 68 69 70 71 72 75 77 78 79 81 82 83 84 85 87 88 89 90 94 95 96 98 99 
95 88 87 85 84 83 81 79 77 73 71 70 69 68 67 66 64 62 61 60 58 57 56 55 54 50 48 47 46 45 41 35 32 33 31 29 28 27 26 22 20 19 11 10 7 6 5 4 3 2 1 0 8 9 12 13 14 15 16 17 18 21 23 24 25 30 34 36 37 38 39 40 42 43 44 49 51 52 53 59 63 65 72 74 75 76 78 80 82 86 89 90 91 92 93 94 96 97 98 99 
80 76 75 72 71 68 64 62 60 50 49 48 47 45 44 42 33 18 0 1 2 3 5 4 6 7 8 9 10 11 12 13 14 15 16 20 21 23 25 26 27 30 31 32 35 36 40 51 52 54 55 57 58 59 61 63 65 66 67 69 70 73 74 77 78 79 81 82 83 84 85 87 88 89 86 91 90 95 92 93 94 96 97 98 99 56 53 46 43 41 39 38 37 34 29 28 24 22 19 17 
76 67 56 55 47 46 40 39 34 31 30 26 2 1 3 4 5 6 7 8 9 10 11 12 13 14 16 18 17 20 21 22 23 24 25 28 32 35 37 41 43 44 45 53 54 59 60 61 63 64 65 66 68 69 70 71 72 73 74 75 77 78 79 80 81 82 83 84 85 86 87 88 89 90 91 92 93 94 95 96 97 98 99 62 58 57 52 51 50 49 48 42 38 36 33 29 27 19 15 0 
95 94 93 92 90 89 83 74 73 72 68 65 64 63 57 59 54 52 51 49 48 45 42 41 40 38 33 32 31 30 27 24 21 17 16 15 14 13 12 11 9 8 7 6 5 4 3 2 1 0 10 18 19 20 22 23 25 28 26 29 34 35 36 37 39 43 44 46 47 50 53 55 56 58 60 61 62 66 67 69 70 71 75 76 77 78 79 80 81 82 84 85 86 87 88 91 96 97 98 99 
82 79 75 74 73 70 67 66 55 65 60 59 52 51 46 38 32 20 16 12 11 0 1 3 6 5 7 8 9 10 14 15 17 18 21 22 23 26 28 27 31 34 35 37 42 44 45 50 56 54 57 62 63 64 68 71 72 76 77 78 80 81 83 84 85 87 86 91 92 93 94 95 99 98 97 96 90 89 88 69 61 58 53 49 47 48 43 41 40 39 36 33 30 29 25 24 19 13 4 2 
68 64 3 4 5 6 8 11 12 13 15 16 18 19 20 21 22 23 24 25 26 28 31 33 34 37 39 40 43 45 46 48 52 55 59 70 71 72 88 90 91 92 93 94 95 96 97 98 99 89 87 86 85 84 83 82 81 80 79 78 76 77 73 75 74 69 67 66 65 63 62 61 60 58 57 56 54 53 51 50 49 47 44 42 41 38 36 35 32 30 29 27 17 14 10 9 7 2 1 0 
0 3 4 5 6 8 10 13 14 16 17 19 20 21 22 24 25 26 27 29 30 34 35 39 40 41 42 43 47 48 50 52 54 56 53 58 67 60 61 63 68 69 70 71 72 73 74 75 76 77 78 79 80 81 83 82 84 85 86 87 88 89 90 91 92 93 94 99 98 97 96 95 66 65 64 62 59 57 55 51 49 46 45 44 38 37 36 33 32 31 28 23 18 15 12 11 9 7 2 1 
79 78 77 76 74 73 70 67 66 65 62 59 54 52 51 49 44 46 43 39 40 38 37 36 35 34 33 30 22 21 7 6 5 4 3 2 1 0 8 9 10 11 12 13 16 14 15 17 24 18 19 20 23 25 26 27 28 29 31 32 41 42 45 47 48 50 53 55 56 57 58 60 61 63 64 68 69 71 72 75 80 81 82 83 84 85 86 87 88 89 90 91 92 93 95 94 96 97 98 99 
96 80 77 75 73 71 70 69 67 66 65 63 59 56 54 53 49 48 46 42 36 39 40 33 37 35 34 31 30 28 26 24 18 11 8 7 6 5 4 3 2 1 9 10 12 0 13 14 15 17 21 16 19 22 20 25 29 32 23 38 41 43 44 45 47 50 51 52 55 57 58 60 61 62 64 68 72 74 76 78 79 81 82 83 84 86 85 87 88 89 90 91 93 92 95 94 97 98 99 27 
94 93 89 79 81 77 75 70 69 65 62 64 58 57 56 55 53 51 50 49 46 44 45 42 41 39 36 35 34 33 32 31 29 27 28 24 20 19 21 18 16 12 13 6 2 1 0 3 4 5 7 8 9 10 11 14 15 17 22 23 25 26 30 37 38 40 43 47 48 54 52 59 60 61 63 66 67 68 71 72 73 74 76 78 82 80 83 84 85 86 87 88 90 91 92 95 96 97 98 99 
0 1 2 3 4 5 6 7 10 12 15 16 17 18 19 20 21 22 24 25 27 28 30 31 34 35 36 38 42 44 45 46 48 49 50 51 53 57 56 58 59 60 62 63 64 65 66 67 68 69 70 71 72 73 74 75 76 77 78 79 80 81 82 83 84 85 86 87 88 89 96 97 99 98 95 94 93 92 91 90 61 55 54 52 47 43 41 40 39 37 33 32 29 23 26 14 13 11 9 8 
80 0 1 2 5 6 7 8 9 10 12 14 15 17 18 19 20 22 23 27 28 29 30 32 35 37 40 42 44 49 51 53 55 56 57 58 59 61 62 63 65 66 67 68 64 69 70 71 72 73 74 75 76 77 78 79 81 83 82 84 85 86 87 88 90 95 97 99 98 96 94 93 92 91 89 60 54 52 50 48 47 46 45 43 34 41 38 39 36 33 31 26 25 24 21 16 13 11 4 3 
3 17 20 23 25 29 30 33 35 37 42 53 59 60 69 72 75 76 79 80 84 97 98 96 94 93 92 91 90 88 87 86 82 74 73 63 55 50 45 43 41 38 32 31 28 27 26 22 19 15 14 12 13 11 10 9 7 5 4 6 2 0 1 8 16 18 21 24 34 36 39 40 44 46 47 48 49 51 52 54 56 57 58 61 62 64 65 66 67 68 71 70 77 78 81 83 85 89 95 99 
89 87 83 81 80 75 72 74 71 69 68 67 66 64 62 61 57 56 55 49 50 47 44 40 41 39 37 36 35 34 33 27 26 25 24 22 21 20 19 18 17 15 11 8 0 1 2 3 4 5 6 7 9 10 23 12 13 14 16 28 29 30 31 32 38 42 43 45 46 48 51 52 53 54 58 59 60 65 63 70 73 76 77 78 79 82 84 85 86 88 90 91 92 93 94 95 96 97 98 99 
98 93 91 87 85 80 78 76 75 73 71 70 69 68 67 65 64 62 58 56 52 49 47 45 44 42 41 40 38 35 34 33 29 23 21 20 19 18 17 16 15 13 14 11 8 5 6 4 3 1 2 0 7 9 10 12 22 24 25 26 27 28 30 31 32 36 37 39 43 46 48 50 51 53 54 55 57 59 60 61 63 66 72 74 77 79 81 82 83 84 86 88 89 90 92 94 95 96 97 99 

Rank matrix
9 3 0 2 1 0 0 0 0 0 1 0 0 0 0 0 1 0 1 1 0 2 0 0 0 2 1 0 0 0 0 0 1 0 2 2 4 4 2 3 1 0 2 2 6 5 3 2 2 5 1 4 1 2 1 0 1 0 1 1 1 2 0 0 0 0 0 0 0 0 0 0 0 0 0 0 0 0 0 0 0 0 0 0 0 0 0 0 0 0 0 0 0 0 0 0 0 0 0 15 
3 5 3 0 1 1 0 0 0 0 0 1 0 1 0 0 1 0 0 1 1 1 2 0 1 1 2 1 0 1 0 0 0 1 2 1 3 7 2 1 2 2 3 3 1 7 5 0 5 4 3 0 2 2 1 0 0 1 1 1 0 0 3 0 0 0 0 0 0 0 0 0 0 0 0 0 0 0 0 0 0 0 0 0 0 0 0 0 0 0 0 0 0 0 0 0 0 1 5 4 
1 3 5 2 0 1 0 0 0 0 0 0 1 0 0 0 0 0 0 0 1 1 0 2 0 1 1 2 1 1 1 0 0 1 1 4 1 1 5 2 2 5 4 3 3 1 5 7 2 2 2 2 1 1 1 2 1 1 1 0 2 0 0 0 0 0 0 0 0 0 0 0 0 0 0 0 0 0 0 0 0 0 0 0 0 0 0 0 0 0 0 0 0 0 0 0 0 2 5 6 
1 3 4 3 2 0 2 0 0 0 1 0 1 0 1 0 0 1 0 0 0 1 2 2 2 0 0 0 2 1 0 1 1 1 2 1 4 1 0 5 4 3 3 2 1 4 5 7 7 0 1 2 1 0 1 2 2 1 0 1 0 0 0 0 0 0 0 0 0 0 0 0 0 0 0 0 0 0 0 0 0 0 0 0 0 0 0 0 0 0 0 0 0 0 0 0 0 2 4 2 
0 1 3 5 3 3 0 1 0 0 0 1 0 1 0 1 0 0 1 0 0 0 0 2 2 2 0 0 1 1 1 1 0 1 1 2 1 0 4 3 7 3 1 4 3 5 2 4 5 4 1 0 1 2 1 2 2 1 2 0 0 0 0 0 0 0 0 0 0 0 0 0 0 0 0 0 0 0 0 0 0 0 0 0 0 0 0 0 0 0 0 0 0 0 0 0 0 3 4 1 
0 0 2 3 5 3 1 1 0 0 0 0 0 0 1 0 1 0 0 1 0 0 2 1 0 2 1 1 2 0 2 1 2 0 1 1 1 3 1 4 4 5 4 2 9 3 3 0 0 5 3 0 2 1 4 1 1 3 0 0 0 0 0 0 0 0 0 0 0 0 0 0 0 0 0 0 0 0 0 0 0 0 0 0 0 0 0 0 0 0 0 0 0 0 0 0 2 3 2 0 
0 0 0 1 3 3 2 1 1 0 0 0 1 0 0 1 0 1 0 0 0 1 0 0 2 1 2 3 0 1 1 3 1 0 0 0 2 0 4 3 3 4 5 5 3 5 2 2 3 0 6 5 0 2 2 1 1 0 1 1 0 0 0 0 0 0 0 0 0 0 0 0 0 0 0 0 0 0 0 1 0 0 0 0 0 0 0 0 0 0 0 0 0 0 0 1 5 3 1 0 
0 0 0 1 1 3 4 2 1 1 0 0 0 0 0 0 1 0 1 0 2 0 0 0 0 2 3 1 1 1 3 0 1 2 0 2 0 3 3 4 2 4 6 7 4 1 2 3 1 2 3 4 3 2 0 2 2 0 0 0 0 0 0 0 0 0 0 0 0 0 0 0 0 0 0 0 0 0 1 0 0 0 0 0 0 0 0 0 0 0 0 0 0 0 0 3 3 2 0 0 
0 0 0 1 1 2 5 2 1 0 1 0 0 1 0 0 0 1 0 1 0 1 0 0 0 1 1 2 2 1 1 1 0 1 4 0 3 3 2 1 3 5 5 5 5 1 3 3 3 3 2 4 4 0 2 1 0 0 0 0 0 0 0 1 0 0 0 0 0 0 0 0 0 0 0 0 0 0 0 0 0 0 0 0 0 0 0 0 0 0 0 0 0 0 1 2 2 2 1 2 
0 0 0 0 2 1 1 4 3 0 0 1 0 0 1 0 0 0 1 0 1 0 1 0 1 0 0 2 2 1 1 1 1 1 1 5 1 1 2 4 5 3 5 5 2 3 2 4 4 2 3 1 2 4 0 1 1 1 0 0 0 0 0 0 0 0 0 0 0 0 0 0 0 0 0 0 0 1 0 0 0 0 0 0 0 0 0 0 0 0 0 0 0 1 1 2 2 2 2 1 
0 0 0 0 0 2 2 1 5 3 0 0 1 0 0 1 0 0 0 1 0 1 0 1 1 0 0 0 2 3 0 2 2 0 2 4 2 1 4 2 3 6 1 3 4 4 3 4 3 3 3 0 2 2 3 0 1 1 0 0 1 0 0 1 0 0 0 0 0 0 0 0 0 0 0 0 1 0 0 0 0 0 0 0 0 0 0 0 0 0 0 0 1 0 2 1 4 0 0 0 
0 0 0 0 0 1 1 2 0 4 1 0 0 0 0 0 1 0 0 0 2 0 2 2 0 0 1 0 0 2 2 0 2 3 5 0 2 1 2 3 5 1 5 3 3 4 5 1 4 6 2 1 1 2 1 1 0 1 2 1 0 0 0 0 0 0 0 0 0 0 0 0 0 0 0 1 0 0 0 0 0 0 0 0 0 0 0 0 0 0 0 1 0 0 2 4 0 2 2 0 
0 0 0 0 0 0 2 2 3 2 4 1 0 0 0 0 0 1 0 1 0 1 0 1 1 0 0 1 0 0 2 3 1 6 0 0 2 4 4 3 1 3 2 1 4 5 6 3 2 3 3 5 1 1 1 2 1 0 0 1 0 0 0 0 0 0 0 0 0 0 0 0 0 0 0 0 0 0 0 0 0 0 0 0 0 0 0 0 0 0 1 0 0 0 4 1 1 2 0 1 
0 0 0 0 0 0 0 4 2 3 3 4 0 1 0 0 0 0 1 0 0 1 2 0 1 2 0 0 0 0 0 1 5 1 3 2 1 2 5 2 0 2 2 5 4 2 4 7 2 1 5 4 3 2 2 1 1 1 0 1 0 0 0 0 0 0 0 0 0 0 0 0 0 0 0 0 0 0 0 0 0 0 0 0 0 0 0 0 0 1 0 0 1 0 0 0 2 1 0 0 
0 0 0 1 0 0 0 0 2 1 1 3 3 1 0 0 0 0 0 1 1 1 0 0 0 1 0 0 0 0 1 3 2 3 1 3 3 6 1 3 3 1 2 3 2 3 4 4 5 2 4 2 5 1 0 2 1 1 1 0 1 0 0 0 0 0 0 0 0 0 0 0 0 0 1 0 0 0 0 0 0 0 0 0 0 0 0 0 0 0 0 0 0 4 0 3 1 1 1 0 
0 0 0 0 0 0 0 0 2 1 3 1 4 3 1 0 0 0 0 0 3 0 0 1 1 0 0 1 0 1 0 3 1 4 1 5 5 2 3 3 3 4 2 2 1 3 3 1 3 5 1 3 1 3 1 0 2 1 0 1 0 1 0 0 0 0 0 0 0 0 0 0 0 1 0 0 0 0 0 0 0 0 0 0 0 0 0 0 1 0 1 0 0 2 2 1 0 0 1 1 
0 0 0 0 1 0 0 0 0 3 2 2 1 1 0 2 0 0 1 2 0 0 0 0 2 0 2 0 0 0 3 1 1 0 7 5 3 3 2 3 3 3 2 2 2 2 1 3 0 3 2 2 5 3 2 1 0 1 2 0 1 0 1 0 1 0 0 0 0 0 0 0 1 0 0 0 0 0 0 0 0 0 0 0 0 0 0 0 0 0 0 1 0 2 3 1 2 0 0 1 
0 1 0 0 0 1 0 0 0 1 3 2 2 1 2 0 1 0 1 0 0 1 0 1 0 0 0 0 2 2 2 0 1 3 3 3 6 4 2 1 4 1 3 2 1 1 1 2 2 2 4 4 1 2 3 0 1 2 1 1 0 1 0 0 1 0 0 0 0 0 0 1 0 0 0 0 0 0 0 0 0 0 0 0 0 0 0 0 0 0 0 0 3 1 2 4 0 1 0 2 
0 0 0 0 0 0 0 0 0 0 0 1 1 4 2 0 1 3 1 0 1 0 1 0 0 1 0 1 3 1 0 2 3 3 1 1 4 4 1 5 1 3 3 1 3 0 1 1 2 2 2 4 5 3 3 3 0 1 1 0 2 0 0 0 0 1 0 0 0 0 1 0 0 0 0 0 0 0 0 0 0 0 0 0 0 0 0 1 0 1 0 1 3 3 1 0 0 0 1 1 
0 0 0 0 0 0 1 0 0 0 1 1 2 1 5 2 1 0 1 1 0 0 0 0 0 0 0 3 1 1 2 3 4 4 2 6 3 3 6 1 1 2 3 0 1 2 0 1 1 1 1 0 3 3 3 1 2 0 1 1 0 1 1 1 0 0 0 0 0 1 0 0 0 0 0 0 0 0 0 0 0 0 0 0 0 0 0 0 0 0 0 1 2 2 2 1 1 2 3 0 
0 0 1 0 0 0 0 1 0 0 0 1 3 1 2 5 2 3 0 0 0 0 0 1 0 0 3 1 0 2 4 2 3 2 6 3 2 3 3 3 4 1 0 3 1 1 0 0 1 3 2 1 2 2 5 3 2 2 0 1 0 0 0 0 0 0 0 0 1 0 0 0 0 0 0 0 0 0 0 0 0 0 0 0 0 0 0 1 0 0 1 0 0 2 1 1 0 1 1 0 
0 0 0 0 1 0 0 0 1 1 0 1 0 2 0 3 4 0 0 1 0 0 0 0 1 1 1 0 1 4 3 3 3 5 4 1 3 4 5 2 1 2 1 2 2 0 1 0 2 0 3 3 0 1 1 4 3 2 1 1 1 1 0 0 0 0 1 0 0 0 0 0 0 0 0 0 0 0 0 0 0 0 0 0 0 0 0 0 1 0 0 3 2 2 1 0 2 0 1 0 
0 0 0 0 0 0 0 0 0 1 0 0 1 1 3 1 2 5 1 1 1 0 0 0 0 1 1 0 3 5 4 4 6 2 0 3 0 2 1 6 1 0 0 0 0 2 1 3 0 1 1 2 1 2 1 2 4 3 5 1 1 3 0 0 0 1 0 1 0 0 0 0 0 0 0 0 0 0 0 0 0 0 0 0 0 1 0 0 0 0 2 0 2 0 2 0 0 2 0 0 
0 0 0 1 0 0 0 0 0 0 0 0 0 2 1 1 1 2 3 0 0 1 0 0 0 2 1 3 5 1 2 5 4 3 1 0 4 3 1 1 5 1 1 0 0 0 2 0 2 0 0 1 3 3 2 3 1 2 4 4 2 1 1 0 0 0 1 0 0 0 0 0 0 0 0 0 0 0 0 0 0 0 0 0 0 0 2 0 0 0 0 5 3 1 0 1 0 0 0 1 
0 0 0 0 0 0 0 0 0 0 1 0 0 0 1 4 0 2 3 2 1 0 1 0 3 0 0 5 1 3 2 3 1 3 3 3 2 1 2 1 0 4 0 0 0 0 0 1 1 2 1 2 1 2 3 2 3 3 2 2 3 2 1 1 0 1 1 1 0 0 0 0 0 0 0 0 0 0 0 0 0 0 0 0 1 0 0 0 0 1 1 3 0 2 0 1 2 0 0 2 
0 0 0 0 1 0 0 0 0 0 1 1 0 0 0 0 4 0 1 4 0 1 0 1 1 1 3 0 5 1 3 3 2 2 5 1 3 2 1 0 0 1 3 0 0 0 0 2 1 1 1 2 3 4 2 3 3 2 2 3 2 3 1 1 2 0 0 0 0 0 0 0 0 0 0 0 0 0 0 0 0 0 0 1 0 0 0 0 1 2 3 0 1 1 1 0 0 1 0 0 
0 0 0 0 0 0 0 0 0 0 0 2 1 0 0 1 0 3 2 0 3 1 2 1 1 1 1 2 1 6 3 3 6 2 1 5 3 1 1 1 1 0 1 2 0 0 2 0 1 1 2 1 2 1 4 3 1 2 1 1 2 2 2 0 1 1 0 0 0 0 0 0 0 0 0 0 0 0 0 0 1 0 0 0 0 0 0 1 0 2 2 2 2 0 1 0 1 0 0 0 
0 0 0 0 0 0 0 0 0 0 0 0 0 1 1 0 1 0 2 2 3 1 1 1 0 3 1 3 2 4 4 2 2 3 3 2 1 1 1 2 1 0 0 2 0 1 0 0 1 0 0 2 1 2 2 4 3 1 4 0 3 2 2 4 1 0 0 0 0 0 0 0 0 0 0 0 0 0 0 0 0 0 1 0 0 0 0 0 2 1 1 2 0 2 1 1 2 1 2 1 
0 0 0 0 0 0 0 0 0 0 0 0 1 0 0 0 1 2 0 0 3 6 1 0 3 0 4 3 6 4 2 1 2 3 4 2 1 1 2 0 0 0 0 0 4 0 0 0 0 1 0 1 4 0 2 1 3 1 1 5 0 3 2 2 4 0 0 0 0 0 0 0 0 0 0 0 0 0 0 0 0 0 0 0 0 1 1 1 0 1 2 2 2 0 1 2 0 1 0 0 
0 0 0 0 0 1 0 0 0 0 0 0 0 0 2 1 0 0 1 2 0 2 3 1 0 4 4 4 2 2 4 2 4 4 0 5 1 1 0 0 0 0 0 0 0 2 0 1 0 0 1 1 1 4 2 2 2 4 0 3 2 1 1 3 1 2 1 0 0 0 0 0 0 0 0 0 0 0 0 0 0 1 0 0 0 0 0 1 2 1 3 1 2 1 2 1 1 0 0 0 
0 0 0 0 0 0 1 0 0 0 1 1 0 0 0 1 1 1 1 3 2 1 2 4 1 3 2 4 2 3 2 4 2 1 0 1 1 1 0 0 0 1 0 0 1 0 1 0 0 1 1 1 0 1 3 3 5 2 2 0 5 1 3 0 2 4 1 1 0 1 0 0 0 0 0 0 0 0 0 0 1 0 0 0 0 0 0 1 0 4 2 0 2 2 0 2 0 0 0 0 
0 0 0 0 0 0 0 0 0 1 0 0 0 1 0 0 1 1 3 1 2 0 2 4 6 0 3 2 2 3 1 6 0 3 5 1 2 0 0 0 1 0 1 1 0 1 0 0 0 0 0 0 1 3 1 4 2 5 4 2 2 2 4 1 1 0 2 0 0 0 0 0 0 0 0 0 0 0 0 0 0 0 0 0 0 0 1 0 0 3 2 1 1 0 2 0 1 1 0 0 
0 0 0 0 0 0 0 0 0 0 0 0 0 0 0 0 1 2 1 1 0 3 4 6 2 6 2 3 2 1 5 0 4 0 2 2 1 1 1 0 0 0 1 1 0 1 1 0 0 0 1 0 0 0 0 0 1 2 5 4 0 5 1 3 1 2 2 2 0 0 0 0 0 0 0 0 0 0 0 1 0 1 0 0 0 0 2 1 5 1 0 2 1 1 0 1 1 0 0 0 
0 0 0 0 0 0 0 1 0 0 0 0 1 0 0 0 1 0 1 2 3 3 6 3 1 7 6 0 5 2 3 3 2 5 1 0 0 0 0 0 0 0 0 0 0 0 1 2 0 0 0 0 1 1 1 1 1 3 2 2 2 2 1 1 1 0 1 1 3 0 0 0 0 0 0 0 0 0 1 0 0 0 0 0 1 1 0 1 4 2 4 1 0 0 1 0 0 0 0 1 
0 0 0 0 0 0 0 0 1 0 0 0 0 2 0 0 0 0 1 2 0 4 2 2 11 4 2 5 3 4 2 1 3 2 1 0 0 0 1 0 0 1 0 0 0 0 1 1 3 0 0 0 0 0 2 3 3 2 1 0 2 2 3 0 1 1 2 1 1 2 0 0 0 0 0 0 0 1 0 0 0 0 0 0 1 3 0 3 3 3 0 0 0 1 0 0 0 0 0 0 
0 0 0 0 0 0 0 0 1 0 0 0 0 0 1 0 1 0 0 1 1 1 1 8 6 2 7 6 1 2 0 3 2 0 2 1 0 1 0 2 0 0 1 0 1 0 0 0 0 0 0 0 0 0 0 3 4 2 2 3 1 2 2 5 1 1 2 2 1 0 0 0 0 0 0 0 1 0 0 0 0 0 0 0 3 0 2 5 0 0 0 1 1 2 1 0 1 0 0 0 
0 0 0 0 0 0 0 0 0 0 0 0 0 0 1 1 0 0 1 1 5 3 7 6 1 4 5 5 4 0 3 4 0 3 0 0 0 0 0 0 1 0 0 0 0 1 0 1 0 2 0 0 0 0 1 0 2 1 2 3 3 1 3 1 1 2 0 2 0 2 0 0 0 0 0 0 0 0 0 0 0 0 0 2 1 1 3 2 3 1 1 2 0 1 0 0 0 0 0 0 
0 0 0 0 0 0 0 0 0 1 0 0 0 0 0 1 0 0 3 0 3 2 2 3 6 5 5 3 5 3 2 0 2 0 0 0 1 0 1 0 0 0 0 1 0 0 0 0 2 1 0 1 0 0 0 0 0 3 5 4 3 1 2 5 2 0 1 1 2 2 1 0 0 0 0 1 0 0 0 0 0 0 1 1 1 3 3 1 1 1 0 0 2 0 0 0 0 0 0 0 
0 0 0 0 0 0 0 0 0 0 0 0 0 0 0 2 0 0 1 2 2 5 6 2 2 4 2 2 2 1 3 2 0 0 1 0 1 1 0 0 1 2 0 0 0 0 0 0 0 0 1 0 0 0 1 0 1 3 3 4 6 2 2 4 3 1 2 1 2 1 0 1 0 0 0 0 0 0 0 0 0 0 0 1 2 2 6 2 0 0 2 1 2 0 0 0 0 0 0 0 
0 0 0 0 0 0 0 1 0 0 0 0 0 0 0 0 0 2 0 4 3 5 1 3 2 5 3 2 2 4 1 0 1 0 0 1 0 1 1 0 0 1 0 0 0 0 0 0 0 2 1 0 0 1 0 0 0 3 0 3 1 4 5 3 6 2 1 2 1 3 3 0 0 0 1 0 0 0 0 0 0 1 2 1 0 3 1 2 1 2 1 0 0 0 0 0 0 0 1 0 
0 0 0 0 0 0 1 0 0 0 0 0 0 0 0 0 2 2 2 3 2 4 5 5 5 3 5 3 0 3 0 0 0 0 0 0 0 0 1 1 0 0 1 0 0 0 1 0 0 0 1 1 0 0 0 1 0 0 1 2 1 5 3 2 3 6 0 0 3 1 3 3 1 0 0 0 0 0 0 0 0 0 1 2 1 3 2 1 1 1 1 1 0 0 0 0 0 0 0 0 
0 0 0 0 0 0 0 0 0 0 0 0 0 0 0 0 2 3 3 2 3 1 3 4 9 3 2 2 4 1 3 0 0 0 0 0 1 0 0 2 2 0 1 1 0 0 0 0 0 0 1 1 1 0 0 0 0 0 0 1 4 2 4 3 3 2 3 1 0 0 2 1 0 2 0 0 0 0 0 0 1 1 2 0 4 2 1 1 3 1 1 0 0 0 0 0 0 0 0 0 
0 0 0 0 0 0 0 0 0 0 1 0 0 0 1 1 3 3 4 3 6 3 5 4 2 3 2 5 3 2 1 2 0 0 0 0 0 0 0 0 0 0 0 0 2 0 0 0 0 0 1 0 0 0 0 0 0 0 2 0 3 3 0 3 1 4 3 2 1 1 0 2 1 0 0 0 0 0 0 0 2 1 1 4 3 2 0 1 0 0 0 2 0 0 0 0 0 0 1 0 
0 0 0 0 0 0 0 0 0 0 0 0 0 1 0 2 3 3 4 5 1 4 4 7 0 2 3 3 5 2 2 1 0 0 0 0 0 0 0 1 2 0 0 0 0 1 0 0 0 0 0 0 1 1 0 0 1 0 0 1 0 2 1 2 3 2 4 2 2 2 1 0 2 1 0 0 0 0 0 0 1 2 0 5 2 1 1 1 1 1 0 0 0 0 0 0 0 0 0 1 
0 0 0 0 0 0 0 0 0 0 0 0 1 0 3 2 3 3 3 3 7 5 6 1 2 3 4 2 2 2 0 0 0 0 0 0 0 0 0 0 1 1 0 0 0 1 1 0 0 0 0 1 0 0 0 1 1 0 1 2 2 1 3 1 1 1 2 2 2 1 1 1 2 0 1 0 0 0 0 3 1 2 5 1 3 0 1 0 0 0 0 0 0 0 0 0 0 1 0 0 
0 0 0 0 0 0 0 0 0 0 0 0 0 1 0 1 1 4 4 4 3 5 1 1 4 4 2 3 1 4 3 0 0 0 0 0 0 1 1 0 0 1 1 1 0 0 1 0 0 0 0 0 1 0 1 0 0 0 1 2 2 0 4 2 5 3 0 3 2 1 3 1 2 0 0 0 0 0 1 0 0 1 5 2 0 2 1 0 1 1 0 0 0 0 0 1 0 0 0 0 
0 0 0 0 0 1 0 0 0 0 0 1 1 1 3 0 3 2 3 3 3 2 0 1 6 1 1 2 2 0 1 1 1 0 0 0 0 0 1 0 0 0 0 0 1 0 0 0 0 0 0 0 0 1 1 0 0 1 0 0 2 3 2 4 1 6 3 3 3 3 2 1 1 3 0 0 0 0 3 2 1 4 1 2 2 0 0 1 1 0 0 0 0 0 0 0 0 0 1 1 
0 0 0 0 1 0 0 0 0 0 1 0 1 0 2 3 1 2 6 5 1 1 3 5 0 3 2 1 2 0 1 3 0 0 0 0 0 0 0 0 0 0 0 0 0 0 0 1 0 0 0 1 1 1 0 0 0 0 0 0 0 2 1 4 4 3 3 3 3 2 0 3 1 2 3 0 0 1 1 1 3 3 3 2 2 0 0 0 0 0 0 0 0 0 0 0 1 1 0 0 
0 0 0 1 0 0 0 0 0 1 1 1 0 1 1 3 4 4 2 3 4 2 5 2 2 2 5 0 0 1 2 2 4 1 0 0 0 0 0 0 0 1 1 0 0 0 0 0 0 0 0 1 0 1 1 0 1 0 1 1 1 1 2 1 2 2 4 5 2 2 3 1 0 0 1 1 1 1 1 1 2 0 1 1 0 1 0 0 0 0 1 0 0 0 0 0 0 0 0 0 
0 0 0 0 0 0 0 0 0 0 1 0 0 1 0 3 3 4 4 6 1 7 3 1 3 2 0 3 0 3 0 2 2 4 1 0 0 0 0 1 0 0 1 1 0 0 0 0 1 0 0 0 2 0 1 1 0 0 0 0 1 0 3 1 4 4 2 4 0 1 4 0 0 1 0 2 2 0 0 0 2 2 1 1 0 0 0 0 0 1 1 0 0 0 0 0 0 1 0 0 
0 0 0 0 0 0 0 0 0 1 0 0 1 3 3 6 3 2 4 0 7 4 3 2 0 2 0 1 0 1 2 0 2 1 2 1 0 1 0 0 0 0 0 0 0 0 0 1 0 0 0 0 0 0 0 0 0 1 0 1 0 1 0 1 0 5 5 1 7 1 1 5 0 0 2 2 0 3 1 3 2 1 1 0 0 0 0 2 1 0 0 0 0 0 0 0 0 0 0 0 
0 0 1 0 0 0 0 0 0 1 0 1 1 2 7 4 2 5 2 2 5 1 0 1 2 0 0 0 3 0 2 1 0 1 1 3 0 0 0 0 0 1 0 0 0 0 0 1 0 1 0 0 0 1 0 1 0 0 0 1 1 0 0 1 2 0 4 4 3 5 1 2 4 1 2 3 2 1 1 2 2 2 0 1 0 0 0 2 0 0 0 0 0 0 0 0 0 0 0 0 
0 0 0 1 0 0 0 0 0 1 0 2 1 4 3 1 3 5 2 4 2 1 2 3 1 0 0 0 0 2 0 2 1 0 2 1 0 0 0 0 1 0 0 0 0 1 0 0 1 0 0 0 0 0 1 1 0 0 0 0 0 1 0 1 2 2 4 4 3 3 2 3 4 3 1 0 2 2 3 2 1 2 1 1 1 0 2 0 0 0 0 0 0 0 1 0 0 0 0 0 
0 0 1 0 0 0 0 0 1 1 1 3 2 4 3 5 5 2 3 4 1 1 2 0 0 1 0 0 1 0 1 1 0 1 2 0 2 0 1 0 0 0 0 1 0 0 0 0 0 0 1 0 0 1 0 1 1 0 0 0 0 0 2 0 2 1 2 2 3 2 5 1 3 3 2 2 2 2 3 2 3 0 1 0 0 2 1 0 0 0 0 0 0 0 0 0 0 0 0 0 
0 0 0 0 0 0 0 0 0 0 1 2 2 0 2 1 2 4 4 0 0 1 1 1 1 0 2 0 0 1 0 1 2 1 1 2 1 2 0 0 0 1 1 0 1 0 1 0 0 2 0 1 0 0 1 0 2 0 2 0 0 0 0 2 0 3 0 5 5 7 4 4 3 2 4 4 4 1 0 3 0 0 1 0 0 0 1 0 0 0 0 0 0 0 0 0 0 0 0 0 
0 0 0 1 0 0 0 0 1 0 0 1 2 3 2 3 6 2 2 3 2 2 1 1 0 0 0 1 0 0 1 0 1 2 0 0 3 1 1 0 0 0 0 1 0 0 0 1 0 0 1 0 1 0 0 1 0 1 0 1 0 0 0 0 1 1 3 1 5 4 2 6 7 3 1 1 3 3 6 1 0 1 0 0 0 0 0 1 0 0 0 0 0 0 0 0 1 0 0 0 
0 1 1 0 0 0 0 0 0 1 1 0 0 6 3 3 2 2 3 3 2 0 1 0 0 0 0 0 1 1 1 1 1 3 0 0 2 1 2 0 0 0 0 0 1 0 0 0 2 0 0 0 0 1 0 0 1 1 0 0 1 0 0 1 0 0 3 3 1 6 6 3 6 3 4 1 0 5 3 0 1 0 0 0 1 1 1 0 1 0 0 0 0 0 0 1 0 0 0 0 
0 0 1 0 0 0 0 1 2 2 2 0 2 3 2 5 3 2 1 2 0 2 0 0 0 0 0 0 0 1 0 0 1 1 3 0 1 2 1 1 0 0 0 1 0 0 0 0 0 0 1 1 0 0 1 0 0 1 1 0 1 0 0 0 2 1 1 2 2 3 8 6 0 6 3 5 4 2 2 1 1 1 0 0 0 1 0 0 0 1 0 0 0 0 0 0 0 0 0 0 
0 0 0 0 0 0 0 0 1 1 2 1 6 5 4 3 3 1 3 0 2 1 0 0 0 0 0 0 0 0 1 1 0 1 1 4 0 1 0 3 1 0 0 0 1 0 0 0 0 0 0 0 2 0 0 0 0 0 0 0 0 2 0 0 0 0 1 1 2 0 5 5 3 8 4 4 6 3 1 1 2 1 1 0 1 0 0 0 0 0 0 0 0 0 0 0 0 0 0 0 
0 1 0 0 0 0 1 0 1 4 1 4 8 3 5 2 1 6 0 2 2 0 0 0 0 0 0 1 0 0 1 1 1 0 3 1 1 0 2 1 2 1 0 0 0 3 0 0 0 0 0 1 0 1 0 0 0 0 1 0 0 0 1 0 0 0 0 2 2 0 0 5 4 2 6 6 4 2 1 2 0 0 0 0 0 0 0 0 0 1 0 0 0 0 0 0 0 0 0 0 
1 0 0 0 0 0 0 1 3 0 2 6 8 4 8 4 3 1 2 2 1 0 0 0 0 0 0 0 1 0 0 0 1 0 0 2 1 2 0 2 1 2 0 0 1 0 1 0 0 0 1 0 0 0 0 0 0 0 0 1 0 0 0 1 0 0 0 0 1 5 0 4 7 4 3 2 1 5 3 1 0 1 0 0 0 0 0 0 0 0 0 0 0 0 0 0 0 0 0 0 
0 0 0 0 0 0 0 1 2 1 1 7 2 7 3 3 3 2 2 1 0 0 0 0 0 0 0 0 0 0 0 0 0 1 0 0 3 2 2 0 0 1 1 0 0 0 2 1 0 1 0 0 0 0 1 0 0 0 0 1 0 0 0 0 1 1 0 1 2 2 3 1 8 4 5 3 5 2 4 2 3 0 0 1 0 0 0 0 0 0 0 0 0 0 1 0 0 0 0 0 
0 1 0 0 0 0 0 3 1 1 7 6 3 3 1 2 1 3 1 0 0 0 0 0 0 0 0 0 0 1 0 0 1 0 1 1 0 3 2 1 1 1 2 0 0 0 0 1 1 1 0 1 0 0 0 0 0 0 0 0 1 0 0 0 0 1 1 0 1 1 4 2 2 8 3 9 3 3 3 3 0 1 0 1 1 1 0 0 0 0 0 0 0 0 0 0 0 0 0 0 
1 0 0 0 0 0 2 2 1 3 6 2 7 3 1 3 2 0 1 0 0 0 0 0 0 0 0 0 0 0 0 0 0 0 0 2 1 0 1 3 1 0 0 2 0 0 0 0 2 0 0 0 1 0 0 1 0 0 0 0 1 1 1 0 0 0 2 1 1 3 0 3 1 2 8 5 4 3 4 4 5 0 0 1 0 0 0 0 0 0 1 0 0 0 0 1 0 0 0 0 
0 1 0 0 0 0 3 0 1 4 7 7 5 1 4 2 4 0 0 0 0 0 0 0 0 0 0 0 0 0 0 0 0 0 0 0 1 1 2 0 1 0 0 3 3 1 0 0 0 1 1 0 0 1 0 0 0 0 0 0 0 0 0 0 0 1 1 2 1 0 3 1 3 3 6 5 3 2 2 3 2 4 2 0 0 1 0 0 0 0 0 1 0 0 0 0 0 0 0 0 
0 0 0 0 0 3 1 1 3 7 5 9 2 3 0 4 1 0 0 0 0 0 0 0 0 0 0 0 0 0 1 0 1 0 0 0 0 1 0 2 2 2 0 1 1 1 0 1 0 0 2 0 0 0 0 1 1 0 0 0 0 1 0 1 0 1 0 0 2 1 0 1 1 7 5 4 4 2 2 2 4 3 1 1 0 0 1 0 0 0 0 0 0 0 0 0 0 0 0 0 
1 2 0 0 0 0 2 5 6 5 8 1 4 1 4 2 0 2 0 0 0 1 0 0 0 0 0 0 0 0 0 1 0 0 0 0 0 0 1 1 2 2 1 0 1 0 2 1 0 1 0 1 0 0 0 0 0 1 0 0 0 0 0 0 2 0 1 1 0 2 1 1 2 2 2 4 7 5 2 1 2 3 2 0 0 0 0 1 0 0 0 0 0 0 0 0 0 0 0 0 
0 1 0 0 3 1 2 3 3 8 1 5 0 6 4 2 0 0 0 0 0 0 0 0 0 0 0 0 0 0 0 0 1 0 0 0 1 0 1 0 2 1 2 1 0 3 1 1 0 0 1 1 0 0 0 0 1 0 1 0 0 0 2 1 0 1 1 0 1 0 2 1 1 2 4 3 6 7 3 2 1 0 1 1 1 0 0 0 2 0 0 0 0 0 0 0 0 0 0 0 
1 0 0 0 0 3 3 3 7 5 5 0 2 4 2 0 1 0 0 0 0 0 0 0 0 0 0 0 0 0 0 0 0 0 0 0 0 0 0 0 1 1 2 2 0 1 2 1 2 0 1 0 1 0 1 0 0 0 0 0 0 0 1 0 2 1 0 1 0 0 1 2 3 0 1 8 4 7 3 3 3 5 0 2 0 0 0 0 0 1 0 0 0 0 0 0 0 0 0 1 
1 0 0 0 1 3 2 7 7 5 2 3 5 1 2 0 0 0 0 0 0 0 1 0 0 0 0 0 0 0 0 0 0 0 0 0 0 0 0 1 0 3 2 1 0 2 1 0 0 2 0 1 0 1 0 0 0 0 0 1 0 1 0 3 0 1 0 0 1 0 1 3 0 0 3 2 4 4 7 4 2 1 4 0 2 2 0 0 0 0 0 0 0 0 0 0 0 0 0 0 
0 0 0 2 2 3 5 8 5 2 2 3 3 0 0 0 0 0 0 0 0 0 0 0 0 0 0 0 0 0 0 0 0 2 0 1 0 0 0 1 2 1 1 0 4 0 1 1 1 0 2 0 2 0 1 0 0 0 0 0 2 0 0 0 1 0 0 1 0 1 0 1 2 1 1 0 3 6 4 6 3 3 2 3 1 2 1 0 0 0 0 1 0 0 0 0 0 0 0 0 
0 0 1 4 2 5 6 4 1 0 4 2 2 0 0 1 1 0 0 0 0 0 0 0 0 0 0 0 0 0 0 1 0 0 1 0 1 0 0 0 0 1 4 2 0 2 1 3 1 1 0 1 0 0 0 2 0 1 0 0 0 0 1 0 0 1 1 0 0 0 1 0 1 1 0 0 3 2 5 8 6 6 3 2 1 1 1 0 0 0 1 0 0 0 0 0 0 0 0 0 
0 0 2 2 5 4 3 5 2 4 1 1 0 1 2 1 0 0 0 0 0 0 0 0 0 0 0 0 0 0 0 0 0 0 0 1 0 1 0 0 0 0 1 3 2 0 1 1 3 1 0 1 1 1 0 0 2 0 0 1 0 1 0 0 0 1 0 0 0 1 0 1 1 1 1 2 1 3 4 8 5 3 5 3 4 1 1 0 0 0 0 0 0 0 0 0 0 0 0 0 
0 0 3 1 7 5 4 2 2 4 1 0 0 2 0 0 0 0 0 0 0 0 0 0 0 0 0 0 0 0 0 0 0 0 2 0 1 0 0 0 0 0 1 1 1 1 1 1 2 2 1 0 2 2 0 0 0 1 1 0 0 1 1 0 1 0 0 0 1 1 2 0 1 1 1 1 1 1 3 1 10 4 5 3 2 4 2 1 0 0 0 0 1 0 0 0 0 0 0 0 
0 3 0 3 3 1 3 3 5 2 2 3 3 1 0 0 0 0 0 0 0 0 0 0 0 0 0 0 0 0 0 0 0 2 0 0 0 1 0 0 0 0 0 0 2 2 1 1 1 2 2 1 0 1 2 0 0 0 1 0 1 0 1 2 1 0 3 0 1 0 0 1 0 1 2 1 1 3 3 3 3 8 2 7 2 0 1 1 0 0 0 0 0 1 0 0 0 0 0 0 
2 3 3 5 2 2 5 2 4 0 1 3 2 0 0 0 1 0 0 0 0 0 0 0 0 0 0 0 0 0 0 0 0 0 0 0 0 0 1 0 0 0 0 0 0 3 2 3 0 1 2 1 1 0 1 1 0 1 1 2 0 0 1 1 0 0 0 3 0 0 0 1 0 0 1 1 0 0 2 4 3 5 7 3 5 3 3 0 0 0 0 0 0 0 2 0 0 0 0 0 
3 1 2 3 2 2 4 4 1 2 2 2 0 0 0 0 0 1 0 0 0 0 0 0 0 0 0 0 0 0 0 0 0 0 0 0 0 0 0 1 0 1 0 0 1 0 2 0 2 1 1 2 2 0 1 0 3 1 1 1 1 0 0 0 1 0 1 1 2 1 0 0 2 0 1 0 0 3 2 2 2 5 8 4 4 5 2 4 0 0 0 0 0 0 0 0 0 0 0 0 
0 0 6 4 3 5 2 0 2 1 3 0 0 0 0 0 0 0 0 0 0 0 0 0 0 0 0 0 0 0 0 0 0 0 1 0 0 0 0 0 1 0 0 0 0 0 0 1 0 3 1 3 1 3 0 2 0 2 1 0 1 1 1 1 1 2 0 0 1 0 1 0 0 1 1 0 2 0 1 2 2 1 6 8 6 4 4 5 2 0 0 0 1 0 0 0 0 0 0 0 
0 3 0 0 2 2 2 0 1 2 1 0 0 0 0 0 0 0 0 0 0 0 0 0 0 0 0 0 0 0 0 0 0 0 0 0 0 0 0 0 1 0 0 0 0 1 1 1 3 0 1 1 3 0 3 1 3 0 1 2 1 2 0 1 2 0 1 0 0 2 0 0 0 2 2 3 1 0 0 2 2 3 2 8 8 6 5 3 6 1 0 0 0 1 0 1 0 0 0 0 
2 3 3 3 0 4 3 3 2 3 1 0 0 0 0 0 0 0 1 0 0 0 0 0 0 0 0 0 0 0 0 0 0 0 0 0 0 0 0 1 0 1 0 0 0 0 0 0 0 2 2 1 1 2 1 4 0 2 1 1 1 0 1 1 0 1 0 1 0 0 2 0 0 3 0 1 2 1 0 0 3 2 3 3 6 6 5 3 4 3 1 0 0 0 0 0 0 0 0 0 
4 2 2 1 2 6 1 3 6 1 1 0 0 0 0 0 0 0 0 1 0 0 0 0 0 0 0 0 0 0 0 0 0 0 0 0 0 0 0 0 0 0 0 0 0 0 0 1 0 0 2 1 1 5 3 0 1 2 1 1 2 2 2 1 0 0 0 0 1 0 0 1 0 0 1 1 1 2 2 0 1 1 3 3 4 8 3 5 3 2 2 0 0 0 0 0 1 0 0 0 
1 0 2 1 5 0 3 5 0 1 0 0 0 0 0 0 0 0 0 0 0 0 0 0 0 0 0 0 0 0 0 0 0 0 0 0 0 0 0 0 0 0 1 0 0 0 0 0 1 1 0 2 0 3 3 3 2 0 4 1 0 4 1 0 1 0 1 0 0 0 0 1 1 1 0 0 1 1 1 1 1 3 1 4 4 4 10 4 5 4 3 2 0 0 1 0 0 1 0 0 
2 0 0 3 5 2 5 1 0 2 1 0 0 0 0 0 0 0 0 0 0 0 0 0 0 0 0 0 0 0 0 0 1 0 0 1 0 0 1 0 0 0 0 1 0 0 0 0 0 1 0 1 4 0 0 5 2 4 1 2 3 0 1 1 0 1 0 1 0 1 0 0 1 1 0 0 0 1 2 1 0 0 3 1 5 4 5 6 6 5 3 3 0 0 0 0 0 0 0 0 
1 3 4 5 1 6 6 3 3 0 0 0 0 0 0 0 0 0 0 0 0 0 0 0 0 0 0 0 0 0 0 0 0 0 0 0 0 1 0 0 0 0 0 0 1 0 0 0 0 0 0 2 0 2 4 0 3 3 0 1 2 2 1 1 1 1 1 0 1 0 0 0 2 1 1 0 0 0 1 2 1 0 0 3 1 5 4 5 6 4 0 2 2 0 0 1 0 0 0 0 
1 2 3 1 2 4 1 3 1 0 0 0 0 0 0 0 0 0 0 0 1 0 0 0 0 0 0 0 0 0 0 0 0 0 0 1 0 0 0 0 0 0 0 0 0 1 0 0 0 0 1 0 1 2 2 2 3 1 4 3 0 2 1 1 1 1 0 1 0 1 1 1 0 0 1 1 0 0 0 1 3 0 1 0 3 1 7 7 5 10 6 1 2 1 0 0 0 0 0 0 
0 0 3 2 4 2 2 0 1 1 0 0 0 0 0 0 0 0 0 0 0 0 0 0 0 0 0 0 0 0 0 0 0 0 0 0 0 0 0 0 0 0 0 0 0 0 0 0 0 1 0 1 2 0 0 2 2 5 4 1 3 0 2 1 1 1 0 0 1 0 1 1 0 1 0 1 1 0 0 1 0 5 1 0 0 2 3 8 6 6 10 5 2 1 1 0 1 0 1 0 
1 4 1 3 4 1 1 1 1 0 0 0 0 0 0 0 0 0 0 0 0 0 0 0 0 0 0 0 0 0 0 1 0 0 0 0 1 0 0 0 0 0 0 0 0 0 1 0 1 0 1 1 0 0 2 0 2 3 3 4 0 1 1 3 1 0 2 0 0 1 0 0 1 0 1 0 1 1 1 0 1 0 2 1 0 1 2 4 7 6 7 8 5 2 2 0 1 0 0 0 
1 3 3 3 4 1 2 1 0 0 0 0 0 0 0 0 0 0 0 0 0 0 0 0 0 0 0 0 0 0 1 0 0 0 1 0 0 0 0 0 0 0 0 0 1 0 0 3 0 0 1 0 0 1 0 2 1 1 2 2 4 1 1 1 1 2 0 1 0 0 1 1 0 1 0 0 1 1 2 0 0 1 2 1 1 1 0 3 5 7 6 8 5 6 0 2 0 0 0 0 
1 1 3 3 1 4 1 0 0 0 0 0 0 0 0 0 0 0 0 0 0 0 0 1 0 0 0 0 0 1 0 0 0 0 0 0 0 0 1 0 0 0 0 0 0 0 1 0 1 0 0 0 0 0 1 1 1 0 3 2 3 4 0 1 1 2 1 0 1 0 0 1 1 1 1 1 0 1 1 2 0 0 0 3 1 1 0 0 4 7 9 6 10 3 5 0 2 0 0 0 
3 0 5 1 4 2 0 0 0 0 0 0 0 0 0 0 0 0 0 0 0 0 0 0 0 0 0 0 0 0 0 0 0 1 0 0 1 0 0 0 0 0 1 0 0 1 0 0 1 1 0 0 0 1 0 1 1 0 0 3 2 1 3 1 0 0 2 1 0 1 0 1 2 1 2 0 2 1 0 1 0 0 0 0 3 1 2 0 0 4 6 12 4 11 3 3 0 3 0 0 
1 5 1 5 5 1 0 2 0 0 0 0 0 0 0 0 0 0 0 0 0 0 0 0 1 0 0 0 1 0 0 0 0 0 0 1 0 0 0 1 0 0 0 1 0 1 1 0 0 0 0 0 1 0 0 0 0 1 0 1 3 3 3 2 1 0 0 2 1 0 0 0 1 2 0 1 2 0 0 1 1 1 0 1 1 2 0 2 0 0 6 6 12 4 8 2 2 0 0 0 
0 2 4 8 2 1 2 0 0 0 0 0 0 0 0 0 0 0 0 0 0 0 0 0 0 0 0 1 0 0 0 0 1 0 0 0 0 0 0 0 1 0 0 0 2 1 0 0 0 1 0 1 0 0 1 0 0 0 0 0 1 3 2 1 1 0 0 1 1 1 1 2 3 1 2 3 0 0 1 0 1 1 0 0 0 2 3 0 1 0 0 6 11 11 4 5 2 1 0 0 
1 4 4 4 1 3 0 0 0 0 0 0 0 0 0 0 0 0 0 0 0 0 0 0 0 0 1 0 0 0 0 1 0 0 0 0 1 1 0 0 0 1 0 1 0 0 1 0 0 0 1 0 1 0 0 0 0 0 0 1 0 0 2 2 1 1 1 0 2 2 3 3 1 0 1 1 0 2 1 0 0 0 0 0 1 0 2 2 1 1 0 0 4 15 12 8 2 1 1 0 
2 8 5 2 2 1 0 0 0 0 0 0 0 0 0 0 0 0 0 0 0 0 0 0 0 1 0 0 0 0 1 0 0 0 0 0 0 1 1 0 0 0 1 0 0 0 0 1 0 0 1 2 0 0 0 0 0 0 0 0 0 1 0 1 2 2 0 0 3 3 3 2 1 1 0 1 2 0 0 2 0 0 2 0 0 0 0 2 1 2 1 0 2 5 14 7 7 2 2 0 
5 5 5 5 3 0 0 0 0 0 0 0 0 0 0 0 0 0 0 0 0 0 0 0 1 1 0 0 0 0 0 0 0 0 0 0 0 0 1 1 0 0 0 1 1 1 0 0 1 0 0 0 1 0 0 0 0 0 0 0 0 0 1 0 1 1 2 2 1 5 3 1 2 0 1 1 0 1 1 0 1 0 0 1 0 0 0 0 3 0 1 1 0 0 8 21 6 3 0 0 
7 6 3 2 0 0 0 0 0 0 0 0 0 0 0 0 0 0 0 0 0 0 0 0 0 0 0 0 0 0 0 0 0 0 0 0 0 0 0 1 1 0 0 0 1 1 1 0 0 0 0 0 0 2 0 0 0 0 0 0 0 0 0 2 1 2 2 1 2 1 2 4 0 3 1 0 0 1 1 0 1 0 0 1 1 0 0 0 0 3 1 1 1 0 2 11 17 5 6 2 
9 6 5 1 0 0 0 0 0 0 0 0 0 0 0 0 0 0 0 0 0 0 0 1 0 0 1 0 0 0 0 0 0 0 0 0 0 0 0 0 1 1 0 0 0 1 1 1 0 0 0 0 1 0 0 0 0 1 0 0 0 0 0 0 2 3 2 3 1 3 5 0 0 0 0 1 0 1 0 1 0 1 0 0 1 0 1 0 0 0 3 1 0 2 0 0 19 13 5 2 
4 7 4 0 0 0 0 0 0 0 0 0 0 0 0 0 0 0 0 0 0 1 0 0 0 0 0 1 0 0 0 0 0 0 0 0 0 0 0 0 0 0 0 1 1 0 1 0 1 2 0 0 0 0 0 0 1 0 0 0 0 0 0 0 3 4 3 1 3 2 0 2 1 0 2 0 0 0 0 0 1 0 1 1 0 2 0 0 0 0 0 3 2 0 1 0 1 30 12 1 
12 6 1 0 0 0 0 0 0 0 0 0 0 0 0 0 0 0 0 0 0 0 1 0 0 0 0 0 1 0 0 0 0 0 0 0 0 0 0 0 0 1 0 1 0 0 0 2 0 1 0 1 0 0 1 0 0 0 0 0 0 0 1 2 1 1 3 3 3 1 1 1 0 2 0 1 1 0 0 0 0 2 0 1 0 0 0 1 0 0 0 0 3 0 0 2 0 2 31 9 
18 0 0 0 0 0 0 0 0 0 0 0 0 0 0 0 0 0 0 0 0 0 0 0 0 0 0 0 0 1 0 0 0 0 0 0 0 0 0 0 0 0 2 0 0 0 0 0 2 0 2 0 0 0 0 1 0 0 0 0 0 0 1 1 2 1 3 6 2 1 0 0 3 0 0 0 1 0 0 0 0 0 2 0 1 0 0 0 0 0 0 0 0 4 1 0 1 0 3 41 

Pair-order violations matrix
0 45 48 47 48 47 46 53 50 52 49 47 51 45 46 53 49 50 47 54 52 52 45 48 44 41 50 45 48 48 43 46 49 58 53 47 58 46 45 42 44 52 55 54 56 49 43 46 51 50 52 49 47 49 36 44 40 41 46 52 57 44 46 47 48 46 53 50 46 50 46 44 46 42 46 46 40 37 28 39 44 32 35 46 33 29 33 34 29 30 35 34 33 36 37 33 35 31 32 32 
45 0 44 45 44 44 43 49 46 45 43 44 44 41 41 49 44 46 45 51 50 50 45 44 41 40 50 42 46 46 40 44 47 53 51 44 54 43 42 39 42 48 54 52 56 45 42 44 48 47 49 45 45 48 32 43 39 39 42 50 55 43 41 43 48 48 50 49 43 46 44 43 42 41 42 45 38 34 24 37 40 28 32 41 28 25 28 29 24 25 31 30 28 31 34 28 32 26 30 28 
48 44 0 50 47 49 48 54 49 50 47 47 46 44 45 52 47 49 47 55 53 52 47 47 43 42 52 45 49 48 43 47 49 56 53 47 57 46 44 42 45 51 57 55 59 48 44 47 51 50 53 46 45 50 34 45 41 41 45 52 58 47 43 46 51 48 53 49 47 50 46 44 46 43 43 46 40 38 26 40 42 31 34 43 31 28 31 32 28 28 34 33 31 34 37 31 35 29 33 31 
47 45 50 0 39 42 41 46 43 42 40 42 41 38 39 46 43 43 42 49 48 48 41 41 37 35 45 38 42 43 36 40 43 50 49 40 51 40 39 37 40 45 50 48 53 42 40 42 46 45 47 43 43 45 30 40 37 37 41 48 52 43 40 41 46 46 50 46 44 46 43 40 40 38 40 41 35 34 22 35 36 26 29 39 26 23 25 26 22 23 28 27 25 28 31 26 29 23 27 26 
48 44 47 39 0 46 39 46 43 43 40 40 41 37 38 46 40 43 41 49 46 48 41 42 38 37 47 40 44 44 38 42 44 51 49 42 52 41 39 37 40 46 52 50 53 43 40 42 48 45 46 42 42 46 30 40 37 37 40 46 52 41 40 41 47 45 49 46 43 45 41 41 39 38 39 41 36 32 21 32 36 25 29 40 27 23 26 27 22 23 29 28 26 29 32 26 30 24 28 26 
47 44 49 42 46 0 42 48 43 43 41 42 41 38 39 46 42 43 41 49 48 47 41 41 37 36 46 39 43 43 37 41 44 50 48 41 51 40 39 36 39 45 51 49 53 42 40 41 45 44 47 42 41 44 29 40 35 37 40 47 52 41 39 42 46 45 49 46 42 45 42 40 40 39 40 42 35 32 20 35 36 25 29 37 25 22 25 26 22 22 28 27 25 28 31 25 29 23 27 25 
46 43 48 41 39 42 0 51 47 47 45 46 45 42 43 50 46 47 45 53 52 50 45 45 41 40 49 43 47 46 41 45 47 54 51 45 55 44 43 40 43 49 55 53 57 46 42 45 50 47 51 45 43 48 31 43 37 39 44 51 56 46 42 44 49 49 53 49 46 50 46 43 44 41 42 44 40 37 24 39 39 28 33 42 30 25 29 30 26 26 32 31 29 32 35 28 33 27 31 29 
53 49 54 46 46 48 51 0 45 46 43 44 44 40 42 48 44 45 43 51 50 50 43 43 39 38 47 41 45 45 39 43 45 52 50 43 53 42 41 38 41 47 53 51 55 44 42 43 48 45 49 44 42 45 30 41 37 38 42 49 55 43 42 43 46 47 52 48 43 47 44 42 42 40 41 43 37 34 21 37 37 26 31 40 27 23 27 28 24 24 30 29 27 30 33 26 31 25 29 27 
50 46 49 43 43 43 47 45 0 47 44 45 45 40 42 49 44 45 44 51 50 51 44 44 39 38 48 41 45 46 39 43 46 53 51 43 53 43 42 39 42 48 53 51 55 45 42 44 49 47 49 46 44 47 32 43 39 38 42 49 54 44 42 44 48 48 51 48 46 47 44 42 42 40 42 44 38 35 24 37 39 28 32 42 29 25 28 29 24 25 31 30 28 31 34 28 32 26 30 28 
52 45 50 42 43 43 47 46 47 0 44 45 46 42 44 49 45 47 44 54 53 51 45 45 42 41 49 43 48 48 42 46 47 55 52 46 55 44 42 40 43 49 54 53 56 46 43 46 51 47 51 46 45 48 32 43 39 39 43 49 57 45 45 46 48 49 53 51 45 48 46 44 43 42 44 45 40 35 25 39 39 28 34 43 31 26 30 31 27 26 33 32 30 33 35 29 33 28 31 29 
49 43 47 40 40 41 45 43 44 44 0 45 44 39 42 48 44 45 43 51 51 49 43 43 38 37 46 40 44 44 38 42 44 52 49 42 52 42 41 38 41 47 52 50 54 44 40 43 48 45 49 44 42 46 29 41 35 35 42 50 53 44 41 42 45 46 51 46 44 47 44 40 42 38 40 41 37 35 22 37 38 26 31 41 28 23 27 28 24 24 30 29 27 30 33 26 31 25 29 27 
47 44 47 42 40 42 46 44 45 45 45 0 43 40 43 51 47 48 46 54 54 52 46 46 42 41 50 44 48 48 42 46 48 55 53 46 56 45 44 41 44 50 56 54 58 47 44 46 51 48 52 46 46 50 33 44 40 41 45 53 58 47 44 46 50 51 54 51 47 51 47 45 44 43 44 45 41 38 25 39 40 29 34 43 31 26 30 31 27 27 33 32 30 33 36 29 34 28 32 30 
51 44 46 41 41 41 45 44 45 46 44 43 0 38 41 47 43 44 42 50 49 49 42 44 39 39 48 42 45 46 39 44 46 53 51 43 53 42 42 38 41 47 54 51 55 45 42 44 50 47 47 44 45 48 32 43 38 38 41 49 54 43 41 44 48 47 50 49 43 45 44 42 40 40 41 43 38 34 24 35 39 27 32 42 29 25 28 29 24 25 31 30 28 31 34 28 32 26 30 28 
45 41 44 38 37 38 42 40 40 42 39 40 38 0 37 44 40 41 39 47 45 46 39 40 35 34 44 37 41 41 35 39 41 48 46 39 49 38 36 34 37 43 49 47 51 40 36 39 45 42 45 40 39 44 27 37 34 35 38 45 50 40 38 40 44 43 47 43 40 44 39 38 38 36 37 39 34 31 19 32 34 23 26 37 24 20 23 24 20 20 26 25 23 26 29 23 27 21 25 23 
46 41 45 39 38 39 43 42 42 44 42 43 41 37 0 49 48 47 46 53 52 51 45 46 41 40 49 43 47 46 41 45 47 54 51 45 55 44 43 40 43 49 55 53 57 46 42 45 51 47 51 45 44 49 31 43 38 39 43 52 57 46 42 43 48 48 54 48 45 50 45 42 43 41 41 43 39 37 24 38 40 28 33 43 30 25 29 30 26 26 32 31 29 32 35 28 33 27 31 29 
53 49 52 46 46 46 50 48 49 49 48 51 47 44 49 0 47 44 43 50 50 50 44 43 39 37 46 41 45 46 38 41 45 52 50 43 52 43 42 38 41 48 52 51 55 45 39 43 49 46 48 45 43 47 31 40 37 36 41 49 53 43 41 43 47 48 50 46 44 46 43 42 42 39 40 42 37 35 23 36 39 27 32 42 29 24 27 28 24 25 31 30 28 31 34 27 32 26 30 28 
49 44 47 43 40 42 46 44 44 45 44 47 43 40 48 47 0 49 45 51 52 53 45 45 40 39 49 42 47 47 40 44 47 53 51 45 54 43 42 39 43 48 55 52 56 45 42 44 49 46 51 45 44 46 32 43 38 40 44 51 55 45 43 43 48 49 54 50 44 48 46 44 44 42 42 44 39 36 24 38 38 28 33 41 29 25 29 29 26 26 32 30 29 31 34 28 32 27 31 28 
50 46 49 43 43 43 47 45 45 47 45 48 44 41 47 44 49 0 48 55 54 52 46 47 43 41 50 44 48 48 42 46 48 55 54 46 57 46 44 43 45 51 55 53 56 47 45 46 52 49 50 46 46 48 34 45 41 39 46 52 56 47 43 44 48 49 56 50 47 49 47 42 44 41 43 44 38 38 27 40 38 30 35 46 32 28 31 32 28 29 34 33 30 34 37 31 35 29 33 31 
47 45 47 42 41 41 45 43 44 44 43 46 42 39 46 43 45 48 0 53 53 54 47 47 44 42 51 45 49 49 43 47 49 55 54 47 57 46 44 42 44 51 57 53 57 48 45 45 53 49 50 47 46 50 34 45 41 42 44 52 56 46 43 45 49 52 54 52 47 50 45 44 43 41 44 46 42 37 25 40 40 29 35 44 32 27 31 32 27 28 33 33 30 34 37 30 35 29 33 30 
54 51 55 49 49 49 53 51 51 54 51 54 50 47 53 50 51 55 53 0 55 54 49 48 46 44 51 46 51 50 44 48 49 56 53 49 58 47 44 42 44 52 57 54 57 48 44 45 53 49 51 47 47 51 34 44 40 42 46 53 55 47 44 48 50 50 56 51 47 50 46 43 44 42 45 44 40 37 27 41 41 30 36 44 33 29 33 34 30 29 35 35 32 36 39 32 37 31 35 32 
52 50 53 48 46 48 52 50 50 53 51 54 49 45 52 50 52 54 53 55 0 48 43 41 39 35 45 39 43 44 37 40 43 50 50 41 51 41 39 38 41 46 49 49 53 43 38 43 46 45 47 43 42 45 30 39 36 36 40 47 52 42 40 42 45 46 49 46 42 46 43 41 39 37 39 39 36 34 22 34 37 26 30 40 27 23 25 26 23 24 29 28 26 29 31 26 29 24 27 26 
52 50 52 48 48 47 50 50 51 51 49 52 49 46 51 50 53 52 54 54 48 0 47 46 42 41 50 44 48 48 42 46 49 55 53 46 56 44 44 40 44 50 55 54 57 47 43 45 52 49 51 47 46 50 34 44 40 40 43 52 56 46 43 45 50 49 52 49 47 49 44 43 44 43 43 46 40 37 26 38 41 30 34 44 31 27 30 31 26 27 33 32 30 33 35 30 34 28 32 30 
45 45 47 41 41 41 45 43 44 45 43 46 42 39 45 44 45 46 47 49 43 47 0 40 39 37 47 41 45 46 39 42 45 51 51 43 52 43 42 39 42 48 51 52 55 44 40 43 48 45 48 44 43 47 31 41 38 36 41 50 53 44 40 43 46 47 51 46 43 47 43 40 42 40 40 41 36 36 23 37 38 27 32 42 29 24 27 28 25 25 31 30 28 31 34 27 32 26 30 28 
48 44 47 41 42 41 45 43 44 45 43 46 44 40 46 43 45 47 47 48 41 46 40 0 45 42 48 44 48 48 42 46 49 56 54 46 57 45 45 43 46 50 56 53 58 48 44 48 52 50 52 46 47 50 33 44 40 41 45 53 56 48 43 44 51 50 56 49 48 52 48 43 46 42 43 44 40 39 26 40 42 31 34 44 31 28 30 32 28 29 34 33 31 34 37 31 35 29 33 32 
44 41 43 37 38 37 41 39 39 42 38 42 39 35 41 39 40 43 44 46 39 42 39 45 0 43 50 46 48 48 43 47 48 54 53 48 56 47 45 43 45 50 54 55 59 47 43 46 53 49 50 45 43 50 34 44 41 41 43 51 55 46 41 44 51 48 52 48 45 50 44 44 43 41 40 44 39 38 26 39 40 30 34 46 33 28 31 31 28 29 35 34 32 35 38 31 36 30 33 32 
41 40 42 35 37 36 40 38 38 41 37 41 39 34 40 37 39 41 42 44 35 41 37 42 43 0 50 43 48 45 41 44 46 52 52 44 55 43 41 40 43 48 54 51 56 45 42 44 51 48 48 46 45 49 33 42 40 40 42 49 53 45 42 43 49 49 50 49 45 47 43 43 41 39 41 43 39 36 25 36 39 28 31 41 29 26 28 29 24 26 30 30 28 31 34 29 32 26 30 29 
50 50 52 45 47 46 49 47 48 49 46 50 48 44 49 46 49 50 51 51 45 50 47 48 50 50 0 43 48 45 42 46 47 54 52 46 56 45 43 41 43 50 55 54 57 47 43 46 50 48 52 46 44 48 32 44 38 40 43 51 58 45 43 43 49 47 54 49 46 50 46 43 44 41 42 45 39 36 25 40 39 29 34 43 30 26 30 31 27 27 33 32 30 33 35 29 33 28 31 29 
45 42 45 38 40 39 43 41 41 43 40 44 42 37 43 41 42 44 45 46 39 44 41 44 46 43 43 0 53 53 45 49 54 57 56 51 59 48 49 44 47 54 58 58 60 53 46 48 57 53 54 49 49 53 37 46 43 43 49 55 59 49 48 50 53 53 56 51 48 52 49 47 48 46 48 47 44 39 30 41 44 33 39 49 36 32 34 35 33 33 39 38 35 39 41 35 39 34 37 35 
48 46 49 42 44 43 47 45 45 48 44 48 45 41 47 45 47 48 49 51 43 48 45 48 48 48 48 53 0 49 45 49 51 55 56 49 58 47 46 44 46 52 57 55 57 49 47 47 52 50 50 45 48 51 35 45 43 41 45 53 57 45 42 47 51 51 55 51 46 49 47 44 46 45 45 46 40 37 27 40 41 31 36 45 32 29 31 33 30 30 36 35 32 36 39 32 37 31 35 32 
48 46 48 43 44 43 46 45 46 48 44 48 46 41 46 46 47 48 49 50 44 48 46 48 48 45 45 53 49 0 45 48 50 57 57 49 59 49 46 45 47 54 58 55 59 50 46 47 54 52 53 49 50 53 38 46 44 45 49 56 57 51 46 49 50 54 57 53 49 54 49 46 46 43 47 46 42 42 30 43 43 33 37 47 35 31 34 35 31 32 36 36 33 37 40 34 38 32 36 34 
43 40 43 36 38 37 41 39 39 42 38 42 39 35 41 38 40 42 43 44 37 42 39 42 43 41 42 45 45 45 0 46 49 53 55 48 57 46 43 43 46 51 55 54 59 48 42 48 52 51 50 48 46 52 35 44 41 42 42 50 55 46 41 44 50 49 51 49 45 50 44 44 42 40 41 43 41 38 28 37 43 31 34 45 32 29 30 31 27 29 33 33 31 34 36 32 34 29 32 31 
46 44 47 40 42 41 45 43 43 46 42 46 44 39 45 41 44 46 47 48 40 46 42 46 47 44 46 49 49 48 46 0 48 54 53 47 56 45 44 41 45 50 54 54 55 48 44 44 51 49 51 46 45 48 34 44 40 39 44 52 57 45 45 46 48 47 51 50 44 49 46 44 42 41 44 44 39 35 25 38 40 27 35 42 31 27 31 31 28 28 33 33 31 34 35 30 34 29 31 30 
49 47 49 43 44 44 47 45 46 47 44 48 46 41 47 45 47 48 49 49 43 49 45 49 48 46 47 54 51 50 49 48 0 56 58 50 60 49 48 45 48 53 58 58 60 52 46 50 54 53 55 50 49 53 37 46 44 44 47 55 61 48 47 50 52 53 56 53 47 54 50 48 48 47 48 47 45 40 30 41 46 34 38 47 34 31 33 35 32 32 38 37 35 38 39 34 38 33 36 34 
58 53 56 50 51 50 54 52 53 55 52 55 53 48 54 52 53 55 55 56 50 55 51 56 54 52 54 57 55 57 53 54 56 0 55 47 59 47 47 45 48 54 58 57 61 50 44 49 56 54 53 50 50 52 37 47 43 44 49 54 57 49 47 48 54 52 57 52 51 53 49 48 46 44 46 47 42 41 31 40 44 34 36 48 35 31 33 34 29 32 37 36 33 36 39 34 37 32 36 34 
53 51 53 49 49 48 51 50 51 52 49 53 51 46 51 50 51 54 54 53 50 53 51 54 53 52 52 56 56 57 55 53 58 55 0 48 58 48 46 43 47 52 57 56 59 49 46 48 51 51 53 49 49 50 37 48 43 42 48 54 58 48 46 49 52 51 56 53 47 51 50 46 46 46 48 47 40 39 28 41 41 32 37 46 33 30 33 34 30 30 36 35 33 36 39 33 37 31 35 33 
47 44 47 40 42 41 45 43 43 46 42 46 43 39 45 43 45 46 47 49 41 46 43 46 48 44 46 51 49 49 48 47 50 47 48 0 60 48 46 45 48 53 56 56 59 51 45 47 55 54 53 51 48 53 38 47 44 44 47 55 58 48 46 50 51 51 55 52 46 52 48 46 45 43 46 47 43 39 30 42 45 33 38 46 34 32 33 33 31 32 36 36 33 37 38 35 37 32 34 33 
58 54 57 51 52 51 55 53 53 55 52 56 53 49 55 52 54 57 57 58 51 56 52 57 56 55 56 59 58 59 57 56 60 59 58 60 0 51 49 45 49 56 61 60 63 53 47 51 57 54 57 51 49 55 38 48 42 45 48 55 61 51 48 49 54 53 57 53 52 55 50 49 48 45 46 49 45 42 30 43 45 35 39 50 37 32 36 37 32 33 39 38 36 39 41 35 39 34 37 35 
46 43 46 40 41 40 44 42 43 44 42 45 42 38 44 43 43 46 46 47 41 44 43 45 47 43 45 48 47 49 46 45 49 47 48 48 51 0 45 44 47 52 56 53 58 48 46 47 52 51 50 49 49 50 36 47 43 42 47 53 56 46 44 47 51 50 57 52 47 49 48 44 44 42 45 46 39 37 29 40 41 32 36 45 32 30 32 33 28 30 35 34 31 35 38 33 36 30 34 32 
45 42 44 39 39 39 43 41 42 42 41 44 42 36 43 42 42 44 44 44 39 44 42 45 45 41 43 49 46 46 43 44 48 47 46 46 49 45 0 46 51 57 60 59 62 53 49 50 56 54 56 53 51 55 40 49 45 45 50 58 60 53 48 52 53 57 58 55 51 56 52 49 49 48 50 48 45 45 31 45 45 35 41 49 38 33 36 37 34 34 39 39 37 40 43 36 41 35 39 37 
42 39 42 37 37 36 40 38 39 40 38 41 38 34 40 38 39 43 42 42 38 40 39 43 43 40 41 44 44 45 43 41 45 45 43 45 45 44 46 0 45 53 55 58 60 50 46 50 54 52 53 48 49 52 38 47 45 43 48 55 59 49 46 50 53 52 56 53 48 53 49 48 47 46 47 46 42 42 28 41 43 33 37 48 36 31 34 35 32 32 38 37 35 38 41 34 39 33 37 35 
44 42 45 40 40 39 43 41 42 43 41 44 41 37 43 41 43 45 44 44 41 44 42 46 45 43 43 47 46 47 46 45 48 48 47 48 49 47 51 45 0 52 55 54 57 49 44 47 51 51 52 48 47 49 36 46 41 42 45 51 56 46 46 49 50 48 54 51 46 51 47 45 44 42 46 45 40 37 28 39 42 30 35 44 32 29 32 33 29 29 34 34 32 35 37 32 35 30 33 31 
52 48 51 45 46 45 49 47 48 49 47 50 47 43 49 48 48 51 51 52 46 50 48 50 50 48 50 54 52 54 51 50 53 54 52 53 56 52 57 53 52 0 59 57 62 52 48 50 57 54 55 52 50 56 40 49 46 46 48 56 59 52 47 52 54 55 57 54 49 55 49 48 48 48 48 48 45 44 31 43 45 35 39 48 37 33 35 36 33 33 38 38 36 39 42 36 40 34 38 36 
55 54 57 50 52 51 55 53 53 54 52 56 54 49 55 52 55 55 57 57 49 55 51 56 54 54 55 58 57 58 55 54 58 58 57 56 61 56 60 55 55 59 0 54 61 52 49 50 56 54 54 49 50 52 38 48 42 45 49 56 60 50 47 48 53 52 60 54 50 52 51 47 47 45 46 48 42 41 31 43 43 34 39 48 35 32 35 36 32 33 38 37 34 38 41 35 39 33 37 35 
54 52 55 48 50 49 53 51 51 53 50 54 51 47 53 51 52 53 53 54 49 54 52 53 55 51 54 58 55 55 54 54 58 57 56 56 60 53 59 58 54 57 54 0 58 51 45 51 54 52 54 50 48 54 37 48 43 44 48 54 60 48 47 50 53 51 56 53 48 53 51 48 48 46 47 48 44 40 30 43 44 34 38 47 36 32 34 36 33 33 39 38 36 39 41 35 39 33 37 35 
56 56 59 53 53 53 57 55 55 56 54 58 55 51 57 55 56 56 57 57 53 57 55 58 59 56 57 60 57 59 59 55 60 61 59 59 63 58 62 60 57 62 61 58 0 49 50 52 56 53 57 51 51 54 38 49 44 46 49 57 62 52 48 50 55 55 59 56 52 54 51 49 49 49 49 50 45 42 30 45 46 35 40 47 36 32 36 37 33 32 39 38 36 39 42 35 40 34 38 36 
49 45 48 42 43 42 46 44 45 46 44 47 45 40 46 45 45 47 48 48 43 47 44 48 47 45 47 53 49 50 48 48 52 50 49 51 53 48 53 50 49 52 52 51 49 0 43 49 52 52 52 49 48 53 37 47 43 44 43 52 57 47 42 47 52 52 54 51 47 53 47 45 46 44 46 47 43 39 29 41 44 33 37 46 34 31 32 34 30 31 36 36 34 37 39 34 37 32 35 33 
43 42 44 40 40 40 42 42 42 43 40 44 42 36 42 39 42 45 45 44 38 43 40 44 43 42 43 46 47 46 42 44 46 44 46 45 47 46 49 46 44 48 49 45 50 43 0 51 57 55 57 53 53 57 41 51 46 47 49 58 63 53 46 50 55 58 58 57 53 56 51 49 48 49 50 50 47 45 32 46 46 36 42 50 39 34 38 39 34 35 40 40 38 41 44 37 42 35 39 37 
46 44 47 42 42 41 45 43 44 46 43 46 44 39 45 43 44 46 45 45 43 45 43 48 46 44 46 48 47 47 48 44 50 49 48 47 51 47 50 50 47 50 50 51 52 49 51 0 57 54 57 49 51 52 38 48 45 45 49 57 62 51 47 50 54 50 58 54 51 53 50 48 50 47 48 49 43 42 31 45 46 35 39 48 37 33 37 38 34 33 40 39 37 40 43 36 41 35 39 37 
51 48 51 46 48 45 50 48 49 51 48 51 50 45 51 49 49 52 53 53 46 52 48 52 53 51 50 57 52 54 52 51 54 56 51 55 57 52 56 54 51 57 56 54 56 52 57 57 0 49 49 43 45 48 32 41 38 40 42 48 54 43 42 44 49 47 51 47 45 47 43 43 42 40 41 44 37 34 24 35 38 27 31 41 29 25 28 29 24 25 31 30 28 31 34 28 32 26 30 28 
50 47 50 45 45 44 47 45 47 47 45 48 47 42 47 46 46 49 49 49 45 49 45 50 49 48 48 53 50 52 51 49 53 54 51 54 54 51 54 52 51 54 54 52 53 52 55 54 49 0 46 41 43 46 31 40 36 37 42 49 52 43 41 44 44 45 51 46 43 46 43 40 41 37 40 41 36 34 22 36 37 26 31 41 29 24 28 29 25 25 31 30 27 31 34 27 32 26 30 27 
52 49 53 47 46 47 51 49 49 51 49 52 47 45 51 48 51 50 50 51 47 51 48 52 50 48 52 54 50 53 50 51 55 53 53 53 57 50 56 53 52 55 54 54 57 52 57 57 49 46 0 49 50 52 36 47 41 43 46 55 60 48 45 48 51 49 56 50 48 53 49 45 47 44 46 48 40 39 28 43 44 33 37 46 33 30 33 34 30 30 36 35 33 36 38 33 36 31 34 32 
49 45 46 43 42 42 45 44 46 46 44 46 44 40 45 45 45 46 47 47 43 47 44 46 45 46 46 49 45 49 48 46 50 50 49 51 51 49 53 48 48 52 49 50 51 49 53 49 43 41 49 0 45 50 33 42 38 40 44 53 57 46 43 44 48 49 54 49 45 50 46 43 43 41 43 43 39 37 25 39 41 28 34 41 30 26 30 31 27 27 32 32 30 33 36 29 34 28 32 30 
47 45 45 43 42 41 43 42 44 45 42 46 45 39 44 43 44 46 46 47 42 46 43 47 43 45 44 49 48 50 46 45 49 50 49 48 49 49 51 49 47 50 50 48 51 48 53 51 45 43 50 45 0 51 39 45 43 45 46 56 58 50 45 48 53 53 56 52 51 54 49 46 48 45 47 48 43 41 29 43 45 33 38 46 35 31 34 36 31 32 37 37 35 38 41 34 39 33 37 35 
49 48 50 45 46 44 48 45 47 48 46 50 48 44 49 47 46 48 50 51 45 50 47 50 50 49 48 53 51 53 52 48 53 52 50 53 55 50 55 52 49 56 52 54 54 53 57 52 48 46 52 50 51 0 36 42 43 42 47 53 56 49 44 45 51 50 56 50 48 52 47 45 46 43 42 44 41 41 28 40 42 32 35 47 33 29 31 32 29 30 35 34 32 35 38 32 36 30 34 33 
36 32 34 30 30 29 31 30 32 32 29 33 32 27 31 31 32 34 34 34 30 34 31 33 34 33 32 37 35 38 35 34 37 37 37 38 38 36 40 38 36 40 38 37 38 37 41 38 32 31 36 33 39 36 0 41 39 39 40 50 55 44 41 42 46 47 52 47 44 48 43 41 41 40 40 42 37 35 22 36 37 26 31 40 28 23 27 28 24 24 30 29 27 30 33 26 31 25 29 27 
44 43 45 40 40 40 43 41 43 43 41 44 43 37 43 40 43 45 45 44 39 44 41 44 44 42 44 46 45 46 44 44 46 47 48 47 48 47 49 47 46 49 48 48 49 47 51 48 41 40 47 42 45 42 41 0 46 45 46 56 60 50 45 47 53 50 57 53 50 53 50 46 47 45 45 47 43 41 28 43 45 33 38 46 34 30 34 35 31 31 37 36 34 37 40 33 38 32 36 34 
40 39 41 37 37 35 37 37 39 39 35 40 38 34 38 37 38 41 41 40 36 40 38 40 41 40 38 43 43 44 41 40 44 43 43 44 42 43 45 45 41 46 42 43 44 43 46 45 38 36 41 38 43 43 39 46 0 41 43 52 54 44 42 44 48 48 53 48 43 49 45 43 43 42 41 44 37 36 24 39 40 28 34 43 30 26 29 29 27 27 33 32 30 33 36 29 34 28 31 30 
41 39 41 37 37 37 39 38 38 39 35 41 38 35 39 36 40 39 42 42 36 40 36 41 41 40 40 43 41 45 42 39 44 44 42 44 45 42 45 43 42 46 45 44 46 44 47 45 40 37 43 40 45 42 39 45 41 0 44 49 57 45 44 45 47 48 54 49 45 49 46 44 43 42 43 44 38 36 24 38 39 28 33 41 29 25 29 30 26 26 32 31 29 32 35 28 33 27 31 29 
46 42 45 41 40 40 44 42 42 43 42 45 41 38 43 41 44 46 44 46 40 43 41 45 43 42 43 49 45 49 42 44 47 49 48 47 48 47 50 48 45 48 49 48 49 43 49 49 42 42 46 44 46 47 40 46 43 44 0 53 57 46 46 47 49 48 54 49 46 49 47 45 46 42 44 45 38 37 26 39 41 29 34 43 31 27 31 32 28 28 34 33 31 34 37 30 35 29 33 31 
52 50 52 48 46 47 51 49 49 49 50 53 49 45 52 49 51 52 52 53 47 52 50 53 51 49 51 55 53 56 50 52 55 54 54 55 55 53 58 55 51 56 56 54 57 52 58 57 48 49 55 53 56 53 50 56 52 49 53 0 52 40 37 40 44 45 50 45 43 43 40 39 39 37 38 41 34 32 20 35 35 25 29 39 25 22 25 26 22 23 28 27 24 28 31 25 29 23 27 25 
57 55 58 52 52 52 56 55 54 57 53 58 54 50 57 53 55 56 56 55 52 56 53 56 55 53 58 59 57 57 55 57 61 57 58 58 61 56 60 59 56 59 60 60 62 57 63 62 54 52 60 57 58 56 55 60 54 57 57 52 0 42 43 44 47 46 54 50 44 47 46 43 43 40 41 43 37 35 23 37 37 27 32 41 28 25 28 29 25 26 31 30 28 31 34 28 32 26 30 29 
44 43 47 43 41 41 46 43 44 45 44 47 43 40 46 43 45 47 46 47 42 46 44 48 46 45 45 49 45 51 46 45 48 49 48 48 51 46 53 49 46 52 50 48 52 47 53 51 43 43 48 46 50 49 44 50 44 45 46 40 42 0 46 45 51 50 54 51 48 53 47 46 45 43 43 46 41 39 26 40 43 30 35 45 33 28 32 32 29 29 35 34 32 35 38 31 36 30 33 32 
46 41 43 40 40 39 42 42 42 45 41 44 41 38 42 41 43 43 43 44 40 43 40 43 41 42 43 48 42 46 41 45 47 47 46 46 48 44 48 46 46 47 47 47 48 42 46 47 42 41 45 43 45 44 41 45 42 44 46 37 43 46 0 42 44 45 49 46 41 46 43 41 39 39 39 41 35 33 20 35 37 25 30 39 26 22 26 27 23 23 29 28 26 29 32 25 30 24 28 26 
47 43 46 41 41 42 44 43 44 46 42 46 44 40 43 43 43 44 45 48 42 45 43 44 44 43 43 50 47 49 44 46 50 48 49 50 49 47 52 50 49 52 48 50 50 47 50 50 44 44 48 44 48 45 42 47 44 45 47 40 44 45 42 0 51 53 56 54 47 50 48 47 46 46 46 46 42 38 28 40 43 31 37 44 33 29 32 33 30 29 36 35 33 36 39 32 37 31 35 33 
48 48 51 46 47 46 49 46 48 48 45 50 48 44 48 47 48 48 49 50 45 50 46 51 51 49 49 53 51 50 50 48 52 54 52 51 54 51 53 53 50 54 53 53 55 52 55 54 49 44 51 48 53 51 46 53 48 47 49 44 47 51 44 51 0 51 55 52 49 50 46 46 45 42 42 45 41 37 26 39 41 30 35 43 31 27 30 31 27 28 34 33 31 34 37 30 35 29 33 31 
46 48 48 46 45 45 49 47 48 49 46 51 47 43 48 48 49 49 52 50 46 49 47 50 48 49 47 53 51 54 49 47 53 52 51 51 53 50 57 52 48 55 52 51 55 52 58 50 47 45 49 49 53 50 47 50 48 48 48 45 46 50 45 53 51 0 52 47 43 48 43 42 42 40 40 43 38 35 21 36 38 26 31 40 28 23 26 27 24 24 30 29 27 30 33 26 31 25 29 27 
53 50 53 50 49 49 53 52 51 53 51 54 50 47 54 50 54 56 54 56 49 52 51 56 52 50 54 56 55 57 51 51 56 57 56 55 57 57 58 56 54 57 60 56 59 54 58 58 51 51 56 54 56 56 52 57 53 54 54 50 54 54 49 56 55 52 0 49 42 46 43 43 42 42 43 44 37 34 24 35 39 27 31 40 28 25 28 29 25 25 30 29 28 31 34 28 32 26 29 28 
50 49 49 46 46 46 49 48 48 51 46 51 49 43 48 46 50 50 52 51 46 49 46 49 48 49 49 51 51 53 49 50 53 52 53 52 53 52 55 53 51 54 54 53 56 51 57 54 47 46 50 49 52 50 47 53 48 49 49 45 50 51 46 54 52 47 49 0 45 47 44 42 41 40 42 43 38 34 23 36 37 26 31 39 27 23 27 28 24 24 30 29 26 30 33 26 31 25 29 26 
46 43 47 44 43 42 46 43 46 45 44 47 43 40 45 44 44 47 47 47 42 47 43 48 45 45 46 48 46 49 45 44 47 51 47 46 52 47 51 48 46 49 50 48 52 47 53 51 45 43 48 45 51 48 44 50 43 45 46 43 44 48 41 47 49 43 42 45 0 49 45 44 43 42 43 45 41 37 24 38 40 29 34 43 31 26 30 31 26 27 33 32 30 33 36 29 34 28 32 30 
50 46 50 46 45 45 50 47 47 48 47 51 45 44 50 46 48 49 50 50 46 49 47 52 50 47 50 52 49 54 50 49 54 53 51 52 55 49 56 53 51 55 52 53 54 53 56 53 47 46 53 50 54 52 48 53 49 49 49 43 47 53 46 50 50 48 46 47 49 0 46 42 41 40 41 42 38 37 25 36 40 28 31 41 29 26 28 29 25 26 30 30 28 31 34 29 32 26 30 29 
46 44 46 43 41 42 46 44 44 46 44 47 44 39 45 43 46 47 45 46 43 44 43 48 44 43 46 49 47 49 44 46 50 49 50 48 50 48 52 49 47 49 51 51 51 47 51 50 43 43 49 46 49 47 43 50 45 46 47 40 46 47 43 48 46 43 43 44 45 46 0 41 38 38 38 41 35 32 20 34 36 24 29 37 25 21 25 26 22 22 28 27 25 28 31 24 29 23 27 25 
44 43 44 40 41 40 43 42 42 44 40 45 42 38 42 42 44 42 44 43 41 43 40 43 44 43 43 47 44 46 44 44 48 48 46 46 49 44 49 48 45 48 47 48 49 45 49 48 43 40 45 43 46 45 41 46 43 44 45 39 43 46 41 47 46 42 43 42 44 42 41 0 39 37 37 42 34 30 18 32 34 22 28 37 24 20 23 24 21 21 27 26 24 27 30 23 28 22 26 24 
46 42 46 40 39 40 44 42 42 43 42 44 40 38 43 42 44 44 43 44 39 44 42 46 43 41 44 48 46 46 42 42 48 46 46 45 48 44 49 47 44 48 47 48 49 46 48 50 42 41 47 43 48 46 41 47 43 43 46 39 43 45 39 46 45 42 42 41 43 41 38 39 0 41 38 43 36 34 22 35 37 26 31 40 27 24 26 27 24 25 30 29 27 30 33 27 31 25 29 28 
42 41 43 38 38 39 41 40 40 42 38 43 40 36 41 39 42 41 41 42 37 43 40 42 41 39 41 46 45 43 40 41 47 44 46 43 45 42 48 46 42 48 45 46 49 44 49 47 40 37 44 41 45 43 40 45 42 42 42 37 40 43 39 46 42 40 42 40 42 40 38 37 41 0 38 43 37 33 21 34 37 25 30 38 26 22 25 26 23 23 29 28 26 29 32 25 30 24 28 26 
46 42 43 40 39 40 42 41 42 44 40 44 41 37 41 40 42 43 44 45 39 43 40 43 40 41 42 48 45 47 41 44 48 46 48 46 46 45 50 47 46 48 46 47 49 46 50 48 41 40 46 43 47 42 40 45 41 43 44 38 41 43 39 46 42 40 43 42 43 41 38 37 38 38 0 43 35 31 19 33 35 23 29 38 25 21 25 26 22 22 28 27 25 28 31 24 29 23 27 25 
46 45 46 41 41 42 44 43 44 45 41 45 43 39 43 42 44 44 46 44 39 46 41 44 44 43 45 47 46 46 43 44 47 47 47 47 49 46 48 46 45 48 48 48 50 47 50 49 44 41 48 43 48 44 42 47 44 44 45 41 43 46 41 46 45 43 44 43 45 42 41 42 43 43 43 0 35 33 19 35 36 25 28 38 25 21 24 25 21 23 27 26 24 27 30 24 28 22 26 25 
40 38 40 35 36 35 40 37 38 40 37 41 38 34 39 37 39 38 42 40 36 40 36 40 39 39 39 44 40 42 41 39 45 42 40 43 45 39 45 42 40 45 42 44 45 43 47 43 37 36 40 39 43 41 37 43 37 38 38 34 37 41 35 42 41 38 37 38 41 38 35 34 36 37 35 35 0 35 25 33 36 25 29 39 26 22 24 25 22 23 28 27 25 28 31 25 29 23 27 26 
37 34 38 34 32 32 37 34 35 35 35 38 34 31 37 35 36 38 37 37 34 37 36 39 38 36 36 39 37 42 38 35 40 41 39 39 42 37 45 42 37 44 41 40 42 39 45 42 34 34 39 37 41 41 35 41 36 36 37 32 35 39 33 38 37 35 34 34 37 37 32 30 34 33 31 33 35 0 24 34 37 26 31 40 28 23 26 27 24 24 30 29 27 30 33 26 31 25 29 27 
28 24 26 22 21 20 24 21 24 25 22 25 24 19 24 23 24 27 25 27 22 26 23 26 26 25 25 30 27 30 28 25 30 31 28 30 30 29 31 28 28 31 31 30 30 29 32 31 24 22 28 25 29 28 22 28 24 24 26 20 23 26 20 28 26 21 24 23 24 25 20 18 22 21 19 19 25 24 0 35 38 26 32 38 28 24 27 28 25 25 31 30 28 31 34 27 32 26 30 28 
39 37 40 35 32 35 39 37 37 39 37 39 35 32 38 36 38 40 40 41 34 38 37 40 39 36 40 41 40 43 37 38 41 40 41 42 43 40 45 41 39 43 43 43 45 41 46 45 35 36 43 39 43 40 36 43 39 38 39 35 37 40 35 40 39 36 35 36 38 36 34 32 35 34 33 35 33 34 35 0 38 26 31 38 26 23 26 27 23 24 29 28 26 29 32 26 30 24 28 27 
44 40 42 36 36 36 39 37 39 39 38 40 39 34 40 39 38 38 40 41 37 41 38 42 40 39 39 44 41 43 43 40 46 44 41 45 45 41 45 43 42 45 43 44 46 44 46 46 38 37 44 41 45 42 37 45 40 39 41 35 37 43 37 43 41 38 39 37 40 40 36 34 37 37 35 36 36 37 38 38 0 25 32 38 26 23 25 26 23 24 29 28 26 29 32 26 30 24 28 27 
32 28 31 26 25 25 28 26 28 28 26 29 27 23 28 27 28 30 29 30 26 30 27 31 30 28 29 33 31 33 31 27 34 34 32 33 35 32 35 33 30 35 34 34 35 33 36 35 27 26 33 28 33 32 26 33 28 28 29 25 27 30 25 31 30 26 27 26 29 28 24 22 26 25 23 25 25 26 26 26 25 0 34 37 25 21 24 26 24 23 29 28 26 29 32 25 30 24 28 26 
35 32 34 29 29 29 33 31 32 34 31 34 32 26 33 32 33 35 35 36 30 34 32 34 34 31 34 39 36 37 34 35 38 36 37 38 39 36 41 37 35 39 39 38 40 37 42 39 31 31 37 34 38 35 31 38 34 33 34 29 32 35 30 37 35 31 31 31 34 31 29 28 31 30 29 28 29 31 32 31 32 34 0 41 24 20 24 25 21 21 27 26 24 27 30 23 28 22 26 24 
46 41 43 39 40 37 42 40 42 43 41 43 42 37 43 42 41 46 44 44 40 44 42 44 46 41 43 49 45 47 45 42 47 48 46 46 50 45 49 48 44 48 48 47 47 46 50 48 41 41 46 41 46 47 40 46 43 41 43 39 41 45 39 44 43 40 40 39 43 41 37 37 40 38 38 38 39 40 38 38 38 37 41 0 30 22 24 25 22 22 28 27 25 28 31 24 29 23 27 25 
33 28 31 26 27 25 30 27 29 31 28 31 29 24 30 29 29 32 32 33 27 31 29 31 33 29 30 36 32 35 32 31 34 35 33 34 37 32 38 36 32 37 35 36 36 34 39 37 29 29 33 30 35 33 28 34 30 29 31 25 28 33 26 33 31 28 28 27 31 29 25 24 27 26 25 25 26 28 28 26 26 25 24 30 0 24 22 25 21 22 27 26 24 27 30 24 28 22 26 25 
29 25 28 23 23 22 25 23 25 26 23 26 25 20 25 24 25 28 27 29 23 27 24 28 28 26 26 32 29 31 29 27 31 31 30 32 32 30 33 31 29 33 32 32 32 31 34 33 25 24 30 26 31 29 23 30 26 25 27 22 25 28 22 29 27 23 25 23 26 26 21 20 24 22 21 21 22 23 24 23 23 21 20 22 24 0 34 31 24 25 30 30 28 31 34 27 32 26 30 28 
33 28 31 25 26 25 29 27 28 30 27 30 28 23 29 27 29 31 31 33 25 30 27 30 31 28 30 34 31 34 30 31 33 33 33 33 36 32 36 34 32 35 35 34 36 32 38 37 28 28 33 30 34 31 27 34 29 29 31 25 28 32 26 32 30 26 28 27 30 28 25 23 26 25 25 24 24 26 27 26 25 24 24 24 22 34 0 33 23 25 32 30 28 31 34 26 31 25 29 27 
34 29 32 26 27 26 30 28 29 31 28 31 29 24 30 28 29 32 32 34 26 31 28 32 31 29 31 35 33 35 31 31 35 34 34 33 37 33 37 35 33 36 36 36 37 34 39 38 29 29 34 31 36 32 28 35 29 30 32 26 29 32 27 33 31 27 29 28 31 29 26 24 27 26 26 25 25 27 28 27 26 26 25 25 25 31 33 0 22 23 29 28 26 29 32 25 30 24 28 26 
29 24 28 22 22 22 26 24 24 27 24 27 24 20 26 24 26 28 27 30 23 26 25 28 28 24 27 33 30 31 27 28 32 29 30 31 32 28 34 32 29 33 32 33 33 30 34 34 24 25 30 27 31 29 24 31 27 26 28 22 25 29 23 30 27 24 25 24 26 25 22 21 24 23 22 21 22 24 25 23 23 24 21 22 21 24 23 22 0 26 32 30 28 30 33 27 31 25 29 28 
30 25 28 23 23 22 26 24 25 26 24 27 25 20 26 25 26 29 28 29 24 27 25 29 29 26 27 33 30 32 29 28 32 32 30 32 33 30 34 32 29 33 33 33 32 31 35 33 25 25 30 27 32 30 24 31 27 26 28 23 26 29 23 29 28 24 25 24 27 26 22 21 25 23 22 23 23 24 25 24 24 23 21 22 22 25 25 23 26 0 35 33 30 33 35 29 33 28 31 30 
35 31 34 28 29 28 32 30 31 33 30 33 31 26 32 31 32 34 33 35 29 33 31 34 35 30 33 39 36 36 33 33 38 37 36 36 39 35 39 38 34 38 38 39 39 36 40 40 31 31 36 32 37 35 30 37 33 32 34 28 31 35 29 36 34 30 30 30 33 30 28 27 30 29 28 27 28 30 31 29 29 29 27 28 27 30 32 29 32 35 0 31 26 29 32 26 30 24 28 27 
34 30 33 27 28 27 31 29 30 32 29 32 30 25 31 30 30 33 33 35 28 32 30 33 34 30 32 38 35 36 33 33 37 36 35 36 38 34 39 37 34 38 37 38 38 36 40 39 30 30 35 32 37 34 29 36 32 31 33 27 30 34 28 35 33 29 29 29 32 30 27 26 29 28 27 26 27 29 30 28 28 28 26 27 26 30 30 28 30 33 31 0 34 36 39 32 37 31 34 34 
33 28 31 25 26 25 29 27 28 30 27 30 28 23 29 28 29 30 30 32 26 30 28 31 32 28 30 35 32 33 31 31 35 33 33 33 36 31 37 35 32 36 34 36 36 34 38 37 28 27 33 30 35 32 27 34 30 29 31 24 28 32 26 33 31 27 28 26 30 28 25 24 27 26 25 24 25 27 28 26 26 26 24 25 24 28 28 26 28 30 26 34 0 35 36 31 34 28 31 31 
36 31 34 28 29 28 32 30 31 33 30 33 31 26 32 31 31 34 34 36 29 33 31 34 35 31 33 39 36 37 34 34 38 36 36 37 39 35 40 38 35 39 38 39 39 37 41 40 31 31 36 33 38 35 30 37 33 32 34 28 31 35 29 36 34 30 31 30 33 31 28 27 30 29 28 27 28 30 31 29 29 29 27 28 27 31 31 29 30 33 29 36 35 0 42 33 37 31 35 33 
37 34 37 31 32 31 35 33 34 35 33 36 34 29 35 34 34 37 37 39 31 35 34 37 38 34 35 41 39 40 36 35 39 39 39 38 41 38 43 41 37 42 41 41 42 39 44 43 34 34 38 36 41 38 33 40 36 35 37 31 34 38 32 39 37 33 34 33 36 34 31 30 33 32 31 30 31 33 34 32 32 32 30 31 30 34 34 32 33 35 32 39 36 42 0 34 35 29 33 31 
33 28 31 26 26 25 28 26 28 29 26 29 28 23 28 27 28 31 30 32 26 30 27 31 31 29 29 35 32 34 32 30 34 34 33 35 35 33 36 34 32 36 35 35 35 34 37 36 28 27 33 29 34 32 26 33 29 28 30 25 28 31 25 32 30 26 28 26 29 29 24 23 27 25 24 24 25 26 27 26 26 25 23 24 24 27 26 25 27 29 26 32 31 33 34 0 38 33 35 34 
35 32 35 29 30 29 33 31 32 33 31 34 32 27 33 32 32 35 35 37 29 34 32 35 36 32 33 39 37 38 34 34 38 37 37 37 39 36 41 39 35 40 39 39 40 37 42 41 32 32 36 34 39 36 31 38 34 33 35 29 32 36 30 37 35 31 32 31 34 32 29 28 31 30 29 28 29 31 32 30 30 30 28 29 28 32 31 30 31 33 30 37 34 37 35 38 0 34 36 35 
31 26 29 23 24 23 27 25 26 28 25 28 26 21 27 26 27 29 29 31 24 28 26 29 30 26 28 34 31 32 29 29 33 32 31 32 34 30 35 33 30 34 33 33 34 32 35 35 26 26 31 28 33 30 25 32 28 27 29 23 26 30 24 31 29 25 26 25 28 26 23 22 25 24 23 22 23 25 26 24 24 24 22 23 22 26 25 24 25 28 24 31 28 31 29 33 34 0 34 33 
32 30 33 27 28 27 31 29 30 31 29 32 30 25 31 30 31 33 33 35 27 32 30 33 33 30 31 37 35 36 32 31 36 36 35 34 37 34 39 37 33 38 37 37 38 35 39 39 30 30 34 32 37 34 29 36 31 31 33 27 30 33 28 35 33 29 29 29 32 30 27 26 29 28 27 26 27 29 30 28 28 28 26 27 26 30 29 28 29 31 28 34 31 35 33 35 36 34 0 33 
32 28 31 26 26 25 29 27 28 29 27 30 28 23 29 28 28 31 30 32 26 30 28 32 32 29 29 35 32 34 31 30 34 34 33 33 35 32 37 35 31 36 35 35 36 33 37 37 28 27 32 30 35 33 27 34 30 29 31 25 29 32 26 33 31 27 28 26 30 29 25 24 28 26 25 25 26 27 28 27 27 26 24 25 25 28 27 26 28 30 27 34 31 33 31 34 35 33 33 0 

Rho histogram: 
9 17 5 8 13 13 13 10 6 5 1 0 0 0 0 0 0 0 0 0 

Summary:
objF nSamp nIter rhoMean rhoStDev rProp hitsProp rankHitsProp seconds
Rgar25 100 100 0.23403648364836493 0.13127109770724443 0 0 0.0273 160.844
