=======================================================
Objective function:  Wrug
Matrix:  R100.csv
Iterations:  100
Heuristic for search:  RobSA3
Improvement function # 0
Window width for improvement:  0
Heuristic for improvement:  RobSA3
Seed:  33
=======================================================

Best permutations: 
0 2 3 4 5 6 7 8 9 10 11 12 13 14 15 16 17 1 19 20 21 22 24 25 26 27 28 29 30 31 32 23 33 35 34 36 37 38 39 40 41 42 43 44 45 46 47 48 49 50 51 52 53 54 55 56 57 18 58 60 59 61 62 63 64 65 66 67 68 69 70 71 72 73 74 75 76 77 78 79 80 81 82 84 83 85 86 87 88 89 90 91 92 93 94 95 96 97 98 99 
53 52 54 51 50 49 48 47 46 45 44 43 42 41 40 39 38 37 36 35 34 33 32 31 30 29 28 27 26 25 24 23 21 22 20 19 18 17 16 15 14 13 12 11 10 9 55 7 6 56 57 58 4 59 2 60 61 62 63 64 65 66 67 68 69 70 71 72 73 74 8 75 77 76 78 79 80 81 5 3 82 1 83 84 0 85 86 87 88 89 90 91 92 93 94 95 96 97 98 99 
0 1 2 3 4 5 6 7 8 9 10 11 12 13 14 15 16 17 18 19 20 21 22 23 24 25 26 27 28 29 30 31 32 33 34 35 36 37 38 39 40 41 42 43 44 45 46 47 48 49 50 51 52 53 54 55 56 57 58 59 60 61 62 63 64 65 66 68 67 69 70 71 72 73 74 75 76 77 78 79 80 81 82 83 84 85 86 87 88 89 90 91 92 93 94 95 96 97 98 99 
53 52 51 50 49 48 47 46 45 44 43 42 41 40 39 38 37 36 35 34 33 32 31 30 29 28 26 27 25 24 23 22 21 20 19 18 17 16 15 14 13 11 12 10 8 7 3 1 54 55 56 58 57 59 60 61 62 63 64 9 66 65 67 68 69 70 71 6 72 73 74 75 76 77 78 79 80 5 81 4 82 83 84 85 2 86 87 88 89 90 0 91 92 93 94 95 96 97 98 99 
92 0 90 1 2 87 86 3 4 5 6 8 85 7 9 10 11 12 13 14 15 16 17 18 19 20 21 22 23 24 25 26 27 28 29 30 31 32 33 34 35 36 37 38 40 39 41 42 43 44 46 45 47 49 48 50 51 52 53 54 55 56 57 58 59 60 61 62 63 64 65 66 67 68 69 70 71 72 73 74 75 76 77 78 79 80 81 82 83 84 91 88 89 93 94 95 96 99 98 97 
0 1 2 3 4 5 6 7 8 9 10 11 12 13 14 15 16 17 18 19 20 21 22 23 24 25 26 27 28 29 30 31 32 33 34 35 36 37 38 39 40 41 42 43 44 45 46 47 48 50 49 51 52 53 54 55 56 57 58 59 60 61 62 63 64 65 66 67 68 69 70 71 72 73 74 75 76 77 78 79 80 81 82 83 84 85 86 87 88 89 90 91 92 93 94 95 96 97 98 99 
1 2 3 4 5 6 7 8 9 10 11 12 13 14 15 16 17 0 19 20 21 22 23 25 24 26 27 28 29 30 31 32 33 34 35 36 37 38 39 40 41 42 43 44 45 46 18 49 47 48 51 50 52 53 54 55 56 57 58 59 61 62 60 63 64 65 66 67 68 69 70 71 72 73 74 75 76 77 78 79 80 81 82 83 84 85 86 87 88 89 90 91 92 93 94 95 96 97 98 99 
0 1 2 3 4 5 6 7 8 9 10 11 12 13 14 15 16 17 18 19 20 21 23 22 24 25 26 27 28 29 30 31 32 33 34 35 36 37 38 39 40 41 42 43 44 45 46 47 48 49 50 51 53 52 54 55 56 57 58 59 60 61 62 63 64 65 66 67 68 69 70 71 72 73 74 75 76 77 78 79 80 81 82 83 84 85 87 86 88 89 90 91 92 93 94 95 96 99 98 97 
22 21 20 19 18 17 16 15 14 13 12 11 10 9 8 7 5 6 2 4 23 24 25 26 27 28 29 30 31 1 34 35 33 32 36 38 39 37 40 41 42 43 44 45 46 48 47 49 50 51 52 53 54 55 56 57 58 59 60 61 63 62 64 65 66 67 68 69 70 71 72 73 74 75 76 77 78 79 80 81 82 83 84 85 3 86 0 87 88 89 90 91 92 93 94 95 96 97 98 99 
0 1 2 3 4 5 7 8 9 11 10 12 14 15 16 20 13 19 21 22 23 17 24 25 30 18 40 27 26 31 29 28 32 33 36 34 35 37 38 6 42 39 43 44 45 41 46 47 48 49 50 52 51 53 54 55 56 57 58 59 60 61 62 63 64 65 66 67 68 69 70 71 72 73 74 75 76 77 78 79 80 81 82 83 84 85 86 87 88 89 90 91 92 93 94 95 96 97 98 99 
2 4 5 6 7 8 9 10 11 12 13 14 15 16 17 18 19 20 21 22 23 24 25 26 27 28 29 30 31 32 33 34 35 36 37 38 39 40 3 42 41 43 44 45 46 47 48 49 50 51 52 53 54 55 56 57 58 59 60 61 62 63 64 65 66 67 68 69 70 71 72 73 74 0 75 76 77 78 80 79 81 82 83 84 85 86 1 87 88 89 90 91 92 93 94 95 96 97 98 99 
0 2 3 4 5 6 7 8 9 10 11 12 13 14 15 16 17 18 20 19 21 23 24 22 25 26 27 29 30 28 31 32 33 34 35 36 37 38 39 40 41 42 43 44 45 46 47 48 49 50 51 52 53 54 55 57 58 59 60 61 62 63 64 65 56 67 66 68 69 70 71 72 73 74 76 75 77 78 79 80 81 82 83 84 85 86 87 1 88 89 90 91 92 93 94 95 96 97 98 99 
23 22 21 20 19 18 17 16 15 14 13 12 11 10 9 8 5 3 2 24 25 26 27 28 29 30 31 32 33 34 35 36 37 38 39 40 41 42 43 44 45 46 7 6 49 48 50 51 52 53 47 4 54 56 55 57 59 60 58 0 61 62 64 63 65 66 1 67 68 70 69 72 71 73 74 75 76 77 78 79 80 81 82 83 84 85 86 87 88 89 90 91 92 93 94 95 96 97 98 99 
0 1 2 3 4 5 6 7 8 9 10 11 12 13 14 15 20 16 17 18 19 21 22 23 25 24 26 27 29 31 30 32 33 34 35 36 28 37 38 39 40 41 42 43 44 45 46 47 48 50 49 51 53 54 52 55 56 57 58 59 60 61 62 63 64 65 66 67 68 69 70 71 72 73 74 75 76 77 78 79 80 81 82 83 84 85 86 87 88 89 90 91 92 93 94 95 96 97 98 99 
0 1 2 3 4 5 6 7 8 9 10 11 12 13 14 15 16 17 18 19 20 21 22 23 24 25 26 27 28 29 30 31 32 34 36 33 35 37 38 39 40 41 42 43 44 45 46 47 48 49 50 51 52 53 54 55 56 57 58 59 60 61 62 63 64 65 66 67 68 69 70 71 72 73 74 75 76 77 78 79 80 81 82 83 84 86 85 87 88 89 90 91 92 93 94 95 96 97 98 99 
21 20 19 18 17 16 15 14 13 12 11 10 9 8 6 5 4 22 23 24 25 26 27 28 29 30 31 32 33 34 35 36 37 38 39 40 41 42 7 43 44 45 46 47 48 49 50 51 52 53 54 55 56 57 58 59 60 61 62 63 3 64 65 1 66 67 68 69 70 71 72 73 74 76 75 77 78 79 80 81 2 83 82 84 85 0 86 87 88 89 90 91 92 93 94 95 96 97 98 99 
0 1 2 3 4 5 6 7 8 9 10 12 11 14 13 15 16 17 19 18 20 21 22 23 24 25 26 27 29 30 32 31 33 34 35 36 37 38 28 39 40 41 42 43 44 45 46 47 48 49 50 51 52 53 54 55 56 57 58 59 60 61 62 63 64 65 66 67 69 68 70 71 72 73 74 75 76 78 77 79 80 81 82 83 84 85 86 87 88 89 90 91 92 93 94 95 96 97 98 99 
1 2 3 4 5 6 7 9 8 10 11 12 13 15 14 16 17 18 19 20 22 21 23 24 25 26 27 28 29 30 31 32 33 34 35 36 37 38 39 40 41 42 43 44 45 46 47 48 49 50 51 53 52 54 55 56 57 58 59 60 61 62 63 64 65 66 67 68 69 70 71 72 73 74 75 76 77 78 79 0 80 81 82 83 84 85 86 87 88 89 90 91 92 93 94 95 96 97 98 99 
0 1 2 3 4 5 6 7 8 9 10 11 12 13 14 15 16 17 18 19 21 22 23 24 25 26 27 28 29 20 30 32 33 34 35 36 31 37 38 39 40 41 42 43 44 45 47 46 48 49 50 51 52 53 54 55 56 57 58 59 60 61 62 63 64 65 66 67 68 69 70 71 72 73 74 75 76 77 78 79 80 81 82 83 85 84 86 87 88 89 90 91 92 93 94 95 96 97 98 99 
0 1 2 3 4 5 6 7 8 10 9 11 12 13 14 15 16 17 18 19 20 21 22 23 25 26 27 28 29 30 31 32 24 33 34 35 36 37 38 39 40 41 42 43 44 45 46 47 48 49 51 50 52 53 54 55 56 57 58 59 60 61 62 63 64 65 66 67 68 69 70 71 72 73 74 75 76 77 78 79 80 81 82 83 84 85 86 87 88 89 90 91 92 93 94 95 96 97 98 99 
0 1 2 3 4 5 6 7 8 9 10 11 12 13 14 15 16 17 18 19 20 21 22 23 24 25 26 28 27 29 30 31 32 33 34 35 36 37 38 39 40 41 42 43 44 45 46 47 48 50 49 51 52 53 54 55 56 58 57 59 60 61 62 63 64 65 66 67 68 69 70 71 72 73 74 75 76 77 78 79 80 81 82 83 84 85 86 87 88 89 90 91 92 93 94 95 96 97 98 99 
21 20 19 18 17 16 15 14 13 12 11 10 8 7 6 5 4 22 23 24 25 26 27 28 29 30 31 32 33 34 35 36 37 38 39 40 41 42 43 44 3 45 46 47 48 49 51 50 52 53 54 55 56 57 58 59 60 61 62 63 64 65 66 9 67 68 69 70 2 71 72 73 74 75 76 1 78 77 79 80 0 81 82 83 84 85 86 87 88 90 89 91 92 93 94 95 96 97 98 99 
0 1 2 3 4 5 6 7 8 9 11 10 12 13 14 15 16 18 19 20 21 22 24 25 26 27 28 29 30 23 31 33 32 35 34 36 38 37 40 17 39 41 42 43 44 45 46 47 48 49 50 52 51 53 54 56 55 57 58 59 60 61 62 63 64 65 66 67 68 69 70 71 72 73 74 75 76 77 78 79 80 81 82 83 84 85 86 87 88 89 90 91 92 93 94 95 96 97 98 99 
95 86 85 0 84 83 1 82 2 3 4 5 6 7 8 81 9 10 11 12 13 14 15 16 17 18 19 20 21 22 23 24 25 26 27 28 29 30 31 32 33 34 35 36 37 38 39 40 41 42 43 44 45 46 47 48 49 50 51 53 52 54 55 56 57 58 59 60 61 62 63 65 64 67 66 68 69 70 72 71 73 74 78 75 76 77 80 79 88 87 89 90 91 93 92 94 96 99 98 97 
0 1 2 3 4 5 6 7 8 9 10 11 12 13 14 15 16 17 18 19 20 21 22 23 24 25 26 27 28 29 30 31 32 33 34 35 36 37 38 39 40 41 42 43 44 45 46 47 48 49 50 51 53 52 54 55 56 57 58 59 60 61 62 63 64 65 66 67 68 69 70 71 72 73 74 75 76 77 78 79 80 81 82 83 84 85 86 87 88 89 90 91 92 93 94 95 96 97 98 99 
0 2 3 4 5 6 7 8 9 10 11 12 13 14 15 17 18 19 20 21 22 23 24 25 26 27 28 29 30 31 32 33 34 35 36 37 38 39 40 41 42 16 43 44 45 46 47 48 49 51 52 53 50 54 55 56 57 58 59 60 61 62 63 64 66 65 67 68 69 70 71 72 73 74 75 76 77 78 1 79 80 81 82 83 84 85 86 87 88 89 90 91 92 93 94 95 96 97 98 99 
16 15 14 13 12 11 17 10 9 8 7 6 3 18 5 19 4 20 21 1 22 23 24 26 25 27 28 29 30 31 32 33 34 35 36 37 38 40 41 42 43 44 39 45 46 48 47 50 51 49 52 53 56 54 55 58 57 67 59 60 61 63 62 65 64 72 66 69 68 78 70 71 74 73 75 77 2 76 82 79 80 81 84 0 83 85 86 87 88 89 90 91 92 93 94 95 96 97 98 99 
2 3 4 5 6 7 8 9 10 11 12 13 14 15 16 17 18 19 20 0 23 21 22 24 25 26 27 28 29 30 31 32 33 34 35 36 37 38 39 40 41 42 43 44 45 46 47 48 49 50 51 52 53 54 55 56 57 58 59 1 60 61 62 63 64 65 66 67 68 69 70 71 72 73 74 75 76 77 78 79 80 81 82 83 84 85 86 87 88 89 90 91 92 93 94 95 96 97 98 99 
21 20 19 18 17 16 15 14 13 12 11 4 0 22 23 7 25 26 27 28 29 3 31 30 33 32 34 6 1 36 35 37 47 24 38 39 40 41 42 10 44 9 43 45 8 46 48 50 54 5 49 51 52 53 55 56 57 58 59 60 61 62 63 64 65 66 67 68 69 70 71 72 73 74 2 75 76 77 78 79 80 81 82 83 84 85 86 87 88 89 90 91 92 93 94 95 96 97 98 99 
0 1 2 3 4 5 6 7 8 9 10 11 12 13 14 15 16 17 18 19 20 21 22 23 24 25 26 27 28 29 30 31 32 33 34 35 36 37 38 40 39 41 43 42 44 45 46 47 48 49 50 51 52 53 54 55 56 57 58 59 60 61 62 63 64 65 66 67 68 69 70 71 72 73 74 75 77 76 78 79 80 81 83 82 84 85 86 87 88 89 90 91 92 93 94 95 96 97 98 99 
0 1 2 3 4 5 6 7 8 9 10 11 12 13 14 15 16 17 18 19 20 21 22 23 24 25 26 27 28 29 30 31 32 33 34 35 36 37 38 39 40 41 42 43 44 45 46 47 48 49 50 51 53 52 54 55 56 57 58 59 60 61 62 63 64 65 66 67 68 69 70 71 72 73 74 75 76 77 78 79 80 81 82 83 84 85 86 87 88 89 90 91 92 93 94 95 96 97 98 99 
0 1 2 3 4 5 6 7 8 9 10 11 12 13 14 15 17 16 18 19 20 21 22 23 24 25 26 27 28 29 30 31 32 33 34 35 36 37 38 39 40 41 42 43 44 45 46 47 48 49 50 51 52 53 54 55 56 57 58 59 60 61 62 63 64 65 66 67 68 69 70 71 72 73 74 75 76 77 78 79 80 81 82 83 84 85 86 87 88 89 90 91 92 93 94 95 96 97 98 99 
17 16 15 14 13 12 11 9 8 6 5 4 18 19 2 1 0 23 21 20 26 22 27 29 30 24 31 10 33 28 32 34 25 35 37 36 39 41 42 40 43 38 44 45 46 47 48 49 50 51 52 53 54 55 56 57 58 59 60 61 62 63 64 65 66 7 68 67 69 70 71 73 72 3 75 76 74 77 78 79 80 81 82 83 84 85 86 87 88 89 90 91 92 93 94 95 96 97 98 99 
18 17 16 15 14 13 12 11 10 9 8 7 6 5 19 20 21 22 23 24 25 26 27 28 29 30 31 32 33 34 35 36 37 38 39 40 41 42 43 44 45 3 46 47 48 49 4 50 51 52 53 54 55 57 58 59 2 56 61 60 63 62 0 65 64 66 67 69 68 70 71 72 73 1 74 75 76 77 78 79 80 81 82 83 84 85 86 87 88 89 90 91 92 93 94 95 96 97 98 99 
18 70 73 51 24 63 60 76 17 53 5 69 77 27 68 57 45 43 10 1 49 31 16 71 87 86 33 98 39 59 74 32 22 84 66 85 6 34 54 36 56 41 14 96 94 62 20 40 4 47 12 9 30 92 91 48 13 79 58 28 65 8 89 95 80 15 38 2 93 44 35 83 37 23 11 99 19 64 55 7 97 78 61 72 67 26 0 81 29 46 21 52 3 82 88 25 50 90 42 75 
0 1 2 3 4 5 6 7 8 9 10 11 12 13 14 15 16 17 18 19 20 21 22 23 24 25 26 27 28 29 30 31 32 33 34 35 36 37 38 39 40 41 42 43 44 45 46 47 48 49 50 51 52 53 54 55 56 57 58 59 60 61 62 63 64 66 65 67 68 69 70 71 72 73 74 75 76 77 78 79 80 81 82 83 84 85 86 87 88 89 90 91 92 93 94 95 96 97 99 98 
22 21 20 19 18 17 16 15 14 13 12 11 10 9 7 5 3 0 23 24 25 26 27 28 29 30 31 32 33 34 35 36 37 38 39 40 41 42 43 44 45 46 47 48 8 49 4 50 51 52 54 55 6 56 57 58 59 60 53 61 1 63 62 64 65 66 68 67 69 70 71 72 73 74 75 76 77 78 79 80 81 82 83 84 85 86 87 88 89 90 2 91 92 93 94 95 96 97 98 99 
0 1 2 3 4 5 6 7 8 9 10 11 12 13 14 15 17 16 18 19 20 21 22 23 24 25 26 27 28 29 30 31 32 33 34 35 36 37 38 39 40 41 42 43 44 45 46 47 48 49 50 51 52 53 54 55 56 57 58 59 60 61 62 63 64 65 66 68 67 69 70 71 72 73 74 75 76 77 78 79 80 81 82 83 84 85 86 87 88 89 90 91 92 93 94 95 96 97 98 99 
3 4 2 6 5 7 8 9 10 11 12 13 14 15 16 17 18 19 20 21 22 23 24 25 26 27 29 28 30 31 32 33 34 35 36 37 38 39 40 41 42 43 44 45 46 47 48 49 50 51 52 53 0 54 55 56 57 58 59 60 61 62 63 64 65 66 67 68 69 70 71 72 73 74 75 76 77 1 78 79 80 81 82 83 84 85 86 87 88 89 90 91 92 93 94 95 96 97 98 99 
1 2 3 4 5 6 7 8 9 10 11 12 13 14 16 15 17 19 18 20 22 23 24 25 26 28 27 29 30 31 32 33 34 35 36 37 40 38 21 39 41 42 43 44 45 46 47 48 49 50 51 52 53 54 55 56 58 57 59 60 61 62 63 64 65 66 67 68 69 70 71 72 73 74 75 76 77 78 79 80 81 82 83 84 85 86 87 0 88 89 90 91 92 93 94 95 96 97 98 99 
0 1 3 4 5 6 7 8 9 10 12 13 14 15 16 17 18 20 21 22 19 24 25 26 27 28 29 30 31 32 33 34 23 35 36 37 38 39 40 41 42 43 44 45 46 47 11 48 49 50 51 53 52 54 55 56 57 58 59 60 61 62 63 64 2 66 65 67 69 68 70 71 72 73 74 75 76 77 78 79 80 81 82 83 84 85 86 87 88 89 90 91 92 93 94 95 96 97 98 99 
0 1 2 3 4 5 6 7 8 9 10 11 12 13 14 15 16 17 19 18 20 21 22 24 25 26 27 28 29 23 31 30 32 33 34 35 36 38 37 39 40 41 42 43 44 45 46 47 48 49 50 51 52 53 54 55 56 57 58 59 60 61 62 63 64 65 66 67 68 69 70 71 72 73 74 75 76 77 78 79 80 81 82 83 84 85 86 87 88 89 90 91 92 93 94 95 96 97 98 99 
49 47 46 45 44 43 42 41 40 39 38 37 36 35 34 33 32 31 30 29 28 27 26 25 24 23 22 21 20 19 18 17 16 15 14 13 12 11 10 9 8 50 7 2 48 51 53 52 54 55 56 57 58 59 60 5 61 63 64 62 65 66 67 6 69 68 70 71 72 4 74 73 75 76 77 78 3 79 80 81 82 1 83 84 85 86 0 87 88 89 90 91 92 93 94 95 96 97 98 99 
8 7 5 6 9 10 12 13 14 15 11 17 16 18 19 20 21 22 23 24 25 26 27 28 29 30 31 32 33 34 35 36 37 38 39 40 41 42 43 44 45 46 47 48 2 50 51 49 52 0 53 54 55 57 56 58 59 60 61 62 63 64 66 4 65 67 68 70 69 71 72 73 3 75 74 76 77 1 78 79 80 81 82 83 84 85 86 87 88 89 90 91 92 93 94 95 96 97 98 99 
0 1 2 3 4 5 6 7 8 9 11 10 12 13 14 15 16 17 18 19 21 20 23 24 26 25 27 29 28 22 30 31 32 34 33 36 35 37 38 39 40 41 42 43 44 45 46 47 48 49 50 51 52 53 54 55 56 57 58 59 60 61 62 63 64 65 66 67 68 69 70 71 72 73 74 75 76 77 78 79 80 81 82 83 84 85 86 87 88 89 90 91 92 93 94 95 96 97 98 99 
2 3 4 5 6 7 9 10 11 12 13 14 15 16 17 1 18 0 19 20 21 23 22 24 26 25 28 27 29 30 31 32 33 34 35 37 36 38 40 39 41 42 43 44 45 46 47 48 49 50 51 52 53 54 55 8 57 56 58 59 60 62 63 61 64 65 66 67 68 69 70 71 72 73 74 75 76 78 79 80 81 82 83 84 77 85 86 87 88 89 90 91 92 93 94 95 96 97 98 99 
1 2 3 4 5 7 8 10 9 11 14 15 16 12 17 6 19 20 13 22 23 24 25 26 27 28 29 30 31 32 33 34 36 35 37 38 39 40 41 42 43 44 45 21 47 46 18 48 49 51 50 52 53 54 55 56 57 58 59 60 61 62 63 64 65 66 67 68 69 70 71 72 73 74 0 75 76 77 78 79 80 81 82 83 84 85 86 87 88 89 90 91 92 93 94 95 96 97 98 99 
19 18 17 16 15 14 13 12 11 10 9 8 7 6 5 3 20 21 22 23 24 25 26 27 28 29 30 31 32 33 34 35 36 2 37 38 40 1 39 41 43 45 4 42 44 47 46 49 48 50 51 52 53 54 55 56 57 58 59 60 61 62 63 64 65 66 67 68 69 70 71 72 73 74 75 76 77 78 79 80 81 82 83 84 85 86 0 87 88 89 91 90 92 93 94 95 96 97 98 99 
19 17 16 15 14 13 11 12 10 18 9 8 7 6 5 20 21 0 22 23 24 26 27 28 29 25 31 30 32 33 34 36 35 37 38 39 40 41 42 43 44 45 46 47 4 48 49 50 51 52 53 54 55 56 57 58 59 60 61 62 63 64 65 66 67 68 69 70 71 72 73 74 3 75 76 77 78 2 79 80 1 81 82 83 84 85 86 87 88 89 90 91 92 93 94 95 96 97 98 99 
0 2 3 4 5 6 7 8 9 10 11 12 13 14 16 15 17 18 19 20 1 21 23 24 25 26 27 28 29 30 31 32 22 33 34 35 36 37 38 39 40 41 42 44 43 45 47 46 48 49 50 51 52 53 54 55 56 57 58 59 60 61 62 63 64 65 66 67 68 69 70 71 72 73 74 75 76 77 78 79 80 81 82 83 84 85 86 87 88 89 90 91 92 93 94 95 96 97 98 99 
23 22 21 20 19 18 17 16 15 14 13 12 11 10 9 8 7 6 2 24 25 26 27 28 29 30 31 32 33 34 35 36 37 38 39 40 41 42 43 3 44 45 4 46 47 48 49 50 51 52 53 54 55 56 57 58 59 61 60 62 63 5 65 64 66 67 68 69 70 71 72 73 75 74 77 1 76 0 78 79 80 81 82 83 84 85 86 87 88 89 90 91 92 93 94 95 96 97 98 99 
0 3 4 5 6 7 8 9 10 11 12 13 15 14 16 17 18 19 20 21 22 23 24 25 26 27 28 29 30 31 32 33 34 35 36 37 38 39 40 41 43 44 42 45 48 46 47 50 51 52 53 49 54 55 57 58 2 59 60 62 56 61 63 65 66 69 64 67 68 70 71 72 73 74 75 76 77 78 79 80 81 82 83 84 85 86 87 1 88 89 90 91 92 93 94 95 96 97 98 99 
1 2 4 5 6 7 8 9 10 11 12 13 14 15 16 17 19 18 20 21 23 24 25 26 27 22 3 30 28 29 31 32 33 34 35 36 37 38 40 41 42 43 44 45 46 47 48 49 50 51 52 39 53 54 55 56 57 58 59 60 61 62 63 64 65 66 67 68 69 70 71 0 72 73 74 75 76 77 78 79 80 81 82 83 84 85 86 87 88 89 90 91 92 93 94 95 96 97 98 99 
0 1 3 4 5 8 7 9 10 11 12 13 14 15 16 17 18 19 20 21 22 23 24 25 26 27 28 29 30 31 32 33 34 35 36 37 38 39 40 41 42 43 44 45 46 47 48 49 50 51 53 52 54 56 57 58 59 60 61 55 62 63 64 65 66 67 68 69 70 71 72 73 74 2 76 75 77 78 79 80 81 82 83 84 85 86 6 87 88 89 90 91 92 93 94 95 96 97 98 99 
0 1 2 3 4 5 6 7 9 10 11 13 14 15 16 12 17 19 18 20 21 22 23 24 25 26 27 28 29 30 31 32 33 34 35 36 37 38 39 40 41 42 43 44 46 45 47 48 49 50 51 52 53 54 55 56 57 58 59 60 61 62 63 64 66 65 67 68 69 70 71 72 73 74 75 76 77 78 8 79 80 82 81 83 84 85 86 87 88 89 90 91 92 93 94 95 96 97 98 99 
0 1 2 3 4 6 5 7 8 90 9 10 11 12 13 14 15 16 17 18 19 20 21 22 23 24 25 26 27 28 29 30 31 32 33 34 35 83 36 37 38 39 40 41 42 43 44 45 46 47 48 49 50 51 52 53 54 55 56 57 58 59 60 61 62 63 64 65 66 67 68 69 70 71 72 73 74 75 76 77 78 79 82 80 81 88 84 85 86 87 89 91 92 93 94 95 96 97 98 99 
2 3 4 5 6 1 7 8 0 9 14 12 15 18 16 17 13 21 22 24 23 25 26 27 29 28 20 31 30 32 33 34 35 19 36 37 38 39 41 40 42 44 43 45 46 47 48 49 50 51 53 11 54 52 56 55 57 58 59 60 61 62 63 64 65 66 67 10 68 69 70 71 72 73 74 75 76 77 78 79 80 81 82 83 84 85 86 87 88 89 90 91 92 93 94 95 96 97 98 99 
0 1 2 3 4 5 6 7 8 9 10 11 12 13 14 15 16 17 18 19 20 21 22 23 24 25 26 27 28 29 30 31 32 33 34 35 36 37 38 89 39 40 41 42 43 44 45 46 47 48 49 50 51 52 53 54 55 56 57 58 59 60 61 62 63 64 65 66 67 68 69 70 71 72 73 74 75 76 77 78 79 80 81 82 83 84 85 86 87 88 90 91 92 93 94 95 96 97 99 98 
0 1 2 3 4 5 6 7 8 9 10 11 12 13 14 15 16 17 18 19 20 21 22 23 24 25 26 27 29 28 30 31 32 34 35 36 37 38 39 33 40 41 42 43 45 44 46 47 48 49 50 51 52 53 54 55 56 57 58 59 60 61 62 63 64 65 66 67 68 69 70 71 72 73 74 75 76 77 78 79 80 81 82 83 85 84 86 87 88 89 90 91 92 93 94 95 96 97 98 99 
1 3 5 6 7 8 9 10 11 12 13 14 15 16 17 18 19 20 21 22 23 24 25 26 27 28 29 30 31 4 32 33 34 35 36 37 38 39 40 41 42 43 44 45 46 47 48 49 50 51 52 53 54 55 56 57 58 2 59 61 60 0 63 62 64 65 66 67 68 69 70 71 72 73 74 75 76 77 78 79 80 81 82 83 84 85 86 87 88 89 90 91 92 93 94 95 96 97 98 99 
1 2 3 4 5 6 7 8 9 10 12 11 13 14 15 16 17 18 19 20 21 23 24 25 26 27 28 22 29 30 32 33 35 31 34 36 38 39 37 40 41 42 43 44 45 46 47 48 49 50 51 52 53 54 55 56 57 58 59 60 61 62 63 64 65 66 67 68 69 70 71 72 73 74 75 76 0 77 78 79 80 81 82 83 84 85 86 87 88 89 90 91 92 93 94 95 96 97 98 99 
0 2 3 4 5 6 7 8 9 10 11 12 13 14 15 16 17 18 19 20 21 22 23 24 25 26 27 28 29 30 31 32 33 34 35 36 37 38 39 40 41 42 43 44 45 46 47 48 49 50 51 52 53 54 55 56 57 58 59 60 61 62 63 64 65 66 67 68 69 70 71 72 73 74 75 76 77 78 79 80 81 82 83 1 84 85 86 87 88 89 90 91 92 93 94 95 96 97 98 99 
0 2 3 5 6 7 8 9 10 11 12 13 14 15 16 17 18 20 19 22 23 24 25 21 27 28 26 29 30 31 33 32 34 36 35 37 38 39 40 41 42 43 44 45 46 47 48 4 49 50 51 53 52 54 55 56 60 57 58 59 61 62 64 63 1 65 66 67 68 69 70 71 72 73 74 75 76 77 78 79 80 81 82 83 84 85 86 87 88 89 90 91 92 93 94 95 96 97 98 99 
1 3 4 5 7 8 9 10 11 12 13 14 15 16 17 18 19 20 21 23 22 24 25 26 27 29 28 30 31 32 33 34 35 36 37 38 39 6 40 41 42 44 2 45 46 0 48 43 49 47 51 50 52 53 54 55 56 57 58 59 61 60 62 63 64 65 66 67 68 69 70 71 72 73 74 75 76 77 78 79 80 81 82 83 84 85 86 87 88 89 90 91 92 93 94 95 96 97 98 99 
0 2 3 4 5 6 7 8 9 10 11 12 13 14 15 16 17 18 19 20 21 22 23 24 25 26 27 28 29 30 31 32 33 34 35 36 37 38 39 40 41 42 43 44 45 46 47 48 49 50 51 52 53 54 55 56 57 58 59 60 61 62 63 64 65 66 67 68 69 70 71 72 73 74 75 1 76 77 78 79 80 81 82 83 84 85 86 87 88 89 90 91 92 93 94 95 96 97 98 99 
0 1 2 3 4 5 6 7 8 9 11 10 12 20 13 14 15 16 17 18 19 21 22 91 23 24 25 26 27 28 29 30 31 32 35 33 34 37 36 38 39 40 41 42 43 44 45 46 47 48 49 50 51 52 53 54 55 56 57 59 58 60 61 62 63 64 65 66 67 72 68 69 70 71 73 74 75 76 77 78 79 80 81 82 83 84 85 86 87 88 89 90 92 93 94 95 96 97 99 98 
0 1 2 3 4 5 6 7 8 9 10 11 12 13 14 15 16 17 18 19 20 22 23 24 25 26 27 28 29 30 31 32 33 34 35 21 36 38 37 39 40 41 42 43 44 46 45 47 48 49 50 51 52 53 54 55 56 57 58 59 60 61 62 63 64 65 66 67 68 69 70 71 72 73 74 75 76 77 78 79 80 81 82 83 84 85 86 87 88 89 90 91 92 93 94 95 96 97 98 99 
1 2 3 4 5 6 7 8 9 10 11 12 13 14 0 15 16 18 17 19 20 21 22 23 24 25 26 27 28 29 30 32 33 31 34 35 36 37 38 39 40 41 42 43 44 45 46 47 48 49 50 51 52 53 54 55 56 57 58 59 60 61 62 63 64 65 66 67 68 69 71 70 72 73 74 75 76 77 78 79 80 81 82 83 84 86 85 87 88 89 90 91 92 93 94 95 96 97 98 99 
0 1 2 3 4 5 6 7 8 10 11 12 14 13 15 17 16 18 20 21 22 23 24 25 19 26 27 29 28 30 31 32 34 33 35 37 36 38 39 40 41 44 42 43 45 46 47 48 49 50 51 52 53 54 55 56 57 58 59 60 61 62 63 64 65 66 67 68 69 70 9 71 73 72 74 75 76 77 78 79 80 81 82 83 84 85 86 87 88 89 90 91 92 93 94 95 96 97 98 99 
19 18 17 16 15 14 13 12 11 10 9 7 6 4 1 20 21 22 23 24 25 26 27 28 29 30 31 32 33 34 35 36 37 38 39 8 40 3 41 44 42 2 45 46 43 47 48 50 49 52 51 53 54 55 0 57 58 56 60 59 61 5 62 63 64 65 66 67 68 69 70 71 72 73 74 75 76 77 78 79 80 81 82 83 84 85 86 87 88 89 90 91 92 93 94 95 96 97 98 99 
1 2 3 4 5 6 7 8 9 10 11 12 13 14 15 16 17 18 19 20 21 22 23 24 25 26 27 28 29 30 31 32 33 34 36 35 37 39 38 40 41 42 43 44 45 46 47 48 49 50 51 52 53 54 56 55 57 59 58 60 61 62 63 64 65 66 67 68 69 70 71 72 73 74 75 76 77 78 79 81 80 82 83 84 85 86 87 88 89 0 90 91 92 93 94 95 96 97 98 99 
0 1 2 3 4 5 6 7 8 9 10 11 12 13 14 15 16 17 18 19 20 22 23 24 26 25 27 28 21 29 31 32 30 34 33 36 38 39 35 37 40 41 42 43 44 45 46 47 48 49 50 51 52 53 54 55 56 57 58 59 60 61 62 63 64 65 66 67 68 69 70 71 72 73 74 75 76 77 78 79 80 81 82 83 84 85 86 87 88 89 90 91 92 93 94 95 96 97 98 99 
22 21 20 19 18 17 16 15 14 13 12 11 10 9 8 7 6 23 24 5 25 26 27 28 29 4 30 32 31 34 33 35 36 37 38 39 40 42 41 43 44 45 46 47 48 49 50 51 52 53 54 55 56 57 58 3 60 61 62 59 63 64 65 1 66 67 68 69 70 71 72 73 74 75 76 77 2 0 78 79 80 81 82 83 84 85 86 87 88 89 90 91 92 93 94 95 96 97 98 99 
0 3 4 5 6 7 9 10 11 12 13 14 15 16 18 19 20 21 22 23 24 25 26 27 28 29 30 31 32 33 34 35 36 37 17 38 39 40 41 42 43 44 45 46 47 48 49 50 51 52 53 54 55 56 57 58 59 60 61 62 63 64 65 66 67 68 69 70 71 72 73 8 2 74 75 76 77 78 79 80 81 82 1 83 84 85 86 87 88 89 90 91 92 93 94 95 96 97 98 99 
1 2 3 4 5 6 7 8 9 10 11 12 13 14 15 16 17 18 19 20 21 22 23 24 25 26 27 28 29 30 31 32 33 34 35 36 37 38 39 40 41 42 43 44 45 46 47 48 49 50 51 52 53 54 55 56 57 58 59 60 61 62 63 64 65 66 67 68 69 70 0 71 72 73 74 75 76 77 78 81 80 79 88 82 83 84 85 86 87 89 90 91 92 93 94 96 95 97 98 99 
0 86 1 2 3 4 5 6 7 8 9 88 10 78 11 12 13 14 15 16 17 18 19 77 20 21 22 23 24 25 26 27 28 29 30 31 32 33 34 35 36 37 38 39 40 41 42 43 44 45 46 47 48 49 50 52 51 53 54 64 55 56 57 58 72 59 60 61 62 63 65 66 67 68 69 70 71 73 74 75 76 79 80 82 81 84 83 85 87 89 90 91 92 93 94 95 96 97 99 98 
0 1 2 3 4 5 6 7 8 9 10 11 12 13 14 15 16 17 18 19 20 21 22 23 24 25 26 27 28 29 30 31 32 33 34 35 36 37 38 39 40 41 42 43 44 45 46 47 48 49 50 51 52 53 54 55 56 57 58 59 60 61 62 63 64 65 66 67 68 69 70 71 72 73 74 75 76 77 78 79 80 81 82 83 84 85 86 87 88 89 90 91 92 93 94 95 96 97 98 99 
20 19 18 17 16 15 14 13 12 11 10 9 8 7 6 5 4 1 21 22 23 24 25 26 27 30 28 29 31 32 33 34 35 36 37 38 39 40 41 42 43 44 45 46 47 48 50 51 52 53 54 55 56 3 57 49 58 60 59 61 62 63 64 65 66 67 68 69 70 71 72 73 2 74 75 76 77 0 78 79 80 81 82 83 84 85 86 87 88 89 90 91 92 93 94 95 96 97 98 99 
2 5 6 7 8 9 10 11 12 13 14 15 4 16 17 18 19 20 21 22 23 24 25 3 26 28 27 30 29 31 32 33 34 35 36 37 38 39 41 40 43 42 44 46 45 47 48 49 51 50 52 53 54 55 56 57 58 59 1 60 61 62 63 64 66 65 67 68 69 70 0 71 72 73 74 75 76 77 78 79 80 81 82 83 84 85 86 87 88 89 90 91 92 93 94 95 96 97 98 99 
51 50 49 48 47 46 45 44 43 42 41 40 39 38 37 36 35 34 33 32 31 30 29 28 27 26 25 24 23 22 21 20 19 18 17 16 14 15 13 12 10 11 9 8 52 7 6 54 4 5 53 55 3 56 57 58 59 60 61 1 2 0 62 64 63 65 66 67 68 69 70 71 72 73 74 75 76 77 79 78 80 81 82 83 84 85 86 87 88 89 90 91 92 93 94 95 96 97 98 99 
48 47 46 45 44 43 42 41 40 39 38 37 36 35 34 33 32 31 30 29 28 27 26 25 24 23 22 21 20 19 18 17 16 14 15 13 12 11 10 8 7 6 9 5 49 4 50 51 53 52 54 55 56 57 58 59 60 61 62 63 64 65 66 67 68 70 69 71 2 72 73 74 75 76 3 77 78 1 79 80 81 82 83 0 84 85 86 87 88 89 90 91 92 93 94 95 96 97 98 99 
20 19 18 17 16 15 14 13 12 11 10 9 8 7 6 5 4 3 21 22 23 24 25 26 27 28 29 30 31 32 33 34 35 2 37 36 39 38 40 1 41 42 43 44 45 46 47 48 49 50 0 51 53 54 55 56 57 52 59 58 60 61 62 63 64 65 66 67 68 70 69 71 73 72 74 75 76 77 78 79 80 81 82 83 84 85 86 87 88 89 90 91 92 93 94 95 96 97 98 99 
0 2 3 4 5 6 7 8 9 10 11 12 13 14 15 16 17 18 19 20 21 22 23 24 25 26 27 28 29 30 31 32 33 34 35 36 37 38 39 40 41 42 43 44 45 46 47 48 49 50 51 52 53 54 55 56 57 58 59 60 61 62 63 1 65 66 64 67 68 70 69 71 73 72 74 75 76 77 78 79 80 81 82 83 84 85 86 87 88 89 90 91 92 93 94 95 96 97 98 99 
0 2 3 4 5 6 7 8 10 11 12 13 14 15 16 17 18 19 20 21 22 23 24 25 26 27 28 29 30 31 32 33 34 35 36 37 38 39 40 41 42 43 44 45 46 47 48 49 50 51 52 54 53 55 56 57 58 9 59 60 61 1 62 63 64 65 66 68 67 69 70 71 72 73 74 75 76 77 78 79 80 81 82 83 84 85 86 87 88 89 90 91 92 93 94 95 96 97 98 99 
3 4 5 6 7 8 9 10 11 12 13 14 15 16 17 18 19 20 2 21 23 22 1 24 25 26 27 28 29 31 30 32 33 34 35 36 38 37 39 40 41 42 43 44 45 46 47 48 49 50 51 52 54 53 55 56 57 58 59 60 61 63 64 62 65 66 67 68 69 70 71 72 73 74 75 76 77 78 79 80 0 81 82 83 84 85 86 87 88 89 90 91 92 93 94 95 96 97 98 99 
0 1 2 3 4 5 6 7 8 9 10 11 12 13 14 15 16 17 18 19 20 21 22 23 24 25 26 27 28 29 30 31 32 33 34 35 36 37 38 39 40 41 42 43 44 45 46 47 48 49 50 51 52 53 54 55 56 57 58 59 60 61 62 63 64 65 66 67 68 69 70 71 72 73 74 75 76 77 78 79 80 81 82 83 84 85 86 87 88 89 90 91 92 93 94 95 96 97 98 99 
19 18 17 16 15 14 13 12 11 10 9 8 7 6 5 4 3 20 21 22 23 24 25 26 27 28 29 30 31 32 33 34 35 36 37 38 39 40 41 42 43 44 45 2 46 47 48 51 1 49 50 52 53 54 55 0 56 57 59 58 60 61 62 63 64 65 66 67 68 69 70 71 72 73 74 75 76 77 78 79 80 81 82 83 84 85 86 87 88 89 90 91 92 93 94 95 96 97 98 99 
1 3 4 5 6 7 8 9 10 11 13 12 15 2 14 17 16 18 19 20 22 21 23 24 26 25 27 28 29 30 31 32 33 34 35 36 37 38 39 40 41 42 43 44 45 0 46 47 48 49 50 51 52 53 55 54 56 57 59 58 60 61 62 63 64 65 66 67 68 69 70 71 72 73 74 75 76 77 78 79 80 81 82 83 84 85 86 87 88 89 90 91 92 93 94 95 96 97 98 99 
99 98 97 95 93 0 1 2 96 91 3 4 5 6 89 88 84 7 8 9 10 11 12 13 14 15 16 17 18 19 20 21 22 23 24 25 26 27 81 28 29 30 31 32 33 34 35 36 37 38 39 40 41 42 43 44 45 46 47 48 49 50 51 52 53 54 55 57 56 58 59 60 61 62 63 64 65 66 67 68 69 70 71 72 73 74 75 76 77 78 79 80 82 83 85 86 87 94 92 90 
1 3 4 5 6 7 8 9 10 11 12 13 14 15 16 17 18 19 20 21 22 23 24 25 26 27 28 29 30 31 32 33 34 35 36 37 38 39 40 41 42 43 0 45 44 2 46 47 51 48 49 52 53 54 55 56 57 58 59 60 50 62 61 63 66 64 65 67 68 69 70 71 73 72 74 75 76 77 78 79 80 81 82 83 84 85 86 87 88 89 90 91 92 93 94 95 96 97 98 99 
21 20 19 18 17 16 15 14 13 12 11 10 9 8 7 6 4 22 23 24 25 26 27 28 29 30 31 32 33 34 35 36 37 38 39 40 41 42 43 44 45 46 47 48 49 50 51 52 53 54 3 2 55 57 59 58 60 62 61 56 63 64 65 0 66 5 67 68 69 70 72 71 73 74 75 76 77 78 79 80 81 82 1 83 84 85 86 87 88 89 90 91 92 93 94 95 96 97 98 99 
0 2 4 5 6 7 8 9 10 11 12 13 14 15 16 17 18 19 22 23 24 25 27 1 20 26 30 28 29 31 34 32 33 35 36 38 37 21 39 41 40 42 43 44 45 46 47 48 49 50 51 52 53 54 55 56 57 58 59 60 61 3 63 62 64 65 66 67 68 69 70 71 72 73 74 75 76 77 78 79 80 81 82 83 84 85 86 87 88 89 90 91 92 93 94 95 96 97 98 99 
2 3 4 6 7 8 9 10 11 12 13 14 15 16 17 18 19 20 21 22 23 24 25 26 27 28 29 30 31 32 33 34 35 36 37 38 39 40 41 42 43 44 45 46 47 48 49 50 51 52 53 54 55 56 57 58 60 59 61 62 5 63 64 65 66 67 68 69 70 1 71 72 73 74 75 0 76 77 78 79 80 81 83 82 84 85 86 87 88 89 90 91 92 93 94 95 96 97 98 99 
19 18 17 16 15 14 13 12 11 10 9 8 7 5 6 2 20 21 22 23 24 25 1 3 26 27 28 29 30 31 0 33 32 34 35 36 37 38 39 40 41 42 43 44 45 46 47 48 49 50 51 52 53 55 54 56 57 58 60 59 61 62 63 64 65 66 67 68 69 4 70 71 72 73 74 75 76 77 78 79 80 81 82 83 84 85 86 88 87 89 90 91 92 93 94 95 96 97 98 99 
0 3 4 5 8 10 9 11 12 13 14 15 16 17 6 19 21 20 22 24 23 25 2 26 18 27 28 29 30 31 32 33 34 35 36 37 38 39 40 41 42 43 44 45 46 47 48 49 50 51 52 54 53 55 56 58 57 59 60 61 62 63 64 65 66 67 68 7 69 70 71 73 72 74 75 77 76 78 79 80 81 82 83 84 85 1 86 87 88 89 90 91 92 93 94 95 96 97 98 99 
0 2 3 4 5 6 7 8 9 10 11 12 13 14 15 16 17 18 19 20 21 22 23 24 25 26 27 28 29 30 31 32 33 34 35 36 37 38 39 40 41 42 43 44 45 46 47 48 49 50 51 52 53 54 57 55 56 58 59 60 61 62 63 64 65 66 67 68 69 70 71 72 73 74 1 75 76 78 77 79 80 81 82 83 84 85 86 87 88 89 90 91 92 93 94 95 96 97 98 99 
22 21 20 19 18 17 16 15 14 13 12 11 10 9 8 7 6 5 4 3 23 24 25 26 27 28 29 30 31 32 33 34 35 36 37 38 39 40 41 42 43 44 1 46 45 47 48 49 50 51 52 53 54 55 56 57 58 59 60 61 63 62 64 65 66 67 68 69 70 71 72 73 74 75 76 77 2 78 79 80 81 82 0 83 84 85 86 87 88 89 90 91 92 93 94 95 96 97 98 99 
1 3 4 5 6 7 8 2 10 9 11 13 12 14 15 16 17 18 19 20 21 22 23 24 25 26 27 28 29 30 31 33 32 34 35 36 37 38 39 40 41 42 43 44 45 46 47 48 49 50 51 52 53 54 55 56 57 58 59 60 61 0 62 63 64 65 66 67 68 69 70 71 72 73 74 75 76 77 78 79 80 81 82 83 84 85 86 87 88 89 90 91 92 93 94 95 96 97 98 99 
0 1 3 4 5 6 7 8 9 10 11 12 13 14 15 16 17 18 20 19 22 23 24 25 26 28 29 27 30 31 32 33 34 35 36 37 38 39 21 40 41 42 43 44 45 46 47 48 49 50 51 52 53 54 55 56 57 58 59 60 61 63 62 64 65 66 67 68 69 70 71 72 73 74 75 76 77 78 79 80 81 82 2 83 84 85 86 87 88 89 90 91 92 93 94 95 96 97 98 99 
0 1 2 3 4 5 6 7 8 9 10 11 12 13 14 15 17 18 16 19 20 21 22 23 24 25 26 27 28 29 30 31 32 33 34 35 36 37 38 39 40 41 42 43 44 45 46 47 48 49 50 51 52 53 54 55 56 57 58 59 60 61 62 63 64 65 66 67 68 69 70 71 72 73 74 75 76 77 78 79 80 81 82 83 84 85 86 87 88 89 90 91 92 93 94 95 96 97 98 99 

Rank matrix
48 1 0 1 0 1 0 0 1 0 0 0 1 0 1 0 1 4 0 1 0 0 0 0 0 0 0 0 0 0 1 0 0 0 0 0 0 0 0 0 0 0 1 0 0 2 0 0 0 1 1 0 1 0 1 1 0 0 0 1 0 3 1 1 0 0 0 0 0 0 2 1 0 1 1 1 1 3 0 1 2 0 1 2 1 1 4 1 0 1 1 0 0 0 0 0 0 0 0 0 
14 33 1 1 0 1 2 0 0 0 0 0 0 0 1 2 0 2 0 2 1 0 2 1 0 0 0 0 1 1 0 0 0 0 0 0 0 1 0 1 0 0 1 0 0 0 0 1 1 0 0 0 0 0 0 0 0 0 1 2 1 1 0 3 1 0 1 0 0 1 0 0 0 1 1 3 0 3 1 0 1 2 2 1 0 1 1 2 0 0 0 0 0 0 0 0 0 0 0 0 
6 20 31 1 1 0 0 2 1 0 0 0 0 1 1 1 0 0 4 0 0 0 1 0 0 0 0 0 0 0 0 0 0 2 0 0 0 0 0 0 0 1 1 2 1 1 0 0 0 0 0 1 0 0 1 0 2 1 0 0 1 0 0 0 1 0 0 1 2 0 0 0 2 1 1 0 3 1 0 0 1 0 1 0 1 0 0 0 0 0 1 0 0 0 0 0 0 0 0 0 
2 12 21 30 1 0 0 1 0 1 1 0 1 0 0 1 2 2 0 1 0 1 0 2 0 0 1 0 0 0 0 0 0 0 0 0 0 1 1 1 1 1 0 0 0 0 1 0 0 0 1 0 1 1 0 1 0 0 0 0 1 1 0 0 0 0 0 0 0 0 0 0 2 1 1 0 1 0 0 1 0 0 0 0 1 0 0 0 0 0 0 0 1 0 0 0 0 0 0 0 
0 3 13 20 30 1 0 0 1 0 1 3 1 1 0 1 6 0 1 1 0 0 0 0 0 1 0 0 0 1 0 0 0 0 0 0 0 0 0 0 0 0 2 0 1 1 2 1 2 0 0 1 1 0 0 0 0 0 0 0 0 0 0 1 0 0 0 0 0 2 0 0 0 0 0 0 0 0 0 1 0 0 0 0 0 0 0 0 0 0 0 0 0 0 0 0 0 0 0 0 
0 1 4 13 21 29 2 0 0 1 2 1 1 2 4 5 2 1 0 1 0 0 0 0 0 0 0 0 0 0 0 0 0 0 0 0 0 0 0 0 0 0 0 1 0 0 0 0 0 2 0 0 0 0 0 1 0 0 0 0 1 2 0 0 0 1 0 0 0 0 0 0 0 0 0 0 0 1 1 0 0 0 0 0 0 0 0 0 0 0 0 0 0 0 0 0 0 0 0 0 
0 0 1 6 11 19 28 1 0 1 1 1 3 4 6 2 2 2 0 0 0 0 0 0 0 0 0 1 0 0 0 0 0 0 0 0 1 1 0 1 0 1 0 1 0 0 1 0 1 0 0 0 1 0 0 0 0 0 0 0 0 0 0 1 0 0 0 1 0 0 0 0 0 0 0 0 0 0 0 0 0 0 0 0 0 0 1 0 0 0 0 0 0 0 0 0 0 0 0 0 
0 1 0 1 5 12 21 29 1 0 1 2 4 5 2 4 1 1 0 0 0 0 0 0 0 0 0 0 0 0 0 0 0 0 0 0 0 0 1 0 1 0 2 0 0 2 0 1 0 0 0 0 0 0 0 0 0 0 0 0 0 0 0 0 0 1 0 1 0 0 0 0 0 0 0 0 0 0 0 1 0 0 0 0 0 0 0 0 0 0 0 0 0 0 0 0 0 0 0 0 
1 0 0 0 2 6 10 19 30 2 1 5 3 2 4 2 0 0 1 0 0 0 0 0 0 0 0 0 0 0 0 0 0 0 0 1 0 0 0 1 1 0 0 1 3 0 0 0 0 0 0 0 0 0 0 1 0 0 0 0 0 1 0 0 0 0 0 0 0 0 1 1 0 0 0 0 0 0 1 0 0 0 0 0 0 0 0 0 0 0 0 0 0 0 0 0 0 0 0 0 
0 0 0 0 1 1 8 11 20 28 8 2 2 4 3 0 1 0 0 1 0 0 0 0 0 0 0 0 0 0 0 0 0 0 0 0 0 0 0 1 0 1 2 0 0 1 0 0 0 0 0 1 0 0 0 0 0 1 0 1 0 0 0 1 0 0 0 0 0 0 1 0 0 0 0 0 0 0 0 0 0 0 0 0 0 0 0 0 0 0 0 0 0 0 0 0 0 0 0 0 
0 0 0 0 0 2 1 9 13 24 25 7 5 2 0 1 0 1 1 0 1 0 0 0 0 0 0 1 0 0 0 0 0 0 0 0 0 0 2 1 1 0 0 1 1 0 0 0 0 0 0 0 0 0 0 0 0 0 0 0 0 0 0 0 0 0 0 1 0 0 0 0 0 0 0 0 0 0 0 0 0 0 0 0 0 0 0 0 0 0 0 0 0 0 0 0 0 0 0 0 
0 0 0 0 0 1 2 3 11 14 26 27 4 0 1 0 1 0 1 0 0 1 0 0 0 0 0 0 0 0 0 0 0 0 0 0 0 2 0 0 0 2 0 1 0 0 1 0 0 0 0 1 0 0 0 0 0 0 0 0 0 0 0 0 0 0 0 0 0 0 0 0 0 0 1 0 0 0 0 0 0 0 0 0 0 0 0 0 0 0 0 0 0 0 0 0 0 0 0 0 
0 0 0 0 1 1 2 5 4 11 15 22 26 2 0 2 0 1 0 1 0 0 1 0 0 0 0 0 0 0 0 0 0 0 0 0 2 0 0 1 0 0 2 0 0 0 0 0 0 0 1 0 0 0 0 0 0 0 0 0 0 0 0 0 0 0 0 0 0 0 0 0 0 0 0 0 0 0 0 0 0 0 0 0 0 0 0 0 0 0 0 0 0 0 0 0 0 0 0 0 
0 0 0 1 1 2 4 3 4 6 10 12 16 25 3 0 3 0 2 0 1 0 0 1 0 0 0 0 0 0 0 0 0 0 0 2 0 0 1 0 1 1 0 0 0 0 0 0 0 0 0 0 0 0 0 0 1 0 0 0 0 0 0 0 0 0 0 0 0 0 0 0 0 0 0 0 0 0 0 0 0 0 0 0 0 0 0 0 0 0 0 0 0 0 0 0 0 0 0 0 
0 0 1 1 2 4 2 4 5 2 4 7 12 18 26 2 0 1 0 1 0 1 0 0 1 0 0 0 0 0 0 0 0 1 1 0 1 0 0 1 1 0 1 0 0 0 0 0 0 0 0 0 0 0 0 0 0 0 0 0 0 0 0 0 0 0 0 0 0 0 0 0 0 0 0 0 0 0 0 0 0 0 0 0 0 0 0 0 0 0 0 0 0 0 0 0 0 0 0 0 
0 1 1 2 4 2 4 4 2 1 0 3 10 12 14 28 2 0 1 0 1 0 1 0 0 1 0 0 0 0 0 0 0 1 1 0 0 1 1 1 0 0 0 0 0 0 0 0 0 0 0 0 0 0 0 0 0 0 0 0 0 0 0 0 0 1 0 0 0 0 0 0 0 0 0 0 0 0 0 0 0 0 0 0 0 0 0 0 0 0 0 0 0 0 0 0 0 0 0 0 
1 1 2 4 2 4 4 2 0 0 0 0 3 8 15 13 24 5 1 1 0 1 1 1 0 0 1 0 0 0 0 0 2 0 0 1 0 1 1 0 0 1 0 0 0 0 0 0 0 0 0 0 0 0 0 0 0 0 0 0 0 0 0 0 0 0 0 0 0 0 0 0 0 0 0 0 0 0 0 0 0 0 0 0 0 0 0 0 0 0 0 0 0 0 0 0 0 0 0 0 
1 2 4 2 4 4 3 0 1 0 0 1 0 1 8 14 19 20 4 0 1 1 1 0 1 0 0 1 0 0 0 2 0 0 2 0 1 1 0 1 0 0 0 0 0 0 0 0 0 0 0 0 0 0 0 0 0 0 0 0 0 0 0 0 0 0 0 0 0 0 0 0 0 0 0 0 0 0 0 0 0 0 0 0 0 0 0 0 0 0 0 0 0 0 0 0 0 0 0 0 
2 4 2 4 4 2 0 0 0 1 0 0 1 3 1 6 11 18 22 5 0 1 0 1 1 2 0 0 1 0 2 0 0 1 0 1 1 0 0 0 0 0 0 0 0 0 2 0 0 0 0 0 0 0 0 0 0 1 0 0 0 0 0 0 0 0 0 0 0 0 0 0 0 0 0 0 0 0 0 0 0 0 0 0 0 0 0 0 0 0 0 0 0 0 0 0 0 0 0 0 
5 2 4 4 2 0 0 0 0 0 0 0 0 1 2 3 8 11 18 24 4 0 1 0 2 0 1 0 0 3 0 0 1 1 1 1 0 0 0 0 0 0 0 0 0 0 0 0 0 0 0 0 0 0 0 0 0 0 0 0 0 0 0 0 0 0 0 0 0 0 0 0 0 0 0 0 1 0 0 0 0 0 0 0 0 0 0 0 0 0 0 0 0 0 0 0 0 0 0 0 
2 4 4 2 0 0 0 0 0 0 0 0 0 1 0 5 4 12 11 18 22 2 0 0 2 1 1 1 2 1 1 1 0 1 1 0 0 0 0 0 0 0 0 0 0 0 1 0 0 0 0 0 0 0 0 0 0 0 0 0 0 0 0 0 0 0 0 0 0 0 0 0 0 0 0 0 0 0 0 0 0 0 0 0 0 0 0 0 0 0 0 0 0 0 0 0 0 0 0 0 
4 4 2 0 0 0 0 0 0 0 0 0 0 0 0 0 5 4 12 9 16 26 1 1 0 1 1 2 2 0 1 1 2 0 0 1 0 1 2 0 0 0 0 1 0 0 0 0 0 0 0 0 0 0 0 0 0 0 0 0 0 0 0 0 0 0 0 0 0 0 0 0 0 0 0 0 0 0 0 0 0 0 0 0 0 0 0 0 0 0 1 0 0 0 0 0 0 0 0 0 
4 2 0 0 0 0 0 0 0 0 0 0 0 1 0 0 0 6 7 11 13 16 23 3 0 1 3 2 0 3 0 1 3 1 0 0 0 0 0 0 0 0 0 0 0 0 0 0 0 0 0 0 0 0 0 0 0 0 0 0 0 0 0 0 0 0 0 0 0 0 0 0 0 0 0 0 0 0 0 0 0 0 0 0 0 0 0 0 0 0 0 0 0 0 0 0 0 0 0 0 
2 0 0 0 0 0 0 0 0 0 0 0 0 0 1 0 0 2 7 6 17 13 17 19 2 2 0 1 2 2 2 2 1 1 0 0 0 0 0 0 0 0 0 0 0 0 0 0 0 0 0 0 0 0 0 0 0 0 0 0 0 0 0 0 0 0 0 0 0 0 0 0 0 1 0 0 0 0 0 0 0 0 0 0 0 0 0 0 0 0 0 0 0 0 0 0 0 0 0 0 
0 0 0 0 1 0 0 0 0 0 0 0 0 0 0 0 0 0 1 11 5 14 15 19 21 4 0 1 1 2 1 1 1 1 1 0 0 0 0 0 0 0 0 0 0 0 0 0 0 0 0 0 0 0 0 0 0 0 0 0 0 0 0 0 0 0 0 0 0 0 0 0 0 0 0 0 0 0 0 0 0 0 0 0 0 0 0 0 0 0 0 0 0 0 0 0 0 0 0 0 
0 0 0 0 0 0 0 0 0 0 0 0 0 0 0 0 1 0 0 0 10 6 14 16 19 23 3 0 1 2 1 0 2 0 0 1 0 0 0 0 0 0 0 0 0 0 0 0 0 0 0 0 0 0 0 0 0 0 0 0 0 0 0 0 0 0 0 0 0 0 0 0 0 0 0 0 0 0 0 0 0 0 0 0 0 0 0 0 0 0 0 0 0 0 0 1 0 0 0 0 
0 0 0 0 0 0 0 0 0 0 0 0 0 0 0 0 0 1 0 0 1 11 5 14 17 21 21 2 2 0 1 1 0 1 0 0 1 0 0 0 0 0 0 0 0 0 0 0 0 0 0 0 0 0 0 0 0 0 0 0 0 0 0 0 0 0 0 0 0 0 0 0 0 0 0 0 0 0 0 0 0 0 0 0 0 1 0 0 0 0 0 0 0 0 0 0 0 0 0 0 
0 0 0 0 0 0 0 0 0 0 0 0 0 1 0 0 0 0 1 0 0 2 13 3 14 12 24 23 3 0 0 1 1 0 1 0 0 1 0 0 0 0 0 0 0 0 0 0 0 0 0 0 0 0 0 0 0 0 0 0 0 0 0 0 0 0 0 0 0 0 0 0 0 0 0 0 0 0 0 0 0 0 0 0 0 0 0 0 0 0 0 0 0 0 0 0 0 0 0 0 
0 0 0 0 0 0 0 0 0 0 0 0 0 0 0 0 0 0 0 1 2 0 0 12 2 15 15 22 18 5 0 1 1 1 0 1 1 0 1 1 0 0 0 0 0 0 0 0 0 0 0 0 0 0 0 0 0 0 0 1 0 0 0 0 0 0 0 0 0 0 0 0 0 0 0 0 0 0 0 0 0 0 0 0 0 0 0 0 0 0 0 0 0 0 0 0 0 0 0 0 
0 0 0 0 0 0 0 0 0 0 0 0 0 0 0 0 0 0 0 2 1 0 1 1 13 4 11 16 25 18 3 0 0 1 1 0 1 0 0 0 1 0 0 0 0 0 0 0 0 0 0 0 0 0 0 0 0 0 0 0 0 0 0 0 0 0 0 0 0 0 0 0 0 0 0 0 0 0 0 0 0 0 0 0 0 0 0 0 1 0 0 0 0 0 0 0 0 0 0 0 
0 0 0 0 0 0 0 0 0 0 0 0 0 0 0 0 0 0 2 0 0 1 0 2 3 10 4 13 16 19 21 3 1 0 1 1 0 1 0 0 0 1 0 0 0 0 0 0 0 0 0 0 1 0 0 0 0 0 0 0 0 0 0 0 0 0 0 0 0 0 0 0 0 0 0 0 0 0 0 0 0 0 0 0 0 0 0 0 0 0 0 0 0 0 0 0 0 0 0 0 
0 0 0 0 0 0 0 0 0 0 0 0 0 0 0 0 0 2 0 0 1 1 2 1 0 0 11 3 12 18 22 18 2 2 0 1 2 0 1 0 0 0 1 0 0 0 0 0 0 0 0 0 0 0 0 0 0 0 0 0 0 0 0 0 0 0 0 0 0 0 0 0 0 0 0 0 0 0 0 0 0 0 0 0 0 0 0 0 0 0 0 0 0 0 0 0 0 0 0 0 
0 0 0 0 0 0 0 0 0 0 0 0 0 0 0 0 2 0 0 1 0 1 1 0 0 1 0 10 3 10 16 26 22 3 0 0 1 1 0 1 0 0 0 1 0 0 0 0 0 0 0 0 0 0 0 0 0 0 0 0 0 0 0 0 0 0 0 0 0 0 0 0 0 0 0 0 0 0 0 0 0 0 0 0 0 0 0 0 0 0 0 0 0 0 0 0 0 0 0 0 
0 0 0 0 0 0 0 0 0 0 0 0 0 0 0 2 0 0 1 0 1 1 0 0 1 0 1 0 10 3 12 16 23 19 3 2 0 1 1 1 1 0 0 0 1 0 0 0 0 0 0 0 0 0 0 0 0 0 0 0 0 0 0 0 0 0 0 0 0 0 0 0 0 0 0 0 0 0 0 0 0 0 0 0 0 0 0 0 0 0 0 0 0 0 0 0 0 0 0 0 
0 0 0 0 0 0 0 0 0 0 0 0 0 0 2 0 0 1 0 1 1 0 0 0 0 0 1 0 0 10 5 11 14 25 21 2 1 1 1 1 0 1 0 0 0 1 0 0 0 0 0 0 0 0 0 0 0 0 0 0 0 0 0 0 0 0 0 0 0 0 0 0 0 0 0 0 0 0 0 0 0 0 0 0 0 0 0 0 0 0 0 0 0 0 0 0 0 0 0 0 
0 0 0 0 0 0 0 0 0 0 0 0 0 2 0 0 1 0 1 1 0 0 0 0 0 0 0 0 0 0 10 4 10 18 24 19 4 0 1 1 1 0 1 0 0 0 1 0 0 0 0 0 0 0 0 0 0 0 0 0 0 0 0 0 0 0 0 0 0 0 1 0 0 0 0 0 0 0 0 0 0 0 0 0 0 0 0 0 0 0 0 0 0 0 0 0 0 0 0 0 
0 0 0 0 0 0 0 0 0 0 0 0 2 0 0 1 0 1 1 0 0 0 0 0 0 0 0 0 0 1 0 10 4 7 19 26 21 0 2 1 1 1 0 1 0 0 0 1 0 0 0 0 0 0 0 0 0 0 0 0 0 0 0 0 0 0 0 0 0 0 0 0 0 0 0 0 0 0 0 0 0 0 0 0 0 0 0 0 0 0 0 0 0 0 0 0 0 0 0 0 
0 0 0 0 0 0 0 0 0 0 0 2 0 0 1 0 1 1 0 0 0 0 0 0 0 0 0 0 0 0 0 1 9 3 10 17 19 26 3 2 0 1 1 0 1 0 0 0 1 0 0 0 0 0 0 0 0 0 0 0 0 0 0 0 0 0 0 0 0 0 0 0 1 0 0 0 0 0 0 0 0 0 0 0 0 0 0 0 0 0 0 0 0 0 0 0 0 0 0 0 
0 0 0 0 0 0 0 0 0 0 2 0 0 1 0 1 1 0 0 0 0 0 0 0 0 0 0 0 0 0 0 0 0 9 3 11 18 23 23 1 1 1 1 1 0 1 0 0 0 1 0 0 0 0 0 0 0 0 0 0 0 0 0 0 0 0 1 0 0 0 0 0 0 0 0 0 0 0 0 0 0 0 0 0 0 0 0 0 0 0 0 0 0 0 0 0 0 0 0 0 
0 0 0 0 0 0 0 0 0 2 0 0 1 0 1 1 0 0 0 0 0 0 0 0 0 0 0 0 1 0 0 0 0 0 9 3 11 16 19 24 4 2 1 1 0 1 1 0 0 0 1 1 0 0 0 0 0 0 0 0 0 0 0 0 0 0 0 0 0 0 0 0 0 0 0 0 0 0 0 0 0 0 0 0 0 0 0 0 0 0 0 0 0 0 0 0 0 0 0 0 
0 0 0 0 0 0 0 0 2 0 0 1 0 1 1 0 0 0 0 0 0 0 0 0 0 0 1 0 0 0 0 0 0 0 0 8 6 8 16 23 25 2 1 0 2 0 0 2 0 0 0 1 0 0 0 0 0 0 0 0 0 0 0 0 0 0 0 0 0 0 0 0 0 0 0 0 0 0 0 0 0 0 0 0 0 0 0 0 0 0 0 0 0 0 0 0 0 0 0 0 
0 0 0 0 0 0 0 2 0 0 1 0 1 1 0 0 0 0 0 0 0 0 0 0 0 0 0 0 0 0 0 0 0 0 0 0 8 3 11 15 23 27 2 1 0 2 1 0 1 0 0 0 1 0 0 0 0 0 0 0 0 0 0 0 0 0 0 0 0 0 0 0 0 0 0 0 0 0 0 0 0 0 0 0 0 0 0 0 0 0 0 0 0 0 0 0 0 0 0 0 
0 0 0 0 0 0 2 0 0 1 0 1 1 0 0 0 0 0 0 0 0 0 0 0 0 0 0 0 0 0 0 0 0 0 0 0 0 9 3 8 15 23 27 4 1 0 1 1 0 1 0 0 0 1 0 0 0 0 0 0 0 0 0 0 0 0 0 0 0 0 0 0 0 0 0 0 0 0 0 0 0 0 0 0 0 0 0 0 0 0 0 0 0 0 0 0 0 0 1 0 
0 0 0 0 0 2 0 0 1 0 1 1 0 0 0 0 0 1 0 0 0 0 0 0 0 0 0 0 0 0 0 0 0 0 0 0 0 0 7 3 11 11 27 25 4 1 0 2 1 0 1 0 0 0 1 0 0 0 0 0 0 0 0 0 0 0 0 0 0 0 0 0 0 0 0 0 0 0 0 0 0 0 0 0 0 0 0 0 0 0 0 0 0 0 0 0 0 0 0 0 
0 0 0 0 2 0 0 1 0 1 1 0 0 0 0 0 0 0 0 0 0 0 0 0 0 0 0 0 0 0 0 0 0 0 0 0 0 0 0 7 5 11 12 25 26 3 1 0 1 1 0 1 0 0 0 1 0 0 0 0 0 0 0 0 0 0 0 0 0 1 0 0 0 0 0 0 0 0 0 0 0 0 0 0 0 0 0 0 0 0 0 0 0 0 0 0 0 0 0 0 
0 0 0 2 0 0 1 0 1 1 0 0 0 0 0 0 1 0 0 0 0 0 0 0 0 0 0 0 0 0 0 0 0 0 0 0 0 0 0 0 5 6 6 17 27 25 3 1 0 1 0 1 1 0 0 0 1 0 0 0 0 0 0 0 0 0 0 0 0 0 0 0 0 0 0 0 0 0 0 0 0 0 0 0 0 0 0 0 0 0 0 0 0 0 0 0 0 0 0 0 
0 0 2 0 0 1 0 1 1 0 0 0 0 0 0 0 0 0 0 0 0 0 0 0 0 0 0 0 0 0 0 0 0 0 0 0 0 0 0 0 0 4 5 7 16 26 27 4 1 0 2 0 0 1 0 0 0 1 0 0 0 0 0 0 0 0 0 0 0 0 0 0 0 0 0 0 0 0 0 0 0 0 0 0 0 0 0 0 0 1 0 0 0 0 0 0 0 0 0 0 
0 2 0 0 1 0 1 1 0 0 0 0 0 0 0 0 0 0 0 0 0 0 0 0 0 0 0 0 0 0 0 0 1 0 0 0 0 0 0 0 0 0 3 5 5 16 27 27 3 3 1 1 1 0 1 0 0 0 1 0 0 0 0 0 0 0 0 0 0 0 0 0 0 0 0 0 0 0 0 0 0 0 0 0 0 0 0 0 0 0 0 0 0 0 0 0 0 0 0 0 
1 0 0 1 0 1 1 0 0 0 0 0 0 0 0 0 0 0 0 0 0 0 0 0 0 0 0 0 0 0 0 0 0 0 0 0 0 0 0 0 0 0 0 3 6 8 16 24 29 4 1 0 1 0 1 2 0 0 0 1 0 0 0 0 0 0 0 0 0 0 0 0 0 0 0 0 0 0 0 0 0 0 0 0 0 0 0 0 0 0 0 0 0 0 0 0 0 0 0 0 
1 0 1 0 1 1 0 0 0 0 0 0 0 0 0 0 0 0 0 0 1 0 0 0 0 0 0 0 0 0 0 0 0 0 0 0 0 0 0 0 0 0 0 0 3 5 4 15 27 27 7 2 0 2 0 1 1 0 0 0 1 0 0 0 0 0 0 0 0 0 0 0 0 0 0 0 0 0 0 0 0 0 0 0 0 0 0 0 0 0 0 0 0 0 0 0 0 0 0 0 
0 1 0 1 1 0 0 0 0 0 0 0 0 0 0 0 0 0 0 0 0 0 0 0 0 0 0 0 0 0 0 0 0 0 0 0 0 0 0 0 0 1 0 0 0 2 5 11 11 28 26 5 2 0 1 1 0 1 0 0 1 1 0 0 0 0 0 0 0 0 0 0 0 0 0 0 0 0 0 0 0 0 0 0 0 0 0 0 0 0 0 0 0 0 0 0 1 0 0 0 
1 0 1 2 0 0 0 0 0 0 0 0 0 0 0 0 0 0 0 0 0 0 0 0 0 0 0 0 0 0 0 0 0 0 0 0 0 0 0 0 0 0 0 0 0 1 3 6 10 13 27 27 4 1 0 0 2 0 1 0 0 0 1 0 0 0 0 0 0 0 0 0 0 0 0 0 0 0 0 0 0 0 0 0 0 0 0 0 0 0 0 0 0 0 0 0 0 0 0 0 
0 2 0 0 0 0 0 0 0 0 0 0 0 0 0 0 0 0 0 0 0 0 0 0 0 0 0 0 0 0 0 0 0 0 0 0 0 0 0 0 0 0 0 0 1 0 0 2 6 9 12 26 28 6 2 1 0 2 0 0 1 0 0 1 0 0 0 0 0 0 0 0 0 0 0 0 0 0 0 0 0 0 0 0 0 0 0 0 0 0 0 1 0 0 0 0 0 0 0 0 
2 0 0 0 0 0 0 0 0 1 0 0 0 0 0 0 0 0 0 0 0 0 0 0 0 0 0 0 0 0 0 0 0 0 0 0 0 0 0 0 0 0 0 0 0 0 1 0 2 5 10 13 30 28 2 1 0 1 2 1 0 0 0 0 1 0 0 0 0 0 0 0 0 0 0 0 0 0 0 0 0 0 0 0 0 0 0 0 0 0 0 0 0 0 0 0 0 0 0 0 
0 0 1 0 0 0 0 0 0 0 0 0 0 0 0 0 0 0 0 0 0 0 0 0 0 0 0 0 0 0 0 0 0 0 0 0 0 0 1 0 0 0 0 0 0 0 0 1 3 1 6 8 12 30 29 3 1 0 1 1 0 1 0 0 0 1 0 0 0 0 0 0 0 0 0 0 0 0 0 0 0 0 0 0 0 0 0 0 0 0 0 0 0 0 0 0 0 0 0 0 
0 0 0 0 0 0 0 0 0 0 0 0 0 0 0 0 0 0 0 0 0 0 0 0 0 0 0 0 0 0 0 0 0 0 0 0 0 0 0 0 0 0 0 0 0 0 1 0 0 2 0 7 7 11 31 31 3 1 0 1 2 0 1 0 0 0 1 0 0 0 0 0 0 0 0 0 0 0 1 0 0 0 0 0 0 0 0 0 0 0 0 0 0 0 0 0 0 0 0 0 
0 0 0 0 0 0 0 0 0 0 0 0 0 0 0 0 0 0 0 0 0 0 0 0 0 0 0 0 0 0 0 0 0 0 0 0 0 0 0 0 1 0 0 0 0 0 0 0 0 1 2 0 6 8 11 27 31 5 1 1 1 2 0 1 1 0 0 0 1 0 0 0 0 0 0 0 0 0 0 0 0 0 0 0 0 0 0 0 0 0 0 0 0 0 0 0 0 0 0 0 
0 0 0 0 0 0 0 0 0 0 0 0 0 0 0 1 0 0 0 0 0 0 0 0 0 0 0 0 0 0 0 0 0 0 0 0 0 0 0 0 0 0 0 0 0 0 0 0 0 0 1 1 1 7 10 10 29 32 3 1 0 0 2 0 1 0 0 1 0 0 0 0 0 0 0 0 0 0 0 0 0 0 0 0 0 0 0 0 0 0 0 0 0 0 0 0 0 0 0 0 
0 0 0 0 0 0 0 0 0 0 0 0 0 0 0 0 0 0 0 0 0 0 0 0 0 0 0 0 0 0 0 0 0 0 0 0 0 0 0 0 0 0 0 0 0 0 0 0 0 0 0 2 1 0 5 12 11 25 34 4 2 0 0 2 0 1 0 0 0 1 0 0 0 0 0 0 0 0 0 0 0 0 0 0 0 0 0 0 0 0 0 0 0 0 0 0 0 0 0 0 
0 0 0 0 0 0 0 0 0 0 0 0 0 0 0 0 0 0 0 0 0 0 0 0 0 0 0 0 0 1 0 0 0 0 0 0 0 0 0 0 0 0 0 0 0 0 0 0 0 0 0 0 0 3 1 4 8 10 31 35 2 1 0 0 1 1 1 0 0 0 1 0 0 0 0 0 0 0 0 0 0 0 0 0 0 0 0 0 0 0 0 0 0 0 0 0 0 0 0 0 
0 0 0 0 0 0 1 0 0 0 0 0 0 0 0 0 0 0 0 0 0 0 0 0 0 0 0 0 0 0 0 0 0 0 0 0 0 0 0 0 0 0 0 0 0 0 0 0 0 0 0 0 0 0 2 1 7 8 10 29 33 3 2 0 0 1 1 1 0 0 0 1 0 0 0 0 0 0 0 0 0 0 0 0 0 0 0 0 0 0 0 0 0 0 0 0 0 0 0 0 
0 0 0 0 0 0 0 0 0 0 0 0 0 0 0 0 0 0 0 0 0 0 0 0 0 0 0 0 0 0 0 0 0 0 0 0 0 0 0 0 0 0 0 0 0 0 0 0 0 0 0 0 0 0 0 1 2 5 8 9 32 33 3 2 0 0 1 1 1 0 0 0 1 0 0 0 0 0 0 0 0 0 1 0 0 0 0 0 0 0 0 0 0 0 0 0 0 0 0 0 
0 0 0 0 0 0 0 0 0 0 0 0 0 0 0 0 0 0 0 0 0 0 0 0 0 0 0 0 0 0 0 0 0 0 0 0 0 0 0 0 0 0 0 0 0 1 0 0 0 0 0 0 0 0 0 0 1 2 4 7 6 29 40 5 1 0 0 1 1 1 0 0 0 1 0 0 0 0 0 0 0 0 0 0 0 0 0 0 0 0 0 0 0 0 0 0 0 0 0 0 
0 0 0 0 0 1 0 0 0 0 0 0 0 0 0 0 0 0 0 0 0 0 0 0 0 0 0 0 0 0 0 0 0 0 0 0 0 0 0 0 0 0 0 0 0 0 0 0 0 0 0 0 0 0 0 0 0 2 1 3 9 11 25 40 3 1 0 0 1 1 1 0 0 0 1 0 0 0 0 0 0 0 0 0 0 0 0 0 0 0 0 0 0 0 0 0 0 0 0 0 
0 0 0 0 0 0 0 0 0 0 0 0 0 0 0 0 0 0 0 0 0 0 0 0 0 0 0 0 0 0 0 0 0 0 0 0 0 0 0 0 0 0 0 0 0 0 0 0 0 0 0 0 0 0 0 0 0 0 2 2 2 6 12 24 42 3 3 0 0 1 0 0 1 0 0 1 0 1 0 0 0 0 0 0 0 0 0 0 0 0 0 0 0 0 0 0 0 0 0 0 
0 0 0 0 0 0 0 0 0 0 0 0 0 0 0 0 0 0 0 0 0 0 0 0 0 0 0 0 0 0 0 0 0 0 0 0 0 0 0 0 0 0 0 0 0 0 0 0 0 0 0 0 0 0 0 0 0 0 0 0 3 3 6 12 22 44 5 1 0 0 2 1 0 0 0 0 1 0 0 0 0 0 0 0 0 0 0 0 0 0 0 0 0 0 0 0 0 0 0 0 
0 0 0 0 0 0 0 0 0 0 0 0 0 0 0 0 0 0 0 0 0 0 0 0 0 0 0 0 0 0 0 0 0 0 1 0 0 0 0 0 0 0 0 0 0 0 0 0 0 0 0 0 0 0 0 0 0 0 0 0 1 2 3 2 17 24 43 2 1 0 0 2 0 0 1 0 0 1 0 0 0 0 0 0 0 0 0 0 0 0 0 0 0 0 0 0 0 0 0 0 
0 0 0 0 0 0 0 0 0 0 0 0 0 0 0 0 0 0 0 0 0 0 0 0 0 0 0 0 0 0 0 0 0 0 0 0 0 0 0 0 0 0 0 0 0 0 0 0 0 0 0 0 0 0 0 0 0 1 0 0 0 0 3 1 3 12 23 46 5 1 0 0 2 1 0 0 0 0 1 0 0 0 0 0 1 0 0 0 0 0 0 0 0 0 0 0 0 0 0 0 
0 0 0 0 0 0 0 0 0 0 0 0 0 0 1 0 0 0 0 0 0 0 0 0 0 0 0 0 0 0 0 0 0 0 0 0 0 0 0 0 0 0 0 0 0 0 0 0 0 0 0 0 0 0 0 0 0 0 0 0 0 0 0 2 1 4 13 25 45 3 2 0 0 2 0 1 0 0 0 1 0 0 0 0 0 0 0 0 0 0 0 0 0 0 0 0 0 0 0 0 
0 0 0 0 0 0 0 0 0 0 0 1 0 0 0 0 0 0 0 0 0 0 0 0 0 0 0 0 0 0 0 0 0 0 0 0 0 0 0 0 0 0 0 0 0 0 0 0 0 0 0 0 0 0 0 0 0 0 0 0 0 0 0 0 3 1 4 11 28 42 4 2 0 0 2 0 1 0 0 0 1 0 0 0 0 0 0 0 0 0 0 0 0 0 0 0 0 0 0 0 
0 1 0 0 0 0 0 0 0 0 0 0 0 0 0 0 0 0 0 0 0 0 0 0 0 0 0 0 0 0 0 0 0 0 0 0 0 0 0 0 0 0 0 0 0 0 0 0 0 0 0 0 0 0 0 0 0 0 0 0 0 0 0 0 0 3 1 4 9 29 45 2 2 0 0 2 0 1 0 0 0 1 0 0 0 0 0 0 0 0 0 0 0 0 0 0 0 0 0 0 
0 0 0 0 0 0 0 0 0 0 0 0 0 0 0 0 0 0 0 0 0 0 0 1 0 0 0 0 0 0 0 0 0 0 0 0 0 0 0 0 0 0 0 0 0 0 0 0 0 0 0 0 0 0 0 0 0 0 0 0 0 0 0 0 0 0 2 2 2 10 24 51 2 2 0 0 2 0 0 1 0 0 1 0 0 0 0 0 0 0 0 0 0 0 0 0 0 0 0 0 
0 0 0 0 0 0 0 0 0 0 0 0 0 0 0 0 0 0 0 0 0 0 0 0 0 0 0 0 0 0 0 0 0 0 0 0 0 0 0 0 0 0 0 0 0 0 0 0 0 0 0 0 0 0 0 0 0 0 0 0 0 0 0 0 1 1 0 1 2 4 11 21 49 5 1 0 0 1 1 0 0 0 0 2 0 0 0 0 0 0 0 0 0 0 0 0 0 0 0 0 
0 0 1 0 0 0 0 0 0 0 0 0 0 0 0 0 0 0 0 0 0 0 0 0 0 0 0 0 0 0 0 0 0 0 0 0 0 0 0 0 0 0 0 0 0 0 0 0 0 0 0 0 0 0 0 0 0 0 0 0 0 0 0 0 0 0 0 0 1 1 3 13 25 49 2 1 0 1 1 0 1 0 0 0 1 0 0 0 0 0 0 0 0 0 0 0 0 0 0 0 
0 0 0 0 0 0 0 0 0 0 0 0 0 0 0 0 0 0 0 0 0 0 0 0 0 0 0 0 0 0 1 0 0 0 0 0 0 0 0 0 0 0 0 0 0 0 0 0 0 0 0 0 0 0 0 0 0 0 0 0 0 0 0 0 0 0 0 0 0 1 2 2 8 24 54 2 2 0 1 1 0 1 0 0 0 1 0 0 0 0 0 0 0 0 0 0 0 0 0 0 
0 0 0 0 0 0 0 0 0 0 0 0 0 0 0 0 0 0 0 0 0 0 0 0 0 0 0 0 0 0 0 0 0 0 0 0 0 0 0 0 0 0 0 0 0 0 0 0 0 0 0 0 0 0 0 0 0 0 0 0 0 0 0 0 0 0 0 0 0 0 0 2 3 6 23 58 2 1 0 1 1 0 0 1 0 0 1 0 0 0 0 0 0 0 0 0 0 0 0 1 
0 0 0 0 0 0 0 1 0 0 0 0 0 0 0 0 0 0 0 0 0 0 0 0 0 0 0 0 0 0 0 0 0 0 0 0 0 0 0 0 0 0 0 0 0 0 0 0 0 0 0 0 0 0 0 0 0 0 0 0 0 0 0 0 0 0 0 0 0 0 0 0 1 4 7 19 59 4 1 0 1 1 0 0 1 0 0 1 0 0 0 0 0 0 0 0 0 0 0 0 
0 0 0 0 0 0 0 0 0 0 0 0 1 0 0 0 0 0 0 0 0 0 0 1 0 0 0 0 0 0 0 0 0 0 0 0 0 0 0 0 0 0 0 0 0 0 0 0 0 0 0 0 0 0 0 0 0 0 0 0 0 0 0 0 0 0 0 0 0 0 0 0 1 1 2 8 20 57 4 1 0 0 1 0 1 1 0 0 1 0 0 0 0 0 0 0 0 0 0 0 
0 0 0 0 0 0 0 0 0 0 0 0 0 1 0 0 0 0 0 0 0 0 0 0 0 0 0 0 0 0 0 0 0 0 0 0 0 0 0 0 0 0 0 0 0 0 0 0 0 0 0 0 0 0 0 0 0 0 0 0 0 0 0 0 0 0 0 0 0 1 0 0 0 0 2 1 5 21 61 3 1 1 1 1 0 0 0 0 0 1 0 0 0 0 0 0 0 0 0 0 
0 0 0 0 0 0 0 0 0 0 0 0 0 0 0 0 0 0 0 0 0 0 0 0 0 0 0 0 0 0 0 0 0 0 0 0 0 0 0 0 0 0 0 0 0 0 0 0 0 0 0 0 0 0 0 0 0 1 0 0 0 0 0 0 0 0 0 0 0 0 0 0 0 0 0 2 0 3 20 66 2 3 0 0 1 0 0 1 0 0 1 0 0 0 0 0 0 0 0 0 
0 0 0 0 0 0 0 0 0 0 0 0 0 0 0 0 0 0 0 0 0 0 0 0 0 0 0 0 0 0 0 0 0 0 0 0 0 0 0 0 0 0 0 0 0 0 0 0 0 0 0 0 0 0 0 0 0 0 0 0 0 0 0 0 1 0 0 0 0 0 0 0 0 0 0 0 2 0 4 17 69 2 1 1 0 1 1 0 0 0 0 1 0 0 0 0 0 0 0 0 
0 0 0 0 0 0 0 0 0 0 0 0 0 0 0 1 0 0 0 0 0 0 0 0 0 0 0 0 0 0 0 0 0 0 0 0 0 0 1 0 0 0 0 0 0 0 0 0 0 0 0 0 0 0 0 0 0 0 0 0 0 0 0 0 0 0 0 0 0 0 0 0 0 0 0 0 0 1 1 5 15 69 3 0 2 0 1 1 0 0 0 0 0 0 0 0 0 0 0 0 
0 0 0 0 0 0 0 1 0 0 0 0 0 0 0 0 0 0 0 0 0 0 0 0 0 0 0 0 0 0 0 0 0 0 0 0 0 0 0 0 0 0 0 0 0 0 0 0 0 0 0 0 0 0 0 0 0 0 0 0 0 0 0 0 0 0 0 0 0 0 0 0 0 0 0 0 0 0 1 0 4 17 68 6 0 0 0 1 0 0 0 0 1 1 0 0 0 0 0 0 
0 0 0 0 0 1 0 0 0 0 0 0 0 0 0 0 0 0 0 0 0 0 0 0 0 0 0 0 0 0 0 0 0 0 0 0 0 1 0 0 0 0 0 0 0 0 0 0 0 0 0 0 0 0 0 0 0 0 0 0 0 0 0 0 0 0 0 0 0 0 0 1 0 0 0 0 0 0 0 0 0 3 16 70 5 0 1 0 1 0 0 0 0 1 0 0 0 0 0 0 
0 0 0 0 1 0 0 0 0 0 0 0 0 0 0 0 1 0 0 0 0 0 0 0 0 0 0 0 0 0 0 0 0 1 0 0 0 0 0 0 0 0 0 0 0 0 0 0 0 0 0 0 0 0 0 0 0 0 0 0 0 0 0 0 0 0 0 0 0 0 0 0 0 0 0 0 0 0 0 0 0 0 3 14 72 6 1 0 0 1 0 0 0 0 0 0 0 0 0 0 
0 0 1 0 0 0 0 0 0 0 0 0 1 0 0 0 0 0 0 0 0 0 0 0 0 0 0 0 0 0 0 0 0 0 0 1 0 0 0 0 0 0 0 0 0 0 0 0 0 0 0 0 0 0 0 0 0 0 0 0 0 0 0 0 0 0 0 0 0 0 0 0 0 0 0 0 0 0 0 0 0 0 0 2 13 74 5 2 0 0 0 0 0 0 1 0 0 0 0 0 
0 2 0 0 0 0 1 0 0 0 0 0 0 0 0 0 0 0 0 0 0 0 0 0 0 1 0 0 0 0 0 0 0 0 0 0 0 0 0 0 0 0 0 0 0 0 0 0 0 0 0 0 0 0 0 0 0 0 0 0 0 0 0 0 0 0 0 0 0 0 0 0 0 0 0 0 0 0 0 0 0 0 0 0 0 13 77 4 1 0 0 0 0 0 0 1 0 0 0 0 
0 0 0 0 0 1 0 0 0 0 0 0 0 0 0 0 0 0 0 0 0 0 0 0 1 0 0 0 0 0 0 0 0 0 0 0 0 0 0 0 0 0 0 0 0 0 0 0 0 0 0 0 0 0 0 0 0 0 0 0 0 0 0 0 0 0 0 0 0 0 0 0 0 0 0 0 0 0 0 0 0 0 0 0 0 0 7 83 5 2 0 0 0 0 0 0 1 0 0 0 
0 0 0 0 0 0 0 0 0 0 0 1 0 0 0 1 0 0 0 0 0 0 0 0 0 0 0 0 0 0 0 0 0 0 0 0 0 0 0 0 0 0 0 0 0 0 0 0 0 0 0 0 0 0 0 0 0 0 0 0 0 0 0 0 0 0 0 0 0 0 0 0 0 0 0 0 0 0 0 0 0 0 1 0 0 1 0 4 88 2 0 1 0 0 1 0 0 0 0 0 
0 0 0 0 0 0 0 0 0 0 0 0 0 0 1 0 0 0 0 0 0 0 0 0 0 0 0 0 0 0 0 0 0 0 0 0 0 0 0 1 0 0 0 0 0 0 0 0 0 0 0 0 0 0 0 0 0 0 0 0 0 0 1 0 0 0 0 0 0 0 0 0 0 0 0 0 0 0 0 0 0 0 0 0 0 0 0 0 3 89 4 0 1 0 0 0 0 0 0 0 
0 0 1 0 0 0 0 0 0 1 0 0 0 0 0 0 0 0 0 0 0 0 0 0 0 0 0 0 0 0 0 0 0 0 0 0 0 0 0 0 0 0 0 0 0 0 0 0 0 0 0 0 0 0 0 0 0 0 0 0 0 0 0 0 0 0 0 0 0 0 0 0 0 0 0 0 0 0 0 0 0 0 0 0 0 0 0 0 0 3 90 3 0 0 0 0 0 1 0 1 
0 0 0 0 0 0 0 0 0 1 0 0 0 0 0 0 0 0 0 0 0 0 0 1 0 0 0 0 0 0 0 0 0 0 0 0 0 0 0 0 0 0 0 0 0 0 0 0 0 0 0 0 0 0 1 0 0 0 0 0 0 0 0 0 0 0 0 0 0 0 0 0 0 0 0 0 0 0 0 0 0 0 0 0 0 0 0 0 0 0 2 94 1 0 0 0 0 0 0 0 
1 0 0 0 0 0 0 0 0 0 0 0 0 0 0 0 0 0 0 0 0 0 0 0 0 0 0 0 0 0 0 0 0 0 0 0 0 0 0 0 0 0 0 0 0 0 0 0 0 0 0 0 0 1 0 0 0 0 0 0 0 0 0 0 0 0 0 0 0 0 0 0 0 0 0 0 0 0 0 0 0 0 0 0 0 0 0 0 0 0 0 0 96 0 1 0 0 0 1 0 
0 0 0 0 1 0 0 0 0 0 0 0 0 0 0 0 0 0 0 0 0 0 0 0 0 0 0 0 0 0 0 0 0 0 0 0 0 0 0 0 0 0 0 0 0 0 0 0 0 0 0 0 0 0 0 0 0 0 0 0 0 0 0 0 0 0 0 0 1 0 0 0 0 0 0 0 0 0 0 0 0 0 0 0 0 0 0 0 0 0 0 0 0 98 0 0 0 0 0 0 
0 0 0 0 0 0 0 0 0 0 0 0 0 0 0 0 0 0 0 0 0 0 0 0 0 0 0 0 0 0 0 0 0 0 0 0 0 0 0 0 0 0 0 0 1 0 0 0 0 0 0 0 0 0 0 0 0 0 0 0 0 0 0 0 0 0 0 0 0 0 0 0 0 0 0 0 0 0 0 0 0 0 0 0 0 0 0 0 0 0 0 0 0 0 97 1 0 1 0 0 
1 0 0 1 0 0 0 0 0 0 0 0 0 0 0 0 0 0 0 0 0 0 0 0 0 0 0 0 0 0 0 0 0 0 0 0 0 0 0 0 0 0 0 0 0 0 0 0 0 0 0 0 0 0 0 0 0 0 0 0 0 0 0 1 0 0 0 0 0 0 0 0 0 0 0 0 0 0 0 0 0 0 0 0 0 0 0 0 0 0 0 0 0 0 0 96 1 0 0 0 
0 0 0 0 0 0 0 0 1 0 0 0 0 0 0 0 0 0 0 0 0 0 0 0 0 0 0 0 0 0 0 0 0 0 0 0 0 0 0 0 0 0 0 1 0 0 0 0 0 0 0 0 0 0 0 0 0 0 0 0 0 0 0 0 0 0 0 0 0 0 0 0 0 0 0 0 0 0 0 0 0 0 0 0 0 0 0 0 0 0 0 0 0 0 0 1 97 0 0 0 
0 0 1 0 0 0 0 0 0 0 0 0 0 0 0 0 0 0 0 0 0 0 0 0 0 0 0 0 0 0 0 0 0 0 0 0 0 0 0 0 0 0 0 0 0 0 0 0 0 0 0 0 0 0 0 0 0 0 0 0 0 0 0 0 0 0 0 0 0 0 0 0 0 0 0 0 0 0 0 0 1 0 0 0 0 0 0 0 0 0 0 0 0 0 0 0 0 95 0 3 
0 1 0 0 0 0 0 0 0 0 0 0 0 0 0 0 0 0 0 0 0 0 0 0 0 0 0 1 0 0 0 0 0 0 0 0 0 0 0 0 0 0 0 0 0 0 0 0 0 0 0 0 0 0 0 0 0 0 0 0 0 0 0 0 0 0 0 0 0 0 0 0 0 0 0 0 0 0 0 0 0 0 0 0 0 0 0 0 0 0 0 0 0 0 0 0 0 0 94 4 
1 0 0 0 0 0 0 0 0 0 0 0 0 0 0 0 0 0 0 0 0 0 0 0 0 0 0 0 0 0 0 0 0 0 0 0 0 0 0 0 0 0 0 0 0 0 0 0 0 0 0 0 0 0 0 0 0 0 0 0 0 0 0 0 0 0 0 0 0 0 0 0 0 0 0 1 0 0 0 0 0 0 0 0 0 0 0 0 0 0 0 0 0 0 0 0 0 3 4 91 

Pair-order violations matrix
0 39 45 44 45 46 47 47 46 47 46 48 48 48 48 47 47 47 46 45 44 42 41 40 40 39 40 40 40 39 40 40 39 39 39 39 39 39 39 39 39 39 38 38 38 38 36 36 36 36 35 35 34 34 33 33 31 31 31 31 31 30 27 27 26 26 25 25 25 25 25 23 22 22 22 19 19 18 15 15 14 11 11 10 10 9 8 4 2 3 1 1 2 2 1 3 1 2 2 2 
39 0 38 42 45 46 47 46 44 45 46 47 47 47 47 47 47 48 46 45 42 40 40 40 39 39 37 39 37 37 37 37 36 36 36 35 35 35 35 34 35 33 33 34 33 33 32 32 32 31 31 33 31 32 30 30 30 31 30 30 29 28 25 26 24 23 21 20 21 21 21 19 19 20 18 17 16 16 12 10 10 9 9 6 5 5 5 2 0 0 1 0 1 1 0 2 0 1 1 1 
45 38 0 31 33 34 36 35 38 38 37 37 38 38 37 38 37 37 36 36 35 33 34 32 31 30 29 30 30 29 30 30 30 30 30 29 29 27 28 28 28 28 27 26 27 26 23 24 23 23 22 22 21 22 22 20 19 21 21 19 17 16 16 16 15 15 15 14 15 15 15 14 12 13 11 8 8 9 6 5 5 4 4 3 4 4 4 2 1 2 2 1 2 1 1 3 1 1 2 1 
44 42 31 0 23 25 27 30 29 28 30 31 31 31 31 31 31 31 30 30 28 27 27 25 23 23 22 22 21 21 20 20 20 20 20 20 20 20 20 20 20 18 17 18 17 16 15 15 15 14 14 15 15 15 14 13 12 11 11 10 10 10 9 9 8 8 8 8 8 8 8 8 8 8 6 4 5 4 4 3 3 3 2 3 3 3 4 2 0 1 1 2 2 2 1 3 2 2 2 2 
45 45 33 23 0 24 28 26 26 27 28 29 29 29 30 29 29 29 28 27 25 22 19 16 17 16 16 17 16 16 15 16 15 15 15 14 15 14 14 15 15 15 13 15 13 15 12 12 11 11 7 8 7 7 7 5 6 6 5 5 5 4 5 5 4 3 5 3 4 4 3 3 2 2 2 1 2 2 1 1 1 1 1 1 2 2 4 2 0 0 1 1 1 1 1 2 2 1 2 1 
46 46 34 25 24 0 23 24 26 25 25 26 26 26 26 26 26 27 26 23 19 17 15 12 12 10 10 10 10 10 10 10 10 10 10 10 10 10 10 10 10 10 10 10 10 10 10 10 10 8 9 9 8 8 9 7 7 7 7 7 8 6 5 5 3 3 3 2 2 2 3 2 2 3 2 2 3 2 2 2 2 1 1 1 1 1 3 1 0 0 1 1 1 1 0 2 1 1 1 1 
47 47 36 27 28 23 0 28 28 27 29 30 30 29 30 30 31 31 27 25 20 18 16 12 11 11 11 12 11 11 11 12 12 12 11 10 10 10 10 10 9 8 8 9 8 9 8 7 7 7 6 7 6 5 5 5 3 4 3 4 4 3 3 4 3 3 4 3 3 3 3 3 1 2 2 1 2 2 1 1 1 1 2 2 3 3 5 2 0 0 1 1 1 1 0 2 1 1 2 1 
47 46 35 30 26 24 28 0 26 23 26 27 27 27 27 27 27 27 26 25 20 17 16 12 10 9 9 10 10 9 10 10 10 10 10 10 10 10 10 10 10 10 9 9 9 9 8 8 7 7 6 6 5 5 4 4 3 3 3 3 3 2 3 3 3 3 3 1 2 1 1 1 0 1 1 0 1 1 0 1 1 0 1 2 3 3 4 2 1 2 1 2 2 2 1 3 2 1 2 2 
46 44 38 29 26 26 28 26 0 27 28 28 29 29 29 28 29 29 27 25 22 19 17 13 12 11 11 12 12 11 12 12 12 12 12 11 12 11 11 12 11 11 10 11 10 11 9 11 9 8 6 7 5 6 5 4 4 4 4 4 4 3 4 4 3 4 4 3 4 4 4 4 3 4 3 1 2 2 1 1 0 0 1 1 3 2 4 2 1 1 1 2 2 1 1 2 2 1 2 1 
47 45 38 28 27 25 27 23 27 0 31 27 28 27 28 27 28 28 26 24 20 17 16 11 10 9 9 10 9 9 9 10 10 10 10 9 10 9 9 10 10 10 9 9 9 9 8 10 7 8 6 7 5 6 6 4 5 5 4 4 4 3 4 4 3 2 3 1 2 2 2 1 0 1 1 0 1 1 0 0 0 1 1 1 3 3 4 2 1 1 2 1 1 1 1 2 2 1 2 1 
46 46 37 30 28 25 29 26 28 31 0 29 26 26 26 26 26 27 25 24 19 17 14 10 9 7 8 9 7 8 8 8 7 7 7 7 7 7 7 7 7 7 7 7 6 7 6 7 5 5 4 5 3 4 2 1 1 2 1 1 2 1 1 2 1 1 1 1 1 1 1 0 0 1 0 0 1 1 0 0 0 1 1 1 2 2 3 1 2 1 2 1 1 1 0 2 1 1 1 1 
48 47 37 31 29 26 30 27 28 27 29 0 29 29 29 29 28 27 25 24 20 17 14 10 8 7 7 8 8 7 8 8 8 8 8 8 8 8 8 8 8 8 7 8 8 8 7 8 6 6 4 5 2 4 2 0 1 1 1 1 1 0 1 1 0 1 1 0 1 1 1 1 0 1 1 0 1 1 1 1 1 1 1 2 3 3 4 2 2 2 2 2 2 2 1 3 2 1 2 1 
48 47 38 31 29 26 30 27 29 28 26 29 0 28 29 27 28 25 23 22 18 15 12 7 6 5 5 6 5 5 5 6 6 6 6 5 6 5 5 6 6 6 5 6 5 6 5 6 4 5 3 4 2 3 2 0 1 1 0 1 1 0 1 1 0 0 1 0 1 1 1 1 0 1 1 0 1 1 1 0 0 1 1 1 3 3 4 2 2 1 2 1 1 1 1 2 2 1 2 1 
48 47 38 31 29 26 29 27 29 27 26 29 28 0 31 28 29 27 24 23 21 15 12 7 6 5 5 6 5 5 6 6 6 6 6 5 6 5 5 6 6 6 5 6 5 6 5 6 5 5 3 4 2 3 2 0 1 1 0 1 1 0 1 1 0 0 1 0 1 1 1 1 0 1 1 0 1 1 1 0 0 1 1 1 3 3 4 2 2 1 2 2 2 1 1 2 2 1 2 1 
48 47 37 31 30 26 30 27 29 28 26 29 29 31 0 26 26 25 23 22 18 15 12 7 6 5 5 6 5 5 5 6 6 6 6 5 6 5 5 6 5 6 5 6 5 6 5 5 4 5 3 4 2 3 2 0 1 1 0 1 1 0 0 1 0 0 1 0 1 1 1 1 0 1 1 0 1 1 1 0 0 1 1 1 3 3 4 2 2 1 2 1 1 1 0 2 1 1 2 1 
47 47 38 31 29 26 30 27 28 27 26 29 27 28 26 0 28 25 23 22 19 15 12 7 6 5 5 6 6 5 6 6 6 6 6 5 6 5 5 6 6 6 5 6 5 6 5 6 5 5 3 4 2 3 2 0 1 1 1 1 1 0 1 1 0 1 1 0 1 1 1 1 0 1 1 0 1 1 1 1 1 1 1 1 3 3 4 2 2 2 2 2 2 1 1 3 2 1 2 1 
47 47 37 31 29 26 31 27 29 28 26 28 28 29 26 28 0 32 26 23 20 16 12 8 7 6 6 7 6 6 6 7 6 6 6 6 6 6 6 6 6 6 6 6 5 6 5 5 4 5 3 4 2 3 1 0 0 1 0 0 1 0 0 1 0 0 0 0 1 1 1 0 0 1 0 0 1 1 1 0 0 1 1 1 2 2 3 1 2 1 2 1 1 1 0 2 1 1 1 1 
47 48 37 31 29 27 31 27 29 28 27 27 25 27 25 25 32 0 27 25 22 18 14 10 8 7 7 7 7 7 7 7 7 7 7 7 7 7 6 5 6 5 5 5 5 5 5 5 4 4 3 4 2 2 1 0 0 0 0 0 1 0 0 1 0 0 0 0 0 0 1 0 0 1 0 0 1 0 1 0 0 1 1 1 2 2 3 1 2 1 2 1 1 1 0 2 1 1 1 1 
46 46 36 30 28 26 27 26 27 26 25 25 23 24 23 23 26 27 0 32 24 20 16 12 10 10 9 8 8 8 9 8 8 8 8 8 8 8 8 8 8 8 8 8 8 8 8 7 5 5 4 4 3 3 2 1 1 1 0 0 0 0 0 0 0 0 0 0 0 0 0 0 0 0 0 0 0 0 1 0 0 1 1 1 2 2 3 1 2 1 2 1 1 1 0 2 1 1 1 1 
45 45 36 30 27 23 25 25 25 24 24 24 22 23 22 22 23 25 32 0 27 18 15 10 8 7 6 7 7 6 7 7 7 7 7 7 6 6 6 6 6 6 5 6 6 6 5 6 5 5 3 4 2 3 2 0 1 1 1 1 1 0 1 1 0 1 1 0 1 1 1 1 0 1 1 0 1 1 1 1 1 1 1 2 3 3 4 2 2 2 2 2 2 2 1 3 2 1 2 2 
44 42 35 28 25 19 20 20 22 20 19 20 18 21 18 19 20 22 24 27 0 20 15 11 9 8 7 9 7 7 5 6 6 6 6 5 6 5 5 6 5 6 5 6 5 6 5 5 4 5 3 4 2 3 2 0 1 1 0 1 1 0 1 1 0 0 1 0 1 1 1 1 0 1 1 0 1 2 1 0 0 1 1 1 3 3 4 2 2 1 2 1 1 1 1 2 2 1 2 1 
42 40 33 27 22 17 18 17 19 17 17 17 15 15 15 15 16 18 20 18 20 0 20 17 13 12 12 12 12 11 11 11 11 11 11 11 10 10 10 8 8 7 6 7 7 7 6 6 5 5 3 4 2 3 2 1 1 1 1 1 1 1 1 1 1 1 1 1 1 1 1 1 1 1 1 0 1 2 2 1 1 2 1 2 3 3 4 2 2 2 2 2 2 2 1 3 2 2 2 2 
41 40 34 27 19 15 16 16 17 16 14 14 12 12 12 12 12 14 16 15 15 20 0 18 11 9 10 10 8 7 6 7 7 6 5 5 5 5 5 6 5 5 5 6 5 6 5 5 4 5 3 4 2 3 1 0 0 1 0 1 1 0 0 1 0 0 0 0 1 1 1 1 0 1 1 0 1 2 1 0 0 1 1 1 2 2 4 2 2 1 2 1 1 1 0 2 1 1 2 1 
40 40 32 25 16 12 12 12 13 11 10 10 7 7 7 7 8 10 12 10 11 17 18 0 12 9 9 10 10 9 9 8 8 7 7 6 6 6 6 6 6 6 5 6 6 6 5 6 5 5 3 4 2 3 2 0 1 1 1 1 1 0 1 1 0 1 1 0 1 1 1 1 0 1 1 0 1 2 1 1 1 1 1 2 3 3 4 2 2 2 2 3 2 2 1 3 2 1 2 1 
40 39 31 23 17 12 11 10 12 10 9 8 6 6 6 6 7 8 10 8 9 13 11 12 0 9 8 8 7 8 8 7 7 6 6 6 6 6 5 5 5 5 5 5 5 5 5 6 4 4 3 4 2 2 1 0 0 0 0 0 0 0 0 0 0 0 0 0 0 0 1 0 0 1 0 0 0 1 1 0 0 1 1 1 2 2 3 1 2 1 2 2 1 1 0 2 1 1 1 1 
39 39 30 23 16 10 11 9 11 9 7 7 5 5 5 5 6 7 10 7 8 12 9 9 9 0 13 8 8 8 7 7 7 7 7 6 6 6 6 6 6 6 5 6 6 6 6 6 5 5 3 4 3 3 2 1 1 1 1 1 1 1 1 1 1 1 1 1 1 1 1 1 1 1 1 0 1 2 2 1 1 2 2 2 3 3 4 2 3 2 2 3 2 2 1 3 2 2 2 2 
40 37 29 22 16 10 11 9 11 9 8 7 5 5 5 5 6 7 9 6 7 12 10 9 8 13 0 8 7 5 7 6 6 6 6 6 6 6 6 6 7 6 5 6 6 6 5 6 5 5 3 4 2 3 2 1 1 1 1 1 1 1 1 1 1 1 1 1 1 1 1 1 1 1 1 0 1 2 2 1 1 1 1 2 3 3 4 2 2 2 2 3 2 2 1 3 2 2 2 2 
40 39 30 22 17 10 12 10 12 10 9 8 6 6 6 6 7 7 8 7 9 12 10 10 8 8 8 0 10 6 6 5 5 5 5 5 5 5 5 5 6 5 5 5 5 5 5 5 4 4 3 4 2 3 1 0 0 0 0 0 1 0 0 1 0 0 0 0 0 1 1 0 0 1 0 0 1 2 1 0 0 1 1 1 2 2 3 1 2 1 2 2 1 1 0 2 1 1 1 1 
40 37 30 21 16 10 11 10 12 9 7 8 5 5 5 6 6 7 8 7 7 12 8 10 7 8 7 10 0 16 14 10 8 9 8 7 8 6 6 6 7 6 5 6 5 6 5 6 5 5 3 4 2 3 2 0 1 1 1 1 1 0 1 1 0 0 1 0 1 1 1 1 0 1 1 0 1 2 1 1 0 2 1 1 3 3 4 2 2 1 2 3 2 1 1 2 2 1 2 1 
39 37 29 21 16 10 11 9 11 9 8 7 5 5 5 5 6 7 8 6 7 11 7 9 8 8 5 6 16 0 11 7 6 6 6 6 6 6 6 6 7 6 5 6 6 6 5 6 5 5 3 4 2 3 2 1 1 1 1 1 1 1 1 1 1 1 1 1 1 1 1 1 1 1 1 0 1 2 2 1 1 3 1 2 3 3 4 2 2 2 2 3 2 2 1 3 2 2 2 2 
40 37 30 20 15 10 11 10 12 9 8 8 5 6 5 6 6 7 9 7 5 11 6 9 8 7 7 6 14 11 0 13 7 6 6 5 6 5 5 6 6 6 5 6 5 6 5 6 4 5 3 4 2 3 2 0 1 1 0 1 1 0 1 1 0 0 1 0 1 1 1 1 0 1 1 0 1 2 1 0 0 2 1 1 3 3 4 2 2 1 2 2 1 1 1 2 2 1 2 1 
40 37 30 20 16 10 12 10 12 10 8 8 6 6 6 6 7 7 8 7 6 11 7 8 7 7 6 5 10 7 13 0 10 8 6 7 6 5 5 5 6 5 5 6 5 6 5 5 4 5 3 4 2 3 1 0 0 1 0 0 1 0 0 1 0 0 0 0 1 1 1 0 0 1 0 0 1 2 1 0 0 2 1 1 2 2 3 1 2 1 2 2 1 1 0 2 1 1 1 1 
39 36 30 20 15 10 12 10 12 10 7 8 6 6 6 6 6 7 8 7 6 11 7 8 7 7 6 5 8 6 7 10 0 13 7 6 5 5 5 6 6 5 5 6 5 6 5 5 4 5 3 4 2 3 1 0 0 1 0 1 1 0 0 1 0 0 0 0 1 1 1 1 0 1 1 0 1 2 1 0 0 2 1 1 2 2 4 2 2 1 2 2 1 1 0 2 1 1 2 1 
39 36 30 20 15 10 12 10 12 10 7 8 6 6 6 6 6 7 8 7 6 11 6 7 6 7 6 5 9 6 6 8 13 0 13 8 7 6 6 6 6 5 5 6 5 6 5 5 4 5 3 4 2 3 1 0 0 1 0 0 1 0 0 1 0 0 0 0 1 1 1 1 0 1 0 0 1 2 1 0 0 2 1 1 2 2 4 2 2 1 2 2 1 1 0 2 1 1 1 1 
39 36 30 20 15 10 11 10 12 10 7 8 6 6 6 6 6 7 8 7 6 11 5 7 6 7 6 5 8 6 6 6 7 13 0 9 6 5 5 6 6 5 5 6 5 6 5 5 4 5 3 4 2 3 1 0 0 1 0 1 1 0 0 1 0 0 1 0 1 1 1 1 0 1 1 0 1 2 1 0 0 2 1 1 3 3 4 2 2 1 2 2 1 1 0 2 1 1 2 1 
39 35 29 20 14 10 10 10 11 9 7 8 5 5 5 5 6 7 8 7 5 11 5 6 6 6 6 5 7 6 5 7 6 8 9 0 15 5 7 7 7 6 5 6 6 6 5 6 5 5 3 4 2 3 2 0 1 1 1 1 1 0 1 1 0 1 1 0 1 1 1 1 0 1 1 0 1 2 1 1 1 2 1 1 3 3 4 2 2 2 2 3 2 2 1 3 2 1 2 1 
39 35 29 20 15 10 10 10 12 10 7 8 6 6 6 6 6 7 8 6 6 10 5 6 6 6 6 5 8 6 6 6 5 7 6 15 0 10 5 6 6 5 5 6 5 6 5 5 4 5 3 4 2 3 2 0 0 1 0 1 1 0 0 1 0 0 1 0 1 1 1 1 0 1 1 0 1 2 1 0 0 2 1 2 3 3 4 2 2 1 2 2 1 1 0 2 1 1 2 1 
39 35 27 20 14 10 10 10 11 9 7 8 5 5 5 5 6 7 8 6 5 10 5 6 6 6 6 5 6 6 5 5 5 6 5 5 10 0 14 9 7 6 5 6 6 6 5 6 5 5 3 4 2 3 2 0 1 1 1 1 1 0 1 1 0 1 1 0 1 1 1 1 0 1 1 0 1 2 1 1 1 2 1 3 3 3 4 2 2 2 2 3 2 2 1 3 2 1 2 1 
39 35 28 20 14 10 10 10 11 9 7 8 5 5 5 5 6 6 8 6 5 10 5 6 5 6 6 5 6 6 5 5 5 6 5 7 5 14 0 9 9 7 6 7 5 6 5 7 5 5 3 4 2 3 2 0 1 1 1 1 1 0 1 1 0 1 1 0 1 1 1 1 0 1 1 0 1 2 1 1 1 2 1 2 3 3 4 2 2 2 2 3 2 1 1 3 2 1 2 1 
39 34 28 20 15 10 10 10 12 10 7 8 6 6 6 6 6 5 8 6 6 8 6 6 5 6 6 5 6 6 6 5 6 6 6 7 6 9 9 0 14 7 8 8 7 7 6 7 5 6 4 5 3 3 1 0 0 1 0 0 1 0 0 1 0 0 0 0 1 1 1 1 0 1 0 0 1 2 1 0 0 2 1 2 2 2 4 2 2 2 2 2 1 1 0 2 1 1 2 1 
39 35 28 20 15 10 9 10 11 10 7 8 6 6 5 6 6 6 8 6 5 8 5 6 5 6 7 6 7 7 6 6 6 6 6 7 6 7 9 14 0 10 6 6 5 6 5 6 4 5 3 4 2 3 2 0 1 1 0 1 1 0 1 1 0 0 1 0 1 1 1 1 0 1 1 0 1 2 1 0 0 2 1 2 3 3 4 2 2 2 2 2 1 1 1 2 2 1 2 1 
39 33 28 18 15 10 8 10 11 10 7 8 6 6 6 6 6 5 8 6 6 7 5 6 5 6 6 5 6 6 6 5 5 5 5 6 5 6 7 7 10 0 8 7 6 7 5 6 4 5 3 4 2 3 2 0 1 1 0 1 1 0 0 1 0 0 1 0 1 1 1 1 0 1 1 0 1 2 1 0 0 2 1 2 3 3 4 2 2 2 2 2 1 1 0 2 1 1 2 1 
38 33 27 17 13 10 8 9 10 9 7 7 5 5 5 5 6 5 8 5 5 6 5 5 5 5 5 5 5 5 5 5 5 5 5 5 5 5 6 8 6 8 0 10 9 7 6 7 5 5 4 4 3 3 2 1 1 1 1 1 1 1 1 1 1 1 1 1 1 1 1 1 1 1 1 0 1 2 2 1 1 3 2 3 3 3 4 2 3 3 3 3 2 2 1 3 2 2 2 2 
38 34 26 18 15 10 9 9 11 9 7 8 6 6 6 6 6 5 8 6 6 7 6 6 5 6 6 5 6 6 6 6 6 6 6 6 6 6 7 8 6 7 10 0 11 8 7 6 5 4 3 4 2 3 1 0 0 1 0 0 1 0 0 1 0 0 0 0 1 1 1 0 0 1 0 0 1 2 1 0 0 2 1 2 2 2 3 1 2 2 2 2 1 1 0 2 1 1 1 1 
38 33 27 17 13 10 8 9 10 9 6 8 5 5 5 5 5 5 8 6 5 7 5 6 5 6 6 5 5 6 5 5 5 5 5 6 5 6 5 7 5 6 9 11 0 9 5 7 5 5 3 4 2 3 2 0 1 1 1 1 1 0 1 1 0 1 1 0 1 1 1 1 0 1 1 0 1 2 1 1 1 2 1 2 3 3 4 2 2 3 2 3 2 2 1 3 2 1 2 1 
38 33 26 16 15 10 9 9 11 9 7 8 6 6 6 6 6 5 8 6 6 7 6 6 5 6 6 5 6 6 6 6 6 6 6 6 6 6 6 7 6 7 7 8 9 0 10 6 4 4 3 4 2 3 1 0 0 1 0 0 1 0 0 1 0 0 0 0 1 1 1 0 0 1 0 0 1 2 1 0 0 2 1 2 2 2 3 1 2 2 2 2 1 1 0 2 1 1 1 1 
36 32 23 15 12 10 8 8 9 8 6 7 5 5 5 5 5 5 8 5 5 6 5 5 5 6 5 5 5 5 5 5 5 5 5 5 5 5 5 6 5 5 6 7 5 10 0 11 6 5 3 4 2 3 2 1 1 1 1 1 1 1 1 1 1 1 1 1 1 1 1 1 1 1 1 0 1 2 2 1 1 3 1 3 3 3 4 2 2 3 2 3 2 2 1 3 2 2 2 2 
36 32 24 15 12 10 7 8 11 10 7 8 6 6 5 6 5 5 7 6 5 6 5 6 6 6 6 5 6 6 6 5 5 5 5 6 5 6 7 7 6 6 7 6 7 6 11 0 9 8 4 5 3 4 2 0 1 1 0 1 1 0 1 1 0 0 1 0 1 1 1 1 0 1 1 0 1 2 1 0 0 2 1 2 3 3 4 2 2 2 2 2 1 1 1 2 2 1 2 1 
36 32 23 15 11 10 7 7 9 7 5 6 4 5 4 5 4 4 5 5 4 5 4 5 4 5 5 4 5 5 4 4 4 4 4 5 4 5 5 5 4 4 5 5 5 4 6 9 0 9 4 5 2 3 2 0 1 1 0 1 1 0 1 1 0 0 1 0 1 1 1 1 0 1 1 0 1 2 1 0 0 2 1 2 3 3 4 2 2 2 2 3 2 1 1 2 2 1 2 1 
36 31 23 14 11 8 7 7 8 8 5 6 5 5 5 5 5 4 5 5 5 5 5 5 4 5 5 4 5 5 5 5 5 5 5 5 5 5 5 6 5 5 5 4 5 4 5 8 9 0 12 10 4 5 3 1 1 2 0 0 1 0 0 1 0 0 0 0 1 1 1 0 0 1 0 0 1 2 1 0 0 2 1 2 2 2 3 1 2 2 2 2 1 1 0 2 1 1 1 1 
35 31 22 14 7 9 6 6 6 6 4 4 3 3 3 3 3 3 4 3 3 3 3 3 3 3 3 3 3 3 3 3 3 3 3 3 3 3 3 4 3 3 4 3 3 3 3 4 4 12 0 13 5 5 3 2 2 2 2 2 2 1 1 1 1 1 1 1 1 1 1 1 1 1 1 0 1 2 2 1 1 3 2 3 3 3 4 2 3 3 2 3 2 2 1 3 2 2 2 2 
35 33 22 15 8 9 7 6 7 7 5 5 4 4 4 4 4 4 4 4 4 4 4 4 4 4 4 4 4 4 4 4 4 4 4 4 4 4 4 5 4 4 4 4 4 4 4 5 5 10 13 0 6 2 2 0 0 0 0 0 0 0 0 0 0 0 0 0 0 0 1 0 0 1 0 0 0 1 1 0 0 2 1 2 2 2 3 1 2 2 2 2 1 1 0 2 1 1 1 1 
34 31 21 15 7 8 6 5 5 5 3 2 2 2 2 2 2 2 3 2 2 2 2 2 2 3 2 2 2 2 2 2 2 2 2 2 2 2 2 3 2 2 3 2 2 2 2 3 2 4 5 6 0 16 5 2 2 2 1 1 1 1 1 1 1 1 1 1 1 1 1 1 1 1 1 0 1 2 2 1 1 3 1 3 3 3 4 2 2 3 2 3 2 2 1 3 2 2 2 2 
34 32 22 15 7 8 5 5 6 6 4 4 3 3 3 3 3 2 3 3 3 3 3 3 2 3 3 3 3 3 3 3 3 3 3 3 3 3 3 3 3 3 3 3 3 3 3 4 3 5 5 2 16 0 6 1 1 1 1 1 2 0 0 1 0 0 0 0 0 0 1 0 0 1 0 0 1 1 1 0 0 2 1 2 2 2 3 1 2 2 2 2 1 1 0 2 1 1 1 1 
33 30 22 14 7 9 5 4 5 6 2 2 2 2 2 2 1 1 2 2 2 2 1 2 1 2 2 1 2 2 2 1 1 1 1 2 2 2 2 1 2 2 2 1 2 1 2 2 2 3 3 2 5 6 0 2 1 1 0 1 1 0 0 1 0 0 1 0 1 1 1 1 0 1 1 0 1 2 1 0 0 2 1 2 3 3 4 2 2 2 2 2 1 1 0 2 1 1 2 1 
33 30 20 13 5 7 5 4 4 4 1 0 0 0 0 0 0 0 1 0 0 1 0 0 0 1 1 0 0 1 0 0 0 0 0 0 0 0 0 0 0 0 1 0 0 0 1 0 0 1 2 0 2 1 2 0 7 3 2 2 2 1 1 1 2 1 1 0 1 1 1 1 0 1 1 0 1 2 1 1 1 2 1 3 3 3 4 2 2 3 2 3 2 2 1 3 2 1 2 2 
31 30 19 12 6 7 3 3 4 5 1 1 1 1 1 1 0 0 1 1 1 1 0 1 0 1 1 0 1 1 1 0 0 0 0 1 0 1 1 0 1 1 1 0 1 0 1 1 1 1 2 0 2 1 1 7 0 10 5 5 4 2 3 2 2 1 1 0 1 1 1 1 0 1 1 0 1 2 1 0 0 2 1 2 3 3 4 2 2 2 2 2 1 1 0 2 1 1 2 1 
31 31 21 11 6 7 4 3 4 5 2 1 1 1 1 1 1 0 1 1 1 1 1 1 0 1 1 0 1 1 1 1 1 1 1 1 1 1 1 1 1 1 1 1 1 1 1 1 1 2 2 0 2 1 1 3 10 0 5 0 2 0 0 1 1 0 0 0 1 1 1 0 0 1 0 0 1 2 1 0 0 2 1 2 2 2 3 1 2 2 2 2 1 1 0 2 1 1 1 1 
31 30 21 11 5 7 3 3 4 4 1 1 0 0 0 1 0 0 0 1 0 1 0 1 0 1 1 0 1 1 0 0 0 0 0 1 0 1 1 0 0 0 1 0 1 0 1 0 0 0 2 0 1 1 0 2 5 5 0 8 3 0 1 1 1 0 1 0 1 1 1 1 0 1 1 0 1 2 1 1 0 2 1 2 3 3 4 2 2 2 2 3 2 1 1 2 2 1 2 1 
31 30 19 10 5 7 4 3 4 4 1 1 1 1 1 1 0 0 0 1 1 1 1 1 0 1 1 0 1 1 1 0 1 0 1 1 1 1 1 0 1 1 1 0 1 0 1 1 1 0 2 0 1 1 1 2 5 0 8 0 8 1 1 1 1 0 0 1 1 1 1 1 1 1 0 0 1 2 1 0 0 2 1 2 2 2 4 2 2 2 2 2 1 1 0 2 1 1 2 1 
31 29 17 10 5 8 4 3 4 4 2 1 1 1 1 1 1 1 0 1 1 1 1 1 0 1 1 1 1 1 1 1 1 1 1 1 1 1 1 1 1 1 1 1 1 1 1 1 1 1 2 0 1 2 1 2 4 2 3 8 0 5 1 1 1 0 0 1 0 0 1 0 1 1 0 0 0 1 1 0 0 2 1 2 2 2 3 1 2 2 2 2 1 1 0 2 1 1 1 1 
30 28 16 10 4 6 3 2 3 3 1 0 0 0 0 0 0 0 0 0 0 1 0 0 0 1 1 0 0 1 0 0 0 0 0 0 0 0 0 0 0 0 1 0 0 0 1 0 0 0 1 0 1 0 0 1 2 0 0 1 5 0 5 2 2 1 1 1 1 1 1 1 1 1 1 0 1 2 2 1 1 2 1 3 3 3 4 2 2 3 2 3 2 2 1 3 2 2 2 2 
27 25 16 9 5 5 3 3 4 4 1 1 1 1 0 1 0 0 0 1 1 1 0 1 0 1 1 0 1 1 1 0 0 0 0 1 0 1 1 0 1 0 1 0 1 0 1 1 1 0 1 0 1 0 0 1 3 0 1 1 1 5 0 11 3 0 1 1 1 1 1 1 1 1 1 0 1 2 1 0 0 2 1 2 3 3 4 2 2 2 2 2 1 1 1 2 2 1 2 1 
27 26 16 9 5 5 4 3 4 4 2 1 1 1 1 1 1 1 0 1 1 1 1 1 0 1 1 1 1 1 1 1 1 1 1 1 1 1 1 1 1 1 1 1 1 1 1 1 1 1 1 0 1 1 1 1 2 1 1 1 1 2 11 0 4 0 0 1 0 0 1 0 1 1 0 0 0 1 1 0 0 2 1 2 2 2 3 1 2 2 2 2 1 1 0 2 1 1 1 1 
26 24 15 8 4 3 3 3 3 3 1 0 0 0 0 0 0 0 0 0 0 1 0 0 0 1 1 0 0 1 0 0 0 0 0 0 0 0 0 0 0 0 1 0 0 0 1 0 0 0 1 0 1 0 0 2 2 1 1 1 1 2 3 4 0 7 4 1 1 2 1 1 0 1 1 0 1 2 1 1 1 2 1 3 3 3 4 2 2 3 2 3 2 2 1 3 2 1 2 2 
26 23 15 8 3 3 3 3 4 2 1 1 0 0 0 1 0 0 0 1 0 1 0 1 0 1 1 0 0 1 0 0 0 0 0 1 0 1 1 0 0 0 1 0 1 0 1 0 0 0 1 0 1 0 0 1 1 0 0 0 0 1 0 0 7 0 9 1 1 1 1 1 1 1 1 0 1 2 1 1 0 2 1 2 3 3 4 2 2 2 2 3 2 1 1 2 2 1 2 1 
25 21 15 8 5 3 4 3 4 3 1 1 1 1 1 1 0 0 0 1 1 1 0 1 0 1 1 0 1 1 1 0 0 0 1 1 1 1 1 0 1 1 1 0 1 0 1 1 1 0 1 0 1 0 1 1 1 0 1 0 0 1 1 0 4 9 0 3 1 1 1 1 2 1 1 0 1 2 1 0 0 2 1 2 3 2 4 2 2 2 2 2 1 1 0 2 1 1 2 1 
25 20 14 8 3 2 3 1 3 1 1 0 0 0 0 0 0 0 0 0 0 1 0 0 0 1 1 0 0 1 0 0 0 0 0 0 0 0 0 0 0 0 1 0 0 0 1 0 0 0 1 0 1 0 0 0 0 0 0 1 1 1 1 1 1 1 3 0 6 2 1 1 2 1 1 0 1 2 2 1 1 2 1 3 3 3 4 2 2 3 2 3 2 2 1 3 2 2 2 2 
25 21 15 8 4 2 3 2 4 2 1 1 1 1 1 1 1 0 0 1 1 1 1 1 0 1 1 0 1 1 1 1 1 1 1 1 1 1 1 1 1 1 1 1 1 1 1 1 1 1 1 0 1 0 1 1 1 1 1 1 0 1 1 0 1 1 1 6 0 7 1 0 3 1 0 0 1 2 1 0 0 2 1 2 2 2 3 1 2 2 2 2 1 1 0 2 1 1 1 1 
25 21 15 8 4 2 3 1 4 2 1 1 1 1 1 1 1 0 0 1 1 1 1 1 0 1 1 1 1 1 1 1 1 1 1 1 1 1 1 1 1 1 1 1 1 1 1 1 1 1 1 0 1 0 1 1 1 1 1 1 0 1 1 0 2 1 1 2 7 0 6 0 3 1 0 0 1 1 1 0 0 2 1 2 2 2 3 1 2 2 2 2 1 1 0 2 1 1 1 1 
25 21 15 8 3 3 3 1 4 2 1 1 1 1 1 1 1 1 0 1 1 1 1 1 1 1 1 1 1 1 1 1 1 1 1 1 1 1 1 1 1 1 1 1 1 1 1 1 1 1 1 1 1 1 1 1 1 1 1 1 1 1 1 1 1 1 1 1 1 6 0 1 3 0 0 0 0 1 2 0 0 2 1 2 2 2 3 1 2 2 2 2 1 1 0 2 1 1 1 1 
23 19 14 8 3 2 3 1 4 1 0 1 1 1 1 1 0 0 0 1 1 1 1 1 0 1 1 0 1 1 1 0 1 1 1 1 1 1 1 1 1 1 1 0 1 0 1 1 1 0 1 0 1 0 1 1 1 0 1 1 0 1 1 0 1 1 1 1 0 0 1 0 6 1 0 0 1 2 2 0 0 2 1 2 2 2 3 1 2 2 2 2 1 1 0 2 1 1 1 1 
22 19 12 8 2 2 1 0 3 0 0 0 0 0 0 0 0 0 0 0 0 1 0 0 0 1 1 0 0 1 0 0 0 0 0 0 0 0 0 0 0 0 1 0 0 0 1 0 0 0 1 0 1 0 0 0 0 0 0 1 1 1 1 1 0 1 2 2 3 3 3 6 0 7 1 0 1 2 2 1 1 2 1 3 3 3 4 2 2 3 2 3 2 2 1 3 2 2 2 2 
22 20 13 8 2 3 2 1 4 1 1 1 1 1 1 1 1 1 0 1 1 1 1 1 1 1 1 1 1 1 1 1 1 1 1 1 1 1 1 1 1 1 1 1 1 1 1 1 1 1 1 1 1 1 1 1 1 1 1 1 1 1 1 1 1 1 1 1 1 1 0 1 7 0 2 0 0 1 2 0 0 2 1 2 2 2 3 1 2 2 2 2 1 1 0 2 1 1 1 1 
22 18 11 6 2 2 2 1 3 1 0 1 1 1 1 1 0 0 0 1 1 1 1 1 0 1 1 0 1 1 1 0 1 0 1 1 1 1 1 0 1 1 1 0 1 0 1 1 1 0 1 0 1 0 1 1 1 0 1 0 0 1 1 0 1 1 1 1 0 0 0 0 1 2 0 3 2 2 2 0 0 2 1 2 2 2 4 2 2 2 2 2 1 1 0 2 1 1 2 1 
19 17 8 4 1 2 1 0 1 0 0 0 0 0 0 0 0 0 0 0 0 0 0 0 0 0 0 0 0 0 0 0 0 0 0 0 0 0 0 0 0 0 0 0 0 0 0 0 0 0 0 0 0 0 0 0 0 0 0 0 0 0 0 0 0 0 0 0 0 0 0 0 0 0 3 0 4 2 4 1 1 3 2 3 3 3 4 2 3 3 3 3 2 2 1 3 2 2 2 2 
19 16 8 5 2 3 2 1 2 1 1 1 1 1 1 1 1 1 0 1 1 1 1 1 0 1 1 1 1 1 1 1 1 1 1 1 1 1 1 1 1 1 1 1 1 1 1 1 1 1 1 0 1 1 1 1 1 1 1 1 0 1 1 0 1 1 1 1 1 1 0 1 1 0 2 4 0 6 3 0 0 2 1 2 2 2 3 1 2 2 2 2 1 1 0 2 1 1 1 1 
18 16 9 4 2 2 2 1 2 1 1 1 1 1 1 1 1 0 0 1 2 2 2 2 1 2 2 2 2 2 2 2 2 2 2 2 2 2 2 2 2 2 2 2 2 2 2 2 2 2 2 1 2 1 2 2 2 2 2 2 1 2 2 1 2 2 2 2 2 1 1 2 2 1 2 2 6 0 7 1 1 3 2 3 3 2 3 1 2 2 2 2 1 1 0 2 1 1 1 1 
15 12 6 4 1 2 1 0 1 0 0 1 1 1 1 1 1 1 1 1 1 2 1 1 1 2 2 1 1 2 1 1 1 1 1 1 1 1 1 1 1 1 2 1 1 1 2 1 1 1 2 1 2 1 1 1 1 1 1 1 1 2 1 1 1 1 1 2 1 1 2 2 2 2 2 4 3 7 0 2 1 2 1 3 3 3 4 2 2 3 2 3 2 2 1 3 2 2 2 2 
15 10 5 3 1 2 1 1 1 0 0 1 0 0 0 1 0 0 0 1 0 1 0 1 0 1 1 0 1 1 0 0 0 0 0 1 0 1 1 0 0 0 1 0 1 0 1 0 0 0 1 0 1 0 0 1 0 0 1 0 0 1 0 0 1 1 0 1 0 0 0 0 1 0 0 1 0 1 2 0 3 3 2 2 3 3 4 2 2 2 2 3 2 1 1 2 2 1 2 1 
14 10 5 3 1 2 1 1 0 0 0 1 0 0 0 1 0 0 0 1 0 1 0 1 0 1 1 0 0 1 0 0 0 0 0 1 0 1 1 0 0 0 1 0 1 0 1 0 0 0 1 0 1 0 0 1 0 0 0 0 0 1 0 0 1 0 0 1 0 0 0 0 1 0 0 1 0 1 1 3 0 4 3 2 3 3 4 2 2 3 2 3 2 1 1 3 2 1 2 1 
11 9 4 3 1 1 1 0 0 1 1 1 1 1 1 1 1 1 1 1 1 2 1 1 1 2 1 1 2 3 2 2 2 2 2 2 2 2 2 2 2 2 3 2 2 2 3 2 2 2 3 2 3 2 2 2 2 2 2 2 2 2 2 2 2 2 2 2 2 2 2 2 2 2 2 3 2 3 2 3 4 0 5 3 3 3 4 2 2 3 2 3 2 2 1 3 2 2 2 2 
11 9 4 2 1 1 2 1 1 1 1 1 1 1 1 1 1 1 1 1 1 1 1 1 1 2 1 1 1 1 1 1 1 1 1 1 1 1 1 1 1 1 2 1 1 1 1 1 1 1 2 1 1 1 1 1 1 1 1 1 1 1 1 1 1 1 1 1 1 1 1 1 1 1 1 2 1 2 1 2 3 5 0 6 3 3 4 2 3 3 2 3 2 2 1 3 2 2 2 2 
10 6 3 3 1 1 2 2 1 1 1 2 1 1 1 1 1 1 1 2 1 2 1 2 1 2 2 1 1 2 1 1 1 1 1 1 2 3 2 2 2 2 3 2 2 2 3 2 2 2 3 2 3 2 2 3 2 2 2 2 2 3 2 2 3 2 2 3 2 2 2 2 3 2 2 3 2 3 3 2 2 3 6 0 6 3 4 2 3 3 2 3 2 2 1 3 2 1 2 1 
10 5 4 3 2 1 3 3 3 3 2 3 3 3 3 3 2 2 2 3 3 3 2 3 2 3 3 2 3 3 3 2 2 2 3 3 3 3 3 2 3 3 3 2 3 2 3 3 3 2 3 2 3 2 3 3 3 2 3 2 2 3 3 2 3 3 3 3 2 2 2 2 3 2 2 3 2 3 3 3 3 3 3 6 0 4 4 2 4 2 2 2 1 1 0 2 1 1 2 1 
9 5 4 3 2 1 3 3 2 3 2 3 3 3 3 3 2 2 2 3 3 3 2 3 2 3 3 2 3 3 3 2 2 2 3 3 3 3 3 2 3 3 3 2 3 2 3 3 3 2 3 2 3 2 3 3 3 2 3 2 2 3 3 2 3 3 2 3 2 2 2 2 3 2 2 3 2 2 3 3 3 3 3 3 4 0 6 2 4 2 2 2 1 1 0 2 1 1 2 1 
8 5 4 4 4 3 5 4 4 4 3 4 4 4 4 4 3 3 3 4 4 4 4 4 3 4 4 3 4 4 4 3 4 4 4 4 4 4 4 4 4 4 4 3 4 3 4 4 4 3 4 3 4 3 4 4 4 3 4 4 3 4 4 3 4 4 4 4 3 3 3 3 4 3 4 4 3 3 4 4 4 4 4 4 4 6 0 3 3 2 2 2 1 1 0 2 1 1 1 1 
4 2 2 2 2 1 2 2 2 2 1 2 2 2 2 2 1 1 1 2 2 2 2 2 1 2 2 1 2 2 2 1 2 2 2 2 2 2 2 2 2 2 2 1 2 1 2 2 2 1 2 1 2 1 2 2 2 1 2 2 1 2 2 1 2 2 2 2 1 1 1 1 2 1 2 2 1 1 2 2 2 2 2 2 2 2 3 0 6 2 2 2 1 1 0 2 1 1 1 1 
2 0 1 0 0 0 0 1 1 1 2 2 2 2 2 2 2 2 2 2 2 2 2 2 2 3 2 2 2 2 2 2 2 2 2 2 2 2 2 2 2 2 3 2 2 2 2 2 2 2 3 2 2 2 2 2 2 2 2 2 2 2 2 2 2 2 2 2 2 2 2 2 2 2 2 3 2 2 2 2 2 2 3 3 4 4 3 6 0 3 2 4 2 2 1 3 2 2 2 2 
3 0 2 1 0 0 0 2 1 1 1 2 1 1 1 2 1 1 1 2 1 2 1 2 1 2 2 1 1 2 1 1 1 1 1 2 1 2 2 2 2 2 3 2 3 2 3 2 2 2 3 2 3 2 2 3 2 2 2 2 2 3 2 2 3 2 2 3 2 2 2 2 3 2 2 3 2 2 3 2 3 3 3 3 2 2 2 2 3 0 3 4 2 1 1 2 2 1 2 1 
1 1 2 1 1 1 1 1 1 2 2 2 2 2 2 2 2 2 2 2 2 2 2 2 2 2 2 2 2 2 2 2 2 2 2 2 2 2 2 2 2 2 3 2 2 2 2 2 2 2 2 2 2 2 2 2 2 2 2 2 2 2 2 2 2 2 2 2 2 2 2 2 2 2 2 3 2 2 2 2 2 2 2 2 2 2 2 2 2 3 0 4 3 2 2 3 2 2 2 2 
1 0 1 2 1 1 1 2 2 1 1 2 1 2 1 2 1 1 1 2 1 2 1 3 2 3 3 2 3 3 2 2 2 2 2 3 2 3 3 2 2 2 3 2 3 2 3 2 3 2 3 2 3 2 2 3 2 2 3 2 2 3 2 2 3 3 2 3 2 2 2 2 3 2 2 3 2 2 3 3 3 3 3 3 2 2 2 2 4 4 4 0 2 1 1 2 2 1 2 1 
2 1 2 2 1 1 1 2 2 1 1 2 1 2 1 2 1 1 1 2 1 2 1 2 1 2 2 1 2 2 1 1 1 1 1 2 1 2 2 1 1 1 2 1 2 1 2 1 2 1 2 1 2 1 1 2 1 1 2 1 1 2 1 1 2 2 1 2 1 1 1 1 2 1 1 2 1 1 2 2 2 2 2 2 1 1 1 1 2 2 3 2 0 2 2 2 2 1 2 1 
2 1 1 2 1 1 1 2 1 1 1 2 1 1 1 1 1 1 1 2 1 2 1 2 1 2 2 1 1 2 1 1 1 1 1 2 1 2 1 1 1 1 2 1 2 1 2 1 1 1 2 1 2 1 1 2 1 1 1 1 1 2 1 1 2 1 1 2 1 1 1 1 2 1 1 2 1 1 2 1 1 2 2 2 1 1 1 1 2 1 2 1 2 0 1 3 1 1 2 1 
1 0 1 1 1 0 0 1 1 1 0 1 1 1 0 1 0 0 0 1 1 1 0 1 0 1 1 0 1 1 1 0 0 0 0 1 0 1 1 0 1 0 1 0 1 0 1 1 1 0 1 0 1 0 0 1 0 0 1 0 0 1 1 0 1 1 0 1 0 0 0 0 1 0 0 1 0 0 1 1 1 1 1 1 0 0 0 0 1 1 2 1 2 1 0 2 2 1 2 1 
3 2 3 3 2 2 2 3 2 2 2 3 2 2 2 3 2 2 2 3 2 3 2 3 2 3 3 2 2 3 2 2 2 2 2 3 2 3 3 2 2 2 3 2 3 2 3 2 2 2 3 2 3 2 2 3 2 2 2 2 2 3 2 2 3 2 2 3 2 2 2 2 3 2 2 3 2 2 3 2 3 3 3 3 2 2 2 2 3 2 3 2 2 3 2 0 2 1 2 1 
1 0 1 2 2 1 1 2 2 2 1 2 2 2 1 2 1 1 1 2 2 2 1 2 1 2 2 1 2 2 2 1 1 1 1 2 1 2 2 1 2 1 2 1 2 1 2 2 2 1 2 1 2 1 1 2 1 1 2 1 1 2 2 1 2 2 1 2 1 1 1 1 2 1 1 2 1 1 2 2 2 2 2 2 1 1 1 1 2 2 2 2 2 1 2 2 0 1 2 1 
2 1 1 2 1 1 1 1 1 1 1 1 1 1 1 1 1 1 1 1 1 2 1 1 1 2 2 1 1 2 1 1 1 1 1 1 1 1 1 1 1 1 2 1 1 1 2 1 1 1 2 1 2 1 1 1 1 1 1 1 1 2 1 1 1 1 1 2 1 1 1 1 2 1 1 2 1 1 2 1 1 2 2 1 1 1 1 1 2 1 2 1 1 1 1 1 1 0 5 5 
2 1 2 2 2 1 2 2 2 2 1 2 2 2 2 2 1 1 1 2 2 2 2 2 1 2 2 1 2 2 2 1 2 1 2 2 2 2 2 2 2 2 2 1 2 1 2 2 2 1 2 1 2 1 2 2 2 1 2 2 1 2 2 1 2 2 2 2 1 1 1 1 2 1 2 2 1 1 2 2 2 2 2 2 2 2 1 1 2 2 2 2 2 2 2 2 2 5 0 8 
2 1 1 2 1 1 1 2 1 1 1 1 1 1 1 1 1 1 1 2 1 2 1 1 1 2 2 1 1 2 1 1 1 1 1 1 1 1 1 1 1 1 2 1 1 1 2 1 1 1 2 1 2 1 1 2 1 1 1 1 1 2 1 1 2 1 1 2 1 1 1 1 2 1 1 2 1 1 2 1 1 2 2 1 1 1 1 1 2 1 2 1 1 1 1 1 1 5 8 0 

Rho histogram: 
1 0 0 0 0 0 0 0 0 1 0 2 1 2 1 1 0 12 17 62 

Summary:
objF nSamp nIter rhoMean rhoStDev rProp hitsProp rankHitsProp seconds
Wrug 100 100 0.9224902490249023 0.13335250127830917 0.02 0.02 0.4221 1809.45
