=======================================================
Objective function:  Nsd
Matrix:  I100.csv
Iterations:  100
Heuristic for search:  RobSA3
Improvement function # 0
Window width for improvement:  0
Heuristic for improvement:  RobSA3
Seed:  33
=======================================================

Best permutations: 
0 1 2 3 4 5 6 7 9 8 11 10 12 13 16 14 15 17 18 19 20 22 21 23 25 26 24 27 30 28 29 32 31 33 34 36 37 38 39 40 43 41 45 48 46 47 54 52 57 58 61 66 69 70 71 74 72 73 75 77 83 86 88 89 93 94 95 96 98 99 97 92 91 90 87 84 85 82 81 78 80 79 76 68 67 64 65 63 62 59 60 56 55 51 53 50 49 44 42 35 
0 1 2 3 4 5 6 7 9 8 11 10 12 13 16 14 15 17 18 19 20 22 21 23 26 31 33 36 37 34 32 28 27 24 25 29 30 35 38 39 40 43 41 44 50 54 51 52 55 56 58 62 67 68 70 66 63 59 53 49 48 47 46 42 45 57 60 61 64 65 69 71 74 72 73 76 75 77 79 78 80 81 83 82 85 84 86 87 90 88 89 91 93 94 92 95 96 97 99 98 
0 1 2 3 4 5 6 7 9 8 11 10 12 13 16 14 15 17 18 19 20 22 21 23 24 27 25 26 29 28 30 32 31 33 34 35 36 37 38 39 40 43 41 42 46 47 48 45 44 50 49 51 53 52 55 54 56 57 60 58 59 62 61 63 65 64 67 66 68 69 74 76 73 72 70 71 78 81 80 75 77 79 83 82 85 84 86 87 88 90 89 91 93 94 95 92 96 97 99 98 
0 1 2 4 3 5 6 7 9 8 11 10 12 13 16 14 15 17 18 19 20 22 21 23 24 27 25 26 29 28 30 32 31 36 43 46 48 42 41 39 38 34 33 35 37 40 45 44 47 50 52 55 53 49 51 54 56 57 59 62 69 70 68 65 64 63 60 58 61 66 67 72 73 74 71 76 75 77 79 80 78 81 83 82 85 84 86 87 88 90 89 91 93 94 95 92 96 97 99 98 
0 1 2 3 4 5 6 7 8 9 11 10 12 13 16 14 15 17 18 19 20 22 21 23 24 27 25 26 29 28 30 32 31 33 34 35 37 36 38 39 40 43 41 42 45 44 48 46 47 50 49 51 53 52 55 54 56 57 60 58 59 61 63 62 69 70 68 66 65 64 67 72 73 76 74 71 75 77 79 78 80 81 83 82 85 84 86 87 88 90 89 91 93 94 95 92 96 97 99 98 
0 1 2 3 4 5 6 7 9 8 11 10 12 13 16 14 15 17 19 18 20 22 21 23 24 25 26 29 30 27 28 32 31 35 36 39 42 45 41 37 33 34 38 40 43 46 47 48 44 50 53 52 56 55 51 49 54 58 62 61 59 57 60 63 64 65 66 69 72 67 68 70 71 74 73 76 75 77 79 80 78 81 83 82 85 84 86 87 88 90 89 91 93 94 95 92 96 97 99 98 
0 1 2 3 4 5 6 7 9 8 11 10 12 13 16 14 15 17 18 19 20 22 21 23 25 24 27 28 26 29 32 30 31 33 34 35 36 37 38 39 40 43 41 42 45 44 48 46 47 50 49 51 54 53 52 55 56 57 60 58 59 61 63 62 66 65 64 67 68 69 70 71 74 72 73 76 75 77 79 80 78 81 83 82 85 84 86 87 88 90 89 91 93 94 95 92 96 97 99 98 
0 1 2 3 4 5 6 7 9 8 11 10 12 13 16 14 15 17 18 19 20 22 21 23 24 25 26 29 28 27 30 32 31 33 34 35 36 37 38 39 40 41 43 42 45 44 49 50 48 46 47 53 52 51 54 56 60 61 64 65 66 68 72 67 63 59 57 55 58 62 69 70 71 74 73 76 75 77 79 80 78 81 83 82 85 84 86 87 88 90 89 91 93 94 95 92 96 97 99 98 
0 1 2 3 4 5 6 7 9 8 11 10 12 13 16 15 14 17 18 19 20 22 21 23 24 25 26 29 28 31 34 37 39 41 43 38 36 33 30 27 32 35 40 42 46 54 59 64 67 65 62 69 72 76 75 71 70 66 61 55 53 51 50 49 44 45 48 47 52 56 57 60 58 63 68 73 74 77 79 80 78 81 83 82 85 84 86 87 88 90 89 91 93 94 95 92 96 97 99 98 
0 1 2 3 4 5 6 7 9 8 11 10 12 13 16 19 22 25 26 29 33 34 35 39 41 38 36 32 27 23 21 17 15 14 18 20 24 28 30 31 37 40 43 42 48 50 51 53 47 46 45 44 49 54 52 55 56 57 60 58 59 63 65 70 71 74 75 76 72 68 67 64 61 62 66 69 73 77 79 80 78 81 83 82 85 84 86 87 88 90 89 91 93 94 95 92 96 97 99 98 
0 1 2 3 4 5 6 7 9 8 11 10 12 13 16 14 15 17 18 19 20 22 21 23 24 25 26 29 28 27 30 32 31 33 34 35 36 37 38 39 40 43 41 42 46 47 44 45 48 50 49 51 55 52 53 54 56 57 59 62 66 65 61 58 60 63 64 67 73 76 74 72 68 69 70 71 75 77 79 80 78 81 83 82 85 84 86 87 88 90 89 91 93 94 95 92 96 97 99 98 
35 32 29 26 25 24 19 17 15 14 12 10 8 5 4 2 0 1 3 6 7 9 11 13 16 18 20 22 21 23 27 28 30 31 33 34 36 37 38 39 40 43 41 42 45 44 48 46 47 50 49 53 55 57 56 54 51 52 60 58 64 67 65 63 61 59 62 66 68 69 70 72 73 76 77 79 83 85 86 82 81 78 71 74 75 80 84 87 88 90 89 91 93 94 95 92 96 97 99 98 
0 1 2 3 4 5 6 7 9 8 11 10 12 13 16 14 15 17 18 19 20 22 21 23 24 27 25 26 29 28 30 32 31 33 34 35 36 37 38 39 40 41 43 42 45 44 48 46 47 50 49 51 54 53 52 55 56 57 60 58 59 62 61 63 65 64 67 66 68 72 73 76 77 80 79 75 74 69 70 71 78 81 83 82 85 84 86 87 88 90 89 91 94 93 95 92 96 97 99 98 
0 1 2 3 4 5 6 7 8 9 10 12 14 16 13 11 15 17 20 18 19 22 21 23 24 25 26 29 28 27 30 32 31 35 39 45 48 50 51 49 44 42 41 38 36 33 34 37 40 43 46 47 53 54 52 55 56 57 60 58 59 62 66 65 63 61 64 67 68 69 70 71 75 78 77 76 73 72 74 79 80 81 83 82 85 84 86 87 88 90 89 91 93 94 95 92 96 97 99 98 
14 16 13 11 7 6 3 1 0 2 4 5 8 9 10 12 15 17 18 19 20 21 22 23 24 27 30 28 25 26 29 32 31 33 34 36 35 37 39 38 40 43 41 42 45 48 47 46 44 49 50 53 51 54 52 55 56 57 60 58 59 61 63 62 66 65 64 67 68 69 72 73 76 74 70 71 75 77 79 80 78 81 83 82 85 84 86 87 88 90 89 91 93 94 95 92 96 97 99 98 
0 1 2 3 4 5 6 7 10 13 16 14 12 9 8 11 15 17 21 25 29 28 36 38 39 37 35 33 32 27 23 20 18 19 22 24 26 30 31 34 40 43 41 42 45 50 51 54 52 60 64 67 65 63 61 57 47 46 48 44 49 53 55 56 58 59 62 66 68 69 70 72 73 77 74 71 76 75 78 79 80 81 83 82 85 84 86 87 88 90 89 91 93 94 95 92 96 97 99 98 
0 1 2 3 4 5 6 7 8 9 10 11 16 14 18 20 19 15 13 12 17 21 22 23 24 25 26 29 32 28 27 30 31 33 34 35 36 37 38 39 40 43 41 42 45 44 48 46 47 50 49 51 53 52 55 54 56 57 60 58 59 62 61 63 65 64 67 66 68 69 70 71 74 72 73 76 75 77 79 80 78 81 83 82 85 84 86 87 88 90 89 91 93 94 95 92 96 97 99 98 
0 1 2 3 4 5 6 7 8 9 10 11 13 12 14 16 15 17 21 20 18 19 22 23 25 24 27 28 26 29 30 32 31 33 34 36 35 37 38 39 40 41 43 42 45 44 48 49 51 52 53 46 47 50 54 55 56 57 60 58 59 61 63 64 67 65 62 66 68 69 70 71 74 72 73 76 75 77 79 80 78 81 83 82 85 84 86 87 88 90 89 91 93 94 95 92 96 97 99 98 
0 1 2 3 4 5 6 7 8 9 10 11 13 12 14 16 15 17 18 19 20 22 21 23 24 25 26 28 27 30 29 32 31 33 36 38 43 46 44 41 39 34 35 37 40 42 45 48 47 50 49 51 54 53 52 55 56 57 60 58 59 61 63 62 66 65 64 67 68 69 70 71 74 72 73 76 75 77 79 80 78 81 83 82 85 84 86 87 88 90 89 91 93 94 95 92 96 97 99 98 
0 1 2 3 4 5 6 7 9 8 11 10 12 13 16 14 15 17 19 30 31 34 37 39 40 38 36 35 33 32 29 25 24 22 18 20 21 23 27 26 28 43 46 44 53 52 55 54 49 45 41 42 48 47 50 51 60 58 59 62 66 70 68 64 61 57 56 63 67 65 69 73 75 80 81 82 84 87 90 88 86 83 77 71 74 72 76 79 78 85 89 91 93 94 95 92 96 97 99 98 
0 1 2 3 4 5 6 7 9 8 11 10 12 13 16 14 15 17 18 19 20 22 21 23 24 27 25 26 29 28 30 32 31 33 34 35 36 37 38 39 40 43 41 42 45 44 48 46 47 50 49 51 53 52 55 54 56 57 60 58 59 61 63 62 66 65 64 67 68 69 70 72 76 77 73 74 71 75 79 78 80 81 83 82 85 84 86 87 88 90 89 91 93 94 95 92 96 97 99 98 
0 1 2 3 4 5 6 7 8 9 11 10 12 14 18 17 16 13 15 19 20 22 21 23 25 26 29 28 31 34 36 33 32 24 27 30 35 37 38 39 40 41 43 42 45 48 49 51 54 50 44 46 47 53 60 59 56 55 52 57 58 61 63 62 66 65 64 67 68 69 70 71 74 72 73 76 75 77 79 80 78 81 83 82 85 84 86 87 88 90 89 91 93 94 95 92 96 97 99 98 
0 1 2 3 4 5 6 7 8 9 10 11 13 12 14 16 15 17 18 19 20 22 21 23 24 25 26 29 28 27 30 32 31 33 34 35 36 37 38 39 40 43 41 42 46 45 44 48 47 50 49 51 54 53 52 55 56 57 60 58 59 65 66 67 64 63 61 62 68 69 70 72 73 76 74 71 75 77 79 80 78 81 83 82 85 84 86 87 88 90 89 91 93 94 95 92 96 97 99 98 
19 18 15 12 10 7 3 1 0 2 4 5 6 8 9 11 13 16 14 17 20 22 21 23 24 27 32 35 39 36 33 30 28 25 26 29 31 34 37 38 40 43 41 42 45 44 48 46 47 50 49 51 53 52 55 54 56 57 60 58 59 62 61 63 65 64 67 66 68 69 70 71 74 73 72 75 76 77 79 80 78 81 83 82 85 84 86 87 88 90 89 91 93 94 95 92 96 97 99 98 
0 1 2 3 4 5 6 7 8 9 10 11 13 12 14 16 15 17 18 19 20 22 21 23 24 27 25 26 32 34 36 33 29 28 30 31 35 37 38 39 40 43 41 42 45 44 48 46 47 50 49 51 54 53 52 55 56 57 60 58 59 62 61 63 65 64 67 66 68 69 70 72 73 76 74 71 75 77 79 80 78 81 83 82 85 84 86 87 88 90 89 91 93 94 95 92 96 97 99 98 
0 1 2 3 4 5 6 7 9 8 11 10 12 13 16 14 15 17 18 20 19 22 21 23 25 29 28 33 31 30 27 24 26 32 34 35 36 37 38 39 40 43 41 42 45 44 48 46 47 50 49 51 54 53 52 55 56 57 60 58 59 62 61 63 64 65 69 71 74 77 76 73 72 67 66 68 70 75 79 80 78 81 83 82 85 84 86 87 88 90 89 91 93 94 92 95 96 97 99 98 
0 1 2 3 4 5 6 7 9 8 11 10 12 13 16 14 15 17 18 19 20 22 21 23 24 25 26 29 28 32 30 27 31 33 36 37 38 41 45 44 48 43 40 35 34 39 42 46 47 50 49 51 53 55 52 54 56 57 60 61 64 67 63 58 59 62 65 66 68 69 70 71 74 72 73 76 75 77 79 80 78 81 83 82 85 84 86 87 88 90 89 91 93 94 95 92 96 97 99 98 
0 1 2 3 4 5 6 7 9 8 11 10 12 13 16 14 15 17 18 19 20 22 21 23 24 25 26 29 28 27 30 32 31 33 34 35 36 37 39 38 40 43 41 42 45 44 49 47 46 48 50 53 51 54 55 57 59 58 56 52 60 63 61 62 66 65 64 67 68 69 70 71 74 72 73 76 75 77 79 80 78 81 83 82 85 84 86 87 88 90 89 91 93 94 95 92 96 97 99 98 
0 1 2 3 4 5 6 7 9 8 11 10 12 13 16 14 15 17 18 19 20 22 21 23 24 27 25 26 29 28 30 32 31 33 36 38 39 35 34 37 40 43 41 42 45 44 48 46 47 50 53 52 57 59 58 56 54 49 51 55 60 61 63 64 67 72 76 77 73 70 69 66 62 65 68 74 71 75 78 79 80 81 83 82 85 84 86 87 88 90 89 91 93 94 95 92 96 97 99 98 
0 1 2 3 4 5 6 7 9 8 11 10 12 13 16 14 15 17 18 19 20 22 21 23 25 26 29 28 24 27 30 32 31 33 34 35 37 36 38 39 40 43 41 42 45 44 48 46 47 50 49 51 53 54 57 56 55 52 60 58 59 61 62 63 64 66 69 71 70 68 65 67 72 74 73 76 75 77 79 80 78 81 83 82 85 84 86 87 88 90 89 91 93 94 95 92 96 97 99 98 
0 1 2 3 4 5 6 7 8 9 10 11 13 12 14 16 15 17 18 19 20 22 21 23 24 27 25 26 29 28 30 32 31 33 34 35 36 37 38 39 40 43 41 42 45 48 46 47 53 55 51 49 44 50 54 52 56 57 60 58 59 61 63 62 69 73 77 74 72 68 67 64 65 66 70 71 76 75 78 79 80 81 83 82 85 84 86 87 88 90 89 91 93 94 95 97 99 98 96 92 
0 1 2 3 4 5 6 7 8 9 10 11 13 12 16 14 15 17 21 20 18 19 22 23 24 25 26 29 28 32 35 37 39 42 41 38 36 34 31 27 30 33 40 43 46 47 48 45 44 49 50 53 54 56 59 58 60 52 51 55 57 62 61 63 65 64 67 66 68 73 75 74 71 70 69 72 76 77 79 80 78 81 83 82 85 84 86 87 88 90 89 91 93 94 95 92 96 97 99 98 
0 1 2 3 4 5 6 7 9 8 11 10 12 13 16 14 15 19 24 23 21 17 18 20 22 27 30 28 25 26 29 32 31 33 34 35 36 37 39 38 40 43 41 42 45 44 49 47 46 48 50 53 51 54 52 55 56 57 60 58 59 61 64 67 65 63 62 66 68 69 70 71 74 72 73 76 75 77 79 80 78 81 83 82 85 84 86 87 88 90 89 91 93 94 95 92 96 97 99 98 
0 1 2 3 4 5 6 7 9 8 11 10 13 17 19 18 15 12 16 14 20 22 21 23 24 27 25 26 29 28 32 30 31 33 34 35 36 37 38 39 40 43 41 42 45 44 48 46 47 50 49 51 53 52 55 54 56 57 62 63 67 64 61 59 60 58 65 66 69 68 72 75 76 73 70 71 74 77 79 80 78 81 83 82 85 84 86 87 88 90 89 91 93 94 95 92 96 97 99 98 
0 1 2 3 4 5 6 7 9 8 11 10 12 13 15 19 18 14 16 17 20 22 21 23 24 27 25 26 29 28 30 32 31 33 34 35 36 37 38 39 41 40 43 42 46 47 48 45 44 49 50 53 51 54 52 55 56 57 60 58 59 62 61 63 65 64 67 66 68 69 70 71 74 72 73 76 75 77 79 80 78 81 83 82 85 86 88 91 94 92 96 98 99 97 95 93 89 90 87 84 
0 1 2 3 4 5 6 7 9 8 11 10 12 13 16 14 15 17 19 18 20 22 21 23 25 24 27 30 28 26 29 32 31 33 34 35 36 37 38 46 47 50 54 56 51 49 44 45 42 41 39 40 43 48 53 52 55 57 59 66 62 58 60 63 61 65 69 71 74 75 73 70 68 64 67 72 76 77 79 80 78 81 83 82 85 84 86 87 88 90 89 91 93 94 95 92 96 97 99 98 
0 1 2 3 4 5 6 7 8 9 11 10 12 13 16 14 15 17 18 19 20 22 21 23 24 27 25 26 29 28 30 32 31 33 34 35 36 37 38 39 41 45 50 49 44 42 40 43 46 48 47 53 51 54 52 55 56 57 60 58 63 65 68 73 76 70 69 66 62 59 61 64 67 72 74 71 75 77 79 80 78 81 83 82 85 84 86 87 88 90 89 91 93 94 95 92 96 97 99 98 
0 1 2 3 4 5 6 7 8 9 10 11 16 15 17 14 13 12 18 19 20 22 21 23 24 25 26 32 30 27 28 29 31 33 34 35 36 37 40 43 46 45 48 50 54 49 44 41 38 39 42 47 51 55 53 52 56 57 60 58 59 61 63 62 66 65 64 67 68 69 70 71 75 79 77 76 73 72 74 78 80 81 83 82 85 84 86 87 88 90 89 91 93 94 95 92 96 97 99 98 
0 1 2 3 4 5 6 7 9 8 11 10 12 13 16 14 15 17 18 19 20 22 21 23 24 27 30 28 32 33 38 39 40 43 48 50 49 51 55 56 57 58 59 62 69 71 74 76 77 81 82 85 91 96 99 98 97 92 95 94 93 89 90 88 87 86 84 83 78 80 79 75 72 73 70 68 66 65 67 64 63 61 60 52 54 53 47 46 44 45 42 41 37 36 35 34 31 29 26 25 
0 1 2 3 4 5 6 7 8 9 10 11 13 12 14 16 15 17 18 20 19 22 21 23 24 27 30 28 32 31 34 36 38 43 42 46 47 49 51 52 54 56 60 59 61 63 64 65 66 70 71 68 67 73 74 76 75 77 79 80 81 83 85 86 88 91 95 97 99 98 96 92 94 93 89 90 87 84 82 78 72 69 62 58 57 55 53 50 48 44 45 41 40 39 37 35 33 29 26 25 
0 1 2 3 4 5 6 7 8 9 10 11 13 12 14 16 15 17 18 19 20 22 21 23 24 25 26 29 28 27 30 32 31 33 34 35 36 37 38 39 40 43 41 42 45 44 48 46 47 53 55 57 52 51 49 50 54 56 60 58 59 62 61 63 64 66 69 70 68 65 67 72 73 77 80 78 71 74 76 75 79 81 83 82 85 84 86 87 88 90 89 91 93 94 95 92 96 97 99 98 
0 1 2 3 4 6 5 7 8 9 10 11 13 12 16 14 15 17 18 19 20 22 21 23 24 27 30 31 29 26 25 28 32 33 34 36 35 37 38 39 40 43 41 42 45 44 48 46 47 50 49 51 54 53 52 55 56 57 60 58 59 62 61 63 65 64 67 66 68 69 70 72 73 74 71 76 75 77 79 80 78 81 83 82 85 84 86 87 88 90 89 91 93 94 95 92 96 97 99 98 
0 1 2 3 4 5 6 7 8 9 10 11 13 12 14 16 15 17 18 19 20 22 21 23 24 27 28 29 31 36 35 32 26 25 30 33 34 37 38 39 40 43 41 42 45 46 53 54 55 52 60 58 59 56 50 47 48 44 49 51 57 63 61 62 66 65 64 67 68 69 70 71 74 72 73 76 75 77 79 80 78 81 83 82 85 84 86 87 88 90 89 91 93 94 95 92 96 97 99 98 
35 33 31 30 28 23 21 20 19 18 14 16 13 10 11 8 5 6 3 1 0 2 4 7 9 12 15 17 22 24 27 25 26 29 32 34 36 37 38 39 40 41 43 42 46 44 45 48 47 50 49 51 54 53 52 55 57 56 60 58 59 61 63 66 68 72 74 69 62 65 64 67 70 71 73 76 75 77 79 80 78 81 83 82 85 84 86 87 90 88 89 91 95 97 99 98 96 92 94 93 
0 1 2 3 4 5 6 7 9 8 11 10 12 13 16 14 15 17 18 19 20 22 21 23 24 27 25 26 29 28 30 32 31 33 34 35 36 37 38 39 40 43 41 42 45 44 48 46 47 50 49 51 53 52 55 54 56 57 60 58 59 62 61 63 64 65 66 70 74 73 72 68 67 69 71 79 81 83 80 77 76 75 78 82 84 85 86 87 88 90 89 91 93 94 95 92 96 97 99 98 
0 1 2 3 4 5 6 7 9 8 11 10 12 13 16 14 15 17 18 19 20 22 21 23 24 27 25 26 29 28 32 30 31 33 34 39 43 40 38 36 35 37 41 42 45 44 48 46 47 50 49 51 54 53 52 55 56 57 60 58 59 61 63 64 67 65 62 66 69 68 72 73 76 74 70 71 75 77 79 80 78 81 83 82 85 84 86 87 90 88 89 93 91 94 95 97 99 98 96 92 
0 1 2 3 4 5 6 7 9 8 11 10 12 13 16 14 15 18 19 27 28 32 29 26 25 23 21 17 20 22 24 30 31 33 34 36 35 41 45 48 47 42 39 37 38 40 43 46 44 53 52 57 55 54 50 49 51 56 60 58 59 62 61 63 65 64 67 66 69 68 72 74 71 70 73 76 75 77 79 80 78 81 83 82 85 84 86 87 88 90 89 91 93 94 95 92 96 97 99 98 
0 1 2 3 4 5 6 7 9 8 11 10 12 13 16 14 15 17 18 19 20 22 21 23 24 27 30 32 31 33 36 37 38 39 40 43 46 47 45 42 48 49 51 53 54 55 60 59 62 61 64 66 68 69 70 71 74 83 82 84 87 89 94 95 97 99 98 96 92 93 91 90 88 86 85 81 78 80 79 77 75 76 73 72 67 65 63 58 57 56 52 50 44 41 35 34 28 29 26 25 
8 6 3 0 1 2 4 5 7 9 10 11 12 13 16 14 15 18 20 17 19 22 21 23 24 27 25 26 29 31 34 36 38 39 35 33 30 28 32 37 40 41 43 42 45 44 48 46 47 50 49 51 56 57 59 61 65 69 71 82 85 84 81 74 73 72 68 66 62 60 52 53 54 55 58 63 64 67 70 75 76 77 79 80 78 83 86 87 88 90 89 91 93 94 95 92 96 97 99 98 
0 1 2 3 4 5 6 7 9 8 11 10 12 13 14 16 15 17 19 18 20 22 21 23 24 27 28 30 31 33 34 35 38 39 41 42 46 48 50 57 58 59 63 67 70 74 76 75 78 79 80 83 82 85 86 87 88 90 94 96 98 99 97 92 95 93 91 89 84 81 71 72 69 65 62 66 73 77 68 64 61 56 54 53 45 44 49 51 55 60 52 47 43 40 37 36 32 29 26 25 
0 1 2 3 4 5 6 7 9 8 11 10 12 13 14 16 15 17 18 19 20 22 21 23 24 27 25 26 29 28 30 32 31 33 34 35 36 37 38 39 40 41 43 42 48 47 46 45 44 49 50 54 51 53 52 55 56 57 60 58 59 61 65 66 62 63 64 67 68 70 72 73 74 77 79 75 76 69 71 78 80 81 83 82 85 84 86 87 88 90 89 91 93 94 95 92 96 97 99 98 
0 1 2 3 4 5 6 7 9 8 11 10 12 13 16 14 15 17 18 19 20 22 21 23 24 25 26 29 28 27 30 32 31 33 34 35 36 37 38 39 40 43 41 42 45 44 48 46 47 50 49 54 51 53 52 55 57 56 60 58 59 62 61 63 65 64 67 66 68 69 70 71 74 73 72 76 75 77 78 79 80 81 83 82 85 84 86 87 88 90 89 91 93 94 95 92 96 97 99 98 
19 20 18 15 13 11 8 5 3 1 0 2 4 6 7 9 10 12 16 14 17 21 22 23 25 24 27 26 29 28 30 32 31 33 34 35 36 37 38 39 40 43 41 42 45 44 48 46 47 50 49 51 53 52 55 54 56 57 60 58 59 61 63 62 66 65 64 67 68 69 70 72 73 76 74 71 75 77 79 78 80 81 83 82 85 84 86 87 90 88 89 91 93 94 95 92 96 97 99 98 
0 1 2 3 4 5 6 7 9 8 11 10 12 13 16 14 15 17 18 19 20 22 21 23 24 27 30 28 25 26 29 32 31 34 35 33 36 37 38 39 41 48 47 46 43 40 42 45 44 49 50 53 51 54 52 55 56 57 60 58 59 62 63 61 65 64 67 69 72 73 76 75 80 79 77 74 70 66 68 71 78 81 83 82 85 84 86 87 88 90 89 91 93 94 95 92 96 97 99 98 
0 1 2 3 4 5 6 7 9 8 11 10 12 13 16 14 15 17 18 19 24 27 28 30 31 32 26 23 21 20 22 25 29 33 34 43 42 44 49 50 51 52 60 63 65 62 58 57 53 45 40 38 36 35 37 39 41 48 47 46 54 55 56 59 61 64 67 66 69 68 70 71 74 72 73 76 75 77 79 80 78 83 81 82 85 84 86 87 88 90 89 91 93 94 95 92 96 97 99 98 
0 1 2 3 4 5 6 7 8 9 10 11 13 12 14 16 15 17 18 19 20 22 21 23 24 25 26 29 32 28 27 30 31 33 34 35 36 37 38 39 41 43 40 42 45 44 46 48 47 50 49 53 57 58 56 55 54 51 52 60 59 61 63 65 62 66 68 64 67 69 70 72 73 76 75 79 77 74 71 78 80 81 85 88 86 82 83 84 87 90 89 91 93 94 95 92 96 97 99 98 
21 20 19 17 15 13 11 9 8 5 3 1 0 2 4 6 7 10 12 16 14 18 22 23 24 27 25 26 29 28 30 32 31 33 34 35 39 41 45 42 37 36 38 40 43 46 47 48 44 50 49 51 54 53 52 55 56 57 58 59 62 66 72 68 65 63 60 61 64 67 69 70 71 74 73 76 75 77 79 80 78 81 83 82 85 84 86 87 88 90 89 91 93 94 95 92 96 97 99 98 
0 1 2 3 4 5 6 7 9 8 11 10 12 13 16 14 15 17 21 20 18 19 27 30 28 24 22 23 25 26 29 32 31 33 34 35 36 37 38 39 40 43 41 42 45 46 47 50 53 52 54 49 44 48 51 55 56 57 60 58 59 61 63 62 66 65 64 67 72 75 76 73 68 69 70 71 74 77 79 78 80 81 83 82 85 84 86 87 88 90 89 91 93 94 95 92 96 97 99 98 
0 1 2 3 4 5 6 7 8 9 10 11 13 12 14 16 15 17 18 19 20 22 21 23 25 24 27 30 28 26 29 32 31 35 37 41 40 38 34 33 36 39 43 42 46 47 50 49 44 45 48 53 51 54 52 55 56 58 62 61 59 57 60 63 64 67 65 66 68 69 70 71 74 73 75 80 83 78 76 72 77 79 81 82 84 85 86 87 88 90 89 91 93 94 95 92 96 97 99 98 
0 1 2 3 4 5 6 7 8 9 10 11 13 12 16 14 15 17 18 19 20 22 21 23 25 24 27 30 28 26 29 32 31 33 36 38 40 37 34 35 39 41 42 43 45 48 47 50 53 55 56 62 66 71 69 65 59 58 57 51 46 44 49 54 52 60 61 63 64 67 68 70 72 73 74 76 79 81 83 78 75 77 80 82 85 84 86 87 88 90 89 91 93 94 95 92 96 97 99 98 
0 1 2 3 4 5 6 7 9 8 11 10 12 13 16 14 15 17 21 22 20 18 19 23 24 25 26 29 28 27 30 32 31 33 34 35 36 38 39 37 40 43 41 42 45 44 48 46 47 50 54 52 57 60 63 64 67 62 58 56 53 49 51 55 59 61 65 66 68 69 70 72 73 76 74 71 75 77 79 80 78 81 83 82 85 84 86 87 88 90 89 91 93 94 95 92 96 97 99 98 
0 1 2 3 4 5 6 7 9 8 11 10 12 13 16 14 17 20 22 24 27 19 15 18 21 23 25 26 29 28 30 32 31 34 33 35 37 36 38 40 43 47 50 49 54 56 58 63 64 60 55 48 45 44 42 39 41 46 53 51 52 57 59 61 62 66 65 67 68 69 70 71 74 72 73 76 75 77 79 80 78 81 83 82 85 84 86 87 90 88 89 91 93 94 95 92 96 97 99 98 
0 1 2 3 4 5 6 7 9 8 11 10 12 13 16 14 15 17 18 19 20 22 21 23 24 25 26 29 33 31 30 27 28 32 34 35 36 37 38 39 40 43 41 42 45 44 48 46 47 50 49 51 54 53 52 55 56 57 60 62 65 67 64 61 59 58 63 66 68 69 70 72 73 77 79 80 78 75 76 74 71 81 83 82 85 84 86 87 88 90 89 91 93 94 95 92 96 97 99 98 
0 1 2 3 4 5 6 7 9 8 11 10 12 13 16 14 15 17 18 19 20 22 21 23 24 27 30 32 31 33 34 36 38 39 41 42 47 50 49 51 54 56 58 59 61 62 67 68 70 72 74 71 75 78 80 84 86 87 89 91 97 99 98 96 92 95 94 93 90 88 85 82 83 81 79 77 76 73 69 66 65 64 63 60 57 55 52 53 48 44 45 46 43 40 37 35 28 29 26 25 
0 1 2 3 4 5 6 7 9 8 11 10 13 12 14 16 15 17 18 19 20 22 21 23 24 33 35 38 39 40 43 45 44 41 37 34 30 27 25 26 29 28 32 31 36 42 46 47 48 50 53 55 52 51 49 54 56 57 58 61 67 69 72 68 64 62 59 60 63 65 66 70 71 74 73 76 75 77 79 80 78 81 83 82 85 84 86 87 88 90 89 91 93 94 95 92 96 97 99 98 
0 1 2 3 4 5 6 7 9 8 11 10 12 13 16 14 15 17 18 19 20 22 21 23 25 24 27 30 28 26 29 32 31 33 34 35 36 37 39 38 40 43 41 42 45 44 48 46 47 50 49 51 54 56 55 52 53 57 60 58 59 62 61 63 65 64 67 66 68 69 70 71 74 72 73 76 77 75 78 79 80 81 83 82 85 84 86 87 88 90 89 91 93 94 95 92 97 96 99 98 
0 1 2 3 4 5 6 7 9 8 11 10 12 13 16 14 15 17 18 19 20 22 21 23 25 24 27 30 28 26 29 32 31 33 34 35 36 37 38 39 40 43 41 42 46 47 48 45 44 49 50 53 51 54 52 55 56 57 58 60 59 62 61 63 65 64 67 66 68 69 70 71 75 77 76 73 72 74 78 79 80 81 83 82 85 84 86 87 88 90 89 91 93 94 95 92 96 97 99 98 
0 1 2 3 4 5 6 7 9 8 11 10 12 13 16 14 15 17 18 19 20 22 21 23 24 27 25 29 34 31 30 28 26 32 33 35 36 37 40 42 45 41 39 38 43 46 44 48 47 50 49 51 53 52 55 54 56 57 60 58 59 61 63 62 66 65 64 67 68 69 70 73 72 74 71 75 76 77 79 80 78 81 83 82 85 84 86 87 88 90 89 91 93 94 95 92 96 97 99 98 
0 1 2 3 4 5 6 7 9 8 11 10 12 13 16 14 15 17 18 19 20 22 21 23 25 26 24 27 30 28 29 32 31 33 34 35 36 39 42 44 45 41 37 38 40 43 46 47 48 50 49 51 54 53 52 55 56 57 60 58 59 62 61 63 65 64 67 66 68 69 70 72 73 76 74 71 75 77 79 80 78 81 83 82 85 84 86 87 88 90 89 91 93 94 95 92 96 97 99 98 
14 16 13 10 9 8 5 6 2 0 1 3 4 7 11 12 15 17 18 19 20 22 21 23 24 25 26 28 27 30 31 29 32 33 34 35 36 37 38 39 40 41 43 46 47 50 48 42 45 44 49 51 53 54 55 52 56 57 60 58 59 62 61 63 64 67 68 69 71 74 76 78 81 79 77 73 72 65 66 70 75 80 83 82 84 85 86 87 88 90 89 93 94 92 96 99 98 97 95 91 
0 1 2 3 4 5 6 7 9 8 11 10 12 13 16 14 15 17 18 19 20 22 21 23 25 26 24 27 30 28 29 32 31 33 34 35 36 37 38 39 40 43 41 42 45 44 48 46 47 50 53 57 59 58 56 54 49 51 52 55 60 63 65 62 61 64 67 66 69 68 72 77 80 81 79 76 73 70 71 74 75 78 83 82 84 85 86 87 88 90 89 91 93 94 95 92 96 97 99 98 
0 1 2 3 4 5 6 7 9 8 11 10 12 13 16 14 15 17 18 19 20 22 21 23 25 24 27 30 28 26 29 32 31 33 34 35 36 37 39 38 40 43 41 42 46 45 44 48 47 53 51 52 50 49 54 55 56 57 59 65 69 70 66 62 58 60 61 63 64 67 68 72 73 76 74 71 75 77 79 80 78 81 83 82 85 84 86 87 88 90 89 91 93 94 95 92 96 97 99 98 
19 18 14 16 13 11 6 4 2 0 1 3 5 7 8 9 10 12 15 17 21 20 22 23 25 24 27 28 26 29 31 35 37 39 36 33 30 32 34 38 40 43 41 42 45 44 49 47 46 48 50 51 53 52 55 54 56 57 60 61 64 67 63 58 59 62 65 66 68 69 70 72 73 76 71 74 77 75 79 80 78 81 83 82 85 84 86 87 88 90 89 91 93 94 95 92 96 97 99 98 
0 1 2 3 4 5 6 7 9 8 11 10 12 13 16 14 15 17 18 19 20 22 21 23 24 27 25 26 29 28 30 32 31 33 34 36 38 40 43 42 41 37 35 39 45 44 48 46 47 50 49 51 54 53 52 55 56 57 60 58 59 62 61 63 64 67 65 66 68 69 70 71 74 73 72 76 75 77 79 80 78 81 83 82 85 84 86 87 88 90 89 91 93 94 95 92 96 97 99 98 
19 18 14 16 13 11 8 7 5 4 2 1 0 3 6 9 10 12 15 17 20 21 22 23 24 27 25 26 29 28 30 32 31 33 34 35 36 37 38 39 40 43 41 42 46 47 48 45 44 49 50 53 51 52 55 54 56 57 60 58 59 62 61 63 65 64 67 66 68 69 70 71 74 72 73 76 75 77 78 79 80 81 83 82 84 85 87 88 86 90 89 91 93 94 95 97 99 98 96 92 
0 1 2 3 4 5 6 7 8 9 10 11 13 12 14 16 15 17 18 19 20 22 21 23 24 27 25 26 29 28 32 30 31 33 34 35 36 37 38 39 40 43 41 42 46 48 45 44 49 51 53 47 50 52 56 60 58 59 65 67 64 63 61 57 54 55 62 66 68 69 70 72 73 76 74 71 75 77 79 80 78 81 83 82 85 84 86 87 88 90 89 91 93 94 95 92 96 97 99 98 
0 1 2 3 4 5 6 7 9 8 11 10 12 13 16 14 15 17 18 19 20 21 22 23 24 27 25 26 29 28 32 30 31 33 34 35 36 37 38 39 40 43 41 42 46 47 48 45 44 50 49 51 53 54 55 52 60 63 65 67 64 61 58 56 57 59 62 66 68 69 70 72 73 74 71 78 79 77 76 75 80 81 83 82 85 84 86 87 88 90 89 91 93 94 95 92 96 97 99 98 
0 1 2 3 4 5 6 7 8 9 10 11 13 12 14 16 15 18 22 25 30 27 23 21 20 17 19 24 26 29 28 34 38 39 37 35 31 32 33 36 40 43 41 42 46 47 48 45 44 49 50 53 55 60 56 54 51 52 57 58 59 62 61 63 65 64 67 69 72 73 76 77 79 80 78 74 68 66 70 71 75 81 83 82 85 84 86 87 88 90 89 91 93 94 95 92 96 97 99 98 
0 1 2 3 4 5 6 7 9 8 11 10 12 13 16 14 15 17 18 19 20 22 21 23 24 25 26 29 28 27 30 32 31 33 34 36 35 37 38 39 40 43 41 42 45 44 48 46 47 50 49 51 55 57 60 62 66 69 67 64 58 52 53 54 56 59 61 63 65 70 73 76 72 68 71 74 75 77 79 80 78 81 83 82 85 84 86 87 88 90 89 91 93 94 95 92 96 97 99 98 
0 1 2 3 4 5 6 7 9 8 11 10 12 13 16 14 15 17 18 19 20 22 21 23 24 27 25 26 29 28 30 32 31 33 34 35 36 37 38 39 40 43 41 42 45 44 48 46 47 50 49 51 54 53 52 55 56 57 60 58 59 62 61 63 64 67 65 66 68 69 70 71 74 72 73 76 75 77 79 80 78 81 83 82 85 84 86 87 88 90 89 91 93 94 92 95 96 97 99 98 
23 21 20 18 17 16 14 11 8 7 6 3 1 0 2 4 5 9 10 12 13 15 19 22 24 25 26 29 28 27 32 30 31 33 34 35 36 37 38 39 40 43 41 42 46 47 48 45 44 49 50 51 53 52 55 54 56 57 60 58 59 61 63 62 65 64 67 68 66 69 70 71 74 72 73 76 75 77 79 80 78 81 83 82 85 84 86 87 88 90 89 91 93 94 95 92 96 97 99 98 
0 1 2 3 4 5 6 7 9 8 11 10 12 13 16 15 14 17 18 21 20 19 22 23 25 30 28 27 24 26 29 32 31 33 34 35 36 37 38 39 40 43 41 42 45 44 48 46 47 50 49 51 53 54 56 58 61 64 62 59 57 55 52 60 63 65 66 69 70 71 74 72 67 68 73 76 75 77 79 80 78 81 83 82 85 84 86 87 88 90 89 91 93 94 95 92 96 97 99 98 
0 1 2 3 4 5 6 7 9 8 11 10 12 13 16 14 15 17 18 19 20 22 21 23 24 25 26 29 28 27 30 32 31 33 34 35 36 37 38 41 46 48 50 54 56 57 55 51 49 44 45 42 39 40 43 47 53 52 60 58 59 61 63 62 68 74 71 70 69 66 65 64 67 72 73 76 75 77 79 80 78 81 83 82 85 84 86 87 88 90 89 91 93 94 95 92 96 97 99 98 
14 16 13 11 9 8 5 4 2 0 1 3 6 7 10 12 15 17 18 19 20 22 21 23 25 26 24 27 30 32 28 29 31 33 34 35 36 37 38 39 40 43 41 42 45 44 48 46 47 50 49 53 51 57 59 61 62 58 56 54 55 52 60 65 66 69 70 76 73 67 64 63 68 72 74 71 78 80 77 75 79 81 83 82 85 84 86 87 88 90 89 91 93 94 95 92 96 97 99 98 
0 1 2 3 4 5 6 7 8 9 10 11 13 12 14 16 15 18 22 19 17 20 21 23 24 27 25 26 30 29 28 32 31 33 34 35 36 37 39 38 40 43 41 42 46 44 45 48 47 50 49 51 54 53 52 60 58 57 55 56 59 63 65 68 67 64 61 62 66 69 70 71 76 73 72 74 75 77 79 80 78 81 83 82 85 84 86 87 88 90 89 91 93 94 95 92 96 97 99 98 
19 18 14 16 13 11 9 7 6 2 0 1 3 4 5 8 10 12 15 17 20 22 21 23 24 25 26 29 32 28 27 30 31 33 34 35 36 37 38 39 40 43 41 42 44 45 48 46 47 49 50 53 51 54 52 55 56 57 60 58 59 62 61 63 64 67 65 66 68 69 70 72 73 74 71 76 75 77 79 80 78 81 83 82 85 84 86 87 88 90 89 91 93 94 95 92 96 97 99 98 
0 1 2 3 4 5 6 7 9 8 11 10 12 13 16 14 15 17 18 19 20 22 21 23 24 27 25 26 29 28 30 32 31 33 34 35 36 37 38 39 40 43 41 42 45 44 48 46 47 50 49 51 54 53 52 55 56 57 60 58 59 62 61 63 65 64 67 66 68 69 70 71 76 75 78 81 82 86 89 93 95 97 99 98 96 92 94 91 90 88 87 85 84 83 80 79 77 74 73 72 
0 1 2 3 4 5 6 7 8 9 10 11 13 12 14 16 15 17 18 19 20 22 21 23 25 24 27 28 26 29 34 30 32 31 33 35 36 37 38 39 40 43 41 42 46 45 44 48 47 50 49 51 54 53 52 55 57 56 59 60 58 62 61 63 65 64 67 66 68 70 69 73 76 75 78 79 80 83 84 85 86 87 90 94 92 97 99 98 96 95 93 91 89 88 82 81 77 72 74 71 
0 1 2 3 4 5 6 7 8 11 9 10 12 13 16 14 15 17 18 19 20 21 22 23 25 24 27 30 33 32 28 26 29 31 34 36 37 38 35 39 40 43 41 42 45 44 49 55 52 54 50 48 46 47 53 51 56 57 61 64 65 63 60 58 59 62 66 67 68 69 70 71 74 72 73 76 75 77 79 80 78 81 83 82 85 84 86 87 88 90 89 91 93 94 95 92 96 97 99 98 
0 1 2 3 4 5 6 7 9 8 11 13 14 18 16 12 10 15 17 19 20 21 22 24 26 29 31 28 25 23 27 30 32 33 34 35 36 37 38 39 40 43 41 42 46 47 50 49 51 54 56 58 59 62 61 64 65 66 68 69 70 72 74 71 78 80 81 83 84 85 86 87 90 91 94 92 97 99 98 96 95 93 89 88 82 79 77 75 76 73 67 63 60 57 55 52 53 48 45 44 
0 1 2 3 4 5 6 7 9 8 11 10 12 13 16 14 15 17 18 19 20 22 21 23 24 27 30 32 28 25 26 29 31 33 34 35 36 37 38 39 40 43 41 42 45 44 48 46 47 50 49 51 53 52 55 54 56 57 60 58 59 62 61 63 64 67 65 66 68 69 70 71 74 72 73 76 75 77 79 80 78 81 83 82 85 84 86 87 88 90 89 91 93 94 95 92 96 97 99 98 
70 69 68 65 63 61 59 57 55 53 51 49 50 46 43 38 35 31 30 27 25 18 15 13 8 6 2 0 1 3 4 5 7 9 11 10 12 14 17 20 21 23 24 19 16 22 26 29 28 32 33 34 36 37 39 40 41 42 45 44 48 47 54 52 56 60 58 62 66 64 67 74 71 81 82 87 89 91 88 85 80 79 77 76 73 72 75 78 83 84 86 90 93 94 95 92 96 97 99 98 
0 1 2 3 4 5 6 7 9 8 11 10 12 13 16 14 15 18 17 20 19 22 21 23 24 27 30 31 33 32 28 25 26 29 34 37 38 39 42 48 47 46 41 36 35 40 43 45 44 49 50 53 51 52 55 54 56 58 62 65 64 63 61 60 57 59 66 67 68 69 70 71 74 72 73 76 75 77 79 80 78 81 83 82 85 84 86 87 88 90 89 91 93 94 95 92 96 97 99 98 
0 1 2 3 4 5 6 7 8 9 10 11 13 12 16 14 15 17 18 21 23 25 26 29 28 22 20 19 24 27 30 32 31 33 34 35 36 37 38 39 40 43 41 42 46 45 44 48 47 50 49 51 54 53 52 55 56 57 60 58 59 62 61 63 65 64 67 66 68 69 70 71 74 72 73 76 75 77 79 80 78 81 83 82 85 84 86 87 88 90 89 91 93 94 95 92 96 97 99 98 
0 1 2 3 4 5 6 7 8 9 10 11 13 12 14 16 15 17 18 19 20 22 21 23 24 27 25 26 29 28 30 32 31 33 34 35 36 37 38 39 40 43 41 42 45 46 47 48 44 49 50 53 51 54 52 55 56 57 60 58 59 62 61 63 65 64 67 66 69 68 72 74 75 80 81 79 77 76 73 70 71 78 83 82 85 84 86 87 88 90 89 91 93 94 95 92 96 97 99 98 
0 1 2 3 4 5 6 7 9 8 11 10 12 13 16 14 15 17 18 19 20 21 22 23 25 24 27 26 29 28 30 32 31 33 36 41 46 48 44 45 42 40 39 37 35 34 38 43 47 50 52 60 57 56 54 51 49 53 55 58 59 62 61 63 65 64 67 66 69 68 72 70 71 75 76 73 74 77 79 80 78 81 83 82 85 84 86 87 88 90 89 91 93 94 95 92 96 97 99 98 
0 1 2 3 4 5 6 7 9 8 11 10 12 13 16 14 15 17 18 19 20 22 21 23 24 27 25 26 29 28 30 32 31 33 34 35 39 42 45 44 46 41 40 37 36 38 43 47 48 50 49 53 54 51 55 56 57 52 60 58 63 64 67 69 74 71 70 66 65 61 59 62 68 72 73 76 75 77 79 80 78 81 83 82 85 84 86 87 88 90 89 91 93 94 95 92 96 97 99 98 
0 1 2 3 4 5 6 7 9 8 11 10 12 13 16 14 15 17 18 19 20 22 21 23 25 26 24 27 30 28 29 31 34 38 40 37 35 32 33 36 39 41 43 42 45 44 48 46 47 50 49 51 54 53 52 55 56 57 60 58 59 62 61 63 65 64 67 66 68 69 72 74 71 70 73 76 75 77 79 80 78 81 83 82 85 84 86 87 88 90 89 91 93 94 95 92 96 98 99 97 
0 1 2 3 4 5 6 7 8 9 11 10 12 13 16 14 15 17 21 20 18 19 22 23 25 24 27 31 36 37 42 44 53 51 52 55 56 58 59 64 67 65 62 66 69 74 77 73 72 68 61 57 49 47 48 45 41 40 38 35 32 28 29 26 30 33 34 39 43 46 50 54 60 63 70 71 76 75 78 79 80 81 83 82 85 84 86 87 88 90 89 91 93 94 95 92 96 97 99 98 
0 1 2 3 4 5 6 7 9 8 11 10 12 13 16 14 15 17 18 19 20 21 22 25 26 29 28 24 23 27 30 32 31 33 34 35 36 37 38 39 40 43 41 42 46 48 50 49 44 45 47 53 54 52 60 58 57 55 51 56 59 61 63 62 66 65 64 67 69 68 70 71 74 72 73 76 75 77 79 80 78 81 83 82 85 84 86 87 88 90 89 91 93 94 95 92 96 97 99 98 

Rank matrix
86 0 0 1 0 0 0 0 2 3 2 0 2 1 0 0 1 0 0 0 1 0 0 0 0 0 0 1 0 0 0 0 0 0 0 0 0 0 0 0 0 0 0 0 0 0 0 0 0 0 0 0 0 0 0 0 0 0 0 0 0 0 0 0 0 0 0 0 0 0 0 0 0 0 0 0 0 0 0 0 0 0 0 0 0 0 0 0 0 0 0 0 0 0 0 0 0 0 0 0 
0 86 0 0 1 0 0 2 0 1 3 3 1 0 0 0 0 1 0 1 0 0 0 0 0 0 0 0 1 0 0 0 0 0 0 0 0 0 0 0 0 0 0 0 0 0 0 0 0 0 0 0 0 0 0 0 0 0 0 0 0 0 0 0 0 0 0 0 0 0 0 0 0 0 0 0 0 0 0 0 0 0 0 0 0 0 0 0 0 0 0 0 0 0 0 0 0 0 0 0 
0 0 86 0 0 1 0 0 3 3 1 1 0 1 1 1 0 0 0 0 0 1 0 0 0 0 1 0 0 0 0 0 0 0 0 0 0 0 0 0 0 0 0 0 0 0 0 0 0 0 0 0 0 0 0 0 0 0 0 0 0 0 0 0 0 0 0 0 0 0 0 0 0 0 0 0 0 0 0 0 0 0 0 0 0 0 0 0 0 0 0 0 0 0 0 0 0 0 0 0 
0 0 1 85 1 0 2 0 1 0 1 4 1 1 0 0 0 0 2 0 0 0 0 0 0 0 0 0 0 1 0 0 0 0 0 0 0 0 0 0 0 0 0 0 0 0 0 0 0 0 0 0 0 0 0 0 0 0 0 0 0 0 0 0 0 0 0 0 0 0 0 0 0 0 0 0 0 0 0 0 0 0 0 0 0 0 0 0 0 0 0 0 0 0 0 0 0 0 0 0 
0 0 0 1 85 0 1 2 0 1 2 0 2 1 2 1 0 0 0 0 0 0 1 0 0 0 0 0 0 0 1 0 0 0 0 0 0 0 0 0 0 0 0 0 0 0 0 0 0 0 0 0 0 0 0 0 0 0 0 0 0 0 0 0 0 0 0 0 0 0 0 0 0 0 0 0 0 0 0 0 0 0 0 0 0 0 0 0 0 0 0 0 0 0 0 0 0 0 0 0 
0 0 0 0 0 85 3 2 1 1 0 2 1 1 1 0 2 0 0 0 0 0 0 0 0 0 0 0 0 0 0 1 0 0 0 0 0 0 0 0 0 0 0 0 0 0 0 0 0 0 0 0 0 0 0 0 0 0 0 0 0 0 0 0 0 0 0 0 0 0 0 0 0 0 0 0 0 0 0 0 0 0 0 0 0 0 0 0 0 0 0 0 0 0 0 0 0 0 0 0 
0 1 0 0 0 2 86 1 1 0 1 0 2 1 1 1 0 1 0 1 0 0 0 0 0 1 0 0 0 0 0 0 0 0 0 0 0 0 0 0 0 0 0 0 0 0 0 0 0 0 0 0 0 0 0 0 0 0 0 0 0 0 0 0 0 0 0 0 0 0 0 0 0 0 0 0 0 0 0 0 0 0 0 0 0 0 0 0 0 0 0 0 0 0 0 0 0 0 0 0 
0 0 0 0 1 1 0 88 1 1 0 0 0 3 1 0 1 0 0 0 1 0 0 1 0 0 0 0 0 0 0 0 1 0 0 0 0 0 0 0 0 0 0 0 0 0 0 0 0 0 0 0 0 0 0 0 0 0 0 0 0 0 0 0 0 0 0 0 0 0 0 0 0 0 0 0 0 0 0 0 0 0 0 0 0 0 0 0 0 0 0 0 0 0 0 0 0 0 0 0 
1 0 0 0 0 2 2 0 29 58 0 0 2 1 2 2 0 0 0 0 0 0 0 0 1 0 0 0 0 0 0 0 0 0 0 0 0 0 0 0 0 0 0 0 0 0 0 0 0 0 0 0 0 0 0 0 0 0 0 0 0 0 0 0 0 0 0 0 0 0 0 0 0 0 0 0 0 0 0 0 0 0 0 0 0 0 0 0 0 0 0 0 0 0 0 0 0 0 0 0 
0 0 0 0 2 0 1 1 58 27 1 0 0 2 1 3 0 1 0 0 0 1 0 0 1 0 0 0 0 0 0 0 0 1 0 0 0 0 0 0 0 0 0 0 0 0 0 0 0 0 0 0 0 0 0 0 0 0 0 0 0 0 0 0 0 0 0 0 0 0 0 0 0 0 0 0 0 0 0 0 0 0 0 0 0 0 0 0 0 0 0 0 0 0 0 0 0 0 0 0 
0 0 0 1 1 0 0 0 1 0 23 63 0 1 2 0 5 1 1 0 0 0 0 0 0 0 0 0 0 0 0 0 0 0 0 1 0 0 0 0 0 0 0 0 0 0 0 0 0 0 0 0 0 0 0 0 0 0 0 0 0 0 0 0 0 0 0 0 0 0 0 0 0 0 0 0 0 0 0 0 0 0 0 0 0 0 0 0 0 0 0 0 0 0 0 0 0 0 0 0 
0 0 0 2 0 4 1 1 0 1 62 22 0 0 2 3 0 0 0 0 0 0 1 0 0 0 0 0 0 0 0 0 0 0 1 0 0 0 0 0 0 0 0 0 0 0 0 0 0 0 0 0 0 0 0 0 0 0 0 0 0 0 0 0 0 0 0 0 0 0 0 0 0 0 0 0 0 0 0 0 0 0 0 0 0 0 0 0 0 0 0 0 0 0 0 0 0 0 0 0 
0 0 0 1 0 0 0 0 0 0 1 1 62 20 0 4 0 6 1 2 0 0 0 0 0 1 0 0 0 0 0 0 0 0 0 0 1 0 0 0 0 0 0 0 0 0 0 0 0 0 0 0 0 0 0 0 0 0 0 0 0 0 0 0 0 0 0 0 0 0 0 0 0 0 0 0 0 0 0 0 0 0 0 0 0 0 0 0 0 0 0 0 0 0 0 0 0 0 0 0 
0 0 3 0 4 1 0 0 0 1 0 1 22 60 1 0 2 1 1 0 1 0 0 2 0 0 0 0 0 0 0 0 0 0 0 0 0 0 0 0 0 0 0 0 0 0 0 0 0 0 0 0 0 0 0 0 0 0 0 0 0 0 0 0 0 0 0 0 0 0 0 0 0 0 0 0 0 0 0 0 0 0 0 0 0 0 0 0 0 0 0 0 0 0 0 0 0 0 0 0 
3 0 3 0 0 0 1 0 0 1 1 1 2 2 18 59 2 1 1 2 1 0 0 0 0 0 0 0 0 0 0 0 0 1 0 0 0 1 0 0 0 0 0 0 0 0 0 0 0 0 0 0 0 0 0 0 0 0 0 0 0 0 0 0 0 0 0 0 0 0 0 0 0 0 0 0 0 0 0 0 0 0 0 0 0 0 0 0 0 0 0 0 0 0 0 0 0 0 0 0 
0 0 1 1 1 0 0 0 1 0 0 0 0 1 1 2 81 2 4 0 0 1 2 0 0 0 1 0 0 0 0 0 1 0 0 0 0 0 0 0 0 0 0 0 0 0 0 0 0 0 0 0 0 0 0 0 0 0 0 0 0 0 0 0 0 0 0 0 0 0 0 0 0 0 0 0 0 0 0 0 0 0 0 0 0 0 0 0 0 0 0 0 0 0 0 0 0 0 0 0 
0 3 0 3 0 1 0 0 0 0 1 1 2 1 62 18 1 1 3 1 0 0 0 0 1 0 0 0 0 0 0 0 0 0 0 0 0 0 0 0 0 0 0 0 1 0 0 0 0 0 0 0 0 0 0 0 0 0 0 0 0 0 0 0 0 0 0 0 0 0 0 0 0 0 0 0 0 0 0 0 0 0 0 0 0 0 0 0 0 0 0 0 0 0 0 0 0 0 0 0 
0 0 0 1 1 0 0 1 0 0 0 0 0 1 1 1 1 76 2 6 3 1 0 0 0 1 0 2 0 0 0 1 0 0 0 0 0 0 1 0 0 0 0 0 0 0 0 0 0 0 0 0 0 0 0 0 0 0 0 0 0 0 0 0 0 0 0 0 0 0 0 0 0 0 0 0 0 0 0 0 0 0 0 0 0 0 0 0 0 0 0 0 0 0 0 0 0 0 0 0 
0 4 1 1 0 0 0 0 0 1 0 0 0 1 2 1 1 5 66 4 4 3 1 1 0 1 0 0 0 0 0 0 1 0 2 0 0 0 0 0 0 0 0 0 0 0 0 0 0 0 0 0 0 0 0 0 0 0 0 0 0 0 0 0 0 0 0 0 0 0 0 0 0 0 0 0 0 0 0 0 0 0 0 0 0 0 0 0 0 0 0 0 0 0 0 0 0 0 0 0 
5 0 1 0 0 0 1 0 1 0 0 0 0 0 1 2 1 1 5 65 5 6 2 0 0 0 1 1 0 0 0 0 0 1 0 0 0 0 0 0 0 0 0 1 0 0 0 0 0 0 0 0 0 0 0 0 0 0 0 0 0 0 0 0 0 0 0 0 0 0 0 0 0 0 0 0 0 0 0 0 0 0 0 0 0 0 0 0 0 0 0 0 0 0 0 0 0 0 0 0 
0 2 1 0 0 0 0 1 0 0 0 0 0 0 0 1 0 1 2 7 73 2 0 1 1 0 2 0 1 1 0 1 0 0 0 2 0 0 0 1 0 0 0 0 0 0 0 0 0 0 0 0 0 0 0 0 0 0 0 0 0 0 0 0 0 0 0 0 0 0 0 0 0 0 0 0 0 0 0 0 0 0 0 0 0 0 0 0 0 0 0 0 0 0 0 0 0 0 0 0 
1 1 0 0 0 0 1 0 0 0 0 0 0 0 0 0 0 0 6 2 2 9 70 1 1 0 1 0 2 0 1 0 0 0 0 0 1 0 0 0 1 0 0 0 0 0 0 0 0 0 0 0 0 0 0 0 0 0 0 0 0 0 0 0 0 0 0 0 0 0 0 0 0 0 0 0 0 0 0 0 0 0 0 0 0 0 0 0 0 0 0 0 0 0 0 0 0 0 0 0 
0 0 0 0 0 0 0 0 0 0 0 0 0 0 0 0 1 0 3 1 0 69 15 1 1 1 1 1 1 1 1 0 0 1 1 0 0 0 0 0 0 0 0 0 0 1 0 0 0 0 0 0 0 0 0 0 0 0 0 0 0 0 0 0 0 0 0 0 0 0 0 0 0 0 0 0 0 0 0 0 0 0 0 0 0 0 0 0 0 0 0 0 0 0 0 0 0 0 0 0 
1 0 0 0 0 1 0 0 0 0 0 0 0 0 0 0 0 0 0 1 1 0 1 84 0 2 0 2 1 3 1 0 0 0 0 0 0 1 0 0 0 1 0 0 0 0 0 0 0 0 0 0 0 0 0 0 0 0 0 0 0 0 0 0 0 0 0 0 0 0 0 0 0 0 0 0 0 0 0 0 0 0 0 0 0 0 0 0 0 0 0 0 0 0 0 0 0 0 0 0 
0 0 0 0 0 1 0 0 0 0 0 0 0 0 0 0 0 0 1 1 1 0 0 1 61 15 5 2 3 1 1 1 1 2 0 1 1 0 0 0 0 0 1 0 0 0 0 0 0 0 0 0 0 0 0 0 0 0 0 0 0 0 0 0 0 0 0 0 0 0 0 0 0 0 0 0 0 0 0 0 0 0 0 0 0 0 0 0 0 0 0 0 0 0 0 0 0 0 0 0 
0 0 0 0 1 0 0 0 0 0 0 0 0 0 0 0 0 1 0 2 1 1 0 1 24 22 27 0 5 1 1 4 0 2 1 0 0 0 1 0 0 0 0 0 0 0 0 0 0 0 0 0 0 0 0 0 0 0 0 0 0 0 0 0 0 0 0 0 0 0 0 0 0 0 0 0 0 0 0 0 0 0 0 0 0 0 0 0 0 0 0 0 0 0 0 0 0 0 0 5 
0 0 0 1 0 0 0 0 0 0 0 0 0 0 0 0 0 0 1 0 0 0 1 1 3 7 23 28 5 12 1 1 5 0 1 0 1 0 0 2 0 0 0 0 0 0 1 0 0 0 0 0 0 0 0 0 0 0 0 0 0 0 0 1 0 0 0 0 0 0 0 0 0 0 0 0 0 0 0 0 0 0 0 0 0 0 0 0 0 0 0 0 0 0 0 0 0 0 5 0 
0 0 0 0 0 0 0 0 0 0 0 0 0 0 0 0 0 0 0 2 1 2 1 0 0 39 14 6 3 17 7 2 1 0 1 0 0 1 1 2 0 0 0 0 0 0 0 0 0 0 0 0 0 0 0 0 0 0 0 0 0 0 0 0 0 0 0 0 0 0 0 0 0 0 0 0 0 0 0 0 0 0 0 0 0 0 0 0 0 0 0 0 0 0 0 0 0 0 0 0 
0 0 0 0 1 0 0 0 0 0 0 0 0 0 0 0 0 0 0 0 1 1 1 0 2 0 5 14 21 32 7 4 2 1 0 0 0 2 0 0 1 1 0 0 0 0 0 0 1 0 0 0 0 0 0 0 0 0 0 0 0 1 0 0 0 0 0 0 0 0 0 0 0 0 0 0 0 0 0 0 0 0 0 0 0 0 0 0 0 0 0 0 0 0 0 0 2 0 0 0 
0 0 1 0 0 0 0 0 0 0 0 0 0 0 0 0 0 0 0 1 1 0 1 1 0 3 2 21 27 6 17 4 3 2 0 2 0 0 0 0 1 0 0 0 0 0 0 1 0 0 0 0 0 0 0 0 0 0 0 0 0 0 1 0 0 0 0 0 0 0 0 0 0 0 0 0 0 0 0 0 0 0 0 0 0 0 0 0 0 0 0 0 0 0 0 0 0 5 0 0 
0 0 0 1 0 0 0 0 0 0 0 0 0 0 0 0 0 0 1 1 1 0 0 2 0 1 10 8 8 3 38 13 1 0 2 1 4 1 2 0 1 0 0 0 0 0 0 0 0 0 0 0 0 0 0 0 0 0 0 0 0 0 0 0 1 0 0 0 0 0 0 0 0 0 0 0 0 0 0 0 0 0 0 0 0 0 0 0 0 0 0 0 0 0 0 0 0 0 0 0 
0 0 1 0 0 0 0 0 0 0 0 0 0 0 0 0 0 1 0 0 1 0 0 0 1 1 1 3 6 5 2 1 66 3 0 1 2 0 2 1 0 0 0 1 0 0 0 0 0 0 0 0 0 0 0 0 0 0 0 0 0 0 0 0 0 0 0 0 0 0 0 0 0 0 0 0 0 0 0 0 0 0 0 0 0 0 0 0 0 0 0 0 0 0 0 0 1 0 0 0 
0 1 0 0 0 0 0 0 0 0 0 0 0 0 0 0 0 0 0 0 0 1 0 0 0 1 1 5 7 6 7 53 5 3 1 0 0 3 1 0 1 0 1 0 0 0 0 0 0 1 0 0 0 0 0 0 0 0 0 0 1 0 0 0 0 0 0 0 0 0 0 0 0 0 0 0 0 0 0 0 0 0 0 0 0 0 0 0 0 0 0 0 0 0 0 0 1 0 0 0 
0 1 0 0 0 0 0 0 0 0 0 0 0 0 0 0 0 0 0 0 1 0 0 0 0 1 1 2 4 4 1 2 0 64 4 4 0 1 2 1 1 1 1 0 0 1 0 0 0 0 1 0 0 0 0 0 0 0 0 0 0 0 0 0 0 1 0 0 0 0 0 0 0 0 0 0 0 0 0 0 0 0 0 0 0 0 0 0 0 0 0 0 0 0 0 0 1 0 0 0 
0 0 0 0 0 0 0 0 0 0 0 0 0 0 0 0 0 0 0 0 0 2 0 0 0 0 0 0 1 3 6 1 1 2 63 3 1 2 4 1 0 3 0 0 1 1 1 0 0 0 0 1 0 0 0 0 0 0 0 0 0 0 0 0 0 0 1 0 0 0 0 0 0 0 0 0 0 0 0 0 0 0 0 0 0 0 0 0 0 0 0 0 0 0 0 2 0 0 0 0 
2 0 0 0 0 0 0 0 0 0 0 0 0 0 0 0 1 0 0 0 0 0 1 0 0 0 2 2 0 0 2 2 0 3 2 56 8 2 1 1 1 1 2 2 2 0 0 0 0 0 0 0 0 1 0 0 0 0 0 1 0 0 0 0 0 0 0 0 0 0 0 0 0 0 0 0 0 0 0 0 0 0 0 0 0 0 0 0 0 0 0 0 0 0 2 2 0 0 0 1 
0 0 0 0 0 0 0 0 0 0 0 0 0 0 0 0 0 0 0 0 0 0 1 0 0 0 2 1 1 2 3 3 0 1 7 8 55 3 0 3 1 1 0 1 3 0 0 0 0 0 0 0 2 0 0 0 0 0 0 0 0 0 0 0 0 0 0 0 0 0 0 0 0 0 0 0 0 0 0 0 0 0 0 0 0 0 0 0 0 0 0 0 0 1 0 1 0 0 0 0 
0 0 0 0 0 0 0 0 0 0 0 0 0 0 0 0 0 0 0 0 0 0 1 0 0 1 0 0 1 1 0 3 1 0 3 3 5 59 1 4 2 2 1 4 1 0 0 1 0 0 0 0 0 1 1 0 0 0 0 0 0 0 0 0 0 0 0 0 0 0 0 0 0 0 0 0 0 0 0 0 0 0 0 0 0 0 0 0 0 0 0 0 1 0 3 0 0 0 0 0 
0 0 0 0 0 0 0 0 0 0 0 0 0 0 0 1 0 0 0 0 0 0 0 1 0 2 0 1 0 0 1 0 6 1 0 5 3 4 55 8 1 0 2 3 1 1 1 0 1 0 0 1 0 0 0 0 0 0 1 0 0 0 0 0 0 0 0 0 0 0 0 0 0 0 0 0 0 0 0 0 0 0 0 0 0 0 0 0 0 0 0 0 0 0 0 0 0 0 0 0 
0 0 0 0 0 0 0 0 0 0 0 0 0 0 0 0 0 0 0 0 0 0 0 2 1 0 0 0 2 0 0 1 2 6 1 2 3 2 8 53 3 1 3 1 0 1 0 0 0 1 1 0 1 0 1 2 0 0 0 0 0 0 0 0 0 0 0 1 0 0 0 0 0 0 0 0 0 0 0 0 0 0 0 0 0 0 0 0 0 0 0 0 0 1 0 0 0 0 0 0 
0 0 0 0 0 0 0 0 0 0 0 0 0 0 0 0 0 0 0 0 0 0 0 0 1 0 0 0 0 1 0 0 1 0 2 0 2 2 2 2 61 3 5 2 2 4 1 0 1 0 1 1 0 1 0 1 0 1 0 0 0 0 0 0 0 0 0 0 0 0 0 0 0 0 0 0 0 0 0 0 0 0 0 0 0 0 0 0 0 0 0 0 1 2 0 0 0 0 0 0 
0 0 0 0 0 0 0 0 0 0 0 0 0 0 0 0 0 0 0 0 0 0 0 0 1 0 0 0 0 0 0 0 0 2 3 2 0 3 2 2 5 14 56 0 0 0 0 1 0 1 1 0 0 0 0 0 4 0 0 0 0 0 0 0 0 0 0 0 0 0 0 0 0 0 0 0 0 0 0 0 0 0 0 0 0 0 0 0 0 0 0 2 0 1 0 0 0 0 0 0 
0 0 0 0 0 0 0 0 0 0 0 0 0 0 0 0 0 0 0 0 0 0 0 0 0 0 0 0 0 0 1 0 0 1 1 2 2 2 2 4 1 2 1 66 0 3 2 1 1 0 1 2 0 0 1 0 0 1 0 0 0 0 0 1 0 0 0 0 0 0 0 0 0 0 0 0 0 0 0 0 0 0 0 0 0 0 0 0 0 0 1 0 0 0 0 0 0 0 1 0 
0 0 0 0 0 0 0 0 0 0 0 0 0 0 1 0 0 0 0 0 0 0 0 0 0 0 0 0 0 0 1 0 0 2 2 2 2 0 1 1 2 56 12 2 4 1 3 2 0 1 0 0 1 0 1 0 0 0 0 0 0 0 0 0 0 0 0 0 1 0 0 0 0 0 0 0 0 0 0 0 0 0 0 0 0 0 0 0 0 0 0 0 2 0 0 0 0 0 0 0 
0 0 0 0 0 0 0 0 0 0 0 0 0 0 0 0 0 0 0 0 0 0 0 0 0 0 0 0 0 0 0 1 1 0 0 0 0 1 2 3 1 0 0 2 2 40 8 2 18 2 1 1 2 1 0 0 0 1 0 2 0 1 0 0 1 0 0 0 0 0 0 0 0 0 0 0 0 0 0 0 0 0 0 0 0 1 0 0 1 2 0 0 1 0 0 0 0 1 0 1 
0 0 0 0 0 0 0 0 0 0 0 0 0 0 0 0 0 0 0 0 0 0 0 0 0 0 0 0 0 0 0 1 0 0 0 1 0 1 5 1 2 2 1 0 46 5 5 13 1 4 2 0 1 0 0 1 0 0 1 0 0 0 0 0 1 1 0 0 0 0 0 0 0 0 0 0 0 0 0 0 0 0 0 0 1 0 0 0 0 1 2 0 0 0 0 0 0 0 1 0 
0 0 0 0 0 0 0 0 0 0 0 0 0 1 0 0 0 0 0 0 0 0 0 0 0 0 0 0 0 0 0 0 0 0 0 2 3 1 0 1 3 1 1 2 21 6 5 35 4 2 1 2 1 0 0 0 0 2 0 1 1 0 1 0 0 0 0 0 0 1 0 0 0 0 0 0 0 0 0 0 0 0 0 0 0 0 0 1 0 0 0 1 0 0 0 0 0 0 0 0 
0 0 0 0 0 0 0 0 0 0 0 0 0 0 0 0 0 0 0 0 0 0 0 0 0 0 0 0 0 0 0 0 0 0 0 0 2 1 0 0 3 1 1 0 1 13 6 7 45 0 3 3 2 3 0 2 1 0 1 0 0 2 0 0 0 0 0 1 0 0 0 0 0 0 0 0 0 0 0 0 0 0 0 0 0 0 1 0 0 0 0 1 0 0 0 0 0 0 0 0 
0 0 0 0 0 0 0 0 0 0 0 0 0 0 0 0 0 0 0 0 0 0 0 0 0 0 0 0 0 0 0 0 0 0 1 0 2 2 0 2 2 2 1 1 2 6 42 12 5 4 1 2 1 2 1 0 1 1 1 0 2 0 0 0 0 0 1 0 0 0 0 0 0 0 0 0 0 0 0 0 0 0 0 0 0 0 0 0 2 0 0 0 0 0 0 0 0 1 0 0 
0 0 0 0 0 0 0 0 0 0 0 1 0 0 0 0 0 0 0 0 0 0 0 0 0 0 0 0 0 0 0 0 0 0 0 0 1 1 2 1 0 1 0 2 0 2 6 4 3 12 43 2 2 2 2 2 2 1 1 1 1 1 1 1 0 0 0 0 0 0 0 0 0 0 0 0 0 0 0 0 0 0 0 0 0 0 1 0 0 0 0 0 0 0 0 0 1 0 0 0 
0 0 0 0 0 0 0 0 0 0 0 0 1 0 0 0 0 0 0 0 0 0 0 0 0 0 0 0 0 0 0 0 0 0 0 1 0 2 1 1 0 1 3 1 1 3 3 3 0 50 16 0 2 2 3 1 0 0 0 0 0 0 1 0 0 0 0 0 0 0 1 0 0 0 0 0 0 0 0 0 0 0 0 0 0 0 0 1 0 0 0 1 0 0 0 1 0 0 0 0 
0 0 0 0 0 0 0 0 0 0 1 0 0 0 0 0 0 0 0 0 0 0 0 0 0 0 0 0 0 0 0 0 0 1 0 0 0 1 2 1 1 0 1 0 1 0 3 2 2 1 2 40 16 4 3 3 3 2 3 3 0 1 1 0 0 0 0 0 0 0 0 0 0 0 0 0 0 0 0 0 0 0 0 0 0 0 0 1 0 0 0 0 0 1 0 0 0 0 0 0 
0 0 0 0 0 0 0 0 0 0 0 0 0 0 0 0 0 0 0 0 0 0 0 0 0 0 0 0 0 0 0 0 0 0 1 0 0 0 0 1 0 1 0 0 0 1 0 2 2 3 3 4 3 17 33 6 0 6 3 1 1 2 1 1 1 0 0 0 1 0 1 0 0 0 0 0 0 0 0 0 0 0 0 1 0 0 1 0 0 0 2 0 0 0 0 1 0 0 0 0 
0 0 0 0 0 0 0 0 0 1 0 0 0 0 0 0 0 0 0 0 0 0 0 0 0 0 0 0 0 0 0 0 1 0 0 0 0 0 0 0 0 0 0 1 1 0 1 1 4 3 6 20 19 22 4 0 2 1 2 0 2 1 1 0 0 0 0 0 0 0 0 1 0 0 0 0 0 0 0 0 0 0 0 1 0 1 1 1 0 0 0 0 0 0 1 0 1 0 0 0 
0 0 0 0 0 0 0 0 0 0 0 0 0 0 0 0 0 0 0 0 0 0 0 0 0 0 0 0 0 0 0 0 0 0 0 0 0 0 0 0 2 0 1 1 3 2 1 3 1 2 2 2 23 17 5 21 4 0 0 1 1 0 1 2 1 0 0 0 0 0 0 1 1 0 0 0 0 0 0 0 0 0 1 0 1 0 0 0 0 0 0 0 0 0 0 0 0 0 0 0 
0 0 0 0 0 0 0 0 1 0 0 0 0 0 0 0 0 0 0 0 0 0 0 0 0 0 0 0 0 0 0 0 0 0 0 1 0 0 1 0 0 0 0 0 0 1 2 1 2 2 2 2 5 3 19 35 2 2 2 4 1 2 1 1 0 1 0 1 0 0 0 0 0 1 0 0 0 0 0 0 0 0 0 0 0 2 0 0 1 0 0 0 1 0 1 0 0 0 0 0 
0 0 0 0 0 0 0 0 0 0 0 0 0 0 0 0 0 0 0 0 0 0 0 0 0 0 0 0 0 0 0 0 0 0 0 0 1 0 0 1 0 2 0 1 1 1 0 0 0 1 2 0 2 4 6 4 54 5 2 3 0 0 1 2 2 0 1 0 0 1 0 0 0 0 0 0 0 0 0 0 0 1 0 0 0 0 0 0 0 1 0 1 0 0 0 0 0 0 0 0 
0 0 0 0 0 0 0 1 0 0 0 0 0 0 0 0 0 0 0 0 0 0 0 0 0 0 0 0 0 0 0 0 0 0 0 0 0 0 0 1 1 0 0 0 0 1 0 1 1 0 0 4 4 4 1 2 5 54 2 1 3 3 0 1 2 2 1 0 0 0 1 0 0 0 0 0 0 0 0 0 0 0 0 0 2 0 0 0 1 0 0 0 0 1 0 0 0 0 0 0 
0 0 0 0 0 0 0 0 0 0 0 0 0 0 0 0 0 0 0 0 0 0 0 0 0 0 0 0 0 0 0 0 0 0 0 0 0 1 0 0 1 1 1 0 0 0 2 0 0 1 1 2 0 2 1 3 2 7 4 51 3 1 1 4 2 2 1 1 1 0 0 0 1 0 1 0 0 0 0 0 0 0 0 1 0 0 0 1 0 0 0 0 0 0 0 0 0 0 0 0 
0 0 0 0 0 0 1 0 0 0 0 0 0 0 0 0 0 0 0 0 0 0 0 0 0 0 0 0 0 0 0 0 0 0 0 0 0 0 1 0 0 1 1 2 0 0 1 1 0 0 0 0 3 1 3 1 2 2 6 2 54 0 1 2 5 6 1 0 0 1 1 0 0 0 0 0 0 0 0 0 0 0 0 0 0 0 0 0 0 1 0 0 0 0 0 0 0 0 0 0 
0 0 0 0 0 0 0 0 0 0 0 0 0 0 0 0 0 0 0 0 0 0 0 0 0 0 0 0 0 0 0 0 0 0 0 0 0 0 0 0 0 0 2 0 0 0 1 0 0 2 1 1 0 2 3 2 4 0 52 3 3 0 5 2 2 3 3 1 0 1 0 1 1 0 0 0 0 0 0 0 0 0 1 1 0 0 0 0 0 1 1 0 1 0 0 0 0 0 0 0 
0 0 0 0 0 1 0 0 0 0 0 0 0 0 0 0 0 0 0 0 0 0 0 0 0 0 0 0 0 0 0 0 0 0 0 0 0 0 0 0 0 0 0 0 2 0 0 0 0 1 2 0 0 0 2 2 1 1 2 5 0 23 35 3 5 2 5 2 1 1 1 0 1 0 0 0 0 0 0 0 1 1 0 0 0 0 0 0 0 0 0 0 0 0 0 0 0 0 0 0 
0 0 0 0 0 0 0 0 0 0 0 0 0 0 0 0 0 0 0 0 0 0 0 0 0 0 0 0 0 0 0 0 0 0 0 0 0 0 0 0 0 0 1 1 0 2 0 0 1 0 1 2 0 1 0 1 1 1 5 4 2 31 1 18 3 4 7 3 3 1 0 1 1 1 1 0 0 0 0 0 0 0 1 0 0 0 0 0 1 0 0 0 0 0 0 0 0 0 0 0 
0 0 0 0 1 0 0 0 0 0 0 0 0 0 0 0 0 0 0 0 0 0 0 0 0 0 0 0 0 0 0 0 0 0 0 0 0 0 0 0 0 0 1 1 0 1 0 1 0 0 0 0 0 1 1 0 1 1 0 1 2 8 22 34 3 6 1 4 1 0 0 1 0 2 0 1 0 0 0 0 1 0 1 0 0 0 1 1 0 0 0 1 0 0 0 0 0 0 0 0 
0 0 0 0 0 0 0 0 0 0 0 0 0 0 0 0 0 0 0 0 0 0 0 0 0 0 0 0 0 0 0 0 0 0 0 0 0 0 0 1 0 0 0 0 0 0 1 1 1 0 2 0 0 0 0 2 0 1 1 2 6 2 2 4 14 26 15 1 4 2 2 4 0 1 0 0 1 0 0 2 0 1 0 0 0 1 0 0 0 0 0 0 0 0 0 0 0 0 0 0 
0 0 0 1 0 0 0 0 0 0 0 0 0 0 0 0 0 0 0 0 0 0 0 0 0 0 0 0 0 0 0 0 0 0 0 0 0 0 0 0 0 1 0 0 1 0 0 1 0 1 0 0 1 0 0 1 2 0 2 3 2 3 5 4 25 19 10 0 3 5 2 0 1 2 0 0 0 2 0 0 1 0 0 0 0 1 1 0 0 0 0 0 0 0 0 0 0 0 0 0 
0 0 0 0 0 0 0 0 0 0 0 0 0 0 0 0 0 0 0 0 0 0 0 0 0 0 0 0 0 0 0 0 0 0 0 0 0 0 0 0 0 0 0 1 0 0 0 0 1 0 0 2 1 0 0 1 1 2 0 1 3 1 3 2 13 4 5 43 3 2 1 1 0 1 2 1 1 2 1 1 0 0 0 0 0 0 0 0 0 0 0 0 0 0 0 0 0 0 0 0 
0 0 0 0 0 0 0 0 0 0 0 0 0 0 0 0 0 0 0 0 0 0 0 0 0 0 0 0 0 0 0 0 0 0 0 0 0 0 0 0 1 0 0 1 0 0 1 0 1 0 0 1 2 0 0 0 1 0 1 2 2 4 1 3 4 6 25 18 2 5 6 2 4 1 1 0 0 1 1 0 0 0 0 0 2 0 0 0 0 0 1 0 0 0 0 0 0 0 0 0 
0 0 1 0 0 0 0 0 0 0 0 0 0 0 0 0 0 0 0 0 0 0 0 0 0 0 0 0 0 0 0 0 0 0 0 0 0 0 0 0 0 0 0 0 0 0 0 1 0 1 0 1 1 1 0 0 0 0 1 0 0 1 3 3 2 0 4 1 49 11 3 1 5 2 2 2 1 0 2 0 0 0 0 1 0 0 0 0 0 0 0 0 0 0 0 0 0 0 0 0 
0 1 0 0 0 0 0 0 0 0 0 0 0 0 0 0 0 0 0 0 0 0 0 0 0 0 0 0 0 0 0 0 0 0 0 0 0 0 0 0 0 0 0 0 2 0 0 0 0 0 0 1 1 1 1 0 0 2 0 1 2 1 0 1 2 1 5 6 9 47 6 0 1 3 1 1 0 2 1 0 0 1 0 0 0 0 0 0 0 0 0 0 0 0 0 0 0 0 0 0 
1 0 0 0 0 0 0 0 0 0 0 0 0 0 0 0 0 0 0 0 0 0 0 0 0 0 0 0 0 0 0 0 0 0 0 0 0 0 0 0 0 0 0 0 1 0 0 0 1 1 0 0 0 1 2 0 1 0 0 0 1 3 0 1 0 2 2 3 2 4 46 7 1 3 9 0 2 1 3 2 0 0 0 0 0 0 0 0 0 0 0 0 0 0 0 0 0 0 0 0 
0 0 0 0 0 0 0 0 0 0 0 0 0 0 0 0 0 0 0 0 0 0 0 0 0 0 0 0 0 0 0 0 0 0 0 0 0 0 0 0 0 0 0 0 0 1 0 0 0 0 1 1 0 1 1 2 0 0 1 0 0 0 0 1 1 1 1 3 1 1 1 31 9 1 8 19 3 0 3 3 2 0 1 1 0 0 0 0 0 0 0 0 0 0 0 0 0 0 0 1 
0 0 0 0 0 0 0 0 0 0 0 0 0 0 0 0 0 0 0 0 0 0 0 0 0 0 0 0 0 0 0 0 0 0 0 0 0 0 0 0 0 0 0 0 0 0 0 0 1 1 0 0 1 0 0 0 1 0 0 0 0 1 3 0 0 3 0 0 6 1 10 22 6 27 4 2 2 2 0 1 1 0 0 1 0 2 0 0 0 0 0 0 0 0 0 0 0 1 0 1 
0 0 0 0 0 0 0 0 0 0 0 0 0 0 0 0 0 0 0 0 0 0 0 0 0 0 0 0 0 0 0 0 0 0 0 0 0 0 0 0 0 0 0 0 0 0 0 1 0 0 0 0 0 1 0 0 0 1 0 0 0 0 0 1 1 1 0 0 3 4 3 8 19 8 34 4 5 1 1 0 0 0 1 0 1 0 0 0 0 1 0 0 0 0 0 0 0 0 1 0 
0 0 0 0 0 0 0 0 0 0 0 0 0 0 0 0 0 0 0 0 0 0 0 0 0 0 0 0 0 0 0 0 0 0 0 0 0 0 0 0 0 0 0 0 0 2 1 0 0 0 1 0 0 0 1 1 1 0 0 0 0 0 1 1 1 2 1 1 3 1 3 5 27 12 12 7 5 3 2 2 0 0 0 1 1 0 0 0 0 0 0 0 0 0 0 0 0 1 1 0 
0 0 0 0 0 0 0 0 0 0 0 0 0 0 0 0 0 0 0 0 0 0 0 0 0 0 0 0 0 0 0 0 0 0 0 0 0 0 0 0 0 0 0 0 0 0 0 1 0 0 0 0 1 0 1 0 1 0 1 0 0 0 0 0 0 0 1 0 0 2 1 3 5 3 2 4 51 9 0 5 5 1 0 0 1 0 1 1 0 0 0 0 0 0 0 0 0 0 0 0 
0 0 0 0 0 0 0 0 0 0 0 0 0 0 0 0 0 0 0 0 0 0 0 0 0 0 0 0 0 0 0 0 0 0 0 0 0 0 0 0 0 0 0 0 0 0 1 1 0 0 0 0 0 1 0 1 0 0 0 0 0 0 0 0 1 0 1 2 0 1 5 3 7 11 2 42 9 1 4 0 2 1 1 1 0 0 1 0 1 0 0 0 0 0 0 0 0 0 0 0 
0 0 0 0 0 0 0 0 0 0 0 0 0 0 0 0 0 0 0 0 0 0 0 0 0 0 0 0 0 0 0 0 0 0 0 0 0 0 0 0 0 0 0 0 0 0 1 0 1 0 0 0 0 0 0 0 0 1 0 1 0 0 0 0 0 0 1 1 0 1 0 2 1 6 5 1 4 62 1 2 2 2 2 0 0 0 1 0 0 0 0 0 0 0 0 0 2 0 0 0 
0 0 0 0 0 0 0 0 0 0 0 0 0 0 0 0 0 0 0 0 0 0 0 0 0 0 0 0 0 0 0 0 0 0 0 0 0 0 0 0 0 0 0 0 0 0 0 0 1 0 0 0 0 1 0 0 0 0 0 0 0 0 0 0 1 0 0 0 1 0 0 1 0 1 3 2 4 1 8 11 58 3 1 0 1 0 0 1 1 0 0 0 0 0 0 0 0 0 0 0 
0 0 0 0 0 0 0 0 0 0 0 0 0 0 0 0 0 0 0 0 0 0 0 0 0 0 0 0 0 0 0 0 0 0 0 0 0 0 0 0 0 0 0 0 0 0 0 0 0 1 0 0 0 0 0 0 0 0 1 0 0 0 0 0 0 0 0 0 0 0 1 0 1 3 5 5 2 0 62 9 2 4 1 0 0 1 0 1 0 0 0 0 0 0 0 1 0 0 0 0 
0 0 0 0 0 0 0 0 0 0 0 0 0 0 0 0 0 0 0 0 0 0 0 0 0 0 0 0 0 0 0 0 0 0 0 0 0 0 0 0 0 0 0 0 0 0 0 0 0 0 1 0 0 0 1 0 0 0 0 1 0 0 0 0 0 1 0 0 0 1 0 0 2 4 1 2 1 2 2 56 20 1 1 1 0 1 0 0 0 0 0 0 0 0 1 0 0 0 0 0 
0 0 0 0 0 0 0 0 0 0 0 0 0 0 0 0 0 0 0 0 0 0 0 0 0 0 0 0 0 0 0 0 0 0 0 0 0 0 0 0 0 0 0 0 0 0 0 0 0 1 0 0 0 0 0 0 0 0 0 0 1 0 1 0 0 0 1 0 0 1 0 0 1 3 2 2 1 2 1 0 1 79 2 0 0 0 0 0 0 0 0 0 0 0 0 1 0 0 0 0 
0 0 0 0 0 0 0 0 0 0 0 0 0 0 0 0 0 0 0 0 0 0 0 0 0 0 0 0 0 0 0 0 0 0 0 0 0 0 0 0 0 0 0 0 0 0 0 0 0 0 1 0 1 0 0 0 0 0 1 1 0 0 0 0 0 0 0 0 0 0 0 1 0 0 1 1 1 1 1 1 0 0 0 86 1 1 0 0 0 0 0 0 0 0 1 0 0 0 0 0 
0 0 0 0 0 0 0 0 0 0 0 0 0 0 0 0 0 0 0 0 0 0 0 0 0 0 0 0 0 0 0 0 0 0 0 0 0 0 0 0 0 0 0 0 0 0 0 0 0 0 0 1 0 0 0 0 0 1 0 0 1 1 0 0 0 0 0 2 0 0 0 0 1 0 0 0 2 2 1 0 0 2 82 0 0 1 1 0 1 0 0 0 0 1 0 0 0 0 0 0 
0 0 0 0 0 0 0 0 0 0 0 0 0 0 0 0 0 0 0 0 0 0 0 0 0 0 0 0 0 0 0 0 0 0 0 0 0 0 0 0 0 0 0 0 0 0 0 0 0 0 0 0 0 0 0 1 0 0 0 1 0 1 0 0 0 0 1 0 2 0 0 0 0 0 0 1 1 1 1 0 0 0 0 0 5 80 1 1 0 1 0 0 1 0 0 0 0 0 0 1 
0 0 0 0 0 0 0 0 0 0 0 0 0 0 0 0 0 0 0 0 0 0 0 0 0 0 0 0 0 0 0 0 0 0 0 0 0 0 0 0 0 0 0 0 0 0 0 0 0 0 0 1 0 1 0 0 0 0 0 0 1 0 1 0 0 0 0 0 0 1 1 0 0 0 1 0 1 1 0 2 0 0 1 0 81 5 0 0 0 1 0 1 0 0 0 0 0 0 0 0 
0 0 0 0 0 0 0 0 0 0 0 0 0 0 0 0 0 0 0 0 0 0 0 0 0 0 0 0 0 0 0 0 0 0 0 0 0 0 0 0 0 0 0 0 0 0 0 0 0 0 0 0 0 0 1 0 1 0 0 0 0 1 0 1 0 1 0 0 0 0 1 0 0 1 0 0 0 1 1 0 2 0 0 0 1 1 85 0 1 0 1 0 0 0 0 0 0 0 0 0 
0 0 0 0 0 0 0 0 0 0 0 0 0 0 0 0 0 0 0 0 0 0 0 0 0 0 0 0 0 0 0 0 0 0 0 0 0 0 0 0 0 0 0 0 0 0 0 0 0 0 0 0 0 0 0 1 0 1 0 0 1 0 0 0 1 0 0 0 0 0 0 1 0 0 1 1 1 1 0 0 0 1 0 0 0 0 1 86 1 0 1 0 0 0 0 0 0 0 1 0 
0 0 0 0 0 0 0 0 0 0 0 0 0 0 0 0 0 0 0 0 0 0 0 0 0 0 0 0 0 0 0 0 0 0 0 0 0 0 0 0 0 0 0 0 0 0 0 0 0 0 0 0 0 0 0 0 1 0 0 0 0 0 1 1 1 0 0 0 0 1 0 0 1 0 0 0 0 0 1 1 0 0 0 2 0 0 1 1 81 6 0 0 0 1 0 0 0 0 0 0 
0 0 0 0 0 0 0 0 0 0 0 0 0 0 0 0 0 0 0 0 0 0 0 0 0 0 0 0 0 0 0 0 0 0 0 0 0 0 0 0 0 0 0 0 0 0 0 0 0 0 0 0 0 0 0 0 0 0 1 0 0 2 0 1 0 0 0 1 0 0 0 0 0 0 1 0 1 0 1 0 0 0 1 0 0 0 0 0 0 0 89 0 1 0 0 0 1 0 0 0 
0 0 0 0 0 0 0 0 0 0 0 0 0 0 0 0 0 0 0 0 0 0 0 0 0 0 0 0 0 0 0 0 0 0 0 0 0 0 0 0 0 0 0 0 0 0 0 0 0 0 0 0 0 0 0 0 0 1 0 0 0 0 1 0 0 0 0 0 1 0 0 1 1 1 0 1 0 0 1 0 0 0 1 0 0 0 0 0 6 83 0 1 0 0 0 0 0 1 0 0 
0 0 0 0 0 0 0 0 0 0 0 0 0 0 0 0 0 0 0 0 0 0 0 0 0 0 0 0 0 0 0 0 0 0 0 0 0 0 0 0 0 0 0 0 0 0 0 0 0 0 0 0 1 0 0 0 0 0 0 1 0 0 0 0 0 1 1 0 0 0 1 0 1 1 0 0 0 1 0 0 0 0 0 0 0 0 0 2 0 0 0 88 1 0 0 0 0 0 0 1 
0 0 0 0 0 0 0 0 0 0 0 0 0 0 0 0 0 0 0 0 0 0 0 0 0 0 0 0 0 0 0 0 0 0 0 0 0 0 0 0 0 0 0 0 0 0 0 0 0 0 0 0 0 0 0 0 0 1 0 0 0 0 0 1 1 0 0 0 1 0 0 2 0 0 0 1 0 0 0 0 0 0 0 0 1 1 0 0 0 1 0 0 0 1 3 82 0 1 0 3 
0 0 0 0 0 0 0 0 0 0 0 0 0 0 0 0 0 0 0 0 0 0 0 0 0 0 0 0 0 0 0 0 0 0 0 0 0 0 0 0 0 0 0 0 0 0 0 0 0 0 0 0 0 0 0 0 0 0 0 0 1 0 0 0 1 1 0 1 0 1 0 0 0 1 0 0 0 0 0 1 0 1 0 0 0 0 0 0 0 0 1 2 86 1 0 1 0 0 0 1 
0 0 0 0 0 0 0 0 0 0 0 0 0 0 0 0 0 0 0 0 0 0 0 0 0 0 0 0 0 0 0 0 0 0 0 0 0 0 0 0 0 0 0 0 0 0 0 0 0 0 0 0 0 0 0 0 0 0 1 1 0 0 1 0 0 1 1 0 0 0 0 0 1 0 1 0 0 0 0 0 0 0 0 1 0 0 1 0 1 0 0 0 2 87 0 0 0 0 1 0 
0 0 0 0 0 0 0 0 0 0 0 0 0 0 0 0 0 0 0 0 0 0 0 0 0 0 0 0 0 0 0 0 0 0 0 0 0 0 0 0 0 0 0 0 0 0 0 0 0 0 0 0 0 0 0 0 0 0 1 0 0 0 0 1 1 1 2 0 0 0 0 0 0 0 0 0 0 0 0 0 2 0 0 0 0 0 0 0 0 1 0 0 1 0 86 3 0 0 1 0 
0 0 0 0 0 0 0 0 0 0 0 0 0 0 0 0 0 0 0 0 0 0 0 0 0 0 0 0 0 0 0 0 0 0 0 0 0 0 0 0 0 0 0 0 0 0 0 0 0 0 0 0 0 1 0 0 0 0 0 1 0 0 0 1 0 0 0 2 0 0 1 0 0 0 0 0 0 0 0 1 0 0 0 0 1 0 0 0 1 0 1 0 0 0 1 0 85 1 3 0 
0 0 0 0 0 0 0 0 0 0 0 0 0 0 0 0 0 0 0 0 0 0 0 0 0 0 0 0 0 0 0 0 0 0 0 0 0 0 0 0 0 0 0 0 0 0 0 0 0 0 0 0 0 0 0 0 1 0 0 0 1 0 1 0 1 0 0 1 0 0 1 0 0 0 0 0 1 0 0 0 0 1 0 0 0 1 0 0 0 0 0 0 0 2 0 3 1 84 0 1 
0 0 0 0 0 0 0 0 0 0 0 0 0 0 0 0 0 0 0 0 0 0 0 0 0 0 0 0 0 0 0 0 0 0 0 0 0 0 0 0 0 0 0 0 0 0 0 0 0 0 0 0 0 0 0 1 0 0 0 0 1 0 1 0 0 0 1 0 1 1 0 0 0 0 0 0 0 0 1 0 0 0 0 1 0 0 0 1 0 0 0 1 0 0 0 1 1 4 0 84 
0 0 0 0 0 0 0 0 0 0 0 0 0 0 0 0 0 0 0 0 0 0 0 0 0 0 0 0 0 0 0 0 0 0 0 0 0 0 0 0 0 0 0 0 0 0 0 0 0 0 0 0 0 0 1 0 0 0 0 0 0 2 0 0 0 1 0 0 1 1 0 0 0 0 0 0 0 1 0 0 0 0 1 0 0 0 1 0 0 0 0 0 1 0 1 1 3 0 85 0 

Pair-order violations matrix
0 7 7 7 4 7 8 5 10 4 4 9 2 10 9 5 8 3 8 8 4 3 0 2 1 2 1 1 1 1 2 2 1 1 0 3 0 0 1 0 0 0 0 1 0 0 1 0 0 1 1 1 0 1 0 1 0 1 0 1 0 1 0 1 0 1 0 0 1 1 1 0 0 0 0 0 0 0 0 0 0 0 0 0 0 0 0 0 0 0 0 0 0 0 0 0 0 0 0 0 
7 0 7 7 4 7 8 5 10 4 4 9 2 10 9 5 8 3 8 8 4 3 0 2 1 2 1 1 1 1 2 2 1 1 0 3 0 0 1 0 0 0 0 1 0 0 1 0 0 1 1 1 0 1 0 1 0 1 0 1 0 1 0 1 0 1 0 0 1 1 1 0 0 0 0 0 0 0 0 0 0 0 0 0 0 0 0 0 0 0 0 0 0 0 0 0 0 0 0 0 
7 7 0 7 4 7 8 5 10 4 4 9 2 10 9 5 8 3 8 8 4 3 0 2 1 2 1 1 1 1 2 2 1 1 0 3 0 0 1 0 0 0 0 1 0 0 1 0 0 1 1 1 0 1 0 1 0 1 0 1 0 1 0 1 0 1 0 0 1 1 1 0 0 0 0 0 0 0 0 0 0 0 0 0 0 0 0 0 0 0 0 0 0 0 0 0 0 0 0 0 
7 7 7 0 5 7 8 5 10 4 4 9 2 10 9 5 8 3 8 8 4 3 0 2 1 2 1 1 1 1 2 2 1 1 0 3 0 0 1 0 0 0 0 1 0 0 1 0 0 1 1 1 0 1 0 1 0 1 0 1 0 1 0 1 0 1 0 0 1 1 1 0 0 0 0 0 0 0 0 0 0 0 0 0 0 0 0 0 0 0 0 0 0 0 0 0 0 0 0 0 
4 4 4 5 0 7 8 5 10 4 4 9 2 10 9 5 8 3 8 8 4 3 0 2 1 2 1 1 1 1 2 2 1 1 0 3 0 0 1 0 0 0 0 1 0 0 1 0 0 1 1 1 0 1 0 1 0 1 0 1 0 1 0 1 0 1 0 0 1 1 1 0 0 0 0 0 0 0 0 0 0 0 0 0 0 0 0 0 0 0 0 0 0 0 0 0 0 0 0 0 
7 7 7 7 7 0 7 5 10 4 4 9 2 10 9 5 8 3 8 8 4 3 0 2 1 2 1 1 1 1 2 2 1 1 0 3 0 0 1 0 0 0 0 1 0 0 1 0 0 1 1 1 0 1 0 1 0 1 0 1 0 1 0 1 0 1 0 0 1 1 1 0 0 0 0 0 0 0 0 0 0 0 0 0 0 0 0 0 0 0 0 0 0 0 0 0 0 0 0 0 
8 8 8 8 8 7 0 5 10 4 4 9 2 10 9 5 8 3 8 8 4 3 0 2 1 2 1 1 1 1 2 2 1 1 0 3 0 0 1 0 0 0 0 1 0 0 1 0 0 1 1 1 0 1 0 1 0 1 0 1 0 1 0 1 0 1 0 0 1 1 1 0 0 0 0 0 0 0 0 0 0 0 0 0 0 0 0 0 0 0 0 0 0 0 0 0 0 0 0 0 
5 5 5 5 5 5 5 0 10 4 4 9 2 10 9 5 8 3 8 8 4 3 0 2 1 2 1 1 1 1 2 2 1 1 0 3 0 0 1 0 0 0 0 1 0 0 1 0 0 1 1 1 0 1 0 1 0 1 0 1 0 1 0 1 0 1 0 0 1 1 1 0 0 0 0 0 0 0 0 0 0 0 0 0 0 0 0 0 0 0 0 0 0 0 0 0 0 0 0 0 
10 10 10 10 10 10 10 10 0 63 5 9 3 11 10 5 9 3 8 8 4 3 0 2 1 2 1 1 1 1 2 2 1 1 0 3 0 0 1 0 0 0 0 1 0 0 1 0 0 1 1 1 0 1 0 1 0 1 0 1 0 1 0 1 0 1 0 0 1 1 1 0 0 0 0 0 0 0 0 0 0 0 0 0 0 0 0 0 0 0 0 0 0 0 0 0 0 0 0 0 
4 4 4 4 4 4 4 4 63 0 5 10 3 11 10 5 9 3 8 8 4 3 0 2 1 2 1 1 1 1 2 2 1 1 0 3 0 0 1 0 0 0 0 1 0 0 1 0 0 1 1 1 0 1 0 1 0 1 0 1 0 1 0 1 0 1 0 0 1 1 1 0 0 0 0 0 0 0 0 0 0 0 0 0 0 0 0 0 0 0 0 0 0 0 0 0 0 0 0 0 
4 4 4 4 4 4 4 4 5 5 0 72 3 11 10 5 9 3 9 8 4 3 0 2 1 2 1 1 1 1 2 2 1 1 0 3 0 0 1 0 0 0 0 1 0 0 1 0 0 1 1 1 0 1 0 1 0 1 0 1 0 1 0 1 0 1 0 0 1 1 1 0 0 0 0 0 0 0 0 0 0 0 0 0 0 0 0 0 0 0 0 0 0 0 0 0 0 0 0 0 
9 9 9 9 9 9 9 9 9 10 72 0 4 12 11 5 10 3 8 8 4 3 0 2 1 2 1 1 1 1 2 2 1 1 0 3 0 0 1 0 0 0 0 1 0 0 1 0 0 1 1 1 0 1 0 1 0 1 0 1 0 1 0 1 0 1 0 0 1 1 1 0 0 0 0 0 0 0 0 0 0 0 0 0 0 0 0 0 0 0 0 0 0 0 0 0 0 0 0 0 
2 2 2 2 2 2 2 2 3 3 3 4 0 35 13 8 12 5 11 10 5 3 0 2 1 2 1 1 1 1 2 2 1 1 0 3 0 0 1 0 0 0 0 1 0 0 1 0 0 1 1 1 0 1 0 1 0 1 0 1 0 1 0 1 0 1 0 0 1 1 1 0 0 0 0 0 0 0 0 0 0 0 0 0 0 0 0 0 0 0 0 0 0 0 0 0 0 0 0 0 
10 10 10 10 10 10 10 10 11 11 11 12 35 0 13 7 12 5 10 9 5 3 0 2 1 2 1 1 1 1 2 2 1 1 0 3 0 0 1 0 0 0 0 1 0 0 1 0 0 1 1 1 0 1 0 1 0 1 0 1 0 1 0 1 0 1 0 0 1 1 1 0 0 0 0 0 0 0 0 0 0 0 0 0 0 0 0 0 0 0 0 0 0 0 0 0 0 0 0 0 
9 9 9 9 9 9 9 9 10 10 10 11 13 13 0 11 69 6 10 11 4 4 1 3 1 3 2 2 1 2 2 2 2 2 1 4 1 0 2 1 0 1 0 1 0 0 1 0 0 1 1 1 0 1 0 1 0 1 0 1 0 1 0 1 0 1 0 0 1 1 1 0 0 0 0 0 0 0 0 0 0 0 0 0 0 0 0 0 0 0 0 0 0 0 0 0 0 0 0 0 
5 5 5 5 5 5 5 5 5 5 5 5 8 7 11 0 93 7 12 12 6 4 2 3 2 3 2 3 1 2 2 2 2 2 1 4 1 0 2 1 0 1 0 1 0 0 1 0 0 1 1 1 0 1 0 1 0 1 0 1 0 1 0 1 0 1 0 0 1 1 1 0 0 0 0 0 0 0 0 0 0 0 0 0 0 0 0 0 0 0 0 0 0 0 0 0 0 0 0 0 
8 8 8 8 8 8 8 8 9 9 9 10 12 12 69 93 0 6 12 11 5 4 0 3 2 2 1 1 1 1 2 2 1 1 0 3 0 0 1 0 0 0 0 1 0 0 1 0 0 1 1 1 0 1 0 1 0 1 0 1 0 1 0 1 0 1 0 0 1 1 1 0 0 0 0 0 0 0 0 0 0 0 0 0 0 0 0 0 0 0 0 0 0 0 0 0 0 0 0 0 
3 3 3 3 3 3 3 3 3 3 3 3 5 5 6 7 6 0 17 14 7 7 3 6 2 5 3 4 2 3 3 2 3 2 1 4 1 0 2 1 0 1 0 1 0 0 1 0 0 1 1 1 0 1 0 1 0 1 0 1 0 1 0 1 0 1 0 0 1 1 1 0 0 0 0 0 0 0 0 0 0 0 0 0 0 0 0 0 0 0 0 0 0 0 0 0 0 0 0 0 
8 8 8 8 8 8 8 8 8 8 9 8 11 10 10 12 12 17 0 17 12 11 4 5 4 5 2 4 2 4 3 3 4 4 2 6 3 2 4 3 1 1 0 1 0 0 1 0 0 1 1 1 0 1 0 1 0 1 0 1 0 1 0 1 0 1 0 0 1 1 1 0 0 0 0 0 0 0 0 0 0 0 0 0 0 0 0 0 0 0 0 0 0 0 0 0 0 0 0 0 
8 8 8 8 8 8 8 8 8 8 8 8 10 9 11 12 11 14 17 0 20 13 5 6 3 5 2 4 3 3 3 2 2 2 0 4 1 1 2 1 0 0 0 1 0 0 1 0 0 1 1 1 0 1 0 1 0 1 0 1 0 1 0 1 0 1 0 0 1 1 1 0 0 0 0 0 0 0 0 0 0 0 0 0 0 0 0 0 0 0 0 0 0 0 0 0 0 0 0 0 
4 4 4 4 4 4 4 4 4 4 4 4 5 5 4 6 5 7 12 20 0 17 6 9 4 8 5 6 5 6 5 4 6 4 2 6 3 2 4 3 1 1 0 1 0 0 1 0 0 1 1 1 0 1 0 1 0 1 0 1 0 1 0 1 0 1 0 0 1 1 1 0 0 0 0 0 0 0 0 0 0 0 0 0 0 0 0 0 0 0 0 0 0 0 0 0 0 0 0 0 
3 3 3 3 3 3 3 3 3 3 3 3 3 3 4 4 4 7 11 13 17 0 75 7 5 6 4 6 3 4 5 4 5 3 2 5 2 1 3 2 1 1 0 1 0 0 1 0 0 1 1 1 0 1 0 1 0 1 0 1 0 1 0 1 0 1 0 0 1 1 1 0 0 0 0 0 0 0 0 0 0 0 0 0 0 0 0 0 0 0 0 0 0 0 0 0 0 0 0 0 
0 0 0 0 0 0 0 0 0 0 0 0 0 0 1 2 0 3 4 5 6 75 0 8 6 6 4 5 6 5 5 4 5 3 1 5 2 2 3 2 1 0 0 1 0 0 1 0 0 1 1 1 0 1 0 1 0 1 0 1 0 1 0 1 0 1 0 0 1 1 1 0 0 0 0 0 0 0 0 0 0 0 0 0 0 0 0 0 0 0 0 0 0 0 0 0 0 0 0 0 
2 2 2 2 2 2 2 2 2 2 2 2 2 2 3 3 3 6 5 6 9 7 8 0 8 9 6 8 7 7 6 5 6 4 2 6 3 2 4 3 1 1 0 1 0 0 1 0 0 1 1 1 0 1 0 1 0 1 0 1 0 1 0 1 0 1 0 0 1 1 1 0 0 0 0 0 0 0 0 0 0 0 0 0 0 0 0 0 0 0 0 0 0 0 0 0 0 0 0 0 
1 1 1 1 1 1 1 1 1 1 1 1 1 1 1 2 2 2 4 3 4 5 6 8 0 32 13 9 11 10 7 6 7 7 4 6 5 3 4 3 1 1 0 1 0 0 1 0 0 1 1 1 0 1 0 1 0 1 0 1 0 1 0 1 0 1 0 0 1 1 1 0 0 0 0 0 0 0 0 0 0 0 0 0 0 0 0 0 0 0 0 0 0 0 0 0 0 0 0 0 
2 2 2 2 2 2 2 2 2 2 2 2 2 2 3 3 2 5 5 5 8 6 6 9 32 0 12 47 18 11 18 14 14 11 8 12 9 8 8 8 7 6 5 7 6 6 6 5 5 6 6 6 5 6 5 6 5 6 5 6 5 6 5 6 5 6 5 5 6 6 6 5 5 5 5 5 5 5 5 5 5 5 5 5 5 5 5 5 5 5 5 5 5 5 5 5 5 5 5 5 
1 1 1 1 1 1 1 1 1 1 1 1 1 1 2 2 1 3 2 2 5 4 4 6 13 12 0 65 32 14 29 15 16 13 8 14 10 9 10 9 8 7 6 7 7 7 6 6 6 7 6 7 6 7 5 7 6 7 6 7 5 7 6 6 6 7 6 6 7 7 6 5 6 6 6 5 5 6 5 5 5 5 5 5 5 5 5 5 5 5 5 5 5 5 5 5 5 5 5 5 
1 1 1 1 1 1 1 1 1 1 1 1 1 1 2 3 1 4 4 4 6 6 5 8 9 47 65 0 29 29 12 10 12 10 7 8 7 6 7 6 2 4 1 3 1 1 1 0 0 1 1 1 0 1 0 1 0 1 0 1 0 1 0 1 0 1 0 0 1 1 1 0 0 0 0 0 0 0 0 0 0 0 0 0 0 0 0 0 0 0 0 0 0 0 0 0 0 0 0 0 
1 1 1 1 1 1 1 1 1 1 1 1 1 1 1 1 1 2 2 3 5 3 6 7 11 18 32 29 0 62 36 13 17 13 9 11 9 6 8 7 5 5 3 4 4 4 3 3 3 4 3 4 3 4 2 4 3 4 3 4 2 4 3 3 3 4 3 3 4 4 3 2 3 3 3 2 2 3 2 2 2 2 2 2 2 2 2 2 2 2 2 2 2 2 2 2 2 2 2 2 
1 1 1 1 1 1 1 1 1 1 1 1 1 1 2 2 1 3 4 3 6 4 5 7 10 11 14 29 62 0 36 14 18 13 9 12 10 9 9 8 8 7 6 7 7 7 6 6 6 7 6 7 6 7 5 7 6 7 6 7 5 7 6 6 6 7 6 6 7 7 6 5 6 6 6 5 5 6 5 5 5 5 5 5 5 5 5 5 5 5 5 5 5 5 5 5 5 5 5 5 
2 2 2 2 2 2 2 2 2 2 2 2 2 2 2 2 2 3 3 3 5 5 5 6 7 18 29 12 36 36 0 14 22 13 10 12 12 7 8 8 2 5 2 3 2 2 1 1 1 2 1 2 1 2 0 2 1 2 1 2 0 2 1 1 1 2 1 1 2 2 1 0 1 1 1 0 0 1 0 0 0 0 0 0 0 0 0 0 0 0 0 0 0 0 0 0 0 0 0 0 
2 2 2 2 2 2 2 2 2 2 2 2 2 2 2 2 2 2 3 2 4 4 4 5 6 14 15 10 13 14 14 0 79 10 8 10 6 5 7 7 2 4 2 3 2 2 2 1 1 2 2 2 1 2 1 2 1 2 1 2 1 2 1 2 1 2 1 1 2 2 2 1 1 1 1 1 1 1 1 1 1 1 1 1 1 1 1 1 1 1 1 1 1 1 1 1 1 1 1 1 
1 1 1 1 1 1 1 1 1 1 1 1 1 1 2 2 1 3 4 2 6 5 5 6 7 14 16 12 17 18 22 79 0 15 12 14 11 10 11 9 5 5 2 4 3 3 2 2 2 3 2 3 2 3 1 3 2 3 2 3 1 3 2 2 2 3 2 2 3 3 2 1 2 2 2 1 1 2 1 1 1 1 1 1 1 1 1 1 1 1 1 1 1 1 1 1 1 1 1 1 
1 1 1 1 1 1 1 1 1 1 1 1 1 1 2 2 1 2 4 2 4 3 3 4 7 11 13 10 13 13 13 10 15 0 15 18 15 11 13 12 5 8 6 4 3 4 3 2 4 4 3 4 2 3 1 3 2 3 2 3 1 3 2 2 2 3 2 2 3 3 2 1 2 2 2 1 1 2 1 1 1 1 1 1 1 1 1 1 1 1 1 1 1 1 1 1 1 1 1 1 
0 0 0 0 0 0 0 0 0 0 0 0 0 0 1 1 0 1 2 0 2 2 1 2 4 8 8 7 9 9 10 8 12 15 0 18 17 13 14 13 8 12 8 7 8 8 6 3 7 5 4 5 3 4 2 4 3 4 3 4 2 4 3 3 3 4 3 3 4 4 3 2 3 3 3 2 2 3 2 2 2 2 2 2 2 2 2 2 2 2 2 2 2 2 2 2 2 2 2 2 
3 3 3 3 3 3 3 3 3 3 3 3 3 3 4 4 3 4 6 4 6 5 5 6 6 12 14 8 11 12 12 10 14 18 18 0 30 18 23 16 14 13 11 13 10 9 10 7 10 8 7 8 7 8 5 7 6 8 7 7 6 7 7 7 6 8 6 6 7 7 6 5 6 6 6 5 5 6 5 5 5 5 5 5 5 5 5 5 5 5 5 5 5 5 5 5 5 5 5 5 
0 0 0 0 0 0 0 0 0 0 0 0 0 0 1 1 0 1 3 1 3 2 2 3 5 9 10 7 9 10 12 6 11 15 17 30 0 16 15 15 9 11 8 7 6 7 5 3 4 5 5 5 3 4 2 3 2 4 3 3 3 3 3 4 2 4 2 2 3 3 3 2 2 2 2 2 2 2 2 2 2 2 2 2 2 2 2 2 2 2 2 2 2 2 2 2 2 2 2 2 
0 0 0 0 0 0 0 0 0 0 0 0 0 0 0 0 0 0 2 1 2 1 2 2 3 8 9 6 6 9 7 5 10 11 13 18 16 0 20 22 12 16 14 11 11 13 9 5 8 7 7 7 5 6 4 5 4 6 5 5 5 5 5 6 4 6 4 4 5 5 5 4 4 4 4 4 4 4 4 4 4 4 4 4 4 4 4 4 4 4 4 4 4 4 4 4 4 4 4 4 
1 1 1 1 1 1 1 1 1 1 1 1 1 1 2 2 1 2 4 2 4 3 3 4 4 8 10 7 8 9 8 7 11 13 14 23 15 20 0 22 9 15 12 6 7 11 5 2 6 5 4 4 2 3 1 2 1 3 2 2 1 2 2 2 1 3 1 1 2 2 1 0 1 1 1 0 0 1 0 0 0 0 0 0 0 0 0 0 0 0 0 0 0 0 0 0 0 0 0 0 
0 0 0 0 0 0 0 0 0 0 0 0 0 0 1 1 0 1 3 1 3 2 2 3 3 8 9 6 7 8 8 7 9 12 13 16 15 22 22 0 12 13 11 9 10 11 8 5 9 8 7 6 3 4 5 5 5 5 4 3 3 3 3 4 3 4 2 2 3 3 2 1 2 2 2 1 1 2 1 1 1 1 1 1 1 1 1 1 1 1 1 1 1 1 1 1 1 1 1 1 
0 0 0 0 0 0 0 0 0 0 0 0 0 0 0 0 0 0 1 0 1 1 1 1 1 7 8 2 5 8 2 2 5 5 8 14 9 12 9 12 0 25 18 12 14 16 12 8 12 10 9 9 5 6 5 6 6 7 5 5 4 5 5 5 4 6 4 4 5 5 4 3 4 4 4 3 3 4 3 3 3 3 3 3 3 3 3 3 3 3 3 3 3 3 3 3 3 3 3 3 
0 0 0 0 0 0 0 0 0 0 0 0 0 0 1 1 0 1 1 0 1 1 0 1 1 6 7 4 5 7 5 4 5 8 12 13 11 16 15 13 25 0 16 67 14 15 11 7 9 11 9 8 6 7 7 7 6 6 6 5 5 5 5 6 5 6 4 4 5 5 4 3 4 4 4 3 3 4 3 3 3 3 3 3 3 3 3 3 3 3 3 3 3 3 3 3 3 3 3 3 
0 0 0 0 0 0 0 0 0 0 0 0 0 0 0 0 0 0 0 0 0 0 0 0 0 5 6 1 3 6 2 2 2 6 8 11 8 14 12 11 18 16 0 83 14 15 14 9 13 11 11 7 4 5 8 7 6 4 4 4 3 3 3 5 3 3 3 3 4 3 4 2 2 2 2 2 2 2 2 2 2 2 2 2 2 2 2 2 2 2 2 2 2 2 2 2 2 2 2 2 
1 1 1 1 1 1 1 1 1 1 1 1 1 1 1 1 1 1 1 1 1 1 1 1 1 7 7 3 4 7 3 3 4 4 7 13 7 11 6 9 12 67 83 0 11 15 9 7 10 8 7 7 3 4 4 5 5 5 3 4 2 4 3 3 3 4 3 3 4 4 3 2 3 3 3 2 2 3 2 2 2 2 2 2 2 2 2 2 2 2 2 2 2 2 2 2 2 2 2 2 
0 0 0 0 0 0 0 0 0 0 0 0 0 0 0 0 0 0 0 0 0 0 0 0 0 6 7 1 4 7 2 2 3 3 8 10 6 11 7 10 14 14 14 11 0 81 49 33 38 19 24 16 9 14 16 13 12 11 10 11 9 10 9 10 10 11 9 9 8 10 9 9 8 7 7 8 8 7 7 7 7 7 7 7 7 7 7 7 7 7 7 7 7 7 7 7 7 7 7 7 
0 0 0 0 0 0 0 0 0 0 0 0 0 0 0 0 0 0 0 0 0 0 0 0 0 6 7 1 4 7 2 2 3 4 8 9 7 13 11 11 16 15 15 15 81 0 38 24 26 15 16 12 8 12 11 11 10 9 9 9 6 8 9 9 8 9 8 8 8 8 8 6 7 6 6 6 6 6 5 5 5 5 5 5 5 5 5 5 5 5 5 5 5 5 5 5 5 5 5 5 
1 1 1 1 1 1 1 1 1 1 1 1 1 1 1 1 1 1 1 1 1 1 1 1 1 6 6 1 3 6 1 2 2 3 6 10 5 9 5 8 12 11 14 9 49 38 0 17 53 16 14 12 8 9 7 8 6 7 7 6 5 5 6 7 5 7 5 5 5 5 4 3 3 3 3 2 2 3 2 2 2 2 2 2 2 2 2 2 2 2 2 2 2 2 2 2 2 2 2 2 
0 0 0 0 0 0 0 0 0 0 0 0 0 0 0 0 0 0 0 0 0 0 0 0 0 5 6 0 3 6 1 1 2 2 3 7 3 5 2 5 8 7 9 7 33 24 17 0 70 21 17 14 10 12 11 10 6 7 6 7 5 6 6 6 5 7 5 6 5 5 5 3 4 3 3 3 3 3 2 2 2 2 2 2 2 2 2 2 2 2 2 2 2 2 2 2 2 2 2 2 
0 0 0 0 0 0 0 0 0 0 0 0 0 0 0 0 0 0 0 0 0 0 0 0 0 5 6 0 3 6 1 1 2 4 7 10 4 8 6 9 12 9 13 10 38 26 53 70 0 19 17 10 11 11 12 11 8 7 8 8 7 7 7 8 7 8 6 7 6 6 6 4 5 4 4 4 4 4 3 3 3 3 3 3 3 3 3 3 3 3 3 3 3 3 3 3 3 3 3 3 
1 1 1 1 1 1 1 1 1 1 1 1 1 1 1 1 1 1 1 1 1 1 1 1 1 6 7 1 4 7 2 2 3 4 5 8 5 7 5 8 10 11 11 8 19 15 16 21 19 0 72 17 16 21 16 15 13 13 9 10 5 6 7 6 6 7 6 7 5 6 5 4 4 3 3 3 3 3 2 2 2 2 2 2 2 2 2 2 2 2 2 2 2 2 2 2 2 2 2 2 
1 1 1 1 1 1 1 1 1 1 1 1 1 1 1 1 1 1 1 1 1 1 1 1 1 6 6 1 3 6 1 2 2 3 4 7 5 7 4 7 9 9 11 7 24 16 14 17 17 72 0 12 11 14 9 12 5 7 5 7 4 6 5 4 5 6 5 5 5 6 5 4 5 4 4 4 4 4 3 3 3 3 3 3 3 3 3 3 3 3 3 3 3 3 3 3 3 3 3 3 
1 1 1 1 1 1 1 1 1 1 1 1 1 1 1 1 1 1 1 1 1 1 1 1 1 6 7 1 4 7 2 2 3 4 5 8 5 7 4 6 9 8 7 7 16 12 12 14 10 17 12 0 16 40 25 19 16 14 11 9 8 4 5 5 5 5 4 4 3 5 4 4 3 2 2 3 3 2 2 2 2 2 2 2 2 2 2 2 2 2 2 2 2 2 2 2 2 2 2 2 
0 0 0 0 0 0 0 0 0 0 0 0 0 0 0 0 0 0 0 0 0 0 0 0 0 5 6 0 3 6 1 1 2 2 3 7 3 5 2 3 5 6 4 3 9 8 8 10 11 16 11 16 0 83 64 31 22 19 14 15 11 10 11 7 9 9 9 7 7 10 7 8 7 6 6 6 6 5 5 5 5 6 6 5 6 6 5 5 5 5 5 5 5 5 5 5 5 5 5 5 
1 1 1 1 1 1 1 1 1 1 1 1 1 1 1 1 1 1 1 1 1 1 1 1 1 6 7 1 4 7 2 2 3 3 4 8 4 6 3 4 6 7 5 4 14 12 9 12 11 21 14 40 83 0 39 16 14 14 11 10 12 10 12 12 11 11 10 11 9 10 9 8 8 7 7 7 7 6 6 6 6 7 7 6 7 7 6 6 6 6 6 6 6 6 6 6 6 6 6 6 
0 0 0 0 0 0 0 0 0 0 0 0 0 0 0 0 0 0 0 0 0 0 0 0 0 5 5 0 2 5 0 1 1 1 2 5 2 4 1 5 5 7 8 4 16 11 7 11 12 16 9 25 64 39 0 32 14 17 11 10 7 7 8 5 5 8 6 5 5 7 3 4 4 4 4 2 2 3 2 2 2 3 3 2 3 3 2 2 2 2 2 2 2 2 2 2 2 2 2 2 
1 1 1 1 1 1 1 1 1 1 1 1 1 1 1 1 1 1 1 1 1 1 1 1 1 6 7 1 4 7 2 2 3 3 4 7 3 5 2 5 6 7 7 5 13 11 8 10 11 15 12 19 31 16 32 0 23 23 17 16 16 13 11 12 12 12 8 10 8 8 7 7 8 6 6 6 6 5 5 5 5 6 6 5 6 6 5 5 5 5 5 5 5 5 5 5 5 5 5 5 
0 0 0 0 0 0 0 0 0 0 0 0 0 0 0 0 0 0 0 0 0 0 0 0 0 5 6 0 3 6 1 1 2 2 3 6 2 4 1 5 6 6 6 5 12 10 6 6 8 13 5 16 22 14 14 23 0 24 16 12 14 9 9 8 9 8 6 8 5 6 6 4 4 3 3 4 4 3 3 3 3 3 3 3 3 3 3 3 3 3 3 3 3 3 3 3 3 3 3 3 
1 1 1 1 1 1 1 1 1 1 1 1 1 1 1 1 1 1 1 1 1 1 1 1 1 6 7 1 4 7 2 2 3 3 4 8 4 6 3 5 7 6 4 5 11 9 7 7 7 13 7 14 19 14 17 23 24 0 20 18 19 16 14 13 14 14 10 11 9 8 8 6 7 5 5 5 5 5 4 4 4 4 4 4 4 4 4 4 4 4 4 4 4 4 4 4 4 4 4 4 
0 0 0 0 0 0 0 0 0 0 0 0 0 0 0 0 0 0 0 0 0 0 0 0 0 5 6 0 3 6 1 1 2 2 3 7 3 5 2 4 5 6 4 3 10 9 7 6 8 9 5 11 14 11 11 17 16 20 0 20 75 15 15 13 14 15 10 12 6 9 6 5 5 3 3 3 3 2 2 2 2 3 3 2 3 3 2 2 2 2 2 2 2 2 2 2 2 2 2 2 
1 1 1 1 1 1 1 1 1 1 1 1 1 1 1 1 1 1 1 1 1 1 1 1 1 6 7 1 4 7 2 2 3 3 4 7 3 5 2 3 5 5 4 4 11 9 6 7 8 10 7 9 15 10 10 16 12 18 20 0 73 17 14 17 17 13 7 14 6 7 5 3 3 2 2 1 2 1 1 1 1 1 1 1 1 1 1 1 1 1 1 1 1 1 1 1 1 1 1 1 
0 0 0 0 0 0 0 0 0 0 0 0 0 0 0 0 0 0 0 0 0 0 0 0 0 5 5 0 2 5 0 1 1 1 2 6 3 5 1 3 4 5 3 2 9 6 5 5 7 5 4 8 11 12 7 16 14 19 75 73 0 18 22 13 14 16 14 10 12 13 10 8 10 7 7 6 6 6 5 5 5 6 6 5 6 6 5 5 5 5 5 5 5 5 5 5 5 5 5 5 
1 1 1 1 1 1 1 1 1 1 1 1 1 1 1 1 1 1 1 1 1 1 1 1 1 6 7 1 4 7 2 2 3 3 4 7 3 5 2 3 5 5 3 4 10 8 5 6 7 6 6 4 10 10 7 13 9 16 15 17 18 0 55 26 20 24 16 17 11 11 11 6 6 4 5 4 5 3 2 2 2 2 2 2 2 2 2 2 2 2 2 2 2 2 2 2 2 2 2 2 
0 0 0 0 0 0 0 0 0 0 0 0 0 0 0 0 0 0 0 0 0 0 0 0 0 5 6 0 3 6 1 1 2 2 3 7 3 5 2 3 5 5 3 3 9 9 6 6 7 7 5 5 11 12 8 11 9 14 15 14 22 55 0 43 24 26 12 22 10 11 9 6 9 5 7 4 6 3 3 3 3 4 4 3 4 4 3 3 3 3 3 3 3 3 3 3 3 3 3 3 
1 1 1 1 1 1 1 1 1 1 1 1 1 1 1 1 1 1 1 1 1 1 1 1 1 6 6 1 3 6 1 2 2 2 3 7 4 6 2 4 5 6 5 3 10 9 7 6 8 6 4 5 7 12 5 12 8 13 13 17 13 26 43 0 24 26 21 20 14 15 12 8 11 8 7 6 7 6 5 5 5 6 6 5 6 6 5 5 5 5 5 5 5 5 5 5 5 5 5 5 
0 0 0 0 0 0 0 0 0 0 0 0 0 0 0 0 0 0 0 0 0 0 0 0 0 5 6 0 3 6 1 1 2 2 3 6 2 4 1 3 4 5 3 3 10 8 5 5 7 6 5 5 9 11 5 12 9 14 14 17 14 20 24 24 0 63 35 16 20 18 15 9 10 9 10 6 7 5 4 4 4 5 5 4 5 5 4 4 4 4 4 4 4 4 4 4 4 4 4 4 
1 1 1 1 1 1 1 1 1 1 1 1 1 1 1 1 1 1 1 1 1 1 1 1 1 6 7 1 4 7 2 2 3 3 4 8 4 6 3 4 6 6 3 4 11 9 7 7 8 7 6 5 9 11 8 12 8 14 15 13 16 24 26 26 63 0 32 28 17 19 15 10 11 7 10 5 7 7 6 6 5 6 5 5 5 5 5 5 5 5 5 5 5 5 5 5 5 5 5 5 
0 0 0 0 0 0 0 0 0 0 0 0 0 0 0 0 0 0 0 0 0 0 0 0 0 5 6 0 3 6 1 1 2 2 3 6 2 4 1 2 4 4 3 3 9 8 5 5 6 6 5 4 9 10 6 8 6 10 10 7 14 16 12 21 35 32 0 55 16 19 15 10 13 10 12 6 11 8 5 6 5 5 4 3 4 4 3 3 3 3 3 3 3 3 3 3 3 3 3 3 
0 0 0 0 0 0 0 0 0 0 0 0 0 0 0 0 0 0 0 0 0 0 0 0 0 5 6 0 3 6 1 1 2 2 3 6 2 4 1 2 4 4 3 3 9 8 5 6 7 7 5 4 7 11 5 10 8 11 12 14 10 17 22 20 16 28 55 0 23 22 19 13 14 11 13 6 8 6 4 4 4 5 5 4 5 5 4 4 4 4 4 4 4 4 4 4 4 4 4 4 
1 1 1 1 1 1 1 1 1 1 1 1 1 1 1 1 1 1 1 1 1 1 1 1 1 6 7 1 4 7 2 2 3 3 4 7 3 5 2 3 5 5 4 4 8 8 5 5 6 5 5 3 7 9 5 8 5 9 6 6 12 11 10 14 20 17 16 23 0 33 21 13 20 16 15 8 13 9 4 5 5 4 4 3 4 4 3 3 3 3 3 3 3 3 3 3 3 3 3 3 
1 1 1 1 1 1 1 1 1 1 1 1 1 1 1 1 1 1 1 1 1 1 1 1 1 6 7 1 4 7 2 2 3 3 4 7 3 5 2 3 5 5 3 4 10 8 5 5 6 6 6 5 10 10 7 8 6 8 9 7 13 11 11 15 18 19 19 22 33 0 14 7 13 10 11 8 10 5 3 5 4 3 3 3 3 3 3 3 3 3 3 3 3 3 3 3 3 3 3 3 
1 1 1 1 1 1 1 1 1 1 1 1 1 1 1 1 1 1 1 1 1 1 1 1 1 6 6 1 3 6 1 2 2 2 3 6 3 5 1 2 4 4 4 3 9 8 4 5 6 5 5 4 7 9 3 7 6 8 6 5 10 11 9 12 15 15 15 19 21 14 0 13 27 21 21 9 17 11 3 7 6 5 2 1 2 2 1 1 1 1 1 1 1 1 1 1 1 1 1 1 
0 0 0 0 0 0 0 0 0 0 0 0 0 0 0 0 0 0 0 0 0 0 0 0 0 5 5 0 2 5 0 1 1 1 2 5 2 4 0 1 3 3 2 2 9 6 3 3 4 4 4 4 8 8 4 7 4 6 5 3 8 6 6 8 9 10 10 13 13 7 13 0 51 42 43 13 32 17 6 11 10 6 4 4 3 3 4 3 3 2 3 2 2 2 2 2 2 2 2 2 
0 0 0 0 0 0 0 0 0 0 0 0 0 0 0 0 0 0 0 0 0 0 0 0 0 5 6 0 3 6 1 1 2 2 3 6 2 4 1 2 4 4 2 3 8 7 3 4 5 4 5 3 7 8 4 8 4 7 5 3 10 6 9 11 10 11 13 14 20 13 27 51 0 28 48 14 20 14 9 9 9 10 9 8 8 8 7 8 8 7 7 7 6 6 6 6 6 6 6 6 
0 0 0 0 0 0 0 0 0 0 0 0 0 0 0 0 0 0 0 0 0 0 0 0 0 5 6 0 3 6 1 1 2 2 3 6 2 4 1 2 4 4 2 3 7 6 3 3 4 3 4 2 6 7 4 6 3 5 3 2 7 4 5 8 9 7 10 11 16 10 21 42 28 0 54 16 24 16 8 11 9 11 8 6 7 8 6 7 7 7 6 7 6 6 6 6 6 6 6 6 
0 0 0 0 0 0 0 0 0 0 0 0 0 0 0 0 0 0 0 0 0 0 0 0 0 5 6 0 3 6 1 1 2 2 3 6 2 4 1 2 4 4 2 3 7 6 3 3 4 3 4 2 6 7 4 6 3 5 3 2 7 5 7 7 10 10 12 13 15 11 21 43 48 54 0 15 34 18 7 10 9 6 5 4 4 4 4 3 3 2 3 2 2 2 2 2 2 2 2 2 
0 0 0 0 0 0 0 0 0 0 0 0 0 0 0 0 0 0 0 0 0 0 0 0 0 5 5 0 2 5 0 1 1 1 2 5 2 4 0 1 3 3 2 2 8 6 2 3 4 3 4 3 6 7 2 6 4 5 3 1 6 4 4 6 6 5 6 6 8 8 9 13 14 16 15 0 79 23 12 14 12 11 6 6 4 6 4 4 4 4 3 4 3 3 3 3 3 3 3 3 
0 0 0 0 0 0 0 0 0 0 0 0 0 0 0 0 0 0 0 0 0 0 0 0 0 5 5 0 2 5 0 1 1 1 2 5 2 4 0 1 3 3 2 2 8 6 2 3 4 3 4 3 6 7 2 6 4 5 3 2 6 5 6 7 7 7 11 8 13 10 17 32 20 24 34 79 0 20 9 12 12 10 7 7 6 6 5 6 6 5 5 5 4 4 4 4 4 4 4 4 
0 0 0 0 0 0 0 0 0 0 0 0 0 0 0 0 0 0 0 0 0 0 0 0 0 5 6 0 3 6 1 1 2 2 3 6 2 4 1 2 4 4 2 3 7 6 3 3 4 3 4 2 5 6 3 5 3 5 2 1 6 3 3 6 5 7 8 6 9 5 11 17 14 16 18 23 20 0 13 15 14 14 9 10 8 8 7 8 8 7 7 7 6 6 6 6 6 6 6 6 
0 0 0 0 0 0 0 0 0 0 0 0 0 0 0 0 0 0 0 0 0 0 0 0 0 5 5 0 2 5 0 1 1 1 2 5 2 4 0 1 3 3 2 2 7 5 2 2 3 2 3 2 5 6 2 5 3 4 2 1 5 2 3 5 4 6 5 4 4 3 3 6 9 8 7 12 9 13 0 77 69 12 8 9 6 7 6 6 6 5 5 5 4 4 4 4 4 4 4 4 
0 0 0 0 0 0 0 0 0 0 0 0 0 0 0 0 0 0 0 0 0 0 0 0 0 5 5 0 2 5 0 1 1 1 2 5 2 4 0 1 3 3 2 2 7 5 2 2 3 2 3 2 5 6 2 5 3 4 2 1 5 2 3 5 4 6 6 4 5 5 7 11 9 11 10 14 12 15 77 0 16 13 9 8 8 8 7 8 8 7 7 7 6 6 6 6 6 6 6 6 
0 0 0 0 0 0 0 0 0 0 0 0 0 0 0 0 0 0 0 0 0 0 0 0 0 5 5 0 2 5 0 1 1 1 2 5 2 4 0 1 3 3 2 2 7 5 2 2 3 2 3 2 5 6 2 5 3 4 2 1 5 2 3 5 4 5 5 4 5 4 6 10 9 9 9 12 12 14 69 16 0 11 7 7 5 7 5 5 5 5 4 5 4 4 4 4 4 4 4 4 
0 0 0 0 0 0 0 0 0 0 0 0 0 0 0 0 0 0 0 0 0 0 0 0 0 5 5 0 2 5 0 1 1 1 2 5 2 4 0 1 3 3 2 2 7 5 2 2 3 2 3 2 6 7 3 6 3 4 3 1 6 2 4 6 5 6 5 5 4 3 5 6 10 11 6 11 10 14 12 13 11 0 7 8 6 7 6 5 5 5 5 5 5 5 5 5 5 5 5 5 
0 0 0 0 0 0 0 0 0 0 0 0 0 0 0 0 0 0 0 0 0 0 0 0 0 5 5 0 2 5 0 1 1 1 2 5 2 4 0 1 3 3 2 2 7 5 2 2 3 2 3 2 6 7 3 6 3 4 3 1 6 2 4 6 5 5 4 5 4 3 2 4 9 8 5 6 7 9 8 9 7 7 0 93 5 7 7 5 6 5 5 5 5 5 5 5 5 5 5 5 
0 0 0 0 0 0 0 0 0 0 0 0 0 0 0 0 0 0 0 0 0 0 0 0 0 5 5 0 2 5 0 1 1 1 2 5 2 4 0 1 3 3 2 2 7 5 2 2 3 2 3 2 5 6 2 5 3 4 2 1 5 2 3 5 4 5 3 4 3 3 1 4 8 6 4 6 7 10 9 8 7 8 93 0 5 6 5 5 6 4 4 4 3 3 3 3 3 3 3 3 
0 0 0 0 0 0 0 0 0 0 0 0 0 0 0 0 0 0 0 0 0 0 0 0 0 5 5 0 2 5 0 1 1 1 2 5 2 4 0 1 3 3 2 2 7 5 2 2 3 2 3 2 6 7 3 6 3 4 3 1 6 2 4 6 5 5 4 5 4 3 2 3 8 7 4 4 6 8 6 8 5 6 5 5 0 89 8 7 8 7 6 7 6 6 6 6 6 6 6 6 
0 0 0 0 0 0 0 0 0 0 0 0 0 0 0 0 0 0 0 0 0 0 0 0 0 5 5 0 2 5 0 1 1 1 2 5 2 4 0 1 3 3 2 2 7 5 2 2 3 2 3 2 6 7 3 6 3 4 3 1 6 2 4 6 5 5 4 5 4 3 2 3 8 8 4 6 6 8 7 8 7 7 7 6 89 0 5 6 6 5 5 5 4 4 4 4 4 4 4 4 
0 0 0 0 0 0 0 0 0 0 0 0 0 0 0 0 0 0 0 0 0 0 0 0 0 5 5 0 2 5 0 1 1 1 2 5 2 4 0 1 3 3 2 2 7 5 2 2 3 2 3 2 5 6 2 5 3 4 2 1 5 2 3 5 4 5 3 4 3 3 1 4 7 6 4 4 5 7 6 7 5 6 7 5 8 5 0 5 6 3 3 3 2 2 2 2 2 2 2 2 
0 0 0 0 0 0 0 0 0 0 0 0 0 0 0 0 0 0 0 0 0 0 0 0 0 5 5 0 2 5 0 1 1 1 2 5 2 4 0 1 3 3 2 2 7 5 2 2 3 2 3 2 5 6 2 5 3 4 2 1 5 2 3 5 4 5 3 4 3 3 1 3 8 7 3 4 6 8 6 8 5 5 5 5 7 6 5 0 6 5 5 5 5 5 5 5 5 5 5 5 
0 0 0 0 0 0 0 0 0 0 0 0 0 0 0 0 0 0 0 0 0 0 0 0 0 5 5 0 2 5 0 1 1 1 2 5 2 4 0 1 3 3 2 2 7 5 2 2 3 2 3 2 5 6 2 5 3 4 2 1 5 2 3 5 4 5 3 4 3 3 1 3 8 7 3 4 6 8 6 8 5 5 6 6 8 6 6 6 0 7 12 7 6 6 6 6 6 6 6 6 
0 0 0 0 0 0 0 0 0 0 0 0 0 0 0 0 0 0 0 0 0 0 0 0 0 5 5 0 2 5 0 1 1 1 2 5 2 4 0 1 3 3 2 2 7 5 2 2 3 2 3 2 5 6 2 5 3 4 2 1 5 2 3 5 4 5 3 4 3 3 1 2 7 7 2 4 5 7 5 7 5 5 5 4 7 5 3 5 7 0 92 6 6 6 6 6 6 6 6 6 
0 0 0 0 0 0 0 0 0 0 0 0 0 0 0 0 0 0 0 0 0 0 0 0 0 5 5 0 2 5 0 1 1 1 2 5 2 4 0 1 3 3 2 2 7 5 2 2 3 2 3 2 5 6 2 5 3 4 2 1 5 2 3 5 4 5 3 4 3 3 1 3 7 6 3 3 5 7 5 7 4 5 5 4 6 5 3 5 12 92 0 8 7 7 7 7 7 7 7 7 
0 0 0 0 0 0 0 0 0 0 0 0 0 0 0 0 0 0 0 0 0 0 0 0 0 5 5 0 2 5 0 1 1 1 2 5 2 4 0 1 3 3 2 2 7 5 2 2 3 2 3 2 5 6 2 5 3 4 2 1 5 2 3 5 4 5 3 4 3 3 1 2 7 7 2 4 5 7 5 7 5 5 5 4 7 5 3 5 7 6 8 0 6 7 6 6 6 6 6 6 
0 0 0 0 0 0 0 0 0 0 0 0 0 0 0 0 0 0 0 0 0 0 0 0 0 5 5 0 2 5 0 1 1 1 2 5 2 4 0 1 3 3 2 2 7 5 2 2 3 2 3 2 5 6 2 5 3 4 2 1 5 2 3 5 4 5 3 4 3 3 1 2 6 6 2 3 4 6 4 6 4 5 5 3 6 4 2 5 6 6 7 6 0 91 95 90 11 11 11 11 
0 0 0 0 0 0 0 0 0 0 0 0 0 0 0 0 0 0 0 0 0 0 0 0 0 5 5 0 2 5 0 1 1 1 2 5 2 4 0 1 3 3 2 2 7 5 2 2 3 2 3 2 5 6 2 5 3 4 2 1 5 2 3 5 4 5 3 4 3 3 1 2 6 6 2 3 4 6 4 6 4 5 5 3 6 4 2 5 6 6 7 7 91 0 10 9 9 9 9 9 
0 0 0 0 0 0 0 0 0 0 0 0 0 0 0 0 0 0 0 0 0 0 0 0 0 5 5 0 2 5 0 1 1 1 2 5 2 4 0 1 3 3 2 2 7 5 2 2 3 2 3 2 5 6 2 5 3 4 2 1 5 2 3 5 4 5 3 4 3 3 1 2 6 6 2 3 4 6 4 6 4 5 5 3 6 4 2 5 6 6 7 6 95 10 0 5 5 5 5 5 
0 0 0 0 0 0 0 0 0 0 0 0 0 0 0 0 0 0 0 0 0 0 0 0 0 5 5 0 2 5 0 1 1 1 2 5 2 4 0 1 3 3 2 2 7 5 2 2 3 2 3 2 5 6 2 5 3 4 2 1 5 2 3 5 4 5 3 4 3 3 1 2 6 6 2 3 4 6 4 6 4 5 5 3 6 4 2 5 6 6 7 6 90 9 5 0 7 7 7 7 
0 0 0 0 0 0 0 0 0 0 0 0 0 0 0 0 0 0 0 0 0 0 0 0 0 5 5 0 2 5 0 1 1 1 2 5 2 4 0 1 3 3 2 2 7 5 2 2 3 2 3 2 5 6 2 5 3 4 2 1 5 2 3 5 4 5 3 4 3 3 1 2 6 6 2 3 4 6 4 6 4 5 5 3 6 4 2 5 6 6 7 6 11 9 5 7 0 11 10 10 
0 0 0 0 0 0 0 0 0 0 0 0 0 0 0 0 0 0 0 0 0 0 0 0 0 5 5 0 2 5 0 1 1 1 2 5 2 4 0 1 3 3 2 2 7 5 2 2 3 2 3 2 5 6 2 5 3 4 2 1 5 2 3 5 4 5 3 4 3 3 1 2 6 6 2 3 4 6 4 6 4 5 5 3 6 4 2 5 6 6 7 6 11 9 5 7 11 0 6 6 
0 0 0 0 0 0 0 0 0 0 0 0 0 0 0 0 0 0 0 0 0 0 0 0 0 5 5 0 2 5 0 1 1 1 2 5 2 4 0 1 3 3 2 2 7 5 2 2 3 2 3 2 5 6 2 5 3 4 2 1 5 2 3 5 4 5 3 4 3 3 1 2 6 6 2 3 4 6 4 6 4 5 5 3 6 4 2 5 6 6 7 6 11 9 5 7 10 6 0 96 
0 0 0 0 0 0 0 0 0 0 0 0 0 0 0 0 0 0 0 0 0 0 0 0 0 5 5 0 2 5 0 1 1 1 2 5 2 4 0 1 3 3 2 2 7 5 2 2 3 2 3 2 5 6 2 5 3 4 2 1 5 2 3 5 4 5 3 4 3 3 1 2 6 6 2 3 4 6 4 6 4 5 5 3 6 4 2 5 6 6 7 6 11 9 5 7 10 6 96 0 

Rho histogram: 
0 0 0 0 0 0 0 0 0 0 1 2 2 1 0 1 0 2 1 90 

Summary:
objF nSamp nIter rhoMean rhoStDev rProp hitsProp rankHitsProp
Nsd 100 100 0.9638660666066605 0.09633048908587777 0 0 0.3286

Time:  13m15.972903766s
=======================================================
