=======================================================
Objective function:  Dware
Matrix:  I100.csv
Iterations:  100
Heuristic for search:  RobSA3
Improvement function # 0
Window width for improvement:  0
Heuristic for improvement:  RobSA3
Seed:  33
=======================================================

Best permutations: 
0 1 2 3 4 5 6 7 8 9 11 10 13 12 15 16 14 17 19 18 20 21 22 23 24 27 25 26 30 28 32 29 31 33 34 35 36 37 38 39 40 41 42 43 44 45 46 48 47 49 50 53 51 54 52 55 56 57 60 58 59 61 63 62 64 65 66 67 69 68 70 72 73 74 71 76 75 77 79 78 80 81 83 82 85 84 86 87 88 90 89 91 93 94 95 92 97 96 99 98 
0 1 2 3 4 5 6 7 8 9 11 10 13 12 15 16 14 17 19 18 20 21 22 23 24 27 25 26 30 28 32 29 31 33 34 35 36 37 38 39 40 41 42 43 44 45 46 47 48 49 50 53 51 54 52 55 56 57 60 58 59 61 63 62 64 65 66 67 69 68 70 72 73 74 71 76 75 77 79 78 80 81 83 82 85 84 86 87 88 90 89 91 93 94 95 92 97 96 99 98 
0 1 2 3 4 5 6 7 8 9 11 10 13 12 15 16 14 17 19 18 20 22 21 23 24 27 25 26 30 28 32 29 31 33 35 34 36 37 38 39 40 41 42 43 44 45 48 46 47 49 50 53 51 52 54 55 56 57 60 58 59 61 62 63 64 65 66 67 69 68 70 72 73 74 71 76 75 77 79 78 81 80 83 82 85 84 86 87 88 90 89 91 93 94 95 92 97 96 99 98 
0 1 2 3 4 5 6 7 8 9 11 10 13 12 15 16 14 17 19 18 20 21 22 23 24 27 25 26 30 28 32 29 31 33 35 34 36 37 38 39 40 41 42 43 44 45 46 48 47 49 50 53 51 54 52 55 56 57 60 58 59 61 63 62 64 65 66 67 69 68 70 72 73 74 71 76 75 77 79 78 80 81 83 82 85 84 86 87 88 90 89 91 93 94 95 92 97 96 99 98 
0 1 2 3 4 5 6 7 8 9 11 10 13 12 15 16 14 17 19 18 20 21 22 23 24 27 25 26 30 28 32 29 31 33 34 35 36 37 38 39 40 41 42 43 44 45 46 48 47 49 50 53 51 54 52 55 56 57 60 58 59 63 61 62 64 65 66 67 69 68 70 72 73 74 71 76 75 77 79 78 80 81 83 82 85 84 86 87 88 90 89 91 93 94 95 92 97 96 99 98 
0 1 2 3 4 5 6 7 8 9 11 10 13 12 15 16 14 17 19 18 20 21 22 24 23 27 25 26 30 28 32 29 31 33 34 35 36 37 38 39 40 41 42 43 44 45 46 48 47 49 50 53 54 51 52 55 56 57 60 58 59 63 61 62 64 65 67 66 69 68 70 72 73 71 74 76 77 75 78 79 80 81 83 82 85 84 86 87 88 90 89 91 93 94 95 92 97 96 99 98 
0 1 2 3 4 5 6 7 8 9 11 10 13 12 15 16 14 17 19 18 20 21 22 23 24 27 25 26 30 28 29 31 32 33 34 35 36 37 38 39 40 41 42 43 44 45 46 48 47 50 49 53 51 54 52 55 56 57 60 58 59 61 63 62 64 65 66 67 69 68 70 72 73 71 74 76 75 77 79 78 80 81 83 82 85 84 86 87 88 90 89 91 93 94 95 92 97 96 99 98 
0 1 2 3 4 5 6 7 8 9 11 10 13 12 15 16 14 17 19 18 20 21 22 23 24 27 25 26 30 28 32 29 31 33 34 35 36 37 38 39 40 41 42 43 44 45 46 48 47 49 50 53 51 54 52 55 56 57 60 58 59 61 63 62 64 65 66 67 69 68 70 72 73 74 71 76 77 75 79 78 80 81 83 82 85 84 86 87 88 90 89 91 93 94 95 92 97 96 99 98 
0 1 2 3 4 5 6 7 8 9 11 10 13 12 15 16 14 17 19 18 20 21 22 23 24 27 25 26 30 28 32 29 31 33 34 35 36 37 38 39 40 41 42 43 44 45 46 48 47 50 49 53 51 54 52 55 56 57 60 58 59 61 63 62 64 65 66 67 69 68 70 73 72 71 76 74 75 77 79 78 80 81 83 82 85 84 86 87 88 90 89 91 93 94 95 92 97 96 99 98 
0 1 2 3 4 5 6 7 8 9 11 10 13 12 15 16 14 17 19 18 20 21 22 23 24 27 25 26 30 28 32 29 31 33 34 35 36 37 38 39 40 41 42 43 44 45 46 48 47 49 50 53 51 52 54 55 56 57 60 58 59 61 63 62 64 65 66 67 69 68 70 72 73 74 71 76 75 77 79 78 80 81 83 82 85 84 86 87 88 90 89 91 93 94 95 92 97 96 99 98 
0 1 2 3 4 5 6 7 8 9 11 10 13 12 15 16 14 17 19 18 20 21 22 23 24 27 25 26 30 28 32 29 33 31 34 35 36 37 38 39 40 41 42 43 45 44 46 48 47 49 50 53 51 54 52 55 56 57 60 59 58 61 62 63 64 65 66 67 69 68 70 72 73 74 71 76 75 77 79 78 80 81 83 82 85 84 86 87 88 90 89 91 93 94 95 92 97 96 99 98 
0 1 2 3 4 5 6 7 8 9 11 13 10 12 15 16 14 17 19 18 20 21 22 23 24 27 25 26 30 28 32 29 31 33 34 35 36 37 38 39 41 40 42 43 44 45 46 48 47 49 50 53 51 54 52 55 56 57 60 58 59 61 63 62 64 65 66 67 69 68 70 72 73 74 71 76 75 77 79 78 80 81 83 82 85 84 86 87 88 90 89 91 93 94 95 92 97 96 99 98 
0 1 2 3 4 5 6 7 8 9 11 10 13 12 15 16 14 17 19 18 20 21 22 23 24 27 25 26 30 28 32 29 31 33 34 35 36 37 39 38 40 41 42 43 44 45 46 48 47 49 50 53 51 54 52 55 56 57 60 58 59 61 63 62 64 65 66 67 68 69 72 70 73 71 74 76 75 77 79 78 80 81 83 82 85 84 86 87 88 90 89 91 93 94 95 92 97 96 99 98 
0 1 2 3 4 5 6 7 8 9 11 10 13 12 15 16 14 17 19 18 20 21 22 23 24 27 25 26 30 28 32 29 31 33 34 35 36 37 38 39 40 41 42 43 45 44 46 48 47 49 50 53 51 54 52 55 56 57 60 58 59 61 63 62 64 65 66 67 69 68 70 72 73 74 71 76 75 77 79 78 80 81 83 82 85 84 86 87 88 90 89 91 93 94 95 92 97 96 99 98 
0 1 2 3 4 5 6 7 8 9 11 10 13 12 15 16 14 17 19 18 20 21 22 23 24 27 25 26 30 28 32 29 31 33 34 35 36 37 38 39 40 41 42 43 44 45 46 48 47 50 49 53 51 54 52 56 55 57 60 58 59 61 63 62 64 65 67 66 69 68 70 72 73 74 71 76 75 77 79 78 80 81 83 82 85 84 86 87 88 90 89 91 93 94 95 92 97 96 99 98 
0 1 2 3 4 5 6 7 8 9 11 10 13 12 15 16 14 17 19 18 20 21 22 23 24 27 25 26 30 28 32 29 31 33 34 35 36 37 38 39 40 41 42 43 44 45 46 48 47 49 50 53 51 54 52 55 56 57 60 58 59 63 61 62 64 65 66 67 69 68 70 72 73 74 71 76 75 77 79 78 80 81 83 82 85 84 86 87 88 90 89 91 93 94 95 92 97 96 99 98 
0 1 2 3 4 5 6 7 8 9 11 10 13 12 15 16 14 17 19 18 20 21 22 23 24 27 25 26 30 28 32 29 31 33 34 35 36 37 38 39 40 41 42 43 44 45 46 48 47 49 50 53 51 54 52 55 56 57 60 58 59 61 63 62 64 65 66 67 70 68 69 72 73 74 71 76 75 77 79 78 80 81 83 82 85 84 86 87 88 90 89 91 93 94 95 92 97 96 99 98 
0 1 2 3 4 5 6 7 8 9 11 10 13 12 15 16 14 17 19 18 20 21 22 23 24 27 25 26 30 28 32 29 31 33 34 35 36 37 38 39 40 41 42 43 44 45 46 48 47 49 50 51 53 54 52 55 57 56 60 58 59 61 63 62 64 65 66 67 69 68 70 73 72 74 71 76 77 75 79 78 80 81 83 82 85 84 86 87 88 90 89 91 93 94 95 92 97 96 99 98 
0 1 2 3 4 5 6 7 8 9 11 10 13 12 15 16 14 17 19 18 20 21 22 23 24 27 25 26 30 28 32 29 31 33 34 35 36 37 38 39 40 41 42 43 44 45 46 48 47 49 50 53 51 54 52 55 56 57 60 58 59 61 63 62 64 65 66 67 69 68 70 72 73 74 71 76 75 77 79 78 80 81 83 82 85 84 86 87 88 90 89 91 93 94 95 92 97 96 99 98 
0 1 2 3 4 5 6 7 8 9 11 10 13 12 15 16 14 17 19 18 20 21 22 23 24 27 25 26 30 28 32 29 31 33 34 35 36 37 38 39 40 41 42 43 44 45 46 48 47 50 49 53 51 54 52 55 56 57 60 58 59 63 61 62 64 65 66 67 69 68 70 72 73 74 71 76 75 77 79 78 80 81 83 82 85 84 86 87 88 90 89 91 93 94 95 92 97 96 99 98 
0 1 2 3 4 5 6 7 8 9 11 10 13 12 15 14 16 17 19 18 20 21 22 23 24 27 25 26 30 28 32 29 31 33 34 35 36 37 38 39 40 41 42 43 44 45 46 48 47 49 50 53 51 54 52 55 56 57 60 58 59 61 63 62 64 65 66 67 69 68 70 72 73 71 74 76 75 77 79 78 80 81 83 82 85 84 86 87 88 90 89 93 91 94 92 95 97 96 99 98 
0 1 2 3 4 5 6 7 8 9 11 10 13 12 15 16 14 17 19 18 20 21 22 23 24 27 25 26 30 28 32 29 31 33 34 35 36 37 38 39 40 41 42 43 44 45 46 48 47 49 50 53 51 54 52 55 57 56 60 58 59 61 63 62 64 65 66 67 69 68 70 72 73 74 71 76 75 77 79 78 80 81 83 82 85 84 86 87 88 90 89 91 93 94 95 92 97 96 99 98 
0 1 2 3 4 5 6 7 8 9 11 10 13 12 15 16 17 14 19 18 20 21 22 23 24 27 25 30 26 28 29 31 32 33 34 35 36 37 38 39 40 41 42 43 44 45 46 48 47 49 53 50 54 51 52 55 56 57 60 58 59 61 63 62 64 65 66 67 69 68 70 72 73 71 74 76 75 77 79 78 80 81 83 82 85 84 86 87 88 90 89 91 93 94 95 92 97 96 99 98 
0 1 2 3 4 5 6 7 8 9 11 10 13 12 15 16 14 17 19 18 20 21 22 23 24 27 25 26 30 28 29 32 31 33 34 35 36 37 38 39 40 41 42 43 44 45 46 48 47 49 50 53 51 54 52 55 56 57 60 58 59 61 63 62 64 65 66 67 69 68 70 72 73 74 71 76 75 77 79 78 80 81 83 82 85 84 86 87 88 90 89 91 93 94 95 92 97 96 99 98 
0 1 2 3 4 5 6 7 8 9 11 10 13 12 15 14 16 17 19 18 20 21 22 24 23 27 25 26 30 28 32 29 31 33 34 35 37 36 39 38 40 41 42 43 44 45 46 48 47 49 50 53 51 54 52 55 56 57 60 58 59 61 63 62 64 65 66 67 69 68 70 72 73 74 71 76 75 77 79 80 78 81 83 82 85 84 86 87 88 90 89 91 93 94 95 92 97 96 99 98 
0 1 2 3 4 5 6 7 8 9 11 10 13 12 15 16 14 17 19 18 20 21 22 23 24 27 25 26 30 28 32 29 31 33 34 35 36 37 38 39 40 41 42 43 44 45 46 48 47 49 50 53 51 54 52 55 56 57 60 58 59 61 63 62 64 65 66 67 69 68 70 72 73 74 71 76 75 77 79 78 80 81 83 82 85 84 86 87 88 90 89 91 93 94 95 92 97 96 99 98 
0 1 2 3 4 5 6 7 8 9 11 10 13 12 15 16 14 17 19 18 20 21 22 23 24 27 25 26 30 28 32 29 31 33 34 35 36 37 38 39 40 41 43 42 44 45 46 48 47 49 50 53 51 54 55 52 56 57 60 58 59 61 63 62 64 65 66 67 69 68 70 72 73 74 71 76 75 77 79 78 80 81 83 82 85 84 86 87 88 90 89 91 93 94 95 92 97 96 99 98 
0 1 2 3 4 5 6 7 8 9 11 10 13 12 15 16 14 19 17 18 20 21 22 23 24 27 25 30 26 28 32 29 31 33 34 35 36 37 38 39 40 41 42 43 44 45 46 48 47 49 50 53 51 54 52 55 56 57 60 58 59 61 63 62 64 65 66 67 69 68 70 72 73 74 71 76 75 77 79 78 80 81 83 82 85 84 86 87 88 90 89 91 93 94 95 92 97 96 99 98 
0 1 2 3 4 5 6 7 8 9 11 10 13 15 12 16 14 17 19 18 20 21 22 23 24 27 25 26 30 28 32 29 31 33 34 35 36 37 38 39 40 41 42 43 44 45 46 47 48 49 50 53 51 54 52 55 57 56 60 58 59 61 63 62 64 65 66 67 69 68 70 73 72 74 71 76 75 77 79 78 80 81 83 82 85 84 86 87 88 90 89 91 93 94 95 92 97 96 99 98 
0 1 2 3 4 5 6 7 8 9 11 10 13 12 15 16 14 17 19 18 20 21 22 23 24 27 25 26 30 28 32 29 31 33 34 35 36 37 39 38 40 41 42 43 44 45 46 48 47 49 50 53 51 54 52 55 56 57 60 58 59 61 63 62 64 65 66 67 68 69 70 72 73 74 71 76 75 77 78 79 80 81 83 82 85 84 86 87 88 90 89 91 93 94 95 92 97 96 99 98 
0 1 2 3 4 5 6 7 8 9 11 10 13 12 15 16 14 17 19 18 20 21 22 23 24 27 25 26 30 28 32 29 31 33 34 35 36 37 38 39 40 41 42 43 44 45 46 48 47 49 50 53 51 52 54 55 56 57 60 58 59 61 63 62 65 64 66 67 68 69 70 72 73 74 71 76 75 77 79 78 80 81 83 82 85 84 86 87 88 90 89 91 93 94 95 92 97 96 99 98 
0 1 2 3 4 5 6 7 8 9 11 10 13 12 15 16 14 17 19 18 20 21 22 23 24 27 25 30 26 28 32 29 31 33 34 35 36 37 38 39 40 41 42 43 44 45 46 48 47 49 50 53 51 54 52 55 56 60 57 58 59 61 63 62 64 65 66 67 69 68 72 70 73 74 71 76 75 77 79 78 80 81 83 82 85 84 86 87 88 90 89 91 93 94 95 92 97 96 99 98 
0 1 2 3 4 5 6 7 8 9 11 10 13 12 15 16 14 17 19 18 20 21 22 23 24 27 25 26 30 28 32 29 31 33 34 35 36 37 38 39 40 41 42 43 44 45 46 48 47 49 50 53 51 54 52 55 56 57 60 58 59 61 63 62 64 65 66 67 69 68 70 72 73 74 71 76 75 77 79 78 80 81 83 82 85 84 86 87 88 90 89 91 93 94 95 92 97 96 99 98 
0 1 2 3 4 5 6 7 8 9 11 10 13 12 15 16 14 17 19 18 20 21 22 23 24 27 25 26 30 28 32 29 31 33 34 35 36 37 39 38 40 41 42 43 44 45 46 48 47 49 50 53 51 54 52 55 56 57 60 58 59 61 63 62 64 65 66 67 69 68 70 72 73 74 71 76 75 77 79 78 80 81 83 82 85 84 86 87 88 90 89 91 93 94 95 92 97 96 99 98 
0 1 2 3 4 5 6 7 8 9 11 10 13 12 15 16 14 17 19 18 20 21 22 23 24 27 25 26 30 28 32 29 31 33 34 35 36 37 38 39 40 41 42 43 45 44 46 48 47 49 50 53 51 54 52 55 56 57 60 58 59 61 63 62 64 65 66 67 69 68 70 72 73 74 71 76 75 77 79 78 80 81 83 82 85 84 86 87 88 90 89 91 93 94 95 92 97 96 99 98 
0 1 2 3 4 5 6 7 8 9 11 10 13 15 12 16 14 17 19 18 20 22 21 23 27 24 25 26 30 28 29 32 31 33 34 35 36 37 38 39 40 41 42 43 44 45 46 48 47 49 50 53 51 52 54 55 56 57 60 58 59 61 62 63 64 65 66 67 69 68 70 73 72 74 71 76 77 75 79 78 80 81 83 82 85 84 86 87 88 90 89 91 93 94 95 92 97 96 99 98 
0 1 2 3 4 5 6 7 8 9 11 10 13 12 15 16 14 17 19 18 20 21 22 23 24 27 25 26 30 28 32 29 31 33 34 35 36 37 38 39 40 41 42 43 45 44 46 48 47 49 50 53 51 54 52 55 56 57 60 58 59 61 63 62 65 64 66 67 69 70 68 72 73 74 71 76 75 77 79 78 80 81 83 82 85 84 86 87 88 90 89 91 93 94 95 92 97 96 99 98 
0 1 2 3 4 5 6 7 8 9 11 10 13 12 15 16 14 17 19 18 20 21 22 23 24 27 25 26 30 28 32 29 31 33 35 34 36 37 38 39 40 41 42 43 44 45 46 48 47 49 50 53 51 54 52 55 56 57 60 58 59 61 63 62 64 65 66 67 69 68 70 72 73 74 71 76 75 77 79 78 80 81 83 82 85 84 86 87 88 90 89 91 93 94 95 92 97 96 99 98 
0 1 2 3 4 5 6 7 8 9 11 10 13 12 15 16 14 17 19 18 20 21 22 23 24 27 25 26 30 28 32 29 31 33 34 36 35 37 38 39 41 40 42 43 44 45 46 48 47 49 50 53 51 54 52 55 56 57 60 59 58 61 62 63 65 64 66 67 69 68 70 72 73 74 71 76 75 77 79 78 80 81 83 82 85 84 86 87 88 90 89 91 93 94 95 92 97 96 99 98 
0 1 2 3 4 5 6 7 8 9 11 10 13 12 15 16 14 17 19 18 20 21 22 23 27 24 25 26 30 28 32 29 31 33 34 35 36 37 38 39 40 41 42 43 45 44 46 48 47 49 50 51 53 54 52 55 56 57 60 58 59 61 63 62 64 65 66 67 69 68 70 72 73 74 71 76 75 77 79 78 80 81 82 83 85 84 86 87 88 90 89 91 93 94 95 92 97 96 99 98 
0 1 2 3 4 5 6 7 8 9 11 10 13 12 15 16 14 17 19 18 20 21 22 23 24 27 25 26 30 28 32 29 31 33 35 34 36 37 38 39 40 41 42 43 44 45 46 48 47 49 50 53 51 54 52 55 56 57 60 58 59 61 63 62 64 65 66 67 69 68 70 72 73 74 71 76 75 77 79 78 80 81 83 82 85 84 86 87 88 90 89 91 93 94 95 92 97 96 99 98 
0 1 2 3 4 5 6 7 8 9 11 10 13 12 15 16 14 17 19 18 20 21 22 23 27 24 25 26 30 28 32 29 31 33 34 35 36 37 38 39 40 41 42 43 44 45 46 47 48 49 50 53 51 54 52 55 56 57 60 58 59 61 63 62 64 65 66 67 69 68 70 72 73 74 71 76 75 77 79 78 80 81 83 82 85 84 86 87 88 90 89 91 93 94 95 92 97 96 99 98 
0 1 2 3 4 5 6 7 8 9 11 10 13 12 16 15 14 17 19 18 20 21 22 23 24 27 25 26 30 28 32 29 31 33 34 35 36 37 38 39 40 41 42 43 45 44 46 48 47 49 50 53 51 54 52 55 56 57 60 58 59 61 63 62 64 65 66 67 68 69 70 72 73 74 71 76 75 77 79 78 80 81 83 82 85 84 86 87 88 90 89 91 93 94 95 92 97 96 99 98 
0 1 2 3 4 5 6 7 8 9 11 10 13 12 15 16 14 17 19 18 20 21 22 23 24 27 25 26 30 28 32 29 31 33 34 35 36 37 38 39 40 41 42 43 44 45 46 48 47 49 50 53 51 54 52 55 56 57 60 58 59 61 63 62 64 65 66 67 69 68 70 72 73 74 71 76 75 77 79 78 80 81 83 82 85 84 86 87 88 90 89 91 93 94 95 92 97 96 99 98 
0 1 2 3 4 5 6 7 8 9 11 10 13 12 15 16 14 17 19 18 20 21 22 23 24 27 25 26 30 28 32 29 31 33 34 35 36 37 38 39 40 41 42 43 44 45 46 48 47 49 50 53 51 54 52 55 56 57 60 58 59 61 63 62 64 65 66 67 69 68 70 72 73 74 71 76 75 77 79 78 80 81 83 82 85 84 86 87 88 90 89 91 93 94 95 92 97 96 99 98 
0 1 2 3 4 5 6 7 8 9 11 10 13 12 15 16 14 17 19 18 20 21 22 24 23 27 25 26 30 28 32 29 31 33 34 35 36 37 38 39 40 41 42 43 44 45 46 48 47 49 50 53 51 54 52 55 56 57 60 58 59 61 63 62 64 65 66 67 69 68 70 73 72 74 71 76 75 77 79 78 80 81 83 82 85 84 87 86 88 90 89 91 93 94 95 92 97 96 99 98 
0 1 2 3 4 5 6 7 8 9 11 10 13 12 15 16 14 17 19 18 20 21 22 23 24 27 25 26 30 28 32 29 31 33 34 35 36 37 38 39 40 41 43 42 44 45 46 48 47 50 49 53 51 54 52 55 56 57 60 58 59 61 63 62 64 65 66 67 68 69 70 72 73 74 71 76 75 77 79 78 80 81 83 82 85 84 86 87 88 90 89 91 93 94 95 92 97 96 99 98 
0 1 2 3 4 5 6 7 8 9 11 10 13 12 15 16 14 17 19 18 20 21 22 23 24 27 25 26 30 28 32 29 31 33 34 35 36 37 38 39 40 41 42 43 44 45 46 48 47 49 50 53 51 54 52 55 56 57 60 58 59 61 63 62 64 65 66 67 69 68 70 72 73 74 71 76 75 77 79 78 80 81 83 82 85 84 86 87 88 90 89 91 93 94 95 92 97 96 99 98 
0 1 2 3 4 5 6 7 8 9 11 10 13 12 15 16 14 17 19 18 20 21 22 23 24 27 25 26 30 28 32 29 31 33 34 35 36 37 38 39 40 41 42 43 44 45 46 48 47 49 50 53 51 54 52 55 56 57 60 58 59 61 63 62 64 65 66 67 69 68 70 73 72 74 71 76 75 77 79 78 80 81 83 82 85 84 86 87 88 90 89 91 93 94 95 92 97 96 99 98 
0 1 2 3 4 5 6 7 8 9 11 10 13 12 15 16 14 17 19 18 20 21 22 23 24 27 25 26 30 28 32 29 31 33 34 35 36 37 38 39 40 41 42 43 44 45 46 48 47 49 50 53 51 54 52 55 56 57 60 58 59 61 63 62 64 65 66 67 68 69 70 72 73 74 71 76 75 77 79 78 80 81 83 82 85 84 86 87 88 90 89 91 93 94 95 92 97 96 99 98 
0 1 2 3 4 5 6 7 8 9 11 10 13 12 16 15 14 17 19 18 21 20 22 23 24 27 25 26 30 28 32 29 31 33 34 35 36 37 38 39 40 41 42 43 44 45 46 48 47 49 50 53 51 54 52 55 56 57 60 58 59 61 63 62 64 65 66 67 69 68 70 72 73 74 71 76 75 77 79 78 81 80 83 82 85 84 86 87 88 90 89 91 93 94 95 92 97 96 99 98 
0 1 2 3 4 5 6 7 8 9 11 10 13 12 15 16 14 19 17 18 20 21 22 23 24 27 25 26 30 28 32 29 31 33 34 35 36 37 38 39 40 41 42 43 44 45 46 48 47 49 50 53 51 54 52 55 56 57 60 58 59 61 63 62 64 65 66 67 69 68 70 72 73 74 71 76 75 77 79 78 80 81 83 82 85 84 86 87 88 90 89 91 93 94 95 92 97 96 99 98 
0 1 2 3 4 5 6 7 8 9 11 13 10 12 15 16 14 17 19 18 20 21 22 23 24 27 25 26 30 28 32 29 31 33 34 35 37 36 38 39 40 42 41 43 44 45 46 48 47 50 49 53 51 54 52 55 56 57 60 58 59 61 63 62 64 65 66 67 69 68 70 72 74 73 76 71 75 77 79 78 80 81 83 82 85 84 87 86 88 90 89 91 93 94 95 92 97 96 99 98 
0 1 2 3 4 5 6 7 8 9 11 10 13 12 15 16 14 17 19 18 20 21 22 23 24 27 25 26 30 28 29 32 31 33 35 34 36 37 38 39 40 41 42 43 44 45 46 48 47 49 50 53 51 54 52 55 56 57 60 58 59 61 63 62 64 65 66 67 69 68 70 73 72 74 71 76 75 77 79 78 80 81 83 82 85 84 86 87 88 90 89 91 93 94 95 92 97 96 99 98 
0 1 2 3 4 5 6 7 8 9 11 10 13 12 15 16 14 17 19 18 20 21 22 23 24 27 25 26 30 28 32 29 31 33 34 35 37 36 38 39 40 41 42 43 44 45 46 48 47 49 50 53 51 54 52 55 56 57 60 58 59 61 63 62 64 65 66 67 69 68 70 72 73 74 71 76 75 77 79 78 80 81 83 82 85 84 86 87 88 90 89 91 93 94 95 92 97 96 99 98 
0 1 2 3 4 5 6 7 8 9 11 10 13 12 15 16 14 17 19 18 20 21 22 23 24 27 25 26 30 28 29 32 31 33 34 36 35 38 37 39 40 41 42 43 44 45 46 48 47 49 50 53 51 54 52 55 56 57 60 58 59 62 63 61 64 65 66 67 69 68 70 72 73 74 71 76 75 77 79 78 80 81 83 82 85 84 86 87 88 90 89 91 93 94 95 92 97 96 99 98 
0 1 2 3 4 5 6 7 8 9 11 10 13 16 12 15 14 17 19 20 18 21 22 23 24 27 25 26 30 28 29 32 31 33 34 35 36 37 38 39 41 40 43 42 44 45 46 48 47 50 49 53 51 54 52 55 56 57 60 58 59 61 63 62 64 65 66 67 69 68 70 72 73 74 71 76 77 75 79 78 80 81 83 82 85 84 86 87 88 90 89 91 93 94 95 92 97 96 99 98 
0 1 2 3 4 5 6 7 8 9 11 10 13 12 15 16 14 17 19 18 20 21 22 23 24 27 25 26 30 28 32 29 31 33 34 35 36 37 38 39 40 41 42 43 44 45 46 48 47 49 50 53 51 54 52 55 56 57 60 58 59 61 63 62 64 65 66 67 69 68 70 72 73 74 71 76 75 77 79 78 80 81 83 82 84 85 86 87 88 90 89 91 93 94 95 92 97 96 99 98 
0 1 2 3 4 5 6 7 8 9 11 10 13 12 15 16 14 17 19 18 20 21 22 23 24 27 28 25 26 30 32 29 31 33 34 35 36 37 38 39 40 41 42 43 44 45 46 48 47 49 50 53 51 54 52 55 56 57 60 58 59 61 63 62 64 65 66 67 69 68 70 73 72 74 76 71 77 75 79 78 80 81 83 82 85 84 86 87 88 90 89 91 93 94 95 92 97 96 99 98 
0 1 2 3 4 5 6 7 8 9 11 10 13 12 15 16 14 17 19 18 20 21 22 23 24 27 25 26 30 28 32 29 31 33 34 35 36 37 38 39 40 41 42 43 44 45 46 48 47 49 50 53 51 54 52 55 56 57 60 58 59 61 63 62 64 65 66 67 69 68 70 72 73 74 71 76 75 77 79 78 80 81 83 82 85 84 86 87 88 90 89 91 93 94 95 92 97 96 99 98 
0 1 2 3 4 5 6 7 8 9 11 10 13 12 15 16 14 19 17 18 20 21 22 23 24 27 25 26 30 28 32 29 31 33 34 35 36 37 38 39 40 41 42 43 44 45 46 48 47 49 50 53 51 54 52 55 56 57 60 58 59 61 63 62 64 65 66 67 69 68 70 72 73 74 71 76 75 77 79 78 80 81 83 82 85 84 86 87 88 90 89 91 93 94 95 92 97 96 99 98 
0 1 2 3 4 5 6 7 8 9 11 10 13 12 15 16 14 17 19 18 20 21 22 23 24 27 25 26 30 28 32 29 31 33 34 35 36 37 38 39 40 41 42 43 45 44 46 48 47 49 50 53 51 54 52 55 56 57 60 58 59 61 63 62 64 65 66 67 69 68 70 72 73 74 71 76 75 77 79 80 78 81 83 82 84 85 86 87 88 90 89 91 93 94 95 92 97 96 99 98 
0 1 2 3 4 5 6 7 8 9 11 10 13 12 15 16 14 17 19 18 20 21 22 23 24 27 25 26 30 28 32 29 31 33 34 35 36 37 38 39 41 40 42 43 44 45 46 48 47 49 50 53 51 54 52 55 56 57 60 59 58 61 63 62 64 65 66 67 69 68 70 72 73 74 71 76 77 75 79 80 78 81 83 82 85 84 86 87 88 90 89 91 93 94 95 92 97 96 99 98 
0 1 2 3 4 5 6 7 8 9 11 10 13 12 15 16 14 17 19 18 20 21 22 23 24 27 25 26 30 28 32 29 31 33 34 35 36 37 38 39 41 40 42 43 44 45 46 48 47 49 50 53 51 54 52 55 56 57 60 58 59 61 63 62 64 65 66 67 69 68 70 72 73 74 71 76 75 77 79 78 80 81 83 82 85 84 86 87 88 90 89 91 93 94 95 92 97 96 99 98 
0 1 2 3 4 5 6 7 8 9 11 10 13 12 15 16 14 17 19 18 20 21 22 23 24 27 25 26 30 28 32 29 31 33 34 35 36 37 38 39 40 41 42 43 45 44 46 48 47 49 50 53 51 52 54 55 56 57 60 58 59 61 63 62 64 65 67 66 68 69 70 72 73 74 71 76 75 77 79 78 80 81 83 82 85 84 86 87 88 90 89 91 93 94 95 92 97 96 99 98 
0 1 2 4 3 5 6 7 8 9 11 10 13 12 15 16 14 17 19 18 20 21 22 23 24 27 25 26 30 28 32 29 31 33 34 36 35 37 38 39 40 41 43 42 44 45 46 48 47 49 50 53 51 54 52 55 56 57 60 58 59 61 63 62 64 65 67 66 69 68 70 72 73 74 71 76 75 77 79 78 80 81 83 82 85 84 86 87 88 90 89 91 93 94 95 92 97 96 99 98 
0 1 2 3 4 5 6 7 8 9 11 10 13 12 15 16 14 19 17 18 20 21 22 23 24 27 25 26 30 28 32 29 31 33 34 35 36 37 39 38 40 41 42 43 44 45 46 48 47 49 53 50 51 54 52 55 56 57 60 58 59 63 61 62 64 65 67 66 69 68 70 73 72 74 71 76 75 77 79 78 80 81 83 82 85 84 86 87 88 90 89 91 93 94 95 92 97 96 99 98 
0 1 2 3 4 5 6 7 8 9 11 10 13 12 15 16 14 17 19 18 20 21 22 23 24 27 25 26 30 28 32 29 31 33 34 35 36 37 38 39 40 41 42 43 44 45 46 48 47 49 50 53 51 54 52 55 56 57 60 58 59 61 63 62 64 65 66 67 69 68 70 72 73 74 71 76 75 77 79 78 80 81 83 82 85 84 86 87 88 90 89 91 93 94 95 92 97 96 99 98 
0 1 2 3 4 5 6 7 8 9 11 10 13 12 15 16 14 17 19 18 20 21 22 23 24 27 25 26 30 28 32 29 31 33 34 35 36 37 38 39 40 41 42 43 44 45 46 48 47 49 50 53 51 54 52 55 56 57 60 59 58 63 62 61 64 65 66 67 69 68 70 72 73 74 71 76 75 77 79 78 80 81 83 82 85 84 86 87 88 90 89 91 93 94 95 92 97 96 99 98 
0 1 2 3 4 5 6 7 8 9 11 10 13 12 15 16 14 17 19 18 20 21 22 23 24 27 25 26 30 28 32 29 31 34 33 35 36 37 38 39 40 41 42 43 44 45 46 47 48 49 50 53 51 54 52 55 56 57 60 58 59 61 63 62 64 65 66 67 69 68 70 72 73 74 71 76 75 77 79 78 80 81 83 82 85 84 86 87 88 90 89 91 93 94 95 92 97 96 99 98 
0 1 2 3 4 5 6 7 8 9 11 10 13 12 15 16 14 17 19 18 20 21 22 23 24 27 25 26 30 28 32 29 31 33 34 35 36 37 38 39 40 41 42 43 44 45 46 48 47 49 50 53 51 54 52 55 56 57 60 58 59 61 63 62 64 65 66 67 69 68 70 72 73 74 71 76 75 77 78 79 80 81 83 82 85 84 86 87 88 90 89 91 93 94 95 92 97 96 99 98 
0 1 2 3 4 5 6 7 8 9 11 10 13 12 15 16 14 17 19 18 20 21 22 23 24 27 25 30 26 28 32 29 31 33 34 35 36 37 38 39 40 41 42 43 44 45 46 48 47 49 50 51 53 54 52 55 56 57 60 58 59 61 63 62 64 65 66 67 69 68 70 72 73 74 71 76 75 77 79 80 78 81 83 82 85 84 86 87 88 90 89 91 93 94 95 92 97 96 99 98 
0 1 2 3 4 5 6 7 8 9 11 10 13 12 15 16 14 17 19 18 20 21 22 23 24 27 25 26 30 28 32 29 31 33 34 35 36 37 38 39 40 41 42 43 44 45 46 48 47 49 50 53 51 54 52 55 57 56 60 58 59 61 63 62 64 65 66 67 69 68 70 72 73 74 71 76 75 77 78 79 80 81 83 82 85 84 86 87 88 90 89 91 93 94 95 92 97 96 99 98 
0 1 2 3 4 5 6 7 8 9 11 10 13 12 15 16 14 17 19 18 20 21 22 23 24 27 25 26 30 28 32 29 31 33 35 34 36 37 39 38 40 41 42 43 44 45 46 48 47 49 50 53 51 54 52 55 56 57 60 58 59 61 63 62 64 65 66 67 69 68 70 72 73 74 71 76 75 77 79 78 80 81 83 82 84 85 86 87 88 90 89 91 93 94 95 92 97 96 99 98 
0 1 2 3 4 5 6 7 8 9 11 10 13 12 15 16 14 17 19 20 18 21 22 23 24 27 25 26 30 28 32 29 31 33 34 35 36 37 38 39 40 41 42 43 44 45 46 48 47 50 49 53 52 54 51 55 56 57 60 58 59 61 62 63 65 64 66 67 69 68 70 72 73 74 71 76 75 77 79 78 80 81 83 82 85 84 86 87 88 90 89 91 93 94 95 92 97 96 99 98 
0 1 2 3 4 5 6 7 8 9 11 10 13 12 15 16 14 17 19 18 20 21 22 23 24 27 25 26 30 28 32 29 31 33 34 35 36 37 38 39 40 41 42 43 44 45 46 48 50 47 49 53 51 54 52 55 56 57 59 60 58 61 63 62 64 65 66 67 69 68 70 72 73 74 71 76 75 77 79 78 80 81 83 82 84 85 86 87 88 90 89 93 91 94 95 92 97 96 99 98 
0 1 2 3 4 5 6 7 8 9 11 10 13 12 15 16 14 17 19 18 20 21 22 23 24 27 25 26 30 28 29 31 32 33 34 35 36 37 38 39 40 41 42 43 45 44 46 47 48 49 50 53 51 54 55 52 56 57 60 58 59 61 63 62 64 65 66 67 68 69 70 72 73 74 71 76 75 77 79 78 80 81 83 82 85 84 86 87 88 90 89 91 93 94 95 92 97 96 99 98 
0 1 2 3 4 5 6 7 8 9 11 10 13 12 15 16 14 17 19 18 20 21 22 23 24 27 25 26 30 28 32 29 31 33 34 35 36 37 38 39 40 41 42 43 44 45 46 48 47 49 50 53 51 54 52 55 56 57 60 58 59 61 63 62 64 65 66 67 69 68 70 72 73 74 71 76 75 77 79 78 80 81 83 82 85 84 86 87 88 90 89 91 93 94 95 92 97 96 99 98 
0 1 2 3 4 5 6 7 8 9 11 10 13 12 15 16 14 17 19 18 20 21 22 23 24 27 25 26 30 28 32 29 31 33 34 36 35 37 38 39 40 41 42 43 44 45 46 48 47 49 50 53 51 54 52 55 56 57 60 58 59 63 61 62 64 65 66 67 69 68 70 72 73 71 74 76 75 77 78 79 80 81 83 82 85 84 86 87 88 90 89 93 91 94 95 92 97 96 99 98 
0 1 2 3 4 5 6 7 8 9 11 10 13 12 15 16 14 17 19 18 20 21 22 23 24 27 25 26 30 28 32 29 31 33 34 35 36 37 38 39 41 40 42 43 44 45 46 48 47 49 50 53 51 54 52 55 56 57 60 58 59 61 63 62 65 64 66 67 69 68 70 72 73 74 71 76 75 77 79 78 80 81 83 82 85 84 86 87 88 90 89 91 93 94 95 92 97 96 99 98 
0 1 2 3 4 5 6 7 8 9 11 10 13 12 15 16 14 17 19 18 20 21 22 23 24 27 25 30 26 28 32 29 31 33 34 35 36 37 38 39 40 41 42 43 44 45 46 48 47 49 50 53 51 54 52 55 56 57 60 58 59 61 63 62 64 65 66 67 68 69 70 72 73 74 71 76 75 77 79 78 80 81 83 82 85 84 86 87 88 90 89 91 93 94 95 92 97 96 99 98 
0 1 2 3 4 5 6 7 8 9 11 10 13 12 15 16 14 17 19 18 20 21 22 23 24 27 25 26 30 28 29 32 31 33 34 35 36 37 38 39 41 40 42 43 44 45 46 48 47 49 50 53 51 54 52 55 56 57 60 58 59 61 63 62 64 65 66 67 69 68 70 72 73 74 71 76 75 77 78 79 80 81 83 82 85 84 86 87 88 90 89 91 93 94 95 92 97 96 99 98 
0 1 2 3 4 5 6 7 8 9 11 10 13 12 16 15 14 17 19 18 20 21 22 23 24 27 25 26 30 28 32 29 31 33 34 35 36 37 39 38 40 41 42 43 44 45 46 48 47 49 50 53 51 54 52 55 56 57 60 58 59 61 63 62 64 65 66 67 69 68 70 73 72 74 71 76 75 77 79 78 80 81 83 82 85 84 86 87 88 90 89 91 93 94 95 92 97 96 99 98 
0 1 2 3 4 5 6 7 8 9 11 10 13 12 15 16 14 17 19 18 20 21 22 23 24 27 25 26 30 28 32 29 31 33 34 35 36 37 38 39 40 41 42 43 44 45 46 48 47 49 50 53 51 52 54 55 56 57 60 58 59 61 63 62 64 65 66 67 69 68 70 72 73 74 71 76 75 77 79 78 80 81 83 82 85 84 86 87 88 90 89 91 93 94 95 92 97 96 99 98 
0 1 2 3 4 5 6 7 8 9 11 10 13 12 15 16 14 17 19 18 20 21 22 23 24 27 25 26 30 28 32 29 31 33 34 35 36 37 38 39 40 41 42 43 44 45 46 48 47 49 50 53 51 54 52 55 56 57 60 58 59 61 63 62 64 65 66 67 69 68 70 72 73 74 71 76 75 77 79 78 80 81 83 82 85 84 86 87 88 90 89 91 93 94 95 92 97 96 99 98 
0 1 2 3 4 5 6 7 8 9 11 13 10 12 15 16 14 17 19 18 20 21 22 23 24 27 25 26 30 28 32 29 31 33 34 35 36 37 38 39 40 41 42 43 44 45 46 48 47 49 50 53 51 54 52 55 56 57 60 58 59 61 63 62 64 65 66 67 69 68 70 72 73 74 71 76 75 77 79 78 80 81 83 82 85 84 86 87 88 90 89 91 93 94 95 92 97 96 99 98 
0 1 2 3 4 5 6 7 8 9 11 10 13 12 15 16 14 17 19 20 21 18 22 24 23 27 25 26 30 28 32 29 31 33 34 35 36 37 38 39 40 41 42 43 44 45 46 48 47 50 49 51 53 54 52 55 57 56 60 58 59 63 61 62 64 65 66 67 69 68 70 72 73 74 71 76 75 77 79 78 80 81 83 82 85 84 87 86 88 90 89 91 93 94 95 92 97 96 99 98 
0 1 2 3 4 5 6 7 8 9 11 10 13 12 15 16 14 17 19 18 20 21 22 23 24 27 25 26 30 28 32 29 31 33 34 35 36 37 38 39 40 41 42 43 44 45 46 48 47 49 50 53 51 54 52 55 56 57 60 58 59 61 63 62 64 65 66 67 69 68 70 72 73 74 71 76 75 77 79 78 80 81 83 82 85 84 86 87 88 90 89 91 93 94 95 92 96 97 99 98 
0 1 2 3 4 5 6 7 8 9 11 10 13 12 15 16 14 17 19 18 20 21 22 23 24 27 25 26 30 28 32 29 31 33 34 35 36 37 38 39 40 41 42 43 44 45 46 48 47 49 50 51 53 52 54 55 56 57 60 59 58 61 63 62 64 65 66 67 69 68 70 72 73 74 71 76 75 77 79 78 80 81 83 82 85 84 86 87 88 90 89 91 93 94 95 92 97 96 99 98 
0 1 2 3 4 5 6 7 8 9 11 10 13 12 15 16 14 17 19 18 20 21 22 23 24 27 25 26 30 28 32 29 31 33 34 35 36 37 38 39 40 41 42 43 44 45 46 48 47 49 50 53 51 54 52 55 56 57 60 59 58 61 63 62 64 65 66 67 69 68 70 72 73 74 71 76 75 77 79 80 78 81 83 82 85 84 87 86 88 90 89 91 93 94 95 92 97 96 99 98 
0 1 2 3 4 5 6 7 8 9 11 10 13 12 15 16 14 17 19 20 18 21 22 23 24 27 25 26 30 28 32 29 31 33 34 35 36 37 38 39 40 41 42 43 44 45 46 48 47 49 50 53 51 54 52 55 56 57 60 58 59 63 61 62 65 64 66 67 69 68 70 72 73 74 71 76 77 75 79 78 80 81 83 82 85 84 86 87 88 90 89 91 93 94 95 92 97 96 99 98 
0 1 2 3 4 5 6 7 8 9 11 10 13 12 15 16 14 17 19 18 20 21 22 23 24 27 25 30 26 28 32 29 31 33 35 34 36 37 38 39 40 42 41 43 44 45 46 48 47 50 49 53 51 54 52 55 56 57 60 58 59 61 63 62 64 65 66 67 69 68 70 72 73 74 71 76 75 77 79 78 80 81 83 82 85 84 86 87 88 90 89 91 93 94 95 92 97 96 99 98 
0 1 2 3 4 5 6 7 8 9 11 10 13 12 15 16 14 17 19 18 20 21 22 23 24 27 25 26 30 28 32 29 31 33 34 35 36 37 38 39 40 41 42 43 44 45 46 48 47 49 50 53 51 54 52 55 56 57 60 59 58 61 63 62 64 65 66 67 69 68 70 72 73 74 71 76 75 77 79 78 80 81 83 82 85 84 86 87 88 90 89 91 93 94 95 92 97 96 99 98 
0 1 2 3 4 5 6 7 8 9 11 10 13 12 15 16 14 17 19 18 20 21 22 23 24 27 25 30 26 28 32 29 31 33 34 35 36 37 38 39 41 40 42 43 44 45 46 48 47 49 50 53 51 54 52 55 57 56 60 58 59 61 63 62 64 65 66 67 69 68 70 72 73 74 71 76 75 77 79 78 80 81 83 82 85 84 86 87 88 90 89 91 93 94 95 92 97 96 99 98 
0 1 2 3 4 5 6 7 8 9 11 10 13 12 15 16 14 17 19 18 20 21 22 23 24 27 25 30 26 28 32 29 31 33 35 34 36 37 38 39 40 41 42 43 44 45 46 47 48 49 50 53 51 54 52 55 57 56 60 58 59 61 63 62 64 65 66 67 68 69 70 72 73 74 71 76 75 77 79 78 80 81 83 82 85 84 86 87 88 90 89 91 93 94 95 92 97 96 99 98 
0 1 2 3 4 5 6 7 8 9 11 10 13 12 15 16 14 17 19 18 20 21 22 23 24 27 25 26 30 28 32 29 31 33 34 35 36 37 38 39 40 42 41 43 45 44 46 48 47 49 50 53 51 54 52 55 56 57 59 60 58 61 62 63 64 65 66 67 69 68 70 73 72 74 71 76 75 77 79 78 80 81 83 82 85 84 86 87 88 90 89 91 93 94 95 92 97 96 99 98 
0 1 2 3 4 5 6 7 8 9 11 10 13 12 15 16 14 17 19 18 20 21 22 23 24 27 25 26 30 28 32 29 31 33 35 34 36 37 38 39 40 41 42 43 44 45 46 48 47 49 50 53 51 52 54 55 56 57 60 58 59 61 63 62 64 65 66 67 69 68 70 72 73 74 71 76 75 77 79 78 80 81 83 82 85 84 86 87 88 90 89 91 93 94 95 92 97 96 99 98 
0 1 2 3 4 5 6 7 8 9 11 10 13 12 15 16 14 17 19 18 20 21 22 23 24 27 25 26 30 28 32 29 31 33 34 35 36 37 38 39 40 41 42 43 44 45 46 48 47 49 50 53 51 54 52 55 57 56 60 58 59 61 63 62 64 65 66 67 69 68 70 72 73 74 71 76 75 77 79 78 80 81 83 82 85 84 86 87 88 90 89 91 93 94 95 92 97 96 99 98 
0 1 2 3 4 5 6 7 8 9 11 13 10 12 15 16 14 17 19 18 20 21 22 23 24 27 25 26 30 28 29 31 32 33 35 34 37 36 38 39 40 41 42 43 44 45 46 48 47 49 50 53 51 54 52 55 56 57 60 58 59 61 63 62 64 65 66 67 69 68 70 72 73 74 71 76 75 77 79 78 80 81 82 83 85 84 86 87 88 90 89 91 93 94 95 92 97 96 99 98 
0 1 2 3 4 5 6 7 8 9 11 10 13 12 16 15 14 17 19 18 20 21 22 23 24 27 25 26 30 28 32 29 31 33 34 35 36 37 38 39 40 41 42 43 44 45 46 48 47 49 50 53 51 54 52 55 56 57 60 58 59 61 63 62 64 65 66 67 69 68 70 72 73 71 74 76 75 77 79 78 80 81 83 82 85 84 86 87 88 90 89 91 93 94 95 92 97 96 99 98 

Rank matrix
100 0 0 0 0 0 0 0 0 0 0 0 0 0 0 0 0 0 0 0 0 0 0 0 0 0 0 0 0 0 0 0 0 0 0 0 0 0 0 0 0 0 0 0 0 0 0 0 0 0 0 0 0 0 0 0 0 0 0 0 0 0 0 0 0 0 0 0 0 0 0 0 0 0 0 0 0 0 0 0 0 0 0 0 0 0 0 0 0 0 0 0 0 0 0 0 0 0 0 0 
0 100 0 0 0 0 0 0 0 0 0 0 0 0 0 0 0 0 0 0 0 0 0 0 0 0 0 0 0 0 0 0 0 0 0 0 0 0 0 0 0 0 0 0 0 0 0 0 0 0 0 0 0 0 0 0 0 0 0 0 0 0 0 0 0 0 0 0 0 0 0 0 0 0 0 0 0 0 0 0 0 0 0 0 0 0 0 0 0 0 0 0 0 0 0 0 0 0 0 0 
0 0 100 0 0 0 0 0 0 0 0 0 0 0 0 0 0 0 0 0 0 0 0 0 0 0 0 0 0 0 0 0 0 0 0 0 0 0 0 0 0 0 0 0 0 0 0 0 0 0 0 0 0 0 0 0 0 0 0 0 0 0 0 0 0 0 0 0 0 0 0 0 0 0 0 0 0 0 0 0 0 0 0 0 0 0 0 0 0 0 0 0 0 0 0 0 0 0 0 0 
0 0 0 99 1 0 0 0 0 0 0 0 0 0 0 0 0 0 0 0 0 0 0 0 0 0 0 0 0 0 0 0 0 0 0 0 0 0 0 0 0 0 0 0 0 0 0 0 0 0 0 0 0 0 0 0 0 0 0 0 0 0 0 0 0 0 0 0 0 0 0 0 0 0 0 0 0 0 0 0 0 0 0 0 0 0 0 0 0 0 0 0 0 0 0 0 0 0 0 0 
0 0 0 1 99 0 0 0 0 0 0 0 0 0 0 0 0 0 0 0 0 0 0 0 0 0 0 0 0 0 0 0 0 0 0 0 0 0 0 0 0 0 0 0 0 0 0 0 0 0 0 0 0 0 0 0 0 0 0 0 0 0 0 0 0 0 0 0 0 0 0 0 0 0 0 0 0 0 0 0 0 0 0 0 0 0 0 0 0 0 0 0 0 0 0 0 0 0 0 0 
0 0 0 0 0 100 0 0 0 0 0 0 0 0 0 0 0 0 0 0 0 0 0 0 0 0 0 0 0 0 0 0 0 0 0 0 0 0 0 0 0 0 0 0 0 0 0 0 0 0 0 0 0 0 0 0 0 0 0 0 0 0 0 0 0 0 0 0 0 0 0 0 0 0 0 0 0 0 0 0 0 0 0 0 0 0 0 0 0 0 0 0 0 0 0 0 0 0 0 0 
0 0 0 0 0 0 100 0 0 0 0 0 0 0 0 0 0 0 0 0 0 0 0 0 0 0 0 0 0 0 0 0 0 0 0 0 0 0 0 0 0 0 0 0 0 0 0 0 0 0 0 0 0 0 0 0 0 0 0 0 0 0 0 0 0 0 0 0 0 0 0 0 0 0 0 0 0 0 0 0 0 0 0 0 0 0 0 0 0 0 0 0 0 0 0 0 0 0 0 0 
0 0 0 0 0 0 0 100 0 0 0 0 0 0 0 0 0 0 0 0 0 0 0 0 0 0 0 0 0 0 0 0 0 0 0 0 0 0 0 0 0 0 0 0 0 0 0 0 0 0 0 0 0 0 0 0 0 0 0 0 0 0 0 0 0 0 0 0 0 0 0 0 0 0 0 0 0 0 0 0 0 0 0 0 0 0 0 0 0 0 0 0 0 0 0 0 0 0 0 0 
0 0 0 0 0 0 0 0 100 0 0 0 0 0 0 0 0 0 0 0 0 0 0 0 0 0 0 0 0 0 0 0 0 0 0 0 0 0 0 0 0 0 0 0 0 0 0 0 0 0 0 0 0 0 0 0 0 0 0 0 0 0 0 0 0 0 0 0 0 0 0 0 0 0 0 0 0 0 0 0 0 0 0 0 0 0 0 0 0 0 0 0 0 0 0 0 0 0 0 0 
0 0 0 0 0 0 0 0 0 100 0 0 0 0 0 0 0 0 0 0 0 0 0 0 0 0 0 0 0 0 0 0 0 0 0 0 0 0 0 0 0 0 0 0 0 0 0 0 0 0 0 0 0 0 0 0 0 0 0 0 0 0 0 0 0 0 0 0 0 0 0 0 0 0 0 0 0 0 0 0 0 0 0 0 0 0 0 0 0 0 0 0 0 0 0 0 0 0 0 0 
0 0 0 0 0 0 0 0 0 0 0 96 4 0 0 0 0 0 0 0 0 0 0 0 0 0 0 0 0 0 0 0 0 0 0 0 0 0 0 0 0 0 0 0 0 0 0 0 0 0 0 0 0 0 0 0 0 0 0 0 0 0 0 0 0 0 0 0 0 0 0 0 0 0 0 0 0 0 0 0 0 0 0 0 0 0 0 0 0 0 0 0 0 0 0 0 0 0 0 0 
0 0 0 0 0 0 0 0 0 0 100 0 0 0 0 0 0 0 0 0 0 0 0 0 0 0 0 0 0 0 0 0 0 0 0 0 0 0 0 0 0 0 0 0 0 0 0 0 0 0 0 0 0 0 0 0 0 0 0 0 0 0 0 0 0 0 0 0 0 0 0 0 0 0 0 0 0 0 0 0 0 0 0 0 0 0 0 0 0 0 0 0 0 0 0 0 0 0 0 0 
0 0 0 0 0 0 0 0 0 0 0 0 0 97 3 0 0 0 0 0 0 0 0 0 0 0 0 0 0 0 0 0 0 0 0 0 0 0 0 0 0 0 0 0 0 0 0 0 0 0 0 0 0 0 0 0 0 0 0 0 0 0 0 0 0 0 0 0 0 0 0 0 0 0 0 0 0 0 0 0 0 0 0 0 0 0 0 0 0 0 0 0 0 0 0 0 0 0 0 0 
0 0 0 0 0 0 0 0 0 0 0 4 96 0 0 0 0 0 0 0 0 0 0 0 0 0 0 0 0 0 0 0 0 0 0 0 0 0 0 0 0 0 0 0 0 0 0 0 0 0 0 0 0 0 0 0 0 0 0 0 0 0 0 0 0 0 0 0 0 0 0 0 0 0 0 0 0 0 0 0 0 0 0 0 0 0 0 0 0 0 0 0 0 0 0 0 0 0 0 0 
0 0 0 0 0 0 0 0 0 0 0 0 0 0 0 2 97 1 0 0 0 0 0 0 0 0 0 0 0 0 0 0 0 0 0 0 0 0 0 0 0 0 0 0 0 0 0 0 0 0 0 0 0 0 0 0 0 0 0 0 0 0 0 0 0 0 0 0 0 0 0 0 0 0 0 0 0 0 0 0 0 0 0 0 0 0 0 0 0 0 0 0 0 0 0 0 0 0 0 0 
0 0 0 0 0 0 0 0 0 0 0 0 0 2 93 5 0 0 0 0 0 0 0 0 0 0 0 0 0 0 0 0 0 0 0 0 0 0 0 0 0 0 0 0 0 0 0 0 0 0 0 0 0 0 0 0 0 0 0 0 0 0 0 0 0 0 0 0 0 0 0 0 0 0 0 0 0 0 0 0 0 0 0 0 0 0 0 0 0 0 0 0 0 0 0 0 0 0 0 0 
0 0 0 0 0 0 0 0 0 0 0 0 0 1 4 93 2 0 0 0 0 0 0 0 0 0 0 0 0 0 0 0 0 0 0 0 0 0 0 0 0 0 0 0 0 0 0 0 0 0 0 0 0 0 0 0 0 0 0 0 0 0 0 0 0 0 0 0 0 0 0 0 0 0 0 0 0 0 0 0 0 0 0 0 0 0 0 0 0 0 0 0 0 0 0 0 0 0 0 0 
0 0 0 0 0 0 0 0 0 0 0 0 0 0 0 0 1 95 4 0 0 0 0 0 0 0 0 0 0 0 0 0 0 0 0 0 0 0 0 0 0 0 0 0 0 0 0 0 0 0 0 0 0 0 0 0 0 0 0 0 0 0 0 0 0 0 0 0 0 0 0 0 0 0 0 0 0 0 0 0 0 0 0 0 0 0 0 0 0 0 0 0 0 0 0 0 0 0 0 0 
0 0 0 0 0 0 0 0 0 0 0 0 0 0 0 0 0 0 0 96 3 1 0 0 0 0 0 0 0 0 0 0 0 0 0 0 0 0 0 0 0 0 0 0 0 0 0 0 0 0 0 0 0 0 0 0 0 0 0 0 0 0 0 0 0 0 0 0 0 0 0 0 0 0 0 0 0 0 0 0 0 0 0 0 0 0 0 0 0 0 0 0 0 0 0 0 0 0 0 0 
0 0 0 0 0 0 0 0 0 0 0 0 0 0 0 0 0 4 96 0 0 0 0 0 0 0 0 0 0 0 0 0 0 0 0 0 0 0 0 0 0 0 0 0 0 0 0 0 0 0 0 0 0 0 0 0 0 0 0 0 0 0 0 0 0 0 0 0 0 0 0 0 0 0 0 0 0 0 0 0 0 0 0 0 0 0 0 0 0 0 0 0 0 0 0 0 0 0 0 0 
0 0 0 0 0 0 0 0 0 0 0 0 0 0 0 0 0 0 0 4 95 1 0 0 0 0 0 0 0 0 0 0 0 0 0 0 0 0 0 0 0 0 0 0 0 0 0 0 0 0 0 0 0 0 0 0 0 0 0 0 0 0 0 0 0 0 0 0 0 0 0 0 0 0 0 0 0 0 0 0 0 0 0 0 0 0 0 0 0 0 0 0 0 0 0 0 0 0 0 0 
0 0 0 0 0 0 0 0 0 0 0 0 0 0 0 0 0 0 0 0 2 96 2 0 0 0 0 0 0 0 0 0 0 0 0 0 0 0 0 0 0 0 0 0 0 0 0 0 0 0 0 0 0 0 0 0 0 0 0 0 0 0 0 0 0 0 0 0 0 0 0 0 0 0 0 0 0 0 0 0 0 0 0 0 0 0 0 0 0 0 0 0 0 0 0 0 0 0 0 0 
0 0 0 0 0 0 0 0 0 0 0 0 0 0 0 0 0 0 0 0 0 2 98 0 0 0 0 0 0 0 0 0 0 0 0 0 0 0 0 0 0 0 0 0 0 0 0 0 0 0 0 0 0 0 0 0 0 0 0 0 0 0 0 0 0 0 0 0 0 0 0 0 0 0 0 0 0 0 0 0 0 0 0 0 0 0 0 0 0 0 0 0 0 0 0 0 0 0 0 0 
0 0 0 0 0 0 0 0 0 0 0 0 0 0 0 0 0 0 0 0 0 0 0 96 4 0 0 0 0 0 0 0 0 0 0 0 0 0 0 0 0 0 0 0 0 0 0 0 0 0 0 0 0 0 0 0 0 0 0 0 0 0 0 0 0 0 0 0 0 0 0 0 0 0 0 0 0 0 0 0 0 0 0 0 0 0 0 0 0 0 0 0 0 0 0 0 0 0 0 0 
0 0 0 0 0 0 0 0 0 0 0 0 0 0 0 0 0 0 0 0 0 0 0 4 93 3 0 0 0 0 0 0 0 0 0 0 0 0 0 0 0 0 0 0 0 0 0 0 0 0 0 0 0 0 0 0 0 0 0 0 0 0 0 0 0 0 0 0 0 0 0 0 0 0 0 0 0 0 0 0 0 0 0 0 0 0 0 0 0 0 0 0 0 0 0 0 0 0 0 0 
0 0 0 0 0 0 0 0 0 0 0 0 0 0 0 0 0 0 0 0 0 0 0 0 0 0 99 1 0 0 0 0 0 0 0 0 0 0 0 0 0 0 0 0 0 0 0 0 0 0 0 0 0 0 0 0 0 0 0 0 0 0 0 0 0 0 0 0 0 0 0 0 0 0 0 0 0 0 0 0 0 0 0 0 0 0 0 0 0 0 0 0 0 0 0 0 0 0 0 0 
0 0 0 0 0 0 0 0 0 0 0 0 0 0 0 0 0 0 0 0 0 0 0 0 0 0 0 91 9 0 0 0 0 0 0 0 0 0 0 0 0 0 0 0 0 0 0 0 0 0 0 0 0 0 0 0 0 0 0 0 0 0 0 0 0 0 0 0 0 0 0 0 0 0 0 0 0 0 0 0 0 0 0 0 0 0 0 0 0 0 0 0 0 0 0 0 0 0 0 0 
0 0 0 0 0 0 0 0 0 0 0 0 0 0 0 0 0 0 0 0 0 0 0 0 3 97 0 0 0 0 0 0 0 0 0 0 0 0 0 0 0 0 0 0 0 0 0 0 0 0 0 0 0 0 0 0 0 0 0 0 0 0 0 0 0 0 0 0 0 0 0 0 0 0 0 0 0 0 0 0 0 0 0 0 0 0 0 0 0 0 0 0 0 0 0 0 0 0 0 0 
0 0 0 0 0 0 0 0 0 0 0 0 0 0 0 0 0 0 0 0 0 0 0 0 0 0 1 0 0 99 0 0 0 0 0 0 0 0 0 0 0 0 0 0 0 0 0 0 0 0 0 0 0 0 0 0 0 0 0 0 0 0 0 0 0 0 0 0 0 0 0 0 0 0 0 0 0 0 0 0 0 0 0 0 0 0 0 0 0 0 0 0 0 0 0 0 0 0 0 0 
0 0 0 0 0 0 0 0 0 0 0 0 0 0 0 0 0 0 0 0 0 0 0 0 0 0 0 0 0 0 10 90 0 0 0 0 0 0 0 0 0 0 0 0 0 0 0 0 0 0 0 0 0 0 0 0 0 0 0 0 0 0 0 0 0 0 0 0 0 0 0 0 0 0 0 0 0 0 0 0 0 0 0 0 0 0 0 0 0 0 0 0 0 0 0 0 0 0 0 0 
0 0 0 0 0 0 0 0 0 0 0 0 0 0 0 0 0 0 0 0 0 0 0 0 0 0 0 8 91 1 0 0 0 0 0 0 0 0 0 0 0 0 0 0 0 0 0 0 0 0 0 0 0 0 0 0 0 0 0 0 0 0 0 0 0 0 0 0 0 0 0 0 0 0 0 0 0 0 0 0 0 0 0 0 0 0 0 0 0 0 0 0 0 0 0 0 0 0 0 0 
0 0 0 0 0 0 0 0 0 0 0 0 0 0 0 0 0 0 0 0 0 0 0 0 0 0 0 0 0 0 0 4 95 1 0 0 0 0 0 0 0 0 0 0 0 0 0 0 0 0 0 0 0 0 0 0 0 0 0 0 0 0 0 0 0 0 0 0 0 0 0 0 0 0 0 0 0 0 0 0 0 0 0 0 0 0 0 0 0 0 0 0 0 0 0 0 0 0 0 0 
0 0 0 0 0 0 0 0 0 0 0 0 0 0 0 0 0 0 0 0 0 0 0 0 0 0 0 0 0 0 90 6 4 0 0 0 0 0 0 0 0 0 0 0 0 0 0 0 0 0 0 0 0 0 0 0 0 0 0 0 0 0 0 0 0 0 0 0 0 0 0 0 0 0 0 0 0 0 0 0 0 0 0 0 0 0 0 0 0 0 0 0 0 0 0 0 0 0 0 0 
0 0 0 0 0 0 0 0 0 0 0 0 0 0 0 0 0 0 0 0 0 0 0 0 0 0 0 0 0 0 0 0 1 98 1 0 0 0 0 0 0 0 0 0 0 0 0 0 0 0 0 0 0 0 0 0 0 0 0 0 0 0 0 0 0 0 0 0 0 0 0 0 0 0 0 0 0 0 0 0 0 0 0 0 0 0 0 0 0 0 0 0 0 0 0 0 0 0 0 0 
0 0 0 0 0 0 0 0 0 0 0 0 0 0 0 0 0 0 0 0 0 0 0 0 0 0 0 0 0 0 0 0 0 1 89 10 0 0 0 0 0 0 0 0 0 0 0 0 0 0 0 0 0 0 0 0 0 0 0 0 0 0 0 0 0 0 0 0 0 0 0 0 0 0 0 0 0 0 0 0 0 0 0 0 0 0 0 0 0 0 0 0 0 0 0 0 0 0 0 0 
0 0 0 0 0 0 0 0 0 0 0 0 0 0 0 0 0 0 0 0 0 0 0 0 0 0 0 0 0 0 0 0 0 0 10 86 4 0 0 0 0 0 0 0 0 0 0 0 0 0 0 0 0 0 0 0 0 0 0 0 0 0 0 0 0 0 0 0 0 0 0 0 0 0 0 0 0 0 0 0 0 0 0 0 0 0 0 0 0 0 0 0 0 0 0 0 0 0 0 0 
0 0 0 0 0 0 0 0 0 0 0 0 0 0 0 0 0 0 0 0 0 0 0 0 0 0 0 0 0 0 0 0 0 0 0 4 92 4 0 0 0 0 0 0 0 0 0 0 0 0 0 0 0 0 0 0 0 0 0 0 0 0 0 0 0 0 0 0 0 0 0 0 0 0 0 0 0 0 0 0 0 0 0 0 0 0 0 0 0 0 0 0 0 0 0 0 0 0 0 0 
0 0 0 0 0 0 0 0 0 0 0 0 0 0 0 0 0 0 0 0 0 0 0 0 0 0 0 0 0 0 0 0 0 0 0 0 4 95 1 0 0 0 0 0 0 0 0 0 0 0 0 0 0 0 0 0 0 0 0 0 0 0 0 0 0 0 0 0 0 0 0 0 0 0 0 0 0 0 0 0 0 0 0 0 0 0 0 0 0 0 0 0 0 0 0 0 0 0 0 0 
0 0 0 0 0 0 0 0 0 0 0 0 0 0 0 0 0 0 0 0 0 0 0 0 0 0 0 0 0 0 0 0 0 0 0 0 0 1 92 7 0 0 0 0 0 0 0 0 0 0 0 0 0 0 0 0 0 0 0 0 0 0 0 0 0 0 0 0 0 0 0 0 0 0 0 0 0 0 0 0 0 0 0 0 0 0 0 0 0 0 0 0 0 0 0 0 0 0 0 0 
0 0 0 0 0 0 0 0 0 0 0 0 0 0 0 0 0 0 0 0 0 0 0 0 0 0 0 0 0 0 0 0 0 0 0 0 0 0 7 93 0 0 0 0 0 0 0 0 0 0 0 0 0 0 0 0 0 0 0 0 0 0 0 0 0 0 0 0 0 0 0 0 0 0 0 0 0 0 0 0 0 0 0 0 0 0 0 0 0 0 0 0 0 0 0 0 0 0 0 0 
0 0 0 0 0 0 0 0 0 0 0 0 0 0 0 0 0 0 0 0 0 0 0 0 0 0 0 0 0 0 0 0 0 0 0 0 0 0 0 0 92 8 0 0 0 0 0 0 0 0 0 0 0 0 0 0 0 0 0 0 0 0 0 0 0 0 0 0 0 0 0 0 0 0 0 0 0 0 0 0 0 0 0 0 0 0 0 0 0 0 0 0 0 0 0 0 0 0 0 0 
0 0 0 0 0 0 0 0 0 0 0 0 0 0 0 0 0 0 0 0 0 0 0 0 0 0 0 0 0 0 0 0 0 0 0 0 0 0 0 0 8 89 3 0 0 0 0 0 0 0 0 0 0 0 0 0 0 0 0 0 0 0 0 0 0 0 0 0 0 0 0 0 0 0 0 0 0 0 0 0 0 0 0 0 0 0 0 0 0 0 0 0 0 0 0 0 0 0 0 0 
0 0 0 0 0 0 0 0 0 0 0 0 0 0 0 0 0 0 0 0 0 0 0 0 0 0 0 0 0 0 0 0 0 0 0 0 0 0 0 0 0 3 93 4 0 0 0 0 0 0 0 0 0 0 0 0 0 0 0 0 0 0 0 0 0 0 0 0 0 0 0 0 0 0 0 0 0 0 0 0 0 0 0 0 0 0 0 0 0 0 0 0 0 0 0 0 0 0 0 0 
0 0 0 0 0 0 0 0 0 0 0 0 0 0 0 0 0 0 0 0 0 0 0 0 0 0 0 0 0 0 0 0 0 0 0 0 0 0 0 0 0 0 4 96 0 0 0 0 0 0 0 0 0 0 0 0 0 0 0 0 0 0 0 0 0 0 0 0 0 0 0 0 0 0 0 0 0 0 0 0 0 0 0 0 0 0 0 0 0 0 0 0 0 0 0 0 0 0 0 0 
0 0 0 0 0 0 0 0 0 0 0 0 0 0 0 0 0 0 0 0 0 0 0 0 0 0 0 0 0 0 0 0 0 0 0 0 0 0 0 0 0 0 0 0 90 10 0 0 0 0 0 0 0 0 0 0 0 0 0 0 0 0 0 0 0 0 0 0 0 0 0 0 0 0 0 0 0 0 0 0 0 0 0 0 0 0 0 0 0 0 0 0 0 0 0 0 0 0 0 0 
0 0 0 0 0 0 0 0 0 0 0 0 0 0 0 0 0 0 0 0 0 0 0 0 0 0 0 0 0 0 0 0 0 0 0 0 0 0 0 0 0 0 0 0 10 90 0 0 0 0 0 0 0 0 0 0 0 0 0 0 0 0 0 0 0 0 0 0 0 0 0 0 0 0 0 0 0 0 0 0 0 0 0 0 0 0 0 0 0 0 0 0 0 0 0 0 0 0 0 0 
0 0 0 0 0 0 0 0 0 0 0 0 0 0 0 0 0 0 0 0 0 0 0 0 0 0 0 0 0 0 0 0 0 0 0 0 0 0 0 0 0 0 0 0 0 0 99 1 0 0 0 0 0 0 0 0 0 0 0 0 0 0 0 0 0 0 0 0 0 0 0 0 0 0 0 0 0 0 0 0 0 0 0 0 0 0 0 0 0 0 0 0 0 0 0 0 0 0 0 0 
0 0 0 0 0 0 0 0 0 0 0 0 0 0 0 0 0 0 0 0 0 0 0 0 0 0 0 0 0 0 0 0 0 0 0 0 0 0 0 0 0 0 0 0 0 0 0 6 93 1 0 0 0 0 0 0 0 0 0 0 0 0 0 0 0 0 0 0 0 0 0 0 0 0 0 0 0 0 0 0 0 0 0 0 0 0 0 0 0 0 0 0 0 0 0 0 0 0 0 0 
0 0 0 0 0 0 0 0 0 0 0 0 0 0 0 0 0 0 0 0 0 0 0 0 0 0 0 0 0 0 0 0 0 0 0 0 0 0 0 0 0 0 0 0 0 0 1 93 6 0 0 0 0 0 0 0 0 0 0 0 0 0 0 0 0 0 0 0 0 0 0 0 0 0 0 0 0 0 0 0 0 0 0 0 0 0 0 0 0 0 0 0 0 0 0 0 0 0 0 0 
0 0 0 0 0 0 0 0 0 0 0 0 0 0 0 0 0 0 0 0 0 0 0 0 0 0 0 0 0 0 0 0 0 0 0 0 0 0 0 0 0 0 0 0 0 0 0 0 0 89 11 0 0 0 0 0 0 0 0 0 0 0 0 0 0 0 0 0 0 0 0 0 0 0 0 0 0 0 0 0 0 0 0 0 0 0 0 0 0 0 0 0 0 0 0 0 0 0 0 0 
0 0 0 0 0 0 0 0 0 0 0 0 0 0 0 0 0 0 0 0 0 0 0 0 0 0 0 0 0 0 0 0 0 0 0 0 0 0 0 0 0 0 0 0 0 0 0 0 1 10 87 2 0 0 0 0 0 0 0 0 0 0 0 0 0 0 0 0 0 0 0 0 0 0 0 0 0 0 0 0 0 0 0 0 0 0 0 0 0 0 0 0 0 0 0 0 0 0 0 0 
0 0 0 0 0 0 0 0 0 0 0 0 0 0 0 0 0 0 0 0 0 0 0 0 0 0 0 0 0 0 0 0 0 0 0 0 0 0 0 0 0 0 0 0 0 0 0 0 0 0 0 5 92 2 1 0 0 0 0 0 0 0 0 0 0 0 0 0 0 0 0 0 0 0 0 0 0 0 0 0 0 0 0 0 0 0 0 0 0 0 0 0 0 0 0 0 0 0 0 0 
0 0 0 0 0 0 0 0 0 0 0 0 0 0 0 0 0 0 0 0 0 0 0 0 0 0 0 0 0 0 0 0 0 0 0 0 0 0 0 0 0 0 0 0 0 0 0 0 0 0 0 0 1 8 89 2 0 0 0 0 0 0 0 0 0 0 0 0 0 0 0 0 0 0 0 0 0 0 0 0 0 0 0 0 0 0 0 0 0 0 0 0 0 0 0 0 0 0 0 0 
0 0 0 0 0 0 0 0 0 0 0 0 0 0 0 0 0 0 0 0 0 0 0 0 0 0 0 0 0 0 0 0 0 0 0 0 0 0 0 0 0 0 0 0 0 0 0 0 0 0 2 93 5 0 0 0 0 0 0 0 0 0 0 0 0 0 0 0 0 0 0 0 0 0 0 0 0 0 0 0 0 0 0 0 0 0 0 0 0 0 0 0 0 0 0 0 0 0 0 0 
0 0 0 0 0 0 0 0 0 0 0 0 0 0 0 0 0 0 0 0 0 0 0 0 0 0 0 0 0 0 0 0 0 0 0 0 0 0 0 0 0 0 0 0 0 0 0 0 0 0 0 0 2 90 8 0 0 0 0 0 0 0 0 0 0 0 0 0 0 0 0 0 0 0 0 0 0 0 0 0 0 0 0 0 0 0 0 0 0 0 0 0 0 0 0 0 0 0 0 0 
0 0 0 0 0 0 0 0 0 0 0 0 0 0 0 0 0 0 0 0 0 0 0 0 0 0 0 0 0 0 0 0 0 0 0 0 0 0 0 0 0 0 0 0 0 0 0 0 0 0 0 0 0 0 2 97 1 0 0 0 0 0 0 0 0 0 0 0 0 0 0 0 0 0 0 0 0 0 0 0 0 0 0 0 0 0 0 0 0 0 0 0 0 0 0 0 0 0 0 0 
0 0 0 0 0 0 0 0 0 0 0 0 0 0 0 0 0 0 0 0 0 0 0 0 0 0 0 0 0 0 0 0 0 0 0 0 0 0 0 0 0 0 0 0 0 0 0 0 0 0 0 0 0 0 0 1 91 8 0 0 0 0 0 0 0 0 0 0 0 0 0 0 0 0 0 0 0 0 0 0 0 0 0 0 0 0 0 0 0 0 0 0 0 0 0 0 0 0 0 0 
0 0 0 0 0 0 0 0 0 0 0 0 0 0 0 0 0 0 0 0 0 0 0 0 0 0 0 0 0 0 0 0 0 0 0 0 0 0 0 0 0 0 0 0 0 0 0 0 0 0 0 0 0 0 0 0 8 91 1 0 0 0 0 0 0 0 0 0 0 0 0 0 0 0 0 0 0 0 0 0 0 0 0 0 0 0 0 0 0 0 0 0 0 0 0 0 0 0 0 0 
0 0 0 0 0 0 0 0 0 0 0 0 0 0 0 0 0 0 0 0 0 0 0 0 0 0 0 0 0 0 0 0 0 0 0 0 0 0 0 0 0 0 0 0 0 0 0 0 0 0 0 0 0 0 0 0 0 0 0 91 9 0 0 0 0 0 0 0 0 0 0 0 0 0 0 0 0 0 0 0 0 0 0 0 0 0 0 0 0 0 0 0 0 0 0 0 0 0 0 0 
0 0 0 0 0 0 0 0 0 0 0 0 0 0 0 0 0 0 0 0 0 0 0 0 0 0 0 0 0 0 0 0 0 0 0 0 0 0 0 0 0 0 0 0 0 0 0 0 0 0 0 0 0 0 0 0 0 0 2 7 91 0 0 0 0 0 0 0 0 0 0 0 0 0 0 0 0 0 0 0 0 0 0 0 0 0 0 0 0 0 0 0 0 0 0 0 0 0 0 0 
0 0 0 0 0 0 0 0 0 0 0 0 0 0 0 0 0 0 0 0 0 0 0 0 0 0 0 0 0 0 0 0 0 0 0 0 0 0 0 0 0 0 0 0 0 0 0 0 0 0 0 0 0 0 0 0 0 1 97 2 0 0 0 0 0 0 0 0 0 0 0 0 0 0 0 0 0 0 0 0 0 0 0 0 0 0 0 0 0 0 0 0 0 0 0 0 0 0 0 0 
0 0 0 0 0 0 0 0 0 0 0 0 0 0 0 0 0 0 0 0 0 0 0 0 0 0 0 0 0 0 0 0 0 0 0 0 0 0 0 0 0 0 0 0 0 0 0 0 0 0 0 0 0 0 0 0 0 0 0 0 0 90 8 2 0 0 0 0 0 0 0 0 0 0 0 0 0 0 0 0 0 0 0 0 0 0 0 0 0 0 0 0 0 0 0 0 0 0 0 0 
0 0 0 0 0 0 0 0 0 0 0 0 0 0 0 0 0 0 0 0 0 0 0 0 0 0 0 0 0 0 0 0 0 0 0 0 0 0 0 0 0 0 0 0 0 0 0 0 0 0 0 0 0 0 0 0 0 0 0 0 0 1 7 92 0 0 0 0 0 0 0 0 0 0 0 0 0 0 0 0 0 0 0 0 0 0 0 0 0 0 0 0 0 0 0 0 0 0 0 0 
0 0 0 0 0 0 0 0 0 0 0 0 0 0 0 0 0 0 0 0 0 0 0 0 0 0 0 0 0 0 0 0 0 0 0 0 0 0 0 0 0 0 0 0 0 0 0 0 0 0 0 0 0 0 0 0 0 0 0 0 0 9 85 6 0 0 0 0 0 0 0 0 0 0 0 0 0 0 0 0 0 0 0 0 0 0 0 0 0 0 0 0 0 0 0 0 0 0 0 0 
0 0 0 0 0 0 0 0 0 0 0 0 0 0 0 0 0 0 0 0 0 0 0 0 0 0 0 0 0 0 0 0 0 0 0 0 0 0 0 0 0 0 0 0 0 0 0 0 0 0 0 0 0 0 0 0 0 0 0 0 0 0 0 0 94 6 0 0 0 0 0 0 0 0 0 0 0 0 0 0 0 0 0 0 0 0 0 0 0 0 0 0 0 0 0 0 0 0 0 0 
0 0 0 0 0 0 0 0 0 0 0 0 0 0 0 0 0 0 0 0 0 0 0 0 0 0 0 0 0 0 0 0 0 0 0 0 0 0 0 0 0 0 0 0 0 0 0 0 0 0 0 0 0 0 0 0 0 0 0 0 0 0 0 0 6 94 0 0 0 0 0 0 0 0 0 0 0 0 0 0 0 0 0 0 0 0 0 0 0 0 0 0 0 0 0 0 0 0 0 0 
0 0 0 0 0 0 0 0 0 0 0 0 0 0 0 0 0 0 0 0 0 0 0 0 0 0 0 0 0 0 0 0 0 0 0 0 0 0 0 0 0 0 0 0 0 0 0 0 0 0 0 0 0 0 0 0 0 0 0 0 0 0 0 0 0 0 95 5 0 0 0 0 0 0 0 0 0 0 0 0 0 0 0 0 0 0 0 0 0 0 0 0 0 0 0 0 0 0 0 0 
0 0 0 0 0 0 0 0 0 0 0 0 0 0 0 0 0 0 0 0 0 0 0 0 0 0 0 0 0 0 0 0 0 0 0 0 0 0 0 0 0 0 0 0 0 0 0 0 0 0 0 0 0 0 0 0 0 0 0 0 0 0 0 0 0 0 5 95 0 0 0 0 0 0 0 0 0 0 0 0 0 0 0 0 0 0 0 0 0 0 0 0 0 0 0 0 0 0 0 0 
0 0 0 0 0 0 0 0 0 0 0 0 0 0 0 0 0 0 0 0 0 0 0 0 0 0 0 0 0 0 0 0 0 0 0 0 0 0 0 0 0 0 0 0 0 0 0 0 0 0 0 0 0 0 0 0 0 0 0 0 0 0 0 0 0 0 0 0 10 89 1 0 0 0 0 0 0 0 0 0 0 0 0 0 0 0 0 0 0 0 0 0 0 0 0 0 0 0 0 0 
0 0 0 0 0 0 0 0 0 0 0 0 0 0 0 0 0 0 0 0 0 0 0 0 0 0 0 0 0 0 0 0 0 0 0 0 0 0 0 0 0 0 0 0 0 0 0 0 0 0 0 0 0 0 0 0 0 0 0 0 0 0 0 0 0 0 0 0 89 10 1 0 0 0 0 0 0 0 0 0 0 0 0 0 0 0 0 0 0 0 0 0 0 0 0 0 0 0 0 0 
0 0 0 0 0 0 0 0 0 0 0 0 0 0 0 0 0 0 0 0 0 0 0 0 0 0 0 0 0 0 0 0 0 0 0 0 0 0 0 0 0 0 0 0 0 0 0 0 0 0 0 0 0 0 0 0 0 0 0 0 0 0 0 0 0 0 0 0 1 1 96 2 0 0 0 0 0 0 0 0 0 0 0 0 0 0 0 0 0 0 0 0 0 0 0 0 0 0 0 0 
0 0 0 0 0 0 0 0 0 0 0 0 0 0 0 0 0 0 0 0 0 0 0 0 0 0 0 0 0 0 0 0 0 0 0 0 0 0 0 0 0 0 0 0 0 0 0 0 0 0 0 0 0 0 0 0 0 0 0 0 0 0 0 0 0 0 0 0 0 0 0 0 0 8 90 2 0 0 0 0 0 0 0 0 0 0 0 0 0 0 0 0 0 0 0 0 0 0 0 0 
0 0 0 0 0 0 0 0 0 0 0 0 0 0 0 0 0 0 0 0 0 0 0 0 0 0 0 0 0 0 0 0 0 0 0 0 0 0 0 0 0 0 0 0 0 0 0 0 0 0 0 0 0 0 0 0 0 0 0 0 0 0 0 0 0 0 0 0 0 0 2 87 11 0 0 0 0 0 0 0 0 0 0 0 0 0 0 0 0 0 0 0 0 0 0 0 0 0 0 0 
0 0 0 0 0 0 0 0 0 0 0 0 0 0 0 0 0 0 0 0 0 0 0 0 0 0 0 0 0 0 0 0 0 0 0 0 0 0 0 0 0 0 0 0 0 0 0 0 0 0 0 0 0 0 0 0 0 0 0 0 0 0 0 0 0 0 0 0 0 0 0 11 88 1 0 0 0 0 0 0 0 0 0 0 0 0 0 0 0 0 0 0 0 0 0 0 0 0 0 0 
0 0 0 0 0 0 0 0 0 0 0 0 0 0 0 0 0 0 0 0 0 0 0 0 0 0 0 0 0 0 0 0 0 0 0 0 0 0 0 0 0 0 0 0 0 0 0 0 0 0 0 0 0 0 0 0 0 0 0 0 0 0 0 0 0 0 0 0 0 0 0 0 1 91 7 1 0 0 0 0 0 0 0 0 0 0 0 0 0 0 0 0 0 0 0 0 0 0 0 0 
0 0 0 0 0 0 0 0 0 0 0 0 0 0 0 0 0 0 0 0 0 0 0 0 0 0 0 0 0 0 0 0 0 0 0 0 0 0 0 0 0 0 0 0 0 0 0 0 0 0 0 0 0 0 0 0 0 0 0 0 0 0 0 0 0 0 0 0 0 0 0 0 0 0 0 0 92 8 0 0 0 0 0 0 0 0 0 0 0 0 0 0 0 0 0 0 0 0 0 0 
0 0 0 0 0 0 0 0 0 0 0 0 0 0 0 0 0 0 0 0 0 0 0 0 0 0 0 0 0 0 0 0 0 0 0 0 0 0 0 0 0 0 0 0 0 0 0 0 0 0 0 0 0 0 0 0 0 0 0 0 0 0 0 0 0 0 0 0 0 0 0 0 0 0 3 97 0 0 0 0 0 0 0 0 0 0 0 0 0 0 0 0 0 0 0 0 0 0 0 0 
0 0 0 0 0 0 0 0 0 0 0 0 0 0 0 0 0 0 0 0 0 0 0 0 0 0 0 0 0 0 0 0 0 0 0 0 0 0 0 0 0 0 0 0 0 0 0 0 0 0 0 0 0 0 0 0 0 0 0 0 0 0 0 0 0 0 0 0 0 0 0 0 0 0 0 0 8 92 0 0 0 0 0 0 0 0 0 0 0 0 0 0 0 0 0 0 0 0 0 0 
0 0 0 0 0 0 0 0 0 0 0 0 0 0 0 0 0 0 0 0 0 0 0 0 0 0 0 0 0 0 0 0 0 0 0 0 0 0 0 0 0 0 0 0 0 0 0 0 0 0 0 0 0 0 0 0 0 0 0 0 0 0 0 0 0 0 0 0 0 0 0 0 0 0 0 0 0 0 6 89 5 0 0 0 0 0 0 0 0 0 0 0 0 0 0 0 0 0 0 0 
0 0 0 0 0 0 0 0 0 0 0 0 0 0 0 0 0 0 0 0 0 0 0 0 0 0 0 0 0 0 0 0 0 0 0 0 0 0 0 0 0 0 0 0 0 0 0 0 0 0 0 0 0 0 0 0 0 0 0 0 0 0 0 0 0 0 0 0 0 0 0 0 0 0 0 0 0 0 94 6 0 0 0 0 0 0 0 0 0 0 0 0 0 0 0 0 0 0 0 0 
0 0 0 0 0 0 0 0 0 0 0 0 0 0 0 0 0 0 0 0 0 0 0 0 0 0 0 0 0 0 0 0 0 0 0 0 0 0 0 0 0 0 0 0 0 0 0 0 0 0 0 0 0 0 0 0 0 0 0 0 0 0 0 0 0 0 0 0 0 0 0 0 0 0 0 0 0 0 0 5 93 2 0 0 0 0 0 0 0 0 0 0 0 0 0 0 0 0 0 0 
0 0 0 0 0 0 0 0 0 0 0 0 0 0 0 0 0 0 0 0 0 0 0 0 0 0 0 0 0 0 0 0 0 0 0 0 0 0 0 0 0 0 0 0 0 0 0 0 0 0 0 0 0 0 0 0 0 0 0 0 0 0 0 0 0 0 0 0 0 0 0 0 0 0 0 0 0 0 0 0 2 98 0 0 0 0 0 0 0 0 0 0 0 0 0 0 0 0 0 0 
0 0 0 0 0 0 0 0 0 0 0 0 0 0 0 0 0 0 0 0 0 0 0 0 0 0 0 0 0 0 0 0 0 0 0 0 0 0 0 0 0 0 0 0 0 0 0 0 0 0 0 0 0 0 0 0 0 0 0 0 0 0 0 0 0 0 0 0 0 0 0 0 0 0 0 0 0 0 0 0 0 0 2 98 0 0 0 0 0 0 0 0 0 0 0 0 0 0 0 0 
0 0 0 0 0 0 0 0 0 0 0 0 0 0 0 0 0 0 0 0 0 0 0 0 0 0 0 0 0 0 0 0 0 0 0 0 0 0 0 0 0 0 0 0 0 0 0 0 0 0 0 0 0 0 0 0 0 0 0 0 0 0 0 0 0 0 0 0 0 0 0 0 0 0 0 0 0 0 0 0 0 0 98 2 0 0 0 0 0 0 0 0 0 0 0 0 0 0 0 0 
0 0 0 0 0 0 0 0 0 0 0 0 0 0 0 0 0 0 0 0 0 0 0 0 0 0 0 0 0 0 0 0 0 0 0 0 0 0 0 0 0 0 0 0 0 0 0 0 0 0 0 0 0 0 0 0 0 0 0 0 0 0 0 0 0 0 0 0 0 0 0 0 0 0 0 0 0 0 0 0 0 0 0 0 4 96 0 0 0 0 0 0 0 0 0 0 0 0 0 0 
0 0 0 0 0 0 0 0 0 0 0 0 0 0 0 0 0 0 0 0 0 0 0 0 0 0 0 0 0 0 0 0 0 0 0 0 0 0 0 0 0 0 0 0 0 0 0 0 0 0 0 0 0 0 0 0 0 0 0 0 0 0 0 0 0 0 0 0 0 0 0 0 0 0 0 0 0 0 0 0 0 0 0 0 96 4 0 0 0 0 0 0 0 0 0 0 0 0 0 0 
0 0 0 0 0 0 0 0 0 0 0 0 0 0 0 0 0 0 0 0 0 0 0 0 0 0 0 0 0 0 0 0 0 0 0 0 0 0 0 0 0 0 0 0 0 0 0 0 0 0 0 0 0 0 0 0 0 0 0 0 0 0 0 0 0 0 0 0 0 0 0 0 0 0 0 0 0 0 0 0 0 0 0 0 0 0 96 4 0 0 0 0 0 0 0 0 0 0 0 0 
0 0 0 0 0 0 0 0 0 0 0 0 0 0 0 0 0 0 0 0 0 0 0 0 0 0 0 0 0 0 0 0 0 0 0 0 0 0 0 0 0 0 0 0 0 0 0 0 0 0 0 0 0 0 0 0 0 0 0 0 0 0 0 0 0 0 0 0 0 0 0 0 0 0 0 0 0 0 0 0 0 0 0 0 0 0 4 96 0 0 0 0 0 0 0 0 0 0 0 0 
0 0 0 0 0 0 0 0 0 0 0 0 0 0 0 0 0 0 0 0 0 0 0 0 0 0 0 0 0 0 0 0 0 0 0 0 0 0 0 0 0 0 0 0 0 0 0 0 0 0 0 0 0 0 0 0 0 0 0 0 0 0 0 0 0 0 0 0 0 0 0 0 0 0 0 0 0 0 0 0 0 0 0 0 0 0 0 0 100 0 0 0 0 0 0 0 0 0 0 0 
0 0 0 0 0 0 0 0 0 0 0 0 0 0 0 0 0 0 0 0 0 0 0 0 0 0 0 0 0 0 0 0 0 0 0 0 0 0 0 0 0 0 0 0 0 0 0 0 0 0 0 0 0 0 0 0 0 0 0 0 0 0 0 0 0 0 0 0 0 0 0 0 0 0 0 0 0 0 0 0 0 0 0 0 0 0 0 0 0 0 100 0 0 0 0 0 0 0 0 0 
0 0 0 0 0 0 0 0 0 0 0 0 0 0 0 0 0 0 0 0 0 0 0 0 0 0 0 0 0 0 0 0 0 0 0 0 0 0 0 0 0 0 0 0 0 0 0 0 0 0 0 0 0 0 0 0 0 0 0 0 0 0 0 0 0 0 0 0 0 0 0 0 0 0 0 0 0 0 0 0 0 0 0 0 0 0 0 0 0 100 0 0 0 0 0 0 0 0 0 0 
0 0 0 0 0 0 0 0 0 0 0 0 0 0 0 0 0 0 0 0 0 0 0 0 0 0 0 0 0 0 0 0 0 0 0 0 0 0 0 0 0 0 0 0 0 0 0 0 0 0 0 0 0 0 0 0 0 0 0 0 0 0 0 0 0 0 0 0 0 0 0 0 0 0 0 0 0 0 0 0 0 0 0 0 0 0 0 0 0 0 0 97 3 0 0 0 0 0 0 0 
0 0 0 0 0 0 0 0 0 0 0 0 0 0 0 0 0 0 0 0 0 0 0 0 0 0 0 0 0 0 0 0 0 0 0 0 0 0 0 0 0 0 0 0 0 0 0 0 0 0 0 0 0 0 0 0 0 0 0 0 0 0 0 0 0 0 0 0 0 0 0 0 0 0 0 0 0 0 0 0 0 0 0 0 0 0 0 0 0 0 0 0 0 0 1 99 0 0 0 0 
0 0 0 0 0 0 0 0 0 0 0 0 0 0 0 0 0 0 0 0 0 0 0 0 0 0 0 0 0 0 0 0 0 0 0 0 0 0 0 0 0 0 0 0 0 0 0 0 0 0 0 0 0 0 0 0 0 0 0 0 0 0 0 0 0 0 0 0 0 0 0 0 0 0 0 0 0 0 0 0 0 0 0 0 0 0 0 0 0 0 0 3 97 0 0 0 0 0 0 0 
0 0 0 0 0 0 0 0 0 0 0 0 0 0 0 0 0 0 0 0 0 0 0 0 0 0 0 0 0 0 0 0 0 0 0 0 0 0 0 0 0 0 0 0 0 0 0 0 0 0 0 0 0 0 0 0 0 0 0 0 0 0 0 0 0 0 0 0 0 0 0 0 0 0 0 0 0 0 0 0 0 0 0 0 0 0 0 0 0 0 0 0 0 100 0 0 0 0 0 0 
0 0 0 0 0 0 0 0 0 0 0 0 0 0 0 0 0 0 0 0 0 0 0 0 0 0 0 0 0 0 0 0 0 0 0 0 0 0 0 0 0 0 0 0 0 0 0 0 0 0 0 0 0 0 0 0 0 0 0 0 0 0 0 0 0 0 0 0 0 0 0 0 0 0 0 0 0 0 0 0 0 0 0 0 0 0 0 0 0 0 0 0 0 0 99 1 0 0 0 0 
0 0 0 0 0 0 0 0 0 0 0 0 0 0 0 0 0 0 0 0 0 0 0 0 0 0 0 0 0 0 0 0 0 0 0 0 0 0 0 0 0 0 0 0 0 0 0 0 0 0 0 0 0 0 0 0 0 0 0 0 0 0 0 0 0 0 0 0 0 0 0 0 0 0 0 0 0 0 0 0 0 0 0 0 0 0 0 0 0 0 0 0 0 0 0 0 1 99 0 0 
0 0 0 0 0 0 0 0 0 0 0 0 0 0 0 0 0 0 0 0 0 0 0 0 0 0 0 0 0 0 0 0 0 0 0 0 0 0 0 0 0 0 0 0 0 0 0 0 0 0 0 0 0 0 0 0 0 0 0 0 0 0 0 0 0 0 0 0 0 0 0 0 0 0 0 0 0 0 0 0 0 0 0 0 0 0 0 0 0 0 0 0 0 0 0 0 99 1 0 0 
0 0 0 0 0 0 0 0 0 0 0 0 0 0 0 0 0 0 0 0 0 0 0 0 0 0 0 0 0 0 0 0 0 0 0 0 0 0 0 0 0 0 0 0 0 0 0 0 0 0 0 0 0 0 0 0 0 0 0 0 0 0 0 0 0 0 0 0 0 0 0 0 0 0 0 0 0 0 0 0 0 0 0 0 0 0 0 0 0 0 0 0 0 0 0 0 0 0 0 100 
0 0 0 0 0 0 0 0 0 0 0 0 0 0 0 0 0 0 0 0 0 0 0 0 0 0 0 0 0 0 0 0 0 0 0 0 0 0 0 0 0 0 0 0 0 0 0 0 0 0 0 0 0 0 0 0 0 0 0 0 0 0 0 0 0 0 0 0 0 0 0 0 0 0 0 0 0 0 0 0 0 0 0 0 0 0 0 0 0 0 0 0 0 0 0 0 0 0 100 0 

Pair-order violations matrix
0 0 0 0 0 0 0 0 0 0 0 0 0 0 0 0 0 0 0 0 0 0 0 0 0 0 0 0 0 0 0 0 0 0 0 0 0 0 0 0 0 0 0 0 0 0 0 0 0 0 0 0 0 0 0 0 0 0 0 0 0 0 0 0 0 0 0 0 0 0 0 0 0 0 0 0 0 0 0 0 0 0 0 0 0 0 0 0 0 0 0 0 0 0 0 0 0 0 0 0 
0 0 0 0 0 0 0 0 0 0 0 0 0 0 0 0 0 0 0 0 0 0 0 0 0 0 0 0 0 0 0 0 0 0 0 0 0 0 0 0 0 0 0 0 0 0 0 0 0 0 0 0 0 0 0 0 0 0 0 0 0 0 0 0 0 0 0 0 0 0 0 0 0 0 0 0 0 0 0 0 0 0 0 0 0 0 0 0 0 0 0 0 0 0 0 0 0 0 0 0 
0 0 0 0 0 0 0 0 0 0 0 0 0 0 0 0 0 0 0 0 0 0 0 0 0 0 0 0 0 0 0 0 0 0 0 0 0 0 0 0 0 0 0 0 0 0 0 0 0 0 0 0 0 0 0 0 0 0 0 0 0 0 0 0 0 0 0 0 0 0 0 0 0 0 0 0 0 0 0 0 0 0 0 0 0 0 0 0 0 0 0 0 0 0 0 0 0 0 0 0 
0 0 0 0 1 0 0 0 0 0 0 0 0 0 0 0 0 0 0 0 0 0 0 0 0 0 0 0 0 0 0 0 0 0 0 0 0 0 0 0 0 0 0 0 0 0 0 0 0 0 0 0 0 0 0 0 0 0 0 0 0 0 0 0 0 0 0 0 0 0 0 0 0 0 0 0 0 0 0 0 0 0 0 0 0 0 0 0 0 0 0 0 0 0 0 0 0 0 0 0 
0 0 0 1 0 0 0 0 0 0 0 0 0 0 0 0 0 0 0 0 0 0 0 0 0 0 0 0 0 0 0 0 0 0 0 0 0 0 0 0 0 0 0 0 0 0 0 0 0 0 0 0 0 0 0 0 0 0 0 0 0 0 0 0 0 0 0 0 0 0 0 0 0 0 0 0 0 0 0 0 0 0 0 0 0 0 0 0 0 0 0 0 0 0 0 0 0 0 0 0 
0 0 0 0 0 0 0 0 0 0 0 0 0 0 0 0 0 0 0 0 0 0 0 0 0 0 0 0 0 0 0 0 0 0 0 0 0 0 0 0 0 0 0 0 0 0 0 0 0 0 0 0 0 0 0 0 0 0 0 0 0 0 0 0 0 0 0 0 0 0 0 0 0 0 0 0 0 0 0 0 0 0 0 0 0 0 0 0 0 0 0 0 0 0 0 0 0 0 0 0 
0 0 0 0 0 0 0 0 0 0 0 0 0 0 0 0 0 0 0 0 0 0 0 0 0 0 0 0 0 0 0 0 0 0 0 0 0 0 0 0 0 0 0 0 0 0 0 0 0 0 0 0 0 0 0 0 0 0 0 0 0 0 0 0 0 0 0 0 0 0 0 0 0 0 0 0 0 0 0 0 0 0 0 0 0 0 0 0 0 0 0 0 0 0 0 0 0 0 0 0 
0 0 0 0 0 0 0 0 0 0 0 0 0 0 0 0 0 0 0 0 0 0 0 0 0 0 0 0 0 0 0 0 0 0 0 0 0 0 0 0 0 0 0 0 0 0 0 0 0 0 0 0 0 0 0 0 0 0 0 0 0 0 0 0 0 0 0 0 0 0 0 0 0 0 0 0 0 0 0 0 0 0 0 0 0 0 0 0 0 0 0 0 0 0 0 0 0 0 0 0 
0 0 0 0 0 0 0 0 0 0 0 0 0 0 0 0 0 0 0 0 0 0 0 0 0 0 0 0 0 0 0 0 0 0 0 0 0 0 0 0 0 0 0 0 0 0 0 0 0 0 0 0 0 0 0 0 0 0 0 0 0 0 0 0 0 0 0 0 0 0 0 0 0 0 0 0 0 0 0 0 0 0 0 0 0 0 0 0 0 0 0 0 0 0 0 0 0 0 0 0 
0 0 0 0 0 0 0 0 0 0 0 0 0 0 0 0 0 0 0 0 0 0 0 0 0 0 0 0 0 0 0 0 0 0 0 0 0 0 0 0 0 0 0 0 0 0 0 0 0 0 0 0 0 0 0 0 0 0 0 0 0 0 0 0 0 0 0 0 0 0 0 0 0 0 0 0 0 0 0 0 0 0 0 0 0 0 0 0 0 0 0 0 0 0 0 0 0 0 0 0 
0 0 0 0 0 0 0 0 0 0 0 100 0 4 0 0 0 0 0 0 0 0 0 0 0 0 0 0 0 0 0 0 0 0 0 0 0 0 0 0 0 0 0 0 0 0 0 0 0 0 0 0 0 0 0 0 0 0 0 0 0 0 0 0 0 0 0 0 0 0 0 0 0 0 0 0 0 0 0 0 0 0 0 0 0 0 0 0 0 0 0 0 0 0 0 0 0 0 0 0 
0 0 0 0 0 0 0 0 0 0 100 0 0 0 0 0 0 0 0 0 0 0 0 0 0 0 0 0 0 0 0 0 0 0 0 0 0 0 0 0 0 0 0 0 0 0 0 0 0 0 0 0 0 0 0 0 0 0 0 0 0 0 0 0 0 0 0 0 0 0 0 0 0 0 0 0 0 0 0 0 0 0 0 0 0 0 0 0 0 0 0 0 0 0 0 0 0 0 0 0 
0 0 0 0 0 0 0 0 0 0 0 0 0 100 0 2 1 0 0 0 0 0 0 0 0 0 0 0 0 0 0 0 0 0 0 0 0 0 0 0 0 0 0 0 0 0 0 0 0 0 0 0 0 0 0 0 0 0 0 0 0 0 0 0 0 0 0 0 0 0 0 0 0 0 0 0 0 0 0 0 0 0 0 0 0 0 0 0 0 0 0 0 0 0 0 0 0 0 0 0 
0 0 0 0 0 0 0 0 0 0 4 0 100 0 0 0 0 0 0 0 0 0 0 0 0 0 0 0 0 0 0 0 0 0 0 0 0 0 0 0 0 0 0 0 0 0 0 0 0 0 0 0 0 0 0 0 0 0 0 0 0 0 0 0 0 0 0 0 0 0 0 0 0 0 0 0 0 0 0 0 0 0 0 0 0 0 0 0 0 0 0 0 0 0 0 0 0 0 0 0 
0 0 0 0 0 0 0 0 0 0 0 0 0 0 0 100 98 1 0 0 0 0 0 0 0 0 0 0 0 0 0 0 0 0 0 0 0 0 0 0 0 0 0 0 0 0 0 0 0 0 0 0 0 0 0 0 0 0 0 0 0 0 0 0 0 0 0 0 0 0 0 0 0 0 0 0 0 0 0 0 0 0 0 0 0 0 0 0 0 0 0 0 0 0 0 0 0 0 0 0 
0 0 0 0 0 0 0 0 0 0 0 0 2 0 100 0 5 0 0 0 0 0 0 0 0 0 0 0 0 0 0 0 0 0 0 0 0 0 0 0 0 0 0 0 0 0 0 0 0 0 0 0 0 0 0 0 0 0 0 0 0 0 0 0 0 0 0 0 0 0 0 0 0 0 0 0 0 0 0 0 0 0 0 0 0 0 0 0 0 0 0 0 0 0 0 0 0 0 0 0 
0 0 0 0 0 0 0 0 0 0 0 0 1 0 98 5 0 0 0 0 0 0 0 0 0 0 0 0 0 0 0 0 0 0 0 0 0 0 0 0 0 0 0 0 0 0 0 0 0 0 0 0 0 0 0 0 0 0 0 0 0 0 0 0 0 0 0 0 0 0 0 0 0 0 0 0 0 0 0 0 0 0 0 0 0 0 0 0 0 0 0 0 0 0 0 0 0 0 0 0 
0 0 0 0 0 0 0 0 0 0 0 0 0 0 1 0 0 0 0 4 0 0 0 0 0 0 0 0 0 0 0 0 0 0 0 0 0 0 0 0 0 0 0 0 0 0 0 0 0 0 0 0 0 0 0 0 0 0 0 0 0 0 0 0 0 0 0 0 0 0 0 0 0 0 0 0 0 0 0 0 0 0 0 0 0 0 0 0 0 0 0 0 0 0 0 0 0 0 0 0 
0 0 0 0 0 0 0 0 0 0 0 0 0 0 0 0 0 0 0 100 4 1 0 0 0 0 0 0 0 0 0 0 0 0 0 0 0 0 0 0 0 0 0 0 0 0 0 0 0 0 0 0 0 0 0 0 0 0 0 0 0 0 0 0 0 0 0 0 0 0 0 0 0 0 0 0 0 0 0 0 0 0 0 0 0 0 0 0 0 0 0 0 0 0 0 0 0 0 0 0 
0 0 0 0 0 0 0 0 0 0 0 0 0 0 0 0 0 4 100 0 0 0 0 0 0 0 0 0 0 0 0 0 0 0 0 0 0 0 0 0 0 0 0 0 0 0 0 0 0 0 0 0 0 0 0 0 0 0 0 0 0 0 0 0 0 0 0 0 0 0 0 0 0 0 0 0 0 0 0 0 0 0 0 0 0 0 0 0 0 0 0 0 0 0 0 0 0 0 0 0 
0 0 0 0 0 0 0 0 0 0 0 0 0 0 0 0 0 0 4 0 0 1 0 0 0 0 0 0 0 0 0 0 0 0 0 0 0 0 0 0 0 0 0 0 0 0 0 0 0 0 0 0 0 0 0 0 0 0 0 0 0 0 0 0 0 0 0 0 0 0 0 0 0 0 0 0 0 0 0 0 0 0 0 0 0 0 0 0 0 0 0 0 0 0 0 0 0 0 0 0 
0 0 0 0 0 0 0 0 0 0 0 0 0 0 0 0 0 0 1 0 1 0 2 0 0 0 0 0 0 0 0 0 0 0 0 0 0 0 0 0 0 0 0 0 0 0 0 0 0 0 0 0 0 0 0 0 0 0 0 0 0 0 0 0 0 0 0 0 0 0 0 0 0 0 0 0 0 0 0 0 0 0 0 0 0 0 0 0 0 0 0 0 0 0 0 0 0 0 0 0 
0 0 0 0 0 0 0 0 0 0 0 0 0 0 0 0 0 0 0 0 0 2 0 0 0 0 0 0 0 0 0 0 0 0 0 0 0 0 0 0 0 0 0 0 0 0 0 0 0 0 0 0 0 0 0 0 0 0 0 0 0 0 0 0 0 0 0 0 0 0 0 0 0 0 0 0 0 0 0 0 0 0 0 0 0 0 0 0 0 0 0 0 0 0 0 0 0 0 0 0 
0 0 0 0 0 0 0 0 0 0 0 0 0 0 0 0 0 0 0 0 0 0 0 0 4 0 0 0 0 0 0 0 0 0 0 0 0 0 0 0 0 0 0 0 0 0 0 0 0 0 0 0 0 0 0 0 0 0 0 0 0 0 0 0 0 0 0 0 0 0 0 0 0 0 0 0 0 0 0 0 0 0 0 0 0 0 0 0 0 0 0 0 0 0 0 0 0 0 0 0 
0 0 0 0 0 0 0 0 0 0 0 0 0 0 0 0 0 0 0 0 0 0 0 4 0 0 0 3 0 0 0 0 0 0 0 0 0 0 0 0 0 0 0 0 0 0 0 0 0 0 0 0 0 0 0 0 0 0 0 0 0 0 0 0 0 0 0 0 0 0 0 0 0 0 0 0 0 0 0 0 0 0 0 0 0 0 0 0 0 0 0 0 0 0 0 0 0 0 0 0 
0 0 0 0 0 0 0 0 0 0 0 0 0 0 0 0 0 0 0 0 0 0 0 0 0 0 0 100 1 0 0 0 0 0 0 0 0 0 0 0 0 0 0 0 0 0 0 0 0 0 0 0 0 0 0 0 0 0 0 0 0 0 0 0 0 0 0 0 0 0 0 0 0 0 0 0 0 0 0 0 0 0 0 0 0 0 0 0 0 0 0 0 0 0 0 0 0 0 0 0 
0 0 0 0 0 0 0 0 0 0 0 0 0 0 0 0 0 0 0 0 0 0 0 0 0 0 0 100 1 0 8 0 0 0 0 0 0 0 0 0 0 0 0 0 0 0 0 0 0 0 0 0 0 0 0 0 0 0 0 0 0 0 0 0 0 0 0 0 0 0 0 0 0 0 0 0 0 0 0 0 0 0 0 0 0 0 0 0 0 0 0 0 0 0 0 0 0 0 0 0 
0 0 0 0 0 0 0 0 0 0 0 0 0 0 0 0 0 0 0 0 0 0 0 0 3 100 100 0 0 0 0 0 0 0 0 0 0 0 0 0 0 0 0 0 0 0 0 0 0 0 0 0 0 0 0 0 0 0 0 0 0 0 0 0 0 0 0 0 0 0 0 0 0 0 0 0 0 0 0 0 0 0 0 0 0 0 0 0 0 0 0 0 0 0 0 0 0 0 0 0 
0 0 0 0 0 0 0 0 0 0 0 0 0 0 0 0 0 0 0 0 0 0 0 0 0 1 1 0 0 0 99 0 0 0 0 0 0 0 0 0 0 0 0 0 0 0 0 0 0 0 0 0 0 0 0 0 0 0 0 0 0 0 0 0 0 0 0 0 0 0 0 0 0 0 0 0 0 0 0 0 0 0 0 0 0 0 0 0 0 0 0 0 0 0 0 0 0 0 0 0 
0 0 0 0 0 0 0 0 0 0 0 0 0 0 0 0 0 0 0 0 0 0 0 0 0 0 0 0 0 0 100 0 90 0 0 0 0 0 0 0 0 0 0 0 0 0 0 0 0 0 0 0 0 0 0 0 0 0 0 0 0 0 0 0 0 0 0 0 0 0 0 0 0 0 0 0 0 0 0 0 0 0 0 0 0 0 0 0 0 0 0 0 0 0 0 0 0 0 0 0 
0 0 0 0 0 0 0 0 0 0 0 0 0 0 0 0 0 0 0 0 0 0 0 0 0 0 8 0 99 100 0 0 0 0 0 0 0 0 0 0 0 0 0 0 0 0 0 0 0 0 0 0 0 0 0 0 0 0 0 0 0 0 0 0 0 0 0 0 0 0 0 0 0 0 0 0 0 0 0 0 0 0 0 0 0 0 0 0 0 0 0 0 0 0 0 0 0 0 0 0 
0 0 0 0 0 0 0 0 0 0 0 0 0 0 0 0 0 0 0 0 0 0 0 0 0 0 0 0 0 0 0 0 96 1 0 0 0 0 0 0 0 0 0 0 0 0 0 0 0 0 0 0 0 0 0 0 0 0 0 0 0 0 0 0 0 0 0 0 0 0 0 0 0 0 0 0 0 0 0 0 0 0 0 0 0 0 0 0 0 0 0 0 0 0 0 0 0 0 0 0 
0 0 0 0 0 0 0 0 0 0 0 0 0 0 0 0 0 0 0 0 0 0 0 0 0 0 0 0 0 90 0 96 0 0 0 0 0 0 0 0 0 0 0 0 0 0 0 0 0 0 0 0 0 0 0 0 0 0 0 0 0 0 0 0 0 0 0 0 0 0 0 0 0 0 0 0 0 0 0 0 0 0 0 0 0 0 0 0 0 0 0 0 0 0 0 0 0 0 0 0 
0 0 0 0 0 0 0 0 0 0 0 0 0 0 0 0 0 0 0 0 0 0 0 0 0 0 0 0 0 0 0 1 0 0 1 0 0 0 0 0 0 0 0 0 0 0 0 0 0 0 0 0 0 0 0 0 0 0 0 0 0 0 0 0 0 0 0 0 0 0 0 0 0 0 0 0 0 0 0 0 0 0 0 0 0 0 0 0 0 0 0 0 0 0 0 0 0 0 0 0 
0 0 0 0 0 0 0 0 0 0 0 0 0 0 0 0 0 0 0 0 0 0 0 0 0 0 0 0 0 0 0 0 0 1 0 10 0 0 0 0 0 0 0 0 0 0 0 0 0 0 0 0 0 0 0 0 0 0 0 0 0 0 0 0 0 0 0 0 0 0 0 0 0 0 0 0 0 0 0 0 0 0 0 0 0 0 0 0 0 0 0 0 0 0 0 0 0 0 0 0 
0 0 0 0 0 0 0 0 0 0 0 0 0 0 0 0 0 0 0 0 0 0 0 0 0 0 0 0 0 0 0 0 0 0 10 0 4 0 0 0 0 0 0 0 0 0 0 0 0 0 0 0 0 0 0 0 0 0 0 0 0 0 0 0 0 0 0 0 0 0 0 0 0 0 0 0 0 0 0 0 0 0 0 0 0 0 0 0 0 0 0 0 0 0 0 0 0 0 0 0 
0 0 0 0 0 0 0 0 0 0 0 0 0 0 0 0 0 0 0 0 0 0 0 0 0 0 0 0 0 0 0 0 0 0 0 4 0 4 0 0 0 0 0 0 0 0 0 0 0 0 0 0 0 0 0 0 0 0 0 0 0 0 0 0 0 0 0 0 0 0 0 0 0 0 0 0 0 0 0 0 0 0 0 0 0 0 0 0 0 0 0 0 0 0 0 0 0 0 0 0 
0 0 0 0 0 0 0 0 0 0 0 0 0 0 0 0 0 0 0 0 0 0 0 0 0 0 0 0 0 0 0 0 0 0 0 0 4 0 1 0 0 0 0 0 0 0 0 0 0 0 0 0 0 0 0 0 0 0 0 0 0 0 0 0 0 0 0 0 0 0 0 0 0 0 0 0 0 0 0 0 0 0 0 0 0 0 0 0 0 0 0 0 0 0 0 0 0 0 0 0 
0 0 0 0 0 0 0 0 0 0 0 0 0 0 0 0 0 0 0 0 0 0 0 0 0 0 0 0 0 0 0 0 0 0 0 0 0 1 0 7 0 0 0 0 0 0 0 0 0 0 0 0 0 0 0 0 0 0 0 0 0 0 0 0 0 0 0 0 0 0 0 0 0 0 0 0 0 0 0 0 0 0 0 0 0 0 0 0 0 0 0 0 0 0 0 0 0 0 0 0 
0 0 0 0 0 0 0 0 0 0 0 0 0 0 0 0 0 0 0 0 0 0 0 0 0 0 0 0 0 0 0 0 0 0 0 0 0 0 7 0 0 0 0 0 0 0 0 0 0 0 0 0 0 0 0 0 0 0 0 0 0 0 0 0 0 0 0 0 0 0 0 0 0 0 0 0 0 0 0 0 0 0 0 0 0 0 0 0 0 0 0 0 0 0 0 0 0 0 0 0 
0 0 0 0 0 0 0 0 0 0 0 0 0 0 0 0 0 0 0 0 0 0 0 0 0 0 0 0 0 0 0 0 0 0 0 0 0 0 0 0 0 8 0 0 0 0 0 0 0 0 0 0 0 0 0 0 0 0 0 0 0 0 0 0 0 0 0 0 0 0 0 0 0 0 0 0 0 0 0 0 0 0 0 0 0 0 0 0 0 0 0 0 0 0 0 0 0 0 0 0 
0 0 0 0 0 0 0 0 0 0 0 0 0 0 0 0 0 0 0 0 0 0 0 0 0 0 0 0 0 0 0 0 0 0 0 0 0 0 0 0 8 0 3 0 0 0 0 0 0 0 0 0 0 0 0 0 0 0 0 0 0 0 0 0 0 0 0 0 0 0 0 0 0 0 0 0 0 0 0 0 0 0 0 0 0 0 0 0 0 0 0 0 0 0 0 0 0 0 0 0 
0 0 0 0 0 0 0 0 0 0 0 0 0 0 0 0 0 0 0 0 0 0 0 0 0 0 0 0 0 0 0 0 0 0 0 0 0 0 0 0 0 3 0 4 0 0 0 0 0 0 0 0 0 0 0 0 0 0 0 0 0 0 0 0 0 0 0 0 0 0 0 0 0 0 0 0 0 0 0 0 0 0 0 0 0 0 0 0 0 0 0 0 0 0 0 0 0 0 0 0 
0 0 0 0 0 0 0 0 0 0 0 0 0 0 0 0 0 0 0 0 0 0 0 0 0 0 0 0 0 0 0 0 0 0 0 0 0 0 0 0 0 0 4 0 0 0 0 0 0 0 0 0 0 0 0 0 0 0 0 0 0 0 0 0 0 0 0 0 0 0 0 0 0 0 0 0 0 0 0 0 0 0 0 0 0 0 0 0 0 0 0 0 0 0 0 0 0 0 0 0 
0 0 0 0 0 0 0 0 0 0 0 0 0 0 0 0 0 0 0 0 0 0 0 0 0 0 0 0 0 0 0 0 0 0 0 0 0 0 0 0 0 0 0 0 0 10 0 0 0 0 0 0 0 0 0 0 0 0 0 0 0 0 0 0 0 0 0 0 0 0 0 0 0 0 0 0 0 0 0 0 0 0 0 0 0 0 0 0 0 0 0 0 0 0 0 0 0 0 0 0 
0 0 0 0 0 0 0 0 0 0 0 0 0 0 0 0 0 0 0 0 0 0 0 0 0 0 0 0 0 0 0 0 0 0 0 0 0 0 0 0 0 0 0 0 10 0 0 0 0 0 0 0 0 0 0 0 0 0 0 0 0 0 0 0 0 0 0 0 0 0 0 0 0 0 0 0 0 0 0 0 0 0 0 0 0 0 0 0 0 0 0 0 0 0 0 0 0 0 0 0 
0 0 0 0 0 0 0 0 0 0 0 0 0 0 0 0 0 0 0 0 0 0 0 0 0 0 0 0 0 0 0 0 0 0 0 0 0 0 0 0 0 0 0 0 0 0 0 0 1 0 0 0 0 0 0 0 0 0 0 0 0 0 0 0 0 0 0 0 0 0 0 0 0 0 0 0 0 0 0 0 0 0 0 0 0 0 0 0 0 0 0 0 0 0 0 0 0 0 0 0 
0 0 0 0 0 0 0 0 0 0 0 0 0 0 0 0 0 0 0 0 0 0 0 0 0 0 0 0 0 0 0 0 0 0 0 0 0 0 0 0 0 0 0 0 0 0 0 0 94 0 1 0 0 0 0 0 0 0 0 0 0 0 0 0 0 0 0 0 0 0 0 0 0 0 0 0 0 0 0 0 0 0 0 0 0 0 0 0 0 0 0 0 0 0 0 0 0 0 0 0 
0 0 0 0 0 0 0 0 0 0 0 0 0 0 0 0 0 0 0 0 0 0 0 0 0 0 0 0 0 0 0 0 0 0 0 0 0 0 0 0 0 0 0 0 0 0 1 94 0 0 0 0 0 0 0 0 0 0 0 0 0 0 0 0 0 0 0 0 0 0 0 0 0 0 0 0 0 0 0 0 0 0 0 0 0 0 0 0 0 0 0 0 0 0 0 0 0 0 0 0 
0 0 0 0 0 0 0 0 0 0 0 0 0 0 0 0 0 0 0 0 0 0 0 0 0 0 0 0 0 0 0 0 0 0 0 0 0 0 0 0 0 0 0 0 0 0 0 0 0 0 11 0 0 0 0 0 0 0 0 0 0 0 0 0 0 0 0 0 0 0 0 0 0 0 0 0 0 0 0 0 0 0 0 0 0 0 0 0 0 0 0 0 0 0 0 0 0 0 0 0 
0 0 0 0 0 0 0 0 0 0 0 0 0 0 0 0 0 0 0 0 0 0 0 0 0 0 0 0 0 0 0 0 0 0 0 0 0 0 0 0 0 0 0 0 0 0 0 1 0 11 0 0 0 2 0 0 0 0 0 0 0 0 0 0 0 0 0 0 0 0 0 0 0 0 0 0 0 0 0 0 0 0 0 0 0 0 0 0 0 0 0 0 0 0 0 0 0 0 0 0 
0 0 0 0 0 0 0 0 0 0 0 0 0 0 0 0 0 0 0 0 0 0 0 0 0 0 0 0 0 0 0 0 0 0 0 0 0 0 0 0 0 0 0 0 0 0 0 0 0 0 0 0 1 95 3 0 0 0 0 0 0 0 0 0 0 0 0 0 0 0 0 0 0 0 0 0 0 0 0 0 0 0 0 0 0 0 0 0 0 0 0 0 0 0 0 0 0 0 0 0 
0 0 0 0 0 0 0 0 0 0 0 0 0 0 0 0 0 0 0 0 0 0 0 0 0 0 0 0 0 0 0 0 0 0 0 0 0 0 0 0 0 0 0 0 0 0 0 0 0 0 0 1 0 100 91 2 0 0 0 0 0 0 0 0 0 0 0 0 0 0 0 0 0 0 0 0 0 0 0 0 0 0 0 0 0 0 0 0 0 0 0 0 0 0 0 0 0 0 0 0 
0 0 0 0 0 0 0 0 0 0 0 0 0 0 0 0 0 0 0 0 0 0 0 0 0 0 0 0 0 0 0 0 0 0 0 0 0 0 0 0 0 0 0 0 0 0 0 0 0 0 2 95 100 0 0 0 0 0 0 0 0 0 0 0 0 0 0 0 0 0 0 0 0 0 0 0 0 0 0 0 0 0 0 0 0 0 0 0 0 0 0 0 0 0 0 0 0 0 0 0 
0 0 0 0 0 0 0 0 0 0 0 0 0 0 0 0 0 0 0 0 0 0 0 0 0 0 0 0 0 0 0 0 0 0 0 0 0 0 0 0 0 0 0 0 0 0 0 0 0 0 0 3 91 0 0 0 0 0 0 0 0 0 0 0 0 0 0 0 0 0 0 0 0 0 0 0 0 0 0 0 0 0 0 0 0 0 0 0 0 0 0 0 0 0 0 0 0 0 0 0 
0 0 0 0 0 0 0 0 0 0 0 0 0 0 0 0 0 0 0 0 0 0 0 0 0 0 0 0 0 0 0 0 0 0 0 0 0 0 0 0 0 0 0 0 0 0 0 0 0 0 0 0 2 0 0 0 1 0 0 0 0 0 0 0 0 0 0 0 0 0 0 0 0 0 0 0 0 0 0 0 0 0 0 0 0 0 0 0 0 0 0 0 0 0 0 0 0 0 0 0 
0 0 0 0 0 0 0 0 0 0 0 0 0 0 0 0 0 0 0 0 0 0 0 0 0 0 0 0 0 0 0 0 0 0 0 0 0 0 0 0 0 0 0 0 0 0 0 0 0 0 0 0 0 0 0 1 0 8 0 0 0 0 0 0 0 0 0 0 0 0 0 0 0 0 0 0 0 0 0 0 0 0 0 0 0 0 0 0 0 0 0 0 0 0 0 0 0 0 0 0 
0 0 0 0 0 0 0 0 0 0 0 0 0 0 0 0 0 0 0 0 0 0 0 0 0 0 0 0 0 0 0 0 0 0 0 0 0 0 0 0 0 0 0 0 0 0 0 0 0 0 0 0 0 0 0 0 8 0 0 0 1 0 0 0 0 0 0 0 0 0 0 0 0 0 0 0 0 0 0 0 0 0 0 0 0 0 0 0 0 0 0 0 0 0 0 0 0 0 0 0 
0 0 0 0 0 0 0 0 0 0 0 0 0 0 0 0 0 0 0 0 0 0 0 0 0 0 0 0 0 0 0 0 0 0 0 0 0 0 0 0 0 0 0 0 0 0 0 0 0 0 0 0 0 0 0 0 0 0 0 9 100 0 0 0 0 0 0 0 0 0 0 0 0 0 0 0 0 0 0 0 0 0 0 0 0 0 0 0 0 0 0 0 0 0 0 0 0 0 0 0 
0 0 0 0 0 0 0 0 0 0 0 0 0 0 0 0 0 0 0 0 0 0 0 0 0 0 0 0 0 0 0 0 0 0 0 0 0 0 0 0 0 0 0 0 0 0 0 0 0 0 0 0 0 0 0 0 0 0 9 0 98 0 0 0 0 0 0 0 0 0 0 0 0 0 0 0 0 0 0 0 0 0 0 0 0 0 0 0 0 0 0 0 0 0 0 0 0 0 0 0 
0 0 0 0 0 0 0 0 0 0 0 0 0 0 0 0 0 0 0 0 0 0 0 0 0 0 0 0 0 0 0 0 0 0 0 0 0 0 0 0 0 0 0 0 0 0 0 0 0 0 0 0 0 0 0 0 0 1 100 98 0 0 0 0 0 0 0 0 0 0 0 0 0 0 0 0 0 0 0 0 0 0 0 0 0 0 0 0 0 0 0 0 0 0 0 0 0 0 0 0 
0 0 0 0 0 0 0 0 0 0 0 0 0 0 0 0 0 0 0 0 0 0 0 0 0 0 0 0 0 0 0 0 0 0 0 0 0 0 0 0 0 0 0 0 0 0 0 0 0 0 0 0 0 0 0 0 0 0 0 0 0 0 2 10 0 0 0 0 0 0 0 0 0 0 0 0 0 0 0 0 0 0 0 0 0 0 0 0 0 0 0 0 0 0 0 0 0 0 0 0 
0 0 0 0 0 0 0 0 0 0 0 0 0 0 0 0 0 0 0 0 0 0 0 0 0 0 0 0 0 0 0 0 0 0 0 0 0 0 0 0 0 0 0 0 0 0 0 0 0 0 0 0 0 0 0 0 0 0 0 0 0 2 0 93 0 0 0 0 0 0 0 0 0 0 0 0 0 0 0 0 0 0 0 0 0 0 0 0 0 0 0 0 0 0 0 0 0 0 0 0 
0 0 0 0 0 0 0 0 0 0 0 0 0 0 0 0 0 0 0 0 0 0 0 0 0 0 0 0 0 0 0 0 0 0 0 0 0 0 0 0 0 0 0 0 0 0 0 0 0 0 0 0 0 0 0 0 0 0 0 0 0 10 93 0 0 0 0 0 0 0 0 0 0 0 0 0 0 0 0 0 0 0 0 0 0 0 0 0 0 0 0 0 0 0 0 0 0 0 0 0 
0 0 0 0 0 0 0 0 0 0 0 0 0 0 0 0 0 0 0 0 0 0 0 0 0 0 0 0 0 0 0 0 0 0 0 0 0 0 0 0 0 0 0 0 0 0 0 0 0 0 0 0 0 0 0 0 0 0 0 0 0 0 0 0 0 6 0 0 0 0 0 0 0 0 0 0 0 0 0 0 0 0 0 0 0 0 0 0 0 0 0 0 0 0 0 0 0 0 0 0 
0 0 0 0 0 0 0 0 0 0 0 0 0 0 0 0 0 0 0 0 0 0 0 0 0 0 0 0 0 0 0 0 0 0 0 0 0 0 0 0 0 0 0 0 0 0 0 0 0 0 0 0 0 0 0 0 0 0 0 0 0 0 0 0 6 0 0 0 0 0 0 0 0 0 0 0 0 0 0 0 0 0 0 0 0 0 0 0 0 0 0 0 0 0 0 0 0 0 0 0 
0 0 0 0 0 0 0 0 0 0 0 0 0 0 0 0 0 0 0 0 0 0 0 0 0 0 0 0 0 0 0 0 0 0 0 0 0 0 0 0 0 0 0 0 0 0 0 0 0 0 0 0 0 0 0 0 0 0 0 0 0 0 0 0 0 0 0 5 0 0 0 0 0 0 0 0 0 0 0 0 0 0 0 0 0 0 0 0 0 0 0 0 0 0 0 0 0 0 0 0 
0 0 0 0 0 0 0 0 0 0 0 0 0 0 0 0 0 0 0 0 0 0 0 0 0 0 0 0 0 0 0 0 0 0 0 0 0 0 0 0 0 0 0 0 0 0 0 0 0 0 0 0 0 0 0 0 0 0 0 0 0 0 0 0 0 0 5 0 0 0 0 0 0 0 0 0 0 0 0 0 0 0 0 0 0 0 0 0 0 0 0 0 0 0 0 0 0 0 0 0 
0 0 0 0 0 0 0 0 0 0 0 0 0 0 0 0 0 0 0 0 0 0 0 0 0 0 0 0 0 0 0 0 0 0 0 0 0 0 0 0 0 0 0 0 0 0 0 0 0 0 0 0 0 0 0 0 0 0 0 0 0 0 0 0 0 0 0 0 0 89 2 0 0 0 0 0 0 0 0 0 0 0 0 0 0 0 0 0 0 0 0 0 0 0 0 0 0 0 0 0 
0 0 0 0 0 0 0 0 0 0 0 0 0 0 0 0 0 0 0 0 0 0 0 0 0 0 0 0 0 0 0 0 0 0 0 0 0 0 0 0 0 0 0 0 0 0 0 0 0 0 0 0 0 0 0 0 0 0 0 0 0 0 0 0 0 0 0 0 89 0 1 0 0 0 0 0 0 0 0 0 0 0 0 0 0 0 0 0 0 0 0 0 0 0 0 0 0 0 0 0 
0 0 0 0 0 0 0 0 0 0 0 0 0 0 0 0 0 0 0 0 0 0 0 0 0 0 0 0 0 0 0 0 0 0 0 0 0 0 0 0 0 0 0 0 0 0 0 0 0 0 0 0 0 0 0 0 0 0 0 0 0 0 0 0 0 0 0 0 2 1 0 0 2 0 0 0 0 0 0 0 0 0 0 0 0 0 0 0 0 0 0 0 0 0 0 0 0 0 0 0 
0 0 0 0 0 0 0 0 0 0 0 0 0 0 0 0 0 0 0 0 0 0 0 0 0 0 0 0 0 0 0 0 0 0 0 0 0 0 0 0 0 0 0 0 0 0 0 0 0 0 0 0 0 0 0 0 0 0 0 0 0 0 0 0 0 0 0 0 0 0 0 0 100 100 92 0 2 0 0 0 0 0 0 0 0 0 0 0 0 0 0 0 0 0 0 0 0 0 0 0 
0 0 0 0 0 0 0 0 0 0 0 0 0 0 0 0 0 0 0 0 0 0 0 0 0 0 0 0 0 0 0 0 0 0 0 0 0 0 0 0 0 0 0 0 0 0 0 0 0 0 0 0 0 0 0 0 0 0 0 0 0 0 0 0 0 0 0 0 0 0 2 100 0 11 0 0 0 0 0 0 0 0 0 0 0 0 0 0 0 0 0 0 0 0 0 0 0 0 0 0 
0 0 0 0 0 0 0 0 0 0 0 0 0 0 0 0 0 0 0 0 0 0 0 0 0 0 0 0 0 0 0 0 0 0 0 0 0 0 0 0 0 0 0 0 0 0 0 0 0 0 0 0 0 0 0 0 0 0 0 0 0 0 0 0 0 0 0 0 0 0 0 100 11 0 1 0 0 0 0 0 0 0 0 0 0 0 0 0 0 0 0 0 0 0 0 0 0 0 0 0 
0 0 0 0 0 0 0 0 0 0 0 0 0 0 0 0 0 0 0 0 0 0 0 0 0 0 0 0 0 0 0 0 0 0 0 0 0 0 0 0 0 0 0 0 0 0 0 0 0 0 0 0 0 0 0 0 0 0 0 0 0 0 0 0 0 0 0 0 0 0 0 92 0 1 0 0 1 0 0 0 0 0 0 0 0 0 0 0 0 0 0 0 0 0 0 0 0 0 0 0 
0 0 0 0 0 0 0 0 0 0 0 0 0 0 0 0 0 0 0 0 0 0 0 0 0 0 0 0 0 0 0 0 0 0 0 0 0 0 0 0 0 0 0 0 0 0 0 0 0 0 0 0 0 0 0 0 0 0 0 0 0 0 0 0 0 0 0 0 0 0 0 0 0 0 0 0 100 8 0 0 0 0 0 0 0 0 0 0 0 0 0 0 0 0 0 0 0 0 0 0 
0 0 0 0 0 0 0 0 0 0 0 0 0 0 0 0 0 0 0 0 0 0 0 0 0 0 0 0 0 0 0 0 0 0 0 0 0 0 0 0 0 0 0 0 0 0 0 0 0 0 0 0 0 0 0 0 0 0 0 0 0 0 0 0 0 0 0 0 0 0 0 2 0 0 1 100 0 0 0 0 0 0 0 0 0 0 0 0 0 0 0 0 0 0 0 0 0 0 0 0 
0 0 0 0 0 0 0 0 0 0 0 0 0 0 0 0 0 0 0 0 0 0 0 0 0 0 0 0 0 0 0 0 0 0 0 0 0 0 0 0 0 0 0 0 0 0 0 0 0 0 0 0 0 0 0 0 0 0 0 0 0 0 0 0 0 0 0 0 0 0 0 0 0 0 0 8 0 0 0 0 0 0 0 0 0 0 0 0 0 0 0 0 0 0 0 0 0 0 0 0 
0 0 0 0 0 0 0 0 0 0 0 0 0 0 0 0 0 0 0 0 0 0 0 0 0 0 0 0 0 0 0 0 0 0 0 0 0 0 0 0 0 0 0 0 0 0 0 0 0 0 0 0 0 0 0 0 0 0 0 0 0 0 0 0 0 0 0 0 0 0 0 0 0 0 0 0 0 0 0 94 5 0 0 0 0 0 0 0 0 0 0 0 0 0 0 0 0 0 0 0 
0 0 0 0 0 0 0 0 0 0 0 0 0 0 0 0 0 0 0 0 0 0 0 0 0 0 0 0 0 0 0 0 0 0 0 0 0 0 0 0 0 0 0 0 0 0 0 0 0 0 0 0 0 0 0 0 0 0 0 0 0 0 0 0 0 0 0 0 0 0 0 0 0 0 0 0 0 0 94 0 0 0 0 0 0 0 0 0 0 0 0 0 0 0 0 0 0 0 0 0 
0 0 0 0 0 0 0 0 0 0 0 0 0 0 0 0 0 0 0 0 0 0 0 0 0 0 0 0 0 0 0 0 0 0 0 0 0 0 0 0 0 0 0 0 0 0 0 0 0 0 0 0 0 0 0 0 0 0 0 0 0 0 0 0 0 0 0 0 0 0 0 0 0 0 0 0 0 0 5 0 0 2 0 0 0 0 0 0 0 0 0 0 0 0 0 0 0 0 0 0 
0 0 0 0 0 0 0 0 0 0 0 0 0 0 0 0 0 0 0 0 0 0 0 0 0 0 0 0 0 0 0 0 0 0 0 0 0 0 0 0 0 0 0 0 0 0 0 0 0 0 0 0 0 0 0 0 0 0 0 0 0 0 0 0 0 0 0 0 0 0 0 0 0 0 0 0 0 0 0 0 2 0 0 0 0 0 0 0 0 0 0 0 0 0 0 0 0 0 0 0 
0 0 0 0 0 0 0 0 0 0 0 0 0 0 0 0 0 0 0 0 0 0 0 0 0 0 0 0 0 0 0 0 0 0 0 0 0 0 0 0 0 0 0 0 0 0 0 0 0 0 0 0 0 0 0 0 0 0 0 0 0 0 0 0 0 0 0 0 0 0 0 0 0 0 0 0 0 0 0 0 0 0 0 98 0 0 0 0 0 0 0 0 0 0 0 0 0 0 0 0 
0 0 0 0 0 0 0 0 0 0 0 0 0 0 0 0 0 0 0 0 0 0 0 0 0 0 0 0 0 0 0 0 0 0 0 0 0 0 0 0 0 0 0 0 0 0 0 0 0 0 0 0 0 0 0 0 0 0 0 0 0 0 0 0 0 0 0 0 0 0 0 0 0 0 0 0 0 0 0 0 0 0 98 0 0 0 0 0 0 0 0 0 0 0 0 0 0 0 0 0 
0 0 0 0 0 0 0 0 0 0 0 0 0 0 0 0 0 0 0 0 0 0 0 0 0 0 0 0 0 0 0 0 0 0 0 0 0 0 0 0 0 0 0 0 0 0 0 0 0 0 0 0 0 0 0 0 0 0 0 0 0 0 0 0 0 0 0 0 0 0 0 0 0 0 0 0 0 0 0 0 0 0 0 0 0 96 0 0 0 0 0 0 0 0 0 0 0 0 0 0 
0 0 0 0 0 0 0 0 0 0 0 0 0 0 0 0 0 0 0 0 0 0 0 0 0 0 0 0 0 0 0 0 0 0 0 0 0 0 0 0 0 0 0 0 0 0 0 0 0 0 0 0 0 0 0 0 0 0 0 0 0 0 0 0 0 0 0 0 0 0 0 0 0 0 0 0 0 0 0 0 0 0 0 0 96 0 0 0 0 0 0 0 0 0 0 0 0 0 0 0 
0 0 0 0 0 0 0 0 0 0 0 0 0 0 0 0 0 0 0 0 0 0 0 0 0 0 0 0 0 0 0 0 0 0 0 0 0 0 0 0 0 0 0 0 0 0 0 0 0 0 0 0 0 0 0 0 0 0 0 0 0 0 0 0 0 0 0 0 0 0 0 0 0 0 0 0 0 0 0 0 0 0 0 0 0 0 0 4 0 0 0 0 0 0 0 0 0 0 0 0 
0 0 0 0 0 0 0 0 0 0 0 0 0 0 0 0 0 0 0 0 0 0 0 0 0 0 0 0 0 0 0 0 0 0 0 0 0 0 0 0 0 0 0 0 0 0 0 0 0 0 0 0 0 0 0 0 0 0 0 0 0 0 0 0 0 0 0 0 0 0 0 0 0 0 0 0 0 0 0 0 0 0 0 0 0 0 4 0 0 0 0 0 0 0 0 0 0 0 0 0 
0 0 0 0 0 0 0 0 0 0 0 0 0 0 0 0 0 0 0 0 0 0 0 0 0 0 0 0 0 0 0 0 0 0 0 0 0 0 0 0 0 0 0 0 0 0 0 0 0 0 0 0 0 0 0 0 0 0 0 0 0 0 0 0 0 0 0 0 0 0 0 0 0 0 0 0 0 0 0 0 0 0 0 0 0 0 0 0 0 0 0 0 0 0 0 0 0 0 0 0 
0 0 0 0 0 0 0 0 0 0 0 0 0 0 0 0 0 0 0 0 0 0 0 0 0 0 0 0 0 0 0 0 0 0 0 0 0 0 0 0 0 0 0 0 0 0 0 0 0 0 0 0 0 0 0 0 0 0 0 0 0 0 0 0 0 0 0 0 0 0 0 0 0 0 0 0 0 0 0 0 0 0 0 0 0 0 0 0 0 0 100 0 0 0 0 0 0 0 0 0 
0 0 0 0 0 0 0 0 0 0 0 0 0 0 0 0 0 0 0 0 0 0 0 0 0 0 0 0 0 0 0 0 0 0 0 0 0 0 0 0 0 0 0 0 0 0 0 0 0 0 0 0 0 0 0 0 0 0 0 0 0 0 0 0 0 0 0 0 0 0 0 0 0 0 0 0 0 0 0 0 0 0 0 0 0 0 0 0 0 100 0 0 0 0 0 0 0 0 0 0 
0 0 0 0 0 0 0 0 0 0 0 0 0 0 0 0 0 0 0 0 0 0 0 0 0 0 0 0 0 0 0 0 0 0 0 0 0 0 0 0 0 0 0 0 0 0 0 0 0 0 0 0 0 0 0 0 0 0 0 0 0 0 0 0 0 0 0 0 0 0 0 0 0 0 0 0 0 0 0 0 0 0 0 0 0 0 0 0 0 0 0 0 0 3 0 0 0 0 0 0 
0 0 0 0 0 0 0 0 0 0 0 0 0 0 0 0 0 0 0 0 0 0 0 0 0 0 0 0 0 0 0 0 0 0 0 0 0 0 0 0 0 0 0 0 0 0 0 0 0 0 0 0 0 0 0 0 0 0 0 0 0 0 0 0 0 0 0 0 0 0 0 0 0 0 0 0 0 0 0 0 0 0 0 0 0 0 0 0 0 0 0 0 0 100 100 99 0 0 0 0 
0 0 0 0 0 0 0 0 0 0 0 0 0 0 0 0 0 0 0 0 0 0 0 0 0 0 0 0 0 0 0 0 0 0 0 0 0 0 0 0 0 0 0 0 0 0 0 0 0 0 0 0 0 0 0 0 0 0 0 0 0 0 0 0 0 0 0 0 0 0 0 0 0 0 0 0 0 0 0 0 0 0 0 0 0 0 0 0 0 0 0 3 100 0 0 0 0 0 0 0 
0 0 0 0 0 0 0 0 0 0 0 0 0 0 0 0 0 0 0 0 0 0 0 0 0 0 0 0 0 0 0 0 0 0 0 0 0 0 0 0 0 0 0 0 0 0 0 0 0 0 0 0 0 0 0 0 0 0 0 0 0 0 0 0 0 0 0 0 0 0 0 0 0 0 0 0 0 0 0 0 0 0 0 0 0 0 0 0 0 0 0 0 100 0 0 0 0 0 0 0 
0 0 0 0 0 0 0 0 0 0 0 0 0 0 0 0 0 0 0 0 0 0 0 0 0 0 0 0 0 0 0 0 0 0 0 0 0 0 0 0 0 0 0 0 0 0 0 0 0 0 0 0 0 0 0 0 0 0 0 0 0 0 0 0 0 0 0 0 0 0 0 0 0 0 0 0 0 0 0 0 0 0 0 0 0 0 0 0 0 0 0 0 99 0 0 0 0 0 0 0 
0 0 0 0 0 0 0 0 0 0 0 0 0 0 0 0 0 0 0 0 0 0 0 0 0 0 0 0 0 0 0 0 0 0 0 0 0 0 0 0 0 0 0 0 0 0 0 0 0 0 0 0 0 0 0 0 0 0 0 0 0 0 0 0 0 0 0 0 0 0 0 0 0 0 0 0 0 0 0 0 0 0 0 0 0 0 0 0 0 0 0 0 0 0 0 0 0 99 0 0 
0 0 0 0 0 0 0 0 0 0 0 0 0 0 0 0 0 0 0 0 0 0 0 0 0 0 0 0 0 0 0 0 0 0 0 0 0 0 0 0 0 0 0 0 0 0 0 0 0 0 0 0 0 0 0 0 0 0 0 0 0 0 0 0 0 0 0 0 0 0 0 0 0 0 0 0 0 0 0 0 0 0 0 0 0 0 0 0 0 0 0 0 0 0 0 0 99 0 0 0 
0 0 0 0 0 0 0 0 0 0 0 0 0 0 0 0 0 0 0 0 0 0 0 0 0 0 0 0 0 0 0 0 0 0 0 0 0 0 0 0 0 0 0 0 0 0 0 0 0 0 0 0 0 0 0 0 0 0 0 0 0 0 0 0 0 0 0 0 0 0 0 0 0 0 0 0 0 0 0 0 0 0 0 0 0 0 0 0 0 0 0 0 0 0 0 0 0 0 0 100 
0 0 0 0 0 0 0 0 0 0 0 0 0 0 0 0 0 0 0 0 0 0 0 0 0 0 0 0 0 0 0 0 0 0 0 0 0 0 0 0 0 0 0 0 0 0 0 0 0 0 0 0 0 0 0 0 0 0 0 0 0 0 0 0 0 0 0 0 0 0 0 0 0 0 0 0 0 0 0 0 0 0 0 0 0 0 0 0 0 0 0 0 0 0 0 0 0 0 100 0 

Rho histogram: 
0 0 0 0 0 0 0 0 0 0 0 0 0 0 0 0 0 0 0 100 

Summary:
objF nSamp nIter rhoMean rhoStDev rProp hitsProp rankHitsProp
Dware 100 100 0.9994256225622565 3.908498971597466e-05 0 0 0.4683

Time:  1h36m3.146902361s
=======================================================
