=======================================================
Objective function:  Gar75
Matrix:  I100.csv
Iterations:  100
Heuristic for search:  RobSA3
Improvement function # 0
Window width for improvement:  0
Heuristic for improvement:  RobSA3
Seed:  33
=======================================================

Best permutations: 
0 1 2 3 4 5 6 7 8 9 11 10 13 12 15 16 14 19 17 18 20 21 22 24 27 23 30 25 26 28 32 31 29 33 35 34 36 37 38 39 40 41 43 42 44 45 48 46 47 49 50 53 51 52 54 55 56 57 60 58 59 63 61 62 64 65 67 66 68 69 72 70 73 74 76 71 77 75 79 78 80 81 83 85 82 84 86 87 90 88 89 93 91 94 95 92 97 96 99 98 
0 1 2 3 4 6 5 7 8 9 11 10 13 12 15 16 14 19 17 18 20 21 22 24 27 23 30 25 26 28 32 31 29 33 35 34 36 37 38 39 40 41 42 44 43 45 48 46 47 49 50 53 51 52 54 55 56 57 60 58 59 63 61 62 64 65 67 66 68 69 72 70 73 74 76 71 77 75 79 80 78 81 83 85 82 84 86 87 90 88 89 93 91 94 95 92 97 96 99 98 
0 1 2 3 4 5 6 7 8 9 11 10 13 12 15 16 14 19 17 18 20 21 22 24 27 23 30 25 26 28 32 31 29 33 35 34 36 37 38 39 40 41 43 42 44 45 48 46 47 49 50 53 51 52 54 55 56 57 60 58 59 63 61 62 64 65 67 66 68 69 72 70 73 74 76 71 77 75 79 78 80 81 83 85 82 84 86 87 90 88 89 93 91 94 95 92 97 96 99 98 
0 1 2 3 4 5 6 7 8 9 11 10 13 12 15 16 14 19 17 18 20 21 22 24 27 23 30 25 26 28 32 31 29 33 35 34 36 37 38 39 40 41 43 42 44 45 48 46 47 50 49 53 51 52 54 55 56 57 60 58 59 63 61 62 64 65 67 66 68 69 72 70 73 74 76 77 71 75 79 78 80 81 83 85 82 84 86 87 90 88 89 93 91 94 95 92 97 96 99 98 
0 1 2 3 4 5 6 7 8 9 11 10 13 12 15 16 14 19 17 18 20 21 22 24 27 23 30 25 26 28 32 31 29 33 35 34 36 37 38 39 40 41 43 42 44 45 48 46 47 49 50 51 53 54 52 55 56 57 60 59 58 63 61 62 64 65 67 66 68 69 72 70 73 74 76 71 77 75 79 78 80 81 83 85 82 84 86 87 90 88 89 93 91 94 95 92 97 96 99 98 
0 1 2 3 4 5 6 7 8 9 11 10 13 12 15 16 14 19 17 18 20 21 22 24 27 23 25 26 30 28 32 31 29 33 35 34 36 37 38 39 40 41 43 42 44 45 48 46 47 49 50 53 51 52 54 55 56 57 60 58 59 63 61 62 64 65 67 66 68 69 72 70 73 74 76 77 71 75 79 78 80 81 83 85 82 84 86 87 90 88 89 93 91 94 95 92 97 96 99 98 
0 1 2 3 4 5 6 7 8 9 11 10 13 12 15 16 14 19 17 18 20 21 22 24 27 23 30 25 28 26 32 31 29 33 34 35 36 37 38 39 40 41 43 42 44 45 48 46 47 50 49 53 51 52 54 55 56 57 60 58 63 59 61 62 64 65 66 67 69 68 72 70 73 74 76 77 71 75 79 78 80 81 83 85 82 84 86 87 90 88 89 93 91 94 95 92 97 96 99 98 
0 1 2 3 4 5 6 7 8 9 11 10 13 12 15 16 14 19 17 18 20 21 22 24 23 27 30 25 26 28 32 31 29 33 35 34 36 37 38 39 40 41 43 42 44 45 48 46 47 49 50 53 51 52 54 55 56 57 60 58 59 63 61 62 64 65 67 66 68 69 72 70 73 74 76 77 71 75 79 78 80 81 83 85 82 84 86 87 90 88 89 93 91 94 95 92 97 96 99 98 
0 1 2 3 4 5 6 7 8 9 11 10 13 12 15 16 14 19 17 18 20 21 22 24 27 23 30 25 26 28 32 31 29 33 34 35 36 37 38 39 40 41 43 42 44 45 48 46 47 49 50 53 51 52 54 55 56 57 60 58 59 63 61 62 64 65 67 66 68 69 72 70 73 74 76 71 77 75 79 80 78 81 83 85 82 84 86 87 90 88 89 93 91 94 95 92 97 96 99 98 
0 1 2 3 4 5 6 7 8 9 11 10 13 12 15 16 14 19 17 18 20 21 22 24 27 23 30 25 26 28 32 31 29 33 35 34 36 37 38 39 40 41 43 42 44 45 48 46 47 49 50 53 51 52 54 55 56 57 60 58 59 63 61 62 64 65 67 66 68 69 72 70 73 74 76 71 77 75 79 78 80 81 83 85 82 84 86 87 90 88 89 93 91 94 95 92 97 96 99 98 
0 1 2 3 4 5 6 7 8 9 11 10 13 12 16 14 19 15 18 17 20 21 22 24 27 23 30 25 26 32 28 31 29 33 35 34 36 37 38 39 40 41 43 42 44 45 48 46 47 49 50 53 51 52 54 55 56 57 60 58 59 63 61 62 64 65 67 66 68 69 72 70 73 74 76 77 71 75 79 78 80 81 83 85 82 84 86 87 90 88 89 93 91 94 95 92 97 96 99 98 
0 1 2 3 4 5 6 7 8 9 11 10 13 12 15 16 14 19 17 18 20 22 21 24 27 23 30 25 26 28 32 31 29 33 35 34 36 37 38 39 40 41 43 42 44 45 48 46 47 49 50 53 51 52 54 55 56 57 60 58 59 63 61 62 64 65 66 67 68 69 72 70 73 74 76 77 71 75 79 80 78 81 83 85 82 84 86 87 90 88 89 93 91 94 95 92 97 96 99 98 
0 1 2 3 4 5 6 7 8 9 11 10 13 12 15 16 14 19 17 18 20 21 22 24 27 23 30 25 26 28 32 31 29 33 35 34 36 37 38 39 40 41 43 42 44 45 48 46 47 49 50 53 51 52 54 55 56 57 60 58 59 63 61 62 64 65 67 66 68 69 72 70 73 74 76 77 71 75 79 78 80 81 83 85 82 84 86 87 90 88 89 93 91 94 95 92 97 96 99 98 
0 1 2 3 4 5 6 7 8 9 11 10 13 12 15 16 14 19 17 18 20 21 22 24 23 27 30 25 26 28 32 31 29 33 35 34 36 37 38 39 40 41 43 42 44 45 48 46 47 49 50 53 51 52 54 55 56 57 60 58 59 63 61 62 64 65 67 66 68 69 72 70 73 74 76 71 77 75 79 78 80 81 83 85 82 84 86 87 90 88 89 93 91 94 95 92 97 96 99 98 
0 1 2 3 4 5 6 7 8 9 11 10 13 12 15 16 19 14 17 18 20 21 22 24 27 23 30 25 28 26 32 31 29 33 35 34 36 37 38 39 41 40 42 43 44 45 48 46 47 49 50 53 51 52 54 55 56 57 60 58 59 61 63 62 64 65 67 66 68 69 72 70 73 74 76 77 71 75 79 78 80 81 83 85 82 84 86 87 90 88 89 93 91 94 95 92 97 96 99 98 
0 1 2 3 4 5 6 7 8 9 11 10 13 12 15 16 14 19 17 18 20 21 22 24 27 23 30 25 26 28 32 31 29 33 35 34 36 37 38 39 40 41 42 44 43 45 48 46 47 50 49 53 51 52 54 55 56 57 60 58 59 63 61 62 64 65 67 66 68 69 72 73 70 74 76 71 77 75 79 78 80 81 83 85 82 84 86 87 90 88 89 93 91 94 95 92 97 96 99 98 
0 1 2 3 4 5 6 7 8 9 11 10 13 12 15 16 14 19 17 18 20 21 22 24 27 23 25 26 30 28 32 31 33 29 35 34 36 37 38 39 41 40 43 42 44 45 48 46 47 49 50 53 51 52 54 55 56 57 60 58 59 61 63 62 64 65 67 66 68 69 72 70 73 74 76 71 77 75 79 78 80 81 82 83 84 85 86 87 90 88 89 93 91 94 95 92 97 96 99 98 
0 1 2 3 4 5 6 7 8 9 11 10 13 12 15 16 14 19 17 18 20 21 22 24 27 23 30 25 26 28 32 31 29 33 35 34 36 37 38 39 40 41 43 42 45 44 48 46 47 49 50 53 51 52 54 55 56 57 60 58 59 63 61 62 64 65 67 66 68 69 72 70 73 74 76 71 77 75 79 78 80 81 83 85 82 84 86 87 90 88 89 93 91 94 95 92 97 96 99 98 
0 1 2 3 4 5 6 7 8 9 11 10 13 12 15 16 14 19 17 18 20 21 22 24 27 23 30 25 26 28 32 31 29 33 35 34 36 37 38 39 40 41 43 42 44 45 48 46 47 49 50 53 51 52 54 55 56 57 60 58 59 63 61 62 64 65 67 66 68 69 72 70 73 74 76 71 77 75 79 78 80 81 83 85 82 84 86 87 90 88 89 93 91 94 95 92 97 96 99 98 
0 1 2 3 4 5 6 7 8 9 11 10 13 12 15 16 14 19 17 18 20 21 22 24 27 23 30 25 26 28 32 31 29 33 35 34 36 37 38 39 40 41 43 42 44 45 48 46 47 49 50 53 51 52 54 55 56 57 60 58 59 63 61 62 64 65 67 66 68 69 72 70 73 76 74 71 77 75 79 78 80 81 83 85 82 84 86 87 88 90 89 93 91 94 95 92 97 96 99 98 
0 1 2 3 4 5 6 7 8 9 11 10 13 12 15 16 14 19 17 18 20 21 22 24 27 23 30 25 26 28 32 31 29 33 34 36 35 37 38 39 40 41 43 42 44 45 48 46 47 49 50 53 51 52 54 55 56 57 60 58 59 63 61 62 64 65 67 66 68 69 70 72 73 74 76 77 71 75 79 78 80 81 83 85 82 84 86 87 90 88 89 93 91 94 95 92 97 96 99 98 
0 1 2 3 4 5 6 7 8 9 11 10 13 12 15 16 14 19 17 18 20 21 22 24 27 23 30 25 26 28 32 31 29 33 35 34 36 37 38 39 41 40 43 42 45 46 44 48 47 49 50 53 51 52 54 55 56 57 60 59 58 63 61 62 64 65 67 66 68 69 72 70 73 74 76 71 77 75 79 78 80 81 83 85 82 84 86 87 90 88 89 93 91 94 95 92 97 96 99 98 
0 1 2 3 4 5 6 7 8 9 11 10 13 12 15 16 14 19 17 18 20 21 22 24 27 23 30 25 26 28 32 31 29 33 35 34 36 37 38 39 40 41 43 42 44 45 48 46 47 49 50 53 51 52 54 55 56 57 60 58 59 63 61 62 64 65 67 66 68 69 72 70 73 74 76 71 77 75 79 78 80 81 83 85 82 84 86 87 90 88 89 93 91 94 95 92 97 96 99 98 
0 1 2 3 4 5 6 7 8 9 11 10 13 12 15 16 14 19 17 18 20 22 21 24 27 23 30 25 26 28 32 31 29 33 35 34 36 37 38 39 40 41 43 42 44 45 48 46 47 49 50 53 51 52 54 55 56 57 60 58 59 63 61 62 64 65 67 66 68 69 72 70 73 74 76 77 71 75 79 78 80 81 83 85 82 84 86 87 90 88 89 93 91 94 95 92 97 96 99 98 
0 1 2 3 4 5 6 7 8 9 11 10 13 12 15 16 14 19 17 18 20 21 22 24 27 23 30 25 26 32 28 29 31 33 35 34 36 37 38 39 40 41 43 42 44 45 48 46 47 49 50 53 51 52 54 55 56 57 60 58 59 63 61 62 64 65 67 66 68 69 72 70 73 76 74 71 77 75 79 78 80 81 83 85 82 84 86 87 90 88 89 93 91 94 95 92 97 96 99 98 
0 1 2 3 4 5 6 7 8 9 11 10 13 12 15 16 14 19 17 18 20 21 22 24 27 23 30 25 26 28 32 31 29 33 35 34 36 37 38 39 40 41 43 42 44 45 48 46 47 49 50 53 51 52 54 55 56 57 60 58 59 63 61 62 64 65 67 66 68 69 72 70 73 74 76 77 71 75 79 78 80 81 83 85 82 84 87 86 90 88 89 93 91 94 95 92 97 96 99 98 
0 1 2 3 4 5 6 7 8 9 11 10 13 12 15 16 14 19 17 18 20 21 22 24 27 23 25 26 30 28 32 31 29 33 35 34 36 37 38 39 40 41 44 43 42 45 48 47 46 49 50 53 51 52 54 55 56 57 60 58 59 63 61 62 64 65 67 66 68 69 72 70 73 74 76 77 71 75 79 78 80 81 83 85 82 84 86 87 90 88 89 93 91 94 95 92 97 96 99 98 
0 1 2 3 4 5 6 7 8 9 11 10 13 12 15 16 14 19 17 18 20 21 22 24 27 23 30 25 26 28 32 31 29 33 35 34 36 37 38 39 40 41 43 42 44 45 48 46 47 49 50 53 51 52 54 55 56 57 60 58 59 63 61 62 64 65 67 66 68 69 72 70 73 74 76 71 77 75 79 78 80 81 83 85 82 84 86 87 88 90 89 93 91 94 95 92 97 96 99 98 
0 1 2 3 4 5 6 7 8 9 11 10 13 12 15 16 14 19 17 18 20 21 22 24 27 23 25 26 30 28 32 31 29 33 35 34 36 37 38 39 40 41 43 42 44 45 48 46 47 49 50 53 51 52 54 55 56 57 60 58 59 63 61 62 64 65 67 66 68 69 72 70 73 74 76 77 71 75 79 78 80 81 83 85 82 84 86 87 90 88 89 93 91 94 95 92 97 96 99 98 
0 1 2 3 4 5 6 7 8 9 11 10 13 12 15 16 14 19 17 18 20 21 22 24 27 23 25 26 30 28 32 31 29 33 35 34 36 37 38 39 41 40 42 43 44 45 48 46 47 49 50 53 51 52 54 55 56 57 60 58 59 63 61 62 64 65 66 67 68 69 72 73 70 74 76 77 71 75 79 78 80 81 83 85 82 84 86 87 90 88 89 93 91 94 95 92 97 96 99 98 
0 1 2 3 4 5 6 7 8 9 11 10 13 12 15 16 14 19 17 18 20 21 22 24 27 23 30 25 26 28 32 31 29 33 35 34 36 37 38 39 40 41 43 42 44 45 48 46 47 49 50 53 51 52 54 55 56 57 60 58 59 63 61 62 64 65 67 66 68 69 72 70 73 74 76 71 77 75 79 78 80 81 83 85 82 84 86 87 90 88 89 93 91 94 95 92 97 96 99 98 
0 1 2 3 4 5 6 7 8 9 11 10 13 12 15 16 14 19 17 18 20 22 21 24 27 23 30 25 26 28 31 32 29 33 35 34 36 37 39 38 40 41 44 43 42 45 48 46 47 49 50 53 51 52 54 55 56 57 60 58 59 63 61 62 64 65 67 66 68 69 72 70 73 74 76 71 77 75 79 78 80 81 83 82 85 84 86 87 90 88 89 93 91 94 95 92 97 96 99 98 
0 1 2 3 4 5 6 7 8 9 11 10 13 12 15 16 14 19 17 18 20 21 22 24 27 23 30 25 26 28 32 31 29 33 34 36 35 37 38 39 40 41 42 44 43 45 46 48 47 49 50 51 53 52 54 55 57 56 60 58 59 63 61 62 64 65 67 66 68 69 72 70 73 74 76 71 77 75 79 78 80 81 83 85 82 84 86 87 90 88 89 93 91 94 95 92 97 96 99 98 
0 1 2 3 4 5 6 7 8 9 11 10 13 12 15 16 14 19 17 18 20 21 22 24 27 23 30 25 26 28 32 31 33 29 35 34 36 37 38 39 40 41 43 42 44 45 48 46 47 49 50 53 51 52 54 55 56 57 60 58 59 63 61 62 64 65 67 66 68 69 72 70 73 74 76 77 71 75 79 78 80 81 83 85 82 84 86 87 90 88 89 93 91 94 95 92 97 96 99 98 
0 1 2 3 4 5 6 7 8 9 11 10 13 12 15 16 14 19 17 18 20 21 22 24 27 23 30 25 26 32 28 31 29 33 34 35 36 37 39 38 40 41 43 42 44 45 48 46 47 49 50 53 51 52 54 55 56 57 60 58 59 63 61 62 64 65 67 66 68 69 72 70 73 74 76 71 77 75 79 78 80 81 83 85 82 84 86 87 90 88 89 93 91 94 95 92 97 96 99 98 
0 1 2 3 4 5 6 7 8 9 11 10 13 12 15 16 14 19 17 18 20 21 22 24 23 27 25 26 30 28 32 31 29 33 35 34 36 37 38 39 40 41 43 42 44 45 46 48 47 49 50 53 51 52 54 55 57 56 60 58 59 61 63 62 64 65 67 66 68 69 72 70 73 74 76 77 71 75 79 78 80 81 83 85 84 82 86 87 90 88 89 93 91 94 95 92 97 96 99 98 
0 1 2 3 4 5 6 7 8 9 11 10 13 12 15 16 14 19 17 18 20 21 22 24 27 23 30 25 26 28 32 31 29 33 35 34 36 37 38 39 40 41 43 42 45 44 48 46 47 49 50 53 51 52 54 55 56 57 60 58 59 63 61 62 64 65 67 66 68 69 72 70 73 74 76 77 71 75 79 80 78 81 83 85 82 84 86 87 90 88 89 93 91 94 95 92 97 96 99 98 
0 1 2 3 4 5 6 7 8 9 11 10 13 12 15 16 19 14 17 18 20 21 24 22 23 27 30 25 26 28 32 31 29 33 34 35 36 37 38 39 40 41 43 42 45 48 44 46 47 50 49 51 53 52 54 55 56 57 60 59 58 63 61 62 64 65 67 66 68 69 72 70 73 74 76 77 71 75 79 78 80 81 83 85 82 84 86 87 90 88 89 93 91 94 95 92 97 96 99 98 
0 1 2 3 4 5 6 7 8 9 11 10 13 12 15 16 14 19 17 18 20 21 22 24 27 23 30 25 26 28 32 31 29 33 35 34 36 37 38 39 40 41 43 42 44 45 48 46 49 47 50 53 51 52 54 55 56 57 60 58 59 63 61 62 64 65 67 66 68 69 72 70 73 74 76 77 71 75 79 78 80 81 83 85 82 84 86 87 90 88 89 93 91 94 95 92 97 96 99 98 
0 1 2 3 4 5 6 7 8 9 11 10 13 12 15 16 14 19 17 18 20 21 22 24 27 23 30 25 26 28 32 31 29 33 35 34 36 37 38 39 40 41 43 42 45 44 48 46 47 49 50 53 51 52 54 55 56 57 60 58 59 63 61 62 64 65 67 66 68 69 72 70 73 74 76 71 77 75 79 78 80 81 83 85 82 84 86 87 90 88 89 93 91 94 95 92 97 96 99 98 
0 1 2 3 4 5 6 7 8 9 11 10 13 12 15 16 14 19 17 18 20 21 22 24 27 23 30 25 26 28 32 31 29 33 35 34 36 37 38 39 40 41 43 42 44 45 48 46 47 49 50 53 51 52 54 55 56 57 60 58 59 63 61 62 64 65 67 66 68 69 72 70 73 74 76 71 77 75 79 78 80 81 83 85 82 84 86 87 90 88 89 93 91 94 95 92 97 96 99 98 
0 1 2 3 4 5 6 7 8 9 11 10 13 12 15 16 14 19 17 18 20 21 22 24 27 23 30 25 26 28 32 31 29 33 35 34 36 37 38 39 40 41 43 42 44 45 48 46 47 49 50 53 54 51 52 55 56 57 60 58 59 63 61 64 62 65 67 66 68 69 72 70 73 74 76 71 77 75 79 78 80 81 83 85 82 84 86 87 90 88 89 93 91 94 95 92 97 96 99 98 
0 1 2 3 4 5 6 7 8 9 11 10 13 12 15 16 14 19 17 18 20 21 22 24 27 23 30 25 26 28 32 31 29 33 35 34 36 37 38 39 40 41 42 44 43 45 48 46 47 49 50 53 51 52 54 55 56 57 60 58 59 63 61 62 64 65 67 66 68 69 72 70 73 74 76 71 77 75 79 78 80 81 83 85 82 84 86 87 90 88 89 93 91 94 95 92 97 96 99 98 
0 1 2 3 4 5 6 7 8 9 11 10 13 12 15 16 14 19 17 18 21 20 22 27 24 23 26 30 25 32 28 31 29 33 35 34 36 37 38 39 40 41 43 42 44 45 48 46 47 49 50 53 51 52 54 55 56 57 60 58 59 63 61 62 64 65 67 66 68 69 72 70 73 74 76 77 71 75 79 78 80 81 83 85 82 84 86 87 90 88 89 93 91 94 95 92 97 96 99 98 
0 1 2 3 4 5 6 7 8 9 11 10 13 12 15 16 14 19 17 18 20 21 22 24 23 27 25 30 26 28 32 31 29 33 35 34 36 37 38 39 40 41 43 42 44 45 48 46 47 49 50 53 51 52 54 55 56 57 60 58 59 63 61 62 64 65 67 66 68 69 72 70 73 74 76 71 77 75 79 78 80 81 83 85 82 84 86 87 90 88 89 93 91 94 95 92 97 96 99 98 
0 1 2 3 4 5 6 7 8 9 11 10 13 12 15 16 14 19 17 18 20 21 22 24 27 23 30 25 26 28 32 31 29 33 35 34 36 37 38 39 40 41 43 42 44 45 48 46 47 49 50 51 53 54 52 55 56 57 60 58 59 63 61 62 64 65 67 66 68 69 72 70 73 74 76 77 71 75 79 78 80 81 83 85 82 84 86 87 90 88 89 93 91 94 95 92 97 96 99 98 
0 1 2 3 4 5 6 7 8 9 11 10 13 12 15 16 14 19 17 18 20 21 22 24 27 23 30 25 26 28 32 31 29 33 34 35 36 37 38 39 41 40 43 42 44 45 46 48 47 49 50 53 51 52 54 55 56 57 60 58 59 61 63 64 62 65 67 66 68 69 72 70 73 74 76 77 71 75 79 78 80 81 83 85 82 84 86 87 90 88 89 93 91 94 95 92 97 96 99 98 
0 1 2 3 4 5 6 7 8 9 11 10 13 12 15 16 14 19 18 17 20 21 22 24 27 23 25 26 30 28 32 31 29 33 35 34 37 36 38 39 40 41 42 43 44 45 48 46 47 49 50 53 51 52 54 55 56 57 60 58 59 63 61 62 64 65 67 66 68 69 72 70 73 74 76 77 71 75 79 78 80 81 83 85 82 84 87 86 90 88 89 93 91 94 95 92 97 96 99 98 
0 1 2 3 4 5 6 7 8 9 11 10 13 12 15 16 14 19 17 18 20 21 22 24 27 23 30 25 26 28 32 31 29 33 35 34 36 37 38 39 40 41 43 42 44 45 48 46 47 49 50 53 51 52 54 55 56 57 60 58 59 63 61 62 64 65 67 66 68 69 72 70 73 74 76 71 77 75 79 78 80 81 83 85 82 84 86 87 90 88 89 93 91 94 95 92 97 96 99 98 
0 1 2 3 4 5 6 7 8 9 11 10 13 12 15 16 14 19 17 18 20 21 22 24 27 23 30 25 28 26 32 31 29 33 35 34 36 37 39 38 40 41 43 42 44 45 48 46 47 49 50 53 51 52 54 55 56 57 60 58 59 63 61 62 64 65 67 66 68 69 72 70 73 74 76 77 71 75 79 78 80 81 83 85 82 84 87 86 90 88 89 93 91 94 92 95 97 96 99 98 
0 1 2 3 4 5 6 7 8 9 11 10 13 12 15 16 14 19 17 18 20 21 22 24 27 23 30 25 26 28 32 31 29 33 35 34 36 37 38 39 40 41 43 42 44 45 48 46 47 49 50 53 51 52 54 55 56 57 60 58 59 63 61 62 64 65 67 66 68 69 72 70 73 74 76 77 71 75 79 80 78 81 83 85 82 84 86 87 90 88 89 93 91 94 95 92 97 96 99 98 
0 1 2 3 4 5 6 7 8 9 11 10 13 12 15 16 14 19 17 18 20 21 22 24 27 23 30 25 26 28 32 31 29 33 35 34 36 37 38 39 40 41 43 42 44 45 46 48 47 50 49 53 51 52 54 55 57 56 60 58 59 61 63 62 64 65 67 66 69 68 72 70 73 74 76 77 71 75 79 78 80 81 83 85 82 84 86 87 90 88 89 93 91 94 95 92 97 96 99 98 
0 1 2 3 4 5 6 7 9 8 11 10 13 12 16 15 14 19 17 18 20 21 22 27 24 23 30 25 26 28 32 31 33 29 35 34 36 37 38 39 40 41 43 42 44 45 48 46 47 49 50 53 51 52 54 55 56 57 60 58 59 63 61 62 64 65 67 66 69 68 72 73 70 76 71 74 77 75 79 78 80 81 83 85 82 84 86 87 90 88 89 93 91 94 95 92 97 96 99 98 
0 1 2 3 4 5 6 7 8 9 11 10 13 12 15 16 14 19 17 18 20 21 22 24 27 23 30 25 26 28 32 31 29 33 35 34 36 37 38 39 40 41 43 42 44 45 48 46 47 49 50 53 51 52 54 55 56 57 60 58 59 63 61 64 62 65 66 67 68 69 73 72 70 74 76 71 77 75 79 78 80 81 83 85 84 82 86 87 90 88 89 93 91 94 95 92 97 96 99 98 
0 1 2 3 4 5 6 7 8 9 11 10 13 12 15 16 19 14 17 18 20 21 22 24 27 23 30 25 26 28 32 31 29 33 35 34 36 37 38 39 40 41 43 42 45 44 48 46 47 49 50 53 51 52 54 55 56 57 60 58 59 63 61 62 64 65 67 66 68 69 72 70 73 74 76 77 71 75 79 78 80 81 83 85 82 84 86 87 90 88 89 93 91 94 95 92 97 96 99 98 
0 1 2 3 4 5 6 7 8 9 11 10 13 12 15 16 14 19 17 18 20 21 22 24 27 23 30 25 28 26 32 31 29 33 35 34 36 37 38 39 40 41 43 42 44 45 48 46 47 49 50 53 51 52 54 55 56 57 60 58 59 63 61 62 64 65 67 66 68 69 72 70 73 74 76 71 77 75 79 78 80 81 83 85 82 84 86 87 90 88 89 93 91 94 95 92 97 96 99 98 
0 1 2 3 4 5 6 7 8 9 11 10 13 12 15 16 14 19 17 18 20 21 22 24 27 23 30 25 26 28 32 31 29 33 35 34 36 37 38 39 40 41 43 42 44 45 48 46 47 49 50 53 51 52 54 55 57 56 60 58 59 63 61 62 64 65 67 66 68 69 72 70 73 74 76 77 71 75 79 78 80 81 83 85 82 84 86 87 90 88 89 93 91 94 95 92 97 96 99 98 
0 1 2 3 4 5 6 7 8 9 11 10 13 12 15 16 14 19 17 18 20 21 24 27 23 30 25 22 26 28 32 31 29 33 35 34 37 36 38 39 40 41 43 42 44 45 48 46 47 49 50 51 53 52 54 55 56 57 60 58 59 63 61 62 64 65 67 66 68 69 70 72 73 74 76 71 77 75 79 78 80 81 83 85 82 84 86 87 90 88 89 93 91 94 95 92 97 96 99 98 
0 1 2 3 4 5 6 7 8 9 11 10 13 12 15 16 14 19 18 17 20 21 22 24 27 23 25 26 30 28 32 31 29 33 34 36 35 37 38 39 40 41 43 42 44 45 48 46 47 49 50 53 51 52 54 55 56 57 60 58 59 63 61 62 64 65 67 66 68 69 72 70 73 74 76 77 71 75 79 78 80 81 83 85 82 84 86 87 90 88 89 93 91 94 95 92 97 96 99 98 
0 1 2 3 4 5 6 7 8 9 11 10 13 15 12 16 14 19 17 18 20 21 22 24 27 23 30 25 26 28 32 31 29 33 35 34 36 37 38 39 40 41 43 42 44 45 48 46 47 49 50 53 51 52 54 55 56 57 60 58 59 63 61 62 64 65 67 66 68 69 70 72 73 74 76 71 77 75 79 78 80 81 83 85 82 84 86 87 90 88 89 93 91 94 95 92 97 96 99 98 
0 1 2 3 4 5 6 7 8 9 11 10 13 12 15 16 14 19 17 18 20 21 22 24 27 23 30 25 26 28 32 31 29 33 35 34 36 37 38 39 40 41 43 42 44 45 48 46 47 49 50 53 51 52 54 55 56 57 60 58 59 63 61 62 64 65 67 66 69 68 72 70 73 74 76 77 71 75 79 78 80 81 83 85 82 84 86 87 90 88 89 93 91 94 95 92 97 96 99 98 
0 1 2 3 4 5 6 7 8 9 11 10 13 12 15 16 14 19 17 18 20 21 22 24 27 23 30 25 28 26 31 32 29 33 35 34 36 37 38 39 40 41 43 42 44 45 48 46 47 49 50 53 51 52 54 55 56 57 60 58 59 63 61 62 64 65 67 66 68 69 72 70 73 76 74 77 71 75 79 78 80 81 83 85 82 84 86 87 90 88 89 93 91 94 95 92 97 96 99 98 
0 1 2 3 4 5 6 7 8 9 11 13 10 12 15 16 14 19 17 18 22 21 20 27 24 23 25 26 30 28 32 31 29 33 35 34 36 37 38 39 40 41 43 42 44 45 48 46 47 49 50 53 51 54 52 55 56 57 60 58 59 63 61 62 64 65 67 66 69 68 72 70 73 74 76 71 77 75 79 78 80 81 83 85 82 84 86 87 90 88 89 93 91 94 95 92 97 96 99 98 
0 1 2 3 4 5 6 7 8 9 11 10 13 12 15 16 14 19 17 18 20 21 22 24 27 23 30 25 26 28 32 31 29 33 35 34 36 37 38 39 40 41 43 42 44 45 48 46 47 49 50 51 53 52 54 55 56 57 60 58 59 63 61 62 64 65 67 66 68 69 72 70 73 74 76 77 71 75 79 78 80 81 83 85 82 84 86 87 90 88 89 93 91 94 95 92 97 96 99 98 
0 1 2 3 4 5 6 7 8 9 11 10 13 12 16 15 14 19 17 18 20 21 22 24 27 23 30 25 26 28 32 31 29 33 35 34 36 37 38 39 40 41 43 42 44 45 48 46 47 49 50 53 51 52 54 55 56 57 60 58 59 63 61 62 64 65 67 66 68 69 72 70 73 74 76 71 77 75 79 78 80 81 83 85 82 84 86 87 90 88 89 93 91 94 95 92 97 96 99 98 
0 1 2 3 4 5 6 7 8 9 11 10 13 12 15 16 14 19 17 18 20 21 22 24 27 23 30 25 26 28 32 31 29 33 35 34 36 37 38 39 40 41 43 42 44 45 48 46 47 49 50 53 51 52 54 55 56 57 60 59 58 63 61 62 64 65 67 66 68 69 72 70 73 74 76 71 75 77 79 78 80 81 83 85 82 84 86 87 90 88 89 93 91 94 95 92 97 96 99 98 
0 1 2 3 4 5 6 7 8 9 11 10 13 12 15 16 14 19 17 18 20 21 22 24 27 23 30 25 26 28 32 31 29 33 35 34 36 37 39 38 40 41 43 42 44 45 48 46 47 49 50 53 51 52 54 55 56 57 60 58 59 63 61 62 64 65 66 67 69 68 72 70 73 74 76 71 77 75 79 78 80 81 83 85 82 84 86 87 90 88 89 93 91 94 95 92 97 96 99 98 
0 1 2 3 4 5 6 7 8 9 11 10 13 12 15 16 14 19 17 18 20 21 22 24 27 23 30 25 26 28 32 31 29 33 35 34 36 37 38 39 40 41 43 42 45 44 48 46 47 49 50 53 51 52 54 55 56 57 60 59 58 63 61 62 64 65 67 66 68 69 72 70 73 74 76 71 77 75 79 78 80 81 83 85 84 82 86 87 90 88 89 93 91 94 95 92 97 96 99 98 
0 1 2 3 4 5 6 7 8 9 11 10 13 12 15 16 14 19 17 18 20 21 22 24 27 23 30 25 26 28 32 31 29 33 35 34 36 37 38 39 40 41 43 42 44 45 48 46 47 49 50 53 51 52 54 55 56 57 60 58 59 63 61 62 64 65 67 66 68 69 72 70 73 76 74 77 71 75 79 78 80 81 83 85 82 84 86 87 90 88 89 93 91 94 95 92 97 96 99 98 
0 1 2 3 4 5 6 7 8 9 11 10 13 15 12 16 14 19 17 18 20 21 22 24 27 23 30 25 26 32 28 31 29 33 35 34 36 37 38 39 40 41 42 43 44 45 48 47 46 49 50 53 51 52 54 55 56 57 60 58 59 63 61 62 64 65 67 66 68 69 72 70 73 74 76 71 77 75 79 78 80 81 83 85 82 84 86 87 90 88 89 93 91 94 95 92 97 96 99 98 
0 1 2 3 4 5 6 7 8 9 11 10 13 12 15 16 14 19 17 18 20 21 22 24 27 23 30 25 26 28 32 31 29 33 35 34 36 37 38 39 40 41 43 42 45 44 48 46 47 49 50 53 51 52 54 55 56 57 60 58 59 63 61 62 64 65 67 66 68 69 73 72 74 70 76 77 71 75 79 78 80 81 83 85 82 84 86 87 90 88 89 93 91 94 95 92 97 96 99 98 
0 1 2 3 4 5 6 7 8 9 11 10 13 12 15 16 14 19 17 18 20 21 22 24 27 23 30 25 26 28 32 31 29 33 35 34 36 37 38 39 40 41 43 42 44 45 48 46 47 49 50 53 51 52 54 55 56 57 60 58 59 63 61 62 64 65 67 66 69 68 72 70 73 74 76 71 77 75 79 78 80 81 83 85 82 84 86 87 90 88 89 93 94 91 92 95 97 96 99 98 
0 1 2 3 4 5 6 7 8 9 11 10 13 12 15 16 19 14 17 18 20 21 22 24 27 23 30 25 26 28 32 31 29 33 35 34 36 37 38 39 40 41 43 42 44 45 48 46 47 49 53 50 51 52 54 55 56 57 60 58 59 63 61 62 64 65 67 66 68 69 72 70 73 74 76 71 77 75 79 78 80 81 83 85 82 84 86 87 90 88 89 93 91 94 95 92 97 96 99 98 
0 1 2 3 4 5 6 7 8 9 11 10 13 12 15 16 14 19 17 18 20 21 22 24 27 23 30 25 26 28 32 31 29 33 35 34 36 37 38 39 40 41 43 42 44 45 48 46 47 49 50 53 51 52 54 55 56 57 60 58 59 63 61 62 64 65 67 66 68 69 72 70 73 74 76 77 71 75 79 78 80 81 83 85 82 84 86 87 90 88 89 93 91 94 95 92 97 96 99 98 
0 1 2 3 4 5 6 7 8 9 11 10 13 12 15 16 14 19 17 18 20 21 22 24 27 23 25 26 30 28 32 31 29 33 34 36 35 37 38 39 40 41 42 43 44 45 48 46 47 49 50 53 54 51 52 55 56 57 60 58 59 63 61 62 64 65 67 66 68 69 72 70 73 74 76 77 71 75 79 78 80 81 83 85 82 84 86 87 90 88 89 93 91 94 95 92 97 96 99 98 
0 1 2 3 4 5 6 7 8 9 11 10 13 12 15 16 14 19 17 18 20 21 22 24 27 23 25 26 30 28 32 31 29 33 35 34 36 37 38 39 40 41 43 42 44 45 48 46 47 49 50 53 51 52 54 55 56 57 60 58 59 63 61 64 62 65 67 66 68 69 72 70 73 74 76 71 77 75 79 78 80 81 83 85 82 84 86 87 90 88 89 93 91 94 95 92 97 96 99 98 
0 1 2 3 4 5 6 7 8 9 11 10 13 12 15 16 14 19 17 18 20 21 22 24 27 23 30 25 26 28 32 31 29 33 35 34 36 37 38 39 40 41 43 42 44 45 48 46 47 49 50 53 51 52 54 55 56 57 60 58 59 63 61 62 64 65 67 66 68 69 72 70 73 76 74 77 71 75 79 78 80 81 83 85 82 84 86 87 90 88 89 93 91 94 95 92 97 96 99 98 
0 1 2 3 4 5 6 7 8 9 11 10 13 12 15 16 14 19 17 18 20 21 22 24 27 23 30 25 26 28 32 31 29 33 35 34 36 37 38 39 40 41 42 43 44 45 48 46 47 49 50 53 51 52 54 55 56 57 60 58 59 63 61 62 64 65 67 66 68 69 72 70 73 74 76 71 77 75 79 78 80 81 83 85 82 84 86 87 90 88 89 93 91 94 95 92 97 96 99 98 
0 1 2 3 4 6 5 7 8 9 11 10 13 12 15 16 14 19 17 18 20 21 22 24 27 23 30 25 26 28 32 31 29 33 35 34 36 37 39 38 40 41 43 42 44 45 48 46 47 49 50 53 51 52 54 55 57 56 60 58 59 63 61 62 64 65 67 66 68 69 72 70 73 74 76 77 71 75 79 78 80 81 83 85 82 84 86 87 90 88 89 93 91 94 95 92 97 96 99 98 
0 1 2 3 4 5 6 7 8 9 11 10 13 12 15 16 14 19 17 18 20 21 22 24 27 23 30 25 26 32 31 29 28 33 35 34 36 37 38 39 40 41 43 42 44 45 48 46 47 49 50 53 51 52 54 55 56 57 60 58 59 63 61 62 64 65 66 67 68 69 72 70 73 74 76 71 77 75 79 78 80 81 83 85 82 84 86 87 88 90 89 93 91 94 95 92 97 96 99 98 
0 1 2 3 4 5 6 7 8 9 11 13 10 12 15 16 14 19 17 18 20 21 22 24 27 23 30 25 26 28 32 31 29 33 35 34 36 37 38 39 40 41 43 42 44 45 48 46 47 49 50 53 51 52 54 55 56 57 60 58 59 63 61 62 64 65 67 66 68 69 72 70 74 73 76 71 77 75 79 78 80 81 83 85 82 84 86 87 90 88 89 93 91 94 95 92 97 96 99 98 
0 1 2 3 4 5 6 7 8 9 11 10 13 12 15 16 19 14 17 18 20 21 22 24 27 23 30 25 26 28 32 31 29 33 35 34 36 37 38 39 40 41 43 42 44 45 48 46 47 49 50 53 51 52 54 55 56 57 60 58 59 63 61 62 64 65 67 66 68 69 72 70 73 74 76 71 77 75 79 78 80 81 83 85 82 84 86 87 90 88 89 93 91 94 95 92 97 96 99 98 
0 1 2 3 4 5 6 7 8 9 11 10 13 12 15 16 19 14 17 18 20 21 22 24 27 23 30 25 26 28 32 31 29 33 35 34 36 37 38 39 40 41 43 42 44 45 48 46 47 49 50 53 51 52 54 55 56 57 60 58 59 63 61 62 64 65 67 66 68 69 72 70 73 74 76 71 77 75 79 78 80 81 83 85 82 84 86 87 90 88 89 93 91 94 95 92 97 96 99 98 
0 1 2 3 4 5 6 7 8 9 11 10 13 12 15 16 14 19 17 18 20 21 22 24 27 23 30 25 26 28 32 31 29 33 35 34 36 37 38 39 40 41 43 42 44 45 48 46 47 49 50 53 51 54 52 55 56 57 60 58 59 63 61 62 64 65 67 66 68 69 72 70 73 74 76 77 71 75 79 78 80 81 83 85 82 84 86 87 90 88 89 93 91 94 95 92 97 96 99 98 
0 1 2 3 4 5 6 7 8 9 11 10 13 12 15 16 14 19 17 20 18 21 22 24 27 23 30 25 26 28 32 31 29 33 34 35 36 37 38 39 40 41 42 44 43 45 48 46 47 49 50 53 51 52 54 55 56 57 60 58 59 63 61 64 62 65 67 66 68 69 72 70 73 74 76 71 77 75 79 78 80 81 83 85 82 84 86 87 90 88 89 93 91 94 95 92 97 96 99 98 
0 1 2 3 4 5 6 7 8 9 11 10 13 12 15 16 14 19 17 18 20 21 22 24 27 23 30 25 26 28 32 31 29 33 35 34 36 37 38 39 40 41 43 42 44 45 48 46 47 49 50 53 51 52 54 55 56 57 60 58 59 63 61 62 64 65 67 66 68 69 72 70 73 74 76 77 71 75 79 78 80 81 83 85 82 84 86 87 90 88 89 93 91 94 95 92 97 96 99 98 
0 1 2 3 4 5 6 7 8 9 11 10 13 12 15 16 14 19 17 18 20 21 22 24 27 23 30 25 26 28 32 31 29 33 34 36 35 37 38 39 40 41 42 43 44 45 48 46 47 49 50 53 51 54 52 55 56 57 60 58 59 63 61 62 64 65 67 66 68 69 73 72 70 74 76 77 71 75 79 80 78 81 83 85 82 84 86 87 90 88 89 93 91 94 95 92 97 96 99 98 
0 1 2 3 4 5 6 7 8 9 11 10 13 12 15 16 14 19 17 18 20 21 22 24 27 23 30 25 26 28 32 31 29 33 35 34 36 37 38 39 40 41 43 42 45 44 48 46 47 49 50 53 51 52 54 55 56 57 60 58 59 63 61 62 64 65 67 66 68 69 72 70 73 74 76 77 71 75 79 78 80 81 83 85 82 84 86 87 90 88 89 93 91 94 95 92 97 96 99 98 
0 1 2 3 4 5 6 7 8 9 11 10 13 12 15 16 14 19 17 18 20 21 22 24 27 23 30 25 26 28 32 31 29 33 35 34 36 37 38 39 40 41 43 42 44 45 48 46 47 49 50 53 51 52 54 55 56 57 60 58 59 63 61 62 64 65 67 66 68 69 72 70 73 74 76 77 71 75 79 78 80 81 83 85 82 84 86 87 90 88 89 93 91 94 95 92 97 96 99 98 
0 1 2 3 4 5 6 7 8 9 11 10 13 12 15 16 14 19 17 18 20 21 22 24 27 23 30 25 28 26 32 31 29 33 35 34 36 37 38 39 40 41 43 42 45 44 48 46 47 49 50 51 53 52 54 55 56 57 60 58 59 63 61 62 64 65 67 66 68 69 72 70 73 74 76 71 77 75 79 78 80 81 83 85 82 84 86 87 90 88 89 93 91 94 95 92 97 96 99 98 
0 1 2 3 4 5 6 7 8 9 11 10 13 12 15 16 14 19 17 18 20 21 22 24 27 23 30 25 26 28 32 31 29 33 35 34 36 37 38 39 40 41 42 43 44 45 48 46 47 49 50 53 51 52 54 55 56 57 60 58 59 63 61 62 64 65 67 66 68 69 72 70 73 74 76 71 77 75 79 78 80 81 83 85 82 84 86 87 90 88 89 93 91 94 95 92 97 96 99 98 
0 1 2 3 4 5 6 7 8 9 11 10 13 12 15 16 14 19 17 18 20 21 22 24 27 23 30 25 26 28 32 31 29 33 35 34 36 37 38 39 40 41 43 42 44 45 48 46 47 49 50 53 51 52 54 55 56 57 60 58 59 63 61 62 64 65 67 66 68 69 72 70 73 74 76 71 77 75 79 78 80 81 83 85 82 84 86 87 90 88 89 93 91 94 95 92 97 96 99 98 
0 1 2 3 4 5 6 7 8 9 11 10 13 12 15 16 14 19 17 18 20 21 22 24 27 23 25 26 30 28 32 31 29 33 35 34 36 37 38 39 40 41 43 42 44 45 48 46 47 49 50 53 51 54 52 55 56 57 60 58 59 63 61 64 62 65 67 66 68 69 72 70 73 74 76 71 77 75 79 78 80 81 83 85 82 84 86 87 90 88 89 93 91 94 95 92 97 96 99 98 
0 1 2 3 4 5 6 7 8 9 11 10 13 12 15 16 14 19 17 18 20 21 22 24 27 23 30 25 26 28 32 31 29 33 35 34 36 37 38 39 40 41 43 42 44 45 48 46 47 49 50 53 51 54 52 55 56 57 60 58 59 63 61 62 64 65 67 66 68 69 72 73 70 74 76 71 77 75 79 78 80 81 83 85 82 84 86 87 90 88 89 93 91 94 95 92 97 96 99 98 
0 1 2 3 4 5 6 7 8 9 11 10 13 12 15 16 14 19 17 18 20 21 22 24 27 23 30 25 26 28 32 31 29 33 35 34 36 37 38 39 40 41 42 43 44 45 48 46 47 49 50 53 51 52 54 55 56 57 60 58 59 63 61 62 64 65 67 66 68 69 72 73 70 74 76 77 71 75 79 78 80 81 83 85 82 84 86 87 90 88 89 93 91 94 95 92 97 96 99 98 
0 1 2 3 4 5 6 7 8 9 11 10 13 12 15 16 14 19 17 18 20 22 21 24 27 23 30 25 26 28 32 31 29 33 35 34 36 37 38 39 40 41 43 42 44 45 48 46 47 49 50 53 51 52 54 55 56 57 60 58 59 63 61 62 64 65 67 66 68 69 72 70 73 74 76 77 71 75 79 78 80 81 83 85 82 84 86 87 90 88 89 93 91 94 95 92 97 96 99 98 
0 1 2 3 4 5 6 7 8 9 11 10 13 12 15 16 14 19 17 18 20 21 22 24 27 23 25 26 30 28 32 31 29 33 35 34 36 37 38 39 40 41 43 42 44 45 48 46 47 49 50 53 51 52 54 55 56 57 60 58 59 63 61 62 64 65 67 66 68 69 72 70 73 74 76 77 71 75 79 78 80 81 83 85 82 84 86 87 90 88 89 93 91 94 95 92 97 96 99 98 
0 1 2 3 4 5 6 7 8 9 11 10 13 12 15 16 14 19 17 18 20 21 22 24 27 23 30 25 26 28 32 31 29 33 35 34 36 37 38 39 40 41 43 42 44 45 48 46 47 49 50 53 51 52 54 55 56 57 60 58 59 63 61 64 62 65 67 66 68 69 72 70 73 74 76 71 77 75 79 78 80 81 83 85 82 84 86 87 90 88 89 93 91 94 95 92 97 96 99 98 
0 1 2 3 4 5 6 7 8 9 11 10 13 12 15 16 14 19 17 18 20 21 22 24 27 23 30 25 26 28 32 31 29 33 35 34 36 37 38 39 40 41 43 42 45 44 46 48 47 49 50 53 51 52 54 55 56 57 60 58 59 63 61 62 64 65 67 66 68 69 72 70 73 74 76 71 77 75 79 78 80 81 83 85 82 84 86 87 90 88 89 93 91 94 95 92 97 96 99 98 
0 1 2 3 4 5 6 7 8 9 11 10 13 12 15 16 14 19 17 18 20 21 22 24 27 23 30 25 26 28 32 31 29 33 35 34 36 37 38 39 40 41 43 42 44 45 48 46 47 49 50 53 51 54 52 55 56 57 60 58 59 61 63 62 64 65 67 66 68 69 72 70 73 74 76 71 77 75 79 78 80 81 83 82 85 84 86 87 90 88 89 93 91 94 92 95 97 96 99 98 

Rank matrix
100 0 0 0 0 0 0 0 0 0 0 0 0 0 0 0 0 0 0 0 0 0 0 0 0 0 0 0 0 0 0 0 0 0 0 0 0 0 0 0 0 0 0 0 0 0 0 0 0 0 0 0 0 0 0 0 0 0 0 0 0 0 0 0 0 0 0 0 0 0 0 0 0 0 0 0 0 0 0 0 0 0 0 0 0 0 0 0 0 0 0 0 0 0 0 0 0 0 0 0 
0 100 0 0 0 0 0 0 0 0 0 0 0 0 0 0 0 0 0 0 0 0 0 0 0 0 0 0 0 0 0 0 0 0 0 0 0 0 0 0 0 0 0 0 0 0 0 0 0 0 0 0 0 0 0 0 0 0 0 0 0 0 0 0 0 0 0 0 0 0 0 0 0 0 0 0 0 0 0 0 0 0 0 0 0 0 0 0 0 0 0 0 0 0 0 0 0 0 0 0 
0 0 100 0 0 0 0 0 0 0 0 0 0 0 0 0 0 0 0 0 0 0 0 0 0 0 0 0 0 0 0 0 0 0 0 0 0 0 0 0 0 0 0 0 0 0 0 0 0 0 0 0 0 0 0 0 0 0 0 0 0 0 0 0 0 0 0 0 0 0 0 0 0 0 0 0 0 0 0 0 0 0 0 0 0 0 0 0 0 0 0 0 0 0 0 0 0 0 0 0 
0 0 0 100 0 0 0 0 0 0 0 0 0 0 0 0 0 0 0 0 0 0 0 0 0 0 0 0 0 0 0 0 0 0 0 0 0 0 0 0 0 0 0 0 0 0 0 0 0 0 0 0 0 0 0 0 0 0 0 0 0 0 0 0 0 0 0 0 0 0 0 0 0 0 0 0 0 0 0 0 0 0 0 0 0 0 0 0 0 0 0 0 0 0 0 0 0 0 0 0 
0 0 0 0 100 0 0 0 0 0 0 0 0 0 0 0 0 0 0 0 0 0 0 0 0 0 0 0 0 0 0 0 0 0 0 0 0 0 0 0 0 0 0 0 0 0 0 0 0 0 0 0 0 0 0 0 0 0 0 0 0 0 0 0 0 0 0 0 0 0 0 0 0 0 0 0 0 0 0 0 0 0 0 0 0 0 0 0 0 0 0 0 0 0 0 0 0 0 0 0 
0 0 0 0 0 98 2 0 0 0 0 0 0 0 0 0 0 0 0 0 0 0 0 0 0 0 0 0 0 0 0 0 0 0 0 0 0 0 0 0 0 0 0 0 0 0 0 0 0 0 0 0 0 0 0 0 0 0 0 0 0 0 0 0 0 0 0 0 0 0 0 0 0 0 0 0 0 0 0 0 0 0 0 0 0 0 0 0 0 0 0 0 0 0 0 0 0 0 0 0 
0 0 0 0 0 2 98 0 0 0 0 0 0 0 0 0 0 0 0 0 0 0 0 0 0 0 0 0 0 0 0 0 0 0 0 0 0 0 0 0 0 0 0 0 0 0 0 0 0 0 0 0 0 0 0 0 0 0 0 0 0 0 0 0 0 0 0 0 0 0 0 0 0 0 0 0 0 0 0 0 0 0 0 0 0 0 0 0 0 0 0 0 0 0 0 0 0 0 0 0 
0 0 0 0 0 0 0 100 0 0 0 0 0 0 0 0 0 0 0 0 0 0 0 0 0 0 0 0 0 0 0 0 0 0 0 0 0 0 0 0 0 0 0 0 0 0 0 0 0 0 0 0 0 0 0 0 0 0 0 0 0 0 0 0 0 0 0 0 0 0 0 0 0 0 0 0 0 0 0 0 0 0 0 0 0 0 0 0 0 0 0 0 0 0 0 0 0 0 0 0 
0 0 0 0 0 0 0 0 99 1 0 0 0 0 0 0 0 0 0 0 0 0 0 0 0 0 0 0 0 0 0 0 0 0 0 0 0 0 0 0 0 0 0 0 0 0 0 0 0 0 0 0 0 0 0 0 0 0 0 0 0 0 0 0 0 0 0 0 0 0 0 0 0 0 0 0 0 0 0 0 0 0 0 0 0 0 0 0 0 0 0 0 0 0 0 0 0 0 0 0 
0 0 0 0 0 0 0 0 1 99 0 0 0 0 0 0 0 0 0 0 0 0 0 0 0 0 0 0 0 0 0 0 0 0 0 0 0 0 0 0 0 0 0 0 0 0 0 0 0 0 0 0 0 0 0 0 0 0 0 0 0 0 0 0 0 0 0 0 0 0 0 0 0 0 0 0 0 0 0 0 0 0 0 0 0 0 0 0 0 0 0 0 0 0 0 0 0 0 0 0 
0 0 0 0 0 0 0 0 0 0 0 98 2 0 0 0 0 0 0 0 0 0 0 0 0 0 0 0 0 0 0 0 0 0 0 0 0 0 0 0 0 0 0 0 0 0 0 0 0 0 0 0 0 0 0 0 0 0 0 0 0 0 0 0 0 0 0 0 0 0 0 0 0 0 0 0 0 0 0 0 0 0 0 0 0 0 0 0 0 0 0 0 0 0 0 0 0 0 0 0 
0 0 0 0 0 0 0 0 0 0 100 0 0 0 0 0 0 0 0 0 0 0 0 0 0 0 0 0 0 0 0 0 0 0 0 0 0 0 0 0 0 0 0 0 0 0 0 0 0 0 0 0 0 0 0 0 0 0 0 0 0 0 0 0 0 0 0 0 0 0 0 0 0 0 0 0 0 0 0 0 0 0 0 0 0 0 0 0 0 0 0 0 0 0 0 0 0 0 0 0 
0 0 0 0 0 0 0 0 0 0 0 0 0 98 2 0 0 0 0 0 0 0 0 0 0 0 0 0 0 0 0 0 0 0 0 0 0 0 0 0 0 0 0 0 0 0 0 0 0 0 0 0 0 0 0 0 0 0 0 0 0 0 0 0 0 0 0 0 0 0 0 0 0 0 0 0 0 0 0 0 0 0 0 0 0 0 0 0 0 0 0 0 0 0 0 0 0 0 0 0 
0 0 0 0 0 0 0 0 0 0 0 2 98 0 0 0 0 0 0 0 0 0 0 0 0 0 0 0 0 0 0 0 0 0 0 0 0 0 0 0 0 0 0 0 0 0 0 0 0 0 0 0 0 0 0 0 0 0 0 0 0 0 0 0 0 0 0 0 0 0 0 0 0 0 0 0 0 0 0 0 0 0 0 0 0 0 0 0 0 0 0 0 0 0 0 0 0 0 0 0 
0 0 0 0 0 0 0 0 0 0 0 0 0 0 0 1 93 6 0 0 0 0 0 0 0 0 0 0 0 0 0 0 0 0 0 0 0 0 0 0 0 0 0 0 0 0 0 0 0 0 0 0 0 0 0 0 0 0 0 0 0 0 0 0 0 0 0 0 0 0 0 0 0 0 0 0 0 0 0 0 0 0 0 0 0 0 0 0 0 0 0 0 0 0 0 0 0 0 0 0 
0 0 0 0 0 0 0 0 0 0 0 0 0 2 95 2 0 1 0 0 0 0 0 0 0 0 0 0 0 0 0 0 0 0 0 0 0 0 0 0 0 0 0 0 0 0 0 0 0 0 0 0 0 0 0 0 0 0 0 0 0 0 0 0 0 0 0 0 0 0 0 0 0 0 0 0 0 0 0 0 0 0 0 0 0 0 0 0 0 0 0 0 0 0 0 0 0 0 0 0 
0 0 0 0 0 0 0 0 0 0 0 0 0 0 3 97 0 0 0 0 0 0 0 0 0 0 0 0 0 0 0 0 0 0 0 0 0 0 0 0 0 0 0 0 0 0 0 0 0 0 0 0 0 0 0 0 0 0 0 0 0 0 0 0 0 0 0 0 0 0 0 0 0 0 0 0 0 0 0 0 0 0 0 0 0 0 0 0 0 0 0 0 0 0 0 0 0 0 0 0 
0 0 0 0 0 0 0 0 0 0 0 0 0 0 0 0 0 0 97 3 0 0 0 0 0 0 0 0 0 0 0 0 0 0 0 0 0 0 0 0 0 0 0 0 0 0 0 0 0 0 0 0 0 0 0 0 0 0 0 0 0 0 0 0 0 0 0 0 0 0 0 0 0 0 0 0 0 0 0 0 0 0 0 0 0 0 0 0 0 0 0 0 0 0 0 0 0 0 0 0 
0 0 0 0 0 0 0 0 0 0 0 0 0 0 0 0 0 0 3 96 1 0 0 0 0 0 0 0 0 0 0 0 0 0 0 0 0 0 0 0 0 0 0 0 0 0 0 0 0 0 0 0 0 0 0 0 0 0 0 0 0 0 0 0 0 0 0 0 0 0 0 0 0 0 0 0 0 0 0 0 0 0 0 0 0 0 0 0 0 0 0 0 0 0 0 0 0 0 0 0 
0 0 0 0 0 0 0 0 0 0 0 0 0 0 0 0 7 93 0 0 0 0 0 0 0 0 0 0 0 0 0 0 0 0 0 0 0 0 0 0 0 0 0 0 0 0 0 0 0 0 0 0 0 0 0 0 0 0 0 0 0 0 0 0 0 0 0 0 0 0 0 0 0 0 0 0 0 0 0 0 0 0 0 0 0 0 0 0 0 0 0 0 0 0 0 0 0 0 0 0 
0 0 0 0 0 0 0 0 0 0 0 0 0 0 0 0 0 0 0 1 97 1 1 0 0 0 0 0 0 0 0 0 0 0 0 0 0 0 0 0 0 0 0 0 0 0 0 0 0 0 0 0 0 0 0 0 0 0 0 0 0 0 0 0 0 0 0 0 0 0 0 0 0 0 0 0 0 0 0 0 0 0 0 0 0 0 0 0 0 0 0 0 0 0 0 0 0 0 0 0 
0 0 0 0 0 0 0 0 0 0 0 0 0 0 0 0 0 0 0 0 1 95 4 0 0 0 0 0 0 0 0 0 0 0 0 0 0 0 0 0 0 0 0 0 0 0 0 0 0 0 0 0 0 0 0 0 0 0 0 0 0 0 0 0 0 0 0 0 0 0 0 0 0 0 0 0 0 0 0 0 0 0 0 0 0 0 0 0 0 0 0 0 0 0 0 0 0 0 0 0 
0 0 0 0 0 0 0 0 0 0 0 0 0 0 0 0 0 0 0 0 1 4 93 1 0 0 0 1 0 0 0 0 0 0 0 0 0 0 0 0 0 0 0 0 0 0 0 0 0 0 0 0 0 0 0 0 0 0 0 0 0 0 0 0 0 0 0 0 0 0 0 0 0 0 0 0 0 0 0 0 0 0 0 0 0 0 0 0 0 0 0 0 0 0 0 0 0 0 0 0 
0 0 0 0 0 0 0 0 0 0 0 0 0 0 0 0 0 0 0 0 0 0 0 0 6 94 0 0 0 0 0 0 0 0 0 0 0 0 0 0 0 0 0 0 0 0 0 0 0 0 0 0 0 0 0 0 0 0 0 0 0 0 0 0 0 0 0 0 0 0 0 0 0 0 0 0 0 0 0 0 0 0 0 0 0 0 0 0 0 0 0 0 0 0 0 0 0 0 0 0 
0 0 0 0 0 0 0 0 0 0 0 0 0 0 0 0 0 0 0 0 0 0 2 95 3 0 0 0 0 0 0 0 0 0 0 0 0 0 0 0 0 0 0 0 0 0 0 0 0 0 0 0 0 0 0 0 0 0 0 0 0 0 0 0 0 0 0 0 0 0 0 0 0 0 0 0 0 0 0 0 0 0 0 0 0 0 0 0 0 0 0 0 0 0 0 0 0 0 0 0 
0 0 0 0 0 0 0 0 0 0 0 0 0 0 0 0 0 0 0 0 0 0 0 0 0 0 15 84 1 0 0 0 0 0 0 0 0 0 0 0 0 0 0 0 0 0 0 0 0 0 0 0 0 0 0 0 0 0 0 0 0 0 0 0 0 0 0 0 0 0 0 0 0 0 0 0 0 0 0 0 0 0 0 0 0 0 0 0 0 0 0 0 0 0 0 0 0 0 0 0 
0 0 0 0 0 0 0 0 0 0 0 0 0 0 0 0 0 0 0 0 0 0 0 0 0 0 1 13 80 6 0 0 0 0 0 0 0 0 0 0 0 0 0 0 0 0 0 0 0 0 0 0 0 0 0 0 0 0 0 0 0 0 0 0 0 0 0 0 0 0 0 0 0 0 0 0 0 0 0 0 0 0 0 0 0 0 0 0 0 0 0 0 0 0 0 0 0 0 0 0 
0 0 0 0 0 0 0 0 0 0 0 0 0 0 0 0 0 0 0 0 0 0 0 4 91 5 0 0 0 0 0 0 0 0 0 0 0 0 0 0 0 0 0 0 0 0 0 0 0 0 0 0 0 0 0 0 0 0 0 0 0 0 0 0 0 0 0 0 0 0 0 0 0 0 0 0 0 0 0 0 0 0 0 0 0 0 0 0 0 0 0 0 0 0 0 0 0 0 0 0 
0 0 0 0 0 0 0 0 0 0 0 0 0 0 0 0 0 0 0 0 0 0 0 0 0 0 0 0 6 88 5 0 1 0 0 0 0 0 0 0 0 0 0 0 0 0 0 0 0 0 0 0 0 0 0 0 0 0 0 0 0 0 0 0 0 0 0 0 0 0 0 0 0 0 0 0 0 0 0 0 0 0 0 0 0 0 0 0 0 0 0 0 0 0 0 0 0 0 0 0 
0 0 0 0 0 0 0 0 0 0 0 0 0 0 0 0 0 0 0 0 0 0 0 0 0 0 0 0 0 0 0 2 95 3 0 0 0 0 0 0 0 0 0 0 0 0 0 0 0 0 0 0 0 0 0 0 0 0 0 0 0 0 0 0 0 0 0 0 0 0 0 0 0 0 0 0 0 0 0 0 0 0 0 0 0 0 0 0 0 0 0 0 0 0 0 0 0 0 0 0 
0 0 0 0 0 0 0 0 0 0 0 0 0 0 0 0 0 0 0 0 0 0 0 0 0 1 84 2 13 0 0 0 0 0 0 0 0 0 0 0 0 0 0 0 0 0 0 0 0 0 0 0 0 0 0 0 0 0 0 0 0 0 0 0 0 0 0 0 0 0 0 0 0 0 0 0 0 0 0 0 0 0 0 0 0 0 0 0 0 0 0 0 0 0 0 0 0 0 0 0 
0 0 0 0 0 0 0 0 0 0 0 0 0 0 0 0 0 0 0 0 0 0 0 0 0 0 0 0 0 0 3 96 1 0 0 0 0 0 0 0 0 0 0 0 0 0 0 0 0 0 0 0 0 0 0 0 0 0 0 0 0 0 0 0 0 0 0 0 0 0 0 0 0 0 0 0 0 0 0 0 0 0 0 0 0 0 0 0 0 0 0 0 0 0 0 0 0 0 0 0 
0 0 0 0 0 0 0 0 0 0 0 0 0 0 0 0 0 0 0 0 0 0 0 0 0 0 0 0 0 6 92 2 0 0 0 0 0 0 0 0 0 0 0 0 0 0 0 0 0 0 0 0 0 0 0 0 0 0 0 0 0 0 0 0 0 0 0 0 0 0 0 0 0 0 0 0 0 0 0 0 0 0 0 0 0 0 0 0 0 0 0 0 0 0 0 0 0 0 0 0 
0 0 0 0 0 0 0 0 0 0 0 0 0 0 0 0 0 0 0 0 0 0 0 0 0 0 0 0 0 0 0 0 3 97 0 0 0 0 0 0 0 0 0 0 0 0 0 0 0 0 0 0 0 0 0 0 0 0 0 0 0 0 0 0 0 0 0 0 0 0 0 0 0 0 0 0 0 0 0 0 0 0 0 0 0 0 0 0 0 0 0 0 0 0 0 0 0 0 0 0 
0 0 0 0 0 0 0 0 0 0 0 0 0 0 0 0 0 0 0 0 0 0 0 0 0 0 0 0 0 0 0 0 0 0 11 89 0 0 0 0 0 0 0 0 0 0 0 0 0 0 0 0 0 0 0 0 0 0 0 0 0 0 0 0 0 0 0 0 0 0 0 0 0 0 0 0 0 0 0 0 0 0 0 0 0 0 0 0 0 0 0 0 0 0 0 0 0 0 0 0 
0 0 0 0 0 0 0 0 0 0 0 0 0 0 0 0 0 0 0 0 0 0 0 0 0 0 0 0 0 0 0 0 0 0 89 6 5 0 0 0 0 0 0 0 0 0 0 0 0 0 0 0 0 0 0 0 0 0 0 0 0 0 0 0 0 0 0 0 0 0 0 0 0 0 0 0 0 0 0 0 0 0 0 0 0 0 0 0 0 0 0 0 0 0 0 0 0 0 0 0 
0 0 0 0 0 0 0 0 0 0 0 0 0 0 0 0 0 0 0 0 0 0 0 0 0 0 0 0 0 0 0 0 0 0 0 5 93 2 0 0 0 0 0 0 0 0 0 0 0 0 0 0 0 0 0 0 0 0 0 0 0 0 0 0 0 0 0 0 0 0 0 0 0 0 0 0 0 0 0 0 0 0 0 0 0 0 0 0 0 0 0 0 0 0 0 0 0 0 0 0 
0 0 0 0 0 0 0 0 0 0 0 0 0 0 0 0 0 0 0 0 0 0 0 0 0 0 0 0 0 0 0 0 0 0 0 0 2 98 0 0 0 0 0 0 0 0 0 0 0 0 0 0 0 0 0 0 0 0 0 0 0 0 0 0 0 0 0 0 0 0 0 0 0 0 0 0 0 0 0 0 0 0 0 0 0 0 0 0 0 0 0 0 0 0 0 0 0 0 0 0 
0 0 0 0 0 0 0 0 0 0 0 0 0 0 0 0 0 0 0 0 0 0 0 0 0 0 0 0 0 0 0 0 0 0 0 0 0 0 95 5 0 0 0 0 0 0 0 0 0 0 0 0 0 0 0 0 0 0 0 0 0 0 0 0 0 0 0 0 0 0 0 0 0 0 0 0 0 0 0 0 0 0 0 0 0 0 0 0 0 0 0 0 0 0 0 0 0 0 0 0 
0 0 0 0 0 0 0 0 0 0 0 0 0 0 0 0 0 0 0 0 0 0 0 0 0 0 0 0 0 0 0 0 0 0 0 0 0 0 5 95 0 0 0 0 0 0 0 0 0 0 0 0 0 0 0 0 0 0 0 0 0 0 0 0 0 0 0 0 0 0 0 0 0 0 0 0 0 0 0 0 0 0 0 0 0 0 0 0 0 0 0 0 0 0 0 0 0 0 0 0 
0 0 0 0 0 0 0 0 0 0 0 0 0 0 0 0 0 0 0 0 0 0 0 0 0 0 0 0 0 0 0 0 0 0 0 0 0 0 0 0 95 5 0 0 0 0 0 0 0 0 0 0 0 0 0 0 0 0 0 0 0 0 0 0 0 0 0 0 0 0 0 0 0 0 0 0 0 0 0 0 0 0 0 0 0 0 0 0 0 0 0 0 0 0 0 0 0 0 0 0 
0 0 0 0 0 0 0 0 0 0 0 0 0 0 0 0 0 0 0 0 0 0 0 0 0 0 0 0 0 0 0 0 0 0 0 0 0 0 0 0 5 95 0 0 0 0 0 0 0 0 0 0 0 0 0 0 0 0 0 0 0 0 0 0 0 0 0 0 0 0 0 0 0 0 0 0 0 0 0 0 0 0 0 0 0 0 0 0 0 0 0 0 0 0 0 0 0 0 0 0 
0 0 0 0 0 0 0 0 0 0 0 0 0 0 0 0 0 0 0 0 0 0 0 0 0 0 0 0 0 0 0 0 0 0 0 0 0 0 0 0 0 0 14 84 2 0 0 0 0 0 0 0 0 0 0 0 0 0 0 0 0 0 0 0 0 0 0 0 0 0 0 0 0 0 0 0 0 0 0 0 0 0 0 0 0 0 0 0 0 0 0 0 0 0 0 0 0 0 0 0 
0 0 0 0 0 0 0 0 0 0 0 0 0 0 0 0 0 0 0 0 0 0 0 0 0 0 0 0 0 0 0 0 0 0 0 0 0 0 0 0 0 0 84 11 5 0 0 0 0 0 0 0 0 0 0 0 0 0 0 0 0 0 0 0 0 0 0 0 0 0 0 0 0 0 0 0 0 0 0 0 0 0 0 0 0 0 0 0 0 0 0 0 0 0 0 0 0 0 0 0 
0 0 0 0 0 0 0 0 0 0 0 0 0 0 0 0 0 0 0 0 0 0 0 0 0 0 0 0 0 0 0 0 0 0 0 0 0 0 0 0 0 0 2 5 82 9 2 0 0 0 0 0 0 0 0 0 0 0 0 0 0 0 0 0 0 0 0 0 0 0 0 0 0 0 0 0 0 0 0 0 0 0 0 0 0 0 0 0 0 0 0 0 0 0 0 0 0 0 0 0 
0 0 0 0 0 0 0 0 0 0 0 0 0 0 0 0 0 0 0 0 0 0 0 0 0 0 0 0 0 0 0 0 0 0 0 0 0 0 0 0 0 0 0 0 11 89 0 0 0 0 0 0 0 0 0 0 0 0 0 0 0 0 0 0 0 0 0 0 0 0 0 0 0 0 0 0 0 0 0 0 0 0 0 0 0 0 0 0 0 0 0 0 0 0 0 0 0 0 0 0 
0 0 0 0 0 0 0 0 0 0 0 0 0 0 0 0 0 0 0 0 0 0 0 0 0 0 0 0 0 0 0 0 0 0 0 0 0 0 0 0 0 0 0 0 0 1 5 92 2 0 0 0 0 0 0 0 0 0 0 0 0 0 0 0 0 0 0 0 0 0 0 0 0 0 0 0 0 0 0 0 0 0 0 0 0 0 0 0 0 0 0 0 0 0 0 0 0 0 0 0 
0 0 0 0 0 0 0 0 0 0 0 0 0 0 0 0 0 0 0 0 0 0 0 0 0 0 0 0 0 0 0 0 0 0 0 0 0 0 0 0 0 0 0 0 0 0 0 2 97 1 0 0 0 0 0 0 0 0 0 0 0 0 0 0 0 0 0 0 0 0 0 0 0 0 0 0 0 0 0 0 0 0 0 0 0 0 0 0 0 0 0 0 0 0 0 0 0 0 0 0 
0 0 0 0 0 0 0 0 0 0 0 0 0 0 0 0 0 0 0 0 0 0 0 0 0 0 0 0 0 0 0 0 0 0 0 0 0 0 0 0 0 0 0 0 0 1 93 6 0 0 0 0 0 0 0 0 0 0 0 0 0 0 0 0 0 0 0 0 0 0 0 0 0 0 0 0 0 0 0 0 0 0 0 0 0 0 0 0 0 0 0 0 0 0 0 0 0 0 0 0 
0 0 0 0 0 0 0 0 0 0 0 0 0 0 0 0 0 0 0 0 0 0 0 0 0 0 0 0 0 0 0 0 0 0 0 0 0 0 0 0 0 0 0 0 0 0 0 0 1 94 5 0 0 0 0 0 0 0 0 0 0 0 0 0 0 0 0 0 0 0 0 0 0 0 0 0 0 0 0 0 0 0 0 0 0 0 0 0 0 0 0 0 0 0 0 0 0 0 0 0 
0 0 0 0 0 0 0 0 0 0 0 0 0 0 0 0 0 0 0 0 0 0 0 0 0 0 0 0 0 0 0 0 0 0 0 0 0 0 0 0 0 0 0 0 0 0 0 0 0 5 94 1 0 0 0 0 0 0 0 0 0 0 0 0 0 0 0 0 0 0 0 0 0 0 0 0 0 0 0 0 0 0 0 0 0 0 0 0 0 0 0 0 0 0 0 0 0 0 0 0 
0 0 0 0 0 0 0 0 0 0 0 0 0 0 0 0 0 0 0 0 0 0 0 0 0 0 0 0 0 0 0 0 0 0 0 0 0 0 0 0 0 0 0 0 0 0 0 0 0 0 0 7 91 2 0 0 0 0 0 0 0 0 0 0 0 0 0 0 0 0 0 0 0 0 0 0 0 0 0 0 0 0 0 0 0 0 0 0 0 0 0 0 0 0 0 0 0 0 0 0 
0 0 0 0 0 0 0 0 0 0 0 0 0 0 0 0 0 0 0 0 0 0 0 0 0 0 0 0 0 0 0 0 0 0 0 0 0 0 0 0 0 0 0 0 0 0 0 0 0 0 0 0 0 90 10 0 0 0 0 0 0 0 0 0 0 0 0 0 0 0 0 0 0 0 0 0 0 0 0 0 0 0 0 0 0 0 0 0 0 0 0 0 0 0 0 0 0 0 0 0 
0 0 0 0 0 0 0 0 0 0 0 0 0 0 0 0 0 0 0 0 0 0 0 0 0 0 0 0 0 0 0 0 0 0 0 0 0 0 0 0 0 0 0 0 0 0 0 0 0 0 1 92 7 0 0 0 0 0 0 0 0 0 0 0 0 0 0 0 0 0 0 0 0 0 0 0 0 0 0 0 0 0 0 0 0 0 0 0 0 0 0 0 0 0 0 0 0 0 0 0 
0 0 0 0 0 0 0 0 0 0 0 0 0 0 0 0 0 0 0 0 0 0 0 0 0 0 0 0 0 0 0 0 0 0 0 0 0 0 0 0 0 0 0 0 0 0 0 0 0 0 0 0 2 8 90 0 0 0 0 0 0 0 0 0 0 0 0 0 0 0 0 0 0 0 0 0 0 0 0 0 0 0 0 0 0 0 0 0 0 0 0 0 0 0 0 0 0 0 0 0 
0 0 0 0 0 0 0 0 0 0 0 0 0 0 0 0 0 0 0 0 0 0 0 0 0 0 0 0 0 0 0 0 0 0 0 0 0 0 0 0 0 0 0 0 0 0 0 0 0 0 0 0 0 0 0 100 0 0 0 0 0 0 0 0 0 0 0 0 0 0 0 0 0 0 0 0 0 0 0 0 0 0 0 0 0 0 0 0 0 0 0 0 0 0 0 0 0 0 0 0 
0 0 0 0 0 0 0 0 0 0 0 0 0 0 0 0 0 0 0 0 0 0 0 0 0 0 0 0 0 0 0 0 0 0 0 0 0 0 0 0 0 0 0 0 0 0 0 0 0 0 0 0 0 0 0 0 95 5 0 0 0 0 0 0 0 0 0 0 0 0 0 0 0 0 0 0 0 0 0 0 0 0 0 0 0 0 0 0 0 0 0 0 0 0 0 0 0 0 0 0 
0 0 0 0 0 0 0 0 0 0 0 0 0 0 0 0 0 0 0 0 0 0 0 0 0 0 0 0 0 0 0 0 0 0 0 0 0 0 0 0 0 0 0 0 0 0 0 0 0 0 0 0 0 0 0 0 5 95 0 0 0 0 0 0 0 0 0 0 0 0 0 0 0 0 0 0 0 0 0 0 0 0 0 0 0 0 0 0 0 0 0 0 0 0 0 0 0 0 0 0 
0 0 0 0 0 0 0 0 0 0 0 0 0 0 0 0 0 0 0 0 0 0 0 0 0 0 0 0 0 0 0 0 0 0 0 0 0 0 0 0 0 0 0 0 0 0 0 0 0 0 0 0 0 0 0 0 0 0 0 95 5 0 0 0 0 0 0 0 0 0 0 0 0 0 0 0 0 0 0 0 0 0 0 0 0 0 0 0 0 0 0 0 0 0 0 0 0 0 0 0 
0 0 0 0 0 0 0 0 0 0 0 0 0 0 0 0 0 0 0 0 0 0 0 0 0 0 0 0 0 0 0 0 0 0 0 0 0 0 0 0 0 0 0 0 0 0 0 0 0 0 0 0 0 0 0 0 0 0 0 5 94 1 0 0 0 0 0 0 0 0 0 0 0 0 0 0 0 0 0 0 0 0 0 0 0 0 0 0 0 0 0 0 0 0 0 0 0 0 0 0 
0 0 0 0 0 0 0 0 0 0 0 0 0 0 0 0 0 0 0 0 0 0 0 0 0 0 0 0 0 0 0 0 0 0 0 0 0 0 0 0 0 0 0 0 0 0 0 0 0 0 0 0 0 0 0 0 0 0 100 0 0 0 0 0 0 0 0 0 0 0 0 0 0 0 0 0 0 0 0 0 0 0 0 0 0 0 0 0 0 0 0 0 0 0 0 0 0 0 0 0 
0 0 0 0 0 0 0 0 0 0 0 0 0 0 0 0 0 0 0 0 0 0 0 0 0 0 0 0 0 0 0 0 0 0 0 0 0 0 0 0 0 0 0 0 0 0 0 0 0 0 0 0 0 0 0 0 0 0 0 0 0 6 94 0 0 0 0 0 0 0 0 0 0 0 0 0 0 0 0 0 0 0 0 0 0 0 0 0 0 0 0 0 0 0 0 0 0 0 0 0 
0 0 0 0 0 0 0 0 0 0 0 0 0 0 0 0 0 0 0 0 0 0 0 0 0 0 0 0 0 0 0 0 0 0 0 0 0 0 0 0 0 0 0 0 0 0 0 0 0 0 0 0 0 0 0 0 0 0 0 0 0 0 0 93 7 0 0 0 0 0 0 0 0 0 0 0 0 0 0 0 0 0 0 0 0 0 0 0 0 0 0 0 0 0 0 0 0 0 0 0 
0 0 0 0 0 0 0 0 0 0 0 0 0 0 0 0 0 0 0 0 0 0 0 0 0 0 0 0 0 0 0 0 0 0 0 0 0 0 0 0 0 0 0 0 0 0 0 0 0 0 0 0 0 0 0 0 0 0 0 0 1 93 6 0 0 0 0 0 0 0 0 0 0 0 0 0 0 0 0 0 0 0 0 0 0 0 0 0 0 0 0 0 0 0 0 0 0 0 0 0 
0 0 0 0 0 0 0 0 0 0 0 0 0 0 0 0 0 0 0 0 0 0 0 0 0 0 0 0 0 0 0 0 0 0 0 0 0 0 0 0 0 0 0 0 0 0 0 0 0 0 0 0 0 0 0 0 0 0 0 0 0 0 0 7 93 0 0 0 0 0 0 0 0 0 0 0 0 0 0 0 0 0 0 0 0 0 0 0 0 0 0 0 0 0 0 0 0 0 0 0 
0 0 0 0 0 0 0 0 0 0 0 0 0 0 0 0 0 0 0 0 0 0 0 0 0 0 0 0 0 0 0 0 0 0 0 0 0 0 0 0 0 0 0 0 0 0 0 0 0 0 0 0 0 0 0 0 0 0 0 0 0 0 0 0 0 100 0 0 0 0 0 0 0 0 0 0 0 0 0 0 0 0 0 0 0 0 0 0 0 0 0 0 0 0 0 0 0 0 0 0 
0 0 0 0 0 0 0 0 0 0 0 0 0 0 0 0 0 0 0 0 0 0 0 0 0 0 0 0 0 0 0 0 0 0 0 0 0 0 0 0 0 0 0 0 0 0 0 0 0 0 0 0 0 0 0 0 0 0 0 0 0 0 0 0 0 0 6 94 0 0 0 0 0 0 0 0 0 0 0 0 0 0 0 0 0 0 0 0 0 0 0 0 0 0 0 0 0 0 0 0 
0 0 0 0 0 0 0 0 0 0 0 0 0 0 0 0 0 0 0 0 0 0 0 0 0 0 0 0 0 0 0 0 0 0 0 0 0 0 0 0 0 0 0 0 0 0 0 0 0 0 0 0 0 0 0 0 0 0 0 0 0 0 0 0 0 0 94 6 0 0 0 0 0 0 0 0 0 0 0 0 0 0 0 0 0 0 0 0 0 0 0 0 0 0 0 0 0 0 0 0 
0 0 0 0 0 0 0 0 0 0 0 0 0 0 0 0 0 0 0 0 0 0 0 0 0 0 0 0 0 0 0 0 0 0 0 0 0 0 0 0 0 0 0 0 0 0 0 0 0 0 0 0 0 0 0 0 0 0 0 0 0 0 0 0 0 0 0 0 93 7 0 0 0 0 0 0 0 0 0 0 0 0 0 0 0 0 0 0 0 0 0 0 0 0 0 0 0 0 0 0 
0 0 0 0 0 0 0 0 0 0 0 0 0 0 0 0 0 0 0 0 0 0 0 0 0 0 0 0 0 0 0 0 0 0 0 0 0 0 0 0 0 0 0 0 0 0 0 0 0 0 0 0 0 0 0 0 0 0 0 0 0 0 0 0 0 0 0 0 7 93 0 0 0 0 0 0 0 0 0 0 0 0 0 0 0 0 0 0 0 0 0 0 0 0 0 0 0 0 0 0 
0 0 0 0 0 0 0 0 0 0 0 0 0 0 0 0 0 0 0 0 0 0 0 0 0 0 0 0 0 0 0 0 0 0 0 0 0 0 0 0 0 0 0 0 0 0 0 0 0 0 0 0 0 0 0 0 0 0 0 0 0 0 0 0 0 0 0 0 0 0 3 89 7 1 0 0 0 0 0 0 0 0 0 0 0 0 0 0 0 0 0 0 0 0 0 0 0 0 0 0 
0 0 0 0 0 0 0 0 0 0 0 0 0 0 0 0 0 0 0 0 0 0 0 0 0 0 0 0 0 0 0 0 0 0 0 0 0 0 0 0 0 0 0 0 0 0 0 0 0 0 0 0 0 0 0 0 0 0 0 0 0 0 0 0 0 0 0 0 0 0 0 0 0 0 1 53 46 0 0 0 0 0 0 0 0 0 0 0 0 0 0 0 0 0 0 0 0 0 0 0 
0 0 0 0 0 0 0 0 0 0 0 0 0 0 0 0 0 0 0 0 0 0 0 0 0 0 0 0 0 0 0 0 0 0 0 0 0 0 0 0 0 0 0 0 0 0 0 0 0 0 0 0 0 0 0 0 0 0 0 0 0 0 0 0 0 0 0 0 0 0 94 6 0 0 0 0 0 0 0 0 0 0 0 0 0 0 0 0 0 0 0 0 0 0 0 0 0 0 0 0 
0 0 0 0 0 0 0 0 0 0 0 0 0 0 0 0 0 0 0 0 0 0 0 0 0 0 0 0 0 0 0 0 0 0 0 0 0 0 0 0 0 0 0 0 0 0 0 0 0 0 0 0 0 0 0 0 0 0 0 0 0 0 0 0 0 0 0 0 0 0 3 5 91 1 0 0 0 0 0 0 0 0 0 0 0 0 0 0 0 0 0 0 0 0 0 0 0 0 0 0 
0 0 0 0 0 0 0 0 0 0 0 0 0 0 0 0 0 0 0 0 0 0 0 0 0 0 0 0 0 0 0 0 0 0 0 0 0 0 0 0 0 0 0 0 0 0 0 0 0 0 0 0 0 0 0 0 0 0 0 0 0 0 0 0 0 0 0 0 0 0 0 0 2 92 5 1 0 0 0 0 0 0 0 0 0 0 0 0 0 0 0 0 0 0 0 0 0 0 0 0 
0 0 0 0 0 0 0 0 0 0 0 0 0 0 0 0 0 0 0 0 0 0 0 0 0 0 0 0 0 0 0 0 0 0 0 0 0 0 0 0 0 0 0 0 0 0 0 0 0 0 0 0 0 0 0 0 0 0 0 0 0 0 0 0 0 0 0 0 0 0 0 0 0 0 0 0 1 99 0 0 0 0 0 0 0 0 0 0 0 0 0 0 0 0 0 0 0 0 0 0 
0 0 0 0 0 0 0 0 0 0 0 0 0 0 0 0 0 0 0 0 0 0 0 0 0 0 0 0 0 0 0 0 0 0 0 0 0 0 0 0 0 0 0 0 0 0 0 0 0 0 0 0 0 0 0 0 0 0 0 0 0 0 0 0 0 0 0 0 0 0 0 0 0 6 94 0 0 0 0 0 0 0 0 0 0 0 0 0 0 0 0 0 0 0 0 0 0 0 0 0 
0 0 0 0 0 0 0 0 0 0 0 0 0 0 0 0 0 0 0 0 0 0 0 0 0 0 0 0 0 0 0 0 0 0 0 0 0 0 0 0 0 0 0 0 0 0 0 0 0 0 0 0 0 0 0 0 0 0 0 0 0 0 0 0 0 0 0 0 0 0 0 0 0 0 0 46 53 1 0 0 0 0 0 0 0 0 0 0 0 0 0 0 0 0 0 0 0 0 0 0 
0 0 0 0 0 0 0 0 0 0 0 0 0 0 0 0 0 0 0 0 0 0 0 0 0 0 0 0 0 0 0 0 0 0 0 0 0 0 0 0 0 0 0 0 0 0 0 0 0 0 0 0 0 0 0 0 0 0 0 0 0 0 0 0 0 0 0 0 0 0 0 0 0 0 0 0 0 0 0 94 6 0 0 0 0 0 0 0 0 0 0 0 0 0 0 0 0 0 0 0 
0 0 0 0 0 0 0 0 0 0 0 0 0 0 0 0 0 0 0 0 0 0 0 0 0 0 0 0 0 0 0 0 0 0 0 0 0 0 0 0 0 0 0 0 0 0 0 0 0 0 0 0 0 0 0 0 0 0 0 0 0 0 0 0 0 0 0 0 0 0 0 0 0 0 0 0 0 0 100 0 0 0 0 0 0 0 0 0 0 0 0 0 0 0 0 0 0 0 0 0 
0 0 0 0 0 0 0 0 0 0 0 0 0 0 0 0 0 0 0 0 0 0 0 0 0 0 0 0 0 0 0 0 0 0 0 0 0 0 0 0 0 0 0 0 0 0 0 0 0 0 0 0 0 0 0 0 0 0 0 0 0 0 0 0 0 0 0 0 0 0 0 0 0 0 0 0 0 0 0 6 94 0 0 0 0 0 0 0 0 0 0 0 0 0 0 0 0 0 0 0 
0 0 0 0 0 0 0 0 0 0 0 0 0 0 0 0 0 0 0 0 0 0 0 0 0 0 0 0 0 0 0 0 0 0 0 0 0 0 0 0 0 0 0 0 0 0 0 0 0 0 0 0 0 0 0 0 0 0 0 0 0 0 0 0 0 0 0 0 0 0 0 0 0 0 0 0 0 0 0 0 0 100 0 0 0 0 0 0 0 0 0 0 0 0 0 0 0 0 0 0 
0 0 0 0 0 0 0 0 0 0 0 0 0 0 0 0 0 0 0 0 0 0 0 0 0 0 0 0 0 0 0 0 0 0 0 0 0 0 0 0 0 0 0 0 0 0 0 0 0 0 0 0 0 0 0 0 0 0 0 0 0 0 0 0 0 0 0 0 0 0 0 0 0 0 0 0 0 0 0 0 0 0 1 2 94 3 0 0 0 0 0 0 0 0 0 0 0 0 0 0 
0 0 0 0 0 0 0 0 0 0 0 0 0 0 0 0 0 0 0 0 0 0 0 0 0 0 0 0 0 0 0 0 0 0 0 0 0 0 0 0 0 0 0 0 0 0 0 0 0 0 0 0 0 0 0 0 0 0 0 0 0 0 0 0 0 0 0 0 0 0 0 0 0 0 0 0 0 0 0 0 0 0 99 1 0 0 0 0 0 0 0 0 0 0 0 0 0 0 0 0 
0 0 0 0 0 0 0 0 0 0 0 0 0 0 0 0 0 0 0 0 0 0 0 0 0 0 0 0 0 0 0 0 0 0 0 0 0 0 0 0 0 0 0 0 0 0 0 0 0 0 0 0 0 0 0 0 0 0 0 0 0 0 0 0 0 0 0 0 0 0 0 0 0 0 0 0 0 0 0 0 0 0 0 0 4 96 0 0 0 0 0 0 0 0 0 0 0 0 0 0 
0 0 0 0 0 0 0 0 0 0 0 0 0 0 0 0 0 0 0 0 0 0 0 0 0 0 0 0 0 0 0 0 0 0 0 0 0 0 0 0 0 0 0 0 0 0 0 0 0 0 0 0 0 0 0 0 0 0 0 0 0 0 0 0 0 0 0 0 0 0 0 0 0 0 0 0 0 0 0 0 0 0 0 97 2 1 0 0 0 0 0 0 0 0 0 0 0 0 0 0 
0 0 0 0 0 0 0 0 0 0 0 0 0 0 0 0 0 0 0 0 0 0 0 0 0 0 0 0 0 0 0 0 0 0 0 0 0 0 0 0 0 0 0 0 0 0 0 0 0 0 0 0 0 0 0 0 0 0 0 0 0 0 0 0 0 0 0 0 0 0 0 0 0 0 0 0 0 0 0 0 0 0 0 0 0 0 97 3 0 0 0 0 0 0 0 0 0 0 0 0 
0 0 0 0 0 0 0 0 0 0 0 0 0 0 0 0 0 0 0 0 0 0 0 0 0 0 0 0 0 0 0 0 0 0 0 0 0 0 0 0 0 0 0 0 0 0 0 0 0 0 0 0 0 0 0 0 0 0 0 0 0 0 0 0 0 0 0 0 0 0 0 0 0 0 0 0 0 0 0 0 0 0 0 0 0 0 3 97 0 0 0 0 0 0 0 0 0 0 0 0 
0 0 0 0 0 0 0 0 0 0 0 0 0 0 0 0 0 0 0 0 0 0 0 0 0 0 0 0 0 0 0 0 0 0 0 0 0 0 0 0 0 0 0 0 0 0 0 0 0 0 0 0 0 0 0 0 0 0 0 0 0 0 0 0 0 0 0 0 0 0 0 0 0 0 0 0 0 0 0 0 0 0 0 0 0 0 0 0 3 97 0 0 0 0 0 0 0 0 0 0 
0 0 0 0 0 0 0 0 0 0 0 0 0 0 0 0 0 0 0 0 0 0 0 0 0 0 0 0 0 0 0 0 0 0 0 0 0 0 0 0 0 0 0 0 0 0 0 0 0 0 0 0 0 0 0 0 0 0 0 0 0 0 0 0 0 0 0 0 0 0 0 0 0 0 0 0 0 0 0 0 0 0 0 0 0 0 0 0 0 0 100 0 0 0 0 0 0 0 0 0 
0 0 0 0 0 0 0 0 0 0 0 0 0 0 0 0 0 0 0 0 0 0 0 0 0 0 0 0 0 0 0 0 0 0 0 0 0 0 0 0 0 0 0 0 0 0 0 0 0 0 0 0 0 0 0 0 0 0 0 0 0 0 0 0 0 0 0 0 0 0 0 0 0 0 0 0 0 0 0 0 0 0 0 0 0 0 0 0 97 3 0 0 0 0 0 0 0 0 0 0 
0 0 0 0 0 0 0 0 0 0 0 0 0 0 0 0 0 0 0 0 0 0 0 0 0 0 0 0 0 0 0 0 0 0 0 0 0 0 0 0 0 0 0 0 0 0 0 0 0 0 0 0 0 0 0 0 0 0 0 0 0 0 0 0 0 0 0 0 0 0 0 0 0 0 0 0 0 0 0 0 0 0 0 0 0 0 0 0 0 0 0 0 99 1 0 0 0 0 0 0 
0 0 0 0 0 0 0 0 0 0 0 0 0 0 0 0 0 0 0 0 0 0 0 0 0 0 0 0 0 0 0 0 0 0 0 0 0 0 0 0 0 0 0 0 0 0 0 0 0 0 0 0 0 0 0 0 0 0 0 0 0 0 0 0 0 0 0 0 0 0 0 0 0 0 0 0 0 0 0 0 0 0 0 0 0 0 0 0 0 0 0 0 0 0 3 97 0 0 0 0 
0 0 0 0 0 0 0 0 0 0 0 0 0 0 0 0 0 0 0 0 0 0 0 0 0 0 0 0 0 0 0 0 0 0 0 0 0 0 0 0 0 0 0 0 0 0 0 0 0 0 0 0 0 0 0 0 0 0 0 0 0 0 0 0 0 0 0 0 0 0 0 0 0 0 0 0 0 0 0 0 0 0 0 0 0 0 0 0 0 0 0 100 0 0 0 0 0 0 0 0 
0 0 0 0 0 0 0 0 0 0 0 0 0 0 0 0 0 0 0 0 0 0 0 0 0 0 0 0 0 0 0 0 0 0 0 0 0 0 0 0 0 0 0 0 0 0 0 0 0 0 0 0 0 0 0 0 0 0 0 0 0 0 0 0 0 0 0 0 0 0 0 0 0 0 0 0 0 0 0 0 0 0 0 0 0 0 0 0 0 0 0 0 1 99 0 0 0 0 0 0 
0 0 0 0 0 0 0 0 0 0 0 0 0 0 0 0 0 0 0 0 0 0 0 0 0 0 0 0 0 0 0 0 0 0 0 0 0 0 0 0 0 0 0 0 0 0 0 0 0 0 0 0 0 0 0 0 0 0 0 0 0 0 0 0 0 0 0 0 0 0 0 0 0 0 0 0 0 0 0 0 0 0 0 0 0 0 0 0 0 0 0 0 0 0 97 3 0 0 0 0 
0 0 0 0 0 0 0 0 0 0 0 0 0 0 0 0 0 0 0 0 0 0 0 0 0 0 0 0 0 0 0 0 0 0 0 0 0 0 0 0 0 0 0 0 0 0 0 0 0 0 0 0 0 0 0 0 0 0 0 0 0 0 0 0 0 0 0 0 0 0 0 0 0 0 0 0 0 0 0 0 0 0 0 0 0 0 0 0 0 0 0 0 0 0 0 0 0 100 0 0 
0 0 0 0 0 0 0 0 0 0 0 0 0 0 0 0 0 0 0 0 0 0 0 0 0 0 0 0 0 0 0 0 0 0 0 0 0 0 0 0 0 0 0 0 0 0 0 0 0 0 0 0 0 0 0 0 0 0 0 0 0 0 0 0 0 0 0 0 0 0 0 0 0 0 0 0 0 0 0 0 0 0 0 0 0 0 0 0 0 0 0 0 0 0 0 0 100 0 0 0 
0 0 0 0 0 0 0 0 0 0 0 0 0 0 0 0 0 0 0 0 0 0 0 0 0 0 0 0 0 0 0 0 0 0 0 0 0 0 0 0 0 0 0 0 0 0 0 0 0 0 0 0 0 0 0 0 0 0 0 0 0 0 0 0 0 0 0 0 0 0 0 0 0 0 0 0 0 0 0 0 0 0 0 0 0 0 0 0 0 0 0 0 0 0 0 0 0 0 0 100 
0 0 0 0 0 0 0 0 0 0 0 0 0 0 0 0 0 0 0 0 0 0 0 0 0 0 0 0 0 0 0 0 0 0 0 0 0 0 0 0 0 0 0 0 0 0 0 0 0 0 0 0 0 0 0 0 0 0 0 0 0 0 0 0 0 0 0 0 0 0 0 0 0 0 0 0 0 0 0 0 0 0 0 0 0 0 0 0 0 0 0 0 0 0 0 0 0 0 100 0 

Pair-order violations matrix
0 0 0 0 0 0 0 0 0 0 0 0 0 0 0 0 0 0 0 0 0 0 0 0 0 0 0 0 0 0 0 0 0 0 0 0 0 0 0 0 0 0 0 0 0 0 0 0 0 0 0 0 0 0 0 0 0 0 0 0 0 0 0 0 0 0 0 0 0 0 0 0 0 0 0 0 0 0 0 0 0 0 0 0 0 0 0 0 0 0 0 0 0 0 0 0 0 0 0 0 
0 0 0 0 0 0 0 0 0 0 0 0 0 0 0 0 0 0 0 0 0 0 0 0 0 0 0 0 0 0 0 0 0 0 0 0 0 0 0 0 0 0 0 0 0 0 0 0 0 0 0 0 0 0 0 0 0 0 0 0 0 0 0 0 0 0 0 0 0 0 0 0 0 0 0 0 0 0 0 0 0 0 0 0 0 0 0 0 0 0 0 0 0 0 0 0 0 0 0 0 
0 0 0 0 0 0 0 0 0 0 0 0 0 0 0 0 0 0 0 0 0 0 0 0 0 0 0 0 0 0 0 0 0 0 0 0 0 0 0 0 0 0 0 0 0 0 0 0 0 0 0 0 0 0 0 0 0 0 0 0 0 0 0 0 0 0 0 0 0 0 0 0 0 0 0 0 0 0 0 0 0 0 0 0 0 0 0 0 0 0 0 0 0 0 0 0 0 0 0 0 
0 0 0 0 0 0 0 0 0 0 0 0 0 0 0 0 0 0 0 0 0 0 0 0 0 0 0 0 0 0 0 0 0 0 0 0 0 0 0 0 0 0 0 0 0 0 0 0 0 0 0 0 0 0 0 0 0 0 0 0 0 0 0 0 0 0 0 0 0 0 0 0 0 0 0 0 0 0 0 0 0 0 0 0 0 0 0 0 0 0 0 0 0 0 0 0 0 0 0 0 
0 0 0 0 0 0 0 0 0 0 0 0 0 0 0 0 0 0 0 0 0 0 0 0 0 0 0 0 0 0 0 0 0 0 0 0 0 0 0 0 0 0 0 0 0 0 0 0 0 0 0 0 0 0 0 0 0 0 0 0 0 0 0 0 0 0 0 0 0 0 0 0 0 0 0 0 0 0 0 0 0 0 0 0 0 0 0 0 0 0 0 0 0 0 0 0 0 0 0 0 
0 0 0 0 0 0 2 0 0 0 0 0 0 0 0 0 0 0 0 0 0 0 0 0 0 0 0 0 0 0 0 0 0 0 0 0 0 0 0 0 0 0 0 0 0 0 0 0 0 0 0 0 0 0 0 0 0 0 0 0 0 0 0 0 0 0 0 0 0 0 0 0 0 0 0 0 0 0 0 0 0 0 0 0 0 0 0 0 0 0 0 0 0 0 0 0 0 0 0 0 
0 0 0 0 0 2 0 0 0 0 0 0 0 0 0 0 0 0 0 0 0 0 0 0 0 0 0 0 0 0 0 0 0 0 0 0 0 0 0 0 0 0 0 0 0 0 0 0 0 0 0 0 0 0 0 0 0 0 0 0 0 0 0 0 0 0 0 0 0 0 0 0 0 0 0 0 0 0 0 0 0 0 0 0 0 0 0 0 0 0 0 0 0 0 0 0 0 0 0 0 
0 0 0 0 0 0 0 0 0 0 0 0 0 0 0 0 0 0 0 0 0 0 0 0 0 0 0 0 0 0 0 0 0 0 0 0 0 0 0 0 0 0 0 0 0 0 0 0 0 0 0 0 0 0 0 0 0 0 0 0 0 0 0 0 0 0 0 0 0 0 0 0 0 0 0 0 0 0 0 0 0 0 0 0 0 0 0 0 0 0 0 0 0 0 0 0 0 0 0 0 
0 0 0 0 0 0 0 0 0 1 0 0 0 0 0 0 0 0 0 0 0 0 0 0 0 0 0 0 0 0 0 0 0 0 0 0 0 0 0 0 0 0 0 0 0 0 0 0 0 0 0 0 0 0 0 0 0 0 0 0 0 0 0 0 0 0 0 0 0 0 0 0 0 0 0 0 0 0 0 0 0 0 0 0 0 0 0 0 0 0 0 0 0 0 0 0 0 0 0 0 
0 0 0 0 0 0 0 0 1 0 0 0 0 0 0 0 0 0 0 0 0 0 0 0 0 0 0 0 0 0 0 0 0 0 0 0 0 0 0 0 0 0 0 0 0 0 0 0 0 0 0 0 0 0 0 0 0 0 0 0 0 0 0 0 0 0 0 0 0 0 0 0 0 0 0 0 0 0 0 0 0 0 0 0 0 0 0 0 0 0 0 0 0 0 0 0 0 0 0 0 
0 0 0 0 0 0 0 0 0 0 0 100 0 2 0 0 0 0 0 0 0 0 0 0 0 0 0 0 0 0 0 0 0 0 0 0 0 0 0 0 0 0 0 0 0 0 0 0 0 0 0 0 0 0 0 0 0 0 0 0 0 0 0 0 0 0 0 0 0 0 0 0 0 0 0 0 0 0 0 0 0 0 0 0 0 0 0 0 0 0 0 0 0 0 0 0 0 0 0 0 
0 0 0 0 0 0 0 0 0 0 100 0 0 0 0 0 0 0 0 0 0 0 0 0 0 0 0 0 0 0 0 0 0 0 0 0 0 0 0 0 0 0 0 0 0 0 0 0 0 0 0 0 0 0 0 0 0 0 0 0 0 0 0 0 0 0 0 0 0 0 0 0 0 0 0 0 0 0 0 0 0 0 0 0 0 0 0 0 0 0 0 0 0 0 0 0 0 0 0 0 
0 0 0 0 0 0 0 0 0 0 0 0 0 100 0 2 0 0 0 0 0 0 0 0 0 0 0 0 0 0 0 0 0 0 0 0 0 0 0 0 0 0 0 0 0 0 0 0 0 0 0 0 0 0 0 0 0 0 0 0 0 0 0 0 0 0 0 0 0 0 0 0 0 0 0 0 0 0 0 0 0 0 0 0 0 0 0 0 0 0 0 0 0 0 0 0 0 0 0 0 
0 0 0 0 0 0 0 0 0 0 2 0 100 0 0 0 0 0 0 0 0 0 0 0 0 0 0 0 0 0 0 0 0 0 0 0 0 0 0 0 0 0 0 0 0 0 0 0 0 0 0 0 0 0 0 0 0 0 0 0 0 0 0 0 0 0 0 0 0 0 0 0 0 0 0 0 0 0 0 0 0 0 0 0 0 0 0 0 0 0 0 0 0 0 0 0 0 0 0 0 
0 0 0 0 0 0 0 0 0 0 0 0 0 0 0 99 100 0 0 6 0 0 0 0 0 0 0 0 0 0 0 0 0 0 0 0 0 0 0 0 0 0 0 0 0 0 0 0 0 0 0 0 0 0 0 0 0 0 0 0 0 0 0 0 0 0 0 0 0 0 0 0 0 0 0 0 0 0 0 0 0 0 0 0 0 0 0 0 0 0 0 0 0 0 0 0 0 0 0 0 
0 0 0 0 0 0 0 0 0 0 0 0 2 0 99 0 3 0 0 1 0 0 0 0 0 0 0 0 0 0 0 0 0 0 0 0 0 0 0 0 0 0 0 0 0 0 0 0 0 0 0 0 0 0 0 0 0 0 0 0 0 0 0 0 0 0 0 0 0 0 0 0 0 0 0 0 0 0 0 0 0 0 0 0 0 0 0 0 0 0 0 0 0 0 0 0 0 0 0 0 
0 0 0 0 0 0 0 0 0 0 0 0 0 0 100 3 0 0 0 0 0 0 0 0 0 0 0 0 0 0 0 0 0 0 0 0 0 0 0 0 0 0 0 0 0 0 0 0 0 0 0 0 0 0 0 0 0 0 0 0 0 0 0 0 0 0 0 0 0 0 0 0 0 0 0 0 0 0 0 0 0 0 0 0 0 0 0 0 0 0 0 0 0 0 0 0 0 0 0 0 
0 0 0 0 0 0 0 0 0 0 0 0 0 0 0 0 0 0 3 100 0 0 0 0 0 0 0 0 0 0 0 0 0 0 0 0 0 0 0 0 0 0 0 0 0 0 0 0 0 0 0 0 0 0 0 0 0 0 0 0 0 0 0 0 0 0 0 0 0 0 0 0 0 0 0 0 0 0 0 0 0 0 0 0 0 0 0 0 0 0 0 0 0 0 0 0 0 0 0 0 
0 0 0 0 0 0 0 0 0 0 0 0 0 0 0 0 0 3 0 100 1 0 0 0 0 0 0 0 0 0 0 0 0 0 0 0 0 0 0 0 0 0 0 0 0 0 0 0 0 0 0 0 0 0 0 0 0 0 0 0 0 0 0 0 0 0 0 0 0 0 0 0 0 0 0 0 0 0 0 0 0 0 0 0 0 0 0 0 0 0 0 0 0 0 0 0 0 0 0 0 
0 0 0 0 0 0 0 0 0 0 0 0 0 0 6 1 0 100 100 0 0 0 0 0 0 0 0 0 0 0 0 0 0 0 0 0 0 0 0 0 0 0 0 0 0 0 0 0 0 0 0 0 0 0 0 0 0 0 0 0 0 0 0 0 0 0 0 0 0 0 0 0 0 0 0 0 0 0 0 0 0 0 0 0 0 0 0 0 0 0 0 0 0 0 0 0 0 0 0 0 
0 0 0 0 0 0 0 0 0 0 0 0 0 0 0 0 0 0 1 0 0 2 1 0 0 0 0 0 0 0 0 0 0 0 0 0 0 0 0 0 0 0 0 0 0 0 0 0 0 0 0 0 0 0 0 0 0 0 0 0 0 0 0 0 0 0 0 0 0 0 0 0 0 0 0 0 0 0 0 0 0 0 0 0 0 0 0 0 0 0 0 0 0 0 0 0 0 0 0 0 
0 0 0 0 0 0 0 0 0 0 0 0 0 0 0 0 0 0 0 0 2 0 5 0 0 0 0 0 0 0 0 0 0 0 0 0 0 0 0 0 0 0 0 0 0 0 0 0 0 0 0 0 0 0 0 0 0 0 0 0 0 0 0 0 0 0 0 0 0 0 0 0 0 0 0 0 0 0 0 0 0 0 0 0 0 0 0 0 0 0 0 0 0 0 0 0 0 0 0 0 
0 0 0 0 0 0 0 0 0 0 0 0 0 0 0 0 0 0 0 0 1 5 0 1 2 1 0 1 0 0 1 0 0 0 0 0 0 0 0 0 0 0 0 0 0 0 0 0 0 0 0 0 0 0 0 0 0 0 0 0 0 0 0 0 0 0 0 0 0 0 0 0 0 0 0 0 0 0 0 0 0 0 0 0 0 0 0 0 0 0 0 0 0 0 0 0 0 0 0 0 
0 0 0 0 0 0 0 0 0 0 0 0 0 0 0 0 0 0 0 0 0 0 1 0 100 0 0 95 0 0 0 0 0 0 0 0 0 0 0 0 0 0 0 0 0 0 0 0 0 0 0 0 0 0 0 0 0 0 0 0 0 0 0 0 0 0 0 0 0 0 0 0 0 0 0 0 0 0 0 0 0 0 0 0 0 0 0 0 0 0 0 0 0 0 0 0 0 0 0 0 
0 0 0 0 0 0 0 0 0 0 0 0 0 0 0 0 0 0 0 0 0 0 2 100 0 0 0 3 0 0 0 0 0 0 0 0 0 0 0 0 0 0 0 0 0 0 0 0 0 0 0 0 0 0 0 0 0 0 0 0 0 0 0 0 0 0 0 0 0 0 0 0 0 0 0 0 0 0 0 0 0 0 0 0 0 0 0 0 0 0 0 0 0 0 0 0 0 0 0 0 
0 0 0 0 0 0 0 0 0 0 0 0 0 0 0 0 0 0 0 0 0 0 1 0 0 0 1 100 0 0 86 0 0 0 0 0 0 0 0 0 0 0 0 0 0 0 0 0 0 0 0 0 0 0 0 0 0 0 0 0 0 0 0 0 0 0 0 0 0 0 0 0 0 0 0 0 0 0 0 0 0 0 0 0 0 0 0 0 0 0 0 0 0 0 0 0 0 0 0 0 
0 0 0 0 0 0 0 0 0 0 0 0 0 0 0 0 0 0 0 0 0 0 0 0 0 1 0 100 6 0 86 0 0 0 0 0 0 0 0 0 0 0 0 0 0 0 0 0 0 0 0 0 0 0 0 0 0 0 0 0 0 0 0 0 0 0 0 0 0 0 0 0 0 0 0 0 0 0 0 0 0 0 0 0 0 0 0 0 0 0 0 0 0 0 0 0 0 0 0 0 
0 0 0 0 0 0 0 0 0 0 0 0 0 0 0 0 0 0 0 0 0 0 1 95 3 100 100 0 0 0 0 0 0 0 0 0 0 0 0 0 0 0 0 0 0 0 0 0 0 0 0 0 0 0 0 0 0 0 0 0 0 0 0 0 0 0 0 0 0 0 0 0 0 0 0 0 0 0 0 0 0 0 0 0 0 0 0 0 0 0 0 0 0 0 0 0 0 0 0 0 
0 0 0 0 0 0 0 0 0 0 0 0 0 0 0 0 0 0 0 0 0 0 0 0 0 0 6 0 0 1 100 1 6 0 0 0 0 0 0 0 0 0 0 0 0 0 0 0 0 0 0 0 0 0 0 0 0 0 0 0 0 0 0 0 0 0 0 0 0 0 0 0 0 0 0 0 0 0 0 0 0 0 0 0 0 0 0 0 0 0 0 0 0 0 0 0 0 0 0 0 
0 0 0 0 0 0 0 0 0 0 0 0 0 0 0 0 0 0 0 0 0 0 0 0 0 0 0 0 1 0 100 99 100 3 0 0 0 0 0 0 0 0 0 0 0 0 0 0 0 0 0 0 0 0 0 0 0 0 0 0 0 0 0 0 0 0 0 0 0 0 0 0 0 0 0 0 0 0 0 0 0 0 0 0 0 0 0 0 0 0 0 0 0 0 0 0 0 0 0 0 
0 0 0 0 0 0 0 0 0 0 0 0 0 0 0 0 0 0 0 0 0 0 1 0 0 86 86 0 100 100 0 0 0 0 0 0 0 0 0 0 0 0 0 0 0 0 0 0 0 0 0 0 0 0 0 0 0 0 0 0 0 0 0 0 0 0 0 0 0 0 0 0 0 0 0 0 0 0 0 0 0 0 0 0 0 0 0 0 0 0 0 0 0 0 0 0 0 0 0 0 
0 0 0 0 0 0 0 0 0 0 0 0 0 0 0 0 0 0 0 0 0 0 0 0 0 0 0 0 1 99 0 0 98 0 0 0 0 0 0 0 0 0 0 0 0 0 0 0 0 0 0 0 0 0 0 0 0 0 0 0 0 0 0 0 0 0 0 0 0 0 0 0 0 0 0 0 0 0 0 0 0 0 0 0 0 0 0 0 0 0 0 0 0 0 0 0 0 0 0 0 
0 0 0 0 0 0 0 0 0 0 0 0 0 0 0 0 0 0 0 0 0 0 0 0 0 0 0 0 6 100 0 98 0 0 0 0 0 0 0 0 0 0 0 0 0 0 0 0 0 0 0 0 0 0 0 0 0 0 0 0 0 0 0 0 0 0 0 0 0 0 0 0 0 0 0 0 0 0 0 0 0 0 0 0 0 0 0 0 0 0 0 0 0 0 0 0 0 0 0 0 
0 0 0 0 0 0 0 0 0 0 0 0 0 0 0 0 0 0 0 0 0 0 0 0 0 0 0 0 0 3 0 0 0 0 0 0 0 0 0 0 0 0 0 0 0 0 0 0 0 0 0 0 0 0 0 0 0 0 0 0 0 0 0 0 0 0 0 0 0 0 0 0 0 0 0 0 0 0 0 0 0 0 0 0 0 0 0 0 0 0 0 0 0 0 0 0 0 0 0 0 
0 0 0 0 0 0 0 0 0 0 0 0 0 0 0 0 0 0 0 0 0 0 0 0 0 0 0 0 0 0 0 0 0 0 0 89 0 0 0 0 0 0 0 0 0 0 0 0 0 0 0 0 0 0 0 0 0 0 0 0 0 0 0 0 0 0 0 0 0 0 0 0 0 0 0 0 0 0 0 0 0 0 0 0 0 0 0 0 0 0 0 0 0 0 0 0 0 0 0 0 
0 0 0 0 0 0 0 0 0 0 0 0 0 0 0 0 0 0 0 0 0 0 0 0 0 0 0 0 0 0 0 0 0 0 89 0 5 0 0 0 0 0 0 0 0 0 0 0 0 0 0 0 0 0 0 0 0 0 0 0 0 0 0 0 0 0 0 0 0 0 0 0 0 0 0 0 0 0 0 0 0 0 0 0 0 0 0 0 0 0 0 0 0 0 0 0 0 0 0 0 
0 0 0 0 0 0 0 0 0 0 0 0 0 0 0 0 0 0 0 0 0 0 0 0 0 0 0 0 0 0 0 0 0 0 0 5 0 2 0 0 0 0 0 0 0 0 0 0 0 0 0 0 0 0 0 0 0 0 0 0 0 0 0 0 0 0 0 0 0 0 0 0 0 0 0 0 0 0 0 0 0 0 0 0 0 0 0 0 0 0 0 0 0 0 0 0 0 0 0 0 
0 0 0 0 0 0 0 0 0 0 0 0 0 0 0 0 0 0 0 0 0 0 0 0 0 0 0 0 0 0 0 0 0 0 0 0 2 0 0 0 0 0 0 0 0 0 0 0 0 0 0 0 0 0 0 0 0 0 0 0 0 0 0 0 0 0 0 0 0 0 0 0 0 0 0 0 0 0 0 0 0 0 0 0 0 0 0 0 0 0 0 0 0 0 0 0 0 0 0 0 
0 0 0 0 0 0 0 0 0 0 0 0 0 0 0 0 0 0 0 0 0 0 0 0 0 0 0 0 0 0 0 0 0 0 0 0 0 0 0 5 0 0 0 0 0 0 0 0 0 0 0 0 0 0 0 0 0 0 0 0 0 0 0 0 0 0 0 0 0 0 0 0 0 0 0 0 0 0 0 0 0 0 0 0 0 0 0 0 0 0 0 0 0 0 0 0 0 0 0 0 
0 0 0 0 0 0 0 0 0 0 0 0 0 0 0 0 0 0 0 0 0 0 0 0 0 0 0 0 0 0 0 0 0 0 0 0 0 0 5 0 0 0 0 0 0 0 0 0 0 0 0 0 0 0 0 0 0 0 0 0 0 0 0 0 0 0 0 0 0 0 0 0 0 0 0 0 0 0 0 0 0 0 0 0 0 0 0 0 0 0 0 0 0 0 0 0 0 0 0 0 
0 0 0 0 0 0 0 0 0 0 0 0 0 0 0 0 0 0 0 0 0 0 0 0 0 0 0 0 0 0 0 0 0 0 0 0 0 0 0 0 0 5 0 0 0 0 0 0 0 0 0 0 0 0 0 0 0 0 0 0 0 0 0 0 0 0 0 0 0 0 0 0 0 0 0 0 0 0 0 0 0 0 0 0 0 0 0 0 0 0 0 0 0 0 0 0 0 0 0 0 
0 0 0 0 0 0 0 0 0 0 0 0 0 0 0 0 0 0 0 0 0 0 0 0 0 0 0 0 0 0 0 0 0 0 0 0 0 0 0 0 5 0 0 0 0 0 0 0 0 0 0 0 0 0 0 0 0 0 0 0 0 0 0 0 0 0 0 0 0 0 0 0 0 0 0 0 0 0 0 0 0 0 0 0 0 0 0 0 0 0 0 0 0 0 0 0 0 0 0 0 
0 0 0 0 0 0 0 0 0 0 0 0 0 0 0 0 0 0 0 0 0 0 0 0 0 0 0 0 0 0 0 0 0 0 0 0 0 0 0 0 0 0 0 86 2 0 0 0 0 0 0 0 0 0 0 0 0 0 0 0 0 0 0 0 0 0 0 0 0 0 0 0 0 0 0 0 0 0 0 0 0 0 0 0 0 0 0 0 0 0 0 0 0 0 0 0 0 0 0 0 
0 0 0 0 0 0 0 0 0 0 0 0 0 0 0 0 0 0 0 0 0 0 0 0 0 0 0 0 0 0 0 0 0 0 0 0 0 0 0 0 0 0 86 0 7 0 0 0 0 0 0 0 0 0 0 0 0 0 0 0 0 0 0 0 0 0 0 0 0 0 0 0 0 0 0 0 0 0 0 0 0 0 0 0 0 0 0 0 0 0 0 0 0 0 0 0 0 0 0 0 
0 0 0 0 0 0 0 0 0 0 0 0 0 0 0 0 0 0 0 0 0 0 0 0 0 0 0 0 0 0 0 0 0 0 0 0 0 0 0 0 0 0 2 7 0 11 1 0 1 0 0 0 0 0 0 0 0 0 0 0 0 0 0 0 0 0 0 0 0 0 0 0 0 0 0 0 0 0 0 0 0 0 0 0 0 0 0 0 0 0 0 0 0 0 0 0 0 0 0 0 
0 0 0 0 0 0 0 0 0 0 0 0 0 0 0 0 0 0 0 0 0 0 0 0 0 0 0 0 0 0 0 0 0 0 0 0 0 0 0 0 0 0 0 0 11 0 0 0 0 0 0 0 0 0 0 0 0 0 0 0 0 0 0 0 0 0 0 0 0 0 0 0 0 0 0 0 0 0 0 0 0 0 0 0 0 0 0 0 0 0 0 0 0 0 0 0 0 0 0 0 
0 0 0 0 0 0 0 0 0 0 0 0 0 0 0 0 0 0 0 0 0 0 0 0 0 0 0 0 0 0 0 0 0 0 0 0 0 0 0 0 0 0 0 0 1 0 0 2 94 0 0 0 0 0 0 0 0 0 0 0 0 0 0 0 0 0 0 0 0 0 0 0 0 0 0 0 0 0 0 0 0 0 0 0 0 0 0 0 0 0 0 0 0 0 0 0 0 0 0 0 
0 0 0 0 0 0 0 0 0 0 0 0 0 0 0 0 0 0 0 0 0 0 0 0 0 0 0 0 0 0 0 0 0 0 0 0 0 0 0 0 0 0 0 0 0 0 2 0 100 1 0 0 0 0 0 0 0 0 0 0 0 0 0 0 0 0 0 0 0 0 0 0 0 0 0 0 0 0 0 0 0 0 0 0 0 0 0 0 0 0 0 0 0 0 0 0 0 0 0 0 
0 0 0 0 0 0 0 0 0 0 0 0 0 0 0 0 0 0 0 0 0 0 0 0 0 0 0 0 0 0 0 0 0 0 0 0 0 0 0 0 0 0 0 0 1 0 94 100 0 0 0 0 0 0 0 0 0 0 0 0 0 0 0 0 0 0 0 0 0 0 0 0 0 0 0 0 0 0 0 0 0 0 0 0 0 0 0 0 0 0 0 0 0 0 0 0 0 0 0 0 
0 0 0 0 0 0 0 0 0 0 0 0 0 0 0 0 0 0 0 0 0 0 0 0 0 0 0 0 0 0 0 0 0 0 0 0 0 0 0 0 0 0 0 0 0 0 0 1 0 0 5 0 0 0 0 0 0 0 0 0 0 0 0 0 0 0 0 0 0 0 0 0 0 0 0 0 0 0 0 0 0 0 0 0 0 0 0 0 0 0 0 0 0 0 0 0 0 0 0 0 
0 0 0 0 0 0 0 0 0 0 0 0 0 0 0 0 0 0 0 0 0 0 0 0 0 0 0 0 0 0 0 0 0 0 0 0 0 0 0 0 0 0 0 0 0 0 0 0 0 5 0 0 0 1 0 0 0 0 0 0 0 0 0 0 0 0 0 0 0 0 0 0 0 0 0 0 0 0 0 0 0 0 0 0 0 0 0 0 0 0 0 0 0 0 0 0 0 0 0 0 
0 0 0 0 0 0 0 0 0 0 0 0 0 0 0 0 0 0 0 0 0 0 0 0 0 0 0 0 0 0 0 0 0 0 0 0 0 0 0 0 0 0 0 0 0 0 0 0 0 0 0 0 0 93 2 0 0 0 0 0 0 0 0 0 0 0 0 0 0 0 0 0 0 0 0 0 0 0 0 0 0 0 0 0 0 0 0 0 0 0 0 0 0 0 0 0 0 0 0 0 
0 0 0 0 0 0 0 0 0 0 0 0 0 0 0 0 0 0 0 0 0 0 0 0 0 0 0 0 0 0 0 0 0 0 0 0 0 0 0 0 0 0 0 0 0 0 0 0 0 0 0 0 0 100 10 0 0 0 0 0 0 0 0 0 0 0 0 0 0 0 0 0 0 0 0 0 0 0 0 0 0 0 0 0 0 0 0 0 0 0 0 0 0 0 0 0 0 0 0 0 
0 0 0 0 0 0 0 0 0 0 0 0 0 0 0 0 0 0 0 0 0 0 0 0 0 0 0 0 0 0 0 0 0 0 0 0 0 0 0 0 0 0 0 0 0 0 0 0 0 0 1 93 100 0 0 0 0 0 0 0 0 0 0 0 0 0 0 0 0 0 0 0 0 0 0 0 0 0 0 0 0 0 0 0 0 0 0 0 0 0 0 0 0 0 0 0 0 0 0 0 
0 0 0 0 0 0 0 0 0 0 0 0 0 0 0 0 0 0 0 0 0 0 0 0 0 0 0 0 0 0 0 0 0 0 0 0 0 0 0 0 0 0 0 0 0 0 0 0 0 0 0 2 10 0 0 0 0 0 0 0 0 0 0 0 0 0 0 0 0 0 0 0 0 0 0 0 0 0 0 0 0 0 0 0 0 0 0 0 0 0 0 0 0 0 0 0 0 0 0 0 
0 0 0 0 0 0 0 0 0 0 0 0 0 0 0 0 0 0 0 0 0 0 0 0 0 0 0 0 0 0 0 0 0 0 0 0 0 0 0 0 0 0 0 0 0 0 0 0 0 0 0 0 0 0 0 0 0 0 0 0 0 0 0 0 0 0 0 0 0 0 0 0 0 0 0 0 0 0 0 0 0 0 0 0 0 0 0 0 0 0 0 0 0 0 0 0 0 0 0 0 
0 0 0 0 0 0 0 0 0 0 0 0 0 0 0 0 0 0 0 0 0 0 0 0 0 0 0 0 0 0 0 0 0 0 0 0 0 0 0 0 0 0 0 0 0 0 0 0 0 0 0 0 0 0 0 0 0 5 0 0 0 0 0 0 0 0 0 0 0 0 0 0 0 0 0 0 0 0 0 0 0 0 0 0 0 0 0 0 0 0 0 0 0 0 0 0 0 0 0 0 
0 0 0 0 0 0 0 0 0 0 0 0 0 0 0 0 0 0 0 0 0 0 0 0 0 0 0 0 0 0 0 0 0 0 0 0 0 0 0 0 0 0 0 0 0 0 0 0 0 0 0 0 0 0 0 0 5 0 0 0 0 0 0 0 0 0 0 0 0 0 0 0 0 0 0 0 0 0 0 0 0 0 0 0 0 0 0 0 0 0 0 0 0 0 0 0 0 0 0 0 
0 0 0 0 0 0 0 0 0 0 0 0 0 0 0 0 0 0 0 0 0 0 0 0 0 0 0 0 0 0 0 0 0 0 0 0 0 0 0 0 0 0 0 0 0 0 0 0 0 0 0 0 0 0 0 0 0 0 0 5 100 0 0 0 0 0 0 0 0 0 0 0 0 0 0 0 0 0 0 0 0 0 0 0 0 0 0 0 0 0 0 0 0 0 0 0 0 0 0 0 
0 0 0 0 0 0 0 0 0 0 0 0 0 0 0 0 0 0 0 0 0 0 0 0 0 0 0 0 0 0 0 0 0 0 0 0 0 0 0 0 0 0 0 0 0 0 0 0 0 0 0 0 0 0 0 0 0 0 5 0 100 0 0 1 0 0 0 0 0 0 0 0 0 0 0 0 0 0 0 0 0 0 0 0 0 0 0 0 0 0 0 0 0 0 0 0 0 0 0 0 
0 0 0 0 0 0 0 0 0 0 0 0 0 0 0 0 0 0 0 0 0 0 0 0 0 0 0 0 0 0 0 0 0 0 0 0 0 0 0 0 0 0 0 0 0 0 0 0 0 0 0 0 0 0 0 0 0 0 100 100 0 0 0 0 0 0 0 0 0 0 0 0 0 0 0 0 0 0 0 0 0 0 0 0 0 0 0 0 0 0 0 0 0 0 0 0 0 0 0 0 
0 0 0 0 0 0 0 0 0 0 0 0 0 0 0 0 0 0 0 0 0 0 0 0 0 0 0 0 0 0 0 0 0 0 0 0 0 0 0 0 0 0 0 0 0 0 0 0 0 0 0 0 0 0 0 0 0 0 0 0 0 0 0 94 0 0 0 0 0 0 0 0 0 0 0 0 0 0 0 0 0 0 0 0 0 0 0 0 0 0 0 0 0 0 0 0 0 0 0 0 
0 0 0 0 0 0 0 0 0 0 0 0 0 0 0 0 0 0 0 0 0 0 0 0 0 0 0 0 0 0 0 0 0 0 0 0 0 0 0 0 0 0 0 0 0 0 0 0 0 0 0 0 0 0 0 0 0 0 0 0 0 0 0 100 7 0 0 0 0 0 0 0 0 0 0 0 0 0 0 0 0 0 0 0 0 0 0 0 0 0 0 0 0 0 0 0 0 0 0 0 
0 0 0 0 0 0 0 0 0 0 0 0 0 0 0 0 0 0 0 0 0 0 0 0 0 0 0 0 0 0 0 0 0 0 0 0 0 0 0 0 0 0 0 0 0 0 0 0 0 0 0 0 0 0 0 0 0 0 0 1 0 94 100 0 0 0 0 0 0 0 0 0 0 0 0 0 0 0 0 0 0 0 0 0 0 0 0 0 0 0 0 0 0 0 0 0 0 0 0 0 
0 0 0 0 0 0 0 0 0 0 0 0 0 0 0 0 0 0 0 0 0 0 0 0 0 0 0 0 0 0 0 0 0 0 0 0 0 0 0 0 0 0 0 0 0 0 0 0 0 0 0 0 0 0 0 0 0 0 0 0 0 0 7 0 0 0 0 0 0 0 0 0 0 0 0 0 0 0 0 0 0 0 0 0 0 0 0 0 0 0 0 0 0 0 0 0 0 0 0 0 
0 0 0 0 0 0 0 0 0 0 0 0 0 0 0 0 0 0 0 0 0 0 0 0 0 0 0 0 0 0 0 0 0 0 0 0 0 0 0 0 0 0 0 0 0 0 0 0 0 0 0 0 0 0 0 0 0 0 0 0 0 0 0 0 0 0 0 0 0 0 0 0 0 0 0 0 0 0 0 0 0 0 0 0 0 0 0 0 0 0 0 0 0 0 0 0 0 0 0 0 
0 0 0 0 0 0 0 0 0 0 0 0 0 0 0 0 0 0 0 0 0 0 0 0 0 0 0 0 0 0 0 0 0 0 0 0 0 0 0 0 0 0 0 0 0 0 0 0 0 0 0 0 0 0 0 0 0 0 0 0 0 0 0 0 0 0 0 94 0 0 0 0 0 0 0 0 0 0 0 0 0 0 0 0 0 0 0 0 0 0 0 0 0 0 0 0 0 0 0 0 
0 0 0 0 0 0 0 0 0 0 0 0 0 0 0 0 0 0 0 0 0 0 0 0 0 0 0 0 0 0 0 0 0 0 0 0 0 0 0 0 0 0 0 0 0 0 0 0 0 0 0 0 0 0 0 0 0 0 0 0 0 0 0 0 0 0 94 0 0 0 0 0 0 0 0 0 0 0 0 0 0 0 0 0 0 0 0 0 0 0 0 0 0 0 0 0 0 0 0 0 
0 0 0 0 0 0 0 0 0 0 0 0 0 0 0 0 0 0 0 0 0 0 0 0 0 0 0 0 0 0 0 0 0 0 0 0 0 0 0 0 0 0 0 0 0 0 0 0 0 0 0 0 0 0 0 0 0 0 0 0 0 0 0 0 0 0 0 0 0 7 0 0 0 0 0 0 0 0 0 0 0 0 0 0 0 0 0 0 0 0 0 0 0 0 0 0 0 0 0 0 
0 0 0 0 0 0 0 0 0 0 0 0 0 0 0 0 0 0 0 0 0 0 0 0 0 0 0 0 0 0 0 0 0 0 0 0 0 0 0 0 0 0 0 0 0 0 0 0 0 0 0 0 0 0 0 0 0 0 0 0 0 0 0 0 0 0 0 0 7 0 0 0 0 0 0 0 0 0 0 0 0 0 0 0 0 0 0 0 0 0 0 0 0 0 0 0 0 0 0 0 
0 0 0 0 0 0 0 0 0 0 0 0 0 0 0 0 0 0 0 0 0 0 0 0 0 0 0 0 0 0 0 0 0 0 0 0 0 0 0 0 0 0 0 0 0 0 0 0 0 0 0 0 0 0 0 0 0 0 0 0 0 0 0 0 0 0 0 0 0 0 0 0 97 8 1 0 0 0 0 0 0 0 0 0 0 0 0 0 0 0 0 0 0 0 0 0 0 0 0 0 
0 0 0 0 0 0 0 0 0 0 0 0 0 0 0 0 0 0 0 0 0 0 0 0 0 0 0 0 0 0 0 0 0 0 0 0 0 0 0 0 0 0 0 0 0 0 0 0 0 0 0 0 0 0 0 0 0 0 0 0 0 0 0 0 0 0 0 0 0 0 0 0 100 100 99 0 100 46 0 0 0 0 0 0 0 0 0 0 0 0 0 0 0 0 0 0 0 0 0 0 
0 0 0 0 0 0 0 0 0 0 0 0 0 0 0 0 0 0 0 0 0 0 0 0 0 0 0 0 0 0 0 0 0 0 0 0 0 0 0 0 0 0 0 0 0 0 0 0 0 0 0 0 0 0 0 0 0 0 0 0 0 0 0 0 0 0 0 0 0 0 97 100 0 3 0 0 0 0 0 0 0 0 0 0 0 0 0 0 0 0 0 0 0 0 0 0 0 0 0 0 
0 0 0 0 0 0 0 0 0 0 0 0 0 0 0 0 0 0 0 0 0 0 0 0 0 0 0 0 0 0 0 0 0 0 0 0 0 0 0 0 0 0 0 0 0 0 0 0 0 0 0 0 0 0 0 0 0 0 0 0 0 0 0 0 0 0 0 0 0 0 8 100 3 0 1 0 0 0 0 0 0 0 0 0 0 0 0 0 0 0 0 0 0 0 0 0 0 0 0 0 
0 0 0 0 0 0 0 0 0 0 0 0 0 0 0 0 0 0 0 0 0 0 0 0 0 0 0 0 0 0 0 0 0 0 0 0 0 0 0 0 0 0 0 0 0 0 0 0 0 0 0 0 0 0 0 0 0 0 0 0 0 0 0 0 0 0 0 0 0 0 1 99 0 1 0 0 6 0 0 0 0 0 0 0 0 0 0 0 0 0 0 0 0 0 0 0 0 0 0 0 
0 0 0 0 0 0 0 0 0 0 0 0 0 0 0 0 0 0 0 0 0 0 0 0 0 0 0 0 0 0 0 0 0 0 0 0 0 0 0 0 0 0 0 0 0 0 0 0 0 0 0 0 0 0 0 0 0 0 0 0 0 0 0 0 0 0 0 0 0 0 0 0 0 0 0 0 100 99 0 0 0 0 0 0 0 0 0 0 0 0 0 0 0 0 0 0 0 0 0 0 
0 0 0 0 0 0 0 0 0 0 0 0 0 0 0 0 0 0 0 0 0 0 0 0 0 0 0 0 0 0 0 0 0 0 0 0 0 0 0 0 0 0 0 0 0 0 0 0 0 0 0 0 0 0 0 0 0 0 0 0 0 0 0 0 0 0 0 0 0 0 0 100 0 0 6 100 0 0 0 0 0 0 0 0 0 0 0 0 0 0 0 0 0 0 0 0 0 0 0 0 
0 0 0 0 0 0 0 0 0 0 0 0 0 0 0 0 0 0 0 0 0 0 0 0 0 0 0 0 0 0 0 0 0 0 0 0 0 0 0 0 0 0 0 0 0 0 0 0 0 0 0 0 0 0 0 0 0 0 0 0 0 0 0 0 0 0 0 0 0 0 0 46 0 0 0 99 0 0 0 0 0 0 0 0 0 0 0 0 0 0 0 0 0 0 0 0 0 0 0 0 
0 0 0 0 0 0 0 0 0 0 0 0 0 0 0 0 0 0 0 0 0 0 0 0 0 0 0 0 0 0 0 0 0 0 0 0 0 0 0 0 0 0 0 0 0 0 0 0 0 0 0 0 0 0 0 0 0 0 0 0 0 0 0 0 0 0 0 0 0 0 0 0 0 0 0 0 0 0 0 100 6 0 0 0 0 0 0 0 0 0 0 0 0 0 0 0 0 0 0 0 
0 0 0 0 0 0 0 0 0 0 0 0 0 0 0 0 0 0 0 0 0 0 0 0 0 0 0 0 0 0 0 0 0 0 0 0 0 0 0 0 0 0 0 0 0 0 0 0 0 0 0 0 0 0 0 0 0 0 0 0 0 0 0 0 0 0 0 0 0 0 0 0 0 0 0 0 0 0 100 0 0 0 0 0 0 0 0 0 0 0 0 0 0 0 0 0 0 0 0 0 
0 0 0 0 0 0 0 0 0 0 0 0 0 0 0 0 0 0 0 0 0 0 0 0 0 0 0 0 0 0 0 0 0 0 0 0 0 0 0 0 0 0 0 0 0 0 0 0 0 0 0 0 0 0 0 0 0 0 0 0 0 0 0 0 0 0 0 0 0 0 0 0 0 0 0 0 0 0 6 0 0 0 0 0 0 0 0 0 0 0 0 0 0 0 0 0 0 0 0 0 
0 0 0 0 0 0 0 0 0 0 0 0 0 0 0 0 0 0 0 0 0 0 0 0 0 0 0 0 0 0 0 0 0 0 0 0 0 0 0 0 0 0 0 0 0 0 0 0 0 0 0 0 0 0 0 0 0 0 0 0 0 0 0 0 0 0 0 0 0 0 0 0 0 0 0 0 0 0 0 0 0 0 0 0 0 0 0 0 0 0 0 0 0 0 0 0 0 0 0 0 
0 0 0 0 0 0 0 0 0 0 0 0 0 0 0 0 0 0 0 0 0 0 0 0 0 0 0 0 0 0 0 0 0 0 0 0 0 0 0 0 0 0 0 0 0 0 0 0 0 0 0 0 0 0 0 0 0 0 0 0 0 0 0 0 0 0 0 0 0 0 0 0 0 0 0 0 0 0 0 0 0 0 0 99 3 97 0 0 0 0 0 0 0 0 0 0 0 0 0 0 
0 0 0 0 0 0 0 0 0 0 0 0 0 0 0 0 0 0 0 0 0 0 0 0 0 0 0 0 0 0 0 0 0 0 0 0 0 0 0 0 0 0 0 0 0 0 0 0 0 0 0 0 0 0 0 0 0 0 0 0 0 0 0 0 0 0 0 0 0 0 0 0 0 0 0 0 0 0 0 0 0 0 99 0 0 0 0 0 0 0 0 0 0 0 0 0 0 0 0 0 
0 0 0 0 0 0 0 0 0 0 0 0 0 0 0 0 0 0 0 0 0 0 0 0 0 0 0 0 0 0 0 0 0 0 0 0 0 0 0 0 0 0 0 0 0 0 0 0 0 0 0 0 0 0 0 0 0 0 0 0 0 0 0 0 0 0 0 0 0 0 0 0 0 0 0 0 0 0 0 0 0 0 3 0 0 99 0 0 0 0 0 0 0 0 0 0 0 0 0 0 
0 0 0 0 0 0 0 0 0 0 0 0 0 0 0 0 0 0 0 0 0 0 0 0 0 0 0 0 0 0 0 0 0 0 0 0 0 0 0 0 0 0 0 0 0 0 0 0 0 0 0 0 0 0 0 0 0 0 0 0 0 0 0 0 0 0 0 0 0 0 0 0 0 0 0 0 0 0 0 0 0 0 97 0 99 0 0 0 0 0 0 0 0 0 0 0 0 0 0 0 
0 0 0 0 0 0 0 0 0 0 0 0 0 0 0 0 0 0 0 0 0 0 0 0 0 0 0 0 0 0 0 0 0 0 0 0 0 0 0 0 0 0 0 0 0 0 0 0 0 0 0 0 0 0 0 0 0 0 0 0 0 0 0 0 0 0 0 0 0 0 0 0 0 0 0 0 0 0 0 0 0 0 0 0 0 0 0 3 0 0 0 0 0 0 0 0 0 0 0 0 
0 0 0 0 0 0 0 0 0 0 0 0 0 0 0 0 0 0 0 0 0 0 0 0 0 0 0 0 0 0 0 0 0 0 0 0 0 0 0 0 0 0 0 0 0 0 0 0 0 0 0 0 0 0 0 0 0 0 0 0 0 0 0 0 0 0 0 0 0 0 0 0 0 0 0 0 0 0 0 0 0 0 0 0 0 0 3 0 0 0 0 0 0 0 0 0 0 0 0 0 
0 0 0 0 0 0 0 0 0 0 0 0 0 0 0 0 0 0 0 0 0 0 0 0 0 0 0 0 0 0 0 0 0 0 0 0 0 0 0 0 0 0 0 0 0 0 0 0 0 0 0 0 0 0 0 0 0 0 0 0 0 0 0 0 0 0 0 0 0 0 0 0 0 0 0 0 0 0 0 0 0 0 0 0 0 0 0 0 0 0 97 0 0 0 0 0 0 0 0 0 
0 0 0 0 0 0 0 0 0 0 0 0 0 0 0 0 0 0 0 0 0 0 0 0 0 0 0 0 0 0 0 0 0 0 0 0 0 0 0 0 0 0 0 0 0 0 0 0 0 0 0 0 0 0 0 0 0 0 0 0 0 0 0 0 0 0 0 0 0 0 0 0 0 0 0 0 0 0 0 0 0 0 0 0 0 0 0 0 0 0 100 0 0 0 0 0 0 0 0 0 
0 0 0 0 0 0 0 0 0 0 0 0 0 0 0 0 0 0 0 0 0 0 0 0 0 0 0 0 0 0 0 0 0 0 0 0 0 0 0 0 0 0 0 0 0 0 0 0 0 0 0 0 0 0 0 0 0 0 0 0 0 0 0 0 0 0 0 0 0 0 0 0 0 0 0 0 0 0 0 0 0 0 0 0 0 0 0 0 97 100 0 0 0 0 0 0 0 0 0 0 
0 0 0 0 0 0 0 0 0 0 0 0 0 0 0 0 0 0 0 0 0 0 0 0 0 0 0 0 0 0 0 0 0 0 0 0 0 0 0 0 0 0 0 0 0 0 0 0 0 0 0 0 0 0 0 0 0 0 0 0 0 0 0 0 0 0 0 0 0 0 0 0 0 0 0 0 0 0 0 0 0 0 0 0 0 0 0 0 0 0 0 0 0 100 1 0 0 0 0 0 
0 0 0 0 0 0 0 0 0 0 0 0 0 0 0 0 0 0 0 0 0 0 0 0 0 0 0 0 0 0 0 0 0 0 0 0 0 0 0 0 0 0 0 0 0 0 0 0 0 0 0 0 0 0 0 0 0 0 0 0 0 0 0 0 0 0 0 0 0 0 0 0 0 0 0 0 0 0 0 0 0 0 0 0 0 0 0 0 0 0 0 0 0 100 100 97 0 0 0 0 
0 0 0 0 0 0 0 0 0 0 0 0 0 0 0 0 0 0 0 0 0 0 0 0 0 0 0 0 0 0 0 0 0 0 0 0 0 0 0 0 0 0 0 0 0 0 0 0 0 0 0 0 0 0 0 0 0 0 0 0 0 0 0 0 0 0 0 0 0 0 0 0 0 0 0 0 0 0 0 0 0 0 0 0 0 0 0 0 0 0 0 100 100 0 0 0 0 0 0 0 
0 0 0 0 0 0 0 0 0 0 0 0 0 0 0 0 0 0 0 0 0 0 0 0 0 0 0 0 0 0 0 0 0 0 0 0 0 0 0 0 0 0 0 0 0 0 0 0 0 0 0 0 0 0 0 0 0 0 0 0 0 0 0 0 0 0 0 0 0 0 0 0 0 0 0 0 0 0 0 0 0 0 0 0 0 0 0 0 0 0 0 1 100 0 0 0 0 0 0 0 
0 0 0 0 0 0 0 0 0 0 0 0 0 0 0 0 0 0 0 0 0 0 0 0 0 0 0 0 0 0 0 0 0 0 0 0 0 0 0 0 0 0 0 0 0 0 0 0 0 0 0 0 0 0 0 0 0 0 0 0 0 0 0 0 0 0 0 0 0 0 0 0 0 0 0 0 0 0 0 0 0 0 0 0 0 0 0 0 0 0 0 0 97 0 0 0 0 0 0 0 
0 0 0 0 0 0 0 0 0 0 0 0 0 0 0 0 0 0 0 0 0 0 0 0 0 0 0 0 0 0 0 0 0 0 0 0 0 0 0 0 0 0 0 0 0 0 0 0 0 0 0 0 0 0 0 0 0 0 0 0 0 0 0 0 0 0 0 0 0 0 0 0 0 0 0 0 0 0 0 0 0 0 0 0 0 0 0 0 0 0 0 0 0 0 0 0 0 100 0 0 
0 0 0 0 0 0 0 0 0 0 0 0 0 0 0 0 0 0 0 0 0 0 0 0 0 0 0 0 0 0 0 0 0 0 0 0 0 0 0 0 0 0 0 0 0 0 0 0 0 0 0 0 0 0 0 0 0 0 0 0 0 0 0 0 0 0 0 0 0 0 0 0 0 0 0 0 0 0 0 0 0 0 0 0 0 0 0 0 0 0 0 0 0 0 0 0 100 0 0 0 
0 0 0 0 0 0 0 0 0 0 0 0 0 0 0 0 0 0 0 0 0 0 0 0 0 0 0 0 0 0 0 0 0 0 0 0 0 0 0 0 0 0 0 0 0 0 0 0 0 0 0 0 0 0 0 0 0 0 0 0 0 0 0 0 0 0 0 0 0 0 0 0 0 0 0 0 0 0 0 0 0 0 0 0 0 0 0 0 0 0 0 0 0 0 0 0 0 0 0 100 
0 0 0 0 0 0 0 0 0 0 0 0 0 0 0 0 0 0 0 0 0 0 0 0 0 0 0 0 0 0 0 0 0 0 0 0 0 0 0 0 0 0 0 0 0 0 0 0 0 0 0 0 0 0 0 0 0 0 0 0 0 0 0 0 0 0 0 0 0 0 0 0 0 0 0 0 0 0 0 0 0 0 0 0 0 0 0 0 0 0 0 0 0 0 0 0 0 0 100 0 

Rho histogram: 
0 0 0 0 0 0 0 0 0 0 0 0 0 0 0 0 0 0 0 100 

Summary:
objF nSamp nIter rhoMean rhoStDev rProp hitsProp rankHitsProp
Gar75 100 100 0.9989494149414945 6.383387817578994e-05 0 0 0.3666

Time:  43m43.451340015s
=======================================================
