=======================================================
Objective function:  Ham
Matrix:  I100.csv
Iterations:  100
Heuristic for search:  RobSA3
Improvement function # 0
Window width for improvement:  0
Heuristic for improvement:  RobSA3
Seed:  33
=======================================================

Best permutations: 
54 50 49 44 46 43 42 39 32 29 28 26 25 24 22 23 20 18 19 21 17 15 11 12 7 4 5 9 10 13 16 14 8 6 3 2 1 0 27 30 31 36 37 38 35 33 34 40 41 45 48 47 51 53 55 52 56 57 60 62 66 63 67 65 64 61 59 58 69 68 70 71 75 76 73 72 74 78 77 80 79 81 83 82 84 85 86 87 89 91 95 93 94 88 90 92 96 98 97 99 
0 1 2 3 4 5 6 7 9 8 11 12 10 13 14 16 15 17 19 23 22 21 18 20 24 25 27 30 31 32 33 26 28 29 36 37 39 35 34 38 40 46 50 54 56 55 49 44 42 41 43 45 48 47 51 53 52 57 59 58 60 62 65 64 61 67 63 66 68 69 72 73 76 75 71 70 74 78 80 77 79 81 83 82 84 87 86 85 88 90 89 91 95 93 94 92 96 98 97 99 
0 1 2 3 4 8 11 12 16 14 13 10 9 5 6 7 15 17 21 22 19 18 20 23 25 24 27 30 32 31 34 38 41 42 44 45 48 49 51 47 46 37 36 33 29 28 26 35 39 40 43 50 54 58 59 56 53 52 55 57 60 62 66 64 61 68 69 72 67 63 65 70 76 73 77 80 78 75 71 74 81 79 82 83 84 85 86 87 88 90 89 91 95 93 94 92 96 98 97 99 
71 74 75 76 69 66 64 61 59 56 54 50 52 57 55 48 47 46 43 41 40 35 33 36 37 39 38 34 31 32 30 27 18 20 19 17 15 14 16 11 8 5 4 1 0 2 3 6 7 9 10 13 12 21 22 23 25 24 26 29 28 42 44 45 49 51 53 58 60 62 65 63 67 68 70 72 73 77 78 80 79 81 83 82 84 85 86 87 88 91 89 90 92 96 98 94 93 95 97 99 
49 50 42 28 29 26 23 19 22 24 21 20 18 14 9 10 13 17 15 16 12 11 8 7 3 2 0 1 4 5 6 27 25 30 31 32 35 33 34 36 37 39 38 40 41 43 47 46 44 45 48 53 51 54 52 55 57 56 58 60 59 61 66 68 71 74 69 62 65 64 63 67 70 72 75 80 83 82 79 77 73 76 78 81 84 85 87 86 88 90 89 91 95 96 98 99 97 93 94 92 
88 91 89 87 86 85 82 78 75 74 70 68 67 66 62 65 64 61 59 60 55 52 50 48 44 42 39 41 40 38 33 31 32 26 23 19 20 18 17 14 16 12 11 8 5 4 1 0 2 3 6 7 9 10 13 15 21 22 24 25 27 30 29 28 35 34 36 37 43 45 51 58 57 54 49 46 47 53 56 63 69 71 72 73 77 80 76 79 81 83 84 90 92 94 93 95 97 99 98 96 
56 53 48 46 41 40 38 28 29 26 23 19 17 13 12 10 9 4 1 0 2 3 5 6 7 8 11 16 15 14 18 20 21 22 24 25 27 30 33 35 32 31 34 36 37 39 42 44 45 43 47 49 51 54 50 52 55 57 58 59 61 64 65 62 66 60 63 67 70 71 74 78 75 72 68 69 73 76 77 80 79 81 83 86 87 88 85 82 84 90 89 91 95 93 94 92 96 98 97 99 
44 45 41 42 39 35 32 29 26 25 24 22 20 18 21 17 15 16 12 10 9 7 2 0 1 3 4 5 6 8 11 13 14 19 23 28 27 30 31 34 33 36 37 38 40 43 46 47 48 49 51 53 54 50 52 55 57 56 59 61 58 60 62 63 67 64 65 66 69 68 70 76 73 72 74 71 75 78 81 79 77 80 83 82 84 85 86 87 88 91 89 90 92 94 93 95 97 99 98 96 
54 50 48 45 44 42 41 39 37 36 33 34 31 30 27 24 22 14 13 10 9 7 3 2 0 1 4 5 6 8 11 12 16 15 17 21 20 18 19 23 25 26 29 28 32 35 38 40 43 46 47 51 49 55 52 53 56 57 59 58 60 62 66 65 64 61 63 67 69 68 70 71 75 78 79 83 81 74 72 73 76 77 80 82 85 84 87 86 88 90 89 91 95 93 94 92 96 98 97 99 
55 52 53 51 47 43 45 44 42 39 35 28 32 31 30 27 23 22 18 20 16 15 17 11 12 7 6 4 1 0 2 3 5 8 9 10 13 14 19 21 24 25 26 29 33 34 36 37 38 40 41 46 48 49 50 54 56 57 58 60 59 61 64 65 62 66 63 68 69 67 70 72 74 71 76 73 75 78 77 80 79 81 83 82 84 85 86 87 88 90 89 91 95 96 98 99 97 93 94 92 
44 45 43 41 37 36 35 33 34 31 32 26 17 15 13 12 11 7 6 5 4 1 0 2 3 8 9 10 21 22 19 18 14 16 20 23 25 24 27 30 29 28 38 40 39 42 46 48 47 51 49 50 54 53 52 55 57 56 58 60 59 61 64 65 62 63 69 72 73 74 71 68 66 67 70 76 75 78 80 77 79 81 83 82 84 90 89 85 86 87 88 91 95 96 98 99 97 93 94 92 
44 45 41 36 32 26 24 22 21 20 17 15 11 12 9 3 2 0 1 4 5 6 8 7 10 13 16 14 18 19 23 25 27 28 29 30 31 34 33 35 38 37 39 42 43 40 46 47 48 49 55 52 50 54 53 51 60 58 57 56 59 61 64 65 74 72 73 69 68 66 62 63 67 70 71 75 76 79 77 80 78 81 83 82 85 84 87 86 88 94 93 95 91 89 90 92 96 98 97 99 
0 1 2 3 4 5 6 8 11 12 15 16 21 22 19 14 13 7 9 10 17 18 20 23 28 30 29 26 27 24 25 33 36 37 38 48 53 47 46 44 39 34 31 32 35 40 43 41 42 45 51 49 50 52 55 57 58 60 63 69 68 71 74 77 79 80 83 82 85 84 87 86 88 89 91 93 94 97 99 98 96 95 92 90 81 78 75 76 73 72 70 67 66 62 65 64 61 59 56 54 
19 20 18 14 16 13 10 9 8 5 4 1 0 2 3 6 7 12 11 15 17 21 22 23 25 24 26 28 29 33 36 37 34 31 32 27 30 35 39 38 40 41 42 43 45 47 51 53 48 46 44 49 50 54 52 55 58 60 62 66 63 56 57 59 61 64 65 67 69 68 70 71 77 80 79 74 72 73 76 75 78 81 83 82 84 85 86 87 90 89 91 88 95 93 94 92 96 98 97 99 
0 1 2 3 4 5 6 8 7 9 10 13 14 18 20 23 19 21 16 12 11 15 17 22 24 26 25 27 30 31 32 28 29 33 35 34 36 37 38 39 42 44 46 43 40 41 45 48 49 57 51 47 53 55 52 50 54 56 58 60 62 66 67 65 64 61 59 63 68 69 71 75 76 73 70 72 74 78 80 77 79 81 83 82 85 84 87 86 88 90 89 91 95 93 94 92 96 98 97 99 
82 79 80 78 75 71 65 63 60 58 50 49 48 47 43 41 40 37 31 30 25 24 23 22 20 18 19 17 15 16 14 13 10 7 8 6 3 2 0 1 4 5 9 11 12 21 27 26 32 28 29 33 34 36 35 38 39 42 46 44 45 51 53 55 52 54 56 57 59 62 66 64 61 67 69 68 70 74 72 73 76 77 81 83 84 85 86 87 88 90 89 91 95 93 94 92 96 98 97 99 
49 55 52 50 47 42 39 38 35 30 27 24 22 21 20 18 14 7 3 2 0 1 4 5 6 8 9 10 13 11 12 16 15 17 19 23 25 26 28 29 32 31 34 33 36 37 41 40 43 45 44 46 48 54 53 51 60 63 67 69 66 62 58 57 56 59 61 64 65 68 70 75 76 73 72 74 71 78 77 79 80 81 83 82 85 84 87 86 88 90 89 91 95 93 94 92 96 98 97 99 
49 48 45 44 46 40 38 29 26 25 21 20 18 17 15 16 12 10 7 6 5 3 2 0 1 4 8 9 11 13 14 19 22 23 24 27 28 32 31 30 33 35 34 36 37 39 42 41 43 47 51 53 54 50 52 55 57 56 59 61 64 65 60 58 62 66 67 63 68 69 70 76 73 77 80 79 82 84 78 75 72 74 71 81 83 85 88 93 94 92 90 86 87 89 91 95 97 99 98 96 
0 1 2 3 4 5 6 8 11 12 9 7 10 13 16 20 21 25 26 32 31 30 33 38 43 47 50 54 53 58 60 63 65 64 59 55 52 49 48 46 44 41 40 35 36 34 27 24 22 19 17 15 14 18 23 28 29 37 39 42 45 51 56 57 61 67 73 75 77 80 81 78 71 74 72 70 68 66 62 69 76 79 82 83 84 85 88 90 87 86 89 91 95 96 98 99 97 93 94 92 
0 1 2 3 4 5 6 8 7 9 10 12 11 13 14 16 15 17 19 18 20 21 22 23 25 24 29 33 35 30 27 28 26 32 31 34 36 37 47 53 50 49 45 44 42 41 39 38 40 43 46 48 51 55 52 54 56 60 58 57 59 63 66 62 65 64 61 67 70 69 68 74 72 73 76 71 75 78 80 79 77 81 83 82 85 89 91 88 86 87 84 90 92 94 93 95 96 98 97 99 
54 50 49 51 47 46 43 41 40 38 35 26 28 30 27 22 12 11 15 17 19 21 16 13 10 9 7 6 5 4 1 0 2 3 8 14 18 20 23 25 24 29 32 31 34 33 36 37 39 42 44 45 48 53 52 55 57 56 59 58 60 62 69 72 73 76 75 70 67 63 66 65 64 61 68 71 74 78 80 77 79 81 83 82 84 85 86 87 88 90 89 91 95 93 94 92 96 98 97 99 
0 1 2 3 4 5 6 8 11 12 7 9 10 13 16 15 17 19 20 18 14 21 22 24 26 28 29 33 37 39 40 46 44 45 47 48 49 51 53 56 54 50 43 41 38 36 34 31 30 27 23 25 32 35 42 52 55 57 58 60 62 66 65 64 61 59 63 67 70 76 78 75 71 68 69 74 72 73 77 80 79 81 83 82 85 84 87 86 88 91 89 90 92 94 93 95 97 99 98 96 
54 56 57 53 55 52 50 49 48 47 43 41 40 39 26 29 28 27 23 22 21 20 15 11 13 10 8 6 2 1 0 3 4 5 7 9 12 16 14 18 17 19 24 25 30 33 38 35 32 31 34 36 37 42 46 44 45 51 60 58 59 61 63 65 71 74 69 68 66 62 64 67 70 72 75 76 73 77 80 78 81 79 82 83 84 85 86 87 88 89 90 92 94 93 95 91 99 97 98 96 
19 14 13 12 11 8 6 5 4 1 0 2 3 7 9 10 16 15 17 18 20 21 22 23 25 24 27 30 33 29 28 26 32 31 34 36 35 46 48 47 43 40 38 37 39 42 41 45 44 49 50 54 51 60 62 65 64 61 59 58 57 56 53 55 52 63 69 67 66 68 70 72 74 71 78 75 73 76 79 77 80 81 83 82 84 85 86 87 88 90 89 91 95 93 94 92 96 98 97 99 
27 25 23 19 18 14 17 15 16 13 12 6 2 5 4 0 1 3 7 9 10 8 11 20 21 22 24 26 32 31 30 28 29 34 38 39 35 33 36 37 42 44 45 43 41 40 46 48 47 51 49 50 54 53 52 55 57 56 59 58 60 62 61 64 65 66 63 67 69 68 70 71 78 81 80 77 73 72 74 75 76 79 82 83 84 85 86 87 88 90 89 91 95 93 94 92 96 98 97 99 
99 97 93 94 92 90 89 87 78 77 75 73 72 74 71 69 62 60 58 57 55 52 53 51 47 46 48 45 43 41 40 38 36 29 26 28 30 27 25 20 17 15 11 9 8 5 3 2 0 1 4 6 7 10 12 13 14 19 22 24 21 16 18 23 32 31 34 33 35 37 39 42 44 49 50 54 56 59 61 64 65 66 63 67 68 70 76 80 79 82 84 81 83 85 86 88 91 95 96 98 
44 46 47 43 40 35 33 30 25 23 24 21 17 13 10 7 6 3 2 0 1 4 5 8 9 12 11 15 16 14 18 20 19 22 27 28 29 26 32 31 34 36 37 38 39 42 41 45 48 49 51 53 55 52 50 54 56 57 59 61 65 64 66 62 60 58 63 67 70 76 73 72 74 69 68 71 75 78 80 77 79 81 83 82 85 84 87 86 88 90 89 91 95 93 94 92 96 98 97 99 
49 48 40 38 35 33 30 31 32 26 27 25 23 20 17 15 16 14 11 10 9 7 8 6 5 4 1 0 2 3 12 13 18 19 22 21 24 29 28 34 36 37 39 41 42 44 45 51 56 57 55 52 53 47 43 46 50 54 59 58 60 62 66 64 65 61 63 67 74 72 73 76 69 68 70 71 75 78 80 77 79 81 83 82 85 84 86 87 90 89 91 88 95 93 94 92 96 98 97 99 
54 50 47 43 40 41 42 39 38 34 31 27 24 21 20 18 17 15 16 13 9 10 12 11 8 5 4 1 0 2 3 6 7 14 19 22 23 25 26 29 28 30 32 37 36 33 35 45 44 46 48 49 51 53 55 52 56 57 59 58 60 62 66 71 70 67 63 65 64 61 68 69 73 76 79 78 75 72 74 77 80 81 83 82 84 85 86 88 87 90 89 91 95 93 97 99 98 96 94 92 
49 50 48 45 44 39 33 34 36 37 40 38 28 27 24 22 21 20 18 17 15 13 7 4 1 0 2 3 5 6 8 9 10 12 11 16 14 19 23 25 26 29 32 31 30 35 41 42 43 46 47 51 53 52 55 62 66 68 69 72 70 67 63 61 59 56 54 57 58 60 65 64 74 71 77 73 76 75 78 80 79 81 83 82 85 84 87 86 88 91 89 90 92 94 93 95 97 99 98 96 
54 50 49 45 43 40 38 34 29 28 35 37 36 33 30 27 21 14 13 11 12 8 9 7 4 1 0 2 3 5 6 10 16 15 17 18 20 19 22 23 24 25 26 32 31 39 41 42 44 46 48 47 51 53 52 55 57 58 61 59 56 60 62 66 64 65 63 67 81 80 78 75 71 69 68 70 74 72 73 76 77 79 82 83 84 85 86 87 88 95 93 94 92 90 89 91 99 97 98 96 
55 52 53 48 45 44 46 43 41 40 25 24 21 18 16 11 13 6 5 4 1 0 2 3 8 7 9 10 12 15 17 14 20 19 22 23 27 26 29 28 30 31 32 35 38 34 33 36 37 39 42 47 51 49 50 54 56 57 59 58 60 62 66 69 65 64 61 63 67 68 70 72 74 71 73 76 75 77 79 80 78 81 83 82 84 85 86 87 88 91 89 90 92 96 98 94 93 95 97 99 
54 50 49 48 46 44 45 42 41 40 39 32 31 30 28 29 26 21 18 14 13 8 6 7 9 10 16 11 12 5 2 0 1 3 4 15 17 20 19 22 23 25 24 27 34 33 35 36 37 38 43 47 51 53 55 52 56 57 58 60 59 61 64 65 66 62 63 67 69 68 70 71 74 72 73 76 75 78 80 77 79 81 83 82 84 85 86 87 88 90 89 91 95 96 98 99 97 93 94 92 
19 20 18 14 12 11 8 6 5 4 1 0 2 3 7 9 10 13 16 15 17 21 22 23 25 24 26 29 28 27 30 31 32 35 33 34 36 37 39 38 40 43 41 42 45 48 50 54 56 52 53 51 47 46 44 49 55 57 59 58 60 62 65 64 61 63 66 71 74 72 68 69 67 70 76 73 75 78 80 77 79 81 83 82 84 85 86 87 88 90 89 91 98 99 97 95 93 94 92 96 
0 1 2 3 4 5 6 8 11 12 7 9 10 13 16 15 17 19 14 18 20 21 22 23 25 24 27 28 29 26 32 31 30 35 33 34 36 37 39 38 40 41 42 43 47 48 45 44 46 49 50 54 51 53 55 52 56 57 60 62 66 63 61 64 65 58 59 67 69 68 70 72 73 76 75 78 80 81 84 87 89 91 95 93 94 97 99 98 96 92 90 88 86 85 82 83 79 77 74 71 
54 50 49 48 46 40 38 33 30 27 19 14 13 11 8 3 2 0 1 4 5 6 7 9 10 12 16 15 17 18 20 21 22 23 25 24 26 28 29 34 31 32 35 36 37 39 41 43 42 44 45 47 51 53 52 55 57 56 59 58 60 63 67 70 75 76 73 72 74 71 69 68 66 62 61 64 65 77 79 80 78 81 83 82 84 85 86 87 88 91 89 90 92 94 93 95 97 99 98 96 
0 1 2 3 4 5 6 8 11 12 7 9 10 13 14 16 15 17 18 20 19 21 22 23 24 26 29 28 32 31 34 27 25 30 33 36 35 38 40 41 37 39 42 43 47 46 44 45 49 48 53 51 57 56 54 50 52 55 59 61 63 67 70 74 71 78 75 76 73 72 69 68 66 64 65 62 60 58 82 81 79 77 80 83 84 85 86 87 88 90 89 91 95 93 94 92 96 98 97 99 
82 79 78 73 72 68 67 63 61 65 62 58 60 51 53 48 44 42 41 39 37 36 35 34 31 29 28 30 27 25 20 16 10 12 11 15 17 18 14 7 3 2 0 1 4 5 6 8 9 13 21 22 19 23 24 26 32 33 38 40 43 46 47 45 49 55 52 50 54 56 57 59 64 66 69 70 74 71 75 76 77 80 81 83 84 85 86 88 87 90 89 91 95 93 94 92 96 98 97 99 
54 50 51 53 47 42 39 33 30 27 22 21 10 9 7 3 1 0 2 4 5 6 8 13 11 12 16 14 15 17 19 18 20 23 25 24 26 29 28 32 31 34 35 36 37 38 40 41 43 45 44 46 48 49 52 55 57 56 59 61 58 60 62 66 64 65 63 67 69 68 70 74 72 73 76 79 81 78 75 71 77 80 83 82 85 84 87 86 88 90 89 91 95 93 94 92 96 98 97 99 
49 51 57 54 50 46 41 40 38 39 32 31 27 23 19 15 13 10 5 4 3 1 0 2 6 7 9 8 11 12 16 14 17 18 20 21 22 24 25 26 29 28 30 33 35 34 36 37 42 44 45 43 47 48 53 55 52 56 59 58 60 62 66 69 65 64 61 63 67 68 70 71 74 81 85 82 80 78 75 72 73 76 77 79 83 84 87 86 88 91 89 90 92 94 93 95 96 98 97 99 
54 56 53 52 55 49 48 47 43 45 44 42 39 37 36 33 34 31 32 29 28 30 27 19 18 20 23 24 17 15 13 11 12 8 9 7 2 0 1 3 4 5 6 10 16 14 21 22 25 26 35 38 40 41 46 50 51 57 59 58 60 62 61 64 65 66 63 67 69 68 70 72 74 71 75 78 81 84 85 86 83 82 79 77 73 76 80 87 88 91 89 90 92 94 93 95 97 99 98 96 
55 52 53 51 49 50 46 44 45 42 39 40 38 34 31 32 36 37 35 33 30 27 25 24 21 17 15 11 8 9 7 3 2 0 1 4 5 6 10 12 13 16 14 18 20 19 22 23 26 28 29 41 43 47 48 54 56 57 59 58 60 62 66 65 64 61 63 68 69 67 70 74 71 75 72 73 76 77 80 78 81 79 83 82 85 84 90 92 94 93 95 91 89 87 86 88 96 98 97 99 
44 45 43 41 40 35 28 29 26 25 24 22 21 17 15 13 10 6 3 2 0 1 4 5 8 9 7 12 11 16 14 18 19 20 23 27 30 32 31 34 33 36 37 38 39 42 46 47 48 49 50 54 51 53 55 52 56 57 59 58 60 61 62 65 64 66 69 72 73 76 79 68 63 67 70 74 71 75 78 77 80 81 83 82 84 85 88 86 87 90 89 91 95 93 94 92 96 98 97 99 
82 79 77 71 74 67 63 61 64 65 60 58 56 52 53 51 54 50 48 47 45 34 36 35 32 31 30 27 24 21 20 18 17 14 13 12 11 8 7 5 4 1 0 2 3 6 9 10 16 15 22 26 33 28 23 19 25 29 37 39 38 40 41 42 43 46 44 49 55 57 59 62 66 68 69 70 72 73 76 75 78 80 81 83 84 85 86 87 88 90 89 91 95 93 94 92 96 98 97 99 
99 97 94 92 90 89 86 85 82 83 76 73 75 69 58 60 55 52 53 51 49 48 47 40 38 33 30 27 23 19 17 15 16 8 7 5 4 1 0 2 3 6 9 10 12 11 13 14 18 20 21 22 24 25 26 29 28 32 31 35 45 44 42 39 37 36 34 41 43 46 50 54 56 57 59 61 62 65 64 72 74 67 63 66 68 70 71 78 80 77 79 81 84 87 88 91 95 93 96 98 
49 45 44 42 41 40 39 37 36 35 33 26 32 25 23 22 20 18 14 16 15 13 12 11 8 6 5 4 1 0 2 3 7 9 10 17 19 21 24 27 29 28 30 31 34 38 43 46 47 48 50 54 51 53 55 52 56 57 59 63 67 70 71 75 76 79 77 78 74 69 65 64 61 58 60 62 66 68 72 73 80 83 86 87 88 91 89 84 81 82 85 90 92 94 93 95 96 98 97 99 
0 1 2 3 4 5 6 8 7 9 10 12 11 13 16 14 15 17 21 22 19 18 20 23 25 24 26 35 33 30 27 28 29 32 31 34 38 40 43 42 41 36 37 39 44 45 47 46 48 49 50 54 51 53 55 52 56 57 58 60 63 67 64 65 66 62 59 61 68 69 70 71 74 72 73 76 75 78 80 77 79 81 83 82 84 85 89 91 88 86 87 90 92 94 93 95 97 99 98 96 
44 45 43 40 38 39 37 36 35 33 29 28 27 24 25 23 20 18 14 16 11 12 10 9 8 7 3 2 0 1 4 5 6 13 15 17 19 21 22 26 32 30 31 34 41 42 46 47 48 53 51 49 55 52 50 54 56 57 59 58 60 62 66 71 74 72 68 61 64 65 63 67 69 70 76 73 75 78 77 79 80 81 83 82 84 85 86 87 88 91 89 90 92 94 93 95 97 99 98 96 
19 22 20 18 15 16 12 13 10 9 3 2 0 1 4 5 6 7 8 11 14 17 21 23 24 26 32 35 39 37 36 34 33 31 30 27 25 28 29 38 40 43 41 42 45 44 46 47 48 53 51 49 50 54 56 58 60 52 55 57 59 61 63 62 66 65 64 67 69 68 72 73 76 79 80 77 74 70 71 75 78 81 83 82 84 85 86 87 88 90 89 91 95 93 94 92 96 98 97 99 
0 1 2 3 4 5 6 7 9 8 11 12 10 13 16 14 19 22 24 21 17 15 18 20 23 25 30 27 28 29 26 32 31 34 33 35 36 37 38 40 46 44 45 41 39 42 43 47 48 49 50 54 56 58 60 59 57 55 52 53 51 63 67 70 73 72 68 66 62 61 64 65 69 71 74 77 79 76 75 78 80 81 83 82 84 85 86 87 88 90 89 91 95 93 94 97 99 98 96 92 
90 88 87 84 85 82 83 81 77 76 73 72 69 68 64 65 57 55 49 48 46 44 45 43 41 40 38 36 34 29 28 23 22 17 15 16 11 7 4 1 0 2 3 5 6 8 9 12 10 13 14 18 20 19 21 24 27 30 35 39 31 32 26 25 33 37 42 47 51 53 52 50 54 56 59 63 66 62 60 58 61 67 70 74 71 75 78 80 79 86 89 91 95 93 94 92 96 98 97 99 
49 51 53 57 59 55 52 43 38 37 36 41 40 44 45 47 46 42 35 33 34 31 32 30 25 26 28 27 19 16 12 11 13 10 9 6 5 4 3 1 0 2 7 8 14 15 17 18 20 21 22 23 24 29 39 48 50 54 56 58 71 77 80 83 81 79 76 75 73 72 69 67 65 64 61 63 60 62 66 68 70 74 78 82 84 85 88 86 87 90 89 91 95 96 92 94 93 97 99 98 
82 79 77 73 72 74 71 70 68 65 64 61 59 60 58 57 56 54 53 47 46 44 49 51 48 45 41 38 35 34 31 27 30 33 36 37 42 23 22 21 24 26 29 25 20 17 15 11 8 6 5 4 1 0 2 3 7 9 10 12 13 16 14 18 19 28 32 39 40 43 50 52 55 62 66 63 67 69 76 75 78 80 81 83 84 85 86 87 88 90 89 91 95 93 94 92 96 98 97 99 
44 45 47 43 41 42 39 32 26 29 28 30 35 38 37 36 34 31 27 24 21 19 20 18 14 16 13 8 6 5 4 3 1 0 2 7 10 9 11 12 15 17 22 23 25 33 40 46 50 52 55 53 51 49 48 54 56 57 59 61 64 65 71 74 72 70 67 63 58 60 62 66 68 69 73 76 75 78 77 80 81 79 82 83 84 85 86 87 88 90 89 91 98 99 97 95 93 94 92 96 
0 1 2 3 4 5 6 8 11 12 13 7 9 10 16 14 18 20 21 22 24 26 25 23 17 15 19 27 32 31 30 28 29 33 34 38 40 39 35 36 37 42 41 43 45 49 55 52 56 54 50 48 44 46 47 51 53 57 59 60 63 68 71 76 75 73 72 64 65 66 62 58 61 67 69 70 74 78 80 77 79 81 83 82 84 85 86 87 88 90 89 91 95 93 94 92 96 98 97 99 
51 52 54 50 49 44 39 32 31 36 37 35 30 27 26 28 25 24 23 19 17 21 20 18 14 10 9 8 6 3 2 0 1 4 5 7 12 11 13 16 15 22 29 33 34 38 40 43 41 42 45 47 46 48 53 55 57 56 59 70 74 71 75 78 80 77 79 76 73 72 68 69 67 63 61 64 65 66 62 60 58 81 83 82 84 85 86 87 88 90 89 91 95 93 94 92 96 98 97 99 
82 83 81 80 77 79 76 73 69 68 66 65 64 61 59 57 54 50 49 55 51 48 47 41 40 38 34 31 32 26 28 29 33 30 25 23 20 18 13 10 8 6 2 0 1 4 5 3 7 9 12 16 21 17 15 11 14 19 22 24 27 35 36 37 39 42 43 46 44 45 53 52 56 58 60 62 63 67 70 72 74 71 75 78 84 85 86 87 88 90 89 91 95 93 94 92 96 98 97 99 
0 1 2 3 4 5 6 7 9 8 11 12 16 10 13 14 15 17 20 19 18 21 22 24 25 23 27 30 28 35 36 37 42 46 43 41 34 29 26 32 31 33 39 38 40 45 44 49 51 47 48 50 54 59 61 64 65 63 60 56 53 55 52 57 58 62 66 67 68 69 76 75 78 79 82 81 80 73 72 70 71 74 77 83 84 87 86 85 89 90 88 91 99 97 92 94 93 95 96 98 
0 1 2 3 4 5 6 8 7 9 10 13 11 12 16 15 14 19 20 21 24 25 26 33 39 41 42 44 53 52 55 59 61 54 51 49 48 46 43 40 35 31 32 29 28 30 27 22 18 17 23 34 37 36 38 45 47 50 56 57 58 60 65 64 66 62 63 67 69 68 74 81 80 79 77 72 71 70 76 73 75 78 84 87 86 83 82 85 88 91 89 90 92 96 94 93 95 97 99 98 
51 53 55 52 50 49 48 47 43 41 40 39 38 37 36 35 34 31 32 26 29 28 33 30 27 25 24 23 20 18 14 13 6 5 4 1 0 2 3 8 7 9 11 12 10 16 15 17 19 21 22 42 45 44 46 54 56 57 58 62 60 59 61 64 66 65 63 67 69 68 70 76 79 77 73 72 74 71 75 78 80 81 83 82 84 85 86 87 88 90 89 91 95 93 94 92 96 98 97 99 
0 1 2 3 4 5 6 8 7 9 10 13 11 12 16 15 17 14 18 20 19 21 22 23 25 36 41 42 45 47 51 49 50 48 46 43 40 38 35 28 29 26 24 27 30 32 31 34 33 37 39 44 55 59 58 63 61 64 65 62 66 68 69 73 77 80 76 70 71 75 78 81 79 82 83 86 90 89 85 88 94 97 99 98 96 92 93 95 91 87 84 74 72 67 60 57 56 52 53 54 
0 1 2 3 4 5 6 8 7 9 10 17 15 16 12 11 13 14 18 19 20 21 22 23 25 30 33 35 39 42 45 44 46 43 40 38 37 36 29 28 27 24 26 32 31 34 41 47 48 49 51 53 55 52 50 54 56 57 59 58 60 62 66 68 70 71 65 64 61 63 67 69 74 72 73 77 80 78 75 76 79 81 83 82 85 84 87 86 88 90 89 91 95 93 94 92 96 98 97 99 
49 50 46 44 45 42 39 40 38 37 34 31 30 27 23 19 14 13 12 10 9 7 8 6 3 2 0 1 4 5 11 16 15 17 18 20 21 22 24 25 26 29 28 32 35 33 36 41 43 47 48 51 53 55 52 54 56 57 58 60 59 61 64 65 62 66 63 67 69 68 70 72 73 76 75 71 74 78 80 77 79 81 83 82 85 84 87 86 88 90 89 91 95 93 94 92 96 98 97 99 
0 1 2 3 4 5 6 7 9 8 14 16 13 10 12 11 15 21 22 17 18 20 23 19 24 42 50 43 40 38 34 31 32 26 29 35 39 37 36 33 30 27 25 28 41 45 44 46 49 51 47 48 53 55 52 54 56 57 59 61 64 65 66 63 68 70 75 76 73 72 74 78 80 81 83 84 86 85 89 91 98 99 97 96 95 93 94 92 90 88 87 82 79 77 71 69 67 62 60 58 
44 46 43 41 40 39 31 32 27 24 21 20 18 17 15 16 12 11 13 10 6 4 1 0 2 3 5 8 7 9 14 19 22 23 25 26 29 28 30 33 35 34 36 37 38 42 45 47 48 49 50 54 56 52 55 53 51 57 58 60 59 61 63 66 62 65 64 67 72 73 76 75 70 68 69 71 74 78 81 79 77 80 82 85 88 87 86 83 84 90 89 91 95 93 94 92 96 98 97 99 
54 56 58 62 66 63 68 70 71 74 72 73 75 76 67 61 59 57 51 49 48 46 44 45 43 41 42 39 38 33 25 22 19 14 2 0 1 4 3 6 12 15 17 24 32 31 34 36 37 35 30 27 29 26 21 16 11 8 5 7 9 10 13 18 20 23 28 40 47 50 52 53 55 60 64 65 69 78 83 80 77 79 81 82 84 85 86 87 88 90 89 91 95 93 94 92 96 98 97 99 
19 22 21 16 11 8 3 2 0 1 4 5 6 7 9 10 12 13 14 15 17 18 20 23 25 24 27 30 28 29 26 32 31 33 35 34 36 37 38 40 39 44 50 52 55 53 51 49 46 43 41 42 45 47 48 54 56 57 58 60 59 61 63 66 62 65 64 67 69 68 70 71 74 72 73 76 75 78 81 80 77 79 82 83 84 85 86 87 88 90 89 91 95 93 94 92 96 98 97 99 
0 1 2 3 4 5 6 8 7 9 10 12 11 13 14 16 15 17 21 22 19 18 20 23 24 25 26 29 28 27 30 32 31 34 33 35 39 41 37 36 38 40 43 42 50 54 56 57 55 52 53 49 48 45 44 46 47 51 60 58 59 61 64 63 67 69 68 66 62 65 70 71 74 72 75 76 73 77 79 80 78 81 83 82 84 85 86 87 88 90 89 91 95 93 94 92 96 98 97 99 
92 94 93 88 90 84 81 83 80 78 75 76 71 65 62 55 52 49 47 46 44 45 48 53 51 43 41 39 42 56 57 59 60 40 38 35 36 34 29 23 27 30 26 32 31 37 33 28 24 19 18 20 16 12 6 8 11 15 22 25 17 14 13 7 2 0 1 3 4 5 9 10 21 54 50 58 61 64 66 63 67 70 68 69 73 72 74 77 79 82 85 86 87 89 91 95 96 98 97 99 
0 1 2 3 4 5 6 8 7 9 10 12 11 13 16 15 14 18 17 21 22 19 20 23 27 28 29 38 39 42 46 48 51 57 69 71 75 73 76 79 80 78 74 72 70 68 67 63 60 58 65 64 61 59 55 52 53 49 44 45 41 30 25 24 26 32 31 34 33 35 36 37 40 43 47 50 54 56 62 66 77 81 83 82 84 85 86 87 88 91 89 90 92 94 93 95 97 99 98 96 
49 46 41 38 39 37 36 35 33 26 24 25 23 22 21 17 15 18 20 19 14 16 13 10 9 6 8 11 12 7 5 4 3 2 1 0 27 30 28 29 32 31 34 40 43 42 44 45 47 48 50 52 55 53 51 54 56 57 59 61 68 69 70 67 63 60 58 62 66 72 73 76 75 74 71 65 64 78 80 77 79 81 83 82 85 84 87 86 88 90 89 91 98 99 97 95 93 94 92 96 
0 1 2 3 4 5 6 8 7 9 10 13 11 12 16 15 17 14 18 20 19 21 22 23 24 25 28 32 31 30 27 26 29 34 33 35 39 42 41 36 37 38 40 43 47 45 44 46 48 51 53 52 55 49 50 54 56 57 59 58 60 62 66 65 64 61 63 67 69 68 70 71 75 77 80 81 79 76 73 72 74 78 83 82 84 86 87 90 92 94 93 88 85 89 91 95 97 99 98 96 
49 52 56 54 53 51 47 43 40 41 42 39 33 34 31 32 30 28 29 26 25 23 20 18 14 13 11 5 4 0 2 6 8 12 7 1 3 9 10 16 15 17 19 21 22 24 27 35 36 37 38 45 44 46 48 50 55 57 58 59 61 63 60 62 66 65 64 68 82 83 80 77 75 71 74 72 70 67 69 73 76 78 79 81 84 85 86 87 88 91 89 90 92 96 94 93 95 97 99 98 
92 90 89 85 84 83 82 79 81 78 76 73 75 71 70 67 63 65 61 59 57 55 52 54 50 49 48 46 44 42 39 38 37 36 34 35 30 27 28 29 26 23 20 19 17 15 11 8 7 5 4 3 1 0 2 6 9 10 12 13 16 14 18 21 22 24 25 31 32 33 40 41 43 45 47 51 53 56 58 60 62 66 64 69 68 72 74 77 80 87 86 88 91 95 93 94 96 98 97 99 
49 55 52 56 57 51 53 48 45 44 46 47 43 41 40 38 39 37 34 25 22 18 20 21 16 11 13 15 17 10 9 3 2 0 1 4 5 6 8 7 12 14 19 26 32 35 33 29 28 23 24 27 30 31 36 42 50 54 61 64 77 80 76 72 70 67 63 65 59 58 60 62 66 68 69 73 79 83 81 74 71 75 78 82 85 84 88 86 87 90 89 95 93 94 92 96 91 98 97 99 
49 51 47 46 48 45 44 42 41 38 39 37 36 35 28 23 19 17 15 16 13 12 11 8 6 5 4 1 0 2 3 7 9 10 14 18 20 21 22 24 27 30 33 34 31 32 26 25 29 40 43 50 54 59 56 53 52 55 57 61 63 67 64 65 60 58 62 66 68 69 70 71 74 72 73 76 75 78 80 77 79 81 83 82 85 84 87 86 88 90 89 91 95 93 94 92 96 98 97 99 
44 45 42 39 37 36 31 32 26 28 29 24 22 21 20 18 17 14 16 13 10 9 8 2 0 1 3 4 5 6 7 12 11 15 19 23 25 27 30 33 34 35 38 40 41 43 46 47 48 49 55 52 50 54 51 53 56 62 67 68 69 76 79 77 66 63 61 59 57 58 60 65 64 73 75 71 70 72 74 78 80 81 83 82 84 85 86 87 88 90 89 91 95 93 94 92 96 98 97 99 
99 97 98 91 89 90 87 84 81 69 68 67 63 65 66 62 60 55 52 53 51 49 50 47 48 45 38 37 36 34 33 35 29 28 30 31 32 24 18 14 16 15 17 10 9 7 6 3 2 0 1 4 5 8 11 12 13 19 23 25 27 22 21 20 26 39 40 43 41 42 44 46 54 56 57 58 59 61 64 71 76 73 72 74 70 75 78 80 77 79 83 82 85 86 88 95 93 94 92 96 
0 1 2 3 4 5 6 8 7 9 10 13 11 12 16 14 18 20 19 15 17 21 22 26 29 28 32 37 39 42 45 48 46 40 38 34 35 33 25 23 24 27 30 31 36 41 43 44 47 53 55 59 62 60 54 50 49 51 52 56 57 58 61 64 65 66 63 67 69 68 70 74 71 75 72 73 76 78 77 80 81 79 82 86 88 90 87 84 83 85 89 91 95 93 94 92 96 98 97 99 
49 51 47 46 44 45 42 41 37 36 38 35 28 29 26 23 22 19 18 17 15 16 11 8 5 4 1 0 2 3 6 7 9 10 12 13 14 20 21 25 31 34 33 30 27 24 32 39 40 43 48 53 54 50 52 55 57 56 58 60 59 61 62 66 63 67 68 64 65 69 70 71 74 72 73 77 80 81 78 75 76 79 82 83 84 85 86 87 88 91 89 90 92 94 93 95 97 99 98 96 
54 50 49 51 48 46 44 45 43 42 39 35 33 34 31 32 30 28 29 27 24 21 13 12 10 9 4 8 11 16 14 6 5 3 1 0 2 7 15 17 18 20 19 22 23 25 26 36 37 38 40 41 47 53 52 55 57 56 59 58 60 61 63 68 66 62 65 64 67 77 80 79 76 73 72 74 70 69 71 75 78 88 91 89 87 86 85 82 81 83 84 90 92 94 93 95 97 99 98 96 
27 30 33 35 32 29 28 26 24 22 19 14 16 11 12 7 3 2 0 1 4 5 6 8 9 10 13 15 17 21 18 20 23 25 31 34 36 37 39 38 40 43 41 42 45 47 51 49 44 46 48 50 52 55 53 57 59 61 63 67 69 70 72 74 78 77 79 81 84 87 86 89 91 95 97 99 98 96 93 94 92 90 88 85 82 83 80 76 73 75 71 68 66 64 65 62 60 58 56 54 
82 81 79 77 76 73 72 74 67 63 60 58 54 50 49 45 44 42 39 32 28 27 23 22 19 20 18 17 15 16 11 3 2 0 1 4 5 6 8 7 9 10 12 13 14 21 24 25 30 31 34 35 41 26 29 33 36 37 38 40 43 46 48 47 51 53 55 52 56 57 59 61 64 65 62 66 68 69 70 71 75 78 80 83 84 85 89 90 87 86 88 91 95 93 94 92 96 98 97 99 
54 53 51 49 46 43 40 41 37 36 26 29 28 25 23 20 19 17 18 14 8 7 5 4 0 1 2 3 6 9 10 12 11 13 15 16 21 22 24 32 31 34 27 30 33 35 38 39 42 44 45 47 48 50 52 55 57 56 58 60 59 61 70 74 72 75 76 73 77 79 82 85 84 81 78 71 69 68 67 63 66 62 65 64 80 83 86 87 88 90 89 91 99 97 98 96 95 93 94 92 
96 95 93 94 92 90 85 82 83 79 77 80 78 74 72 73 76 75 71 70 57 55 52 49 48 46 47 45 44 42 22 19 18 14 13 11 8 6 4 1 0 2 3 5 7 9 10 12 16 15 17 21 20 23 25 24 26 29 28 27 30 32 31 34 33 35 37 36 39 38 40 41 43 50 54 51 53 56 59 58 60 62 66 65 64 61 63 67 68 69 81 84 87 86 88 89 91 98 97 99 
49 50 54 57 59 58 60 63 65 64 61 67 68 70 76 73 75 71 77 80 78 74 72 69 66 62 56 52 55 53 48 43 41 40 30 32 26 29 28 23 19 18 13 6 3 0 1 4 5 9 12 15 17 21 14 16 10 7 2 8 11 20 22 24 25 27 31 34 33 36 37 39 38 35 42 45 44 46 47 51 83 81 79 82 84 85 86 87 88 91 89 90 92 94 93 95 97 99 98 96 
0 1 2 3 4 5 6 7 9 8 11 13 16 21 20 18 14 12 10 15 17 19 22 23 25 24 27 30 40 41 43 47 51 53 54 48 45 42 39 37 38 35 31 32 26 28 29 33 34 36 46 44 49 50 52 55 57 56 58 60 62 59 61 64 65 66 63 67 69 68 70 71 74 72 73 76 75 78 80 77 79 81 83 82 85 84 87 86 88 91 89 90 92 94 93 95 97 99 98 96 
44 45 42 35 33 25 24 22 17 15 16 12 11 9 8 3 2 0 1 4 5 6 7 10 13 14 18 20 21 19 23 26 29 28 27 30 38 40 39 37 36 32 31 34 41 43 46 47 48 49 51 53 55 52 50 54 57 62 66 65 64 61 59 56 58 60 63 67 70 72 73 75 76 79 77 78 71 69 68 74 81 80 83 82 84 85 86 87 88 94 93 95 96 98 91 89 90 92 97 99 
82 79 80 77 76 73 72 74 71 69 68 66 62 57 54 53 49 55 52 65 64 61 58 60 51 47 45 44 39 38 37 34 25 23 19 20 18 14 17 21 16 13 8 5 4 1 0 2 3 6 7 11 12 9 10 15 22 24 26 29 28 27 30 32 31 36 33 35 42 50 48 46 40 41 43 56 59 63 67 70 75 78 81 83 84 85 86 87 88 90 89 91 95 96 98 99 97 93 94 92 
0 1 2 3 4 5 6 8 7 9 10 20 18 22 24 26 29 28 32 31 27 21 17 15 13 11 12 16 14 19 23 25 30 33 34 35 38 40 41 50 54 48 46 36 37 39 42 43 47 51 53 55 52 56 59 61 64 67 69 68 70 76 79 82 85 84 81 80 77 78 74 72 73 75 71 66 62 58 57 49 45 44 60 63 65 83 86 87 88 90 89 91 95 93 94 92 96 98 97 99 
49 44 45 43 38 35 31 32 28 30 27 25 23 19 18 20 21 17 15 16 14 13 10 9 7 6 3 2 0 1 4 5 8 11 12 22 24 26 29 33 34 36 37 39 42 41 40 46 48 47 51 53 54 50 52 55 57 56 58 60 59 61 64 65 62 66 63 67 69 68 70 71 74 72 73 76 75 78 81 80 77 79 82 83 84 85 86 87 88 91 89 90 92 94 93 95 97 99 98 96 
27 30 34 31 32 28 29 26 22 19 10 9 7 6 5 2 0 1 3 4 8 12 11 13 14 16 15 17 21 18 20 23 24 25 33 35 36 37 39 42 44 45 43 41 38 40 46 47 48 53 57 58 60 62 66 63 67 69 68 70 75 78 77 80 81 84 85 88 95 93 92 96 98 99 97 94 91 89 90 87 86 83 82 79 76 73 72 74 71 65 64 61 59 56 54 50 52 55 51 49 
55 52 53 51 49 46 42 41 43 40 38 37 35 34 31 32 28 30 27 25 23 22 18 20 16 11 8 6 5 4 1 0 2 3 7 9 10 12 13 15 17 14 19 21 24 26 29 33 36 39 44 45 47 48 50 54 56 57 59 58 60 62 66 61 64 65 63 67 68 69 70 72 73 76 75 71 74 78 80 77 79 81 83 82 84 85 86 87 88 90 89 91 95 93 94 92 96 98 97 99 
88 86 84 83 81 78 71 70 69 68 63 65 64 66 62 60 58 57 56 54 48 46 43 40 38 37 36 33 24 22 21 19 18 14 16 13 3 2 0 1 4 5 6 9 10 12 8 7 11 15 17 20 23 25 27 30 28 29 26 32 31 34 35 39 41 42 44 45 49 50 47 51 53 52 55 59 61 67 74 72 73 76 75 77 80 79 82 85 87 90 89 91 95 93 94 92 96 98 97 99 
0 1 2 3 4 5 6 8 7 9 10 17 15 16 12 11 13 14 18 20 19 21 22 23 25 24 26 32 31 34 35 30 27 28 29 33 36 37 41 43 47 48 49 46 40 38 39 42 44 45 51 53 54 50 52 55 57 56 59 58 60 62 69 67 63 61 64 65 66 68 70 72 74 71 75 73 76 78 80 77 79 81 83 82 85 84 87 86 88 90 89 91 95 93 94 92 96 98 97 99 
96 95 93 94 92 90 89 86 83 81 79 77 76 70 74 72 68 62 60 56 50 49 45 47 43 41 38 35 30 33 34 31 32 29 28 25 23 20 18 14 11 8 6 3 2 0 1 4 5 7 9 10 12 13 15 16 17 19 21 22 24 27 26 36 37 39 42 40 46 44 48 53 51 54 52 55 57 58 59 61 64 65 66 63 67 69 71 73 75 78 80 82 85 84 87 88 91 98 97 99 
44 45 42 37 36 31 32 28 29 26 25 24 21 14 16 11 8 6 5 3 2 0 1 4 7 9 10 12 13 15 17 18 20 19 22 23 27 30 33 34 35 39 38 40 41 43 46 47 48 53 56 58 60 51 49 50 54 52 55 57 59 61 63 65 64 62 66 67 69 68 70 71 74 77 79 82 83 80 78 75 72 73 76 81 84 85 86 87 88 90 89 91 95 93 94 92 96 98 97 99 
49 50 52 55 53 48 45 44 42 39 37 34 29 25 23 21 17 15 14 12 11 6 3 1 0 2 4 5 8 7 9 10 13 16 20 18 19 22 24 27 30 28 26 32 31 33 35 36 38 40 41 43 46 47 51 54 56 57 59 61 68 69 70 71 74 72 73 76 75 78 79 82 84 91 95 92 96 98 99 97 94 93 88 90 89 87 86 85 83 81 80 77 67 63 65 64 66 62 60 58 
99 97 98 91 88 87 84 82 79 76 72 70 68 67 61 59 56 57 51 47 48 49 46 43 38 39 37 36 34 35 33 27 24 25 23 22 19 20 18 17 15 14 16 13 11 8 7 5 4 1 0 2 3 6 9 10 12 21 26 29 28 30 31 32 40 41 42 44 45 50 54 53 52 55 58 60 62 66 64 65 63 69 71 74 73 75 78 77 80 81 83 85 86 90 89 95 93 94 92 96 
0 1 2 3 4 5 6 8 11 12 7 9 10 13 14 16 15 17 18 20 19 22 21 31 30 33 29 28 27 24 23 25 26 32 35 34 36 37 39 42 44 43 41 38 40 46 47 45 49 56 59 61 63 58 57 51 54 50 48 53 55 52 60 65 64 66 62 69 68 67 70 71 79 80 77 73 76 75 72 74 78 81 83 82 84 85 86 87 88 90 89 91 95 93 94 92 96 98 97 99 

Rank matrix
25 0 0 0 0 0 0 0 1 0 1 1 2 0 0 1 1 4 1 2 2 2 2 3 4 1 3 2 4 3 1 4 0 4 0 3 1 2 3 0 3 0 2 1 1 2 1 1 1 1 1 0 0 2 0 0 0 0 0 0 0 0 0 0 0 1 0 0 0 0 0 0 0 0 0 0 0 0 0 0 0 0 0 0 0 0 0 0 0 0 0 0 0 0 0 0 0 0 0 0 
0 25 0 0 0 0 0 0 0 2 1 1 0 1 0 0 2 1 4 1 2 4 2 1 3 4 2 4 2 3 2 0 3 0 5 2 2 1 1 5 0 1 0 2 1 1 3 0 0 2 1 0 2 0 0 0 0 0 0 0 0 0 0 0 0 0 1 0 0 0 0 0 0 0 0 0 0 0 0 0 0 0 0 0 0 0 0 0 0 0 0 0 0 0 0 0 0 0 0 0 
0 0 25 0 0 0 0 1 0 0 0 2 2 1 0 1 3 1 2 2 2 0 3 4 1 3 2 3 3 2 5 0 5 1 2 1 2 3 0 1 0 4 1 1 1 1 0 2 2 0 0 1 0 0 2 0 0 0 1 0 0 0 0 0 1 0 0 0 0 0 0 0 0 0 0 0 0 0 0 0 0 0 0 0 0 0 0 0 0 0 0 0 0 0 0 0 0 0 0 0 
0 0 0 25 0 0 1 0 0 0 1 0 1 1 1 4 1 2 3 1 1 2 2 1 3 2 3 2 1 3 2 7 1 4 1 0 3 0 3 1 2 0 2 1 2 0 2 2 1 1 0 1 1 0 0 1 0 0 0 0 0 0 0 0 0 0 0 1 0 0 0 0 0 0 0 0 0 0 0 0 0 0 0 0 0 0 0 0 0 0 0 0 0 0 0 0 0 0 0 0 
0 0 0 0 25 0 0 0 1 1 2 0 0 0 2 0 0 1 0 7 2 2 2 3 1 4 6 3 3 2 3 1 1 1 2 3 1 2 2 0 4 0 1 0 2 2 0 2 1 0 2 2 0 0 0 0 0 0 0 0 0 0 0 0 0 0 0 0 1 0 0 0 0 0 0 0 0 0 0 0 0 0 0 0 0 0 0 0 0 0 0 0 0 0 0 0 0 0 0 0 
0 0 0 0 0 24 0 1 1 1 0 1 0 2 1 1 0 0 3 1 5 1 3 2 2 2 3 4 4 5 1 2 2 2 1 1 4 0 0 1 0 4 0 3 1 2 1 1 2 1 1 0 1 0 0 0 0 0 1 0 0 0 0 0 0 0 0 0 0 1 0 0 0 0 0 0 0 0 0 0 0 0 0 0 0 0 0 0 0 0 0 0 0 0 0 0 0 0 0 0 
0 0 0 0 0 0 25 1 0 0 0 1 1 1 1 1 2 3 1 1 1 5 2 3 3 3 1 3 5 2 3 3 2 1 0 2 0 4 0 1 0 2 3 1 1 1 2 1 0 2 1 1 0 1 1 1 0 0 0 0 0 0 0 0 0 0 0 0 0 0 0 0 0 0 0 0 0 0 0 0 0 0 0 0 0 0 0 0 0 0 0 0 0 0 0 0 0 0 0 0 
0 0 0 0 0 0 0 5 12 0 4 2 1 2 2 3 1 4 2 0 0 5 3 4 4 4 2 0 1 2 2 2 2 1 4 3 0 2 1 3 1 0 1 0 1 1 1 1 3 1 1 1 1 0 0 0 1 1 0 1 0 0 0 1 0 0 0 0 0 0 0 0 0 0 0 0 0 0 0 0 0 0 0 0 0 0 0 0 0 0 0 0 0 0 0 0 0 0 0 0 
0 0 0 0 0 3 1 19 1 5 0 0 0 0 2 0 1 0 1 0 2 3 6 4 5 3 4 5 2 2 1 0 3 3 2 0 1 1 2 1 2 1 1 2 1 2 1 2 1 0 0 0 0 1 0 1 0 1 0 1 0 0 0 0 0 0 0 0 0 0 0 0 0 0 0 0 0 0 0 0 0 0 0 0 0 0 0 0 0 0 0 0 0 0 0 0 0 0 0 0 
0 0 0 0 0 0 0 1 5 13 1 5 2 2 4 1 1 0 1 1 5 1 1 3 4 4 5 2 0 3 2 1 2 1 3 2 0 2 0 0 1 1 2 2 1 1 2 0 1 3 1 0 1 1 1 0 1 1 0 0 1 0 0 0 0 0 0 0 0 0 1 0 0 0 0 0 0 0 0 0 0 0 0 0 0 0 0 0 0 0 0 0 0 0 0 0 0 0 0 0 
0 0 0 0 0 0 1 0 1 0 13 1 8 3 1 4 2 2 1 6 2 1 2 2 4 4 1 3 1 1 1 2 3 3 1 1 2 0 2 1 0 1 0 3 2 0 1 1 1 0 1 1 0 2 1 1 1 1 1 0 0 1 0 0 0 0 0 0 0 0 0 1 0 0 0 0 0 0 0 0 0 0 0 0 0 0 0 0 0 0 0 0 0 0 0 0 0 0 0 0 
0 0 0 0 2 1 1 0 7 0 4 0 10 2 0 5 1 2 2 2 3 1 5 4 1 3 3 3 4 1 4 2 2 1 2 1 2 1 1 1 1 0 3 1 1 1 1 1 1 0 0 1 0 0 1 1 2 0 0 0 1 0 0 0 0 0 0 0 0 0 0 0 0 0 0 0 0 0 0 0 0 0 0 0 0 0 0 0 0 0 0 0 0 0 0 0 0 0 0 0 
0 0 0 1 1 0 1 1 0 7 1 8 0 5 5 1 4 2 2 2 2 3 2 2 1 3 1 2 3 1 3 3 1 3 2 1 2 1 0 2 2 1 1 1 2 1 0 2 0 0 2 0 3 1 1 1 1 0 1 1 0 0 0 0 0 0 0 0 0 0 0 0 0 0 0 0 0 0 0 0 0 0 0 0 0 0 0 0 0 0 0 0 0 0 0 0 0 0 0 0 
0 0 1 0 0 1 0 1 0 1 2 6 2 13 2 1 6 3 3 2 2 3 2 3 3 2 3 0 2 2 1 4 2 2 2 2 1 0 3 0 1 1 1 2 0 0 1 0 0 2 0 1 0 1 1 1 1 0 0 1 1 0 2 0 0 0 0 0 0 0 0 0 0 0 0 0 0 0 0 0 0 0 0 0 0 0 0 0 0 0 0 0 0 0 0 0 0 0 0 0 
0 1 0 2 0 1 0 0 0 1 1 2 1 2 5 6 5 8 5 2 4 0 0 0 4 1 0 2 1 2 6 3 2 5 1 1 2 3 2 3 0 3 1 0 2 1 0 1 0 0 1 0 1 0 1 0 2 0 0 0 0 2 1 0 0 0 0 0 0 0 0 0 0 0 0 0 0 0 0 0 0 0 0 0 0 0 0 0 0 0 0 0 0 0 0 0 0 0 0 0 
0 0 0 0 1 0 0 1 0 1 1 1 2 1 3 8 11 3 4 5 3 4 1 1 0 1 2 4 4 3 0 1 2 3 3 2 1 0 1 1 4 3 0 0 0 2 2 0 0 3 0 2 0 0 2 2 0 1 0 0 0 0 0 0 0 0 0 0 0 0 0 0 0 0 0 0 0 0 0 0 0 0 0 0 0 0 0 0 0 0 0 0 0 0 0 0 0 0 0 0 
0 0 0 1 1 1 0 0 2 0 1 2 3 2 13 7 2 1 4 5 1 2 1 0 2 2 4 2 1 5 2 3 3 2 1 3 0 1 1 2 3 1 1 0 1 1 0 0 2 0 0 1 1 0 0 3 0 0 0 0 1 2 0 0 0 0 0 0 0 0 0 0 0 0 0 0 0 0 0 0 0 0 0 0 0 0 0 0 0 0 0 0 0 0 0 0 0 0 0 0 
0 0 0 0 0 0 1 0 1 0 1 2 3 3 1 2 7 12 2 4 9 1 3 0 1 1 0 3 4 1 3 0 2 3 2 3 2 0 2 2 3 2 2 0 1 1 1 1 0 1 3 0 1 1 0 0 1 0 0 0 1 0 0 0 0 0 0 0 0 0 0 0 0 0 0 0 0 0 0 0 0 0 0 0 0 0 0 0 0 0 0 0 0 0 0 0 0 0 0 0 
0 0 2 1 1 0 0 0 0 0 0 0 4 3 1 4 2 5 11 4 2 6 3 3 1 1 2 0 1 3 3 5 4 1 1 3 2 4 3 1 1 1 0 1 0 0 0 1 2 0 1 1 0 1 0 0 0 0 0 0 0 0 2 2 0 0 0 0 0 0 0 0 0 0 0 0 0 0 0 0 0 0 0 0 0 0 0 0 0 0 0 0 0 0 0 0 0 0 0 0 
5 0 0 1 0 0 0 1 0 1 2 1 0 1 2 1 4 4 4 4 9 3 0 2 1 0 2 0 1 4 2 4 3 4 5 1 4 2 3 0 1 1 4 1 0 1 0 0 1 2 0 0 1 1 0 1 0 4 0 0 0 0 0 0 1 0 0 0 0 0 0 0 0 0 0 0 0 0 0 0 0 0 0 0 0 0 0 0 0 0 0 0 0 0 0 0 0 0 0 0 
0 2 1 0 0 0 0 0 0 1 0 4 1 1 5 3 3 3 4 6 4 2 10 4 1 2 0 1 1 0 4 3 3 2 3 2 5 5 0 1 0 1 1 0 2 0 0 0 1 1 0 2 2 0 0 0 0 0 0 0 0 1 0 1 1 0 0 0 0 0 0 0 0 0 0 0 0 0 0 0 0 0 0 0 0 0 0 0 0 0 0 0 0 0 0 0 0 0 0 0 
0 0 1 0 0 0 0 0 1 0 3 2 4 4 2 1 4 3 4 4 2 18 2 1 2 0 0 0 3 2 1 1 1 0 0 3 2 3 1 3 0 0 0 2 0 2 1 0 0 2 2 1 1 2 2 0 1 1 1 0 1 0 1 1 0 0 0 0 0 0 0 0 1 0 0 0 0 0 0 0 0 0 0 0 0 0 0 0 0 0 0 0 0 0 0 0 0 0 0 0 
0 2 0 0 0 0 0 2 2 1 1 2 2 3 1 3 2 2 1 5 3 2 14 3 0 1 0 0 0 2 1 1 4 2 3 3 1 3 4 1 0 1 1 1 1 0 1 2 1 0 3 2 0 0 1 0 1 1 3 1 0 1 1 0 1 0 0 0 0 0 0 0 0 0 0 0 0 0 0 0 0 0 0 0 0 0 0 0 0 0 0 0 0 0 0 0 0 0 0 0 
0 0 1 0 0 0 1 0 0 1 1 0 3 1 4 5 1 0 2 1 1 1 3 19 1 1 1 1 1 0 4 2 1 5 4 6 2 1 2 5 1 1 0 1 1 0 0 1 0 1 2 1 1 2 2 1 0 0 1 0 0 0 0 1 0 1 0 0 0 0 0 0 0 0 0 0 0 0 0 0 0 0 0 0 0 0 0 0 0 0 0 0 0 0 0 0 0 0 0 0 
0 0 0 0 0 0 2 0 1 2 4 4 1 2 2 1 0 1 1 1 3 1 0 3 7 10 2 1 2 2 0 0 2 0 2 2 2 3 4 1 5 1 3 1 1 2 1 1 1 0 1 0 2 0 1 2 0 2 1 2 1 0 0 2 0 1 0 0 0 0 0 0 0 0 0 0 0 0 0 0 0 0 0 0 0 0 0 0 0 0 0 0 0 0 0 0 0 0 0 0 
0 1 0 0 0 1 0 0 1 3 2 3 1 3 1 0 1 1 0 2 2 1 2 0 14 5 1 0 0 1 2 3 3 3 4 2 4 1 3 4 1 3 1 2 1 1 0 2 1 0 0 1 0 2 1 0 2 0 0 3 0 0 1 1 1 0 1 0 0 0 0 0 0 0 0 0 0 0 0 0 0 0 0 0 0 0 0 0 0 0 0 0 0 0 0 0 0 0 0 0 
0 0 0 0 0 2 0 2 5 4 1 4 0 0 3 1 1 0 1 2 0 1 1 1 1 4 5 2 0 2 2 4 2 2 1 1 3 4 2 2 3 3 5 1 1 1 3 1 1 1 0 1 0 2 1 1 1 0 4 0 0 0 2 0 2 0 0 0 0 0 0 0 0 0 0 0 0 0 0 0 0 0 0 0 0 0 0 0 0 0 0 0 0 0 0 0 0 0 0 0 
3 0 0 0 0 0 0 0 1 2 3 1 2 3 2 2 0 1 2 1 1 2 1 0 2 0 7 6 3 2 3 5 2 0 2 4 5 3 2 2 3 2 1 2 1 0 4 0 0 1 0 2 0 0 1 0 1 0 0 1 3 2 0 0 0 1 0 0 0 0 0 0 0 0 0 0 0 0 0 0 0 0 0 0 0 0 0 0 0 0 0 0 0 0 0 0 0 0 0 0 
0 0 0 1 0 1 2 2 1 2 2 2 4 0 2 1 2 3 0 0 2 1 0 0 1 3 3 4 5 0 3 5 1 4 1 3 1 3 6 3 1 4 1 2 1 2 0 1 1 2 0 0 0 1 0 1 2 0 1 0 3 0 0 1 0 1 1 0 0 0 0 0 0 0 0 0 0 0 0 0 0 0 0 0 0 0 0 0 0 0 0 0 0 0 0 0 0 0 0 0 
0 0 0 0 1 1 1 3 3 2 2 1 1 1 0 2 1 0 2 1 1 0 0 0 1 1 6 2 2 4 0 1 7 3 3 0 2 4 6 4 4 3 3 2 1 0 2 1 1 0 2 0 1 1 1 1 1 3 0 3 0 0 1 0 0 0 0 0 0 0 0 0 0 0 0 0 0 0 0 0 0 0 0 0 0 0 0 0 0 0 0 0 0 0 0 0 0 0 0 0 
0 2 0 0 0 0 1 1 2 2 0 1 2 3 2 0 2 1 0 1 1 2 0 2 1 2 3 7 2 3 5 1 3 3 3 2 4 4 2 3 3 4 3 2 3 1 0 0 2 0 1 0 1 0 0 1 0 1 0 0 1 3 1 0 0 0 0 0 0 0 0 0 0 0 0 0 0 0 0 0 0 0 0 0 0 0 0 0 0 0 0 0 0 0 0 0 0 0 0 0 
0 0 0 1 0 1 3 1 1 1 1 2 2 1 4 0 0 3 1 1 1 1 0 1 1 1 0 1 4 5 1 5 3 3 4 1 1 0 3 1 6 5 4 4 5 1 1 1 0 2 0 0 0 1 0 0 0 0 1 0 2 0 2 0 1 1 2 1 0 0 0 0 0 0 0 0 0 0 0 0 0 0 0 0 0 0 0 0 0 0 0 0 0 0 0 0 0 0 0 0 
0 0 0 0 3 0 2 5 2 0 2 1 2 0 0 4 0 0 3 2 0 0 1 0 1 0 2 2 5 2 2 3 5 3 1 2 1 2 1 3 4 2 5 7 3 2 1 0 2 0 0 0 1 0 0 0 1 1 0 1 0 2 0 2 1 1 1 0 1 0 0 0 0 0 0 0 0 0 0 0 0 0 0 0 0 0 0 0 0 0 0 0 0 0 0 0 0 0 0 0 
0 0 1 0 1 1 2 3 1 1 2 0 2 1 0 1 0 0 0 2 0 0 3 1 0 2 1 3 2 3 4 1 2 5 7 1 0 3 3 4 3 1 2 4 2 8 3 2 1 0 0 1 1 0 0 1 0 1 0 0 0 0 0 0 2 0 1 1 2 1 0 0 0 0 0 0 0 0 0 0 0 0 0 0 0 0 0 0 0 0 0 0 0 0 0 0 0 0 0 0 
0 0 1 0 0 0 0 2 1 1 1 2 0 4 0 0 3 0 1 0 1 1 0 1 0 0 1 1 2 3 4 2 1 4 4 9 1 2 2 5 3 5 4 3 4 5 3 1 1 0 2 1 1 0 0 0 0 0 0 0 0 1 0 1 0 1 2 2 0 0 0 0 0 0 0 0 0 0 0 0 0 0 0 0 0 0 0 0 0 0 0 0 0 0 0 0 0 0 0 0 
0 0 0 2 1 4 1 1 2 1 3 3 2 1 0 1 0 0 2 0 0 1 1 1 0 0 0 4 2 2 1 1 0 2 3 8 5 2 2 2 3 3 2 2 4 4 3 3 0 1 1 1 0 1 1 0 0 0 1 1 0 1 1 0 1 1 0 1 1 1 0 0 0 1 0 0 0 0 0 0 0 0 0 0 0 0 0 0 0 0 0 0 0 0 0 0 0 0 0 0 
0 0 0 1 1 2 1 1 2 4 1 0 2 0 2 1 1 0 0 0 0 1 1 1 0 1 1 2 1 0 3 0 2 1 2 2 11 1 2 4 2 6 2 5 4 1 4 5 2 1 0 1 0 2 1 0 1 0 0 0 0 0 1 1 0 2 1 1 0 1 1 0 0 0 0 0 0 0 0 0 0 0 0 0 0 0 0 0 0 0 0 0 0 0 0 0 0 0 0 0 
0 0 0 1 2 1 1 1 3 3 2 3 0 2 1 0 0 3 0 0 1 0 0 0 1 1 1 2 1 1 1 2 1 1 0 2 1 11 1 3 4 3 6 3 5 2 0 3 4 2 0 0 2 0 0 0 0 2 1 0 0 0 0 1 2 1 1 1 0 1 1 1 0 0 0 0 0 0 0 0 0 0 0 0 0 0 0 0 0 0 0 0 0 0 0 0 0 0 0 0 
0 0 0 2 2 0 4 1 4 2 2 1 2 1 0 1 0 0 0 0 0 0 0 1 3 1 4 2 1 3 0 3 0 0 4 2 3 2 3 6 3 1 5 6 4 4 3 1 2 2 1 1 0 0 1 1 0 0 2 0 1 0 0 0 0 0 0 0 0 1 0 0 1 0 0 0 0 0 0 0 0 0 0 0 0 0 0 0 0 0 0 0 0 0 0 0 0 0 0 0 
0 0 0 1 2 3 6 3 0 3 4 2 1 1 0 0 1 0 1 1 0 0 0 0 1 2 1 2 5 1 1 0 0 0 0 1 4 1 8 1 2 3 3 2 5 5 2 2 2 2 1 0 0 0 1 0 1 0 1 2 0 0 0 2 1 2 0 1 1 0 1 1 0 0 0 0 0 0 0 0 0 0 0 0 0 0 0 0 0 0 0 0 0 0 0 0 0 0 0 0 
0 0 1 1 4 5 1 2 2 3 2 1 2 0 1 0 1 0 0 0 1 0 0 2 1 1 0 0 3 0 2 0 0 3 1 0 2 3 1 3 6 2 2 5 5 4 4 3 2 4 1 0 1 0 0 0 0 0 0 2 0 1 0 0 1 0 1 2 1 0 2 0 2 0 0 0 0 0 0 0 0 0 0 0 0 0 0 0 0 0 0 0 0 0 0 0 0 0 0 0 
0 0 3 3 3 1 2 4 3 2 0 2 0 1 0 1 0 0 1 1 0 0 0 1 1 3 3 1 0 2 0 0 2 0 0 1 0 1 3 1 1 3 5 4 7 4 7 4 2 1 3 2 1 1 0 0 0 0 0 0 1 0 1 0 1 1 0 1 1 0 0 2 0 1 0 0 0 0 0 0 0 0 0 0 0 0 0 0 0 0 0 0 0 0 0 0 0 0 0 0 
0 0 4 2 0 5 4 2 2 2 1 1 0 0 0 0 0 3 0 0 0 0 0 0 0 2 2 1 1 5 0 0 1 1 0 0 1 2 0 3 2 1 3 5 3 8 3 3 5 2 1 2 0 1 1 1 0 1 0 1 0 1 1 1 0 2 3 0 1 1 0 1 0 0 1 0 0 0 0 0 0 0 0 0 0 0 0 0 0 0 0 0 0 0 0 0 0 0 0 0 
0 0 4 4 1 3 1 3 4 0 1 0 1 0 1 0 0 0 1 0 0 0 1 2 3 1 0 1 1 0 1 1 0 1 1 1 0 0 2 1 1 4 3 7 2 5 4 3 6 4 4 2 1 0 1 0 0 0 0 0 2 0 0 0 1 0 1 1 2 1 0 0 2 1 1 0 0 0 0 0 0 0 0 0 0 0 0 0 0 0 0 0 0 0 0 0 0 0 0 0 
11 1 1 3 3 3 2 3 0 1 1 0 0 1 0 0 2 0 0 0 1 2 1 0 1 0 0 2 2 0 0 1 1 0 1 0 0 0 0 1 3 4 0 1 1 2 5 4 6 3 5 2 2 1 2 1 0 0 1 1 0 1 1 0 0 0 2 1 1 1 1 0 1 0 0 0 1 0 0 0 0 1 0 0 0 0 0 0 0 0 0 0 0 0 0 0 0 0 0 0 
0 10 2 3 2 2 3 1 2 1 0 0 0 0 1 1 0 0 0 0 1 1 2 1 0 2 1 2 1 0 2 0 0 1 0 1 1 0 0 0 0 1 3 0 5 4 4 6 1 6 4 4 2 1 0 1 1 0 0 1 3 0 0 2 0 0 0 1 1 2 0 0 0 1 0 1 0 0 0 0 1 0 0 0 0 0 0 0 0 0 0 0 0 0 0 0 0 0 0 0 
0 3 1 3 5 4 2 0 0 0 1 0 0 0 0 0 1 1 0 1 2 2 1 0 0 2 0 1 0 0 1 1 2 1 1 0 0 2 1 1 2 1 2 1 0 2 11 7 2 6 2 3 2 3 3 2 0 0 1 0 0 2 0 0 0 1 0 1 1 1 0 2 0 0 0 1 0 1 0 0 0 0 0 0 0 0 0 0 0 0 0 0 0 0 0 0 0 0 0 0 
0 0 5 0 4 0 1 2 0 1 0 1 0 1 0 1 1 0 1 3 0 0 2 2 1 2 1 0 0 1 0 1 0 0 1 0 0 1 1 2 1 0 0 0 3 2 3 12 6 4 4 8 4 5 1 0 2 0 0 0 0 0 1 1 0 0 0 1 1 0 1 0 0 0 2 0 1 0 1 0 0 0 0 0 0 0 0 0 0 0 0 0 0 0 0 0 0 0 0 0 
0 2 3 3 2 1 2 1 1 0 0 0 1 0 0 2 0 0 1 1 3 2 1 1 3 0 2 0 0 0 1 2 0 1 0 3 2 0 2 0 0 2 0 0 0 2 0 3 17 3 8 3 7 3 4 1 0 0 1 0 0 0 1 0 0 0 0 0 0 0 2 0 0 0 0 0 0 0 0 0 0 0 0 0 0 0 0 0 0 0 0 0 0 0 0 0 0 0 0 0 
17 0 6 1 3 2 0 1 0 0 0 1 0 0 1 0 1 1 2 1 1 3 1 1 0 1 0 0 0 0 0 1 0 0 0 1 1 2 0 0 0 1 1 0 0 1 1 3 4 12 2 7 2 5 1 1 1 1 0 0 0 0 0 0 2 0 0 1 1 0 0 0 0 1 1 0 0 0 0 1 0 0 0 0 0 0 0 0 0 0 0 0 0 0 0 0 0 0 0 1 
0 14 0 2 2 1 1 0 0 0 1 1 0 1 0 0 0 2 0 0 1 0 2 0 1 0 2 0 0 0 0 0 1 0 0 0 0 0 0 1 1 1 2 0 1 0 1 0 1 0 9 6 5 7 9 6 3 2 0 0 0 0 0 0 0 0 0 1 0 4 2 1 0 1 2 1 0 0 0 0 0 0 0 0 0 0 0 0 0 0 0 0 0 0 0 1 0 0 0 0 
2 4 2 5 0 2 0 0 0 0 0 0 0 1 0 1 0 0 2 1 2 0 0 2 2 0 0 0 0 0 1 0 2 0 1 0 0 1 1 0 0 0 0 0 0 0 3 1 1 5 11 5 15 1 4 4 2 3 0 0 1 2 0 0 1 1 0 0 1 0 1 1 1 0 0 2 0 0 0 1 0 0 0 0 0 0 0 0 0 0 0 0 0 0 0 0 0 0 1 0 
0 6 3 2 0 1 1 0 0 0 0 0 1 1 0 0 1 1 2 0 0 2 2 0 0 0 0 1 0 1 0 0 0 0 0 0 1 0 0 0 0 0 0 1 0 0 0 1 0 3 0 5 2 7 21 10 4 3 2 0 0 1 1 0 2 0 1 1 0 0 2 2 1 1 1 0 0 0 0 0 0 0 0 0 0 0 0 0 0 0 0 0 0 0 0 0 1 1 0 0 
0 3 6 2 2 0 1 0 0 0 0 0 0 0 2 1 0 0 2 1 0 0 1 1 0 0 0 0 2 1 0 0 0 1 0 0 1 0 1 1 0 0 0 0 0 1 0 1 0 5 5 10 5 14 5 5 3 0 0 2 1 0 2 0 0 1 1 0 0 1 1 3 1 0 0 0 2 1 0 0 0 0 0 0 0 0 0 0 0 0 0 0 0 0 0 0 0 0 1 0 
13 0 2 2 0 0 0 0 0 0 1 0 1 0 1 0 2 1 0 1 0 0 0 1 0 0 0 1 0 0 0 0 0 1 1 0 0 0 0 0 2 0 0 1 0 1 0 1 0 1 0 7 10 7 2 17 3 3 0 0 0 0 0 0 0 1 1 0 1 0 1 1 2 3 1 1 1 0 0 0 0 0 0 0 0 0 0 0 0 0 0 0 0 0 1 0 0 0 0 3 
4 2 1 1 2 1 0 0 0 0 0 0 0 0 1 1 1 3 0 1 2 2 0 0 0 0 0 0 1 0 1 0 0 0 0 1 0 0 0 0 0 0 0 0 1 1 1 0 1 0 5 1 7 6 11 18 4 3 3 0 1 1 0 2 0 1 1 0 1 0 0 0 2 1 1 1 0 0 0 0 0 0 0 0 0 0 0 0 0 0 0 0 0 0 0 0 0 1 0 0 
1 3 1 1 0 0 0 0 0 1 0 0 1 0 0 0 2 0 1 1 0 0 0 0 0 0 1 0 0 1 0 0 0 0 0 0 0 0 0 1 0 0 0 0 1 0 1 0 3 1 1 0 2 2 2 1 25 17 2 3 1 2 1 1 1 1 1 0 1 1 0 0 2 2 0 1 1 3 1 0 0 0 0 0 0 0 0 0 0 0 0 0 0 1 0 0 1 0 2 0 
0 0 2 2 1 0 0 0 0 0 0 0 0 2 0 2 1 3 0 1 2 0 0 0 0 0 0 0 0 0 1 0 0 1 0 0 0 0 0 0 0 0 0 0 0 0 0 1 0 2 1 0 1 0 1 2 18 31 2 5 2 0 1 3 0 0 0 2 1 2 1 0 1 1 1 0 1 0 1 0 0 0 0 0 0 0 0 0 0 0 0 0 0 0 0 1 0 0 0 0 
0 0 1 0 0 1 0 0 0 1 0 3 0 0 2 0 1 0 1 0 0 0 1 0 0 0 0 0 0 1 0 0 0 0 0 0 0 0 0 0 0 0 0 0 0 0 0 0 0 1 0 2 0 3 1 1 2 2 18 23 3 1 1 1 2 3 1 2 2 2 0 2 0 2 1 2 0 3 1 2 1 0 0 0 0 0 0 0 0 0 0 0 0 0 0 0 0 1 0 2 
0 0 0 0 2 0 0 0 1 0 0 0 1 0 1 1 1 0 1 1 0 0 0 0 0 0 0 0 0 0 0 2 0 0 1 0 0 0 0 0 0 0 0 0 0 0 0 0 0 0 1 1 0 4 2 1 1 0 32 3 16 2 1 1 1 2 4 1 2 0 2 1 0 0 2 1 2 1 2 0 0 0 0 0 0 0 0 0 0 0 0 0 1 0 0 0 0 1 0 0 
0 0 0 0 0 0 1 0 1 0 2 0 1 1 0 2 1 1 1 1 0 0 0 1 0 0 0 0 0 0 1 0 1 0 0 0 0 0 0 0 0 0 0 0 0 0 0 0 1 0 0 0 2 2 1 0 3 3 5 15 21 4 3 0 2 3 0 0 1 2 2 0 0 1 2 1 2 0 1 2 1 0 1 0 0 0 0 0 0 0 0 0 0 0 1 0 1 0 2 0 
0 0 0 0 0 0 0 2 1 0 1 1 0 1 1 1 0 1 1 0 0 1 0 0 0 0 0 0 0 0 0 0 1 0 0 0 0 0 0 0 0 0 0 0 0 0 0 0 0 0 0 1 1 0 1 1 1 2 2 10 2 18 6 2 6 7 5 2 1 2 0 1 3 1 3 1 2 1 1 1 1 0 0 0 0 1 0 0 0 0 0 1 0 0 0 0 1 0 0 0 
0 0 0 1 0 0 0 0 0 0 1 0 1 0 3 1 1 1 0 0 0 0 0 0 0 1 0 0 0 0 0 0 0 0 0 0 0 0 0 0 0 0 0 0 0 0 0 0 0 0 0 0 1 1 1 1 0 2 1 4 3 18 5 5 7 6 2 2 2 3 3 2 0 2 1 3 3 2 3 0 1 2 0 0 0 0 0 0 0 0 0 0 0 1 0 1 0 2 0 0 
0 0 0 0 0 1 1 3 0 1 1 0 1 0 0 0 1 0 0 0 0 0 0 0 0 0 0 0 0 0 0 1 0 0 0 0 0 0 0 0 0 0 0 0 0 0 0 1 0 0 0 0 1 0 0 2 0 2 2 1 5 6 7 3 3 4 24 5 0 3 2 2 1 1 0 3 1 1 0 3 1 0 2 2 0 0 1 0 0 0 0 0 0 1 0 0 0 0 0 0 
0 0 0 0 0 0 1 0 1 1 1 0 2 0 1 0 1 0 0 0 1 0 0 0 0 0 0 0 0 0 0 0 0 1 0 0 0 0 0 0 0 0 0 0 0 0 0 0 0 0 0 1 0 0 0 1 2 1 0 1 4 2 9 12 11 5 5 5 2 1 2 3 4 2 1 2 1 1 3 1 1 0 1 1 1 0 0 0 0 0 1 0 0 1 0 2 0 0 0 0 
0 0 0 0 0 0 1 0 1 3 0 2 0 2 0 2 0 1 0 1 0 0 0 0 0 0 0 0 0 0 0 0 1 0 0 0 0 0 0 0 0 0 0 0 0 0 0 0 0 0 1 0 0 0 0 1 1 0 1 1 1 3 5 17 9 8 4 3 4 2 4 3 1 1 1 2 2 1 0 1 1 1 1 1 1 0 0 0 0 1 0 0 0 0 3 0 0 0 0 0 
0 0 0 0 1 1 0 0 0 0 1 1 0 2 1 0 0 0 0 0 0 0 0 0 1 0 0 0 0 0 0 0 0 0 0 0 0 0 0 0 0 0 0 0 0 0 0 0 0 0 0 0 0 0 1 0 1 0 1 1 4 2 15 5 9 10 3 5 4 2 2 1 5 1 1 2 2 3 2 1 1 2 2 1 0 0 0 0 0 0 0 0 2 0 0 0 1 0 0 0 
0 0 0 0 0 1 1 0 1 0 0 2 1 1 1 1 0 0 0 0 0 0 0 0 0 0 0 0 0 0 0 0 0 0 0 0 0 0 0 0 0 0 0 0 0 0 1 0 0 0 0 0 0 0 0 0 1 1 2 1 1 4 4 2 2 5 2 28 5 3 1 4 4 4 0 0 1 3 2 0 1 2 0 1 1 0 0 1 0 0 0 1 1 1 0 0 1 0 0 0 
0 0 0 0 0 1 1 0 1 2 2 1 2 1 0 0 1 0 0 0 0 0 0 0 0 0 0 0 0 0 0 0 0 0 0 0 0 0 0 0 0 0 0 0 0 1 0 0 0 0 0 0 0 0 0 0 0 1 1 2 3 2 0 3 1 1 4 4 9 24 4 4 1 6 4 1 2 2 1 1 0 0 1 0 3 0 0 0 1 0 0 1 0 0 0 0 0 0 0 0 
0 0 0 0 1 0 0 0 2 2 0 0 1 1 0 1 0 0 0 0 0 0 0 1 0 0 0 0 0 0 0 0 0 0 1 0 0 0 0 0 0 0 0 0 0 0 0 0 0 0 0 0 0 0 0 0 0 1 2 2 2 2 3 2 0 1 6 2 21 10 3 4 3 3 7 1 2 4 1 1 1 1 0 2 0 1 0 0 0 1 0 0 0 0 0 1 0 0 0 0 
0 0 0 0 0 0 0 3 0 0 1 1 0 2 1 0 0 0 0 1 0 0 0 0 0 0 0 0 0 0 0 0 0 0 0 0 0 0 0 0 0 0 0 0 1 0 0 0 0 0 0 0 0 0 0 0 0 0 0 2 2 2 4 2 3 2 0 2 5 0 31 1 3 3 5 6 4 2 2 2 1 1 1 0 1 2 0 0 0 0 1 0 0 0 0 0 0 0 0 0 
1 0 0 1 0 1 2 0 2 0 0 0 1 1 1 0 0 1 1 0 0 0 0 0 0 0 0 0 0 0 0 0 0 0 0 1 0 0 0 0 0 0 0 0 0 0 0 0 0 0 0 0 0 0 0 0 0 0 0 0 1 2 3 3 3 1 0 1 1 2 2 16 5 8 4 10 4 2 3 3 2 2 2 0 1 0 2 0 1 0 1 0 0 0 1 0 0 0 0 1 
0 0 0 0 2 0 2 0 0 0 2 1 1 0 1 1 0 0 0 0 0 0 1 0 0 0 0 0 0 0 0 0 0 0 0 0 0 0 0 0 0 0 0 1 0 0 0 0 0 0 0 0 0 0 0 0 0 0 0 1 0 0 1 2 2 4 1 4 1 8 2 10 2 13 5 6 3 4 5 5 2 0 2 0 0 2 1 0 0 1 0 0 1 0 0 0 0 0 0 0 
0 0 0 2 0 2 0 1 0 0 1 4 0 0 0 2 0 0 0 0 0 0 0 0 0 0 0 0 0 0 0 0 0 0 0 0 0 1 0 0 0 0 0 0 0 0 0 0 0 0 0 0 0 0 0 0 0 0 0 0 0 0 0 1 2 1 4 1 6 1 4 2 7 7 12 9 6 4 2 5 3 2 0 1 3 1 0 1 2 0 0 0 0 0 0 0 0 0 0 0 
0 1 0 0 1 1 0 2 0 2 0 0 0 2 1 0 0 0 0 0 0 1 0 0 0 0 0 0 0 0 0 0 0 0 0 0 0 0 0 0 0 0 1 0 0 0 0 0 0 0 0 0 0 0 0 0 0 0 0 0 1 0 1 4 3 2 0 0 4 1 4 4 18 2 3 5 12 2 4 4 3 3 0 3 0 0 2 1 0 0 0 1 0 0 0 0 0 0 1 0 
0 0 1 0 1 0 0 0 1 0 2 0 3 0 0 0 1 1 0 0 0 0 0 0 0 0 0 0 0 0 0 0 0 0 0 0 1 0 0 0 0 0 0 0 0 0 0 0 0 0 0 0 0 0 0 0 0 0 0 0 1 0 1 1 2 1 3 2 1 1 0 7 6 4 9 2 17 4 6 9 3 1 2 0 0 3 1 0 1 1 0 0 0 0 0 0 0 0 0 0 
0 0 0 1 2 0 1 0 0 2 2 1 1 1 1 0 1 0 0 0 0 0 0 0 0 0 0 0 0 0 0 0 0 0 0 0 0 0 1 0 0 0 0 0 0 0 0 0 0 0 0 0 0 0 0 0 0 0 0 0 0 2 1 1 1 2 3 4 0 3 2 5 7 5 5 11 6 4 4 3 7 3 1 0 1 1 2 2 0 0 0 0 0 0 0 0 0 0 0 0 
0 0 2 2 1 0 0 0 1 1 1 1 0 0 0 0 0 0 1 0 0 0 0 0 0 0 0 0 0 0 0 0 0 0 0 0 0 0 0 0 0 0 0 0 0 0 0 0 0 0 0 0 0 0 0 0 0 0 0 0 1 1 1 2 1 2 1 0 3 1 0 1 1 4 5 5 0 6 9 20 10 3 2 2 1 0 0 3 1 1 0 1 0 1 0 0 0 1 0 0 
0 0 1 1 0 1 0 1 1 2 0 0 1 0 0 0 0 0 0 0 1 0 0 0 0 0 0 0 0 0 0 0 0 0 0 0 0 0 0 0 0 1 0 0 0 0 0 0 0 0 0 0 0 0 0 0 0 0 0 0 0 1 0 1 1 1 0 1 0 2 3 3 2 1 2 4 1 31 6 5 10 5 3 1 0 1 3 1 0 1 0 0 0 0 0 0 0 0 0 0 
0 5 1 0 0 1 0 1 1 1 1 0 0 0 0 0 0 0 0 0 0 0 0 0 0 0 0 0 0 0 0 0 0 0 0 0 0 0 0 1 0 0 0 0 0 0 0 0 0 0 0 0 0 0 0 0 0 0 0 0 0 0 2 0 1 2 2 0 0 1 2 1 3 4 4 2 3 1 5 5 24 12 3 2 0 1 0 1 3 1 1 0 1 0 0 0 1 0 0 0 
0 0 2 1 0 0 0 0 1 0 0 1 0 0 0 0 0 0 0 1 0 0 0 0 0 0 0 0 0 0 0 0 0 0 0 0 0 0 0 0 1 0 0 0 0 0 0 0 0 0 0 0 0 0 0 0 0 0 0 0 0 1 1 1 1 2 0 1 0 2 2 0 2 2 4 2 5 1 19 15 9 7 3 0 2 1 2 3 3 0 2 0 0 0 0 0 0 0 0 0 
0 1 1 0 1 0 1 1 2 1 0 0 0 0 0 0 0 0 0 0 0 0 0 0 0 0 0 0 0 0 0 0 0 0 0 0 0 0 0 0 0 0 0 0 0 0 0 0 0 0 0 0 0 0 0 0 0 0 0 0 0 0 0 0 2 0 1 1 1 0 1 2 0 4 0 2 3 2 5 1 6 42 6 4 1 0 0 0 3 2 1 2 0 0 0 0 0 0 0 0 
7 0 0 0 0 1 2 2 1 0 0 0 0 0 0 0 0 0 0 0 0 0 0 0 0 0 0 0 0 0 0 0 0 0 0 0 0 0 0 0 0 0 0 0 0 0 0 0 0 0 0 0 0 0 0 0 0 0 0 0 0 0 0 1 0 0 0 1 1 0 1 1 0 1 1 2 1 1 1 0 0 1 12 50 1 0 2 2 0 3 0 3 0 0 1 0 0 0 0 0 
0 1 0 1 0 1 1 1 2 1 0 0 0 0 0 0 0 0 0 0 0 0 0 0 0 0 0 0 0 0 0 0 0 0 0 0 0 0 0 0 0 0 0 0 0 0 0 0 0 0 0 0 0 0 0 0 0 0 0 0 0 0 0 1 0 0 1 0 0 1 0 0 0 0 2 1 2 1 1 0 2 2 46 17 2 4 0 1 2 2 2 0 1 0 0 1 0 0 0 0 
0 0 1 1 1 1 1 1 0 0 0 0 0 0 0 0 0 0 0 0 0 0 0 0 0 0 0 0 0 0 0 0 0 0 0 0 0 0 0 0 0 0 0 0 0 0 0 0 0 0 0 0 0 0 0 0 0 0 0 0 0 0 0 0 0 2 0 0 1 1 0 0 2 0 0 1 0 2 1 0 0 0 1 0 53 18 0 2 2 0 5 1 1 1 0 0 0 0 0 0 
0 0 0 1 1 1 1 1 0 0 0 0 0 0 0 0 0 0 0 0 0 0 0 0 0 0 0 0 0 0 0 0 0 0 0 0 0 0 0 0 0 0 0 0 0 0 0 0 0 0 0 0 0 0 0 0 0 0 0 0 0 0 0 0 1 0 1 0 1 0 0 1 0 0 1 0 0 1 2 0 0 0 0 2 18 50 2 6 0 1 2 1 3 2 0 0 0 0 0 0 
0 1 0 0 1 0 1 1 0 0 0 0 0 0 0 0 0 0 0 0 0 0 0 0 0 0 0 0 0 0 0 0 0 0 0 0 0 0 0 0 0 0 0 0 0 0 0 0 0 0 0 0 0 0 0 0 0 0 0 0 0 0 0 0 0 0 0 0 0 0 1 1 0 0 0 1 1 0 0 1 1 0 1 2 1 2 50 19 2 4 1 2 2 2 2 0 0 0 0 0 
0 0 1 1 0 1 1 1 0 0 0 0 0 0 0 0 0 0 0 0 0 0 0 0 0 0 0 0 0 0 0 0 0 0 0 0 0 0 0 0 0 0 0 0 0 0 0 0 0 0 0 0 0 0 0 0 0 0 0 0 0 0 0 0 0 0 0 0 0 1 1 0 0 0 0 0 0 0 0 2 0 0 0 2 2 4 18 45 8 4 2 0 3 2 1 0 0 0 0 0 
2 1 0 1 1 0 0 0 0 0 0 0 0 0 0 0 0 0 0 0 0 0 0 0 0 0 0 0 0 0 0 0 0 0 0 0 0 0 0 0 0 0 0 0 0 0 0 0 0 0 0 0 0 0 0 0 0 0 0 0 0 0 0 0 0 0 0 1 0 0 0 0 1 0 0 0 0 0 0 1 0 1 2 0 3 1 5 3 61 1 3 5 0 1 3 3 0 0 0 0 
0 0 2 0 1 1 2 0 0 0 0 0 0 0 0 0 0 0 0 0 0 0 0 0 0 0 0 0 0 0 0 0 0 0 0 0 0 0 0 0 0 0 0 0 0 0 0 0 0 0 0 0 0 0 0 0 0 0 0 0 0 0 0 0 0 0 0 0 0 0 0 1 0 1 0 0 0 2 1 0 1 0 0 1 1 1 4 0 2 3 67 0 1 4 2 2 0 0 0 0 
1 1 0 0 2 4 0 0 0 0 0 0 0 0 0 0 0 0 0 0 0 0 0 0 0 0 0 0 0 0 0 0 0 0 0 0 0 0 0 0 0 0 0 0 0 0 0 0 0 0 0 0 0 0 0 0 0 0 0 0 0 0 0 0 0 0 0 0 0 0 0 0 0 0 0 0 1 0 1 0 0 1 0 2 0 2 1 3 3 49 3 21 0 2 2 0 1 0 0 0 
0 1 0 2 0 0 0 0 0 0 0 0 0 0 0 0 0 0 0 0 0 0 0 0 0 0 0 0 0 0 0 0 0 0 0 0 0 0 0 0 0 0 0 0 0 0 0 0 0 0 0 0 0 0 0 0 0 0 0 0 0 0 0 0 0 0 0 0 0 0 0 0 1 1 1 0 1 0 0 1 0 1 1 0 0 1 1 1 1 17 2 54 2 0 4 3 4 0 0 0 
2 0 0 1 3 0 0 0 0 0 0 0 0 0 0 0 0 0 0 0 0 0 0 0 0 0 0 0 0 0 0 0 0 0 0 0 0 0 0 0 0 0 0 0 0 0 0 0 0 0 0 0 0 0 0 0 0 0 0 0 0 0 0 0 0 0 0 0 0 0 1 0 0 0 0 1 0 0 0 0 1 0 1 0 0 1 0 2 1 2 0 1 22 0 3 43 0 1 5 9 
0 0 4 0 0 0 0 0 0 0 0 0 0 0 0 0 0 0 0 0 0 0 0 0 0 0 0 0 0 0 0 0 0 0 0 0 0 0 0 0 0 0 0 0 0 0 0 0 0 0 0 0 0 0 0 0 0 0 0 0 0 0 0 0 0 0 0 0 0 1 0 0 0 0 0 1 0 0 1 0 0 1 0 1 0 1 1 1 0 1 4 1 1 44 18 2 9 8 0 0 
0 1 1 3 0 0 0 0 0 0 0 0 0 0 0 0 0 0 0 0 0 0 0 0 0 0 0 0 0 0 0 0 0 0 0 0 0 0 0 0 0 0 0 0 0 0 0 0 0 0 0 0 0 0 0 0 0 0 0 0 0 0 0 0 0 0 0 0 0 0 0 0 0 0 0 1 1 0 0 1 2 0 0 0 1 0 1 0 2 3 0 1 2 18 44 5 0 5 8 0 
0 2 0 0 0 0 0 0 0 0 0 0 0 0 0 0 0 0 0 0 0 0 0 0 0 0 0 0 0 0 0 0 0 0 0 0 0 0 0 0 0 0 0 0 0 0 0 0 0 0 0 0 0 0 0 0 0 0 0 0 0 0 0 0 0 0 0 0 1 0 0 0 0 1 1 0 0 0 0 0 0 1 1 0 1 0 0 1 0 1 2 3 50 1 1 25 4 4 0 0 
2 0 0 0 0 0 0 0 0 0 0 0 0 0 0 0 0 0 0 0 0 0 0 0 0 0 0 0 0 0 0 0 0 0 0 0 0 0 0 0 0 0 0 0 0 0 0 0 0 0 0 0 0 0 0 0 0 0 0 0 0 0 0 0 0 0 0 0 0 0 0 1 0 0 0 0 1 1 0 0 1 0 0 1 1 0 0 0 1 0 0 0 1 11 0 2 49 1 4 23 
0 4 0 0 0 0 0 0 0 0 0 0 0 0 0 0 0 0 0 0 0 0 0 0 0 0 0 0 0 0 0 0 0 0 0 0 0 0 0 0 0 0 0 0 0 0 0 0 0 0 0 0 0 0 0 0 0 0 0 0 0 0 0 0 0 0 0 0 0 0 0 0 0 0 2 0 0 1 0 1 0 1 1 0 0 1 0 0 0 0 0 0 0 2 4 1 22 5 55 0 
0 0 2 0 0 0 0 0 0 0 0 0 0 0 0 0 0 0 0 0 0 0 0 0 0 0 0 0 0 0 0 0 0 0 0 0 0 0 0 0 0 0 0 0 0 0 0 0 0 0 0 0 0 0 0 0 0 0 0 0 0 0 0 0 0 0 0 0 0 0 0 0 1 0 0 0 1 1 0 1 1 0 0 1 0 0 0 1 0 0 0 0 3 1 9 0 1 53 18 6 
4 0 0 0 0 0 0 0 0 0 0 0 0 0 0 0 0 0 0 0 0 0 0 0 0 0 0 0 0 0 0 0 0 0 0 0 0 0 0 0 0 0 0 0 0 0 0 0 0 0 0 0 0 0 0 0 0 0 0 0 0 0 0 0 0 0 0 0 0 0 0 0 0 1 0 1 0 0 2 0 0 1 1 0 0 0 1 0 0 0 0 0 2 3 0 7 3 16 3 55 

Pair-order violations matrix
0 37 38 36 37 35 37 33 42 29 32 46 32 43 40 39 42 43 44 37 42 32 32 36 31 33 32 37 37 32 36 32 33 30 29 33 30 32 37 36 35 36 32 32 40 38 30 28 33 44 29 26 24 23 25 23 14 17 11 10 14 11 10 9 9 13 8 9 12 9 9 12 11 12 11 10 13 10 9 11 6 8 13 8 6 5 4 5 5 6 8 3 6 4 5 2 2 4 2 4 
37 0 39 36 37 35 38 34 43 29 32 46 33 43 40 39 42 43 44 37 42 32 32 36 31 33 32 37 37 32 36 32 33 30 29 33 30 32 37 36 35 36 32 32 40 38 30 28 33 44 29 26 24 23 25 23 14 17 11 10 14 11 10 9 9 13 8 9 12 9 9 12 11 12 11 10 13 10 9 11 6 8 13 8 6 5 4 5 5 6 8 3 6 4 5 2 2 4 2 4 
38 39 0 36 37 35 37 34 42 30 33 46 33 43 41 40 43 44 44 37 42 33 32 36 31 33 32 37 37 32 36 32 33 30 29 33 30 32 37 36 35 36 32 32 40 38 30 28 33 44 29 26 24 23 25 23 14 17 11 10 14 11 10 9 9 13 8 9 12 9 9 12 11 12 11 10 13 10 9 11 6 8 13 8 6 5 4 5 5 6 8 3 6 4 5 2 2 4 2 4 
36 36 36 0 39 36 38 34 43 29 32 46 33 43 40 39 42 43 44 37 42 32 32 36 31 33 32 37 37 32 36 32 33 30 29 33 30 32 37 36 35 36 32 32 40 38 30 28 33 44 29 26 24 23 25 23 14 17 11 10 14 11 10 9 9 13 8 9 12 9 9 12 11 12 11 10 13 10 9 11 6 8 13 8 6 5 4 5 5 6 8 3 6 4 5 2 2 4 2 4 
37 37 37 39 0 33 35 33 40 28 31 45 32 42 38 39 40 43 44 37 42 32 32 36 31 33 32 37 37 32 36 32 33 30 29 33 30 32 37 36 35 36 32 32 40 38 30 28 33 44 29 26 24 23 25 23 14 17 11 10 14 11 10 9 9 13 8 9 12 9 9 12 11 12 11 10 13 10 9 11 6 8 13 8 6 5 4 5 5 6 8 3 6 4 5 2 2 4 2 4 
35 35 35 36 33 0 37 33 43 29 32 48 34 43 40 40 43 44 44 37 42 33 32 36 32 33 33 38 37 33 37 33 34 30 30 34 31 33 37 36 35 36 32 32 40 38 30 28 33 44 29 26 24 23 25 23 14 17 11 10 14 11 10 9 9 13 8 9 12 9 9 12 11 12 11 10 13 10 9 11 6 8 13 8 6 5 4 5 5 6 8 3 6 4 5 2 2 4 2 4 
37 38 37 38 35 37 0 30 41 29 32 44 31 43 40 38 42 42 44 37 42 32 31 36 31 32 32 37 37 32 36 32 33 30 29 33 30 32 37 36 35 36 32 32 40 38 30 28 33 44 29 26 24 23 25 23 14 17 11 10 14 11 10 9 9 13 8 9 12 9 9 12 11 12 11 10 13 10 9 11 6 8 13 8 6 5 4 5 5 6 8 3 6 4 5 2 2 4 2 4 
33 34 34 34 33 33 30 0 69 32 33 54 43 45 42 42 44 45 44 38 42 35 33 36 32 33 33 38 37 33 37 33 34 30 30 34 31 33 37 36 35 36 32 32 40 38 30 28 33 44 29 26 24 23 25 23 14 17 11 10 14 11 10 9 9 13 8 9 12 9 9 12 11 12 11 10 13 10 9 11 6 8 13 8 6 5 4 5 5 6 8 3 6 4 5 2 2 4 2 4 
42 43 42 43 40 43 41 69 0 34 34 43 33 42 39 40 42 44 44 37 42 34 31 36 32 32 33 38 37 33 37 33 34 30 30 34 31 33 37 36 35 36 32 32 40 38 30 28 33 44 29 26 24 23 25 23 14 17 11 10 14 11 10 9 9 13 8 9 12 9 9 12 11 12 11 10 13 10 9 11 6 8 13 8 6 5 4 5 5 6 8 3 6 4 5 2 2 4 2 4 
29 29 30 29 28 29 29 32 34 0 30 51 39 44 40 40 41 43 44 38 42 34 33 36 32 33 33 38 37 33 37 33 34 30 30 34 31 33 37 36 35 36 32 32 40 38 30 28 33 44 29 26 24 23 25 23 14 17 11 10 14 11 10 9 9 13 8 9 12 9 9 12 11 12 11 10 13 10 9 11 6 8 13 8 6 5 4 5 5 6 8 3 6 4 5 2 2 4 2 4 
32 32 33 32 31 32 32 33 34 30 0 55 45 46 42 40 45 43 44 38 43 36 33 36 32 33 33 38 37 33 37 33 34 30 30 34 31 33 37 36 35 36 32 32 40 38 30 28 33 44 29 26 24 23 25 23 14 17 11 10 14 11 10 9 9 13 8 9 12 9 9 12 11 12 11 10 13 10 9 11 6 8 13 8 6 5 4 5 5 6 8 3 6 4 5 2 2 4 2 4 
46 46 46 46 45 48 44 54 43 51 55 0 44 44 39 41 46 45 45 37 44 36 32 37 33 32 34 39 38 34 37 34 35 30 30 34 31 33 37 36 35 36 32 32 40 38 30 28 33 44 29 26 24 23 25 23 14 17 11 10 14 11 10 9 9 13 8 9 12 9 9 12 11 12 11 10 13 10 9 11 6 8 13 8 6 5 4 5 5 6 8 3 6 4 5 2 2 4 2 4 
32 33 33 33 32 34 31 43 33 39 45 44 0 48 39 39 44 43 46 37 45 34 32 37 32 32 33 38 38 33 36 33 34 30 29 33 30 32 37 36 35 36 32 32 40 38 30 28 33 44 29 26 24 23 25 23 14 17 11 10 14 11 10 9 9 13 8 9 12 9 9 12 11 12 11 10 13 10 9 11 6 8 13 8 6 5 4 5 5 6 8 3 6 4 5 2 2 4 2 4 
43 43 43 43 42 43 43 45 42 44 46 44 48 0 41 42 45 45 45 38 43 35 34 36 33 33 34 39 38 34 37 34 35 30 30 34 31 33 37 36 35 36 32 32 40 38 30 28 33 44 29 26 24 23 25 23 14 17 11 10 14 11 10 9 9 13 8 9 12 9 9 12 11 12 11 10 13 10 9 11 6 8 13 8 6 5 4 5 5 6 8 3 6 4 5 2 2 4 2 4 
40 40 41 40 38 40 40 42 39 40 42 39 39 41 0 52 56 51 48 42 46 38 36 36 33 34 34 39 38 33 37 34 35 31 30 34 31 32 38 36 36 37 32 33 41 38 31 29 34 45 30 26 25 24 26 24 14 17 12 11 15 11 10 10 10 14 8 9 12 9 9 12 11 12 11 10 13 10 9 11 6 8 13 8 6 5 4 5 5 6 8 3 6 4 5 2 2 4 2 4 
39 39 40 39 39 40 38 42 40 40 40 41 39 42 52 0 58 44 47 39 47 38 35 38 35 34 35 39 38 33 37 34 35 31 30 34 31 32 38 36 36 37 32 33 41 38 31 29 34 45 30 26 25 24 26 24 14 17 12 11 15 11 10 10 10 14 8 9 12 9 9 12 11 12 11 10 13 10 9 11 6 8 13 8 6 5 4 5 5 6 8 3 6 4 5 2 2 4 2 4 
42 42 43 42 40 43 42 44 42 41 45 46 44 45 56 58 0 43 46 40 44 38 34 37 34 32 34 39 38 34 37 34 35 30 30 34 31 33 37 36 35 36 32 32 40 38 30 28 33 44 29 26 24 23 25 23 14 17 11 10 14 11 10 9 9 13 8 9 12 9 9 12 11 12 11 10 13 10 9 11 6 8 13 8 6 5 4 5 5 6 8 3 6 4 5 2 2 4 2 4 
43 43 44 43 43 44 42 45 44 43 43 45 43 45 51 44 43 0 48 41 47 39 39 38 36 36 36 40 39 34 38 35 36 32 30 35 31 32 38 37 37 38 33 34 42 38 32 29 35 46 30 27 26 25 27 25 14 17 12 12 15 12 10 10 10 14 8 9 12 9 9 12 11 12 11 10 13 10 9 11 6 8 13 8 6 5 4 5 5 6 8 3 6 4 5 2 2 4 2 4 
44 44 44 44 44 44 44 44 44 44 44 45 46 45 48 47 46 48 0 48 42 43 42 36 35 34 35 40 38 34 39 35 36 32 31 36 32 33 38 37 37 38 33 34 42 38 32 29 35 46 30 27 26 25 27 25 14 17 12 12 15 12 10 10 10 14 8 9 12 9 9 12 11 12 11 10 13 10 9 11 6 8 13 8 6 5 4 5 5 6 8 3 6 4 5 2 2 4 2 4 
37 37 37 37 37 37 37 38 37 38 38 37 37 38 42 39 40 41 48 0 53 40 40 39 32 34 36 39 39 33 37 34 35 32 30 34 31 32 38 36 36 37 32 33 41 38 31 29 34 45 30 26 25 24 26 24 14 17 12 11 15 11 10 10 10 14 8 9 12 9 9 12 11 12 11 10 13 10 9 11 6 8 13 8 6 5 4 5 5 6 8 3 6 4 5 2 2 4 2 4 
42 42 42 42 42 42 42 42 42 42 43 44 45 43 46 47 44 47 42 53 0 44 41 37 32 33 33 39 37 33 37 33 34 30 30 34 31 33 37 36 35 36 32 32 40 38 30 28 33 44 29 26 24 23 25 23 14 17 11 10 14 11 10 9 9 13 8 9 12 9 9 12 11 12 11 10 13 10 9 11 6 8 13 8 6 5 4 5 5 6 8 3 6 4 5 2 2 4 2 4 
32 32 33 32 32 33 32 35 34 34 36 36 34 35 38 38 38 39 43 40 44 0 39 39 34 33 33 40 38 33 37 34 35 30 30 34 31 33 37 36 35 36 32 32 40 38 30 28 33 44 29 26 24 23 25 23 14 17 11 10 14 11 10 9 9 13 8 9 12 9 9 12 11 12 11 10 13 10 9 11 6 8 13 8 6 5 4 5 5 6 8 3 6 4 5 2 2 4 2 4 
32 32 32 32 32 32 31 33 31 33 33 32 32 34 36 35 34 39 42 40 41 39 0 38 31 34 33 40 38 32 38 34 35 32 30 35 31 32 38 37 37 38 33 34 42 38 32 29 35 46 30 27 26 25 27 25 14 17 12 12 15 12 10 10 10 14 8 9 12 9 9 12 11 12 11 10 13 10 9 11 6 8 13 8 6 5 4 5 5 6 8 3 6 4 5 2 2 4 2 4 
36 36 36 36 36 36 36 36 36 36 36 37 37 36 36 38 37 38 36 39 37 39 38 0 36 36 39 42 43 38 40 37 38 36 33 38 33 34 40 39 39 39 34 35 43 40 34 30 37 47 31 28 26 26 28 25 15 17 12 12 15 12 10 10 10 14 8 9 12 9 9 12 11 12 11 10 13 10 9 11 6 8 13 8 6 5 4 5 5 6 8 3 6 4 5 2 2 4 2 4 
31 31 31 31 31 32 31 32 32 32 32 33 32 33 33 35 34 36 35 32 32 34 31 36 0 51 36 43 44 38 42 35 36 36 32 38 33 34 42 39 39 39 36 35 43 42 35 30 37 47 31 28 26 25 26 25 14 18 13 12 16 12 10 11 11 15 8 10 13 10 10 13 12 13 12 11 14 10 10 12 7 8 13 8 6 5 4 5 5 6 8 3 6 4 5 2 2 4 2 4 
33 33 33 33 33 33 32 33 32 33 33 32 32 33 34 34 32 36 34 34 33 33 34 36 51 0 43 47 44 40 44 40 40 37 35 37 33 36 41 42 38 38 35 34 42 41 33 29 36 46 31 28 25 25 26 24 15 18 12 11 15 12 10 10 10 14 8 10 13 10 10 13 12 13 12 11 14 10 10 12 7 8 13 8 6 5 4 5 5 6 8 3 6 4 5 2 2 4 2 4 
32 32 32 32 32 33 32 33 33 33 33 34 33 34 34 35 34 36 35 36 33 33 33 39 36 43 0 53 41 39 50 40 39 34 34 40 34 35 42 40 39 42 39 37 43 43 35 31 37 47 31 30 25 25 26 24 14 18 12 11 15 12 10 10 10 14 8 10 13 10 10 13 12 13 12 11 14 10 10 12 7 8 13 8 6 5 4 5 5 6 8 3 6 4 5 2 2 4 2 4 
37 37 37 37 37 38 37 38 38 38 38 39 38 39 39 39 39 40 40 39 39 40 40 42 43 47 53 0 50 46 47 44 43 40 39 44 37 37 43 42 42 40 36 38 44 42 36 31 38 48 33 29 26 26 28 25 15 17 12 12 15 12 10 10 10 14 8 9 12 9 9 12 11 12 11 10 13 10 9 11 6 8 13 8 6 5 4 5 5 6 8 3 6 4 5 2 2 4 2 4 
37 37 37 37 37 37 37 37 37 37 37 38 38 38 38 38 38 39 38 39 37 38 38 43 44 44 41 50 0 51 48 42 45 40 34 43 35 36 42 41 41 41 38 38 44 42 35 32 38 48 32 30 26 26 28 25 14 17 12 12 15 12 10 10 10 14 8 9 12 9 9 12 11 12 11 10 13 10 9 11 6 8 13 8 6 5 4 5 5 6 8 3 6 4 5 2 2 4 2 4 
32 32 32 32 32 33 32 33 33 33 33 34 33 34 33 33 34 34 34 33 33 33 32 38 38 40 39 46 51 0 52 45 47 38 37 43 35 35 42 40 41 43 39 39 44 42 36 32 38 48 32 30 26 26 28 25 14 17 12 12 15 12 10 10 10 14 8 9 12 9 9 12 11 12 11 10 13 10 9 11 6 8 13 8 6 5 4 5 5 6 8 3 6 4 5 2 2 4 2 4 
36 36 36 36 36 37 36 37 37 37 37 37 36 37 37 37 37 38 39 37 37 37 38 40 42 44 50 47 48 52 0 45 45 36 36 41 34 35 41 42 40 40 36 36 43 42 35 30 38 48 32 30 26 26 27 25 15 18 12 12 15 13 10 10 10 14 8 10 13 10 10 13 12 13 12 11 14 10 10 12 7 8 13 8 6 5 4 5 5 6 8 3 6 4 5 2 2 4 2 4 
32 32 32 32 32 33 32 33 33 33 33 34 33 34 34 34 34 35 35 34 33 34 34 37 35 40 40 44 42 45 45 0 57 39 38 44 35 37 47 46 43 42 39 39 45 44 38 32 40 48 32 31 26 28 28 25 15 18 12 12 15 13 10 10 10 14 8 10 13 10 10 13 12 13 12 11 14 10 10 12 7 8 13 8 6 5 4 5 5 6 8 3 6 4 5 2 2 4 2 4 
33 33 33 33 33 34 33 34 34 34 34 35 34 35 35 35 35 36 36 35 34 35 35 38 36 40 39 43 45 47 45 57 0 39 36 40 34 35 45 44 42 42 39 39 45 43 37 32 39 48 32 31 26 28 28 25 15 18 12 12 15 13 10 10 10 14 8 10 13 10 10 13 12 13 12 11 14 10 10 12 7 8 13 8 6 5 4 5 5 6 8 3 6 4 5 2 2 4 2 4 
30 30 30 30 30 30 30 30 30 30 30 30 30 30 31 31 30 32 32 32 30 30 32 36 36 37 34 40 40 38 36 39 39 0 46 49 35 37 44 42 38 42 38 36 42 43 35 31 38 47 31 30 25 25 26 24 14 18 12 11 15 12 10 10 10 14 8 10 13 10 10 13 12 13 12 11 14 10 10 12 7 8 13 8 6 5 4 5 5 6 8 3 6 4 5 2 2 4 2 4 
29 29 29 29 29 30 29 30 30 30 30 30 29 30 30 30 30 30 31 30 30 30 30 33 32 35 34 39 34 37 36 38 36 46 0 52 37 39 49 47 43 43 40 40 47 45 39 33 41 49 33 31 27 29 29 26 15 18 13 13 16 13 10 11 11 15 8 10 13 10 10 13 12 13 12 11 14 10 10 12 7 8 13 8 6 5 4 5 5 6 8 3 6 4 5 2 2 4 2 4 
33 33 33 33 33 34 33 34 34 34 34 34 33 34 34 34 34 35 36 34 34 34 35 38 38 37 40 44 43 43 41 44 40 49 52 0 39 38 49 45 43 43 38 38 46 44 38 34 42 50 33 32 27 29 29 26 15 18 13 13 16 13 10 11 11 15 8 10 13 10 10 13 12 13 12 11 14 10 10 12 7 8 13 8 6 5 4 5 5 6 8 3 6 4 5 2 2 4 2 4 
30 30 30 30 30 31 30 31 31 31 31 31 30 31 31 31 31 31 32 31 31 31 31 33 33 33 34 37 35 35 34 35 34 35 37 39 0 39 49 49 44 46 40 39 46 44 37 31 41 49 33 31 27 28 30 26 15 18 13 13 16 13 10 11 11 15 8 10 13 10 10 13 12 13 12 11 14 10 10 12 7 8 13 8 6 5 4 5 5 6 8 3 6 4 5 2 2 4 2 4 
32 32 32 32 32 33 32 33 33 33 33 33 32 33 32 32 33 32 33 32 33 33 32 34 34 36 35 37 36 35 35 37 35 37 39 38 39 0 50 48 45 47 40 40 45 43 37 32 41 49 33 31 27 27 29 26 14 18 13 13 16 13 10 11 11 15 8 10 13 10 10 13 12 13 12 11 14 10 10 12 7 8 13 8 6 5 4 5 5 6 8 3 6 4 5 2 2 4 2 4 
37 37 37 37 37 37 37 37 37 37 37 37 37 37 38 38 37 38 38 38 37 37 38 40 42 41 42 43 42 42 41 47 45 44 49 49 49 50 0 52 43 47 41 43 45 44 37 33 40 49 33 30 25 27 28 24 15 17 11 11 14 12 10 9 9 13 8 9 12 9 9 12 11 12 11 10 13 10 9 11 6 8 13 8 6 5 4 5 5 6 8 3 6 4 5 2 2 4 2 4 
36 36 36 36 36 36 36 36 36 36 36 36 36 36 36 36 36 37 37 36 36 36 37 39 39 42 40 42 41 40 42 46 44 42 47 45 49 48 52 0 44 46 39 40 46 44 39 36 41 49 34 29 25 27 28 24 13 16 12 10 14 11 10 10 10 14 8 9 12 9 9 12 11 12 11 10 13 10 9 11 6 8 13 8 6 5 4 5 5 6 8 3 6 4 5 2 2 4 2 4 
35 35 35 35 35 35 35 35 35 35 35 35 35 35 36 36 35 37 37 36 35 35 37 39 39 38 39 42 41 41 40 43 42 38 43 43 44 45 43 44 0 49 47 45 50 45 42 34 43 51 34 30 27 28 27 26 14 18 13 13 16 13 10 11 11 15 8 10 13 10 10 13 12 13 12 11 14 10 10 12 7 8 13 8 6 5 4 5 5 6 8 3 6 4 5 2 2 4 2 4 
36 36 36 36 36 36 36 36 36 36 36 36 36 36 37 37 36 38 38 37 36 36 38 39 39 38 42 40 41 43 40 42 42 42 43 43 46 47 47 46 49 0 44 49 53 46 42 32 40 50 36 29 27 29 28 27 15 17 13 11 15 12 10 11 11 15 8 10 13 10 10 13 12 13 12 11 14 10 10 12 7 8 13 8 6 5 4 5 5 6 8 3 6 4 5 2 2 4 2 4 
32 32 32 32 32 32 32 32 32 32 32 32 32 32 32 32 32 33 33 32 32 32 33 34 36 35 39 36 38 39 36 39 39 38 40 38 40 40 41 39 47 44 0 47 48 43 39 35 40 50 35 29 26 29 30 26 15 16 12 10 14 11 10 10 10 14 8 9 12 9 9 12 11 12 11 10 13 10 9 11 6 8 13 8 6 5 4 5 5 6 8 3 6 4 5 2 2 4 2 4 
32 32 32 32 32 32 32 32 32 32 32 32 32 32 33 33 32 34 34 33 32 32 34 35 35 34 37 38 38 39 36 39 39 36 40 38 39 40 43 40 45 49 47 0 55 49 45 34 43 52 37 33 28 30 29 28 16 18 12 11 14 13 10 10 10 14 8 10 13 10 10 13 12 13 12 11 14 10 10 12 7 8 13 8 6 5 4 5 5 6 8 3 6 4 5 2 2 4 2 4 
40 40 40 40 40 40 40 40 40 40 40 40 40 40 41 41 40 42 42 41 40 40 42 43 43 42 43 44 44 44 43 45 45 42 47 46 46 45 45 46 50 53 48 55 0 42 45 39 45 53 38 31 30 31 32 29 18 19 14 12 15 13 11 11 12 15 9 11 14 11 11 14 13 14 13 12 15 11 11 13 8 9 14 8 7 6 4 5 5 6 8 3 6 4 5 2 2 4 2 4 
38 38 38 38 38 38 38 38 38 38 38 38 38 38 38 38 38 38 38 38 38 38 38 40 42 41 43 42 42 42 42 44 43 43 45 44 44 43 44 44 45 46 43 49 42 0 46 37 42 53 36 30 30 31 31 30 16 19 14 13 15 14 11 11 12 15 9 11 14 11 11 14 13 14 13 12 15 11 11 13 8 9 14 8 7 6 4 5 5 6 8 3 6 4 5 2 2 4 2 4 
30 30 30 30 30 30 30 30 30 30 30 30 30 30 31 31 30 32 32 31 30 30 32 34 35 33 35 36 35 36 35 38 37 35 39 38 37 37 37 39 42 42 39 45 45 46 0 42 44 54 39 34 31 32 33 29 17 19 13 11 14 12 10 10 10 14 8 9 12 9 9 12 11 12 11 10 13 10 9 11 6 8 13 8 6 5 4 5 5 6 8 3 6 4 5 2 2 4 2 4 
28 28 28 28 28 28 28 28 28 28 28 28 28 28 29 29 28 29 29 29 28 28 29 30 30 29 31 31 32 32 30 32 32 31 33 34 31 32 33 36 34 32 35 34 39 37 42 0 45 54 37 34 31 29 32 30 18 21 13 11 14 13 10 10 10 14 8 10 13 10 10 13 12 13 12 11 14 10 10 12 7 8 13 8 6 5 4 5 5 6 8 3 6 4 5 2 2 4 2 4 
33 33 33 33 33 33 33 33 33 33 33 33 33 33 34 34 33 35 35 34 33 33 35 37 37 36 37 38 38 38 38 40 39 38 41 42 41 41 40 41 43 40 40 43 45 42 44 45 0 57 41 35 30 30 33 30 17 18 13 12 14 13 10 11 10 14 8 9 12 9 9 12 11 12 11 10 13 10 9 11 6 8 13 8 6 5 4 5 5 6 8 3 6 4 5 2 2 4 2 4 
44 44 44 44 44 44 44 44 44 44 44 44 44 44 45 45 44 46 46 45 44 44 46 47 47 46 47 48 48 48 48 48 48 47 49 50 49 49 49 49 51 50 50 52 53 53 54 54 57 0 31 35 27 35 32 27 16 17 15 13 16 13 12 11 11 14 9 11 14 11 11 14 13 14 13 12 15 11 11 14 8 10 15 9 8 7 5 6 6 7 9 4 7 5 6 3 3 5 3 5 
29 29 29 29 29 29 29 29 29 29 29 29 29 29 30 30 29 30 30 30 29 29 30 31 31 31 31 33 32 32 32 32 32 31 33 33 33 33 33 34 34 36 35 37 38 36 39 37 41 31 0 52 35 45 39 33 20 21 14 14 17 14 11 11 10 14 8 10 13 10 10 13 12 13 12 11 14 10 10 13 7 9 14 9 7 6 5 6 6 7 9 4 7 5 6 3 3 5 3 5 
26 26 26 26 26 26 26 26 26 26 26 26 26 26 26 26 26 27 27 26 26 26 27 28 28 28 30 29 30 30 30 31 31 30 31 32 31 31 30 29 30 29 29 33 31 30 34 34 35 35 52 0 34 39 42 35 22 19 16 14 18 14 12 12 11 15 9 10 13 10 10 13 12 13 12 11 14 11 10 12 7 9 14 9 7 6 5 6 6 7 9 4 7 5 6 3 3 5 3 5 
24 24 24 24 24 24 24 24 24 24 24 24 24 24 25 25 24 26 26 25 24 24 26 26 26 25 25 26 26 26 26 26 26 25 27 27 27 27 25 25 27 27 26 28 30 30 31 31 30 27 35 34 0 65 56 54 28 24 20 20 22 16 14 15 14 18 10 12 15 12 12 15 14 15 14 13 16 12 12 14 9 10 15 10 8 7 6 7 7 8 10 5 8 6 7 4 4 6 4 6 
23 23 23 23 23 23 23 23 23 23 23 23 23 23 24 24 23 25 25 24 23 23 25 26 25 25 25 26 26 26 26 28 28 25 29 29 28 27 27 27 28 29 29 30 31 31 32 29 30 35 45 39 65 0 49 33 26 24 17 16 17 15 12 13 12 16 9 11 14 11 11 14 13 14 13 12 15 11 11 13 8 9 14 9 7 6 5 6 6 7 9 4 7 5 6 3 3 5 3 5 
25 25 25 25 25 25 25 25 25 25 25 25 25 25 26 26 25 27 27 26 25 25 27 28 26 26 26 28 28 28 27 28 28 26 29 29 30 29 28 28 27 28 30 29 32 31 33 32 33 32 39 42 56 49 0 42 21 23 16 17 19 16 14 14 12 16 11 13 16 14 13 15 15 15 14 13 16 13 13 16 10 12 17 12 10 9 8 9 9 10 12 7 10 8 9 6 6 8 6 8 
23 23 23 23 23 23 23 23 23 23 23 23 23 23 24 24 23 25 25 24 23 23 25 25 25 24 24 25 25 25 25 25 25 24 26 26 26 26 24 24 26 27 26 28 29 30 29 30 30 27 33 35 54 33 42 0 28 24 19 18 20 15 12 14 13 17 9 11 14 11 11 14 13 14 13 12 15 11 11 13 8 9 14 9 7 6 5 6 6 7 9 4 7 5 6 3 3 5 3 5 
14 14 14 14 14 14 14 14 14 14 14 14 14 14 14 14 14 14 14 14 14 14 14 15 14 15 14 15 14 14 15 15 15 14 15 15 15 14 15 13 14 15 15 16 18 16 17 18 17 16 20 22 28 26 21 28 0 39 23 23 25 21 19 18 18 22 15 15 17 16 14 16 16 16 15 14 17 14 14 16 11 12 17 12 10 9 8 9 9 10 12 7 10 8 9 6 6 8 6 8 
17 17 17 17 17 17 17 17 17 17 17 17 17 17 17 17 17 17 17 17 17 17 17 17 18 18 18 17 17 17 18 18 18 18 18 18 18 18 17 16 18 17 16 18 19 19 19 21 18 17 21 19 24 24 23 24 39 0 23 20 23 17 17 16 12 15 13 13 15 13 11 13 13 13 12 11 15 12 10 14 7 10 15 9 8 7 5 6 6 7 9 4 7 5 6 3 3 5 3 5 
11 11 11 11 11 11 11 11 11 11 11 11 11 11 12 12 11 12 12 12 11 11 12 12 13 12 12 12 12 12 12 12 12 12 13 13 13 13 11 12 13 13 12 12 14 14 13 13 13 15 14 16 20 17 16 19 23 23 0 56 32 33 25 27 26 29 21 23 21 20 19 20 20 18 18 17 22 17 16 19 12 12 17 11 10 9 7 8 8 9 11 6 9 7 8 5 5 7 5 7 
10 10 10 10 10 10 10 10 10 10 10 10 10 10 11 11 10 12 12 11 10 10 12 12 12 11 11 12 12 12 12 12 12 11 13 13 13 13 11 10 13 11 10 11 12 13 11 11 12 13 14 14 20 16 17 18 23 20 56 0 41 23 24 20 20 24 19 18 16 14 13 14 15 14 13 12 17 13 11 15 9 10 15 10 8 7 6 7 7 8 10 5 8 6 7 4 4 6 4 6 
14 14 14 14 14 14 14 14 14 14 14 14 14 14 15 15 14 15 15 15 14 14 15 15 16 15 15 15 15 15 15 15 15 15 16 16 16 16 14 14 16 15 14 14 15 15 14 14 14 16 17 18 22 17 19 20 25 23 32 41 0 36 24 27 25 28 20 24 22 21 21 22 22 20 20 19 24 19 17 21 14 14 18 13 11 10 8 9 9 10 12 7 10 8 9 6 6 8 6 8 
11 11 11 11 11 11 11 11 11 11 11 11 11 11 11 11 11 12 12 11 11 11 12 12 12 12 12 12 12 12 13 13 13 12 13 13 13 13 12 11 13 12 11 13 13 14 12 13 13 13 14 14 16 15 16 15 21 17 33 23 36 0 48 31 36 37 38 25 22 22 19 22 21 20 17 18 22 15 13 18 10 11 15 11 8 7 6 7 7 8 10 5 8 6 7 4 4 6 4 6 
10 10 10 10 10 10 10 10 10 10 10 10 10 10 10 10 10 10 10 10 10 10 10 10 10 10 10 10 10 10 10 10 10 10 10 10 10 10 10 10 10 10 10 10 11 11 10 10 10 12 11 12 14 12 14 12 19 17 25 24 24 48 0 41 38 41 34 29 30 27 24 28 27 26 26 23 26 21 20 21 16 16 19 13 12 11 8 9 9 10 12 7 10 8 9 6 6 8 6 8 
9 9 9 9 9 9 9 9 9 9 9 9 9 9 10 10 9 10 10 10 9 9 10 10 11 10 10 10 10 10 10 10 10 10 11 11 11 11 9 10 11 11 10 10 11 11 10 10 11 11 11 12 15 13 14 14 18 16 27 20 27 31 41 0 54 51 52 26 24 25 19 21 24 19 19 15 21 16 13 19 11 12 16 10 9 8 5 6 6 7 9 4 7 5 6 3 3 5 3 5 
9 9 9 9 9 9 9 9 9 9 9 9 9 9 10 10 9 10 10 10 9 9 10 10 11 10 10 10 10 10 10 10 10 10 11 11 11 11 9 10 11 11 10 10 12 12 10 10 10 11 10 11 14 12 12 13 18 12 26 20 25 36 38 54 0 52 50 33 31 29 24 29 26 25 24 23 27 18 17 21 12 14 18 13 11 10 8 9 9 10 12 7 10 8 9 6 6 8 6 8 
13 13 13 13 13 13 13 13 13 13 13 13 13 13 14 14 13 14 14 14 13 13 14 14 15 14 14 14 14 14 14 14 14 14 15 15 15 15 13 14 15 15 14 14 15 15 14 14 14 14 14 15 18 16 16 17 22 15 29 24 28 37 41 51 52 0 49 37 33 31 26 29 29 26 24 24 29 20 18 22 14 15 19 13 12 11 8 9 9 10 12 7 10 8 9 6 6 8 6 8 
8 8 8 8 8 8 8 8 8 8 8 8 8 8 8 8 8 8 8 8 8 8 8 8 8 8 8 8 8 8 8 8 8 8 8 8 8 8 8 8 8 8 8 8 9 9 8 8 8 9 8 9 10 9 11 9 15 13 21 19 20 38 34 52 50 49 0 35 30 30 24 27 29 27 26 23 27 21 19 21 15 15 18 12 11 10 7 8 8 9 11 6 9 7 8 5 5 7 5 7 
9 9 9 9 9 9 9 9 9 9 9 9 9 9 9 9 9 9 9 9 9 9 9 9 10 10 10 9 9 9 10 10 10 10 10 10 10 10 9 9 10 10 9 10 11 11 9 10 9 11 10 10 12 11 13 11 15 13 23 18 24 25 29 26 33 37 35 0 35 33 23 29 31 24 26 20 24 18 15 20 14 14 19 14 11 10 8 9 9 10 12 7 10 8 9 6 6 8 6 8 
12 12 12 12 12 12 12 12 12 12 12 12 12 12 12 12 12 12 12 12 12 12 12 12 13 13 13 12 12 12 13 13 13 13 13 13 13 13 12 12 13 13 12 13 14 14 12 13 12 14 13 13 15 14 16 14 17 15 21 16 22 22 30 24 31 33 30 35 0 56 27 29 32 27 27 23 27 17 19 19 12 13 15 10 8 7 5 6 6 7 9 4 7 5 6 3 3 5 3 5 
9 9 9 9 9 9 9 9 9 9 9 9 9 9 9 9 9 9 9 9 9 9 9 9 10 10 10 9 9 9 10 10 10 10 10 10 10 10 9 9 10 10 9 10 11 11 9 10 9 11 10 10 12 11 14 11 16 13 20 14 21 22 27 25 29 31 30 33 56 0 30 33 32 27 29 25 28 20 19 18 14 13 16 11 8 7 5 6 6 7 9 4 7 5 6 3 3 5 3 5 
9 9 9 9 9 9 9 9 9 9 9 9 9 9 9 9 9 9 9 9 9 9 9 9 10 10 10 9 9 9 10 10 10 10 10 10 10 10 9 9 10 10 9 10 11 11 9 10 9 11 10 10 12 11 13 11 14 11 19 13 21 19 24 19 24 26 24 23 27 30 0 29 33 29 25 21 28 19 13 20 17 14 16 11 7 6 5 6 6 7 9 4 7 5 6 3 3 5 3 5 
12 12 12 12 12 12 12 12 12 12 12 12 12 12 12 12 12 12 12 12 12 12 12 12 13 13 13 12 12 12 13 13 13 13 13 13 13 13 12 12 13 13 12 13 14 14 12 13 12 14 13 13 15 14 15 14 16 13 20 14 22 22 28 21 29 29 27 29 29 33 29 0 49 45 44 32 42 27 22 28 21 20 22 14 13 11 8 9 9 10 12 7 10 8 9 6 6 8 6 8 
11 11 11 11 11 11 11 11 11 11 11 11 11 11 11 11 11 11 11 11 11 11 11 11 12 12 12 11 11 11 12 12 12 12 12 12 12 12 11 11 12 12 11 12 13 13 11 12 11 13 12 12 14 13 15 13 16 13 20 15 22 21 27 24 26 29 29 31 32 32 33 49 0 38 48 38 39 30 28 31 27 21 22 15 11 10 7 8 8 9 11 6 9 7 8 5 5 7 5 7 
12 12 12 12 12 12 12 12 12 12 12 12 12 12 12 12 12 12 12 12 12 12 12 12 13 13 13 12 12 12 13 13 13 13 13 13 13 13 12 12 13 13 12 13 14 14 12 13 12 14 13 13 15 14 15 14 16 13 18 14 20 20 26 19 25 26 27 24 27 27 29 45 38 0 52 36 44 30 25 30 24 21 23 17 11 11 8 8 8 9 11 6 9 7 8 5 5 7 5 7 
11 11 11 11 11 11 11 11 11 11 11 11 11 11 11 11 11 11 11 11 11 11 11 11 12 12 12 11 11 11 12 12 12 12 12 12 12 12 11 11 12 12 11 12 13 13 11 12 11 13 12 12 14 13 14 13 15 12 18 13 20 17 26 19 24 24 26 26 27 29 25 44 48 52 0 38 46 30 25 32 25 20 20 15 11 9 7 8 8 9 11 6 9 7 8 5 5 7 5 7 
10 10 10 10 10 10 10 10 10 10 10 10 10 10 10 10 10 10 10 10 10 10 10 10 11 11 11 10 10 10 11 11 11 11 11 11 11 11 10 10 11 11 10 11 12 12 10 11 10 12 11 11 13 12 13 12 14 11 17 12 19 18 23 15 23 24 23 20 23 25 21 32 38 36 38 0 60 31 25 29 25 19 20 14 10 9 6 7 7 8 10 5 8 6 7 4 4 6 4 6 
13 13 13 13 13 13 13 13 13 13 13 13 13 13 13 13 13 13 13 13 13 13 13 13 14 14 14 13 13 13 14 14 14 14 14 14 14 14 13 13 14 14 13 14 15 15 13 14 13 15 14 14 16 15 16 15 17 15 22 17 24 22 26 21 27 29 27 24 27 28 28 42 39 44 46 60 0 32 24 26 27 21 21 17 10 10 8 8 8 9 11 6 9 7 8 5 5 7 5 7 
10 10 10 10 10 10 10 10 10 10 10 10 10 10 10 10 10 10 10 10 10 10 10 10 10 10 10 10 10 10 10 10 10 10 10 10 10 10 10 10 10 10 10 10 11 11 10 10 10 11 10 11 12 11 13 11 14 12 17 13 19 15 21 16 18 20 21 18 17 20 19 27 30 30 30 31 32 0 58 35 41 25 23 16 11 11 8 8 8 9 11 6 9 7 8 5 5 7 5 7 
9 9 9 9 9 9 9 9 9 9 9 9 9 9 9 9 9 9 9 9 9 9 9 9 10 10 10 9 9 9 10 10 10 10 10 10 10 10 9 9 10 10 9 10 11 11 9 10 9 11 10 10 12 11 13 11 14 10 16 11 17 13 20 13 17 18 19 15 19 19 13 22 28 25 25 25 24 58 0 38 34 20 21 14 10 9 5 6 6 7 9 4 7 5 6 3 3 5 3 5 
11 11 11 11 11 11 11 11 11 11 11 11 11 11 11 11 11 11 11 11 11 11 11 11 12 12 12 11 11 11 12 12 12 12 12 12 12 12 11 11 12 12 11 12 13 13 11 12 11 14 13 12 14 13 16 13 16 14 19 15 21 18 21 19 21 22 21 20 19 18 20 28 31 30 32 29 26 35 38 0 60 31 21 17 10 10 8 8 8 9 11 6 9 7 8 5 5 7 5 7 
6 6 6 6 6 6 6 6 6 6 6 6 6 6 6 6 6 6 6 6 6 6 6 6 7 7 7 6 6 6 7 7 7 7 7 7 7 7 6 6 7 7 6 7 8 8 6 7 6 8 7 7 9 8 10 8 11 7 12 9 14 10 16 11 12 14 15 14 12 14 17 21 27 24 25 25 27 41 34 60 0 26 23 15 11 11 7 7 7 8 10 5 8 6 7 4 4 6 4 6 
8 8 8 8 8 8 8 8 8 8 8 8 8 8 8 8 8 8 8 8 8 8 8 8 8 8 8 8 8 8 8 8 8 8 8 8 8 8 8 8 8 8 8 8 9 9 8 8 8 10 9 9 10 9 12 9 12 10 12 10 14 11 16 12 14 15 15 14 13 13 14 20 21 21 20 19 21 25 20 31 26 0 25 18 13 10 8 9 9 10 10 7 8 6 7 4 4 6 4 6 
13 13 13 13 13 13 13 13 13 13 13 13 13 13 13 13 13 13 13 13 13 13 13 13 13 13 13 13 13 13 13 13 13 13 13 13 13 13 13 13 13 13 13 13 14 14 13 13 13 15 14 14 15 14 17 14 17 15 17 15 18 15 19 16 18 19 18 19 15 16 16 22 22 23 20 20 21 23 21 21 23 25 0 63 13 13 13 13 12 12 12 9 10 8 9 6 6 8 6 8 
8 8 8 8 8 8 8 8 8 8 8 8 8 8 8 8 8 8 8 8 8 8 8 8 8 8 8 8 8 8 8 8 8 8 8 8 8 8 8 8 8 8 8 8 8 8 8 8 8 9 9 9 10 9 12 9 12 9 11 10 13 11 13 10 13 13 12 14 10 11 11 14 15 17 15 14 17 16 14 17 15 18 63 0 17 15 13 13 12 11 13 8 10 8 9 6 6 8 6 8 
6 6 6 6 6 6 6 6 6 6 6 6 6 6 6 6 6 6 6 6 6 6 6 6 6 6 6 6 6 6 6 6 6 6 6 6 6 6 6 6 6 6 6 6 7 7 6 6 6 8 7 7 8 7 10 7 10 8 10 8 11 8 12 9 11 12 11 11 8 8 7 13 11 11 11 10 10 11 10 10 11 13 13 17 0 31 11 12 12 10 10 7 7 5 6 3 3 5 3 5 
5 5 5 5 5 5 5 5 5 5 5 5 5 5 5 5 5 5 5 5 5 5 5 5 5 5 5 5 5 5 5 5 5 5 5 5 5 5 5 5 5 5 5 5 6 6 5 5 5 7 6 6 7 6 9 6 9 7 9 7 10 7 11 8 10 11 10 10 7 7 6 11 10 11 9 9 10 11 9 10 11 10 13 15 31 0 17 16 13 13 15 8 10 8 9 5 5 7 5 7 
4 4 4 4 4 4 4 4 4 4 4 4 4 4 4 4 4 4 4 4 4 4 4 4 4 4 4 4 4 4 4 4 4 4 4 4 4 4 4 4 4 4 4 4 4 4 4 4 4 5 5 5 6 5 8 5 8 5 7 6 8 6 8 5 8 8 7 8 5 5 5 8 7 8 7 6 8 8 5 8 7 8 13 13 11 17 0 36 17 15 16 10 11 9 10 6 5 7 5 7 
5 5 5 5 5 5 5 5 5 5 5 5 5 5 5 5 5 5 5 5 5 5 5 5 5 5 5 5 5 5 5 5 5 5 5 5 5 5 5 5 5 5 5 5 5 5 5 5 5 6 6 6 7 6 9 6 9 6 8 7 9 7 9 6 9 9 8 9 6 6 6 9 8 8 8 7 8 8 6 8 7 9 13 13 12 16 36 0 21 16 18 11 12 10 11 7 6 8 6 8 
5 5 5 5 5 5 5 5 5 5 5 5 5 5 5 5 5 5 5 5 5 5 5 5 5 5 5 5 5 5 5 5 5 5 5 5 5 5 5 5 5 5 5 5 5 5 5 5 5 6 6 6 7 6 9 6 9 6 8 7 9 7 9 6 9 9 8 9 6 6 6 9 8 8 8 7 8 8 6 8 7 9 12 12 12 13 17 21 0 18 18 12 12 11 12 8 6 8 6 8 
6 6 6 6 6 6 6 6 6 6 6 6 6 6 6 6 6 6 6 6 6 6 6 6 6 6 6 6 6 6 6 6 6 6 6 6 6 6 6 6 6 6 6 6 6 6 6 6 6 7 7 7 8 7 10 7 10 7 9 8 10 8 10 7 10 10 9 10 7 7 7 10 9 9 9 8 9 9 7 9 8 10 12 11 10 13 15 16 18 0 67 26 12 12 13 8 5 6 5 6 
8 8 8 8 8 8 8 8 8 8 8 8 8 8 8 8 8 8 8 8 8 8 8 8 8 8 8 8 8 8 8 8 8 8 8 8 8 8 8 8 8 8 8 8 8 8 8 8 8 9 9 9 10 9 12 9 12 9 11 10 12 10 12 9 12 12 11 12 9 9 9 12 11 11 11 10 11 11 9 11 10 10 12 13 10 15 16 18 18 67 0 32 14 15 16 12 9 10 9 10 
3 3 3 3 3 3 3 3 3 3 3 3 3 3 3 3 3 3 3 3 3 3 3 3 3 3 3 3 3 3 3 3 3 3 3 3 3 3 3 3 3 3 3 3 3 3 3 3 3 4 4 4 5 4 7 4 7 4 6 5 7 5 7 4 7 7 6 7 4 4 4 7 6 6 6 5 6 6 4 6 5 7 9 8 7 8 10 11 12 26 32 0 14 14 15 10 6 6 5 6 
6 6 6 6 6 6 6 6 6 6 6 6 6 6 6 6 6 6 6 6 6 6 6 6 6 6 6 6 6 6 6 6 6 6 6 6 6 6 6 6 6 6 6 6 6 6 6 6 6 7 7 7 8 7 10 7 10 7 9 8 10 8 10 7 10 10 9 10 7 7 7 10 9 9 9 8 9 9 7 9 8 8 10 10 7 10 11 12 12 12 14 14 0 69 70 69 18 22 20 22 
4 4 4 4 4 4 4 4 4 4 4 4 4 4 4 4 4 4 4 4 4 4 4 4 4 4 4 4 4 4 4 4 4 4 4 4 4 4 4 4 4 4 4 4 4 4 4 4 4 5 5 5 6 5 8 5 8 5 7 6 8 6 8 5 8 8 7 8 5 5 5 8 7 7 7 6 7 7 5 7 6 6 8 8 5 8 9 10 11 12 15 14 69 0 32 68 18 19 18 19 
5 5 5 5 5 5 5 5 5 5 5 5 5 5 5 5 5 5 5 5 5 5 5 5 5 5 5 5 5 5 5 5 5 5 5 5 5 5 5 5 5 5 5 5 5 5 5 5 5 6 6 6 7 6 9 6 9 6 8 7 9 7 9 6 9 9 8 9 6 6 6 9 8 8 8 7 8 8 6 8 7 7 9 9 6 9 10 11 12 13 16 15 70 32 0 67 19 20 19 20 
2 2 2 2 2 2 2 2 2 2 2 2 2 2 2 2 2 2 2 2 2 2 2 2 2 2 2 2 2 2 2 2 2 2 2 2 2 2 2 2 2 2 2 2 2 2 2 2 2 3 3 3 4 3 6 3 6 3 5 4 6 4 6 3 6 6 5 6 3 3 3 6 5 5 5 4 5 5 3 5 4 4 6 6 3 5 6 7 8 8 12 10 69 68 67 0 10 12 11 12 
2 2 2 2 2 2 2 2 2 2 2 2 2 2 2 2 2 2 2 2 2 2 2 2 2 2 2 2 2 2 2 2 2 2 2 2 2 2 2 2 2 2 2 2 2 2 2 2 2 3 3 3 4 3 6 3 6 3 5 4 6 4 6 3 6 6 5 6 3 3 3 6 5 5 5 4 5 5 3 5 4 4 6 6 3 5 5 6 6 5 9 6 18 18 19 10 0 34 31 34 
4 4 4 4 4 4 4 4 4 4 4 4 4 4 4 4 4 4 4 4 4 4 4 4 4 4 4 4 4 4 4 4 4 4 4 4 4 4 4 4 4 4 4 4 4 4 4 4 4 5 5 5 6 5 8 5 8 5 7 6 8 6 8 5 8 8 7 8 5 5 5 8 7 7 7 6 7 7 5 7 6 6 8 8 5 7 7 8 8 6 10 6 22 19 20 12 34 0 67 20 
2 2 2 2 2 2 2 2 2 2 2 2 2 2 2 2 2 2 2 2 2 2 2 2 2 2 2 2 2 2 2 2 2 2 2 2 2 2 2 2 2 2 2 2 2 2 2 2 2 3 3 3 4 3 6 3 6 3 5 4 6 4 6 3 6 6 5 6 3 3 3 6 5 5 5 4 5 5 3 5 4 4 6 6 3 5 5 6 6 5 9 5 20 18 19 11 31 67 0 33 
4 4 4 4 4 4 4 4 4 4 4 4 4 4 4 4 4 4 4 4 4 4 4 4 4 4 4 4 4 4 4 4 4 4 4 4 4 4 4 4 4 4 4 4 4 4 4 4 4 5 5 5 6 5 8 5 8 5 7 6 8 6 8 5 8 8 7 8 5 5 5 8 7 7 7 6 7 7 5 7 6 6 8 8 5 7 7 8 8 6 10 6 22 19 20 12 34 20 33 0 

Rho histogram: 
4 1 1 4 2 2 2 0 1 3 1 0 0 1 5 7 15 18 9 24 

Summary:
objF nSamp nIter rhoMean rhoStDev rProp hitsProp rankHitsProp
Ham 100 100 0.7499193519351935 0.2843287327200362 0 0 0.147

Time:  54.654229974s
=======================================================
