=======================================================
Objective function:  Ine
Matrix:  I100.csv
Iterations:  100
Heuristic for search:  RobSA3
Improvement function # 0
Window width for improvement:  0
Heuristic for improvement:  RobSA3
Seed:  33
=======================================================

Best permutations: 
0 1 2 3 4 5 6 7 8 9 11 13 10 15 16 19 12 14 17 18 20 21 22 23 24 27 30 25 26 28 32 31 29 33 35 34 36 37 38 39 40 41 43 42 45 44 48 46 47 49 50 53 51 54 52 55 56 57 60 58 59 63 61 62 64 65 67 66 68 69 70 72 73 74 76 71 77 75 79 80 78 81 83 85 82 84 86 87 88 90 89 93 91 94 92 95 97 96 99 98 
0 1 2 3 4 5 6 7 8 9 11 13 10 15 16 19 12 14 17 18 20 21 22 24 23 27 25 30 26 28 32 31 29 33 35 34 36 37 38 39 40 41 43 42 45 44 46 48 47 49 50 53 51 54 55 52 56 57 60 58 59 63 61 62 64 65 67 66 68 69 70 72 73 74 76 71 77 75 79 80 78 81 83 85 82 84 87 86 88 90 89 93 91 94 92 95 97 96 99 98 
0 1 2 3 4 5 6 7 8 9 11 13 10 15 16 19 12 14 17 18 20 21 22 24 23 27 25 30 26 28 32 31 29 33 35 34 36 37 38 39 40 41 43 42 45 44 48 46 47 49 50 53 51 54 52 55 56 57 60 58 59 63 61 62 65 64 67 66 68 69 70 72 73 74 76 71 77 75 79 80 78 81 83 85 82 84 86 87 88 90 89 93 91 94 92 95 97 96 99 98 
0 1 2 3 4 5 6 7 8 9 11 13 10 15 16 19 12 14 17 18 20 21 22 24 23 27 25 30 26 28 32 31 29 33 35 34 36 37 38 39 40 41 43 42 45 44 48 46 47 49 50 53 51 54 52 55 56 57 60 58 59 63 61 62 64 65 67 66 68 69 70 72 73 74 76 71 77 75 79 80 78 81 83 85 82 84 86 87 88 90 89 93 91 94 92 95 97 96 99 98 
0 1 2 3 4 5 6 7 8 9 11 13 10 15 16 19 12 14 17 18 20 21 22 24 23 27 25 30 26 28 32 29 31 33 34 36 35 37 38 39 40 41 43 45 42 44 48 46 47 49 50 53 51 52 54 55 56 57 60 58 59 63 61 62 64 65 67 66 68 69 70 72 73 74 76 71 77 75 79 80 78 81 83 85 82 84 86 87 88 90 89 93 91 94 92 95 97 96 99 98 
0 1 2 3 4 5 6 7 8 9 11 13 10 15 16 19 12 14 17 18 20 21 22 24 23 27 25 30 26 28 32 31 29 33 35 34 36 37 38 39 40 41 43 42 45 44 48 46 47 49 50 53 54 51 52 55 56 57 60 58 59 63 61 62 64 65 67 66 68 69 70 72 73 74 76 71 77 75 79 80 78 81 83 85 82 84 86 87 88 90 89 93 91 94 92 95 97 96 99 98 
0 1 2 3 4 5 6 7 8 9 11 13 10 15 16 19 12 14 17 18 20 21 22 24 23 27 25 30 26 28 32 31 29 33 35 34 36 37 38 39 40 41 43 42 45 44 48 46 47 49 50 53 51 52 55 56 54 57 60 59 58 61 63 62 64 65 67 66 68 69 70 72 73 76 74 77 71 75 79 80 78 81 83 85 82 84 86 87 88 90 89 93 91 94 92 95 97 96 99 98 
0 1 2 3 4 5 6 7 8 9 11 13 10 15 16 19 12 14 17 18 20 21 22 24 27 23 25 30 26 28 32 31 29 33 35 34 36 37 38 39 40 41 43 42 44 45 46 48 47 50 49 53 51 54 52 55 56 57 60 58 59 63 61 62 64 65 67 66 68 69 70 72 73 74 76 71 77 75 79 80 78 81 83 85 82 84 86 87 88 90 89 93 91 94 92 95 97 96 99 98 
0 1 2 3 4 5 6 7 8 9 11 13 10 15 16 19 12 14 18 17 20 21 22 24 23 27 25 30 26 28 32 31 29 33 35 34 36 37 38 39 40 41 43 42 45 44 48 46 47 49 50 53 51 54 55 52 56 60 57 58 59 63 61 62 64 65 67 66 68 69 70 72 73 74 76 71 77 75 79 80 78 81 83 85 82 84 86 87 88 90 89 93 91 94 92 95 97 96 99 98 
0 1 2 3 4 5 6 7 8 9 11 13 10 15 16 19 12 14 17 18 20 21 22 24 23 27 25 30 26 28 32 31 29 33 35 34 36 37 38 39 40 41 43 42 45 44 48 46 47 49 50 53 51 54 52 55 56 57 60 58 59 63 61 62 64 65 67 66 68 69 70 72 73 74 76 71 77 75 79 80 78 81 83 85 82 84 86 87 88 90 89 93 91 94 92 95 97 96 99 98 
0 1 2 3 4 5 6 7 8 9 11 13 10 15 16 19 12 14 17 18 20 21 22 24 23 27 25 30 26 28 32 31 29 33 35 34 36 37 38 39 40 41 43 42 44 45 46 48 47 49 50 53 51 54 52 55 56 57 60 58 59 63 61 64 62 65 67 66 68 69 70 72 73 74 76 71 77 75 79 80 78 81 83 85 82 84 86 87 88 90 89 93 91 94 92 95 97 96 99 98 
0 1 2 3 4 5 6 7 8 11 9 10 13 15 16 19 12 14 17 18 20 21 22 24 23 27 25 30 26 28 32 31 29 33 35 34 36 37 38 39 40 41 43 42 45 44 48 46 47 49 50 53 51 54 52 55 56 57 60 58 59 63 61 62 64 65 67 66 68 69 70 72 73 74 76 77 71 75 79 80 78 81 83 85 82 84 86 87 88 90 89 93 91 94 92 95 97 96 99 98 
0 1 2 3 4 5 6 7 8 9 11 13 10 15 16 19 12 14 17 18 20 22 21 24 23 27 25 30 28 26 32 31 29 33 34 35 36 37 38 39 40 41 43 42 45 44 48 46 47 49 50 53 51 54 52 55 56 57 60 58 59 61 63 62 64 65 67 66 68 69 70 72 73 74 76 71 77 75 79 80 78 81 83 85 82 84 86 87 88 90 89 93 91 94 92 95 97 96 99 98 
0 1 2 3 4 5 6 7 8 9 11 13 10 15 16 19 12 14 17 18 20 21 22 24 23 27 25 30 26 28 32 31 29 33 34 35 36 37 38 39 40 41 43 42 45 44 48 46 47 50 49 53 51 54 52 55 56 57 60 58 59 63 61 62 64 65 67 66 68 69 70 73 72 74 76 71 77 75 79 80 78 81 83 85 82 84 86 87 88 90 89 93 91 94 92 95 97 96 99 98 
0 1 2 3 4 5 6 7 8 9 11 13 10 15 16 19 12 14 17 18 20 21 22 24 23 27 25 30 26 28 32 31 29 33 34 36 35 37 38 39 40 41 43 42 45 44 48 46 47 49 50 53 51 54 55 52 56 57 60 58 59 63 61 62 65 64 67 66 68 69 70 72 73 74 76 71 77 75 79 80 78 81 83 85 82 84 86 87 88 90 89 93 91 94 92 95 97 96 99 98 
0 1 2 3 4 5 6 7 8 9 11 13 10 15 16 19 12 14 17 18 20 21 22 24 23 27 25 30 26 28 32 31 29 33 35 34 36 37 38 39 40 41 43 42 45 44 48 46 47 49 50 53 51 54 52 55 56 57 60 58 59 63 61 62 64 65 67 66 68 69 70 73 72 74 76 77 71 75 79 80 78 81 83 85 82 84 86 87 88 90 89 93 91 94 92 95 97 96 99 98 
0 1 2 3 4 5 6 7 8 9 11 13 10 15 16 19 12 14 17 18 20 21 22 24 23 27 25 30 26 28 32 31 29 33 35 34 36 37 38 39 40 41 42 45 43 44 48 46 47 49 50 53 51 54 52 55 56 57 60 58 59 63 61 62 64 65 67 66 68 69 70 72 73 74 76 71 77 75 79 80 78 81 83 85 82 84 86 87 88 90 89 93 91 94 92 95 97 96 99 98 
0 1 2 3 4 5 6 7 8 9 11 13 10 15 16 12 19 14 17 18 20 21 22 24 23 27 25 30 26 28 32 31 29 33 34 35 36 37 38 39 40 41 43 42 45 44 48 46 47 49 50 53 51 54 52 55 56 57 60 58 59 63 61 62 64 65 67 66 68 69 70 73 72 74 76 71 77 75 79 80 78 81 83 85 82 84 86 87 88 90 89 93 91 94 92 95 97 96 99 98 
0 1 2 3 4 5 6 7 8 9 11 13 10 15 16 19 12 14 17 18 20 21 22 24 23 27 25 30 26 28 32 31 29 33 35 34 36 37 38 39 40 41 43 42 45 44 48 46 47 49 50 53 51 54 52 55 56 57 60 58 59 63 61 62 64 65 67 66 68 69 70 72 73 74 76 71 77 75 79 80 78 81 83 85 82 84 86 87 88 90 89 93 91 94 92 95 97 96 99 98 
0 1 2 3 4 5 6 7 8 9 11 13 10 15 16 19 12 14 17 18 20 21 22 24 23 27 25 30 26 28 32 31 29 33 35 34 36 37 38 39 40 42 41 43 45 44 48 46 47 49 50 53 51 54 52 55 56 57 60 58 59 61 63 62 64 65 67 66 68 69 70 72 73 74 76 71 77 75 79 78 80 81 83 85 82 84 86 87 88 90 89 93 91 94 92 95 97 96 99 98 
0 1 2 3 4 5 6 7 8 9 11 10 13 15 16 19 12 14 17 18 20 21 22 24 23 27 25 30 26 28 32 31 29 33 35 34 36 37 38 39 40 41 42 43 45 44 48 46 47 50 49 53 51 54 55 52 56 57 60 58 59 63 61 64 62 65 67 66 68 69 70 72 73 74 76 71 77 75 79 80 78 81 83 82 85 84 86 87 88 90 89 93 91 94 92 95 97 96 99 98 
0 1 2 3 4 5 6 7 8 9 11 13 10 15 16 19 12 14 17 18 20 21 22 24 23 27 25 30 26 28 32 31 29 33 35 34 36 37 38 39 40 41 43 42 45 44 48 46 47 49 50 53 51 52 54 55 56 57 60 58 59 63 61 62 64 65 67 66 68 69 70 72 73 74 76 71 77 75 79 80 78 81 83 85 82 84 86 87 88 90 89 93 91 94 92 95 97 96 99 98 
0 1 2 3 4 5 6 7 8 9 11 13 10 15 16 19 12 14 17 18 20 21 22 24 23 27 25 30 26 28 32 31 29 33 35 34 36 37 38 39 40 41 43 42 45 44 48 46 47 49 50 53 51 54 52 55 56 57 60 58 59 63 61 62 64 65 67 66 68 69 70 72 73 74 76 71 77 75 79 80 78 81 83 85 82 84 86 87 88 90 89 93 91 94 92 95 97 96 99 98 
0 1 2 3 4 5 6 7 8 9 11 13 10 15 16 19 12 14 17 18 20 21 22 24 23 27 25 30 26 28 32 31 29 33 35 34 36 37 38 39 40 41 42 43 45 44 48 46 47 49 50 53 51 54 52 55 56 60 57 58 59 63 61 62 64 65 67 66 68 69 70 73 72 74 76 71 77 75 79 80 78 81 83 85 82 84 86 87 88 90 89 93 91 94 92 95 97 96 99 98 
0 1 2 3 4 5 6 7 8 9 11 13 10 15 16 19 12 14 17 18 20 21 22 24 23 27 30 25 26 28 32 31 29 33 35 34 36 37 38 39 40 41 43 42 45 44 48 46 47 49 50 53 51 54 52 55 57 60 56 58 63 59 61 62 64 65 67 66 68 69 70 72 73 74 76 71 77 75 79 80 78 81 83 85 82 84 86 87 88 90 89 93 91 94 92 95 97 96 99 98 
0 1 2 3 4 5 6 7 8 9 11 13 10 15 16 19 12 14 18 17 20 21 22 24 23 27 25 30 26 28 32 31 29 33 35 34 36 37 38 39 40 41 43 42 45 44 48 46 47 49 50 53 51 54 52 55 56 57 60 58 59 63 61 62 64 65 67 66 68 69 70 72 73 74 76 77 71 75 79 80 78 81 83 85 82 84 86 87 88 90 89 93 91 94 92 95 97 96 99 98 
0 1 2 3 4 5 6 7 8 9 11 13 10 15 16 19 12 14 17 18 20 21 22 24 23 27 25 30 26 28 32 31 29 33 35 34 36 37 38 39 40 41 43 42 45 44 48 46 47 50 49 53 51 54 52 55 56 57 60 58 59 63 61 62 64 65 67 66 68 69 70 72 73 74 76 71 77 75 79 80 78 81 83 85 82 84 86 87 90 88 89 93 91 94 92 95 97 96 99 98 
0 1 2 3 4 5 6 7 8 9 11 13 10 15 16 19 12 14 17 18 20 21 22 23 24 27 25 30 26 28 32 31 29 33 35 34 36 37 38 39 40 41 43 42 44 45 48 46 47 49 50 53 51 54 52 55 56 57 60 58 59 63 61 62 64 65 67 66 68 69 70 72 73 74 76 71 77 75 79 80 78 81 83 85 82 84 86 87 88 90 89 93 91 94 92 95 97 96 99 98 
0 1 2 3 4 5 6 7 8 9 11 13 10 15 16 19 12 14 17 18 20 21 22 24 23 27 25 30 26 28 32 31 29 33 35 34 36 37 38 39 40 41 43 42 45 44 48 46 47 49 50 53 51 54 52 55 56 57 60 58 59 63 61 62 64 65 67 66 68 69 70 72 73 74 76 71 77 75 79 80 78 81 83 85 82 84 86 87 88 90 89 93 91 94 92 95 97 96 99 98 
0 1 2 3 4 5 6 7 8 9 11 13 10 15 16 19 12 14 17 18 20 21 22 24 23 27 25 30 26 28 32 31 29 33 35 34 36 37 38 39 41 40 43 42 45 44 48 46 47 49 50 53 51 54 52 55 56 57 60 58 59 63 61 62 64 65 67 66 68 69 70 72 73 74 76 71 77 75 79 78 80 81 83 85 82 84 86 87 88 90 89 93 91 94 92 95 97 96 99 98 
0 1 2 3 4 5 6 7 8 9 11 13 10 15 16 19 12 14 17 18 20 21 22 24 23 27 25 30 26 28 32 31 29 33 35 34 36 37 38 39 40 41 43 42 44 45 48 46 47 49 50 51 53 54 52 55 56 57 60 58 59 63 61 62 64 65 67 66 68 69 70 72 73 74 76 71 77 75 79 80 78 81 83 85 82 84 86 87 88 90 89 93 91 94 92 95 97 96 99 98 
0 1 2 3 4 5 6 7 8 9 11 13 10 15 16 19 12 14 17 18 20 21 22 24 23 27 25 30 26 28 32 31 29 33 35 34 36 37 38 39 40 41 43 42 44 45 46 48 47 49 50 53 51 54 52 55 56 57 60 58 59 63 61 64 62 65 67 66 68 69 72 70 73 76 74 71 77 79 75 80 78 81 83 85 82 84 86 87 88 90 89 91 93 94 92 95 97 96 99 98 
0 1 2 3 4 5 6 7 8 9 11 13 10 15 16 19 12 14 17 18 20 21 22 24 23 27 25 30 26 28 32 31 29 33 35 34 36 37 38 39 40 41 43 42 45 44 48 46 47 49 50 53 51 54 52 55 56 57 60 58 59 63 61 62 64 65 67 66 68 69 70 72 73 74 76 71 77 75 79 80 78 81 83 85 82 84 86 87 88 90 89 93 91 94 92 95 97 96 99 98 
0 1 2 3 4 5 6 7 8 9 11 13 10 15 16 19 12 14 17 18 20 21 22 24 23 27 25 30 26 28 32 31 29 33 35 34 36 37 38 39 40 41 42 43 45 44 48 46 47 49 50 53 51 54 52 55 56 57 60 58 59 63 61 62 64 65 67 66 68 69 70 72 73 74 76 71 77 75 79 80 78 81 83 85 82 84 86 87 88 90 89 93 91 94 92 95 97 96 99 98 
0 1 2 3 4 5 6 7 8 9 11 13 10 15 16 19 12 14 17 18 20 21 22 24 23 27 25 30 26 28 32 31 29 33 35 34 36 37 38 39 40 41 43 42 45 44 48 46 47 49 50 53 51 52 54 55 56 57 60 58 59 63 61 62 64 65 67 66 68 69 70 72 73 74 76 71 77 75 79 80 78 81 83 85 82 84 86 87 88 90 89 93 91 94 92 95 97 96 99 98 
0 1 2 3 4 5 6 7 8 9 11 13 10 15 16 19 12 14 17 18 20 21 22 24 23 27 25 30 26 28 32 31 29 33 35 34 36 37 38 39 40 41 43 42 45 44 48 46 47 49 50 53 51 54 52 55 56 57 60 58 59 63 61 62 64 65 67 66 68 69 70 72 73 74 76 71 77 75 79 80 78 81 83 85 82 84 86 87 88 90 89 93 91 94 92 95 97 96 99 98 
0 1 2 3 4 5 6 7 8 9 11 13 10 15 16 19 12 14 17 18 20 21 22 24 23 27 25 30 26 28 32 31 29 33 35 34 36 37 38 39 40 41 43 42 45 44 48 46 47 49 50 53 51 54 52 55 56 57 60 58 59 63 61 62 65 64 67 66 68 69 70 72 73 74 76 71 77 75 79 80 78 81 83 85 82 84 86 87 88 90 89 93 91 94 92 95 97 96 99 98 
0 1 2 3 4 5 6 7 8 9 11 13 10 15 16 19 12 14 18 17 21 20 22 24 23 27 25 30 26 28 32 31 29 33 35 34 36 37 39 38 41 40 43 42 45 44 48 46 47 49 50 51 53 54 52 55 56 57 60 58 59 63 61 62 64 65 67 66 68 69 70 72 73 74 76 71 77 75 79 80 78 81 83 85 82 84 86 87 88 90 89 93 91 94 92 95 97 96 99 98 
0 1 2 3 4 5 6 7 8 9 11 13 10 15 16 19 12 14 18 17 20 21 22 24 23 27 25 30 26 28 32 31 29 33 35 34 37 36 38 39 41 40 42 43 45 44 48 46 47 50 49 53 51 54 52 55 56 57 60 58 59 63 61 62 64 65 67 66 68 69 70 73 72 74 76 71 77 75 79 80 78 81 83 85 82 84 86 87 88 90 89 93 91 94 92 95 97 96 99 98 
0 1 2 3 4 5 6 7 8 9 11 13 10 15 16 19 12 14 17 18 20 21 22 24 23 27 25 30 26 28 32 31 29 33 35 34 36 37 38 39 40 41 43 42 45 44 48 46 47 49 50 53 51 54 52 55 56 57 60 58 59 63 61 62 64 65 67 66 68 69 72 70 73 74 76 77 71 79 75 80 78 81 83 85 82 84 86 87 88 90 89 91 93 94 92 95 97 96 99 98 
0 1 2 3 4 5 6 7 8 9 11 13 10 15 16 19 12 14 17 18 20 21 22 24 23 27 25 30 26 28 32 31 29 33 35 34 37 36 38 39 41 40 43 42 45 44 48 46 47 49 50 53 51 54 52 55 56 57 60 58 59 63 61 62 65 64 67 66 68 69 72 70 73 74 76 71 77 75 79 80 78 81 83 82 85 84 86 87 88 90 89 93 91 94 92 95 97 96 99 98 
0 1 2 3 4 5 6 7 8 9 11 13 10 15 16 19 12 14 17 18 20 21 22 23 27 24 25 30 26 28 31 32 29 33 35 34 36 37 38 39 40 41 43 42 45 44 48 46 47 49 50 53 51 54 52 55 56 57 60 58 59 63 61 62 64 65 67 66 68 69 70 72 73 74 76 71 77 75 79 80 78 81 83 85 82 84 86 87 88 90 89 93 91 94 92 95 97 96 99 98 
0 1 2 3 4 5 6 7 8 9 11 13 10 15 16 19 12 14 17 18 20 21 22 24 23 27 25 30 26 28 31 32 29 33 35 34 36 37 38 39 40 41 43 42 45 44 48 46 47 49 50 53 51 54 52 55 56 57 60 58 59 63 61 62 64 65 67 66 68 69 70 72 73 74 76 71 77 75 79 80 78 81 83 85 82 84 86 87 88 90 89 93 91 94 92 95 97 96 99 98 
0 1 2 3 4 5 6 7 8 11 9 13 10 15 16 19 12 14 17 18 20 21 22 24 23 27 25 30 26 28 32 31 29 33 35 34 36 37 38 39 40 41 43 42 45 44 48 46 47 49 50 53 51 54 52 55 56 57 60 58 59 63 61 62 64 65 67 66 68 69 70 72 73 74 76 71 77 75 79 80 78 81 83 82 85 84 86 87 88 90 89 93 91 94 92 95 97 96 99 98 
0 1 2 3 4 5 6 7 8 9 11 13 10 15 16 19 12 14 17 18 20 21 22 24 23 27 25 30 26 28 32 31 29 33 35 34 36 37 38 39 40 41 43 42 45 44 48 46 47 49 50 53 51 54 52 55 56 57 60 58 59 63 61 62 64 65 67 66 68 69 70 72 73 74 76 71 77 75 79 80 78 81 83 85 82 84 86 87 88 90 89 93 91 94 92 95 97 96 99 98 
0 1 2 3 4 5 6 7 8 9 11 13 10 15 16 19 12 14 17 18 20 21 22 24 23 27 25 26 30 28 32 31 29 33 35 34 37 36 38 39 40 41 43 42 45 44 48 46 47 49 50 53 51 54 52 55 56 57 60 58 59 63 61 62 64 65 67 66 68 69 70 73 72 74 76 71 77 75 79 80 78 81 83 85 82 84 86 87 88 90 89 93 91 94 92 95 97 96 99 98 
0 1 2 3 4 5 6 7 8 9 11 13 10 15 16 19 12 14 17 18 20 21 22 24 23 27 25 30 26 28 32 31 29 33 35 34 36 37 38 39 40 41 43 42 45 44 48 46 47 49 50 53 51 54 55 52 56 57 60 58 59 63 61 62 64 65 67 66 68 69 70 72 73 74 76 71 77 75 79 80 78 81 83 85 82 84 86 87 88 90 89 93 91 94 92 95 97 96 99 98 
0 1 2 3 4 5 6 7 8 9 11 13 10 15 16 19 12 14 17 18 20 21 22 24 23 27 30 26 25 28 32 31 29 33 35 34 36 37 38 39 40 41 43 42 45 44 48 46 47 49 50 53 51 54 52 55 56 57 60 58 59 63 61 62 64 65 67 66 68 69 70 72 73 74 76 71 77 75 79 80 78 81 82 83 85 84 86 87 88 90 89 93 91 94 92 95 97 96 99 98 
0 1 2 3 4 5 6 7 8 9 11 13 10 15 16 12 19 14 17 18 20 22 21 24 23 27 25 30 26 28 32 31 29 33 34 35 36 37 38 39 40 41 43 42 45 44 48 46 47 49 50 53 51 54 52 55 56 57 60 59 58 63 61 62 64 65 67 66 68 69 70 72 73 74 76 71 77 75 79 80 78 81 83 85 82 84 86 87 88 90 89 93 91 94 92 95 97 96 99 98 
0 1 2 3 4 5 6 7 8 9 11 13 10 15 16 19 12 14 17 18 20 21 22 24 23 27 25 30 26 28 32 31 29 33 35 34 36 37 38 39 40 41 43 42 45 44 48 46 47 50 49 53 51 54 52 55 56 57 60 58 59 63 61 62 64 65 67 66 68 69 70 72 73 74 76 71 77 75 79 80 78 81 83 85 82 84 86 87 88 90 89 93 91 94 92 95 97 96 99 98 
0 1 2 3 4 5 6 7 8 9 11 13 10 15 16 19 12 14 17 18 20 21 22 24 23 27 30 25 26 28 32 31 29 33 35 34 36 37 39 38 40 41 43 42 45 44 48 46 47 49 50 53 51 54 52 55 56 57 60 58 59 63 61 62 64 65 67 66 69 68 70 72 73 74 76 71 77 75 79 80 78 81 83 85 82 84 86 87 88 90 89 93 91 94 92 95 97 96 99 98 
0 1 2 3 4 5 6 7 8 9 11 13 10 15 16 19 12 14 17 18 20 21 22 24 23 27 25 30 26 28 32 31 29 33 34 35 36 37 38 39 40 41 43 42 45 44 48 46 47 49 50 53 51 54 52 55 56 57 60 58 59 63 61 62 64 65 67 66 68 69 70 72 73 74 76 71 77 75 79 80 78 81 83 85 82 84 86 87 90 88 89 93 91 94 92 95 97 96 99 98 
0 1 2 3 4 5 6 7 8 9 11 13 10 15 16 19 12 14 17 18 20 21 22 24 23 27 25 30 26 28 32 31 29 33 35 34 36 37 38 39 40 41 42 43 45 44 48 46 47 49 50 53 51 54 52 55 56 57 60 58 59 63 61 62 64 65 67 66 69 68 70 72 73 74 76 71 77 75 79 80 78 81 83 85 82 84 86 87 88 90 89 91 93 94 92 95 97 96 99 98 
0 1 2 3 4 5 6 7 8 9 11 13 10 15 16 19 12 14 17 18 20 21 22 24 23 27 25 30 26 28 32 31 29 33 35 34 36 37 38 39 40 41 43 42 45 44 48 46 47 49 50 53 51 54 52 55 56 57 60 58 59 63 61 62 64 65 67 66 68 69 70 72 73 74 76 71 77 75 79 80 78 81 83 85 82 84 87 86 88 90 89 91 93 94 92 95 97 96 99 98 
0 1 2 3 4 5 6 7 8 9 11 13 10 15 16 19 12 14 17 18 20 21 22 24 23 27 25 30 26 28 32 31 29 33 35 34 36 37 38 39 40 41 43 42 44 45 48 46 47 49 50 53 51 54 52 55 56 57 60 58 59 63 61 62 64 65 67 66 68 69 70 73 72 74 76 71 77 75 79 80 78 81 83 85 82 84 86 87 88 90 89 93 91 94 92 95 97 96 99 98 
0 1 2 3 4 5 6 7 8 9 11 13 10 15 16 19 12 14 17 18 20 21 22 24 23 27 25 30 26 28 32 31 29 33 35 34 36 37 38 39 40 41 43 42 45 44 48 46 47 49 50 53 51 54 52 55 56 57 60 58 59 63 61 62 64 65 67 66 68 69 70 72 73 74 76 71 77 75 79 80 78 81 83 85 82 84 86 87 88 90 89 93 91 94 92 95 97 96 99 98 
0 1 2 3 4 5 6 7 8 9 11 13 10 15 16 19 12 14 17 18 20 22 21 24 23 27 25 30 26 28 32 31 29 33 34 35 36 37 38 39 40 41 43 42 45 44 48 46 47 49 50 53 51 54 52 55 56 57 60 58 59 63 61 62 64 65 67 66 68 69 70 72 73 76 74 71 77 75 79 80 78 81 83 85 82 84 86 87 88 90 89 93 91 94 92 95 97 96 99 98 
0 1 2 3 4 5 6 7 8 9 11 13 10 15 16 19 12 14 17 18 20 21 22 24 23 27 25 30 26 28 32 31 29 33 34 35 36 37 38 39 41 40 43 42 45 48 44 46 47 49 50 53 51 54 52 55 56 57 60 58 59 63 61 62 64 65 67 66 68 69 70 72 73 74 76 71 77 75 79 80 78 81 83 85 82 84 86 87 88 90 89 93 91 94 92 95 97 96 99 98 
0 1 2 3 4 5 6 7 8 11 9 13 10 15 16 19 12 14 17 18 20 21 22 24 23 27 25 30 26 28 32 31 29 33 35 34 36 37 38 39 41 40 43 42 45 44 46 48 47 49 50 53 51 54 55 52 56 57 60 58 59 63 61 62 64 65 67 66 68 70 69 72 73 74 76 71 77 75 79 80 78 81 83 85 82 84 86 87 88 90 89 93 91 94 92 95 97 96 99 98 
0 1 2 3 4 5 6 7 8 9 11 13 10 15 16 19 12 14 17 18 20 21 22 24 27 23 25 30 26 28 31 32 29 33 35 34 36 37 38 39 40 41 43 42 45 44 48 47 46 49 50 53 51 54 55 52 56 57 60 58 59 61 63 62 64 65 67 66 68 69 70 72 73 74 76 77 71 75 79 80 78 81 83 85 82 84 86 87 88 90 89 93 91 94 92 95 97 96 99 98 
0 1 2 3 4 5 6 7 8 9 11 13 10 15 16 19 12 14 17 18 20 21 22 24 23 27 25 30 26 28 32 31 29 33 35 34 36 37 38 39 40 41 43 42 45 44 48 46 47 49 50 53 51 54 52 55 56 57 60 58 59 63 61 62 64 65 67 66 68 69 70 73 72 74 76 71 77 75 79 80 78 81 83 85 82 84 86 87 88 90 89 93 91 94 92 95 97 96 99 98 
0 1 2 3 4 5 6 7 8 9 11 13 10 15 16 19 12 14 17 18 20 21 22 24 23 27 25 30 26 28 32 31 29 33 35 34 36 37 38 39 40 41 43 42 45 44 48 46 47 49 50 53 51 54 52 55 56 57 60 58 59 63 61 62 64 65 67 66 68 69 70 72 73 74 76 71 77 75 79 80 78 81 83 85 82 84 86 87 88 90 89 93 91 94 92 95 97 96 99 98 
0 1 2 3 4 5 6 7 8 9 11 13 10 15 16 19 12 14 17 18 20 21 22 23 24 27 25 30 26 28 32 31 29 33 34 35 36 37 38 39 40 41 43 42 44 45 48 46 47 49 50 53 51 54 52 55 56 57 60 58 59 63 61 62 64 65 67 66 68 69 70 72 73 74 76 71 77 75 79 80 78 81 83 85 82 84 86 87 88 90 89 93 91 94 92 95 97 96 99 98 
0 1 2 3 4 5 6 7 8 9 11 13 10 15 16 19 12 14 17 18 20 21 22 23 24 27 25 30 26 28 32 31 29 33 35 34 36 37 38 39 40 41 43 42 45 44 48 46 47 49 50 53 51 54 52 55 56 57 60 58 59 63 61 62 64 65 67 66 68 69 70 72 73 74 76 71 77 75 79 80 78 81 83 85 82 84 86 87 88 90 89 93 91 94 92 95 97 96 99 98 
0 1 2 3 4 5 6 7 8 9 11 13 10 15 16 19 12 14 17 18 20 21 22 24 23 27 25 30 26 28 32 31 29 33 35 34 36 37 38 39 40 41 43 42 45 44 48 46 47 49 50 53 51 54 52 55 56 57 60 58 59 63 61 62 65 64 67 66 68 69 70 72 73 74 76 71 77 75 79 80 78 81 83 85 82 84 86 87 88 90 89 93 91 94 92 95 97 96 99 98 
0 1 2 3 4 5 6 7 8 9 11 13 10 15 16 19 12 14 17 18 20 21 22 24 23 27 25 30 26 28 32 29 33 31 35 34 36 37 38 39 40 42 41 43 45 44 48 46 47 49 50 53 51 54 52 55 56 57 60 58 59 61 63 62 64 65 67 66 68 69 70 73 72 74 76 71 77 75 79 80 78 81 83 85 82 84 86 87 88 90 93 89 94 91 92 95 97 96 99 98 
0 1 2 3 4 5 6 7 8 9 11 13 10 15 16 19 12 14 17 18 20 21 22 24 23 27 25 30 26 28 32 31 29 33 35 34 36 37 38 39 40 41 43 42 45 44 48 46 47 49 50 53 51 54 52 55 56 57 58 60 59 63 61 62 64 65 67 66 68 69 72 70 73 74 76 71 77 75 79 80 78 81 83 85 82 84 86 87 88 90 89 93 91 94 92 95 97 96 99 98 
0 1 2 3 4 5 6 7 8 9 11 13 10 15 16 19 12 14 17 18 20 21 22 24 23 27 25 30 26 28 32 31 29 33 35 34 36 37 38 39 40 41 43 42 45 44 48 46 47 49 50 53 51 54 52 55 56 57 60 58 59 63 61 62 64 65 67 66 68 69 70 72 73 74 76 71 77 75 79 80 78 81 83 85 82 84 86 87 88 90 89 93 91 94 92 95 97 96 99 98 
0 1 2 3 4 5 6 7 8 9 11 13 10 15 16 19 12 14 17 18 20 21 22 24 23 27 25 30 26 28 32 31 29 33 35 34 36 37 38 39 40 41 42 43 44 45 48 46 47 49 50 53 51 54 52 55 56 57 60 58 59 63 61 62 64 65 67 66 68 69 70 72 73 74 76 71 77 75 79 80 78 81 83 85 82 84 86 87 88 90 89 93 91 94 92 95 97 96 99 98 
0 1 2 3 4 5 6 7 8 9 11 13 10 15 16 19 12 14 17 18 20 21 22 24 23 27 25 30 26 28 32 31 29 33 35 34 36 37 38 39 40 41 43 42 45 44 48 46 47 49 50 53 51 54 52 55 56 57 60 58 59 61 63 62 64 65 67 66 68 69 72 70 73 74 76 71 77 75 79 80 78 81 83 85 82 84 86 87 88 90 89 93 91 94 92 95 97 96 99 98 
0 1 2 3 4 6 5 7 8 9 11 13 10 15 16 19 12 14 17 18 20 21 22 24 23 27 25 30 26 28 32 31 29 33 35 34 36 37 38 39 40 41 43 42 45 44 46 48 47 49 50 53 51 54 52 55 56 60 57 58 59 63 61 62 64 65 67 66 68 69 70 72 73 74 76 71 77 75 79 80 78 81 83 85 82 84 86 87 88 90 89 93 91 94 92 95 97 96 99 98 
0 1 2 3 4 5 6 7 8 9 11 13 10 15 16 19 12 14 17 18 20 21 22 24 23 27 25 30 26 28 32 31 29 33 35 34 36 37 38 39 40 41 42 43 45 44 48 47 46 49 50 53 51 54 52 55 56 57 60 58 59 63 61 62 64 65 67 66 68 69 70 72 73 74 76 71 77 75 79 80 78 81 83 85 82 84 86 87 88 90 89 93 91 94 92 95 97 96 99 98 
0 1 2 3 4 5 6 7 8 9 11 13 10 15 16 19 12 14 17 18 20 22 21 24 23 27 25 30 26 28 32 31 29 33 35 34 36 37 38 39 40 41 42 43 45 44 48 46 47 49 50 53 51 54 52 55 56 57 60 58 59 63 61 62 64 65 67 66 69 68 70 72 73 74 76 71 77 75 79 80 78 81 83 85 82 84 86 87 88 90 89 93 91 94 92 95 97 96 99 98 
0 1 2 3 4 5 6 7 8 9 11 13 10 15 16 19 12 14 17 18 20 21 22 24 23 27 25 30 26 28 31 32 29 33 35 34 36 37 38 39 40 41 43 42 45 44 48 46 47 49 50 53 51 54 52 55 56 57 60 58 59 63 61 62 64 65 67 66 68 69 70 72 73 74 76 71 77 75 79 78 80 81 83 85 82 84 86 87 88 90 89 93 91 94 92 95 97 96 99 98 
0 1 2 3 4 5 6 7 8 9 11 13 10 15 16 19 12 14 17 18 20 21 22 24 23 27 25 30 26 28 32 31 29 33 35 34 36 37 38 39 40 41 43 42 45 44 48 46 47 49 50 53 51 54 52 55 56 57 60 58 59 63 61 62 64 65 67 66 68 69 72 70 73 74 76 71 77 79 75 80 78 81 83 85 82 84 86 87 88 90 89 93 91 94 92 95 97 96 99 98 
0 1 2 3 4 5 6 7 8 9 11 13 10 15 16 19 12 14 17 18 20 21 22 24 27 23 25 30 26 28 32 31 29 33 35 34 36 37 38 39 40 41 43 42 45 44 48 46 47 49 50 53 51 54 52 55 56 57 60 58 59 63 61 62 64 65 67 66 68 72 69 73 70 74 76 71 77 75 79 80 78 81 83 85 82 84 86 87 88 90 89 93 91 94 92 95 97 96 99 98 
0 1 2 3 4 5 6 7 8 9 11 13 10 15 16 19 12 14 17 20 18 21 22 24 23 27 25 30 26 28 32 31 29 33 35 34 36 37 38 39 40 41 43 42 45 44 46 48 47 50 49 53 54 51 52 55 56 57 60 58 59 63 62 61 65 64 67 66 68 69 70 73 72 74 76 71 77 75 79 80 78 81 83 85 82 84 86 87 88 90 89 93 91 94 92 95 97 96 99 98 
0 1 2 3 4 5 6 7 8 9 11 13 10 15 16 19 12 14 17 18 20 21 22 24 23 27 25 30 26 28 32 31 29 33 35 34 36 37 38 39 40 41 43 42 45 44 48 46 47 49 50 53 51 54 52 55 56 57 60 58 59 63 61 62 64 65 67 66 68 69 70 72 73 74 76 71 77 75 79 80 78 81 83 85 82 84 86 87 88 90 89 93 91 94 92 95 97 96 99 98 
0 1 2 3 4 5 6 7 8 9 11 13 10 15 16 19 12 14 17 18 20 21 22 24 23 27 25 30 26 28 32 31 29 33 35 34 36 37 38 39 40 41 43 42 45 44 48 46 47 49 50 53 51 54 52 55 56 57 60 58 59 63 61 64 62 65 67 66 68 69 70 72 73 74 76 71 77 75 79 80 78 81 83 85 82 84 86 87 88 90 89 91 93 94 92 95 97 96 99 98 
0 1 2 3 4 5 6 7 8 9 11 13 10 15 16 19 12 14 17 18 20 21 22 24 23 27 25 30 26 28 32 31 29 33 35 34 36 37 39 38 40 41 42 43 45 44 48 46 47 49 50 51 53 54 52 55 56 57 60 58 59 63 61 62 64 65 67 66 68 69 70 72 73 74 76 71 77 75 79 78 80 81 83 85 82 84 86 87 88 90 89 93 91 94 92 95 97 96 99 98 
0 1 2 3 4 5 6 7 8 9 11 13 10 15 16 19 12 14 17 18 20 21 22 24 23 27 25 26 30 28 32 31 29 33 35 34 36 37 38 39 40 41 43 42 45 44 48 46 47 49 50 53 51 54 52 55 56 57 60 58 59 63 61 62 64 65 67 66 68 69 70 72 73 74 76 71 77 75 79 80 78 81 83 85 82 84 86 87 88 90 89 93 91 94 92 95 97 96 99 98 
0 1 2 3 4 5 6 7 8 9 11 13 10 15 16 19 12 14 17 18 20 21 22 24 23 27 25 30 26 28 31 32 29 33 35 34 36 37 38 39 40 41 43 42 45 44 48 46 47 49 50 53 51 54 52 55 56 57 60 58 59 63 61 62 64 65 67 66 68 69 70 72 73 74 76 71 77 75 79 80 81 78 83 82 85 84 86 87 88 90 89 93 91 94 92 95 97 96 99 98 
0 1 2 3 4 5 6 7 8 9 11 13 10 15 16 19 12 14 17 18 20 21 22 24 23 27 25 30 26 28 32 31 29 33 35 34 36 37 38 39 40 41 43 42 45 44 48 46 47 49 50 53 51 54 52 55 56 57 60 58 59 63 61 62 64 65 67 66 68 69 70 72 73 74 76 71 77 75 79 80 78 81 83 85 82 84 86 87 88 90 89 93 91 94 92 95 97 96 99 98 
0 1 2 3 4 5 6 7 8 11 9 13 10 15 16 12 19 14 17 18 20 21 22 24 23 27 25 30 26 28 32 31 29 33 35 34 36 37 38 39 40 41 43 42 45 44 48 46 47 49 50 53 51 54 52 55 56 57 60 58 59 63 61 62 64 65 67 66 68 69 72 70 73 74 76 71 77 75 79 80 78 81 83 85 82 84 86 87 88 90 89 93 91 94 92 95 97 96 99 98 
0 1 2 3 4 5 6 7 8 9 11 13 10 15 16 19 12 14 17 18 20 21 22 24 23 27 25 30 26 28 32 31 29 33 35 34 36 37 38 39 40 41 43 42 45 44 48 46 47 49 50 53 51 54 52 55 56 57 60 58 59 63 61 62 64 65 67 66 68 69 70 72 73 74 76 71 77 75 79 80 78 81 83 85 82 84 86 87 88 90 89 93 91 94 92 95 97 96 99 98 
0 1 2 3 4 5 6 7 8 9 11 13 10 15 16 19 12 14 17 18 20 21 22 24 23 27 25 30 26 28 32 31 29 33 35 34 36 37 38 39 41 40 43 42 45 44 48 46 47 49 50 53 51 54 52 55 56 57 60 58 59 61 63 62 64 65 67 66 68 69 70 72 73 74 76 71 77 75 79 80 78 81 83 85 82 84 86 87 88 90 89 93 91 94 92 95 97 96 99 98 
0 1 2 3 4 5 6 7 8 9 11 13 10 15 16 19 12 14 17 18 20 21 22 24 23 27 25 30 26 28 32 31 29 33 35 34 36 37 38 39 40 41 43 42 45 44 48 46 47 49 50 53 51 54 52 55 56 57 60 58 59 63 61 62 64 65 67 66 68 69 70 72 73 74 76 71 77 75 79 80 78 81 83 85 82 84 86 87 88 90 89 93 91 94 92 95 97 96 99 98 
0 1 2 3 4 5 6 7 8 9 11 13 10 15 16 19 12 14 17 18 20 21 22 23 24 27 25 30 26 28 32 31 29 33 35 34 36 37 38 39 40 41 43 42 45 44 46 48 47 49 50 53 51 52 54 55 56 57 60 58 59 63 61 62 64 65 67 66 68 69 70 72 73 74 76 71 77 75 79 80 78 81 83 85 82 84 86 87 88 90 89 93 91 94 92 95 97 96 99 98 
0 1 2 3 4 5 6 7 8 9 11 13 10 15 16 19 12 14 17 18 20 21 22 24 23 27 25 30 26 28 32 31 29 33 34 35 36 37 38 39 40 41 43 42 45 44 48 46 47 49 50 53 51 54 52 55 56 57 60 58 59 63 61 62 64 65 67 66 69 68 70 72 73 74 76 71 77 75 79 80 78 81 83 85 82 84 86 87 88 90 89 93 91 94 92 95 97 96 99 98 
0 1 2 3 4 5 6 7 8 9 11 13 10 15 16 19 12 14 17 18 20 21 22 24 23 27 25 30 26 28 32 31 29 33 35 34 36 37 38 40 39 41 43 42 44 45 48 46 47 49 50 53 51 54 52 55 56 57 60 58 59 63 61 62 64 65 67 66 68 69 70 72 73 74 76 71 77 75 79 80 78 81 83 85 82 84 86 87 88 90 89 93 91 94 92 95 97 96 99 98 
0 1 2 3 4 5 6 7 8 9 11 13 10 15 16 19 12 14 17 18 20 21 22 23 24 27 25 30 26 28 32 31 29 33 35 34 36 37 38 39 40 41 43 42 45 44 48 46 47 49 50 53 51 54 52 55 56 60 57 58 59 63 61 62 64 65 67 66 68 69 70 72 73 74 76 71 77 75 79 80 78 81 83 85 82 84 86 87 88 90 89 93 91 94 92 95 97 96 99 98 
0 1 2 3 4 5 6 7 8 9 11 13 10 15 16 19 12 14 17 18 20 21 22 24 23 27 25 30 26 28 32 31 29 33 35 34 36 37 38 39 40 41 43 42 45 44 46 48 47 49 50 53 51 52 54 55 56 57 60 58 59 63 61 62 64 65 67 66 68 69 70 72 73 74 76 71 77 75 79 80 78 81 83 85 82 84 86 87 88 90 89 93 91 94 92 95 97 96 99 98 
0 1 2 3 4 5 6 7 8 9 11 13 10 15 16 19 14 12 17 18 20 21 22 24 23 27 25 30 26 28 32 31 29 33 35 34 36 37 38 39 40 41 43 42 45 44 48 46 47 49 50 53 51 54 55 52 56 57 60 58 59 63 61 62 64 65 67 66 68 69 70 72 73 74 76 71 77 79 75 80 78 81 83 85 82 84 86 87 88 90 89 93 91 94 92 95 97 96 99 98 
0 1 2 3 4 5 6 7 8 9 11 10 13 15 16 19 12 14 17 18 20 21 22 23 24 27 25 30 26 28 32 31 33 29 35 34 36 37 39 40 38 41 43 42 45 44 48 46 47 49 50 53 51 52 54 55 56 57 60 58 59 63 61 62 64 65 67 66 68 69 70 72 73 74 76 71 77 75 79 80 78 81 83 85 82 84 86 87 88 90 89 93 91 94 92 95 97 96 99 98 
0 1 2 3 4 5 6 7 8 9 11 13 10 15 16 19 12 14 17 18 20 21 22 24 23 27 25 30 26 28 32 31 29 33 35 34 36 37 38 39 40 41 43 42 45 44 48 46 47 49 50 51 53 54 52 55 56 57 60 58 59 63 61 62 64 65 67 66 68 69 70 72 73 74 76 71 77 75 79 80 78 81 83 85 82 84 86 87 88 90 89 93 91 94 92 95 97 96 99 98 
0 1 2 3 4 5 6 7 8 9 11 13 10 15 16 19 12 14 17 18 20 21 22 24 23 27 25 30 26 28 31 32 29 33 34 35 36 37 39 38 40 41 43 42 45 44 48 46 47 49 50 53 51 54 52 55 57 56 60 58 59 63 61 62 64 65 67 66 68 69 70 72 73 74 76 71 77 75 79 80 78 81 83 85 82 84 86 87 88 90 89 93 91 94 92 95 97 96 99 98 
0 1 2 3 4 5 6 7 8 9 11 13 10 15 16 19 12 14 17 18 20 21 22 24 23 27 25 30 26 28 32 31 29 33 35 34 36 37 38 39 40 41 43 42 45 44 48 46 47 49 50 53 51 54 52 55 56 57 60 58 59 63 61 62 64 65 67 66 68 69 70 72 73 74 76 71 77 75 79 80 78 81 83 85 82 84 86 87 88 90 89 93 91 94 92 95 97 96 99 98 
0 1 2 3 4 5 6 7 8 9 11 13 10 15 16 19 12 14 17 18 20 21 22 24 23 27 25 30 26 28 32 31 29 33 35 34 36 37 38 39 40 41 43 42 45 44 48 46 47 50 49 53 51 54 52 55 56 57 60 58 59 61 63 62 65 64 67 66 68 69 70 72 73 74 76 71 77 75 79 80 78 81 83 85 82 84 86 87 88 90 89 93 91 94 92 95 97 96 99 98 
0 1 2 3 4 5 6 7 8 9 11 13 10 15 16 19 12 14 17 18 20 21 22 24 23 27 25 30 26 28 32 31 29 33 35 34 36 37 38 39 40 41 43 42 45 44 48 46 47 49 50 53 51 54 52 55 56 57 60 58 59 63 61 62 64 65 67 66 69 68 70 72 73 74 76 71 77 75 79 80 78 81 83 85 82 84 86 87 90 88 89 93 91 94 92 95 97 96 99 98 
0 1 2 3 4 5 6 7 8 9 11 13 10 15 16 19 12 14 17 18 20 21 22 24 23 27 25 30 26 28 32 31 29 33 35 34 36 37 38 39 40 41 43 42 44 45 48 46 47 49 50 53 51 54 52 55 56 57 60 58 59 63 61 62 64 65 67 66 68 69 70 72 73 74 76 71 77 75 79 80 78 81 83 85 82 84 86 87 88 90 89 93 91 94 92 95 97 96 99 98 

Rank matrix
100 0 0 0 0 0 0 0 0 0 0 0 0 0 0 0 0 0 0 0 0 0 0 0 0 0 0 0 0 0 0 0 0 0 0 0 0 0 0 0 0 0 0 0 0 0 0 0 0 0 0 0 0 0 0 0 0 0 0 0 0 0 0 0 0 0 0 0 0 0 0 0 0 0 0 0 0 0 0 0 0 0 0 0 0 0 0 0 0 0 0 0 0 0 0 0 0 0 0 0 
0 100 0 0 0 0 0 0 0 0 0 0 0 0 0 0 0 0 0 0 0 0 0 0 0 0 0 0 0 0 0 0 0 0 0 0 0 0 0 0 0 0 0 0 0 0 0 0 0 0 0 0 0 0 0 0 0 0 0 0 0 0 0 0 0 0 0 0 0 0 0 0 0 0 0 0 0 0 0 0 0 0 0 0 0 0 0 0 0 0 0 0 0 0 0 0 0 0 0 0 
0 0 100 0 0 0 0 0 0 0 0 0 0 0 0 0 0 0 0 0 0 0 0 0 0 0 0 0 0 0 0 0 0 0 0 0 0 0 0 0 0 0 0 0 0 0 0 0 0 0 0 0 0 0 0 0 0 0 0 0 0 0 0 0 0 0 0 0 0 0 0 0 0 0 0 0 0 0 0 0 0 0 0 0 0 0 0 0 0 0 0 0 0 0 0 0 0 0 0 0 
0 0 0 100 0 0 0 0 0 0 0 0 0 0 0 0 0 0 0 0 0 0 0 0 0 0 0 0 0 0 0 0 0 0 0 0 0 0 0 0 0 0 0 0 0 0 0 0 0 0 0 0 0 0 0 0 0 0 0 0 0 0 0 0 0 0 0 0 0 0 0 0 0 0 0 0 0 0 0 0 0 0 0 0 0 0 0 0 0 0 0 0 0 0 0 0 0 0 0 0 
0 0 0 0 100 0 0 0 0 0 0 0 0 0 0 0 0 0 0 0 0 0 0 0 0 0 0 0 0 0 0 0 0 0 0 0 0 0 0 0 0 0 0 0 0 0 0 0 0 0 0 0 0 0 0 0 0 0 0 0 0 0 0 0 0 0 0 0 0 0 0 0 0 0 0 0 0 0 0 0 0 0 0 0 0 0 0 0 0 0 0 0 0 0 0 0 0 0 0 0 
0 0 0 0 0 99 1 0 0 0 0 0 0 0 0 0 0 0 0 0 0 0 0 0 0 0 0 0 0 0 0 0 0 0 0 0 0 0 0 0 0 0 0 0 0 0 0 0 0 0 0 0 0 0 0 0 0 0 0 0 0 0 0 0 0 0 0 0 0 0 0 0 0 0 0 0 0 0 0 0 0 0 0 0 0 0 0 0 0 0 0 0 0 0 0 0 0 0 0 0 
0 0 0 0 0 1 99 0 0 0 0 0 0 0 0 0 0 0 0 0 0 0 0 0 0 0 0 0 0 0 0 0 0 0 0 0 0 0 0 0 0 0 0 0 0 0 0 0 0 0 0 0 0 0 0 0 0 0 0 0 0 0 0 0 0 0 0 0 0 0 0 0 0 0 0 0 0 0 0 0 0 0 0 0 0 0 0 0 0 0 0 0 0 0 0 0 0 0 0 0 
0 0 0 0 0 0 0 100 0 0 0 0 0 0 0 0 0 0 0 0 0 0 0 0 0 0 0 0 0 0 0 0 0 0 0 0 0 0 0 0 0 0 0 0 0 0 0 0 0 0 0 0 0 0 0 0 0 0 0 0 0 0 0 0 0 0 0 0 0 0 0 0 0 0 0 0 0 0 0 0 0 0 0 0 0 0 0 0 0 0 0 0 0 0 0 0 0 0 0 0 
0 0 0 0 0 0 0 0 100 0 0 0 0 0 0 0 0 0 0 0 0 0 0 0 0 0 0 0 0 0 0 0 0 0 0 0 0 0 0 0 0 0 0 0 0 0 0 0 0 0 0 0 0 0 0 0 0 0 0 0 0 0 0 0 0 0 0 0 0 0 0 0 0 0 0 0 0 0 0 0 0 0 0 0 0 0 0 0 0 0 0 0 0 0 0 0 0 0 0 0 
0 0 0 0 0 0 0 0 0 96 4 0 0 0 0 0 0 0 0 0 0 0 0 0 0 0 0 0 0 0 0 0 0 0 0 0 0 0 0 0 0 0 0 0 0 0 0 0 0 0 0 0 0 0 0 0 0 0 0 0 0 0 0 0 0 0 0 0 0 0 0 0 0 0 0 0 0 0 0 0 0 0 0 0 0 0 0 0 0 0 0 0 0 0 0 0 0 0 0 0 
0 0 0 0 0 0 0 0 0 0 0 3 97 0 0 0 0 0 0 0 0 0 0 0 0 0 0 0 0 0 0 0 0 0 0 0 0 0 0 0 0 0 0 0 0 0 0 0 0 0 0 0 0 0 0 0 0 0 0 0 0 0 0 0 0 0 0 0 0 0 0 0 0 0 0 0 0 0 0 0 0 0 0 0 0 0 0 0 0 0 0 0 0 0 0 0 0 0 0 0 
0 0 0 0 0 0 0 0 0 4 96 0 0 0 0 0 0 0 0 0 0 0 0 0 0 0 0 0 0 0 0 0 0 0 0 0 0 0 0 0 0 0 0 0 0 0 0 0 0 0 0 0 0 0 0 0 0 0 0 0 0 0 0 0 0 0 0 0 0 0 0 0 0 0 0 0 0 0 0 0 0 0 0 0 0 0 0 0 0 0 0 0 0 0 0 0 0 0 0 0 
0 0 0 0 0 0 0 0 0 0 0 0 0 0 0 3 96 1 0 0 0 0 0 0 0 0 0 0 0 0 0 0 0 0 0 0 0 0 0 0 0 0 0 0 0 0 0 0 0 0 0 0 0 0 0 0 0 0 0 0 0 0 0 0 0 0 0 0 0 0 0 0 0 0 0 0 0 0 0 0 0 0 0 0 0 0 0 0 0 0 0 0 0 0 0 0 0 0 0 0 
0 0 0 0 0 0 0 0 0 0 0 97 3 0 0 0 0 0 0 0 0 0 0 0 0 0 0 0 0 0 0 0 0 0 0 0 0 0 0 0 0 0 0 0 0 0 0 0 0 0 0 0 0 0 0 0 0 0 0 0 0 0 0 0 0 0 0 0 0 0 0 0 0 0 0 0 0 0 0 0 0 0 0 0 0 0 0 0 0 0 0 0 0 0 0 0 0 0 0 0 
0 0 0 0 0 0 0 0 0 0 0 0 0 0 0 0 1 99 0 0 0 0 0 0 0 0 0 0 0 0 0 0 0 0 0 0 0 0 0 0 0 0 0 0 0 0 0 0 0 0 0 0 0 0 0 0 0 0 0 0 0 0 0 0 0 0 0 0 0 0 0 0 0 0 0 0 0 0 0 0 0 0 0 0 0 0 0 0 0 0 0 0 0 0 0 0 0 0 0 0 
0 0 0 0 0 0 0 0 0 0 0 0 0 100 0 0 0 0 0 0 0 0 0 0 0 0 0 0 0 0 0 0 0 0 0 0 0 0 0 0 0 0 0 0 0 0 0 0 0 0 0 0 0 0 0 0 0 0 0 0 0 0 0 0 0 0 0 0 0 0 0 0 0 0 0 0 0 0 0 0 0 0 0 0 0 0 0 0 0 0 0 0 0 0 0 0 0 0 0 0 
0 0 0 0 0 0 0 0 0 0 0 0 0 0 100 0 0 0 0 0 0 0 0 0 0 0 0 0 0 0 0 0 0 0 0 0 0 0 0 0 0 0 0 0 0 0 0 0 0 0 0 0 0 0 0 0 0 0 0 0 0 0 0 0 0 0 0 0 0 0 0 0 0 0 0 0 0 0 0 0 0 0 0 0 0 0 0 0 0 0 0 0 0 0 0 0 0 0 0 0 
0 0 0 0 0 0 0 0 0 0 0 0 0 0 0 0 0 0 96 4 0 0 0 0 0 0 0 0 0 0 0 0 0 0 0 0 0 0 0 0 0 0 0 0 0 0 0 0 0 0 0 0 0 0 0 0 0 0 0 0 0 0 0 0 0 0 0 0 0 0 0 0 0 0 0 0 0 0 0 0 0 0 0 0 0 0 0 0 0 0 0 0 0 0 0 0 0 0 0 0 
0 0 0 0 0 0 0 0 0 0 0 0 0 0 0 0 0 0 4 95 1 0 0 0 0 0 0 0 0 0 0 0 0 0 0 0 0 0 0 0 0 0 0 0 0 0 0 0 0 0 0 0 0 0 0 0 0 0 0 0 0 0 0 0 0 0 0 0 0 0 0 0 0 0 0 0 0 0 0 0 0 0 0 0 0 0 0 0 0 0 0 0 0 0 0 0 0 0 0 0 
0 0 0 0 0 0 0 0 0 0 0 0 0 0 0 97 3 0 0 0 0 0 0 0 0 0 0 0 0 0 0 0 0 0 0 0 0 0 0 0 0 0 0 0 0 0 0 0 0 0 0 0 0 0 0 0 0 0 0 0 0 0 0 0 0 0 0 0 0 0 0 0 0 0 0 0 0 0 0 0 0 0 0 0 0 0 0 0 0 0 0 0 0 0 0 0 0 0 0 0 
0 0 0 0 0 0 0 0 0 0 0 0 0 0 0 0 0 0 0 1 98 1 0 0 0 0 0 0 0 0 0 0 0 0 0 0 0 0 0 0 0 0 0 0 0 0 0 0 0 0 0 0 0 0 0 0 0 0 0 0 0 0 0 0 0 0 0 0 0 0 0 0 0 0 0 0 0 0 0 0 0 0 0 0 0 0 0 0 0 0 0 0 0 0 0 0 0 0 0 0 
0 0 0 0 0 0 0 0 0 0 0 0 0 0 0 0 0 0 0 0 1 95 4 0 0 0 0 0 0 0 0 0 0 0 0 0 0 0 0 0 0 0 0 0 0 0 0 0 0 0 0 0 0 0 0 0 0 0 0 0 0 0 0 0 0 0 0 0 0 0 0 0 0 0 0 0 0 0 0 0 0 0 0 0 0 0 0 0 0 0 0 0 0 0 0 0 0 0 0 0 
0 0 0 0 0 0 0 0 0 0 0 0 0 0 0 0 0 0 0 0 0 4 96 0 0 0 0 0 0 0 0 0 0 0 0 0 0 0 0 0 0 0 0 0 0 0 0 0 0 0 0 0 0 0 0 0 0 0 0 0 0 0 0 0 0 0 0 0 0 0 0 0 0 0 0 0 0 0 0 0 0 0 0 0 0 0 0 0 0 0 0 0 0 0 0 0 0 0 0 0 
0 0 0 0 0 0 0 0 0 0 0 0 0 0 0 0 0 0 0 0 0 0 0 8 89 3 0 0 0 0 0 0 0 0 0 0 0 0 0 0 0 0 0 0 0 0 0 0 0 0 0 0 0 0 0 0 0 0 0 0 0 0 0 0 0 0 0 0 0 0 0 0 0 0 0 0 0 0 0 0 0 0 0 0 0 0 0 0 0 0 0 0 0 0 0 0 0 0 0 0 
0 0 0 0 0 0 0 0 0 0 0 0 0 0 0 0 0 0 0 0 0 0 0 92 7 1 0 0 0 0 0 0 0 0 0 0 0 0 0 0 0 0 0 0 0 0 0 0 0 0 0 0 0 0 0 0 0 0 0 0 0 0 0 0 0 0 0 0 0 0 0 0 0 0 0 0 0 0 0 0 0 0 0 0 0 0 0 0 0 0 0 0 0 0 0 0 0 0 0 0 
0 0 0 0 0 0 0 0 0 0 0 0 0 0 0 0 0 0 0 0 0 0 0 0 0 0 96 3 1 0 0 0 0 0 0 0 0 0 0 0 0 0 0 0 0 0 0 0 0 0 0 0 0 0 0 0 0 0 0 0 0 0 0 0 0 0 0 0 0 0 0 0 0 0 0 0 0 0 0 0 0 0 0 0 0 0 0 0 0 0 0 0 0 0 0 0 0 0 0 0 
0 0 0 0 0 0 0 0 0 0 0 0 0 0 0 0 0 0 0 0 0 0 0 0 0 0 0 3 96 1 0 0 0 0 0 0 0 0 0 0 0 0 0 0 0 0 0 0 0 0 0 0 0 0 0 0 0 0 0 0 0 0 0 0 0 0 0 0 0 0 0 0 0 0 0 0 0 0 0 0 0 0 0 0 0 0 0 0 0 0 0 0 0 0 0 0 0 0 0 0 
0 0 0 0 0 0 0 0 0 0 0 0 0 0 0 0 0 0 0 0 0 0 0 0 4 96 0 0 0 0 0 0 0 0 0 0 0 0 0 0 0 0 0 0 0 0 0 0 0 0 0 0 0 0 0 0 0 0 0 0 0 0 0 0 0 0 0 0 0 0 0 0 0 0 0 0 0 0 0 0 0 0 0 0 0 0 0 0 0 0 0 0 0 0 0 0 0 0 0 0 
0 0 0 0 0 0 0 0 0 0 0 0 0 0 0 0 0 0 0 0 0 0 0 0 0 0 0 0 1 99 0 0 0 0 0 0 0 0 0 0 0 0 0 0 0 0 0 0 0 0 0 0 0 0 0 0 0 0 0 0 0 0 0 0 0 0 0 0 0 0 0 0 0 0 0 0 0 0 0 0 0 0 0 0 0 0 0 0 0 0 0 0 0 0 0 0 0 0 0 0 
0 0 0 0 0 0 0 0 0 0 0 0 0 0 0 0 0 0 0 0 0 0 0 0 0 0 0 0 0 0 0 2 97 1 0 0 0 0 0 0 0 0 0 0 0 0 0 0 0 0 0 0 0 0 0 0 0 0 0 0 0 0 0 0 0 0 0 0 0 0 0 0 0 0 0 0 0 0 0 0 0 0 0 0 0 0 0 0 0 0 0 0 0 0 0 0 0 0 0 0 
0 0 0 0 0 0 0 0 0 0 0 0 0 0 0 0 0 0 0 0 0 0 0 0 0 0 4 94 2 0 0 0 0 0 0 0 0 0 0 0 0 0 0 0 0 0 0 0 0 0 0 0 0 0 0 0 0 0 0 0 0 0 0 0 0 0 0 0 0 0 0 0 0 0 0 0 0 0 0 0 0 0 0 0 0 0 0 0 0 0 0 0 0 0 0 0 0 0 0 0 
0 0 0 0 0 0 0 0 0 0 0 0 0 0 0 0 0 0 0 0 0 0 0 0 0 0 0 0 0 0 6 92 1 1 0 0 0 0 0 0 0 0 0 0 0 0 0 0 0 0 0 0 0 0 0 0 0 0 0 0 0 0 0 0 0 0 0 0 0 0 0 0 0 0 0 0 0 0 0 0 0 0 0 0 0 0 0 0 0 0 0 0 0 0 0 0 0 0 0 0 
0 0 0 0 0 0 0 0 0 0 0 0 0 0 0 0 0 0 0 0 0 0 0 0 0 0 0 0 0 0 94 6 0 0 0 0 0 0 0 0 0 0 0 0 0 0 0 0 0 0 0 0 0 0 0 0 0 0 0 0 0 0 0 0 0 0 0 0 0 0 0 0 0 0 0 0 0 0 0 0 0 0 0 0 0 0 0 0 0 0 0 0 0 0 0 0 0 0 0 0 
0 0 0 0 0 0 0 0 0 0 0 0 0 0 0 0 0 0 0 0 0 0 0 0 0 0 0 0 0 0 0 0 2 98 0 0 0 0 0 0 0 0 0 0 0 0 0 0 0 0 0 0 0 0 0 0 0 0 0 0 0 0 0 0 0 0 0 0 0 0 0 0 0 0 0 0 0 0 0 0 0 0 0 0 0 0 0 0 0 0 0 0 0 0 0 0 0 0 0 0 
0 0 0 0 0 0 0 0 0 0 0 0 0 0 0 0 0 0 0 0 0 0 0 0 0 0 0 0 0 0 0 0 0 0 12 88 0 0 0 0 0 0 0 0 0 0 0 0 0 0 0 0 0 0 0 0 0 0 0 0 0 0 0 0 0 0 0 0 0 0 0 0 0 0 0 0 0 0 0 0 0 0 0 0 0 0 0 0 0 0 0 0 0 0 0 0 0 0 0 0 
0 0 0 0 0 0 0 0 0 0 0 0 0 0 0 0 0 0 0 0 0 0 0 0 0 0 0 0 0 0 0 0 0 0 88 10 2 0 0 0 0 0 0 0 0 0 0 0 0 0 0 0 0 0 0 0 0 0 0 0 0 0 0 0 0 0 0 0 0 0 0 0 0 0 0 0 0 0 0 0 0 0 0 0 0 0 0 0 0 0 0 0 0 0 0 0 0 0 0 0 
0 0 0 0 0 0 0 0 0 0 0 0 0 0 0 0 0 0 0 0 0 0 0 0 0 0 0 0 0 0 0 0 0 0 0 2 95 3 0 0 0 0 0 0 0 0 0 0 0 0 0 0 0 0 0 0 0 0 0 0 0 0 0 0 0 0 0 0 0 0 0 0 0 0 0 0 0 0 0 0 0 0 0 0 0 0 0 0 0 0 0 0 0 0 0 0 0 0 0 0 
0 0 0 0 0 0 0 0 0 0 0 0 0 0 0 0 0 0 0 0 0 0 0 0 0 0 0 0 0 0 0 0 0 0 0 0 3 97 0 0 0 0 0 0 0 0 0 0 0 0 0 0 0 0 0 0 0 0 0 0 0 0 0 0 0 0 0 0 0 0 0 0 0 0 0 0 0 0 0 0 0 0 0 0 0 0 0 0 0 0 0 0 0 0 0 0 0 0 0 0 
0 0 0 0 0 0 0 0 0 0 0 0 0 0 0 0 0 0 0 0 0 0 0 0 0 0 0 0 0 0 0 0 0 0 0 0 0 0 95 4 1 0 0 0 0 0 0 0 0 0 0 0 0 0 0 0 0 0 0 0 0 0 0 0 0 0 0 0 0 0 0 0 0 0 0 0 0 0 0 0 0 0 0 0 0 0 0 0 0 0 0 0 0 0 0 0 0 0 0 0 
0 0 0 0 0 0 0 0 0 0 0 0 0 0 0 0 0 0 0 0 0 0 0 0 0 0 0 0 0 0 0 0 0 0 0 0 0 0 5 94 1 0 0 0 0 0 0 0 0 0 0 0 0 0 0 0 0 0 0 0 0 0 0 0 0 0 0 0 0 0 0 0 0 0 0 0 0 0 0 0 0 0 0 0 0 0 0 0 0 0 0 0 0 0 0 0 0 0 0 0 
0 0 0 0 0 0 0 0 0 0 0 0 0 0 0 0 0 0 0 0 0 0 0 0 0 0 0 0 0 0 0 0 0 0 0 0 0 0 0 2 91 7 0 0 0 0 0 0 0 0 0 0 0 0 0 0 0 0 0 0 0 0 0 0 0 0 0 0 0 0 0 0 0 0 0 0 0 0 0 0 0 0 0 0 0 0 0 0 0 0 0 0 0 0 0 0 0 0 0 0 
0 0 0 0 0 0 0 0 0 0 0 0 0 0 0 0 0 0 0 0 0 0 0 0 0 0 0 0 0 0 0 0 0 0 0 0 0 0 0 0 7 91 2 0 0 0 0 0 0 0 0 0 0 0 0 0 0 0 0 0 0 0 0 0 0 0 0 0 0 0 0 0 0 0 0 0 0 0 0 0 0 0 0 0 0 0 0 0 0 0 0 0 0 0 0 0 0 0 0 0 
0 0 0 0 0 0 0 0 0 0 0 0 0 0 0 0 0 0 0 0 0 0 0 0 0 0 0 0 0 0 0 0 0 0 0 0 0 0 0 0 0 2 10 87 1 0 0 0 0 0 0 0 0 0 0 0 0 0 0 0 0 0 0 0 0 0 0 0 0 0 0 0 0 0 0 0 0 0 0 0 0 0 0 0 0 0 0 0 0 0 0 0 0 0 0 0 0 0 0 0 
0 0 0 0 0 0 0 0 0 0 0 0 0 0 0 0 0 0 0 0 0 0 0 0 0 0 0 0 0 0 0 0 0 0 0 0 0 0 0 0 0 0 88 11 1 0 0 0 0 0 0 0 0 0 0 0 0 0 0 0 0 0 0 0 0 0 0 0 0 0 0 0 0 0 0 0 0 0 0 0 0 0 0 0 0 0 0 0 0 0 0 0 0 0 0 0 0 0 0 0 
0 0 0 0 0 0 0 0 0 0 0 0 0 0 0 0 0 0 0 0 0 0 0 0 0 0 0 0 0 0 0 0 0 0 0 0 0 0 0 0 0 0 0 0 10 89 1 0 0 0 0 0 0 0 0 0 0 0 0 0 0 0 0 0 0 0 0 0 0 0 0 0 0 0 0 0 0 0 0 0 0 0 0 0 0 0 0 0 0 0 0 0 0 0 0 0 0 0 0 0 
0 0 0 0 0 0 0 0 0 0 0 0 0 0 0 0 0 0 0 0 0 0 0 0 0 0 0 0 0 0 0 0 0 0 0 0 0 0 0 0 0 0 0 2 88 10 0 0 0 0 0 0 0 0 0 0 0 0 0 0 0 0 0 0 0 0 0 0 0 0 0 0 0 0 0 0 0 0 0 0 0 0 0 0 0 0 0 0 0 0 0 0 0 0 0 0 0 0 0 0 
0 0 0 0 0 0 0 0 0 0 0 0 0 0 0 0 0 0 0 0 0 0 0 0 0 0 0 0 0 0 0 0 0 0 0 0 0 0 0 0 0 0 0 0 0 0 9 89 2 0 0 0 0 0 0 0 0 0 0 0 0 0 0 0 0 0 0 0 0 0 0 0 0 0 0 0 0 0 0 0 0 0 0 0 0 0 0 0 0 0 0 0 0 0 0 0 0 0 0 0 
0 0 0 0 0 0 0 0 0 0 0 0 0 0 0 0 0 0 0 0 0 0 0 0 0 0 0 0 0 0 0 0 0 0 0 0 0 0 0 0 0 0 0 0 0 0 0 2 98 0 0 0 0 0 0 0 0 0 0 0 0 0 0 0 0 0 0 0 0 0 0 0 0 0 0 0 0 0 0 0 0 0 0 0 0 0 0 0 0 0 0 0 0 0 0 0 0 0 0 0 
0 0 0 0 0 0 0 0 0 0 0 0 0 0 0 0 0 0 0 0 0 0 0 0 0 0 0 0 0 0 0 0 0 0 0 0 0 0 0 0 0 0 0 0 0 1 90 9 0 0 0 0 0 0 0 0 0 0 0 0 0 0 0 0 0 0 0 0 0 0 0 0 0 0 0 0 0 0 0 0 0 0 0 0 0 0 0 0 0 0 0 0 0 0 0 0 0 0 0 0 
0 0 0 0 0 0 0 0 0 0 0 0 0 0 0 0 0 0 0 0 0 0 0 0 0 0 0 0 0 0 0 0 0 0 0 0 0 0 0 0 0 0 0 0 0 0 0 0 0 92 8 0 0 0 0 0 0 0 0 0 0 0 0 0 0 0 0 0 0 0 0 0 0 0 0 0 0 0 0 0 0 0 0 0 0 0 0 0 0 0 0 0 0 0 0 0 0 0 0 0 
0 0 0 0 0 0 0 0 0 0 0 0 0 0 0 0 0 0 0 0 0 0 0 0 0 0 0 0 0 0 0 0 0 0 0 0 0 0 0 0 0 0 0 0 0 0 0 0 0 8 92 0 0 0 0 0 0 0 0 0 0 0 0 0 0 0 0 0 0 0 0 0 0 0 0 0 0 0 0 0 0 0 0 0 0 0 0 0 0 0 0 0 0 0 0 0 0 0 0 0 
0 0 0 0 0 0 0 0 0 0 0 0 0 0 0 0 0 0 0 0 0 0 0 0 0 0 0 0 0 0 0 0 0 0 0 0 0 0 0 0 0 0 0 0 0 0 0 0 0 0 0 4 94 2 0 0 0 0 0 0 0 0 0 0 0 0 0 0 0 0 0 0 0 0 0 0 0 0 0 0 0 0 0 0 0 0 0 0 0 0 0 0 0 0 0 0 0 0 0 0 
0 0 0 0 0 0 0 0 0 0 0 0 0 0 0 0 0 0 0 0 0 0 0 0 0 0 0 0 0 0 0 0 0 0 0 0 0 0 0 0 0 0 0 0 0 0 0 0 0 0 0 0 0 7 85 8 0 0 0 0 0 0 0 0 0 0 0 0 0 0 0 0 0 0 0 0 0 0 0 0 0 0 0 0 0 0 0 0 0 0 0 0 0 0 0 0 0 0 0 0 
0 0 0 0 0 0 0 0 0 0 0 0 0 0 0 0 0 0 0 0 0 0 0 0 0 0 0 0 0 0 0 0 0 0 0 0 0 0 0 0 0 0 0 0 0 0 0 0 0 0 0 96 4 0 0 0 0 0 0 0 0 0 0 0 0 0 0 0 0 0 0 0 0 0 0 0 0 0 0 0 0 0 0 0 0 0 0 0 0 0 0 0 0 0 0 0 0 0 0 0 
0 0 0 0 0 0 0 0 0 0 0 0 0 0 0 0 0 0 0 0 0 0 0 0 0 0 0 0 0 0 0 0 0 0 0 0 0 0 0 0 0 0 0 0 0 0 0 0 0 0 0 0 2 91 6 0 1 0 0 0 0 0 0 0 0 0 0 0 0 0 0 0 0 0 0 0 0 0 0 0 0 0 0 0 0 0 0 0 0 0 0 0 0 0 0 0 0 0 0 0 
0 0 0 0 0 0 0 0 0 0 0 0 0 0 0 0 0 0 0 0 0 0 0 0 0 0 0 0 0 0 0 0 0 0 0 0 0 0 0 0 0 0 0 0 0 0 0 0 0 0 0 0 0 0 9 91 0 0 0 0 0 0 0 0 0 0 0 0 0 0 0 0 0 0 0 0 0 0 0 0 0 0 0 0 0 0 0 0 0 0 0 0 0 0 0 0 0 0 0 0 
0 0 0 0 0 0 0 0 0 0 0 0 0 0 0 0 0 0 0 0 0 0 0 0 0 0 0 0 0 0 0 0 0 0 0 0 0 0 0 0 0 0 0 0 0 0 0 0 0 0 0 0 0 0 0 1 97 1 1 0 0 0 0 0 0 0 0 0 0 0 0 0 0 0 0 0 0 0 0 0 0 0 0 0 0 0 0 0 0 0 0 0 0 0 0 0 0 0 0 0 
0 0 0 0 0 0 0 0 0 0 0 0 0 0 0 0 0 0 0 0 0 0 0 0 0 0 0 0 0 0 0 0 0 0 0 0 0 0 0 0 0 0 0 0 0 0 0 0 0 0 0 0 0 0 0 0 2 94 4 0 0 0 0 0 0 0 0 0 0 0 0 0 0 0 0 0 0 0 0 0 0 0 0 0 0 0 0 0 0 0 0 0 0 0 0 0 0 0 0 0 
0 0 0 0 0 0 0 0 0 0 0 0 0 0 0 0 0 0 0 0 0 0 0 0 0 0 0 0 0 0 0 0 0 0 0 0 0 0 0 0 0 0 0 0 0 0 0 0 0 0 0 0 0 0 0 0 0 0 1 97 2 0 0 0 0 0 0 0 0 0 0 0 0 0 0 0 0 0 0 0 0 0 0 0 0 0 0 0 0 0 0 0 0 0 0 0 0 0 0 0 
0 0 0 0 0 0 0 0 0 0 0 0 0 0 0 0 0 0 0 0 0 0 0 0 0 0 0 0 0 0 0 0 0 0 0 0 0 0 0 0 0 0 0 0 0 0 0 0 0 0 0 0 0 0 0 0 0 0 0 2 97 1 0 0 0 0 0 0 0 0 0 0 0 0 0 0 0 0 0 0 0 0 0 0 0 0 0 0 0 0 0 0 0 0 0 0 0 0 0 0 
0 0 0 0 0 0 0 0 0 0 0 0 0 0 0 0 0 0 0 0 0 0 0 0 0 0 0 0 0 0 0 0 0 0 0 0 0 0 0 0 0 0 0 0 0 0 0 0 0 0 0 0 0 0 0 0 0 5 94 1 0 0 0 0 0 0 0 0 0 0 0 0 0 0 0 0 0 0 0 0 0 0 0 0 0 0 0 0 0 0 0 0 0 0 0 0 0 0 0 0 
0 0 0 0 0 0 0 0 0 0 0 0 0 0 0 0 0 0 0 0 0 0 0 0 0 0 0 0 0 0 0 0 0 0 0 0 0 0 0 0 0 0 0 0 0 0 0 0 0 0 0 0 0 0 0 0 0 0 0 0 0 8 91 1 0 0 0 0 0 0 0 0 0 0 0 0 0 0 0 0 0 0 0 0 0 0 0 0 0 0 0 0 0 0 0 0 0 0 0 0 
0 0 0 0 0 0 0 0 0 0 0 0 0 0 0 0 0 0 0 0 0 0 0 0 0 0 0 0 0 0 0 0 0 0 0 0 0 0 0 0 0 0 0 0 0 0 0 0 0 0 0 0 0 0 0 0 0 0 0 0 0 0 1 95 4 0 0 0 0 0 0 0 0 0 0 0 0 0 0 0 0 0 0 0 0 0 0 0 0 0 0 0 0 0 0 0 0 0 0 0 
0 0 0 0 0 0 0 0 0 0 0 0 0 0 0 0 0 0 0 0 0 0 0 0 0 0 0 0 0 0 0 0 0 0 0 0 0 0 0 0 0 0 0 0 0 0 0 0 0 0 0 0 0 0 0 0 0 0 0 0 1 91 8 0 0 0 0 0 0 0 0 0 0 0 0 0 0 0 0 0 0 0 0 0 0 0 0 0 0 0 0 0 0 0 0 0 0 0 0 0 
0 0 0 0 0 0 0 0 0 0 0 0 0 0 0 0 0 0 0 0 0 0 0 0 0 0 0 0 0 0 0 0 0 0 0 0 0 0 0 0 0 0 0 0 0 0 0 0 0 0 0 0 0 0 0 0 0 0 0 0 0 0 0 4 89 7 0 0 0 0 0 0 0 0 0 0 0 0 0 0 0 0 0 0 0 0 0 0 0 0 0 0 0 0 0 0 0 0 0 0 
0 0 0 0 0 0 0 0 0 0 0 0 0 0 0 0 0 0 0 0 0 0 0 0 0 0 0 0 0 0 0 0 0 0 0 0 0 0 0 0 0 0 0 0 0 0 0 0 0 0 0 0 0 0 0 0 0 0 0 0 0 0 0 0 7 93 0 0 0 0 0 0 0 0 0 0 0 0 0 0 0 0 0 0 0 0 0 0 0 0 0 0 0 0 0 0 0 0 0 0 
0 0 0 0 0 0 0 0 0 0 0 0 0 0 0 0 0 0 0 0 0 0 0 0 0 0 0 0 0 0 0 0 0 0 0 0 0 0 0 0 0 0 0 0 0 0 0 0 0 0 0 0 0 0 0 0 0 0 0 0 0 0 0 0 0 0 0 100 0 0 0 0 0 0 0 0 0 0 0 0 0 0 0 0 0 0 0 0 0 0 0 0 0 0 0 0 0 0 0 0 
0 0 0 0 0 0 0 0 0 0 0 0 0 0 0 0 0 0 0 0 0 0 0 0 0 0 0 0 0 0 0 0 0 0 0 0 0 0 0 0 0 0 0 0 0 0 0 0 0 0 0 0 0 0 0 0 0 0 0 0 0 0 0 0 0 0 100 0 0 0 0 0 0 0 0 0 0 0 0 0 0 0 0 0 0 0 0 0 0 0 0 0 0 0 0 0 0 0 0 0 
0 0 0 0 0 0 0 0 0 0 0 0 0 0 0 0 0 0 0 0 0 0 0 0 0 0 0 0 0 0 0 0 0 0 0 0 0 0 0 0 0 0 0 0 0 0 0 0 0 0 0 0 0 0 0 0 0 0 0 0 0 0 0 0 0 0 0 0 95 5 0 0 0 0 0 0 0 0 0 0 0 0 0 0 0 0 0 0 0 0 0 0 0 0 0 0 0 0 0 0 
0 0 0 0 0 0 0 0 0 0 0 0 0 0 0 0 0 0 0 0 0 0 0 0 0 0 0 0 0 0 0 0 0 0 0 0 0 0 0 0 0 0 0 0 0 0 0 0 0 0 0 0 0 0 0 0 0 0 0 0 0 0 0 0 0 0 0 0 5 93 2 0 0 0 0 0 0 0 0 0 0 0 0 0 0 0 0 0 0 0 0 0 0 0 0 0 0 0 0 0 
0 0 0 0 0 0 0 0 0 0 0 0 0 0 0 0 0 0 0 0 0 0 0 0 0 0 0 0 0 0 0 0 0 0 0 0 0 0 0 0 0 0 0 0 0 0 0 0 0 0 0 0 0 0 0 0 0 0 0 0 0 0 0 0 0 0 0 0 0 1 91 7 1 0 0 0 0 0 0 0 0 0 0 0 0 0 0 0 0 0 0 0 0 0 0 0 0 0 0 0 
0 0 0 0 0 0 0 0 0 0 0 0 0 0 0 0 0 0 0 0 0 0 0 0 0 0 0 0 0 0 0 0 0 0 0 0 0 0 0 0 0 0 0 0 0 0 0 0 0 0 0 0 0 0 0 0 0 0 0 0 0 0 0 0 0 0 0 0 0 0 0 0 0 0 0 94 6 0 0 0 0 0 0 0 0 0 0 0 0 0 0 0 0 0 0 0 0 0 0 0 
0 0 0 0 0 0 0 0 0 0 0 0 0 0 0 0 0 0 0 0 0 0 0 0 0 0 0 0 0 0 0 0 0 0 0 0 0 0 0 0 0 0 0 0 0 0 0 0 0 0 0 0 0 0 0 0 0 0 0 0 0 0 0 0 0 0 0 0 0 1 7 82 10 0 0 0 0 0 0 0 0 0 0 0 0 0 0 0 0 0 0 0 0 0 0 0 0 0 0 0 
0 0 0 0 0 0 0 0 0 0 0 0 0 0 0 0 0 0 0 0 0 0 0 0 0 0 0 0 0 0 0 0 0 0 0 0 0 0 0 0 0 0 0 0 0 0 0 0 0 0 0 0 0 0 0 0 0 0 0 0 0 0 0 0 0 0 0 0 0 0 0 11 89 0 0 0 0 0 0 0 0 0 0 0 0 0 0 0 0 0 0 0 0 0 0 0 0 0 0 0 
0 0 0 0 0 0 0 0 0 0 0 0 0 0 0 0 0 0 0 0 0 0 0 0 0 0 0 0 0 0 0 0 0 0 0 0 0 0 0 0 0 0 0 0 0 0 0 0 0 0 0 0 0 0 0 0 0 0 0 0 0 0 0 0 0 0 0 0 0 0 0 0 0 97 3 0 0 0 0 0 0 0 0 0 0 0 0 0 0 0 0 0 0 0 0 0 0 0 0 0 
0 0 0 0 0 0 0 0 0 0 0 0 0 0 0 0 0 0 0 0 0 0 0 0 0 0 0 0 0 0 0 0 0 0 0 0 0 0 0 0 0 0 0 0 0 0 0 0 0 0 0 0 0 0 0 0 0 0 0 0 0 0 0 0 0 0 0 0 0 0 0 0 0 0 0 0 0 96 4 0 0 0 0 0 0 0 0 0 0 0 0 0 0 0 0 0 0 0 0 0 
0 0 0 0 0 0 0 0 0 0 0 0 0 0 0 0 0 0 0 0 0 0 0 0 0 0 0 0 0 0 0 0 0 0 0 0 0 0 0 0 0 0 0 0 0 0 0 0 0 0 0 0 0 0 0 0 0 0 0 0 0 0 0 0 0 0 0 0 0 0 0 0 0 3 97 0 0 0 0 0 0 0 0 0 0 0 0 0 0 0 0 0 0 0 0 0 0 0 0 0 
0 0 0 0 0 0 0 0 0 0 0 0 0 0 0 0 0 0 0 0 0 0 0 0 0 0 0 0 0 0 0 0 0 0 0 0 0 0 0 0 0 0 0 0 0 0 0 0 0 0 0 0 0 0 0 0 0 0 0 0 0 0 0 0 0 0 0 0 0 0 0 0 0 0 0 6 94 0 0 0 0 0 0 0 0 0 0 0 0 0 0 0 0 0 0 0 0 0 0 0 
0 0 0 0 0 0 0 0 0 0 0 0 0 0 0 0 0 0 0 0 0 0 0 0 0 0 0 0 0 0 0 0 0 0 0 0 0 0 0 0 0 0 0 0 0 0 0 0 0 0 0 0 0 0 0 0 0 0 0 0 0 0 0 0 0 0 0 0 0 0 0 0 0 0 0 0 0 0 0 4 95 1 0 0 0 0 0 0 0 0 0 0 0 0 0 0 0 0 0 0 
0 0 0 0 0 0 0 0 0 0 0 0 0 0 0 0 0 0 0 0 0 0 0 0 0 0 0 0 0 0 0 0 0 0 0 0 0 0 0 0 0 0 0 0 0 0 0 0 0 0 0 0 0 0 0 0 0 0 0 0 0 0 0 0 0 0 0 0 0 0 0 0 0 0 0 0 0 4 96 0 0 0 0 0 0 0 0 0 0 0 0 0 0 0 0 0 0 0 0 0 
0 0 0 0 0 0 0 0 0 0 0 0 0 0 0 0 0 0 0 0 0 0 0 0 0 0 0 0 0 0 0 0 0 0 0 0 0 0 0 0 0 0 0 0 0 0 0 0 0 0 0 0 0 0 0 0 0 0 0 0 0 0 0 0 0 0 0 0 0 0 0 0 0 0 0 0 0 0 0 96 4 0 0 0 0 0 0 0 0 0 0 0 0 0 0 0 0 0 0 0 
0 0 0 0 0 0 0 0 0 0 0 0 0 0 0 0 0 0 0 0 0 0 0 0 0 0 0 0 0 0 0 0 0 0 0 0 0 0 0 0 0 0 0 0 0 0 0 0 0 0 0 0 0 0 0 0 0 0 0 0 0 0 0 0 0 0 0 0 0 0 0 0 0 0 0 0 0 0 0 0 1 99 0 0 0 0 0 0 0 0 0 0 0 0 0 0 0 0 0 0 
0 0 0 0 0 0 0 0 0 0 0 0 0 0 0 0 0 0 0 0 0 0 0 0 0 0 0 0 0 0 0 0 0 0 0 0 0 0 0 0 0 0 0 0 0 0 0 0 0 0 0 0 0 0 0 0 0 0 0 0 0 0 0 0 0 0 0 0 0 0 0 0 0 0 0 0 0 0 0 0 0 0 1 4 95 0 0 0 0 0 0 0 0 0 0 0 0 0 0 0 
0 0 0 0 0 0 0 0 0 0 0 0 0 0 0 0 0 0 0 0 0 0 0 0 0 0 0 0 0 0 0 0 0 0 0 0 0 0 0 0 0 0 0 0 0 0 0 0 0 0 0 0 0 0 0 0 0 0 0 0 0 0 0 0 0 0 0 0 0 0 0 0 0 0 0 0 0 0 0 0 0 0 99 1 0 0 0 0 0 0 0 0 0 0 0 0 0 0 0 0 
0 0 0 0 0 0 0 0 0 0 0 0 0 0 0 0 0 0 0 0 0 0 0 0 0 0 0 0 0 0 0 0 0 0 0 0 0 0 0 0 0 0 0 0 0 0 0 0 0 0 0 0 0 0 0 0 0 0 0 0 0 0 0 0 0 0 0 0 0 0 0 0 0 0 0 0 0 0 0 0 0 0 0 0 0 100 0 0 0 0 0 0 0 0 0 0 0 0 0 0 
0 0 0 0 0 0 0 0 0 0 0 0 0 0 0 0 0 0 0 0 0 0 0 0 0 0 0 0 0 0 0 0 0 0 0 0 0 0 0 0 0 0 0 0 0 0 0 0 0 0 0 0 0 0 0 0 0 0 0 0 0 0 0 0 0 0 0 0 0 0 0 0 0 0 0 0 0 0 0 0 0 0 0 95 5 0 0 0 0 0 0 0 0 0 0 0 0 0 0 0 
0 0 0 0 0 0 0 0 0 0 0 0 0 0 0 0 0 0 0 0 0 0 0 0 0 0 0 0 0 0 0 0 0 0 0 0 0 0 0 0 0 0 0 0 0 0 0 0 0 0 0 0 0 0 0 0 0 0 0 0 0 0 0 0 0 0 0 0 0 0 0 0 0 0 0 0 0 0 0 0 0 0 0 0 0 0 98 2 0 0 0 0 0 0 0 0 0 0 0 0 
0 0 0 0 0 0 0 0 0 0 0 0 0 0 0 0 0 0 0 0 0 0 0 0 0 0 0 0 0 0 0 0 0 0 0 0 0 0 0 0 0 0 0 0 0 0 0 0 0 0 0 0 0 0 0 0 0 0 0 0 0 0 0 0 0 0 0 0 0 0 0 0 0 0 0 0 0 0 0 0 0 0 0 0 0 0 2 98 0 0 0 0 0 0 0 0 0 0 0 0 
0 0 0 0 0 0 0 0 0 0 0 0 0 0 0 0 0 0 0 0 0 0 0 0 0 0 0 0 0 0 0 0 0 0 0 0 0 0 0 0 0 0 0 0 0 0 0 0 0 0 0 0 0 0 0 0 0 0 0 0 0 0 0 0 0 0 0 0 0 0 0 0 0 0 0 0 0 0 0 0 0 0 0 0 0 0 0 0 97 3 0 0 0 0 0 0 0 0 0 0 
0 0 0 0 0 0 0 0 0 0 0 0 0 0 0 0 0 0 0 0 0 0 0 0 0 0 0 0 0 0 0 0 0 0 0 0 0 0 0 0 0 0 0 0 0 0 0 0 0 0 0 0 0 0 0 0 0 0 0 0 0 0 0 0 0 0 0 0 0 0 0 0 0 0 0 0 0 0 0 0 0 0 0 0 0 0 0 0 0 0 99 1 0 0 0 0 0 0 0 0 
0 0 0 0 0 0 0 0 0 0 0 0 0 0 0 0 0 0 0 0 0 0 0 0 0 0 0 0 0 0 0 0 0 0 0 0 0 0 0 0 0 0 0 0 0 0 0 0 0 0 0 0 0 0 0 0 0 0 0 0 0 0 0 0 0 0 0 0 0 0 0 0 0 0 0 0 0 0 0 0 0 0 0 0 0 0 0 0 3 97 0 0 0 0 0 0 0 0 0 0 
0 0 0 0 0 0 0 0 0 0 0 0 0 0 0 0 0 0 0 0 0 0 0 0 0 0 0 0 0 0 0 0 0 0 0 0 0 0 0 0 0 0 0 0 0 0 0 0 0 0 0 0 0 0 0 0 0 0 0 0 0 0 0 0 0 0 0 0 0 0 0 0 0 0 0 0 0 0 0 0 0 0 0 0 0 0 0 0 0 0 0 5 94 1 0 0 0 0 0 0 
0 0 0 0 0 0 0 0 0 0 0 0 0 0 0 0 0 0 0 0 0 0 0 0 0 0 0 0 0 0 0 0 0 0 0 0 0 0 0 0 0 0 0 0 0 0 0 0 0 0 0 0 0 0 0 0 0 0 0 0 0 0 0 0 0 0 0 0 0 0 0 0 0 0 0 0 0 0 0 0 0 0 0 0 0 0 0 0 0 0 0 0 0 0 100 0 0 0 0 0 
0 0 0 0 0 0 0 0 0 0 0 0 0 0 0 0 0 0 0 0 0 0 0 0 0 0 0 0 0 0 0 0 0 0 0 0 0 0 0 0 0 0 0 0 0 0 0 0 0 0 0 0 0 0 0 0 0 0 0 0 0 0 0 0 0 0 0 0 0 0 0 0 0 0 0 0 0 0 0 0 0 0 0 0 0 0 0 0 0 0 1 94 5 0 0 0 0 0 0 0 
0 0 0 0 0 0 0 0 0 0 0 0 0 0 0 0 0 0 0 0 0 0 0 0 0 0 0 0 0 0 0 0 0 0 0 0 0 0 0 0 0 0 0 0 0 0 0 0 0 0 0 0 0 0 0 0 0 0 0 0 0 0 0 0 0 0 0 0 0 0 0 0 0 0 0 0 0 0 0 0 0 0 0 0 0 0 0 0 0 0 0 0 1 99 0 0 0 0 0 0 
0 0 0 0 0 0 0 0 0 0 0 0 0 0 0 0 0 0 0 0 0 0 0 0 0 0 0 0 0 0 0 0 0 0 0 0 0 0 0 0 0 0 0 0 0 0 0 0 0 0 0 0 0 0 0 0 0 0 0 0 0 0 0 0 0 0 0 0 0 0 0 0 0 0 0 0 0 0 0 0 0 0 0 0 0 0 0 0 0 0 0 0 0 0 0 100 0 0 0 0 
0 0 0 0 0 0 0 0 0 0 0 0 0 0 0 0 0 0 0 0 0 0 0 0 0 0 0 0 0 0 0 0 0 0 0 0 0 0 0 0 0 0 0 0 0 0 0 0 0 0 0 0 0 0 0 0 0 0 0 0 0 0 0 0 0 0 0 0 0 0 0 0 0 0 0 0 0 0 0 0 0 0 0 0 0 0 0 0 0 0 0 0 0 0 0 0 0 100 0 0 
0 0 0 0 0 0 0 0 0 0 0 0 0 0 0 0 0 0 0 0 0 0 0 0 0 0 0 0 0 0 0 0 0 0 0 0 0 0 0 0 0 0 0 0 0 0 0 0 0 0 0 0 0 0 0 0 0 0 0 0 0 0 0 0 0 0 0 0 0 0 0 0 0 0 0 0 0 0 0 0 0 0 0 0 0 0 0 0 0 0 0 0 0 0 0 0 100 0 0 0 
0 0 0 0 0 0 0 0 0 0 0 0 0 0 0 0 0 0 0 0 0 0 0 0 0 0 0 0 0 0 0 0 0 0 0 0 0 0 0 0 0 0 0 0 0 0 0 0 0 0 0 0 0 0 0 0 0 0 0 0 0 0 0 0 0 0 0 0 0 0 0 0 0 0 0 0 0 0 0 0 0 0 0 0 0 0 0 0 0 0 0 0 0 0 0 0 0 0 0 100 
0 0 0 0 0 0 0 0 0 0 0 0 0 0 0 0 0 0 0 0 0 0 0 0 0 0 0 0 0 0 0 0 0 0 0 0 0 0 0 0 0 0 0 0 0 0 0 0 0 0 0 0 0 0 0 0 0 0 0 0 0 0 0 0 0 0 0 0 0 0 0 0 0 0 0 0 0 0 0 0 0 0 0 0 0 0 0 0 0 0 0 0 0 0 0 0 0 0 100 0 

Pair-order violations matrix
0 0 0 0 0 0 0 0 0 0 0 0 0 0 0 0 0 0 0 0 0 0 0 0 0 0 0 0 0 0 0 0 0 0 0 0 0 0 0 0 0 0 0 0 0 0 0 0 0 0 0 0 0 0 0 0 0 0 0 0 0 0 0 0 0 0 0 0 0 0 0 0 0 0 0 0 0 0 0 0 0 0 0 0 0 0 0 0 0 0 0 0 0 0 0 0 0 0 0 0 
0 0 0 0 0 0 0 0 0 0 0 0 0 0 0 0 0 0 0 0 0 0 0 0 0 0 0 0 0 0 0 0 0 0 0 0 0 0 0 0 0 0 0 0 0 0 0 0 0 0 0 0 0 0 0 0 0 0 0 0 0 0 0 0 0 0 0 0 0 0 0 0 0 0 0 0 0 0 0 0 0 0 0 0 0 0 0 0 0 0 0 0 0 0 0 0 0 0 0 0 
0 0 0 0 0 0 0 0 0 0 0 0 0 0 0 0 0 0 0 0 0 0 0 0 0 0 0 0 0 0 0 0 0 0 0 0 0 0 0 0 0 0 0 0 0 0 0 0 0 0 0 0 0 0 0 0 0 0 0 0 0 0 0 0 0 0 0 0 0 0 0 0 0 0 0 0 0 0 0 0 0 0 0 0 0 0 0 0 0 0 0 0 0 0 0 0 0 0 0 0 
0 0 0 0 0 0 0 0 0 0 0 0 0 0 0 0 0 0 0 0 0 0 0 0 0 0 0 0 0 0 0 0 0 0 0 0 0 0 0 0 0 0 0 0 0 0 0 0 0 0 0 0 0 0 0 0 0 0 0 0 0 0 0 0 0 0 0 0 0 0 0 0 0 0 0 0 0 0 0 0 0 0 0 0 0 0 0 0 0 0 0 0 0 0 0 0 0 0 0 0 
0 0 0 0 0 0 0 0 0 0 0 0 0 0 0 0 0 0 0 0 0 0 0 0 0 0 0 0 0 0 0 0 0 0 0 0 0 0 0 0 0 0 0 0 0 0 0 0 0 0 0 0 0 0 0 0 0 0 0 0 0 0 0 0 0 0 0 0 0 0 0 0 0 0 0 0 0 0 0 0 0 0 0 0 0 0 0 0 0 0 0 0 0 0 0 0 0 0 0 0 
0 0 0 0 0 0 1 0 0 0 0 0 0 0 0 0 0 0 0 0 0 0 0 0 0 0 0 0 0 0 0 0 0 0 0 0 0 0 0 0 0 0 0 0 0 0 0 0 0 0 0 0 0 0 0 0 0 0 0 0 0 0 0 0 0 0 0 0 0 0 0 0 0 0 0 0 0 0 0 0 0 0 0 0 0 0 0 0 0 0 0 0 0 0 0 0 0 0 0 0 
0 0 0 0 0 1 0 0 0 0 0 0 0 0 0 0 0 0 0 0 0 0 0 0 0 0 0 0 0 0 0 0 0 0 0 0 0 0 0 0 0 0 0 0 0 0 0 0 0 0 0 0 0 0 0 0 0 0 0 0 0 0 0 0 0 0 0 0 0 0 0 0 0 0 0 0 0 0 0 0 0 0 0 0 0 0 0 0 0 0 0 0 0 0 0 0 0 0 0 0 
0 0 0 0 0 0 0 0 0 0 0 0 0 0 0 0 0 0 0 0 0 0 0 0 0 0 0 0 0 0 0 0 0 0 0 0 0 0 0 0 0 0 0 0 0 0 0 0 0 0 0 0 0 0 0 0 0 0 0 0 0 0 0 0 0 0 0 0 0 0 0 0 0 0 0 0 0 0 0 0 0 0 0 0 0 0 0 0 0 0 0 0 0 0 0 0 0 0 0 0 
0 0 0 0 0 0 0 0 0 0 0 0 0 0 0 0 0 0 0 0 0 0 0 0 0 0 0 0 0 0 0 0 0 0 0 0 0 0 0 0 0 0 0 0 0 0 0 0 0 0 0 0 0 0 0 0 0 0 0 0 0 0 0 0 0 0 0 0 0 0 0 0 0 0 0 0 0 0 0 0 0 0 0 0 0 0 0 0 0 0 0 0 0 0 0 0 0 0 0 0 
0 0 0 0 0 0 0 0 0 0 0 4 0 0 0 0 0 0 0 0 0 0 0 0 0 0 0 0 0 0 0 0 0 0 0 0 0 0 0 0 0 0 0 0 0 0 0 0 0 0 0 0 0 0 0 0 0 0 0 0 0 0 0 0 0 0 0 0 0 0 0 0 0 0 0 0 0 0 0 0 0 0 0 0 0 0 0 0 0 0 0 0 0 0 0 0 0 0 0 0 
0 0 0 0 0 0 0 0 0 0 0 100 0 97 0 0 0 0 0 0 0 0 0 0 0 0 0 0 0 0 0 0 0 0 0 0 0 0 0 0 0 0 0 0 0 0 0 0 0 0 0 0 0 0 0 0 0 0 0 0 0 0 0 0 0 0 0 0 0 0 0 0 0 0 0 0 0 0 0 0 0 0 0 0 0 0 0 0 0 0 0 0 0 0 0 0 0 0 0 0 
0 0 0 0 0 0 0 0 0 4 100 0 0 0 0 0 0 0 0 0 0 0 0 0 0 0 0 0 0 0 0 0 0 0 0 0 0 0 0 0 0 0 0 0 0 0 0 0 0 0 0 0 0 0 0 0 0 0 0 0 0 0 0 0 0 0 0 0 0 0 0 0 0 0 0 0 0 0 0 0 0 0 0 0 0 0 0 0 0 0 0 0 0 0 0 0 0 0 0 0 
0 0 0 0 0 0 0 0 0 0 0 0 0 100 1 100 100 0 0 97 0 0 0 0 0 0 0 0 0 0 0 0 0 0 0 0 0 0 0 0 0 0 0 0 0 0 0 0 0 0 0 0 0 0 0 0 0 0 0 0 0 0 0 0 0 0 0 0 0 0 0 0 0 0 0 0 0 0 0 0 0 0 0 0 0 0 0 0 0 0 0 0 0 0 0 0 0 0 0 0 
0 0 0 0 0 0 0 0 0 0 97 0 100 0 0 0 0 0 0 0 0 0 0 0 0 0 0 0 0 0 0 0 0 0 0 0 0 0 0 0 0 0 0 0 0 0 0 0 0 0 0 0 0 0 0 0 0 0 0 0 0 0 0 0 0 0 0 0 0 0 0 0 0 0 0 0 0 0 0 0 0 0 0 0 0 0 0 0 0 0 0 0 0 0 0 0 0 0 0 0 
0 0 0 0 0 0 0 0 0 0 0 0 1 0 0 100 100 0 0 100 0 0 0 0 0 0 0 0 0 0 0 0 0 0 0 0 0 0 0 0 0 0 0 0 0 0 0 0 0 0 0 0 0 0 0 0 0 0 0 0 0 0 0 0 0 0 0 0 0 0 0 0 0 0 0 0 0 0 0 0 0 0 0 0 0 0 0 0 0 0 0 0 0 0 0 0 0 0 0 0 
0 0 0 0 0 0 0 0 0 0 0 0 100 0 100 0 0 0 0 0 0 0 0 0 0 0 0 0 0 0 0 0 0 0 0 0 0 0 0 0 0 0 0 0 0 0 0 0 0 0 0 0 0 0 0 0 0 0 0 0 0 0 0 0 0 0 0 0 0 0 0 0 0 0 0 0 0 0 0 0 0 0 0 0 0 0 0 0 0 0 0 0 0 0 0 0 0 0 0 0 
0 0 0 0 0 0 0 0 0 0 0 0 100 0 100 0 0 0 0 0 0 0 0 0 0 0 0 0 0 0 0 0 0 0 0 0 0 0 0 0 0 0 0 0 0 0 0 0 0 0 0 0 0 0 0 0 0 0 0 0 0 0 0 0 0 0 0 0 0 0 0 0 0 0 0 0 0 0 0 0 0 0 0 0 0 0 0 0 0 0 0 0 0 0 0 0 0 0 0 0 
0 0 0 0 0 0 0 0 0 0 0 0 0 0 0 0 0 0 4 100 0 0 0 0 0 0 0 0 0 0 0 0 0 0 0 0 0 0 0 0 0 0 0 0 0 0 0 0 0 0 0 0 0 0 0 0 0 0 0 0 0 0 0 0 0 0 0 0 0 0 0 0 0 0 0 0 0 0 0 0 0 0 0 0 0 0 0 0 0 0 0 0 0 0 0 0 0 0 0 0 
0 0 0 0 0 0 0 0 0 0 0 0 0 0 0 0 0 4 0 100 1 0 0 0 0 0 0 0 0 0 0 0 0 0 0 0 0 0 0 0 0 0 0 0 0 0 0 0 0 0 0 0 0 0 0 0 0 0 0 0 0 0 0 0 0 0 0 0 0 0 0 0 0 0 0 0 0 0 0 0 0 0 0 0 0 0 0 0 0 0 0 0 0 0 0 0 0 0 0 0 
0 0 0 0 0 0 0 0 0 0 0 0 97 0 100 0 0 100 100 0 0 0 0 0 0 0 0 0 0 0 0 0 0 0 0 0 0 0 0 0 0 0 0 0 0 0 0 0 0 0 0 0 0 0 0 0 0 0 0 0 0 0 0 0 0 0 0 0 0 0 0 0 0 0 0 0 0 0 0 0 0 0 0 0 0 0 0 0 0 0 0 0 0 0 0 0 0 0 0 0 
0 0 0 0 0 0 0 0 0 0 0 0 0 0 0 0 0 0 1 0 0 1 0 0 0 0 0 0 0 0 0 0 0 0 0 0 0 0 0 0 0 0 0 0 0 0 0 0 0 0 0 0 0 0 0 0 0 0 0 0 0 0 0 0 0 0 0 0 0 0 0 0 0 0 0 0 0 0 0 0 0 0 0 0 0 0 0 0 0 0 0 0 0 0 0 0 0 0 0 0 
0 0 0 0 0 0 0 0 0 0 0 0 0 0 0 0 0 0 0 0 1 0 4 0 0 0 0 0 0 0 0 0 0 0 0 0 0 0 0 0 0 0 0 0 0 0 0 0 0 0 0 0 0 0 0 0 0 0 0 0 0 0 0 0 0 0 0 0 0 0 0 0 0 0 0 0 0 0 0 0 0 0 0 0 0 0 0 0 0 0 0 0 0 0 0 0 0 0 0 0 
0 0 0 0 0 0 0 0 0 0 0 0 0 0 0 0 0 0 0 0 0 4 0 0 0 0 0 0 0 0 0 0 0 0 0 0 0 0 0 0 0 0 0 0 0 0 0 0 0 0 0 0 0 0 0 0 0 0 0 0 0 0 0 0 0 0 0 0 0 0 0 0 0 0 0 0 0 0 0 0 0 0 0 0 0 0 0 0 0 0 0 0 0 0 0 0 0 0 0 0 
0 0 0 0 0 0 0 0 0 0 0 0 0 0 0 0 0 0 0 0 0 0 0 0 92 0 0 3 0 0 0 0 0 0 0 0 0 0 0 0 0 0 0 0 0 0 0 0 0 0 0 0 0 0 0 0 0 0 0 0 0 0 0 0 0 0 0 0 0 0 0 0 0 0 0 0 0 0 0 0 0 0 0 0 0 0 0 0 0 0 0 0 0 0 0 0 0 0 0 0 
0 0 0 0 0 0 0 0 0 0 0 0 0 0 0 0 0 0 0 0 0 0 0 92 0 0 0 1 0 0 0 0 0 0 0 0 0 0 0 0 0 0 0 0 0 0 0 0 0 0 0 0 0 0 0 0 0 0 0 0 0 0 0 0 0 0 0 0 0 0 0 0 0 0 0 0 0 0 0 0 0 0 0 0 0 0 0 0 0 0 0 0 0 0 0 0 0 0 0 0 
0 0 0 0 0 0 0 0 0 0 0 0 0 0 0 0 0 0 0 0 0 0 0 0 0 0 1 100 0 0 4 0 0 0 0 0 0 0 0 0 0 0 0 0 0 0 0 0 0 0 0 0 0 0 0 0 0 0 0 0 0 0 0 0 0 0 0 0 0 0 0 0 0 0 0 0 0 0 0 0 0 0 0 0 0 0 0 0 0 0 0 0 0 0 0 0 0 0 0 0 
0 0 0 0 0 0 0 0 0 0 0 0 0 0 0 0 0 0 0 0 0 0 0 0 0 1 0 100 1 0 98 0 0 0 0 0 0 0 0 0 0 0 0 0 0 0 0 0 0 0 0 0 0 0 0 0 0 0 0 0 0 0 0 0 0 0 0 0 0 0 0 0 0 0 0 0 0 0 0 0 0 0 0 0 0 0 0 0 0 0 0 0 0 0 0 0 0 0 0 0 
0 0 0 0 0 0 0 0 0 0 0 0 0 0 0 0 0 0 0 0 0 0 0 3 1 100 100 0 0 0 0 0 0 0 0 0 0 0 0 0 0 0 0 0 0 0 0 0 0 0 0 0 0 0 0 0 0 0 0 0 0 0 0 0 0 0 0 0 0 0 0 0 0 0 0 0 0 0 0 0 0 0 0 0 0 0 0 0 0 0 0 0 0 0 0 0 0 0 0 0 
0 0 0 0 0 0 0 0 0 0 0 0 0 0 0 0 0 0 0 0 0 0 0 0 0 0 1 0 0 0 100 0 0 0 0 0 0 0 0 0 0 0 0 0 0 0 0 0 0 0 0 0 0 0 0 0 0 0 0 0 0 0 0 0 0 0 0 0 0 0 0 0 0 0 0 0 0 0 0 0 0 0 0 0 0 0 0 0 0 0 0 0 0 0 0 0 0 0 0 0 
0 0 0 0 0 0 0 0 0 0 0 0 0 0 0 0 0 0 0 0 0 0 0 0 0 0 0 0 0 0 100 98 100 1 0 0 0 0 0 0 0 0 0 0 0 0 0 0 0 0 0 0 0 0 0 0 0 0 0 0 0 0 0 0 0 0 0 0 0 0 0 0 0 0 0 0 0 0 0 0 0 0 0 0 0 0 0 0 0 0 0 0 0 0 0 0 0 0 0 0 
0 0 0 0 0 0 0 0 0 0 0 0 0 0 0 0 0 0 0 0 0 0 0 0 0 4 98 0 100 100 0 0 0 0 0 0 0 0 0 0 0 0 0 0 0 0 0 0 0 0 0 0 0 0 0 0 0 0 0 0 0 0 0 0 0 0 0 0 0 0 0 0 0 0 0 0 0 0 0 0 0 0 0 0 0 0 0 0 0 0 0 0 0 0 0 0 0 0 0 0 
0 0 0 0 0 0 0 0 0 0 0 0 0 0 0 0 0 0 0 0 0 0 0 0 0 0 0 0 0 98 0 0 94 1 0 0 0 0 0 0 0 0 0 0 0 0 0 0 0 0 0 0 0 0 0 0 0 0 0 0 0 0 0 0 0 0 0 0 0 0 0 0 0 0 0 0 0 0 0 0 0 0 0 0 0 0 0 0 0 0 0 0 0 0 0 0 0 0 0 0 
0 0 0 0 0 0 0 0 0 0 0 0 0 0 0 0 0 0 0 0 0 0 0 0 0 0 0 0 0 100 0 94 0 0 0 0 0 0 0 0 0 0 0 0 0 0 0 0 0 0 0 0 0 0 0 0 0 0 0 0 0 0 0 0 0 0 0 0 0 0 0 0 0 0 0 0 0 0 0 0 0 0 0 0 0 0 0 0 0 0 0 0 0 0 0 0 0 0 0 0 
0 0 0 0 0 0 0 0 0 0 0 0 0 0 0 0 0 0 0 0 0 0 0 0 0 0 0 0 0 1 0 1 0 0 0 0 0 0 0 0 0 0 0 0 0 0 0 0 0 0 0 0 0 0 0 0 0 0 0 0 0 0 0 0 0 0 0 0 0 0 0 0 0 0 0 0 0 0 0 0 0 0 0 0 0 0 0 0 0 0 0 0 0 0 0 0 0 0 0 0 
0 0 0 0 0 0 0 0 0 0 0 0 0 0 0 0 0 0 0 0 0 0 0 0 0 0 0 0 0 0 0 0 0 0 0 88 0 0 0 0 0 0 0 0 0 0 0 0 0 0 0 0 0 0 0 0 0 0 0 0 0 0 0 0 0 0 0 0 0 0 0 0 0 0 0 0 0 0 0 0 0 0 0 0 0 0 0 0 0 0 0 0 0 0 0 0 0 0 0 0 
0 0 0 0 0 0 0 0 0 0 0 0 0 0 0 0 0 0 0 0 0 0 0 0 0 0 0 0 0 0 0 0 0 0 88 0 2 0 0 0 0 0 0 0 0 0 0 0 0 0 0 0 0 0 0 0 0 0 0 0 0 0 0 0 0 0 0 0 0 0 0 0 0 0 0 0 0 0 0 0 0 0 0 0 0 0 0 0 0 0 0 0 0 0 0 0 0 0 0 0 
0 0 0 0 0 0 0 0 0 0 0 0 0 0 0 0 0 0 0 0 0 0 0 0 0 0 0 0 0 0 0 0 0 0 0 2 0 3 0 0 0 0 0 0 0 0 0 0 0 0 0 0 0 0 0 0 0 0 0 0 0 0 0 0 0 0 0 0 0 0 0 0 0 0 0 0 0 0 0 0 0 0 0 0 0 0 0 0 0 0 0 0 0 0 0 0 0 0 0 0 
0 0 0 0 0 0 0 0 0 0 0 0 0 0 0 0 0 0 0 0 0 0 0 0 0 0 0 0 0 0 0 0 0 0 0 0 3 0 0 0 0 0 0 0 0 0 0 0 0 0 0 0 0 0 0 0 0 0 0 0 0 0 0 0 0 0 0 0 0 0 0 0 0 0 0 0 0 0 0 0 0 0 0 0 0 0 0 0 0 0 0 0 0 0 0 0 0 0 0 0 
0 0 0 0 0 0 0 0 0 0 0 0 0 0 0 0 0 0 0 0 0 0 0 0 0 0 0 0 0 0 0 0 0 0 0 0 0 0 0 5 1 0 0 0 0 0 0 0 0 0 0 0 0 0 0 0 0 0 0 0 0 0 0 0 0 0 0 0 0 0 0 0 0 0 0 0 0 0 0 0 0 0 0 0 0 0 0 0 0 0 0 0 0 0 0 0 0 0 0 0 
0 0 0 0 0 0 0 0 0 0 0 0 0 0 0 0 0 0 0 0 0 0 0 0 0 0 0 0 0 0 0 0 0 0 0 0 0 0 5 0 1 0 0 0 0 0 0 0 0 0 0 0 0 0 0 0 0 0 0 0 0 0 0 0 0 0 0 0 0 0 0 0 0 0 0 0 0 0 0 0 0 0 0 0 0 0 0 0 0 0 0 0 0 0 0 0 0 0 0 0 
0 0 0 0 0 0 0 0 0 0 0 0 0 0 0 0 0 0 0 0 0 0 0 0 0 0 0 0 0 0 0 0 0 0 0 0 0 0 1 1 0 7 0 0 0 0 0 0 0 0 0 0 0 0 0 0 0 0 0 0 0 0 0 0 0 0 0 0 0 0 0 0 0 0 0 0 0 0 0 0 0 0 0 0 0 0 0 0 0 0 0 0 0 0 0 0 0 0 0 0 
0 0 0 0 0 0 0 0 0 0 0 0 0 0 0 0 0 0 0 0 0 0 0 0 0 0 0 0 0 0 0 0 0 0 0 0 0 0 0 0 7 0 2 0 0 0 0 0 0 0 0 0 0 0 0 0 0 0 0 0 0 0 0 0 0 0 0 0 0 0 0 0 0 0 0 0 0 0 0 0 0 0 0 0 0 0 0 0 0 0 0 0 0 0 0 0 0 0 0 0 
0 0 0 0 0 0 0 0 0 0 0 0 0 0 0 0 0 0 0 0 0 0 0 0 0 0 0 0 0 0 0 0 0 0 0 0 0 0 0 0 0 2 0 88 0 1 0 0 0 0 0 0 0 0 0 0 0 0 0 0 0 0 0 0 0 0 0 0 0 0 0 0 0 0 0 0 0 0 0 0 0 0 0 0 0 0 0 0 0 0 0 0 0 0 0 0 0 0 0 0 
0 0 0 0 0 0 0 0 0 0 0 0 0 0 0 0 0 0 0 0 0 0 0 0 0 0 0 0 0 0 0 0 0 0 0 0 0 0 0 0 0 0 88 0 0 1 0 0 0 0 0 0 0 0 0 0 0 0 0 0 0 0 0 0 0 0 0 0 0 0 0 0 0 0 0 0 0 0 0 0 0 0 0 0 0 0 0 0 0 0 0 0 0 0 0 0 0 0 0 0 
0 0 0 0 0 0 0 0 0 0 0 0 0 0 0 0 0 0 0 0 0 0 0 0 0 0 0 0 0 0 0 0 0 0 0 0 0 0 0 0 0 0 0 0 0 90 0 0 1 0 0 0 0 0 0 0 0 0 0 0 0 0 0 0 0 0 0 0 0 0 0 0 0 0 0 0 0 0 0 0 0 0 0 0 0 0 0 0 0 0 0 0 0 0 0 0 0 0 0 0 
0 0 0 0 0 0 0 0 0 0 0 0 0 0 0 0 0 0 0 0 0 0 0 0 0 0 0 0 0 0 0 0 0 0 0 0 0 0 0 0 0 0 1 1 90 0 0 0 0 0 0 0 0 0 0 0 0 0 0 0 0 0 0 0 0 0 0 0 0 0 0 0 0 0 0 0 0 0 0 0 0 0 0 0 0 0 0 0 0 0 0 0 0 0 0 0 0 0 0 0 
0 0 0 0 0 0 0 0 0 0 0 0 0 0 0 0 0 0 0 0 0 0 0 0 0 0 0 0 0 0 0 0 0 0 0 0 0 0 0 0 0 0 0 0 0 0 0 2 91 0 0 0 0 0 0 0 0 0 0 0 0 0 0 0 0 0 0 0 0 0 0 0 0 0 0 0 0 0 0 0 0 0 0 0 0 0 0 0 0 0 0 0 0 0 0 0 0 0 0 0 
0 0 0 0 0 0 0 0 0 0 0 0 0 0 0 0 0 0 0 0 0 0 0 0 0 0 0 0 0 0 0 0 0 0 0 0 0 0 0 0 0 0 0 0 0 0 2 0 100 0 0 0 0 0 0 0 0 0 0 0 0 0 0 0 0 0 0 0 0 0 0 0 0 0 0 0 0 0 0 0 0 0 0 0 0 0 0 0 0 0 0 0 0 0 0 0 0 0 0 0 
0 0 0 0 0 0 0 0 0 0 0 0 0 0 0 0 0 0 0 0 0 0 0 0 0 0 0 0 0 0 0 0 0 0 0 0 0 0 0 0 0 0 0 0 1 0 91 100 0 0 0 0 0 0 0 0 0 0 0 0 0 0 0 0 0 0 0 0 0 0 0 0 0 0 0 0 0 0 0 0 0 0 0 0 0 0 0 0 0 0 0 0 0 0 0 0 0 0 0 0 
0 0 0 0 0 0 0 0 0 0 0 0 0 0 0 0 0 0 0 0 0 0 0 0 0 0 0 0 0 0 0 0 0 0 0 0 0 0 0 0 0 0 0 0 0 0 0 0 0 0 8 0 0 0 0 0 0 0 0 0 0 0 0 0 0 0 0 0 0 0 0 0 0 0 0 0 0 0 0 0 0 0 0 0 0 0 0 0 0 0 0 0 0 0 0 0 0 0 0 0 
0 0 0 0 0 0 0 0 0 0 0 0 0 0 0 0 0 0 0 0 0 0 0 0 0 0 0 0 0 0 0 0 0 0 0 0 0 0 0 0 0 0 0 0 0 0 0 0 0 8 0 0 0 0 0 0 0 0 0 0 0 0 0 0 0 0 0 0 0 0 0 0 0 0 0 0 0 0 0 0 0 0 0 0 0 0 0 0 0 0 0 0 0 0 0 0 0 0 0 0 
0 0 0 0 0 0 0 0 0 0 0 0 0 0 0 0 0 0 0 0 0 0 0 0 0 0 0 0 0 0 0 0 0 0 0 0 0 0 0 0 0 0 0 0 0 0 0 0 0 0 0 0 0 96 2 0 0 0 0 0 0 0 0 0 0 0 0 0 0 0 0 0 0 0 0 0 0 0 0 0 0 0 0 0 0 0 0 0 0 0 0 0 0 0 0 0 0 0 0 0 
0 0 0 0 0 0 0 0 0 0 0 0 0 0 0 0 0 0 0 0 0 0 0 0 0 0 0 0 0 0 0 0 0 0 0 0 0 0 0 0 0 0 0 0 0 0 0 0 0 0 0 0 0 100 93 8 0 0 0 0 0 0 0 0 0 0 0 0 0 0 0 0 0 0 0 0 0 0 0 0 0 0 0 0 0 0 0 0 0 0 0 0 0 0 0 0 0 0 0 0 
0 0 0 0 0 0 0 0 0 0 0 0 0 0 0 0 0 0 0 0 0 0 0 0 0 0 0 0 0 0 0 0 0 0 0 0 0 0 0 0 0 0 0 0 0 0 0 0 0 0 0 96 100 0 0 0 0 0 0 0 0 0 0 0 0 0 0 0 0 0 0 0 0 0 0 0 0 0 0 0 0 0 0 0 0 0 0 0 0 0 0 0 0 0 0 0 0 0 0 0 
0 0 0 0 0 0 0 0 0 0 0 0 0 0 0 0 0 0 0 0 0 0 0 0 0 0 0 0 0 0 0 0 0 0 0 0 0 0 0 0 0 0 0 0 0 0 0 0 0 0 0 2 93 0 0 1 1 0 0 0 0 0 0 0 0 0 0 0 0 0 0 0 0 0 0 0 0 0 0 0 0 0 0 0 0 0 0 0 0 0 0 0 0 0 0 0 0 0 0 0 
0 0 0 0 0 0 0 0 0 0 0 0 0 0 0 0 0 0 0 0 0 0 0 0 0 0 0 0 0 0 0 0 0 0 0 0 0 0 0 0 0 0 0 0 0 0 0 0 0 0 0 0 8 0 1 0 0 0 0 0 0 0 0 0 0 0 0 0 0 0 0 0 0 0 0 0 0 0 0 0 0 0 0 0 0 0 0 0 0 0 0 0 0 0 0 0 0 0 0 0 
0 0 0 0 0 0 0 0 0 0 0 0 0 0 0 0 0 0 0 0 0 0 0 0 0 0 0 0 0 0 0 0 0 0 0 0 0 0 0 0 0 0 0 0 0 0 0 0 0 0 0 0 0 0 1 0 0 2 0 0 1 0 0 0 0 0 0 0 0 0 0 0 0 0 0 0 0 0 0 0 0 0 0 0 0 0 0 0 0 0 0 0 0 0 0 0 0 0 0 0 
0 0 0 0 0 0 0 0 0 0 0 0 0 0 0 0 0 0 0 0 0 0 0 0 0 0 0 0 0 0 0 0 0 0 0 0 0 0 0 0 0 0 0 0 0 0 0 0 0 0 0 0 0 0 0 0 2 0 0 0 4 0 0 0 0 0 0 0 0 0 0 0 0 0 0 0 0 0 0 0 0 0 0 0 0 0 0 0 0 0 0 0 0 0 0 0 0 0 0 0 
0 0 0 0 0 0 0 0 0 0 0 0 0 0 0 0 0 0 0 0 0 0 0 0 0 0 0 0 0 0 0 0 0 0 0 0 0 0 0 0 0 0 0 0 0 0 0 0 0 0 0 0 0 0 0 0 0 0 0 2 99 0 0 0 0 0 0 0 0 0 0 0 0 0 0 0 0 0 0 0 0 0 0 0 0 0 0 0 0 0 0 0 0 0 0 0 0 0 0 0 
0 0 0 0 0 0 0 0 0 0 0 0 0 0 0 0 0 0 0 0 0 0 0 0 0 0 0 0 0 0 0 0 0 0 0 0 0 0 0 0 0 0 0 0 0 0 0 0 0 0 0 0 0 0 0 0 0 0 2 0 100 0 0 1 0 0 0 0 0 0 0 0 0 0 0 0 0 0 0 0 0 0 0 0 0 0 0 0 0 0 0 0 0 0 0 0 0 0 0 0 
0 0 0 0 0 0 0 0 0 0 0 0 0 0 0 0 0 0 0 0 0 0 0 0 0 0 0 0 0 0 0 0 0 0 0 0 0 0 0 0 0 0 0 0 0 0 0 0 0 0 0 0 0 0 0 0 1 4 99 100 0 0 0 0 0 0 0 0 0 0 0 0 0 0 0 0 0 0 0 0 0 0 0 0 0 0 0 0 0 0 0 0 0 0 0 0 0 0 0 0 
0 0 0 0 0 0 0 0 0 0 0 0 0 0 0 0 0 0 0 0 0 0 0 0 0 0 0 0 0 0 0 0 0 0 0 0 0 0 0 0 0 0 0 0 0 0 0 0 0 0 0 0 0 0 0 0 0 0 0 0 0 0 1 92 0 0 0 0 0 0 0 0 0 0 0 0 0 0 0 0 0 0 0 0 0 0 0 0 0 0 0 0 0 0 0 0 0 0 0 0 
0 0 0 0 0 0 0 0 0 0 0 0 0 0 0 0 0 0 0 0 0 0 0 0 0 0 0 0 0 0 0 0 0 0 0 0 0 0 0 0 0 0 0 0 0 0 0 0 0 0 0 0 0 0 0 0 0 0 0 0 0 1 0 100 4 0 0 0 0 0 0 0 0 0 0 0 0 0 0 0 0 0 0 0 0 0 0 0 0 0 0 0 0 0 0 0 0 0 0 0 
0 0 0 0 0 0 0 0 0 0 0 0 0 0 0 0 0 0 0 0 0 0 0 0 0 0 0 0 0 0 0 0 0 0 0 0 0 0 0 0 0 0 0 0 0 0 0 0 0 0 0 0 0 0 0 0 0 0 0 1 0 92 100 0 0 0 0 0 0 0 0 0 0 0 0 0 0 0 0 0 0 0 0 0 0 0 0 0 0 0 0 0 0 0 0 0 0 0 0 0 
0 0 0 0 0 0 0 0 0 0 0 0 0 0 0 0 0 0 0 0 0 0 0 0 0 0 0 0 0 0 0 0 0 0 0 0 0 0 0 0 0 0 0 0 0 0 0 0 0 0 0 0 0 0 0 0 0 0 0 0 0 0 4 0 0 7 0 0 0 0 0 0 0 0 0 0 0 0 0 0 0 0 0 0 0 0 0 0 0 0 0 0 0 0 0 0 0 0 0 0 
0 0 0 0 0 0 0 0 0 0 0 0 0 0 0 0 0 0 0 0 0 0 0 0 0 0 0 0 0 0 0 0 0 0 0 0 0 0 0 0 0 0 0 0 0 0 0 0 0 0 0 0 0 0 0 0 0 0 0 0 0 0 0 0 7 0 0 0 0 0 0 0 0 0 0 0 0 0 0 0 0 0 0 0 0 0 0 0 0 0 0 0 0 0 0 0 0 0 0 0 
0 0 0 0 0 0 0 0 0 0 0 0 0 0 0 0 0 0 0 0 0 0 0 0 0 0 0 0 0 0 0 0 0 0 0 0 0 0 0 0 0 0 0 0 0 0 0 0 0 0 0 0 0 0 0 0 0 0 0 0 0 0 0 0 0 0 0 100 0 0 0 0 0 0 0 0 0 0 0 0 0 0 0 0 0 0 0 0 0 0 0 0 0 0 0 0 0 0 0 0 
0 0 0 0 0 0 0 0 0 0 0 0 0 0 0 0 0 0 0 0 0 0 0 0 0 0 0 0 0 0 0 0 0 0 0 0 0 0 0 0 0 0 0 0 0 0 0 0 0 0 0 0 0 0 0 0 0 0 0 0 0 0 0 0 0 0 100 0 0 0 0 0 0 0 0 0 0 0 0 0 0 0 0 0 0 0 0 0 0 0 0 0 0 0 0 0 0 0 0 0 
0 0 0 0 0 0 0 0 0 0 0 0 0 0 0 0 0 0 0 0 0 0 0 0 0 0 0 0 0 0 0 0 0 0 0 0 0 0 0 0 0 0 0 0 0 0 0 0 0 0 0 0 0 0 0 0 0 0 0 0 0 0 0 0 0 0 0 0 0 5 0 0 0 0 0 0 0 0 0 0 0 0 0 0 0 0 0 0 0 0 0 0 0 0 0 0 0 0 0 0 
0 0 0 0 0 0 0 0 0 0 0 0 0 0 0 0 0 0 0 0 0 0 0 0 0 0 0 0 0 0 0 0 0 0 0 0 0 0 0 0 0 0 0 0 0 0 0 0 0 0 0 0 0 0 0 0 0 0 0 0 0 0 0 0 0 0 0 0 5 0 1 0 1 0 0 0 0 0 0 0 0 0 0 0 0 0 0 0 0 0 0 0 0 0 0 0 0 0 0 0 
0 0 0 0 0 0 0 0 0 0 0 0 0 0 0 0 0 0 0 0 0 0 0 0 0 0 0 0 0 0 0 0 0 0 0 0 0 0 0 0 0 0 0 0 0 0 0 0 0 0 0 0 0 0 0 0 0 0 0 0 0 0 0 0 0 0 0 0 0 1 0 0 8 1 0 0 0 0 0 0 0 0 0 0 0 0 0 0 0 0 0 0 0 0 0 0 0 0 0 0 
0 0 0 0 0 0 0 0 0 0 0 0 0 0 0 0 0 0 0 0 0 0 0 0 0 0 0 0 0 0 0 0 0 0 0 0 0 0 0 0 0 0 0 0 0 0 0 0 0 0 0 0 0 0 0 0 0 0 0 0 0 0 0 0 0 0 0 0 0 0 0 0 100 100 100 0 100 6 0 0 0 0 0 0 0 0 0 0 0 0 0 0 0 0 0 0 0 0 0 0 
0 0 0 0 0 0 0 0 0 0 0 0 0 0 0 0 0 0 0 0 0 0 0 0 0 0 0 0 0 0 0 0 0 0 0 0 0 0 0 0 0 0 0 0 0 0 0 0 0 0 0 0 0 0 0 0 0 0 0 0 0 0 0 0 0 0 0 0 0 1 8 100 0 10 0 0 0 0 0 0 0 0 0 0 0 0 0 0 0 0 0 0 0 0 0 0 0 0 0 0 
0 0 0 0 0 0 0 0 0 0 0 0 0 0 0 0 0 0 0 0 0 0 0 0 0 0 0 0 0 0 0 0 0 0 0 0 0 0 0 0 0 0 0 0 0 0 0 0 0 0 0 0 0 0 0 0 0 0 0 0 0 0 0 0 0 0 0 0 0 0 1 100 10 0 0 0 0 0 0 0 0 0 0 0 0 0 0 0 0 0 0 0 0 0 0 0 0 0 0 0 
0 0 0 0 0 0 0 0 0 0 0 0 0 0 0 0 0 0 0 0 0 0 0 0 0 0 0 0 0 0 0 0 0 0 0 0 0 0 0 0 0 0 0 0 0 0 0 0 0 0 0 0 0 0 0 0 0 0 0 0 0 0 0 0 0 0 0 0 0 0 0 100 0 0 0 0 3 0 0 0 0 0 0 0 0 0 0 0 0 0 0 0 0 0 0 0 0 0 0 0 
0 0 0 0 0 0 0 0 0 0 0 0 0 0 0 0 0 0 0 0 0 0 0 0 0 0 0 0 0 0 0 0 0 0 0 0 0 0 0 0 0 0 0 0 0 0 0 0 0 0 0 0 0 0 0 0 0 0 0 0 0 0 0 0 0 0 0 0 0 0 0 0 0 0 0 0 100 100 0 4 0 0 0 0 0 0 0 0 0 0 0 0 0 0 0 0 0 0 0 0 
0 0 0 0 0 0 0 0 0 0 0 0 0 0 0 0 0 0 0 0 0 0 0 0 0 0 0 0 0 0 0 0 0 0 0 0 0 0 0 0 0 0 0 0 0 0 0 0 0 0 0 0 0 0 0 0 0 0 0 0 0 0 0 0 0 0 0 0 0 0 0 100 0 0 3 100 0 0 0 0 0 0 0 0 0 0 0 0 0 0 0 0 0 0 0 0 0 0 0 0 
0 0 0 0 0 0 0 0 0 0 0 0 0 0 0 0 0 0 0 0 0 0 0 0 0 0 0 0 0 0 0 0 0 0 0 0 0 0 0 0 0 0 0 0 0 0 0 0 0 0 0 0 0 0 0 0 0 0 0 0 0 0 0 0 0 0 0 0 0 0 0 6 0 0 0 100 0 0 0 0 0 0 0 0 0 0 0 0 0 0 0 0 0 0 0 0 0 0 0 0 
0 0 0 0 0 0 0 0 0 0 0 0 0 0 0 0 0 0 0 0 0 0 0 0 0 0 0 0 0 0 0 0 0 0 0 0 0 0 0 0 0 0 0 0 0 0 0 0 0 0 0 0 0 0 0 0 0 0 0 0 0 0 0 0 0 0 0 0 0 0 0 0 0 0 0 0 0 0 0 100 96 1 0 0 0 0 0 0 0 0 0 0 0 0 0 0 0 0 0 0 
0 0 0 0 0 0 0 0 0 0 0 0 0 0 0 0 0 0 0 0 0 0 0 0 0 0 0 0 0 0 0 0 0 0 0 0 0 0 0 0 0 0 0 0 0 0 0 0 0 0 0 0 0 0 0 0 0 0 0 0 0 0 0 0 0 0 0 0 0 0 0 0 0 0 0 4 0 0 100 0 0 0 0 0 0 0 0 0 0 0 0 0 0 0 0 0 0 0 0 0 
0 0 0 0 0 0 0 0 0 0 0 0 0 0 0 0 0 0 0 0 0 0 0 0 0 0 0 0 0 0 0 0 0 0 0 0 0 0 0 0 0 0 0 0 0 0 0 0 0 0 0 0 0 0 0 0 0 0 0 0 0 0 0 0 0 0 0 0 0 0 0 0 0 0 0 0 0 0 96 0 0 0 0 0 0 0 0 0 0 0 0 0 0 0 0 0 0 0 0 0 
0 0 0 0 0 0 0 0 0 0 0 0 0 0 0 0 0 0 0 0 0 0 0 0 0 0 0 0 0 0 0 0 0 0 0 0 0 0 0 0 0 0 0 0 0 0 0 0 0 0 0 0 0 0 0 0 0 0 0 0 0 0 0 0 0 0 0 0 0 0 0 0 0 0 0 0 0 0 1 0 0 0 0 0 0 0 0 0 0 0 0 0 0 0 0 0 0 0 0 0 
0 0 0 0 0 0 0 0 0 0 0 0 0 0 0 0 0 0 0 0 0 0 0 0 0 0 0 0 0 0 0 0 0 0 0 0 0 0 0 0 0 0 0 0 0 0 0 0 0 0 0 0 0 0 0 0 0 0 0 0 0 0 0 0 0 0 0 0 0 0 0 0 0 0 0 0 0 0 0 0 0 0 0 99 0 95 0 0 0 0 0 0 0 0 0 0 0 0 0 0 
0 0 0 0 0 0 0 0 0 0 0 0 0 0 0 0 0 0 0 0 0 0 0 0 0 0 0 0 0 0 0 0 0 0 0 0 0 0 0 0 0 0 0 0 0 0 0 0 0 0 0 0 0 0 0 0 0 0 0 0 0 0 0 0 0 0 0 0 0 0 0 0 0 0 0 0 0 0 0 0 0 0 99 0 0 0 0 0 0 0 0 0 0 0 0 0 0 0 0 0 
0 0 0 0 0 0 0 0 0 0 0 0 0 0 0 0 0 0 0 0 0 0 0 0 0 0 0 0 0 0 0 0 0 0 0 0 0 0 0 0 0 0 0 0 0 0 0 0 0 0 0 0 0 0 0 0 0 0 0 0 0 0 0 0 0 0 0 0 0 0 0 0 0 0 0 0 0 0 0 0 0 0 0 0 0 100 0 0 0 0 0 0 0 0 0 0 0 0 0 0 
0 0 0 0 0 0 0 0 0 0 0 0 0 0 0 0 0 0 0 0 0 0 0 0 0 0 0 0 0 0 0 0 0 0 0 0 0 0 0 0 0 0 0 0 0 0 0 0 0 0 0 0 0 0 0 0 0 0 0 0 0 0 0 0 0 0 0 0 0 0 0 0 0 0 0 0 0 0 0 0 0 0 95 0 100 0 0 0 0 0 0 0 0 0 0 0 0 0 0 0 
0 0 0 0 0 0 0 0 0 0 0 0 0 0 0 0 0 0 0 0 0 0 0 0 0 0 0 0 0 0 0 0 0 0 0 0 0 0 0 0 0 0 0 0 0 0 0 0 0 0 0 0 0 0 0 0 0 0 0 0 0 0 0 0 0 0 0 0 0 0 0 0 0 0 0 0 0 0 0 0 0 0 0 0 0 0 0 2 0 0 0 0 0 0 0 0 0 0 0 0 
0 0 0 0 0 0 0 0 0 0 0 0 0 0 0 0 0 0 0 0 0 0 0 0 0 0 0 0 0 0 0 0 0 0 0 0 0 0 0 0 0 0 0 0 0 0 0 0 0 0 0 0 0 0 0 0 0 0 0 0 0 0 0 0 0 0 0 0 0 0 0 0 0 0 0 0 0 0 0 0 0 0 0 0 0 0 2 0 0 0 0 0 0 0 0 0 0 0 0 0 
0 0 0 0 0 0 0 0 0 0 0 0 0 0 0 0 0 0 0 0 0 0 0 0 0 0 0 0 0 0 0 0 0 0 0 0 0 0 0 0 0 0 0 0 0 0 0 0 0 0 0 0 0 0 0 0 0 0 0 0 0 0 0 0 0 0 0 0 0 0 0 0 0 0 0 0 0 0 0 0 0 0 0 0 0 0 0 0 0 0 3 0 0 0 0 0 0 0 0 0 
0 0 0 0 0 0 0 0 0 0 0 0 0 0 0 0 0 0 0 0 0 0 0 0 0 0 0 0 0 0 0 0 0 0 0 0 0 0 0 0 0 0 0 0 0 0 0 0 0 0 0 0 0 0 0 0 0 0 0 0 0 0 0 0 0 0 0 0 0 0 0 0 0 0 0 0 0 0 0 0 0 0 0 0 0 0 0 0 0 0 100 0 0 1 0 0 0 0 0 0 
0 0 0 0 0 0 0 0 0 0 0 0 0 0 0 0 0 0 0 0 0 0 0 0 0 0 0 0 0 0 0 0 0 0 0 0 0 0 0 0 0 0 0 0 0 0 0 0 0 0 0 0 0 0 0 0 0 0 0 0 0 0 0 0 0 0 0 0 0 0 0 0 0 0 0 0 0 0 0 0 0 0 0 0 0 0 0 0 3 100 0 0 0 0 0 0 0 0 0 0 
0 0 0 0 0 0 0 0 0 0 0 0 0 0 0 0 0 0 0 0 0 0 0 0 0 0 0 0 0 0 0 0 0 0 0 0 0 0 0 0 0 0 0 0 0 0 0 0 0 0 0 0 0 0 0 0 0 0 0 0 0 0 0 0 0 0 0 0 0 0 0 0 0 0 0 0 0 0 0 0 0 0 0 0 0 0 0 0 0 0 0 0 0 95 1 0 0 0 0 0 
0 0 0 0 0 0 0 0 0 0 0 0 0 0 0 0 0 0 0 0 0 0 0 0 0 0 0 0 0 0 0 0 0 0 0 0 0 0 0 0 0 0 0 0 0 0 0 0 0 0 0 0 0 0 0 0 0 0 0 0 0 0 0 0 0 0 0 0 0 0 0 0 0 0 0 0 0 0 0 0 0 0 0 0 0 0 0 0 0 0 0 0 0 100 100 0 0 0 0 0 
0 0 0 0 0 0 0 0 0 0 0 0 0 0 0 0 0 0 0 0 0 0 0 0 0 0 0 0 0 0 0 0 0 0 0 0 0 0 0 0 0 0 0 0 0 0 0 0 0 0 0 0 0 0 0 0 0 0 0 0 0 0 0 0 0 0 0 0 0 0 0 0 0 0 0 0 0 0 0 0 0 0 0 0 0 0 0 0 0 1 0 95 100 0 0 0 0 0 0 0 
0 0 0 0 0 0 0 0 0 0 0 0 0 0 0 0 0 0 0 0 0 0 0 0 0 0 0 0 0 0 0 0 0 0 0 0 0 0 0 0 0 0 0 0 0 0 0 0 0 0 0 0 0 0 0 0 0 0 0 0 0 0 0 0 0 0 0 0 0 0 0 0 0 0 0 0 0 0 0 0 0 0 0 0 0 0 0 0 0 0 0 1 100 0 0 0 0 0 0 0 
0 0 0 0 0 0 0 0 0 0 0 0 0 0 0 0 0 0 0 0 0 0 0 0 0 0 0 0 0 0 0 0 0 0 0 0 0 0 0 0 0 0 0 0 0 0 0 0 0 0 0 0 0 0 0 0 0 0 0 0 0 0 0 0 0 0 0 0 0 0 0 0 0 0 0 0 0 0 0 0 0 0 0 0 0 0 0 0 0 0 0 0 0 0 0 0 0 0 0 0 
0 0 0 0 0 0 0 0 0 0 0 0 0 0 0 0 0 0 0 0 0 0 0 0 0 0 0 0 0 0 0 0 0 0 0 0 0 0 0 0 0 0 0 0 0 0 0 0 0 0 0 0 0 0 0 0 0 0 0 0 0 0 0 0 0 0 0 0 0 0 0 0 0 0 0 0 0 0 0 0 0 0 0 0 0 0 0 0 0 0 0 0 0 0 0 0 0 100 0 0 
0 0 0 0 0 0 0 0 0 0 0 0 0 0 0 0 0 0 0 0 0 0 0 0 0 0 0 0 0 0 0 0 0 0 0 0 0 0 0 0 0 0 0 0 0 0 0 0 0 0 0 0 0 0 0 0 0 0 0 0 0 0 0 0 0 0 0 0 0 0 0 0 0 0 0 0 0 0 0 0 0 0 0 0 0 0 0 0 0 0 0 0 0 0 0 0 100 0 0 0 
0 0 0 0 0 0 0 0 0 0 0 0 0 0 0 0 0 0 0 0 0 0 0 0 0 0 0 0 0 0 0 0 0 0 0 0 0 0 0 0 0 0 0 0 0 0 0 0 0 0 0 0 0 0 0 0 0 0 0 0 0 0 0 0 0 0 0 0 0 0 0 0 0 0 0 0 0 0 0 0 0 0 0 0 0 0 0 0 0 0 0 0 0 0 0 0 0 0 0 100 
0 0 0 0 0 0 0 0 0 0 0 0 0 0 0 0 0 0 0 0 0 0 0 0 0 0 0 0 0 0 0 0 0 0 0 0 0 0 0 0 0 0 0 0 0 0 0 0 0 0 0 0 0 0 0 0 0 0 0 0 0 0 0 0 0 0 0 0 0 0 0 0 0 0 0 0 0 0 0 0 0 0 0 0 0 0 0 0 0 0 0 0 0 0 0 0 0 0 100 0 

Rho histogram: 
0 0 0 0 0 0 0 0 0 0 0 0 0 0 0 0 0 0 0 100 

Summary:
objF nSamp nIter rhoMean rhoStDev rProp hitsProp rankHitsProp
Ine 100 100 0.9988464446444638 4.471867542745913e-05 0 0 0.3595

Time:  2m19.87505493s
=======================================================
