=======================================================
Objective function:  Par
Matrix:  I100.csv
Iterations:  100
Heuristic for search:  RobSA3
Improvement function # 0
Window width for improvement:  0
Heuristic for improvement:  RobSA3
Seed:  33
=======================================================

Best permutations: 
0 1 2 3 4 5 6 7 9 8 10 11 13 12 16 15 14 17 18 19 20 21 22 23 24 27 25 26 28 29 30 32 31 33 34 35 36 37 38 39 40 41 43 42 45 46 44 48 47 50 49 51 53 52 54 55 56 57 60 58 59 61 62 63 64 65 66 67 68 69 70 72 73 74 71 76 75 77 78 79 80 81 83 82 84 85 86 87 88 90 89 91 93 94 95 92 96 97 99 98 
0 1 2 3 4 5 6 7 8 9 10 11 13 12 16 15 14 17 18 19 20 21 22 23 24 27 25 26 28 29 30 32 31 33 34 35 36 37 38 39 40 41 43 42 45 46 44 48 47 50 49 53 51 54 52 55 56 57 60 58 59 61 62 63 64 65 66 67 68 69 70 72 73 74 71 76 75 77 78 79 80 81 83 82 84 85 86 87 88 90 89 91 93 94 95 92 96 97 99 98 
0 1 2 3 4 5 6 7 8 9 10 11 13 12 16 15 14 17 18 19 20 21 22 23 24 27 25 26 28 29 30 32 31 33 34 35 36 37 38 39 40 41 43 42 45 46 44 48 47 50 49 53 51 52 54 55 56 57 60 58 59 61 63 62 64 65 66 67 68 69 70 72 73 74 71 76 75 77 78 79 80 81 83 82 84 85 86 87 88 90 89 91 93 94 95 92 96 97 99 98 
0 1 2 3 4 5 6 7 8 9 10 11 13 12 16 15 14 17 18 19 20 21 22 23 24 27 25 26 28 29 30 32 31 33 34 36 35 37 38 39 40 41 43 42 45 46 44 48 47 50 49 53 51 54 52 55 56 57 60 58 59 61 62 63 64 65 66 67 68 69 70 72 73 74 71 76 75 77 78 79 80 81 83 82 84 85 86 87 88 90 89 91 93 94 95 92 96 97 99 98 
0 1 2 3 4 5 6 7 8 9 10 11 13 12 16 15 14 17 18 20 19 21 22 23 24 27 25 26 28 29 30 32 31 33 34 35 36 37 38 39 40 41 43 42 45 46 44 48 47 50 49 53 51 54 52 55 56 57 60 58 59 61 62 63 64 65 66 67 68 69 70 72 73 74 71 76 75 77 78 79 80 81 83 82 84 85 86 87 88 90 89 91 93 94 95 92 96 97 99 98 
0 1 2 3 4 5 6 7 8 9 10 11 13 12 16 15 14 17 18 19 20 21 22 23 24 27 25 26 28 29 30 32 31 33 34 35 36 37 38 39 40 41 43 42 45 46 44 48 47 50 49 53 51 54 52 55 56 57 60 58 59 61 62 63 64 65 66 67 68 69 70 72 73 74 71 76 75 77 78 79 80 81 83 82 84 85 86 87 88 90 89 91 93 94 95 92 96 97 99 98 
0 1 2 3 4 5 6 7 8 9 10 11 12 13 16 15 14 17 18 19 20 21 22 23 24 27 25 26 28 30 29 32 31 33 34 35 36 37 38 39 40 41 43 42 45 46 44 48 47 50 49 53 51 54 52 55 57 56 60 58 59 61 62 63 64 65 66 67 68 69 70 72 73 74 71 76 75 77 78 79 80 81 83 82 84 85 86 87 88 90 89 91 93 94 95 92 96 97 99 98 
0 1 2 3 4 5 6 7 8 9 10 11 13 12 16 15 14 17 18 19 20 21 22 23 24 27 25 26 28 29 30 31 32 33 34 35 36 37 38 39 40 41 43 42 45 46 44 48 47 50 49 53 51 54 52 55 56 57 60 58 59 61 63 62 64 65 66 67 68 69 70 72 73 74 71 76 75 77 78 79 80 81 83 82 84 85 86 87 88 90 89 91 93 94 95 92 96 97 99 98 
0 1 2 3 4 5 6 7 8 9 10 11 13 12 16 15 14 17 18 19 20 21 22 23 24 27 25 26 28 29 30 32 31 33 34 36 35 37 38 39 40 41 43 42 45 46 44 47 48 49 50 53 51 54 55 52 56 57 60 58 59 61 62 63 64 65 66 67 68 69 70 72 73 74 71 76 77 75 78 79 80 81 83 82 84 85 86 87 88 90 89 91 93 94 95 92 96 97 99 98 
0 1 2 3 4 5 6 7 8 9 10 11 13 12 16 15 14 17 18 19 20 21 22 23 24 27 25 26 28 29 30 32 31 33 34 35 36 37 38 39 41 40 43 42 46 45 44 48 47 50 49 53 51 54 52 55 56 57 60 58 59 61 62 63 64 65 66 67 68 69 70 72 73 74 71 76 75 77 79 78 80 83 81 82 84 85 86 87 88 90 89 91 93 94 95 92 96 97 99 98 
0 1 2 3 4 5 6 7 8 9 10 11 13 12 16 15 14 17 18 19 20 21 22 23 24 25 27 26 28 29 30 32 31 33 34 35 36 37 38 39 40 41 43 42 45 46 44 48 47 50 49 53 51 54 52 55 56 57 60 58 59 61 62 63 64 65 66 67 68 69 70 72 74 73 71 76 75 77 78 79 80 81 83 82 84 85 86 87 88 90 89 91 93 94 95 92 96 97 99 98 
0 1 2 3 4 5 6 7 8 9 10 11 13 12 16 15 14 17 18 19 20 22 21 23 24 27 25 26 28 29 30 32 31 33 34 35 36 37 38 39 40 41 43 42 45 46 44 48 47 50 49 53 51 54 52 55 56 57 60 58 59 61 62 63 65 64 66 67 68 69 70 72 73 74 71 76 75 77 78 79 80 81 83 82 84 85 86 87 88 90 89 91 93 94 95 92 96 97 99 98 
0 1 2 3 4 5 6 7 8 9 10 11 13 12 16 15 14 17 18 19 20 21 22 23 24 27 25 26 28 29 30 32 31 33 34 35 36 37 38 39 40 41 43 42 45 46 44 48 47 50 49 53 51 54 52 55 56 57 60 58 59 61 62 63 64 65 66 67 68 69 70 72 73 74 71 76 75 77 78 79 80 81 83 82 84 85 86 87 88 90 89 91 93 94 95 92 96 97 99 98 
0 1 2 3 4 5 6 7 8 9 10 11 13 12 16 15 14 17 18 19 20 21 22 23 24 27 25 26 28 29 30 32 31 33 34 35 36 37 38 39 40 43 41 42 45 46 44 48 47 50 49 53 51 54 52 55 56 57 60 58 59 61 62 63 64 65 66 67 68 69 70 72 73 74 71 76 75 77 78 79 80 81 83 82 84 85 86 87 88 90 89 91 93 94 95 92 96 97 99 98 
0 1 2 3 4 5 6 7 8 9 10 11 13 12 16 14 15 17 18 19 20 21 22 23 24 27 25 26 28 30 29 32 31 33 34 35 36 38 37 39 40 41 43 42 45 46 44 48 47 50 49 53 51 54 52 55 56 57 60 58 59 61 62 63 64 65 66 67 68 69 70 72 73 74 71 76 75 77 78 79 80 81 83 82 85 84 86 87 88 90 89 91 93 94 95 92 96 97 99 98 
0 1 2 3 4 5 6 7 8 9 10 11 13 12 16 15 14 17 18 19 21 20 22 23 24 27 25 26 28 29 30 32 31 33 34 35 36 38 37 39 40 41 43 42 45 46 44 48 47 50 49 53 51 54 52 55 57 56 60 58 59 61 62 63 64 65 66 67 68 69 70 72 73 74 71 76 75 77 78 79 80 81 83 82 84 85 86 87 88 90 89 91 93 94 95 92 96 97 99 98 
0 1 2 3 4 5 6 7 8 9 10 11 13 12 16 15 14 17 18 19 20 21 22 23 24 27 25 26 28 29 30 32 31 33 34 35 36 37 38 39 40 41 43 42 45 46 44 48 47 50 49 53 51 54 52 55 56 57 60 58 59 61 62 63 64 65 66 67 68 69 70 72 73 74 71 76 75 77 78 79 80 81 83 82 84 85 86 87 88 90 89 91 93 94 95 92 96 97 99 98 
0 1 2 3 4 5 6 7 8 9 10 11 13 12 16 14 15 17 18 19 20 21 22 24 23 27 25 26 28 29 30 32 31 33 35 34 36 37 38 39 40 41 43 42 45 46 44 48 47 50 49 53 51 54 52 55 56 57 60 58 59 61 62 63 64 65 66 67 69 68 70 72 73 74 71 76 75 77 79 80 78 81 83 82 84 85 86 87 88 90 89 91 93 94 95 92 96 97 99 98 
0 1 2 3 4 5 6 7 8 9 10 11 13 12 16 15 14 17 18 19 20 21 22 23 24 25 27 26 28 29 30 32 31 33 34 35 36 37 38 39 40 41 43 42 45 46 44 48 47 50 49 53 51 54 52 55 56 57 60 58 59 61 62 63 64 65 66 67 68 69 70 72 73 74 71 76 75 77 78 79 80 81 83 82 84 85 86 87 88 90 89 91 93 94 95 92 96 97 99 98 
0 1 2 3 4 5 6 7 8 9 10 11 13 12 16 15 14 17 18 19 20 21 22 23 24 27 25 26 28 30 29 32 31 33 34 35 36 37 38 39 40 43 41 42 45 46 44 48 47 50 49 53 51 54 52 55 56 57 60 58 59 61 62 63 64 65 66 67 68 69 70 72 73 74 71 76 75 77 78 79 80 81 83 82 84 85 86 87 88 90 89 91 93 94 95 92 96 97 99 98 
0 1 2 3 4 5 6 7 8 9 10 11 13 12 16 15 14 17 18 20 19 21 22 23 24 27 25 26 28 30 29 32 31 33 34 36 35 37 38 39 40 43 41 42 45 46 44 48 47 50 49 53 51 52 54 55 56 57 60 58 59 61 62 63 64 65 66 67 68 69 70 72 73 74 71 76 75 77 78 79 80 81 83 82 84 85 86 87 88 90 89 91 93 94 95 92 96 97 99 98 
0 1 2 3 4 5 6 7 8 9 10 11 13 12 16 15 14 17 18 19 20 21 22 23 24 27 25 26 29 28 30 32 31 33 34 35 36 37 38 39 40 41 43 42 45 46 44 48 47 50 49 53 51 54 52 55 56 57 60 58 59 61 62 63 64 65 66 67 68 69 70 72 73 74 71 76 75 77 78 79 80 81 83 82 84 85 86 87 88 90 89 91 93 94 95 92 96 97 99 98 
0 1 2 3 4 5 6 7 9 8 10 11 13 12 16 15 14 17 19 18 20 21 22 23 24 27 25 26 28 29 30 32 31 33 34 35 36 37 38 39 40 41 43 42 45 46 44 48 47 50 49 53 51 54 52 55 56 57 60 58 59 61 62 63 65 66 64 67 68 69 70 72 73 74 71 76 75 77 78 79 80 81 83 82 84 85 86 87 90 88 89 91 93 94 95 92 96 97 99 98 
0 1 2 3 4 5 6 7 8 9 10 11 13 12 16 15 14 17 18 19 20 21 22 23 24 27 25 26 28 29 30 32 31 33 34 36 35 37 39 38 40 41 43 42 45 46 44 48 47 50 49 53 51 54 52 55 57 56 60 58 59 61 62 63 64 65 66 67 68 69 70 72 73 74 71 76 75 77 78 79 80 81 83 82 84 85 86 87 88 90 89 91 93 94 95 92 96 97 99 98 
0 1 2 3 4 5 6 7 8 9 10 11 13 12 16 15 14 17 18 19 20 21 22 23 24 27 25 26 28 29 30 32 31 33 34 35 36 37 38 39 40 41 43 42 45 46 44 48 47 50 49 53 51 54 52 55 56 57 60 58 59 61 62 63 64 65 66 67 68 69 70 72 74 73 71 76 75 77 78 79 80 81 83 82 84 85 86 87 88 90 89 91 93 94 95 92 96 97 99 98 
0 1 2 3 4 6 5 7 8 9 10 11 13 12 16 15 14 17 18 19 20 21 22 23 24 25 27 26 28 29 30 32 31 33 34 35 36 37 38 39 40 41 43 42 45 46 44 48 47 50 49 51 53 54 52 55 56 57 60 58 59 61 63 62 64 65 66 67 68 69 70 74 72 71 73 76 75 77 79 78 80 81 83 82 84 85 86 87 88 90 89 91 93 94 95 92 96 97 99 98 
0 1 2 3 4 5 6 7 8 9 10 11 13 12 16 15 14 17 18 19 20 21 22 23 24 27 25 26 28 29 30 32 31 33 34 35 36 37 38 39 40 41 43 42 45 46 44 48 47 50 49 53 51 54 52 55 56 57 60 58 59 61 62 63 64 65 66 67 68 69 70 72 73 74 71 75 76 77 78 79 80 81 83 82 84 85 86 87 88 90 89 91 93 94 95 92 96 97 99 98 
0 1 2 3 4 5 6 7 8 9 10 11 13 12 16 15 14 17 18 20 19 21 22 23 24 27 25 26 28 29 30 32 31 33 34 35 36 37 38 39 40 43 41 42 45 46 44 48 47 50 49 53 51 54 52 55 56 57 60 58 59 61 62 63 64 65 66 67 68 69 70 72 73 74 71 76 75 77 78 79 80 81 83 82 84 85 86 87 88 90 89 91 93 94 95 92 96 97 99 98 
0 1 2 3 4 5 6 7 8 9 10 11 13 12 16 15 14 17 18 19 20 21 22 23 24 27 25 26 28 29 30 32 31 33 34 35 36 37 38 39 40 41 43 42 45 46 44 48 47 50 49 53 51 54 52 55 56 57 60 58 59 61 62 63 64 65 66 67 68 69 72 70 73 74 71 76 75 77 78 79 80 81 83 82 84 85 86 87 88 90 89 91 93 94 95 92 96 97 99 98 
0 1 2 3 4 5 6 7 8 9 10 11 13 12 16 15 14 17 18 19 20 21 22 23 24 27 25 26 28 29 30 32 31 33 34 35 36 37 38 39 40 41 43 42 45 46 44 48 47 50 49 53 51 54 52 55 56 57 60 58 59 61 63 62 64 65 66 67 68 69 70 72 73 74 71 76 75 77 78 79 80 81 83 82 84 85 86 87 88 90 89 91 93 94 95 92 96 97 99 98 
0 1 2 3 4 5 6 7 8 9 10 11 13 12 16 15 14 17 18 19 20 21 22 23 24 27 25 26 28 29 30 32 31 33 34 35 36 37 38 39 40 41 43 42 45 46 44 48 47 50 49 53 51 54 52 55 56 57 60 58 59 61 62 63 64 65 66 67 68 69 70 72 73 74 71 76 75 77 78 79 80 81 83 82 84 85 86 87 88 90 89 91 93 94 95 92 96 97 99 98 
0 1 2 3 4 5 6 7 8 9 10 11 13 12 16 15 14 17 18 19 20 21 22 23 24 27 25 26 28 29 30 32 31 34 33 35 36 37 38 39 40 41 43 42 45 46 44 48 47 50 49 53 51 54 52 55 56 57 60 58 59 61 62 63 64 65 66 67 68 69 70 72 73 74 71 76 75 77 78 79 80 81 83 82 84 85 86 87 88 90 89 91 93 94 95 92 96 97 99 98 
0 1 2 3 4 5 6 7 8 9 10 11 13 12 16 15 14 17 18 19 20 21 22 23 24 27 25 26 28 29 30 32 31 33 34 35 36 37 38 39 40 41 43 42 45 46 44 48 47 50 49 53 51 54 52 55 56 57 60 58 59 61 62 63 64 65 66 67 68 69 70 72 73 74 71 76 75 77 78 79 80 81 83 82 84 85 86 87 88 90 89 91 93 94 95 92 96 97 99 98 
0 1 2 3 4 5 6 7 8 9 10 11 13 12 16 15 14 17 18 19 20 21 22 23 24 27 25 26 28 29 30 32 31 33 34 35 36 37 38 39 40 41 43 42 45 46 44 48 47 50 49 53 54 51 55 52 56 57 60 58 59 62 61 63 64 65 66 67 68 69 70 72 73 74 71 76 75 77 78 79 80 81 83 82 85 84 86 87 88 90 89 91 93 94 95 92 96 97 99 98 
0 1 2 3 4 5 6 7 8 9 10 11 13 12 16 15 14 17 18 19 20 21 22 23 24 27 25 26 28 29 30 32 31 33 34 35 36 37 38 39 40 41 43 42 45 46 44 48 47 50 49 53 51 54 52 55 56 57 60 58 59 61 62 63 64 65 66 67 68 69 70 72 71 73 74 76 75 77 78 79 80 81 83 82 84 85 86 87 88 90 89 91 93 94 95 92 96 97 99 98 
0 1 2 3 4 5 6 7 8 9 10 11 13 12 16 15 14 17 18 19 20 21 22 23 24 27 25 26 28 29 30 32 31 33 34 35 36 37 38 39 40 41 43 42 45 46 44 48 47 50 49 53 51 54 52 55 56 57 60 58 59 61 62 63 64 65 66 67 68 69 70 72 73 74 71 76 75 77 78 79 80 81 83 82 84 85 86 87 88 90 89 91 93 94 95 92 96 97 99 98 
0 1 2 3 4 5 6 7 8 9 10 11 13 12 16 15 14 17 18 19 20 21 22 23 24 27 25 26 28 29 30 32 31 33 34 35 36 37 38 39 40 41 43 42 45 46 44 48 47 50 49 53 54 51 52 55 56 57 60 58 59 61 62 63 64 65 66 67 68 69 70 72 73 74 71 76 75 77 78 79 80 81 83 82 84 85 86 87 88 90 89 91 93 94 95 92 96 97 99 98 
0 1 2 3 4 5 6 7 8 9 10 11 13 12 16 15 14 17 18 19 20 21 22 23 24 27 25 26 28 29 30 32 31 33 34 36 35 37 39 38 40 41 43 42 45 46 44 48 47 50 49 53 51 54 52 55 56 57 60 58 59 61 63 62 64 65 66 67 69 68 70 72 73 74 71 76 75 77 78 79 80 81 83 82 84 85 86 87 88 90 89 91 93 94 95 92 96 97 99 98 
0 1 2 3 4 5 6 7 8 9 10 11 13 12 16 15 14 17 18 19 20 21 22 23 24 27 25 26 28 30 29 32 31 33 34 36 35 37 39 38 40 41 43 42 45 46 44 48 47 50 49 53 51 54 55 52 56 57 60 58 59 61 62 63 64 65 66 67 68 69 70 72 73 74 71 76 75 77 78 79 80 81 83 82 84 85 86 87 88 90 89 91 93 94 95 92 96 97 99 98 
0 1 2 3 4 5 6 7 8 9 10 11 13 12 16 15 14 17 18 19 20 21 22 23 24 27 25 26 28 29 30 32 31 33 34 35 36 37 38 39 40 41 43 42 45 44 48 46 47 49 50 53 51 54 52 55 56 57 60 58 59 61 62 63 64 65 66 67 68 69 70 72 74 73 71 76 75 77 79 78 80 81 83 82 84 85 86 87 88 90 89 91 93 94 95 92 96 97 99 98 
0 1 2 3 4 5 6 7 8 9 10 11 13 12 16 15 14 17 18 19 20 21 22 23 24 27 25 26 28 29 30 32 31 33 34 35 36 37 38 39 40 41 43 42 45 46 44 47 48 50 49 53 51 54 52 55 56 57 60 58 59 61 63 62 64 65 66 67 68 69 70 72 73 74 71 76 75 77 78 79 80 81 83 82 84 85 86 87 88 90 89 91 93 94 95 92 96 97 99 98 
0 1 2 3 4 5 6 7 8 9 10 11 13 12 16 15 14 17 18 19 20 21 22 23 24 27 25 26 28 29 30 32 31 33 34 35 36 37 38 39 40 41 43 42 45 46 44 48 47 50 49 53 51 54 52 55 56 57 60 58 59 61 62 63 64 65 66 67 68 69 70 72 73 74 71 76 75 77 78 79 80 81 83 82 84 85 86 87 88 90 89 91 93 94 95 92 96 97 99 98 
0 1 2 3 4 5 6 7 8 9 10 11 13 12 16 15 14 17 18 19 20 21 22 23 24 27 25 26 28 29 30 32 31 33 34 35 36 37 38 39 40 41 43 42 45 46 44 48 47 50 49 53 51 54 52 55 56 57 60 58 59 61 62 63 64 65 66 67 68 69 70 72 73 74 71 76 75 77 79 78 80 81 83 82 84 85 87 86 88 90 89 91 93 94 95 92 96 97 99 98 
0 1 2 3 4 5 6 7 8 9 10 11 13 12 16 15 14 17 18 19 20 21 22 23 24 27 25 26 28 29 30 32 31 33 34 35 36 37 38 39 40 41 43 42 45 46 44 48 47 50 49 53 51 54 52 55 56 57 60 58 59 61 62 63 64 65 66 67 68 69 70 72 73 74 71 76 75 77 78 79 80 81 83 82 84 85 86 87 88 90 89 91 93 94 95 92 96 97 99 98 
0 1 2 3 4 5 6 7 8 9 10 11 13 12 16 15 14 17 18 19 20 21 22 23 24 27 25 26 28 29 30 32 31 33 34 35 36 37 38 39 40 41 43 42 45 46 44 48 47 50 49 53 51 54 52 55 56 57 60 58 59 61 62 63 64 65 66 67 69 68 70 72 74 73 71 76 75 77 78 79 80 81 83 82 84 85 86 87 88 90 89 91 93 94 95 92 96 97 99 98 
0 1 2 3 4 5 6 7 8 9 10 11 13 12 16 15 14 17 18 20 19 21 22 23 24 27 25 26 28 29 30 32 31 33 34 35 36 37 38 39 40 41 43 42 45 46 44 47 48 50 49 53 51 54 52 55 56 57 60 58 59 61 62 63 64 65 66 67 68 70 69 72 73 74 71 76 75 77 78 79 80 81 83 82 84 85 86 87 88 90 89 91 93 94 95 92 96 97 99 98 
0 1 2 3 4 5 6 7 8 9 10 11 13 12 16 15 14 17 18 19 20 21 22 23 24 27 25 26 28 29 30 32 31 33 35 34 36 37 38 39 40 41 43 42 45 46 44 48 47 50 49 53 51 54 52 55 56 57 60 58 59 61 62 63 64 65 66 67 68 69 70 72 74 73 71 76 75 77 78 79 80 81 83 82 84 85 86 87 88 90 89 91 93 94 95 92 96 97 99 98 
0 1 2 3 4 5 6 7 8 9 10 11 13 12 16 15 14 17 18 19 20 21 22 23 24 27 25 26 28 29 30 31 32 33 34 35 36 37 38 39 40 41 43 42 45 46 44 48 47 50 49 53 51 54 52 55 56 57 60 58 59 61 62 63 64 65 66 67 68 69 70 72 73 74 71 76 75 77 78 79 80 81 83 82 84 85 86 87 88 90 89 91 93 94 95 92 96 97 99 98 
0 1 2 3 4 5 6 7 8 9 10 11 13 12 16 15 14 17 18 19 20 21 22 23 24 27 25 26 28 29 30 31 32 33 34 35 36 37 38 40 39 41 42 43 45 46 44 48 50 47 49 53 51 52 54 55 56 57 60 58 59 61 62 63 64 65 67 66 68 69 70 72 74 71 73 76 75 77 78 79 80 81 83 82 84 85 86 87 88 90 89 91 93 94 95 92 96 97 99 98 
0 1 2 3 4 5 6 7 8 9 10 11 13 12 16 15 14 17 18 19 20 21 22 23 24 27 25 26 28 29 30 32 31 33 34 36 35 37 38 39 40 41 43 42 45 46 44 48 47 49 50 53 51 54 52 55 56 57 60 58 59 61 63 62 64 65 66 67 68 69 70 72 73 74 71 76 75 77 78 79 80 81 83 82 84 85 86 87 88 90 89 91 93 94 95 92 96 97 99 98 
0 1 2 3 4 5 6 7 8 9 10 11 13 12 16 15 14 17 18 19 20 21 22 23 24 27 25 26 28 29 30 32 31 33 34 35 36 37 38 39 40 41 43 42 45 46 44 48 47 49 50 53 51 54 52 55 56 57 60 58 59 61 62 63 64 65 66 67 68 69 70 72 73 74 71 76 75 77 78 79 80 81 83 82 84 85 86 87 88 90 89 91 93 94 95 92 96 97 99 98 
0 1 2 3 4 5 6 7 8 9 10 11 13 12 16 15 14 17 18 19 20 21 22 23 24 27 25 26 28 29 30 32 31 33 34 35 36 37 38 39 40 41 43 42 45 46 44 48 47 50 49 53 51 54 52 55 56 57 60 58 59 61 62 63 64 65 66 67 68 69 70 72 73 74 71 76 75 77 78 79 80 81 83 82 84 85 86 87 88 90 89 91 93 94 95 92 96 97 99 98 
0 1 2 3 4 5 6 7 9 8 10 11 13 12 16 15 14 17 18 19 20 21 22 23 24 27 25 29 26 28 30 32 31 33 34 35 36 37 38 39 40 41 43 42 45 44 46 48 47 50 49 53 51 54 52 55 56 57 60 58 59 61 63 62 64 67 65 66 69 68 72 70 73 74 71 76 75 77 78 79 80 81 83 82 84 85 86 87 88 90 89 91 93 94 95 92 96 97 99 98 
0 1 2 3 4 5 6 7 8 9 10 11 13 12 16 15 14 17 18 19 20 21 22 23 24 27 25 26 28 29 30 32 31 33 34 35 36 37 38 39 40 43 41 42 45 46 44 48 47 49 50 53 51 54 52 55 56 57 60 58 59 61 62 63 64 65 66 67 68 69 70 72 73 74 71 76 75 77 78 79 80 81 83 82 85 84 86 87 88 90 89 91 93 94 95 92 96 97 99 98 
0 1 2 3 4 5 6 7 8 9 10 11 13 12 16 15 14 17 18 19 20 21 22 23 24 27 25 26 28 29 30 32 31 33 34 35 36 37 38 39 40 41 43 42 45 46 44 48 47 50 49 51 53 54 52 55 56 57 60 58 59 61 62 63 64 65 66 67 68 69 70 72 73 74 71 76 75 77 78 79 80 81 83 82 84 85 86 87 88 90 89 91 93 94 95 92 96 97 99 98 
0 1 2 3 4 5 6 7 8 9 10 11 13 12 16 15 14 17 18 19 20 21 22 23 24 27 25 26 28 29 30 32 31 33 34 35 36 37 38 39 40 41 43 42 45 46 44 48 47 50 49 53 51 54 52 55 56 57 60 58 59 61 62 63 64 65 66 67 68 69 70 72 73 74 71 76 75 77 78 79 80 81 83 82 85 84 86 87 88 90 89 91 93 94 95 92 96 97 99 98 
0 1 2 3 4 5 6 7 8 9 10 11 13 12 16 15 14 17 18 19 20 21 22 23 24 27 25 26 28 29 30 31 32 33 34 35 36 37 38 39 40 41 43 42 45 46 44 48 47 50 49 51 53 54 52 55 57 56 60 58 59 61 63 62 64 65 66 67 68 69 70 72 73 74 71 76 75 77 78 79 80 81 83 82 84 85 86 87 88 90 89 91 93 94 95 92 96 97 99 98 
0 1 2 3 4 5 6 7 8 9 10 11 13 12 16 15 14 17 18 19 20 21 22 23 24 27 25 26 28 30 29 32 31 33 34 35 36 37 38 39 40 41 43 42 45 46 44 48 47 50 49 53 51 54 52 55 56 57 60 58 59 61 62 63 64 65 66 67 68 69 70 72 73 74 71 76 75 77 78 79 80 81 83 82 84 85 86 87 88 90 89 91 93 94 95 92 96 97 99 98 
0 1 2 3 4 5 6 7 8 9 10 11 13 12 16 15 14 17 18 19 20 21 22 23 24 27 25 26 28 30 29 32 31 33 35 34 36 37 38 39 40 43 41 42 45 46 44 48 47 49 50 53 51 54 52 55 56 57 60 58 59 61 62 63 65 64 66 67 68 69 70 72 74 73 71 76 75 77 79 78 80 83 81 82 84 85 86 87 88 90 89 91 93 94 95 92 96 97 99 98 
0 1 2 3 4 5 6 7 8 9 10 11 13 12 16 15 14 17 18 19 20 21 22 23 24 27 25 26 28 29 30 32 31 33 34 35 36 37 38 39 40 41 43 42 45 46 44 48 47 50 49 53 51 54 52 55 56 57 60 58 59 61 62 63 64 65 66 67 68 69 70 72 73 74 71 76 75 77 79 78 80 81 83 82 84 85 86 87 90 88 89 91 93 94 95 92 96 97 99 98 
0 1 2 3 4 5 6 7 8 9 10 11 13 12 16 15 14 17 18 19 20 21 22 23 24 27 25 26 28 29 30 32 31 33 34 35 36 37 38 39 40 41 43 42 45 46 44 47 48 50 49 53 51 54 52 55 56 57 60 58 59 61 62 63 64 65 66 67 68 69 70 72 73 74 71 76 75 77 78 79 80 81 83 82 85 84 86 87 88 90 89 91 93 94 95 92 96 97 99 98 
0 1 2 3 4 5 6 7 8 9 10 11 13 12 16 15 14 17 18 19 20 21 22 23 24 27 25 26 28 29 30 32 31 33 34 35 36 37 38 39 40 41 43 42 45 46 44 48 47 50 49 53 51 54 52 55 56 57 60 58 59 61 62 63 64 65 66 67 69 68 70 72 74 73 71 76 75 77 78 79 80 83 81 82 84 85 86 87 88 89 90 91 93 94 95 92 96 97 99 98 
0 1 2 3 4 5 6 7 8 9 10 11 13 12 16 15 14 17 18 19 20 21 22 23 24 25 27 26 28 29 30 32 31 33 34 35 36 37 38 39 40 41 43 42 45 44 46 48 47 50 49 53 51 52 54 55 56 57 60 58 59 61 62 63 64 65 66 67 68 69 70 72 74 73 71 76 75 77 78 79 80 81 83 82 84 85 86 87 88 90 89 91 93 94 95 92 96 97 99 98 
0 1 2 3 4 5 6 7 8 9 10 11 13 12 16 15 14 17 18 19 20 21 22 23 24 27 25 26 28 29 30 32 31 33 34 35 36 37 38 39 40 41 43 42 45 46 44 48 47 50 49 53 51 54 52 55 56 57 60 59 58 61 63 62 64 65 66 67 68 69 70 72 73 74 71 76 75 77 78 79 80 81 83 82 84 85 86 87 88 90 89 91 93 94 95 92 96 97 99 98 
0 1 2 3 4 5 6 7 8 9 10 11 13 12 16 15 14 17 18 19 20 21 22 23 24 27 25 26 28 29 30 32 31 33 34 35 36 37 38 39 40 41 43 42 45 46 44 48 47 50 49 53 51 54 52 55 57 56 60 59 58 61 62 63 64 65 66 67 68 69 70 72 73 74 71 76 75 77 78 79 80 81 83 82 84 85 86 87 88 90 89 91 93 94 95 92 96 97 99 98 
0 1 2 3 4 5 6 7 8 9 10 11 13 12 16 14 15 17 18 20 19 21 22 23 24 27 25 26 28 29 30 32 31 33 34 35 36 37 38 39 40 43 41 42 45 48 44 46 47 49 50 53 51 54 52 55 56 57 60 58 59 61 62 63 64 65 66 67 68 69 70 72 74 73 71 76 75 77 79 78 80 81 83 82 84 85 86 87 88 90 89 91 93 94 95 92 96 97 99 98 
0 1 2 3 4 5 6 7 8 9 10 11 13 12 16 15 14 17 18 19 20 21 22 23 24 27 25 26 28 29 30 32 31 33 34 35 36 37 38 39 40 41 42 43 45 46 44 48 47 50 49 53 51 52 54 55 56 57 60 58 59 61 63 62 64 65 66 67 68 69 70 72 73 74 71 76 75 77 79 80 78 81 83 82 84 85 86 87 90 88 89 91 93 94 95 92 96 97 99 98 
0 1 2 3 4 5 6 7 8 9 10 11 13 12 16 15 14 17 18 19 20 21 22 23 24 27 25 26 28 29 30 32 31 33 34 35 36 37 38 39 40 41 43 42 45 46 44 48 47 50 49 53 51 54 52 55 56 57 60 58 59 61 62 63 64 65 66 67 68 69 70 72 73 74 71 76 75 77 78 79 80 81 83 82 84 85 86 87 88 90 89 91 93 94 95 92 96 97 99 98 
0 1 2 3 4 5 6 7 8 9 10 11 13 12 16 15 14 17 18 19 20 21 22 23 24 27 25 26 28 29 30 32 31 33 34 35 36 37 38 39 40 41 43 42 46 45 44 48 47 50 49 53 51 54 52 55 56 57 60 58 59 61 62 63 64 65 66 67 68 69 70 72 73 71 74 76 75 77 78 79 80 83 81 82 84 85 86 87 88 90 89 91 93 94 95 92 96 97 99 98 
0 1 2 3 4 5 6 7 8 9 10 11 13 12 16 15 14 17 18 19 20 21 22 23 24 27 25 26 28 29 30 32 31 33 34 35 36 37 38 39 40 41 43 42 45 46 44 48 47 50 49 53 51 54 52 55 56 57 60 58 59 61 62 63 64 65 66 67 68 69 72 70 74 73 71 76 75 77 79 78 80 81 83 82 84 85 86 87 88 90 89 91 93 94 95 92 96 97 99 98 
0 1 2 3 4 5 6 7 8 9 10 11 13 12 16 15 14 17 18 20 19 21 22 23 24 27 25 26 28 29 30 32 31 33 34 35 36 37 38 39 40 41 43 42 45 46 44 48 47 50 49 53 51 54 52 55 56 57 60 58 59 61 62 63 64 65 66 67 68 69 70 72 73 74 71 76 75 77 78 79 80 81 83 82 84 85 86 87 88 90 89 93 91 94 95 92 96 97 99 98 
0 1 2 3 4 5 6 7 8 9 10 11 13 12 16 15 14 17 18 19 20 21 22 23 24 27 25 26 28 29 30 32 31 33 34 35 36 37 38 39 40 41 43 42 45 46 44 48 47 50 49 53 51 54 52 55 56 57 60 58 59 61 62 63 64 65 66 67 68 69 70 72 73 74 71 76 75 77 78 79 80 81 83 82 84 85 86 87 88 90 89 91 93 94 95 92 96 97 99 98 
0 1 2 3 4 5 6 7 8 9 10 11 13 12 16 15 14 17 18 19 20 21 22 23 24 27 25 26 28 29 30 32 31 33 34 35 36 37 38 39 40 41 43 42 45 44 46 48 47 50 49 53 51 54 52 55 56 57 60 58 59 61 62 63 64 65 66 67 68 69 70 72 74 73 71 76 75 77 78 79 80 81 83 82 84 85 86 87 88 90 89 91 93 94 95 92 96 97 99 98 
0 1 2 3 4 5 6 7 8 9 10 11 13 12 16 15 14 17 18 19 20 21 22 23 24 27 25 26 28 29 30 32 31 33 34 35 36 37 39 38 40 41 43 42 45 46 44 48 47 49 50 51 53 52 54 55 56 57 60 58 59 61 62 63 64 65 66 67 68 69 70 72 73 74 71 76 75 77 78 79 80 81 83 82 84 85 86 87 88 90 89 91 93 94 95 92 96 97 99 98 
0 1 2 3 4 5 6 7 8 9 10 11 13 12 16 15 14 17 18 19 20 21 22 23 24 27 25 26 28 29 30 32 31 33 34 35 36 37 38 39 40 41 43 42 45 46 44 48 47 50 49 53 51 54 52 55 57 56 60 58 59 61 62 63 64 65 66 67 68 69 70 74 72 73 71 76 75 77 78 79 80 83 81 82 84 85 86 87 88 90 89 91 93 94 95 92 96 97 99 98 
0 1 2 3 4 5 6 7 8 9 10 11 13 12 16 15 14 17 18 19 20 21 22 23 24 27 25 26 28 29 30 32 31 33 34 35 36 37 38 39 40 41 43 42 45 44 46 48 47 50 49 51 53 54 52 55 56 57 60 58 59 61 62 63 64 65 66 67 68 69 70 72 73 74 71 76 75 77 78 79 80 81 83 82 84 85 86 87 88 90 89 91 93 94 95 92 96 97 99 98 
0 1 2 3 4 5 6 7 8 9 10 11 13 12 16 15 14 17 18 19 20 21 22 23 24 27 25 26 28 29 30 32 31 33 34 35 36 37 38 39 40 41 43 42 45 44 46 48 47 50 49 53 51 54 52 55 56 57 60 58 59 61 62 63 64 65 66 67 68 69 70 72 73 74 71 76 75 77 79 78 80 81 83 82 84 85 86 87 88 90 89 91 93 94 95 92 96 97 99 98 
0 1 2 3 4 6 5 7 8 9 10 11 13 12 16 15 14 17 18 19 20 21 22 23 24 27 25 26 28 29 30 32 31 33 34 35 36 37 38 39 40 41 43 42 45 46 44 48 47 50 49 53 51 54 52 55 56 57 60 58 59 61 62 63 64 65 66 67 68 69 70 72 73 74 71 75 76 77 79 80 78 81 83 82 84 85 86 87 88 90 89 91 93 94 95 92 96 97 99 98 
0 1 2 3 4 5 6 7 8 9 10 11 13 12 16 15 14 17 18 19 20 21 22 23 24 27 25 26 28 30 29 32 31 33 34 35 36 37 38 39 40 41 43 42 45 46 44 48 47 50 49 53 51 54 52 55 56 57 59 60 58 61 62 63 64 65 66 67 68 69 70 72 73 74 71 76 75 77 78 79 80 81 83 82 84 85 86 87 88 90 89 91 93 94 95 92 96 97 99 98 
0 1 2 3 4 5 6 7 8 9 10 11 13 12 16 15 14 17 18 19 20 21 22 23 24 27 25 26 28 29 30 31 32 33 34 35 36 37 38 39 40 41 43 42 45 46 44 48 47 50 49 53 51 54 52 55 56 57 60 58 59 61 62 63 65 64 66 67 69 68 70 72 73 74 71 76 75 77 78 79 80 81 83 82 84 85 86 87 88 90 89 91 93 94 95 92 96 97 99 98 
0 1 2 3 4 5 6 7 8 9 10 11 13 12 16 15 14 17 18 19 20 22 21 23 24 27 25 26 28 29 30 32 31 33 34 35 36 37 38 39 40 41 43 42 45 46 44 48 47 50 49 53 54 51 52 55 56 57 60 58 59 61 62 63 64 65 66 67 68 69 70 74 72 73 71 76 75 77 78 79 80 81 83 82 84 85 86 87 88 90 89 91 93 94 95 92 96 97 99 98 
0 1 2 3 4 5 6 7 8 9 10 11 13 12 15 16 14 17 18 20 19 22 21 23 24 27 25 26 28 29 30 31 32 33 34 35 36 37 38 39 40 41 43 42 45 46 44 48 47 50 49 53 51 54 52 55 56 57 60 58 59 61 63 62 64 65 66 67 68 69 70 72 73 74 71 76 75 77 78 79 80 81 83 82 85 84 86 87 88 89 90 91 93 94 95 92 96 97 99 98 
0 1 2 3 4 5 6 7 8 9 10 11 13 12 16 15 14 17 18 19 20 21 22 23 24 27 25 26 28 29 30 32 31 33 34 35 36 37 38 39 40 41 43 42 45 46 44 48 47 50 49 53 51 54 52 55 56 57 60 58 59 61 62 63 64 65 66 67 68 69 70 72 73 74 71 76 75 77 78 79 80 81 83 82 84 85 86 87 88 90 89 91 93 94 95 92 96 97 99 98 
0 1 2 3 4 5 6 7 8 9 10 11 13 12 16 15 14 17 18 19 20 22 21 23 24 27 25 26 28 29 30 32 31 33 34 35 36 37 38 39 40 43 41 42 45 46 44 48 47 49 50 53 51 52 54 55 57 56 60 58 59 61 62 63 64 65 66 67 68 69 70 72 73 74 76 71 75 77 80 79 78 81 83 84 82 85 86 87 88 90 89 91 93 94 95 92 96 97 99 98 
0 1 2 3 4 5 6 7 8 9 10 11 13 12 16 15 14 17 19 18 20 21 22 23 24 25 27 26 28 29 30 32 31 33 34 35 36 37 38 39 40 41 43 42 45 46 44 48 47 50 49 53 51 54 52 55 56 57 60 58 59 61 63 62 64 65 67 66 68 69 70 72 73 74 71 76 75 77 78 79 80 81 83 82 84 85 86 87 88 90 89 91 93 94 95 92 96 97 99 98 
0 1 2 3 4 5 6 7 8 9 10 11 13 12 16 15 14 17 18 19 20 21 22 23 24 27 25 28 26 30 29 32 31 33 34 35 36 37 38 39 40 41 43 42 45 46 44 48 47 50 49 53 51 52 54 55 56 57 60 58 59 61 62 63 64 65 66 67 68 69 70 72 73 74 71 76 75 77 78 79 80 81 83 82 84 85 86 87 88 90 89 91 93 94 95 92 96 97 99 98 
0 1 2 3 4 5 6 7 8 9 10 11 13 12 16 15 14 17 18 19 20 21 22 23 24 27 25 26 28 29 30 32 31 33 34 35 36 37 38 39 40 41 43 42 45 46 44 48 47 50 49 53 51 54 52 55 56 57 60 58 59 61 62 63 64 65 66 67 68 69 70 72 73 74 71 76 75 77 79 78 80 81 83 82 84 85 86 87 88 90 89 91 93 94 95 92 96 97 99 98 
0 1 2 3 4 5 6 7 8 9 10 11 13 12 16 15 14 17 18 19 20 21 22 23 24 27 25 26 28 29 30 32 31 33 34 35 36 37 38 39 40 41 43 42 45 46 44 48 47 50 49 53 51 54 52 55 56 57 60 58 59 61 62 63 64 65 66 67 68 69 70 72 74 73 71 76 75 77 78 79 80 81 83 82 84 85 86 87 88 90 89 91 93 94 95 92 96 97 99 98 
0 1 2 3 4 5 6 7 8 9 10 11 13 12 16 15 14 17 18 19 20 21 22 23 24 27 25 26 28 30 29 31 32 33 34 35 36 37 38 39 40 41 43 42 45 46 44 48 47 50 49 53 51 54 52 55 56 57 60 58 59 61 62 63 64 65 66 67 68 69 70 72 73 74 71 76 75 77 78 79 80 81 83 82 84 85 86 87 88 90 89 91 93 94 95 92 96 97 99 98 
0 1 2 3 4 5 6 7 8 9 10 11 14 13 12 16 15 17 18 19 20 21 22 23 24 27 25 26 29 28 30 32 31 33 34 35 36 37 39 38 40 41 43 42 45 46 44 48 47 50 49 53 51 54 52 55 56 57 60 58 59 61 62 63 64 65 66 67 68 69 70 72 73 74 71 76 75 77 78 79 80 81 83 82 84 85 86 87 88 90 89 91 93 94 95 92 96 97 99 98 
0 1 2 3 4 5 6 7 8 9 10 11 13 12 16 15 14 17 18 19 20 21 22 23 24 27 25 26 28 29 30 32 31 33 34 35 36 37 38 39 40 41 43 42 45 46 44 48 47 49 50 53 51 54 52 55 56 57 60 58 59 61 62 63 64 67 65 66 68 69 70 72 73 74 71 75 76 77 78 79 80 81 83 82 84 85 86 87 88 90 89 91 93 94 95 92 96 97 99 98 
0 1 2 3 4 5 6 7 8 9 10 11 13 12 16 14 15 17 18 19 20 21 22 23 24 27 25 26 28 29 30 32 31 33 34 35 36 37 38 39 40 41 43 42 45 46 44 48 47 50 49 53 51 54 52 55 56 57 60 58 59 61 63 62 64 65 66 67 68 69 70 72 73 74 71 76 75 77 78 79 80 81 83 82 84 85 86 87 88 90 89 91 93 94 95 92 96 97 99 98 
0 1 2 3 4 5 6 7 8 9 10 11 13 12 16 15 14 17 18 19 20 21 22 23 24 27 25 26 28 29 30 32 31 33 34 35 36 37 38 39 40 41 43 42 45 46 44 48 47 50 49 53 51 54 52 55 56 57 60 58 59 61 63 62 64 65 66 67 68 69 70 72 73 74 71 76 75 77 78 79 80 81 83 82 84 85 86 87 88 90 89 91 93 94 95 92 96 97 99 98 
0 1 2 3 4 5 6 7 9 8 10 11 13 12 16 15 14 17 18 19 20 21 22 23 24 27 25 26 28 29 30 31 32 33 34 35 36 37 38 39 41 40 43 42 45 46 44 48 47 50 49 53 51 54 52 55 56 57 60 58 59 61 62 63 64 65 67 66 69 68 70 72 73 74 71 76 75 77 78 79 80 81 83 82 84 85 86 88 87 90 89 91 93 94 95 92 96 97 99 98 
0 1 2 3 4 5 6 7 8 9 10 11 13 12 16 15 14 17 18 19 20 21 22 23 24 27 25 26 28 30 29 32 31 33 34 35 36 37 38 39 40 41 43 42 45 46 44 48 47 50 49 53 51 52 54 55 56 57 60 58 59 61 62 63 64 65 66 67 68 69 70 72 73 74 71 76 75 77 78 79 80 81 83 82 84 85 86 87 88 90 89 91 93 94 95 92 96 97 99 98 
0 1 2 3 4 5 6 7 8 9 10 11 13 12 16 15 14 17 18 19 20 21 22 23 24 27 25 26 28 29 30 32 31 33 34 35 36 37 38 39 40 41 43 42 46 45 44 47 48 50 49 53 51 54 52 55 56 57 60 58 59 61 62 63 64 65 66 67 68 69 70 72 73 74 71 76 75 77 78 79 80 81 83 82 84 85 86 87 88 90 89 91 93 94 95 92 96 97 99 98 
0 1 2 3 4 5 6 7 8 9 10 11 13 12 16 15 14 17 18 19 20 21 22 23 24 27 25 26 28 29 30 32 31 33 34 35 36 37 38 39 40 43 41 42 45 46 44 47 48 50 49 53 51 54 52 55 56 57 60 58 59 61 63 62 64 65 66 67 68 69 72 70 73 74 71 75 76 77 78 79 80 83 81 82 84 85 86 87 88 90 89 91 93 94 95 92 96 97 99 98 
0 1 2 3 4 5 6 7 8 9 10 11 13 12 16 15 14 17 18 19 20 21 22 23 24 27 25 26 28 29 30 32 31 33 34 35 36 37 38 39 40 41 43 42 45 46 44 48 47 50 49 53 51 54 52 55 56 57 60 58 59 61 62 63 64 65 66 67 68 69 70 72 73 74 71 76 75 77 78 79 80 81 83 82 84 85 86 87 88 90 89 91 93 94 95 92 96 97 99 98 
0 1 2 3 4 5 6 7 8 9 10 11 13 12 16 15 14 17 18 19 20 21 22 23 24 27 25 26 28 29 30 32 31 33 34 35 36 37 38 39 40 41 43 42 45 46 44 48 47 50 49 53 51 54 52 55 56 57 60 58 59 61 62 63 64 65 66 67 68 69 70 72 73 74 71 76 75 77 78 79 80 81 83 82 84 85 86 87 88 90 89 91 93 94 95 92 96 97 99 98 
0 1 2 3 4 5 6 7 8 9 10 11 13 12 16 15 14 17 18 19 20 21 22 23 24 27 25 26 28 29 30 32 31 33 34 35 36 37 38 39 40 41 42 43 45 46 44 48 47 50 49 53 51 54 52 55 56 57 60 58 59 61 62 63 64 65 66 67 68 69 70 72 73 74 71 76 75 77 79 78 80 81 83 82 84 85 87 86 90 88 89 91 93 94 95 92 96 97 99 98 

Rank matrix
100 0 0 0 0 0 0 0 0 0 0 0 0 0 0 0 0 0 0 0 0 0 0 0 0 0 0 0 0 0 0 0 0 0 0 0 0 0 0 0 0 0 0 0 0 0 0 0 0 0 0 0 0 0 0 0 0 0 0 0 0 0 0 0 0 0 0 0 0 0 0 0 0 0 0 0 0 0 0 0 0 0 0 0 0 0 0 0 0 0 0 0 0 0 0 0 0 0 0 0 
0 100 0 0 0 0 0 0 0 0 0 0 0 0 0 0 0 0 0 0 0 0 0 0 0 0 0 0 0 0 0 0 0 0 0 0 0 0 0 0 0 0 0 0 0 0 0 0 0 0 0 0 0 0 0 0 0 0 0 0 0 0 0 0 0 0 0 0 0 0 0 0 0 0 0 0 0 0 0 0 0 0 0 0 0 0 0 0 0 0 0 0 0 0 0 0 0 0 0 0 
0 0 100 0 0 0 0 0 0 0 0 0 0 0 0 0 0 0 0 0 0 0 0 0 0 0 0 0 0 0 0 0 0 0 0 0 0 0 0 0 0 0 0 0 0 0 0 0 0 0 0 0 0 0 0 0 0 0 0 0 0 0 0 0 0 0 0 0 0 0 0 0 0 0 0 0 0 0 0 0 0 0 0 0 0 0 0 0 0 0 0 0 0 0 0 0 0 0 0 0 
0 0 0 100 0 0 0 0 0 0 0 0 0 0 0 0 0 0 0 0 0 0 0 0 0 0 0 0 0 0 0 0 0 0 0 0 0 0 0 0 0 0 0 0 0 0 0 0 0 0 0 0 0 0 0 0 0 0 0 0 0 0 0 0 0 0 0 0 0 0 0 0 0 0 0 0 0 0 0 0 0 0 0 0 0 0 0 0 0 0 0 0 0 0 0 0 0 0 0 0 
0 0 0 0 100 0 0 0 0 0 0 0 0 0 0 0 0 0 0 0 0 0 0 0 0 0 0 0 0 0 0 0 0 0 0 0 0 0 0 0 0 0 0 0 0 0 0 0 0 0 0 0 0 0 0 0 0 0 0 0 0 0 0 0 0 0 0 0 0 0 0 0 0 0 0 0 0 0 0 0 0 0 0 0 0 0 0 0 0 0 0 0 0 0 0 0 0 0 0 0 
0 0 0 0 0 98 2 0 0 0 0 0 0 0 0 0 0 0 0 0 0 0 0 0 0 0 0 0 0 0 0 0 0 0 0 0 0 0 0 0 0 0 0 0 0 0 0 0 0 0 0 0 0 0 0 0 0 0 0 0 0 0 0 0 0 0 0 0 0 0 0 0 0 0 0 0 0 0 0 0 0 0 0 0 0 0 0 0 0 0 0 0 0 0 0 0 0 0 0 0 
0 0 0 0 0 2 98 0 0 0 0 0 0 0 0 0 0 0 0 0 0 0 0 0 0 0 0 0 0 0 0 0 0 0 0 0 0 0 0 0 0 0 0 0 0 0 0 0 0 0 0 0 0 0 0 0 0 0 0 0 0 0 0 0 0 0 0 0 0 0 0 0 0 0 0 0 0 0 0 0 0 0 0 0 0 0 0 0 0 0 0 0 0 0 0 0 0 0 0 0 
0 0 0 0 0 0 0 100 0 0 0 0 0 0 0 0 0 0 0 0 0 0 0 0 0 0 0 0 0 0 0 0 0 0 0 0 0 0 0 0 0 0 0 0 0 0 0 0 0 0 0 0 0 0 0 0 0 0 0 0 0 0 0 0 0 0 0 0 0 0 0 0 0 0 0 0 0 0 0 0 0 0 0 0 0 0 0 0 0 0 0 0 0 0 0 0 0 0 0 0 
0 0 0 0 0 0 0 0 96 4 0 0 0 0 0 0 0 0 0 0 0 0 0 0 0 0 0 0 0 0 0 0 0 0 0 0 0 0 0 0 0 0 0 0 0 0 0 0 0 0 0 0 0 0 0 0 0 0 0 0 0 0 0 0 0 0 0 0 0 0 0 0 0 0 0 0 0 0 0 0 0 0 0 0 0 0 0 0 0 0 0 0 0 0 0 0 0 0 0 0 
0 0 0 0 0 0 0 0 4 96 0 0 0 0 0 0 0 0 0 0 0 0 0 0 0 0 0 0 0 0 0 0 0 0 0 0 0 0 0 0 0 0 0 0 0 0 0 0 0 0 0 0 0 0 0 0 0 0 0 0 0 0 0 0 0 0 0 0 0 0 0 0 0 0 0 0 0 0 0 0 0 0 0 0 0 0 0 0 0 0 0 0 0 0 0 0 0 0 0 0 
0 0 0 0 0 0 0 0 0 0 100 0 0 0 0 0 0 0 0 0 0 0 0 0 0 0 0 0 0 0 0 0 0 0 0 0 0 0 0 0 0 0 0 0 0 0 0 0 0 0 0 0 0 0 0 0 0 0 0 0 0 0 0 0 0 0 0 0 0 0 0 0 0 0 0 0 0 0 0 0 0 0 0 0 0 0 0 0 0 0 0 0 0 0 0 0 0 0 0 0 
0 0 0 0 0 0 0 0 0 0 0 100 0 0 0 0 0 0 0 0 0 0 0 0 0 0 0 0 0 0 0 0 0 0 0 0 0 0 0 0 0 0 0 0 0 0 0 0 0 0 0 0 0 0 0 0 0 0 0 0 0 0 0 0 0 0 0 0 0 0 0 0 0 0 0 0 0 0 0 0 0 0 0 0 0 0 0 0 0 0 0 0 0 0 0 0 0 0 0 0 
0 0 0 0 0 0 0 0 0 0 0 0 1 98 1 0 0 0 0 0 0 0 0 0 0 0 0 0 0 0 0 0 0 0 0 0 0 0 0 0 0 0 0 0 0 0 0 0 0 0 0 0 0 0 0 0 0 0 0 0 0 0 0 0 0 0 0 0 0 0 0 0 0 0 0 0 0 0 0 0 0 0 0 0 0 0 0 0 0 0 0 0 0 0 0 0 0 0 0 0 
0 0 0 0 0 0 0 0 0 0 0 0 98 2 0 0 0 0 0 0 0 0 0 0 0 0 0 0 0 0 0 0 0 0 0 0 0 0 0 0 0 0 0 0 0 0 0 0 0 0 0 0 0 0 0 0 0 0 0 0 0 0 0 0 0 0 0 0 0 0 0 0 0 0 0 0 0 0 0 0 0 0 0 0 0 0 0 0 0 0 0 0 0 0 0 0 0 0 0 0 
0 0 0 0 0 0 0 0 0 0 0 0 1 0 0 4 95 0 0 0 0 0 0 0 0 0 0 0 0 0 0 0 0 0 0 0 0 0 0 0 0 0 0 0 0 0 0 0 0 0 0 0 0 0 0 0 0 0 0 0 0 0 0 0 0 0 0 0 0 0 0 0 0 0 0 0 0 0 0 0 0 0 0 0 0 0 0 0 0 0 0 0 0 0 0 0 0 0 0 0 
0 0 0 0 0 0 0 0 0 0 0 0 0 0 1 94 5 0 0 0 0 0 0 0 0 0 0 0 0 0 0 0 0 0 0 0 0 0 0 0 0 0 0 0 0 0 0 0 0 0 0 0 0 0 0 0 0 0 0 0 0 0 0 0 0 0 0 0 0 0 0 0 0 0 0 0 0 0 0 0 0 0 0 0 0 0 0 0 0 0 0 0 0 0 0 0 0 0 0 0 
0 0 0 0 0 0 0 0 0 0 0 0 0 0 98 2 0 0 0 0 0 0 0 0 0 0 0 0 0 0 0 0 0 0 0 0 0 0 0 0 0 0 0 0 0 0 0 0 0 0 0 0 0 0 0 0 0 0 0 0 0 0 0 0 0 0 0 0 0 0 0 0 0 0 0 0 0 0 0 0 0 0 0 0 0 0 0 0 0 0 0 0 0 0 0 0 0 0 0 0 
0 0 0 0 0 0 0 0 0 0 0 0 0 0 0 0 0 100 0 0 0 0 0 0 0 0 0 0 0 0 0 0 0 0 0 0 0 0 0 0 0 0 0 0 0 0 0 0 0 0 0 0 0 0 0 0 0 0 0 0 0 0 0 0 0 0 0 0 0 0 0 0 0 0 0 0 0 0 0 0 0 0 0 0 0 0 0 0 0 0 0 0 0 0 0 0 0 0 0 0 
0 0 0 0 0 0 0 0 0 0 0 0 0 0 0 0 0 0 98 2 0 0 0 0 0 0 0 0 0 0 0 0 0 0 0 0 0 0 0 0 0 0 0 0 0 0 0 0 0 0 0 0 0 0 0 0 0 0 0 0 0 0 0 0 0 0 0 0 0 0 0 0 0 0 0 0 0 0 0 0 0 0 0 0 0 0 0 0 0 0 0 0 0 0 0 0 0 0 0 0 
0 0 0 0 0 0 0 0 0 0 0 0 0 0 0 0 0 0 2 91 7 0 0 0 0 0 0 0 0 0 0 0 0 0 0 0 0 0 0 0 0 0 0 0 0 0 0 0 0 0 0 0 0 0 0 0 0 0 0 0 0 0 0 0 0 0 0 0 0 0 0 0 0 0 0 0 0 0 0 0 0 0 0 0 0 0 0 0 0 0 0 0 0 0 0 0 0 0 0 0 
0 0 0 0 0 0 0 0 0 0 0 0 0 0 0 0 0 0 0 7 92 1 0 0 0 0 0 0 0 0 0 0 0 0 0 0 0 0 0 0 0 0 0 0 0 0 0 0 0 0 0 0 0 0 0 0 0 0 0 0 0 0 0 0 0 0 0 0 0 0 0 0 0 0 0 0 0 0 0 0 0 0 0 0 0 0 0 0 0 0 0 0 0 0 0 0 0 0 0 0 
0 0 0 0 0 0 0 0 0 0 0 0 0 0 0 0 0 0 0 0 1 95 4 0 0 0 0 0 0 0 0 0 0 0 0 0 0 0 0 0 0 0 0 0 0 0 0 0 0 0 0 0 0 0 0 0 0 0 0 0 0 0 0 0 0 0 0 0 0 0 0 0 0 0 0 0 0 0 0 0 0 0 0 0 0 0 0 0 0 0 0 0 0 0 0 0 0 0 0 0 
0 0 0 0 0 0 0 0 0 0 0 0 0 0 0 0 0 0 0 0 0 4 96 0 0 0 0 0 0 0 0 0 0 0 0 0 0 0 0 0 0 0 0 0 0 0 0 0 0 0 0 0 0 0 0 0 0 0 0 0 0 0 0 0 0 0 0 0 0 0 0 0 0 0 0 0 0 0 0 0 0 0 0 0 0 0 0 0 0 0 0 0 0 0 0 0 0 0 0 0 
0 0 0 0 0 0 0 0 0 0 0 0 0 0 0 0 0 0 0 0 0 0 0 99 1 0 0 0 0 0 0 0 0 0 0 0 0 0 0 0 0 0 0 0 0 0 0 0 0 0 0 0 0 0 0 0 0 0 0 0 0 0 0 0 0 0 0 0 0 0 0 0 0 0 0 0 0 0 0 0 0 0 0 0 0 0 0 0 0 0 0 0 0 0 0 0 0 0 0 0 
0 0 0 0 0 0 0 0 0 0 0 0 0 0 0 0 0 0 0 0 0 0 0 1 99 0 0 0 0 0 0 0 0 0 0 0 0 0 0 0 0 0 0 0 0 0 0 0 0 0 0 0 0 0 0 0 0 0 0 0 0 0 0 0 0 0 0 0 0 0 0 0 0 0 0 0 0 0 0 0 0 0 0 0 0 0 0 0 0 0 0 0 0 0 0 0 0 0 0 0 
0 0 0 0 0 0 0 0 0 0 0 0 0 0 0 0 0 0 0 0 0 0 0 0 0 5 95 0 0 0 0 0 0 0 0 0 0 0 0 0 0 0 0 0 0 0 0 0 0 0 0 0 0 0 0 0 0 0 0 0 0 0 0 0 0 0 0 0 0 0 0 0 0 0 0 0 0 0 0 0 0 0 0 0 0 0 0 0 0 0 0 0 0 0 0 0 0 0 0 0 
0 0 0 0 0 0 0 0 0 0 0 0 0 0 0 0 0 0 0 0 0 0 0 0 0 0 0 98 2 0 0 0 0 0 0 0 0 0 0 0 0 0 0 0 0 0 0 0 0 0 0 0 0 0 0 0 0 0 0 0 0 0 0 0 0 0 0 0 0 0 0 0 0 0 0 0 0 0 0 0 0 0 0 0 0 0 0 0 0 0 0 0 0 0 0 0 0 0 0 0 
0 0 0 0 0 0 0 0 0 0 0 0 0 0 0 0 0 0 0 0 0 0 0 0 0 95 5 0 0 0 0 0 0 0 0 0 0 0 0 0 0 0 0 0 0 0 0 0 0 0 0 0 0 0 0 0 0 0 0 0 0 0 0 0 0 0 0 0 0 0 0 0 0 0 0 0 0 0 0 0 0 0 0 0 0 0 0 0 0 0 0 0 0 0 0 0 0 0 0 0 
0 0 0 0 0 0 0 0 0 0 0 0 0 0 0 0 0 0 0 0 0 0 0 0 0 0 0 1 96 3 0 0 0 0 0 0 0 0 0 0 0 0 0 0 0 0 0 0 0 0 0 0 0 0 0 0 0 0 0 0 0 0 0 0 0 0 0 0 0 0 0 0 0 0 0 0 0 0 0 0 0 0 0 0 0 0 0 0 0 0 0 0 0 0 0 0 0 0 0 0 
0 0 0 0 0 0 0 0 0 0 0 0 0 0 0 0 0 0 0 0 0 0 0 0 0 0 0 1 2 86 11 0 0 0 0 0 0 0 0 0 0 0 0 0 0 0 0 0 0 0 0 0 0 0 0 0 0 0 0 0 0 0 0 0 0 0 0 0 0 0 0 0 0 0 0 0 0 0 0 0 0 0 0 0 0 0 0 0 0 0 0 0 0 0 0 0 0 0 0 0 
0 0 0 0 0 0 0 0 0 0 0 0 0 0 0 0 0 0 0 0 0 0 0 0 0 0 0 0 0 11 89 0 0 0 0 0 0 0 0 0 0 0 0 0 0 0 0 0 0 0 0 0 0 0 0 0 0 0 0 0 0 0 0 0 0 0 0 0 0 0 0 0 0 0 0 0 0 0 0 0 0 0 0 0 0 0 0 0 0 0 0 0 0 0 0 0 0 0 0 0 
0 0 0 0 0 0 0 0 0 0 0 0 0 0 0 0 0 0 0 0 0 0 0 0 0 0 0 0 0 0 0 8 92 0 0 0 0 0 0 0 0 0 0 0 0 0 0 0 0 0 0 0 0 0 0 0 0 0 0 0 0 0 0 0 0 0 0 0 0 0 0 0 0 0 0 0 0 0 0 0 0 0 0 0 0 0 0 0 0 0 0 0 0 0 0 0 0 0 0 0 
0 0 0 0 0 0 0 0 0 0 0 0 0 0 0 0 0 0 0 0 0 0 0 0 0 0 0 0 0 0 0 92 8 0 0 0 0 0 0 0 0 0 0 0 0 0 0 0 0 0 0 0 0 0 0 0 0 0 0 0 0 0 0 0 0 0 0 0 0 0 0 0 0 0 0 0 0 0 0 0 0 0 0 0 0 0 0 0 0 0 0 0 0 0 0 0 0 0 0 0 
0 0 0 0 0 0 0 0 0 0 0 0 0 0 0 0 0 0 0 0 0 0 0 0 0 0 0 0 0 0 0 0 0 99 1 0 0 0 0 0 0 0 0 0 0 0 0 0 0 0 0 0 0 0 0 0 0 0 0 0 0 0 0 0 0 0 0 0 0 0 0 0 0 0 0 0 0 0 0 0 0 0 0 0 0 0 0 0 0 0 0 0 0 0 0 0 0 0 0 0 
0 0 0 0 0 0 0 0 0 0 0 0 0 0 0 0 0 0 0 0 0 0 0 0 0 0 0 0 0 0 0 0 0 1 96 3 0 0 0 0 0 0 0 0 0 0 0 0 0 0 0 0 0 0 0 0 0 0 0 0 0 0 0 0 0 0 0 0 0 0 0 0 0 0 0 0 0 0 0 0 0 0 0 0 0 0 0 0 0 0 0 0 0 0 0 0 0 0 0 0 
0 0 0 0 0 0 0 0 0 0 0 0 0 0 0 0 0 0 0 0 0 0 0 0 0 0 0 0 0 0 0 0 0 0 3 90 7 0 0 0 0 0 0 0 0 0 0 0 0 0 0 0 0 0 0 0 0 0 0 0 0 0 0 0 0 0 0 0 0 0 0 0 0 0 0 0 0 0 0 0 0 0 0 0 0 0 0 0 0 0 0 0 0 0 0 0 0 0 0 0 
0 0 0 0 0 0 0 0 0 0 0 0 0 0 0 0 0 0 0 0 0 0 0 0 0 0 0 0 0 0 0 0 0 0 0 7 93 0 0 0 0 0 0 0 0 0 0 0 0 0 0 0 0 0 0 0 0 0 0 0 0 0 0 0 0 0 0 0 0 0 0 0 0 0 0 0 0 0 0 0 0 0 0 0 0 0 0 0 0 0 0 0 0 0 0 0 0 0 0 0 
0 0 0 0 0 0 0 0 0 0 0 0 0 0 0 0 0 0 0 0 0 0 0 0 0 0 0 0 0 0 0 0 0 0 0 0 0 98 2 0 0 0 0 0 0 0 0 0 0 0 0 0 0 0 0 0 0 0 0 0 0 0 0 0 0 0 0 0 0 0 0 0 0 0 0 0 0 0 0 0 0 0 0 0 0 0 0 0 0 0 0 0 0 0 0 0 0 0 0 0 
0 0 0 0 0 0 0 0 0 0 0 0 0 0 0 0 0 0 0 0 0 0 0 0 0 0 0 0 0 0 0 0 0 0 0 0 0 2 93 5 0 0 0 0 0 0 0 0 0 0 0 0 0 0 0 0 0 0 0 0 0 0 0 0 0 0 0 0 0 0 0 0 0 0 0 0 0 0 0 0 0 0 0 0 0 0 0 0 0 0 0 0 0 0 0 0 0 0 0 0 
0 0 0 0 0 0 0 0 0 0 0 0 0 0 0 0 0 0 0 0 0 0 0 0 0 0 0 0 0 0 0 0 0 0 0 0 0 0 5 94 1 0 0 0 0 0 0 0 0 0 0 0 0 0 0 0 0 0 0 0 0 0 0 0 0 0 0 0 0 0 0 0 0 0 0 0 0 0 0 0 0 0 0 0 0 0 0 0 0 0 0 0 0 0 0 0 0 0 0 0 
0 0 0 0 0 0 0 0 0 0 0 0 0 0 0 0 0 0 0 0 0 0 0 0 0 0 0 0 0 0 0 0 0 0 0 0 0 0 0 1 97 2 0 0 0 0 0 0 0 0 0 0 0 0 0 0 0 0 0 0 0 0 0 0 0 0 0 0 0 0 0 0 0 0 0 0 0 0 0 0 0 0 0 0 0 0 0 0 0 0 0 0 0 0 0 0 0 0 0 0 
0 0 0 0 0 0 0 0 0 0 0 0 0 0 0 0 0 0 0 0 0 0 0 0 0 0 0 0 0 0 0 0 0 0 0 0 0 0 0 0 2 89 9 0 0 0 0 0 0 0 0 0 0 0 0 0 0 0 0 0 0 0 0 0 0 0 0 0 0 0 0 0 0 0 0 0 0 0 0 0 0 0 0 0 0 0 0 0 0 0 0 0 0 0 0 0 0 0 0 0 
0 0 0 0 0 0 0 0 0 0 0 0 0 0 0 0 0 0 0 0 0 0 0 0 0 0 0 0 0 0 0 0 0 0 0 0 0 0 0 0 0 0 3 97 0 0 0 0 0 0 0 0 0 0 0 0 0 0 0 0 0 0 0 0 0 0 0 0 0 0 0 0 0 0 0 0 0 0 0 0 0 0 0 0 0 0 0 0 0 0 0 0 0 0 0 0 0 0 0 0 
0 0 0 0 0 0 0 0 0 0 0 0 0 0 0 0 0 0 0 0 0 0 0 0 0 0 0 0 0 0 0 0 0 0 0 0 0 0 0 0 0 9 88 3 0 0 0 0 0 0 0 0 0 0 0 0 0 0 0 0 0 0 0 0 0 0 0 0 0 0 0 0 0 0 0 0 0 0 0 0 0 0 0 0 0 0 0 0 0 0 0 0 0 0 0 0 0 0 0 0 
0 0 0 0 0 0 0 0 0 0 0 0 0 0 0 0 0 0 0 0 0 0 0 0 0 0 0 0 0 0 0 0 0 0 0 0 0 0 0 0 0 0 0 0 0 6 94 0 0 0 0 0 0 0 0 0 0 0 0 0 0 0 0 0 0 0 0 0 0 0 0 0 0 0 0 0 0 0 0 0 0 0 0 0 0 0 0 0 0 0 0 0 0 0 0 0 0 0 0 0 
0 0 0 0 0 0 0 0 0 0 0 0 0 0 0 0 0 0 0 0 0 0 0 0 0 0 0 0 0 0 0 0 0 0 0 0 0 0 0 0 0 0 0 0 97 3 0 0 0 0 0 0 0 0 0 0 0 0 0 0 0 0 0 0 0 0 0 0 0 0 0 0 0 0 0 0 0 0 0 0 0 0 0 0 0 0 0 0 0 0 0 0 0 0 0 0 0 0 0 0 
0 0 0 0 0 0 0 0 0 0 0 0 0 0 0 0 0 0 0 0 0 0 0 0 0 0 0 0 0 0 0 0 0 0 0 0 0 0 0 0 0 0 0 0 3 90 5 2 0 0 0 0 0 0 0 0 0 0 0 0 0 0 0 0 0 0 0 0 0 0 0 0 0 0 0 0 0 0 0 0 0 0 0 0 0 0 0 0 0 0 0 0 0 0 0 0 0 0 0 0 
0 0 0 0 0 0 0 0 0 0 0 0 0 0 0 0 0 0 0 0 0 0 0 0 0 0 0 0 0 0 0 0 0 0 0 0 0 0 0 0 0 0 0 0 0 0 0 6 93 1 0 0 0 0 0 0 0 0 0 0 0 0 0 0 0 0 0 0 0 0 0 0 0 0 0 0 0 0 0 0 0 0 0 0 0 0 0 0 0 0 0 0 0 0 0 0 0 0 0 0 
0 0 0 0 0 0 0 0 0 0 0 0 0 0 0 0 0 0 0 0 0 0 0 0 0 0 0 0 0 0 0 0 0 0 0 0 0 0 0 0 0 0 0 0 0 1 1 92 6 0 0 0 0 0 0 0 0 0 0 0 0 0 0 0 0 0 0 0 0 0 0 0 0 0 0 0 0 0 0 0 0 0 0 0 0 0 0 0 0 0 0 0 0 0 0 0 0 0 0 0 
0 0 0 0 0 0 0 0 0 0 0 0 0 0 0 0 0 0 0 0 0 0 0 0 0 0 0 0 0 0 0 0 0 0 0 0 0 0 0 0 0 0 0 0 0 0 0 0 0 10 90 0 0 0 0 0 0 0 0 0 0 0 0 0 0 0 0 0 0 0 0 0 0 0 0 0 0 0 0 0 0 0 0 0 0 0 0 0 0 0 0 0 0 0 0 0 0 0 0 0 
0 0 0 0 0 0 0 0 0 0 0 0 0 0 0 0 0 0 0 0 0 0 0 0 0 0 0 0 0 0 0 0 0 0 0 0 0 0 0 0 0 0 0 0 0 0 0 0 1 89 10 0 0 0 0 0 0 0 0 0 0 0 0 0 0 0 0 0 0 0 0 0 0 0 0 0 0 0 0 0 0 0 0 0 0 0 0 0 0 0 0 0 0 0 0 0 0 0 0 0 
0 0 0 0 0 0 0 0 0 0 0 0 0 0 0 0 0 0 0 0 0 0 0 0 0 0 0 0 0 0 0 0 0 0 0 0 0 0 0 0 0 0 0 0 0 0 0 0 0 0 0 6 91 3 0 0 0 0 0 0 0 0 0 0 0 0 0 0 0 0 0 0 0 0 0 0 0 0 0 0 0 0 0 0 0 0 0 0 0 0 0 0 0 0 0 0 0 0 0 0 
0 0 0 0 0 0 0 0 0 0 0 0 0 0 0 0 0 0 0 0 0 0 0 0 0 0 0 0 0 0 0 0 0 0 0 0 0 0 0 0 0 0 0 0 0 0 0 0 0 0 0 0 0 10 87 3 0 0 0 0 0 0 0 0 0 0 0 0 0 0 0 0 0 0 0 0 0 0 0 0 0 0 0 0 0 0 0 0 0 0 0 0 0 0 0 0 0 0 0 0 
0 0 0 0 0 0 0 0 0 0 0 0 0 0 0 0 0 0 0 0 0 0 0 0 0 0 0 0 0 0 0 0 0 0 0 0 0 0 0 0 0 0 0 0 0 0 0 0 0 0 0 94 6 0 0 0 0 0 0 0 0 0 0 0 0 0 0 0 0 0 0 0 0 0 0 0 0 0 0 0 0 0 0 0 0 0 0 0 0 0 0 0 0 0 0 0 0 0 0 0 
0 0 0 0 0 0 0 0 0 0 0 0 0 0 0 0 0 0 0 0 0 0 0 0 0 0 0 0 0 0 0 0 0 0 0 0 0 0 0 0 0 0 0 0 0 0 0 0 0 0 0 0 3 87 10 0 0 0 0 0 0 0 0 0 0 0 0 0 0 0 0 0 0 0 0 0 0 0 0 0 0 0 0 0 0 0 0 0 0 0 0 0 0 0 0 0 0 0 0 0 
0 0 0 0 0 0 0 0 0 0 0 0 0 0 0 0 0 0 0 0 0 0 0 0 0 0 0 0 0 0 0 0 0 0 0 0 0 0 0 0 0 0 0 0 0 0 0 0 0 0 0 0 0 0 3 97 0 0 0 0 0 0 0 0 0 0 0 0 0 0 0 0 0 0 0 0 0 0 0 0 0 0 0 0 0 0 0 0 0 0 0 0 0 0 0 0 0 0 0 0 
0 0 0 0 0 0 0 0 0 0 0 0 0 0 0 0 0 0 0 0 0 0 0 0 0 0 0 0 0 0 0 0 0 0 0 0 0 0 0 0 0 0 0 0 0 0 0 0 0 0 0 0 0 0 0 0 93 7 0 0 0 0 0 0 0 0 0 0 0 0 0 0 0 0 0 0 0 0 0 0 0 0 0 0 0 0 0 0 0 0 0 0 0 0 0 0 0 0 0 0 
0 0 0 0 0 0 0 0 0 0 0 0 0 0 0 0 0 0 0 0 0 0 0 0 0 0 0 0 0 0 0 0 0 0 0 0 0 0 0 0 0 0 0 0 0 0 0 0 0 0 0 0 0 0 0 0 7 93 0 0 0 0 0 0 0 0 0 0 0 0 0 0 0 0 0 0 0 0 0 0 0 0 0 0 0 0 0 0 0 0 0 0 0 0 0 0 0 0 0 0 
0 0 0 0 0 0 0 0 0 0 0 0 0 0 0 0 0 0 0 0 0 0 0 0 0 0 0 0 0 0 0 0 0 0 0 0 0 0 0 0 0 0 0 0 0 0 0 0 0 0 0 0 0 0 0 0 0 0 0 97 3 0 0 0 0 0 0 0 0 0 0 0 0 0 0 0 0 0 0 0 0 0 0 0 0 0 0 0 0 0 0 0 0 0 0 0 0 0 0 0 
0 0 0 0 0 0 0 0 0 0 0 0 0 0 0 0 0 0 0 0 0 0 0 0 0 0 0 0 0 0 0 0 0 0 0 0 0 0 0 0 0 0 0 0 0 0 0 0 0 0 0 0 0 0 0 0 0 0 1 2 97 0 0 0 0 0 0 0 0 0 0 0 0 0 0 0 0 0 0 0 0 0 0 0 0 0 0 0 0 0 0 0 0 0 0 0 0 0 0 0 
0 0 0 0 0 0 0 0 0 0 0 0 0 0 0 0 0 0 0 0 0 0 0 0 0 0 0 0 0 0 0 0 0 0 0 0 0 0 0 0 0 0 0 0 0 0 0 0 0 0 0 0 0 0 0 0 0 0 99 1 0 0 0 0 0 0 0 0 0 0 0 0 0 0 0 0 0 0 0 0 0 0 0 0 0 0 0 0 0 0 0 0 0 0 0 0 0 0 0 0 
0 0 0 0 0 0 0 0 0 0 0 0 0 0 0 0 0 0 0 0 0 0 0 0 0 0 0 0 0 0 0 0 0 0 0 0 0 0 0 0 0 0 0 0 0 0 0 0 0 0 0 0 0 0 0 0 0 0 0 0 0 99 1 0 0 0 0 0 0 0 0 0 0 0 0 0 0 0 0 0 0 0 0 0 0 0 0 0 0 0 0 0 0 0 0 0 0 0 0 0 
0 0 0 0 0 0 0 0 0 0 0 0 0 0 0 0 0 0 0 0 0 0 0 0 0 0 0 0 0 0 0 0 0 0 0 0 0 0 0 0 0 0 0 0 0 0 0 0 0 0 0 0 0 0 0 0 0 0 0 0 0 1 83 16 0 0 0 0 0 0 0 0 0 0 0 0 0 0 0 0 0 0 0 0 0 0 0 0 0 0 0 0 0 0 0 0 0 0 0 0 
0 0 0 0 0 0 0 0 0 0 0 0 0 0 0 0 0 0 0 0 0 0 0 0 0 0 0 0 0 0 0 0 0 0 0 0 0 0 0 0 0 0 0 0 0 0 0 0 0 0 0 0 0 0 0 0 0 0 0 0 0 0 16 84 0 0 0 0 0 0 0 0 0 0 0 0 0 0 0 0 0 0 0 0 0 0 0 0 0 0 0 0 0 0 0 0 0 0 0 0 
0 0 0 0 0 0 0 0 0 0 0 0 0 0 0 0 0 0 0 0 0 0 0 0 0 0 0 0 0 0 0 0 0 0 0 0 0 0 0 0 0 0 0 0 0 0 0 0 0 0 0 0 0 0 0 0 0 0 0 0 0 0 0 0 96 3 1 0 0 0 0 0 0 0 0 0 0 0 0 0 0 0 0 0 0 0 0 0 0 0 0 0 0 0 0 0 0 0 0 0 
0 0 0 0 0 0 0 0 0 0 0 0 0 0 0 0 0 0 0 0 0 0 0 0 0 0 0 0 0 0 0 0 0 0 0 0 0 0 0 0 0 0 0 0 0 0 0 0 0 0 0 0 0 0 0 0 0 0 0 0 0 0 0 0 4 94 2 0 0 0 0 0 0 0 0 0 0 0 0 0 0 0 0 0 0 0 0 0 0 0 0 0 0 0 0 0 0 0 0 0 
0 0 0 0 0 0 0 0 0 0 0 0 0 0 0 0 0 0 0 0 0 0 0 0 0 0 0 0 0 0 0 0 0 0 0 0 0 0 0 0 0 0 0 0 0 0 0 0 0 0 0 0 0 0 0 0 0 0 0 0 0 0 0 0 0 1 94 5 0 0 0 0 0 0 0 0 0 0 0 0 0 0 0 0 0 0 0 0 0 0 0 0 0 0 0 0 0 0 0 0 
0 0 0 0 0 0 0 0 0 0 0 0 0 0 0 0 0 0 0 0 0 0 0 0 0 0 0 0 0 0 0 0 0 0 0 0 0 0 0 0 0 0 0 0 0 0 0 0 0 0 0 0 0 0 0 0 0 0 0 0 0 0 0 0 0 2 3 95 0 0 0 0 0 0 0 0 0 0 0 0 0 0 0 0 0 0 0 0 0 0 0 0 0 0 0 0 0 0 0 0 
0 0 0 0 0 0 0 0 0 0 0 0 0 0 0 0 0 0 0 0 0 0 0 0 0 0 0 0 0 0 0 0 0 0 0 0 0 0 0 0 0 0 0 0 0 0 0 0 0 0 0 0 0 0 0 0 0 0 0 0 0 0 0 0 0 0 0 0 93 7 0 0 0 0 0 0 0 0 0 0 0 0 0 0 0 0 0 0 0 0 0 0 0 0 0 0 0 0 0 0 
0 0 0 0 0 0 0 0 0 0 0 0 0 0 0 0 0 0 0 0 0 0 0 0 0 0 0 0 0 0 0 0 0 0 0 0 0 0 0 0 0 0 0 0 0 0 0 0 0 0 0 0 0 0 0 0 0 0 0 0 0 0 0 0 0 0 0 0 7 92 1 0 0 0 0 0 0 0 0 0 0 0 0 0 0 0 0 0 0 0 0 0 0 0 0 0 0 0 0 0 
0 0 0 0 0 0 0 0 0 0 0 0 0 0 0 0 0 0 0 0 0 0 0 0 0 0 0 0 0 0 0 0 0 0 0 0 0 0 0 0 0 0 0 0 0 0 0 0 0 0 0 0 0 0 0 0 0 0 0 0 0 0 0 0 0 0 0 0 0 1 95 4 0 0 0 0 0 0 0 0 0 0 0 0 0 0 0 0 0 0 0 0 0 0 0 0 0 0 0 0 
0 0 0 0 0 0 0 0 0 0 0 0 0 0 0 0 0 0 0 0 0 0 0 0 0 0 0 0 0 0 0 0 0 0 0 0 0 0 0 0 0 0 0 0 0 0 0 0 0 0 0 0 0 0 0 0 0 0 0 0 0 0 0 0 0 0 0 0 0 0 0 0 1 3 95 1 0 0 0 0 0 0 0 0 0 0 0 0 0 0 0 0 0 0 0 0 0 0 0 0 
0 0 0 0 0 0 0 0 0 0 0 0 0 0 0 0 0 0 0 0 0 0 0 0 0 0 0 0 0 0 0 0 0 0 0 0 0 0 0 0 0 0 0 0 0 0 0 0 0 0 0 0 0 0 0 0 0 0 0 0 0 0 0 0 0 0 0 0 0 0 4 93 3 0 0 0 0 0 0 0 0 0 0 0 0 0 0 0 0 0 0 0 0 0 0 0 0 0 0 0 
0 0 0 0 0 0 0 0 0 0 0 0 0 0 0 0 0 0 0 0 0 0 0 0 0 0 0 0 0 0 0 0 0 0 0 0 0 0 0 0 0 0 0 0 0 0 0 0 0 0 0 0 0 0 0 0 0 0 0 0 0 0 0 0 0 0 0 0 0 0 0 0 83 15 2 0 0 0 0 0 0 0 0 0 0 0 0 0 0 0 0 0 0 0 0 0 0 0 0 0 
0 0 0 0 0 0 0 0 0 0 0 0 0 0 0 0 0 0 0 0 0 0 0 0 0 0 0 0 0 0 0 0 0 0 0 0 0 0 0 0 0 0 0 0 0 0 0 0 0 0 0 0 0 0 0 0 0 0 0 0 0 0 0 0 0 0 0 0 0 0 0 3 13 82 2 0 0 0 0 0 0 0 0 0 0 0 0 0 0 0 0 0 0 0 0 0 0 0 0 0 
0 0 0 0 0 0 0 0 0 0 0 0 0 0 0 0 0 0 0 0 0 0 0 0 0 0 0 0 0 0 0 0 0 0 0 0 0 0 0 0 0 0 0 0 0 0 0 0 0 0 0 0 0 0 0 0 0 0 0 0 0 0 0 0 0 0 0 0 0 0 0 0 0 0 0 4 95 1 0 0 0 0 0 0 0 0 0 0 0 0 0 0 0 0 0 0 0 0 0 0 
0 0 0 0 0 0 0 0 0 0 0 0 0 0 0 0 0 0 0 0 0 0 0 0 0 0 0 0 0 0 0 0 0 0 0 0 0 0 0 0 0 0 0 0 0 0 0 0 0 0 0 0 0 0 0 0 0 0 0 0 0 0 0 0 0 0 0 0 0 0 0 0 0 0 1 95 4 0 0 0 0 0 0 0 0 0 0 0 0 0 0 0 0 0 0 0 0 0 0 0 
0 0 0 0 0 0 0 0 0 0 0 0 0 0 0 0 0 0 0 0 0 0 0 0 0 0 0 0 0 0 0 0 0 0 0 0 0 0 0 0 0 0 0 0 0 0 0 0 0 0 0 0 0 0 0 0 0 0 0 0 0 0 0 0 0 0 0 0 0 0 0 0 0 0 0 0 1 99 0 0 0 0 0 0 0 0 0 0 0 0 0 0 0 0 0 0 0 0 0 0 
0 0 0 0 0 0 0 0 0 0 0 0 0 0 0 0 0 0 0 0 0 0 0 0 0 0 0 0 0 0 0 0 0 0 0 0 0 0 0 0 0 0 0 0 0 0 0 0 0 0 0 0 0 0 0 0 0 0 0 0 0 0 0 0 0 0 0 0 0 0 0 0 0 0 0 0 0 0 85 11 4 0 0 0 0 0 0 0 0 0 0 0 0 0 0 0 0 0 0 0 
0 0 0 0 0 0 0 0 0 0 0 0 0 0 0 0 0 0 0 0 0 0 0 0 0 0 0 0 0 0 0 0 0 0 0 0 0 0 0 0 0 0 0 0 0 0 0 0 0 0 0 0 0 0 0 0 0 0 0 0 0 0 0 0 0 0 0 0 0 0 0 0 0 0 0 0 0 0 14 86 0 0 0 0 0 0 0 0 0 0 0 0 0 0 0 0 0 0 0 0 
0 0 0 0 0 0 0 0 0 0 0 0 0 0 0 0 0 0 0 0 0 0 0 0 0 0 0 0 0 0 0 0 0 0 0 0 0 0 0 0 0 0 0 0 0 0 0 0 0 0 0 0 0 0 0 0 0 0 0 0 0 0 0 0 0 0 0 0 0 0 0 0 0 0 0 0 0 0 1 3 96 0 0 0 0 0 0 0 0 0 0 0 0 0 0 0 0 0 0 0 
0 0 0 0 0 0 0 0 0 0 0 0 0 0 0 0 0 0 0 0 0 0 0 0 0 0 0 0 0 0 0 0 0 0 0 0 0 0 0 0 0 0 0 0 0 0 0 0 0 0 0 0 0 0 0 0 0 0 0 0 0 0 0 0 0 0 0 0 0 0 0 0 0 0 0 0 0 0 0 0 0 94 6 0 0 0 0 0 0 0 0 0 0 0 0 0 0 0 0 0 
0 0 0 0 0 0 0 0 0 0 0 0 0 0 0 0 0 0 0 0 0 0 0 0 0 0 0 0 0 0 0 0 0 0 0 0 0 0 0 0 0 0 0 0 0 0 0 0 0 0 0 0 0 0 0 0 0 0 0 0 0 0 0 0 0 0 0 0 0 0 0 0 0 0 0 0 0 0 0 0 0 0 0 99 1 0 0 0 0 0 0 0 0 0 0 0 0 0 0 0 
0 0 0 0 0 0 0 0 0 0 0 0 0 0 0 0 0 0 0 0 0 0 0 0 0 0 0 0 0 0 0 0 0 0 0 0 0 0 0 0 0 0 0 0 0 0 0 0 0 0 0 0 0 0 0 0 0 0 0 0 0 0 0 0 0 0 0 0 0 0 0 0 0 0 0 0 0 0 0 0 0 6 94 0 0 0 0 0 0 0 0 0 0 0 0 0 0 0 0 0 
0 0 0 0 0 0 0 0 0 0 0 0 0 0 0 0 0 0 0 0 0 0 0 0 0 0 0 0 0 0 0 0 0 0 0 0 0 0 0 0 0 0 0 0 0 0 0 0 0 0 0 0 0 0 0 0 0 0 0 0 0 0 0 0 0 0 0 0 0 0 0 0 0 0 0 0 0 0 0 0 0 0 0 1 93 6 0 0 0 0 0 0 0 0 0 0 0 0 0 0 
0 0 0 0 0 0 0 0 0 0 0 0 0 0 0 0 0 0 0 0 0 0 0 0 0 0 0 0 0 0 0 0 0 0 0 0 0 0 0 0 0 0 0 0 0 0 0 0 0 0 0 0 0 0 0 0 0 0 0 0 0 0 0 0 0 0 0 0 0 0 0 0 0 0 0 0 0 0 0 0 0 0 0 0 6 94 0 0 0 0 0 0 0 0 0 0 0 0 0 0 
0 0 0 0 0 0 0 0 0 0 0 0 0 0 0 0 0 0 0 0 0 0 0 0 0 0 0 0 0 0 0 0 0 0 0 0 0 0 0 0 0 0 0 0 0 0 0 0 0 0 0 0 0 0 0 0 0 0 0 0 0 0 0 0 0 0 0 0 0 0 0 0 0 0 0 0 0 0 0 0 0 0 0 0 0 0 98 2 0 0 0 0 0 0 0 0 0 0 0 0 
0 0 0 0 0 0 0 0 0 0 0 0 0 0 0 0 0 0 0 0 0 0 0 0 0 0 0 0 0 0 0 0 0 0 0 0 0 0 0 0 0 0 0 0 0 0 0 0 0 0 0 0 0 0 0 0 0 0 0 0 0 0 0 0 0 0 0 0 0 0 0 0 0 0 0 0 0 0 0 0 0 0 0 0 0 0 2 97 1 0 0 0 0 0 0 0 0 0 0 0 
0 0 0 0 0 0 0 0 0 0 0 0 0 0 0 0 0 0 0 0 0 0 0 0 0 0 0 0 0 0 0 0 0 0 0 0 0 0 0 0 0 0 0 0 0 0 0 0 0 0 0 0 0 0 0 0 0 0 0 0 0 0 0 0 0 0 0 0 0 0 0 0 0 0 0 0 0 0 0 0 0 0 0 0 0 0 0 1 95 4 0 0 0 0 0 0 0 0 0 0 
0 0 0 0 0 0 0 0 0 0 0 0 0 0 0 0 0 0 0 0 0 0 0 0 0 0 0 0 0 0 0 0 0 0 0 0 0 0 0 0 0 0 0 0 0 0 0 0 0 0 0 0 0 0 0 0 0 0 0 0 0 0 0 0 0 0 0 0 0 0 0 0 0 0 0 0 0 0 0 0 0 0 0 0 0 0 0 0 0 2 98 0 0 0 0 0 0 0 0 0 
0 0 0 0 0 0 0 0 0 0 0 0 0 0 0 0 0 0 0 0 0 0 0 0 0 0 0 0 0 0 0 0 0 0 0 0 0 0 0 0 0 0 0 0 0 0 0 0 0 0 0 0 0 0 0 0 0 0 0 0 0 0 0 0 0 0 0 0 0 0 0 0 0 0 0 0 0 0 0 0 0 0 0 0 0 0 0 0 4 94 2 0 0 0 0 0 0 0 0 0 
0 0 0 0 0 0 0 0 0 0 0 0 0 0 0 0 0 0 0 0 0 0 0 0 0 0 0 0 0 0 0 0 0 0 0 0 0 0 0 0 0 0 0 0 0 0 0 0 0 0 0 0 0 0 0 0 0 0 0 0 0 0 0 0 0 0 0 0 0 0 0 0 0 0 0 0 0 0 0 0 0 0 0 0 0 0 0 0 0 0 0 99 1 0 0 0 0 0 0 0 
0 0 0 0 0 0 0 0 0 0 0 0 0 0 0 0 0 0 0 0 0 0 0 0 0 0 0 0 0 0 0 0 0 0 0 0 0 0 0 0 0 0 0 0 0 0 0 0 0 0 0 0 0 0 0 0 0 0 0 0 0 0 0 0 0 0 0 0 0 0 0 0 0 0 0 0 0 0 0 0 0 0 0 0 0 0 0 0 0 0 0 0 0 0 0 100 0 0 0 0 
0 0 0 0 0 0 0 0 0 0 0 0 0 0 0 0 0 0 0 0 0 0 0 0 0 0 0 0 0 0 0 0 0 0 0 0 0 0 0 0 0 0 0 0 0 0 0 0 0 0 0 0 0 0 0 0 0 0 0 0 0 0 0 0 0 0 0 0 0 0 0 0 0 0 0 0 0 0 0 0 0 0 0 0 0 0 0 0 0 0 0 1 99 0 0 0 0 0 0 0 
0 0 0 0 0 0 0 0 0 0 0 0 0 0 0 0 0 0 0 0 0 0 0 0 0 0 0 0 0 0 0 0 0 0 0 0 0 0 0 0 0 0 0 0 0 0 0 0 0 0 0 0 0 0 0 0 0 0 0 0 0 0 0 0 0 0 0 0 0 0 0 0 0 0 0 0 0 0 0 0 0 0 0 0 0 0 0 0 0 0 0 0 0 100 0 0 0 0 0 0 
0 0 0 0 0 0 0 0 0 0 0 0 0 0 0 0 0 0 0 0 0 0 0 0 0 0 0 0 0 0 0 0 0 0 0 0 0 0 0 0 0 0 0 0 0 0 0 0 0 0 0 0 0 0 0 0 0 0 0 0 0 0 0 0 0 0 0 0 0 0 0 0 0 0 0 0 0 0 0 0 0 0 0 0 0 0 0 0 0 0 0 0 0 0 100 0 0 0 0 0 
0 0 0 0 0 0 0 0 0 0 0 0 0 0 0 0 0 0 0 0 0 0 0 0 0 0 0 0 0 0 0 0 0 0 0 0 0 0 0 0 0 0 0 0 0 0 0 0 0 0 0 0 0 0 0 0 0 0 0 0 0 0 0 0 0 0 0 0 0 0 0 0 0 0 0 0 0 0 0 0 0 0 0 0 0 0 0 0 0 0 0 0 0 0 0 0 100 0 0 0 
0 0 0 0 0 0 0 0 0 0 0 0 0 0 0 0 0 0 0 0 0 0 0 0 0 0 0 0 0 0 0 0 0 0 0 0 0 0 0 0 0 0 0 0 0 0 0 0 0 0 0 0 0 0 0 0 0 0 0 0 0 0 0 0 0 0 0 0 0 0 0 0 0 0 0 0 0 0 0 0 0 0 0 0 0 0 0 0 0 0 0 0 0 0 0 0 0 100 0 0 
0 0 0 0 0 0 0 0 0 0 0 0 0 0 0 0 0 0 0 0 0 0 0 0 0 0 0 0 0 0 0 0 0 0 0 0 0 0 0 0 0 0 0 0 0 0 0 0 0 0 0 0 0 0 0 0 0 0 0 0 0 0 0 0 0 0 0 0 0 0 0 0 0 0 0 0 0 0 0 0 0 0 0 0 0 0 0 0 0 0 0 0 0 0 0 0 0 0 0 100 
0 0 0 0 0 0 0 0 0 0 0 0 0 0 0 0 0 0 0 0 0 0 0 0 0 0 0 0 0 0 0 0 0 0 0 0 0 0 0 0 0 0 0 0 0 0 0 0 0 0 0 0 0 0 0 0 0 0 0 0 0 0 0 0 0 0 0 0 0 0 0 0 0 0 0 0 0 0 0 0 0 0 0 0 0 0 0 0 0 0 0 0 0 0 0 0 0 0 100 0 

Pair-order violations matrix
0 0 0 0 0 0 0 0 0 0 0 0 0 0 0 0 0 0 0 0 0 0 0 0 0 0 0 0 0 0 0 0 0 0 0 0 0 0 0 0 0 0 0 0 0 0 0 0 0 0 0 0 0 0 0 0 0 0 0 0 0 0 0 0 0 0 0 0 0 0 0 0 0 0 0 0 0 0 0 0 0 0 0 0 0 0 0 0 0 0 0 0 0 0 0 0 0 0 0 0 
0 0 0 0 0 0 0 0 0 0 0 0 0 0 0 0 0 0 0 0 0 0 0 0 0 0 0 0 0 0 0 0 0 0 0 0 0 0 0 0 0 0 0 0 0 0 0 0 0 0 0 0 0 0 0 0 0 0 0 0 0 0 0 0 0 0 0 0 0 0 0 0 0 0 0 0 0 0 0 0 0 0 0 0 0 0 0 0 0 0 0 0 0 0 0 0 0 0 0 0 
0 0 0 0 0 0 0 0 0 0 0 0 0 0 0 0 0 0 0 0 0 0 0 0 0 0 0 0 0 0 0 0 0 0 0 0 0 0 0 0 0 0 0 0 0 0 0 0 0 0 0 0 0 0 0 0 0 0 0 0 0 0 0 0 0 0 0 0 0 0 0 0 0 0 0 0 0 0 0 0 0 0 0 0 0 0 0 0 0 0 0 0 0 0 0 0 0 0 0 0 
0 0 0 0 0 0 0 0 0 0 0 0 0 0 0 0 0 0 0 0 0 0 0 0 0 0 0 0 0 0 0 0 0 0 0 0 0 0 0 0 0 0 0 0 0 0 0 0 0 0 0 0 0 0 0 0 0 0 0 0 0 0 0 0 0 0 0 0 0 0 0 0 0 0 0 0 0 0 0 0 0 0 0 0 0 0 0 0 0 0 0 0 0 0 0 0 0 0 0 0 
0 0 0 0 0 0 0 0 0 0 0 0 0 0 0 0 0 0 0 0 0 0 0 0 0 0 0 0 0 0 0 0 0 0 0 0 0 0 0 0 0 0 0 0 0 0 0 0 0 0 0 0 0 0 0 0 0 0 0 0 0 0 0 0 0 0 0 0 0 0 0 0 0 0 0 0 0 0 0 0 0 0 0 0 0 0 0 0 0 0 0 0 0 0 0 0 0 0 0 0 
0 0 0 0 0 0 2 0 0 0 0 0 0 0 0 0 0 0 0 0 0 0 0 0 0 0 0 0 0 0 0 0 0 0 0 0 0 0 0 0 0 0 0 0 0 0 0 0 0 0 0 0 0 0 0 0 0 0 0 0 0 0 0 0 0 0 0 0 0 0 0 0 0 0 0 0 0 0 0 0 0 0 0 0 0 0 0 0 0 0 0 0 0 0 0 0 0 0 0 0 
0 0 0 0 0 2 0 0 0 0 0 0 0 0 0 0 0 0 0 0 0 0 0 0 0 0 0 0 0 0 0 0 0 0 0 0 0 0 0 0 0 0 0 0 0 0 0 0 0 0 0 0 0 0 0 0 0 0 0 0 0 0 0 0 0 0 0 0 0 0 0 0 0 0 0 0 0 0 0 0 0 0 0 0 0 0 0 0 0 0 0 0 0 0 0 0 0 0 0 0 
0 0 0 0 0 0 0 0 0 0 0 0 0 0 0 0 0 0 0 0 0 0 0 0 0 0 0 0 0 0 0 0 0 0 0 0 0 0 0 0 0 0 0 0 0 0 0 0 0 0 0 0 0 0 0 0 0 0 0 0 0 0 0 0 0 0 0 0 0 0 0 0 0 0 0 0 0 0 0 0 0 0 0 0 0 0 0 0 0 0 0 0 0 0 0 0 0 0 0 0 
0 0 0 0 0 0 0 0 0 4 0 0 0 0 0 0 0 0 0 0 0 0 0 0 0 0 0 0 0 0 0 0 0 0 0 0 0 0 0 0 0 0 0 0 0 0 0 0 0 0 0 0 0 0 0 0 0 0 0 0 0 0 0 0 0 0 0 0 0 0 0 0 0 0 0 0 0 0 0 0 0 0 0 0 0 0 0 0 0 0 0 0 0 0 0 0 0 0 0 0 
0 0 0 0 0 0 0 0 4 0 0 0 0 0 0 0 0 0 0 0 0 0 0 0 0 0 0 0 0 0 0 0 0 0 0 0 0 0 0 0 0 0 0 0 0 0 0 0 0 0 0 0 0 0 0 0 0 0 0 0 0 0 0 0 0 0 0 0 0 0 0 0 0 0 0 0 0 0 0 0 0 0 0 0 0 0 0 0 0 0 0 0 0 0 0 0 0 0 0 0 
0 0 0 0 0 0 0 0 0 0 0 0 0 0 0 0 0 0 0 0 0 0 0 0 0 0 0 0 0 0 0 0 0 0 0 0 0 0 0 0 0 0 0 0 0 0 0 0 0 0 0 0 0 0 0 0 0 0 0 0 0 0 0 0 0 0 0 0 0 0 0 0 0 0 0 0 0 0 0 0 0 0 0 0 0 0 0 0 0 0 0 0 0 0 0 0 0 0 0 0 
0 0 0 0 0 0 0 0 0 0 0 0 0 0 0 0 0 0 0 0 0 0 0 0 0 0 0 0 0 0 0 0 0 0 0 0 0 0 0 0 0 0 0 0 0 0 0 0 0 0 0 0 0 0 0 0 0 0 0 0 0 0 0 0 0 0 0 0 0 0 0 0 0 0 0 0 0 0 0 0 0 0 0 0 0 0 0 0 0 0 0 0 0 0 0 0 0 0 0 0 
0 0 0 0 0 0 0 0 0 0 0 0 0 99 1 0 0 0 0 0 0 0 0 0 0 0 0 0 0 0 0 0 0 0 0 0 0 0 0 0 0 0 0 0 0 0 0 0 0 0 0 0 0 0 0 0 0 0 0 0 0 0 0 0 0 0 0 0 0 0 0 0 0 0 0 0 0 0 0 0 0 0 0 0 0 0 0 0 0 0 0 0 0 0 0 0 0 0 0 0 
0 0 0 0 0 0 0 0 0 0 0 0 99 0 1 0 0 0 0 0 0 0 0 0 0 0 0 0 0 0 0 0 0 0 0 0 0 0 0 0 0 0 0 0 0 0 0 0 0 0 0 0 0 0 0 0 0 0 0 0 0 0 0 0 0 0 0 0 0 0 0 0 0 0 0 0 0 0 0 0 0 0 0 0 0 0 0 0 0 0 0 0 0 0 0 0 0 0 0 0 
0 0 0 0 0 0 0 0 0 0 0 0 1 1 0 95 99 0 0 0 0 0 0 0 0 0 0 0 0 0 0 0 0 0 0 0 0 0 0 0 0 0 0 0 0 0 0 0 0 0 0 0 0 0 0 0 0 0 0 0 0 0 0 0 0 0 0 0 0 0 0 0 0 0 0 0 0 0 0 0 0 0 0 0 0 0 0 0 0 0 0 0 0 0 0 0 0 0 0 0 
0 0 0 0 0 0 0 0 0 0 0 0 0 0 95 0 99 0 0 0 0 0 0 0 0 0 0 0 0 0 0 0 0 0 0 0 0 0 0 0 0 0 0 0 0 0 0 0 0 0 0 0 0 0 0 0 0 0 0 0 0 0 0 0 0 0 0 0 0 0 0 0 0 0 0 0 0 0 0 0 0 0 0 0 0 0 0 0 0 0 0 0 0 0 0 0 0 0 0 0 
0 0 0 0 0 0 0 0 0 0 0 0 0 0 99 99 0 0 0 0 0 0 0 0 0 0 0 0 0 0 0 0 0 0 0 0 0 0 0 0 0 0 0 0 0 0 0 0 0 0 0 0 0 0 0 0 0 0 0 0 0 0 0 0 0 0 0 0 0 0 0 0 0 0 0 0 0 0 0 0 0 0 0 0 0 0 0 0 0 0 0 0 0 0 0 0 0 0 0 0 
0 0 0 0 0 0 0 0 0 0 0 0 0 0 0 0 0 0 0 0 0 0 0 0 0 0 0 0 0 0 0 0 0 0 0 0 0 0 0 0 0 0 0 0 0 0 0 0 0 0 0 0 0 0 0 0 0 0 0 0 0 0 0 0 0 0 0 0 0 0 0 0 0 0 0 0 0 0 0 0 0 0 0 0 0 0 0 0 0 0 0 0 0 0 0 0 0 0 0 0 
0 0 0 0 0 0 0 0 0 0 0 0 0 0 0 0 0 0 0 2 0 0 0 0 0 0 0 0 0 0 0 0 0 0 0 0 0 0 0 0 0 0 0 0 0 0 0 0 0 0 0 0 0 0 0 0 0 0 0 0 0 0 0 0 0 0 0 0 0 0 0 0 0 0 0 0 0 0 0 0 0 0 0 0 0 0 0 0 0 0 0 0 0 0 0 0 0 0 0 0 
0 0 0 0 0 0 0 0 0 0 0 0 0 0 0 0 0 0 2 0 7 0 0 0 0 0 0 0 0 0 0 0 0 0 0 0 0 0 0 0 0 0 0 0 0 0 0 0 0 0 0 0 0 0 0 0 0 0 0 0 0 0 0 0 0 0 0 0 0 0 0 0 0 0 0 0 0 0 0 0 0 0 0 0 0 0 0 0 0 0 0 0 0 0 0 0 0 0 0 0 
0 0 0 0 0 0 0 0 0 0 0 0 0 0 0 0 0 0 0 7 0 1 0 0 0 0 0 0 0 0 0 0 0 0 0 0 0 0 0 0 0 0 0 0 0 0 0 0 0 0 0 0 0 0 0 0 0 0 0 0 0 0 0 0 0 0 0 0 0 0 0 0 0 0 0 0 0 0 0 0 0 0 0 0 0 0 0 0 0 0 0 0 0 0 0 0 0 0 0 0 
0 0 0 0 0 0 0 0 0 0 0 0 0 0 0 0 0 0 0 0 1 0 4 0 0 0 0 0 0 0 0 0 0 0 0 0 0 0 0 0 0 0 0 0 0 0 0 0 0 0 0 0 0 0 0 0 0 0 0 0 0 0 0 0 0 0 0 0 0 0 0 0 0 0 0 0 0 0 0 0 0 0 0 0 0 0 0 0 0 0 0 0 0 0 0 0 0 0 0 0 
0 0 0 0 0 0 0 0 0 0 0 0 0 0 0 0 0 0 0 0 0 4 0 0 0 0 0 0 0 0 0 0 0 0 0 0 0 0 0 0 0 0 0 0 0 0 0 0 0 0 0 0 0 0 0 0 0 0 0 0 0 0 0 0 0 0 0 0 0 0 0 0 0 0 0 0 0 0 0 0 0 0 0 0 0 0 0 0 0 0 0 0 0 0 0 0 0 0 0 0 
0 0 0 0 0 0 0 0 0 0 0 0 0 0 0 0 0 0 0 0 0 0 0 0 1 0 0 0 0 0 0 0 0 0 0 0 0 0 0 0 0 0 0 0 0 0 0 0 0 0 0 0 0 0 0 0 0 0 0 0 0 0 0 0 0 0 0 0 0 0 0 0 0 0 0 0 0 0 0 0 0 0 0 0 0 0 0 0 0 0 0 0 0 0 0 0 0 0 0 0 
0 0 0 0 0 0 0 0 0 0 0 0 0 0 0 0 0 0 0 0 0 0 0 1 0 0 0 0 0 0 0 0 0 0 0 0 0 0 0 0 0 0 0 0 0 0 0 0 0 0 0 0 0 0 0 0 0 0 0 0 0 0 0 0 0 0 0 0 0 0 0 0 0 0 0 0 0 0 0 0 0 0 0 0 0 0 0 0 0 0 0 0 0 0 0 0 0 0 0 0 
0 0 0 0 0 0 0 0 0 0 0 0 0 0 0 0 0 0 0 0 0 0 0 0 0 0 0 95 0 0 0 0 0 0 0 0 0 0 0 0 0 0 0 0 0 0 0 0 0 0 0 0 0 0 0 0 0 0 0 0 0 0 0 0 0 0 0 0 0 0 0 0 0 0 0 0 0 0 0 0 0 0 0 0 0 0 0 0 0 0 0 0 0 0 0 0 0 0 0 0 
0 0 0 0 0 0 0 0 0 0 0 0 0 0 0 0 0 0 0 0 0 0 0 0 0 0 0 100 1 1 0 0 0 0 0 0 0 0 0 0 0 0 0 0 0 0 0 0 0 0 0 0 0 0 0 0 0 0 0 0 0 0 0 0 0 0 0 0 0 0 0 0 0 0 0 0 0 0 0 0 0 0 0 0 0 0 0 0 0 0 0 0 0 0 0 0 0 0 0 0 
0 0 0 0 0 0 0 0 0 0 0 0 0 0 0 0 0 0 0 0 0 0 0 0 0 95 100 0 0 0 0 0 0 0 0 0 0 0 0 0 0 0 0 0 0 0 0 0 0 0 0 0 0 0 0 0 0 0 0 0 0 0 0 0 0 0 0 0 0 0 0 0 0 0 0 0 0 0 0 0 0 0 0 0 0 0 0 0 0 0 0 0 0 0 0 0 0 0 0 0 
0 0 0 0 0 0 0 0 0 0 0 0 0 0 0 0 0 0 0 0 0 0 0 0 0 0 1 0 0 3 0 0 0 0 0 0 0 0 0 0 0 0 0 0 0 0 0 0 0 0 0 0 0 0 0 0 0 0 0 0 0 0 0 0 0 0 0 0 0 0 0 0 0 0 0 0 0 0 0 0 0 0 0 0 0 0 0 0 0 0 0 0 0 0 0 0 0 0 0 0 
0 0 0 0 0 0 0 0 0 0 0 0 0 0 0 0 0 0 0 0 0 0 0 0 0 0 1 0 3 0 11 0 0 0 0 0 0 0 0 0 0 0 0 0 0 0 0 0 0 0 0 0 0 0 0 0 0 0 0 0 0 0 0 0 0 0 0 0 0 0 0 0 0 0 0 0 0 0 0 0 0 0 0 0 0 0 0 0 0 0 0 0 0 0 0 0 0 0 0 0 
0 0 0 0 0 0 0 0 0 0 0 0 0 0 0 0 0 0 0 0 0 0 0 0 0 0 0 0 0 11 0 0 0 0 0 0 0 0 0 0 0 0 0 0 0 0 0 0 0 0 0 0 0 0 0 0 0 0 0 0 0 0 0 0 0 0 0 0 0 0 0 0 0 0 0 0 0 0 0 0 0 0 0 0 0 0 0 0 0 0 0 0 0 0 0 0 0 0 0 0 
0 0 0 0 0 0 0 0 0 0 0 0 0 0 0 0 0 0 0 0 0 0 0 0 0 0 0 0 0 0 0 0 92 0 0 0 0 0 0 0 0 0 0 0 0 0 0 0 0 0 0 0 0 0 0 0 0 0 0 0 0 0 0 0 0 0 0 0 0 0 0 0 0 0 0 0 0 0 0 0 0 0 0 0 0 0 0 0 0 0 0 0 0 0 0 0 0 0 0 0 
0 0 0 0 0 0 0 0 0 0 0 0 0 0 0 0 0 0 0 0 0 0 0 0 0 0 0 0 0 0 0 92 0 0 0 0 0 0 0 0 0 0 0 0 0 0 0 0 0 0 0 0 0 0 0 0 0 0 0 0 0 0 0 0 0 0 0 0 0 0 0 0 0 0 0 0 0 0 0 0 0 0 0 0 0 0 0 0 0 0 0 0 0 0 0 0 0 0 0 0 
0 0 0 0 0 0 0 0 0 0 0 0 0 0 0 0 0 0 0 0 0 0 0 0 0 0 0 0 0 0 0 0 0 0 1 0 0 0 0 0 0 0 0 0 0 0 0 0 0 0 0 0 0 0 0 0 0 0 0 0 0 0 0 0 0 0 0 0 0 0 0 0 0 0 0 0 0 0 0 0 0 0 0 0 0 0 0 0 0 0 0 0 0 0 0 0 0 0 0 0 
0 0 0 0 0 0 0 0 0 0 0 0 0 0 0 0 0 0 0 0 0 0 0 0 0 0 0 0 0 0 0 0 0 1 0 3 0 0 0 0 0 0 0 0 0 0 0 0 0 0 0 0 0 0 0 0 0 0 0 0 0 0 0 0 0 0 0 0 0 0 0 0 0 0 0 0 0 0 0 0 0 0 0 0 0 0 0 0 0 0 0 0 0 0 0 0 0 0 0 0 
0 0 0 0 0 0 0 0 0 0 0 0 0 0 0 0 0 0 0 0 0 0 0 0 0 0 0 0 0 0 0 0 0 0 3 0 7 0 0 0 0 0 0 0 0 0 0 0 0 0 0 0 0 0 0 0 0 0 0 0 0 0 0 0 0 0 0 0 0 0 0 0 0 0 0 0 0 0 0 0 0 0 0 0 0 0 0 0 0 0 0 0 0 0 0 0 0 0 0 0 
0 0 0 0 0 0 0 0 0 0 0 0 0 0 0 0 0 0 0 0 0 0 0 0 0 0 0 0 0 0 0 0 0 0 0 7 0 0 0 0 0 0 0 0 0 0 0 0 0 0 0 0 0 0 0 0 0 0 0 0 0 0 0 0 0 0 0 0 0 0 0 0 0 0 0 0 0 0 0 0 0 0 0 0 0 0 0 0 0 0 0 0 0 0 0 0 0 0 0 0 
0 0 0 0 0 0 0 0 0 0 0 0 0 0 0 0 0 0 0 0 0 0 0 0 0 0 0 0 0 0 0 0 0 0 0 0 0 0 2 0 0 0 0 0 0 0 0 0 0 0 0 0 0 0 0 0 0 0 0 0 0 0 0 0 0 0 0 0 0 0 0 0 0 0 0 0 0 0 0 0 0 0 0 0 0 0 0 0 0 0 0 0 0 0 0 0 0 0 0 0 
0 0 0 0 0 0 0 0 0 0 0 0 0 0 0 0 0 0 0 0 0 0 0 0 0 0 0 0 0 0 0 0 0 0 0 0 0 2 0 5 0 0 0 0 0 0 0 0 0 0 0 0 0 0 0 0 0 0 0 0 0 0 0 0 0 0 0 0 0 0 0 0 0 0 0 0 0 0 0 0 0 0 0 0 0 0 0 0 0 0 0 0 0 0 0 0 0 0 0 0 
0 0 0 0 0 0 0 0 0 0 0 0 0 0 0 0 0 0 0 0 0 0 0 0 0 0 0 0 0 0 0 0 0 0 0 0 0 0 5 0 1 0 0 0 0 0 0 0 0 0 0 0 0 0 0 0 0 0 0 0 0 0 0 0 0 0 0 0 0 0 0 0 0 0 0 0 0 0 0 0 0 0 0 0 0 0 0 0 0 0 0 0 0 0 0 0 0 0 0 0 
0 0 0 0 0 0 0 0 0 0 0 0 0 0 0 0 0 0 0 0 0 0 0 0 0 0 0 0 0 0 0 0 0 0 0 0 0 0 0 1 0 2 0 0 0 0 0 0 0 0 0 0 0 0 0 0 0 0 0 0 0 0 0 0 0 0 0 0 0 0 0 0 0 0 0 0 0 0 0 0 0 0 0 0 0 0 0 0 0 0 0 0 0 0 0 0 0 0 0 0 
0 0 0 0 0 0 0 0 0 0 0 0 0 0 0 0 0 0 0 0 0 0 0 0 0 0 0 0 0 0 0 0 0 0 0 0 0 0 0 0 2 0 0 9 0 0 0 0 0 0 0 0 0 0 0 0 0 0 0 0 0 0 0 0 0 0 0 0 0 0 0 0 0 0 0 0 0 0 0 0 0 0 0 0 0 0 0 0 0 0 0 0 0 0 0 0 0 0 0 0 
0 0 0 0 0 0 0 0 0 0 0 0 0 0 0 0 0 0 0 0 0 0 0 0 0 0 0 0 0 0 0 0 0 0 0 0 0 0 0 0 0 0 0 97 0 0 0 0 0 0 0 0 0 0 0 0 0 0 0 0 0 0 0 0 0 0 0 0 0 0 0 0 0 0 0 0 0 0 0 0 0 0 0 0 0 0 0 0 0 0 0 0 0 0 0 0 0 0 0 0 
0 0 0 0 0 0 0 0 0 0 0 0 0 0 0 0 0 0 0 0 0 0 0 0 0 0 0 0 0 0 0 0 0 0 0 0 0 0 0 0 0 9 97 0 0 0 0 0 0 0 0 0 0 0 0 0 0 0 0 0 0 0 0 0 0 0 0 0 0 0 0 0 0 0 0 0 0 0 0 0 0 0 0 0 0 0 0 0 0 0 0 0 0 0 0 0 0 0 0 0 
0 0 0 0 0 0 0 0 0 0 0 0 0 0 0 0 0 0 0 0 0 0 0 0 0 0 0 0 0 0 0 0 0 0 0 0 0 0 0 0 0 0 0 0 0 100 93 0 1 0 0 0 0 0 0 0 0 0 0 0 0 0 0 0 0 0 0 0 0 0 0 0 0 0 0 0 0 0 0 0 0 0 0 0 0 0 0 0 0 0 0 0 0 0 0 0 0 0 0 0 
0 0 0 0 0 0 0 0 0 0 0 0 0 0 0 0 0 0 0 0 0 0 0 0 0 0 0 0 0 0 0 0 0 0 0 0 0 0 0 0 0 0 0 0 100 0 3 0 0 0 0 0 0 0 0 0 0 0 0 0 0 0 0 0 0 0 0 0 0 0 0 0 0 0 0 0 0 0 0 0 0 0 0 0 0 0 0 0 0 0 0 0 0 0 0 0 0 0 0 0 
0 0 0 0 0 0 0 0 0 0 0 0 0 0 0 0 0 0 0 0 0 0 0 0 0 0 0 0 0 0 0 0 0 0 0 0 0 0 0 0 0 0 0 0 93 3 0 0 2 0 0 0 0 0 0 0 0 0 0 0 0 0 0 0 0 0 0 0 0 0 0 0 0 0 0 0 0 0 0 0 0 0 0 0 0 0 0 0 0 0 0 0 0 0 0 0 0 0 0 0 
0 0 0 0 0 0 0 0 0 0 0 0 0 0 0 0 0 0 0 0 0 0 0 0 0 0 0 0 0 0 0 0 0 0 0 0 0 0 0 0 0 0 0 0 0 0 0 0 94 0 1 0 0 0 0 0 0 0 0 0 0 0 0 0 0 0 0 0 0 0 0 0 0 0 0 0 0 0 0 0 0 0 0 0 0 0 0 0 0 0 0 0 0 0 0 0 0 0 0 0 
0 0 0 0 0 0 0 0 0 0 0 0 0 0 0 0 0 0 0 0 0 0 0 0 0 0 0 0 0 0 0 0 0 0 0 0 0 0 0 0 0 0 0 0 1 0 2 94 0 0 0 0 0 0 0 0 0 0 0 0 0 0 0 0 0 0 0 0 0 0 0 0 0 0 0 0 0 0 0 0 0 0 0 0 0 0 0 0 0 0 0 0 0 0 0 0 0 0 0 0 
0 0 0 0 0 0 0 0 0 0 0 0 0 0 0 0 0 0 0 0 0 0 0 0 0 0 0 0 0 0 0 0 0 0 0 0 0 0 0 0 0 0 0 0 0 0 0 0 0 0 90 0 0 0 0 0 0 0 0 0 0 0 0 0 0 0 0 0 0 0 0 0 0 0 0 0 0 0 0 0 0 0 0 0 0 0 0 0 0 0 0 0 0 0 0 0 0 0 0 0 
0 0 0 0 0 0 0 0 0 0 0 0 0 0 0 0 0 0 0 0 0 0 0 0 0 0 0 0 0 0 0 0 0 0 0 0 0 0 0 0 0 0 0 0 0 0 0 1 0 90 0 0 0 0 0 0 0 0 0 0 0 0 0 0 0 0 0 0 0 0 0 0 0 0 0 0 0 0 0 0 0 0 0 0 0 0 0 0 0 0 0 0 0 0 0 0 0 0 0 0 
0 0 0 0 0 0 0 0 0 0 0 0 0 0 0 0 0 0 0 0 0 0 0 0 0 0 0 0 0 0 0 0 0 0 0 0 0 0 0 0 0 0 0 0 0 0 0 0 0 0 0 0 0 94 3 0 0 0 0 0 0 0 0 0 0 0 0 0 0 0 0 0 0 0 0 0 0 0 0 0 0 0 0 0 0 0 0 0 0 0 0 0 0 0 0 0 0 0 0 0 
0 0 0 0 0 0 0 0 0 0 0 0 0 0 0 0 0 0 0 0 0 0 0 0 0 0 0 0 0 0 0 0 0 0 0 0 0 0 0 0 0 0 0 0 0 0 0 0 0 0 0 0 0 100 90 3 0 0 0 0 0 0 0 0 0 0 0 0 0 0 0 0 0 0 0 0 0 0 0 0 0 0 0 0 0 0 0 0 0 0 0 0 0 0 0 0 0 0 0 0 
0 0 0 0 0 0 0 0 0 0 0 0 0 0 0 0 0 0 0 0 0 0 0 0 0 0 0 0 0 0 0 0 0 0 0 0 0 0 0 0 0 0 0 0 0 0 0 0 0 0 0 94 100 0 0 0 0 0 0 0 0 0 0 0 0 0 0 0 0 0 0 0 0 0 0 0 0 0 0 0 0 0 0 0 0 0 0 0 0 0 0 0 0 0 0 0 0 0 0 0 
0 0 0 0 0 0 0 0 0 0 0 0 0 0 0 0 0 0 0 0 0 0 0 0 0 0 0 0 0 0 0 0 0 0 0 0 0 0 0 0 0 0 0 0 0 0 0 0 0 0 0 3 90 0 0 0 0 0 0 0 0 0 0 0 0 0 0 0 0 0 0 0 0 0 0 0 0 0 0 0 0 0 0 0 0 0 0 0 0 0 0 0 0 0 0 0 0 0 0 0 
0 0 0 0 0 0 0 0 0 0 0 0 0 0 0 0 0 0 0 0 0 0 0 0 0 0 0 0 0 0 0 0 0 0 0 0 0 0 0 0 0 0 0 0 0 0 0 0 0 0 0 0 3 0 0 0 0 0 0 0 0 0 0 0 0 0 0 0 0 0 0 0 0 0 0 0 0 0 0 0 0 0 0 0 0 0 0 0 0 0 0 0 0 0 0 0 0 0 0 0 
0 0 0 0 0 0 0 0 0 0 0 0 0 0 0 0 0 0 0 0 0 0 0 0 0 0 0 0 0 0 0 0 0 0 0 0 0 0 0 0 0 0 0 0 0 0 0 0 0 0 0 0 0 0 0 0 0 7 0 0 0 0 0 0 0 0 0 0 0 0 0 0 0 0 0 0 0 0 0 0 0 0 0 0 0 0 0 0 0 0 0 0 0 0 0 0 0 0 0 0 
0 0 0 0 0 0 0 0 0 0 0 0 0 0 0 0 0 0 0 0 0 0 0 0 0 0 0 0 0 0 0 0 0 0 0 0 0 0 0 0 0 0 0 0 0 0 0 0 0 0 0 0 0 0 0 0 7 0 0 0 0 0 0 0 0 0 0 0 0 0 0 0 0 0 0 0 0 0 0 0 0 0 0 0 0 0 0 0 0 0 0 0 0 0 0 0 0 0 0 0 
0 0 0 0 0 0 0 0 0 0 0 0 0 0 0 0 0 0 0 0 0 0 0 0 0 0 0 0 0 0 0 0 0 0 0 0 0 0 0 0 0 0 0 0 0 0 0 0 0 0 0 0 0 0 0 0 0 0 0 3 100 0 0 0 0 0 0 0 0 0 0 0 0 0 0 0 0 0 0 0 0 0 0 0 0 0 0 0 0 0 0 0 0 0 0 0 0 0 0 0 
0 0 0 0 0 0 0 0 0 0 0 0 0 0 0 0 0 0 0 0 0 0 0 0 0 0 0 0 0 0 0 0 0 0 0 0 0 0 0 0 0 0 0 0 0 0 0 0 0 0 0 0 0 0 0 0 0 0 3 0 99 0 0 0 0 0 0 0 0 0 0 0 0 0 0 0 0 0 0 0 0 0 0 0 0 0 0 0 0 0 0 0 0 0 0 0 0 0 0 0 
0 0 0 0 0 0 0 0 0 0 0 0 0 0 0 0 0 0 0 0 0 0 0 0 0 0 0 0 0 0 0 0 0 0 0 0 0 0 0 0 0 0 0 0 0 0 0 0 0 0 0 0 0 0 0 0 0 0 100 99 0 0 0 0 0 0 0 0 0 0 0 0 0 0 0 0 0 0 0 0 0 0 0 0 0 0 0 0 0 0 0 0 0 0 0 0 0 0 0 0 
0 0 0 0 0 0 0 0 0 0 0 0 0 0 0 0 0 0 0 0 0 0 0 0 0 0 0 0 0 0 0 0 0 0 0 0 0 0 0 0 0 0 0 0 0 0 0 0 0 0 0 0 0 0 0 0 0 0 0 0 0 0 1 0 0 0 0 0 0 0 0 0 0 0 0 0 0 0 0 0 0 0 0 0 0 0 0 0 0 0 0 0 0 0 0 0 0 0 0 0 
0 0 0 0 0 0 0 0 0 0 0 0 0 0 0 0 0 0 0 0 0 0 0 0 0 0 0 0 0 0 0 0 0 0 0 0 0 0 0 0 0 0 0 0 0 0 0 0 0 0 0 0 0 0 0 0 0 0 0 0 0 1 0 16 0 0 0 0 0 0 0 0 0 0 0 0 0 0 0 0 0 0 0 0 0 0 0 0 0 0 0 0 0 0 0 0 0 0 0 0 
0 0 0 0 0 0 0 0 0 0 0 0 0 0 0 0 0 0 0 0 0 0 0 0 0 0 0 0 0 0 0 0 0 0 0 0 0 0 0 0 0 0 0 0 0 0 0 0 0 0 0 0 0 0 0 0 0 0 0 0 0 0 16 0 0 0 0 0 0 0 0 0 0 0 0 0 0 0 0 0 0 0 0 0 0 0 0 0 0 0 0 0 0 0 0 0 0 0 0 0 
0 0 0 0 0 0 0 0 0 0 0 0 0 0 0 0 0 0 0 0 0 0 0 0 0 0 0 0 0 0 0 0 0 0 0 0 0 0 0 0 0 0 0 0 0 0 0 0 0 0 0 0 0 0 0 0 0 0 0 0 0 0 0 0 0 4 1 0 0 0 0 0 0 0 0 0 0 0 0 0 0 0 0 0 0 0 0 0 0 0 0 0 0 0 0 0 0 0 0 0 
0 0 0 0 0 0 0 0 0 0 0 0 0 0 0 0 0 0 0 0 0 0 0 0 0 0 0 0 0 0 0 0 0 0 0 0 0 0 0 0 0 0 0 0 0 0 0 0 0 0 0 0 0 0 0 0 0 0 0 0 0 0 0 0 4 0 0 2 0 0 0 0 0 0 0 0 0 0 0 0 0 0 0 0 0 0 0 0 0 0 0 0 0 0 0 0 0 0 0 0 
0 0 0 0 0 0 0 0 0 0 0 0 0 0 0 0 0 0 0 0 0 0 0 0 0 0 0 0 0 0 0 0 0 0 0 0 0 0 0 0 0 0 0 0 0 0 0 0 0 0 0 0 0 0 0 0 0 0 0 0 0 0 0 0 1 0 0 5 0 0 0 0 0 0 0 0 0 0 0 0 0 0 0 0 0 0 0 0 0 0 0 0 0 0 0 0 0 0 0 0 
0 0 0 0 0 0 0 0 0 0 0 0 0 0 0 0 0 0 0 0 0 0 0 0 0 0 0 0 0 0 0 0 0 0 0 0 0 0 0 0 0 0 0 0 0 0 0 0 0 0 0 0 0 0 0 0 0 0 0 0 0 0 0 0 0 2 5 0 0 0 0 0 0 0 0 0 0 0 0 0 0 0 0 0 0 0 0 0 0 0 0 0 0 0 0 0 0 0 0 0 
0 0 0 0 0 0 0 0 0 0 0 0 0 0 0 0 0 0 0 0 0 0 0 0 0 0 0 0 0 0 0 0 0 0 0 0 0 0 0 0 0 0 0 0 0 0 0 0 0 0 0 0 0 0 0 0 0 0 0 0 0 0 0 0 0 0 0 0 0 7 0 0 0 0 0 0 0 0 0 0 0 0 0 0 0 0 0 0 0 0 0 0 0 0 0 0 0 0 0 0 
0 0 0 0 0 0 0 0 0 0 0 0 0 0 0 0 0 0 0 0 0 0 0 0 0 0 0 0 0 0 0 0 0 0 0 0 0 0 0 0 0 0 0 0 0 0 0 0 0 0 0 0 0 0 0 0 0 0 0 0 0 0 0 0 0 0 0 0 7 0 1 0 0 0 0 0 0 0 0 0 0 0 0 0 0 0 0 0 0 0 0 0 0 0 0 0 0 0 0 0 
0 0 0 0 0 0 0 0 0 0 0 0 0 0 0 0 0 0 0 0 0 0 0 0 0 0 0 0 0 0 0 0 0 0 0 0 0 0 0 0 0 0 0 0 0 0 0 0 0 0 0 0 0 0 0 0 0 0 0 0 0 0 0 0 0 0 0 0 0 1 0 0 4 0 0 0 0 0 0 0 0 0 0 0 0 0 0 0 0 0 0 0 0 0 0 0 0 0 0 0 
0 0 0 0 0 0 0 0 0 0 0 0 0 0 0 0 0 0 0 0 0 0 0 0 0 0 0 0 0 0 0 0 0 0 0 0 0 0 0 0 0 0 0 0 0 0 0 0 0 0 0 0 0 0 0 0 0 0 0 0 0 0 0 0 0 0 0 0 0 0 0 0 100 97 98 0 1 0 0 0 0 0 0 0 0 0 0 0 0 0 0 0 0 0 0 0 0 0 0 0 
0 0 0 0 0 0 0 0 0 0 0 0 0 0 0 0 0 0 0 0 0 0 0 0 0 0 0 0 0 0 0 0 0 0 0 0 0 0 0 0 0 0 0 0 0 0 0 0 0 0 0 0 0 0 0 0 0 0 0 0 0 0 0 0 0 0 0 0 0 0 4 100 0 0 3 0 0 0 0 0 0 0 0 0 0 0 0 0 0 0 0 0 0 0 0 0 0 0 0 0 
0 0 0 0 0 0 0 0 0 0 0 0 0 0 0 0 0 0 0 0 0 0 0 0 0 0 0 0 0 0 0 0 0 0 0 0 0 0 0 0 0 0 0 0 0 0 0 0 0 0 0 0 0 0 0 0 0 0 0 0 0 0 0 0 0 0 0 0 0 0 0 97 0 0 16 0 0 0 0 0 0 0 0 0 0 0 0 0 0 0 0 0 0 0 0 0 0 0 0 0 
0 0 0 0 0 0 0 0 0 0 0 0 0 0 0 0 0 0 0 0 0 0 0 0 0 0 0 0 0 0 0 0 0 0 0 0 0 0 0 0 0 0 0 0 0 0 0 0 0 0 0 0 0 0 0 0 0 0 0 0 0 0 0 0 0 0 0 0 0 0 0 98 3 16 0 0 0 0 0 0 0 0 0 0 0 0 0 0 0 0 0 0 0 0 0 0 0 0 0 0 
0 0 0 0 0 0 0 0 0 0 0 0 0 0 0 0 0 0 0 0 0 0 0 0 0 0 0 0 0 0 0 0 0 0 0 0 0 0 0 0 0 0 0 0 0 0 0 0 0 0 0 0 0 0 0 0 0 0 0 0 0 0 0 0 0 0 0 0 0 0 0 0 0 0 0 0 96 1 0 0 0 0 0 0 0 0 0 0 0 0 0 0 0 0 0 0 0 0 0 0 
0 0 0 0 0 0 0 0 0 0 0 0 0 0 0 0 0 0 0 0 0 0 0 0 0 0 0 0 0 0 0 0 0 0 0 0 0 0 0 0 0 0 0 0 0 0 0 0 0 0 0 0 0 0 0 0 0 0 0 0 0 0 0 0 0 0 0 0 0 0 0 1 0 0 0 96 0 0 0 0 0 0 0 0 0 0 0 0 0 0 0 0 0 0 0 0 0 0 0 0 
0 0 0 0 0 0 0 0 0 0 0 0 0 0 0 0 0 0 0 0 0 0 0 0 0 0 0 0 0 0 0 0 0 0 0 0 0 0 0 0 0 0 0 0 0 0 0 0 0 0 0 0 0 0 0 0 0 0 0 0 0 0 0 0 0 0 0 0 0 0 0 0 0 0 0 1 0 0 0 0 0 0 0 0 0 0 0 0 0 0 0 0 0 0 0 0 0 0 0 0 
0 0 0 0 0 0 0 0 0 0 0 0 0 0 0 0 0 0 0 0 0 0 0 0 0 0 0 0 0 0 0 0 0 0 0 0 0 0 0 0 0 0 0 0 0 0 0 0 0 0 0 0 0 0 0 0 0 0 0 0 0 0 0 0 0 0 0 0 0 0 0 0 0 0 0 0 0 0 0 15 4 0 0 0 0 0 0 0 0 0 0 0 0 0 0 0 0 0 0 0 
0 0 0 0 0 0 0 0 0 0 0 0 0 0 0 0 0 0 0 0 0 0 0 0 0 0 0 0 0 0 0 0 0 0 0 0 0 0 0 0 0 0 0 0 0 0 0 0 0 0 0 0 0 0 0 0 0 0 0 0 0 0 0 0 0 0 0 0 0 0 0 0 0 0 0 0 0 0 15 0 1 0 0 0 0 0 0 0 0 0 0 0 0 0 0 0 0 0 0 0 
0 0 0 0 0 0 0 0 0 0 0 0 0 0 0 0 0 0 0 0 0 0 0 0 0 0 0 0 0 0 0 0 0 0 0 0 0 0 0 0 0 0 0 0 0 0 0 0 0 0 0 0 0 0 0 0 0 0 0 0 0 0 0 0 0 0 0 0 0 0 0 0 0 0 0 0 0 0 4 1 0 0 0 0 0 0 0 0 0 0 0 0 0 0 0 0 0 0 0 0 
0 0 0 0 0 0 0 0 0 0 0 0 0 0 0 0 0 0 0 0 0 0 0 0 0 0 0 0 0 0 0 0 0 0 0 0 0 0 0 0 0 0 0 0 0 0 0 0 0 0 0 0 0 0 0 0 0 0 0 0 0 0 0 0 0 0 0 0 0 0 0 0 0 0 0 0 0 0 0 0 0 0 0 6 0 0 0 0 0 0 0 0 0 0 0 0 0 0 0 0 
0 0 0 0 0 0 0 0 0 0 0 0 0 0 0 0 0 0 0 0 0 0 0 0 0 0 0 0 0 0 0 0 0 0 0 0 0 0 0 0 0 0 0 0 0 0 0 0 0 0 0 0 0 0 0 0 0 0 0 0 0 0 0 0 0 0 0 0 0 0 0 0 0 0 0 0 0 0 0 0 0 0 0 100 1 0 0 0 0 0 0 0 0 0 0 0 0 0 0 0 
0 0 0 0 0 0 0 0 0 0 0 0 0 0 0 0 0 0 0 0 0 0 0 0 0 0 0 0 0 0 0 0 0 0 0 0 0 0 0 0 0 0 0 0 0 0 0 0 0 0 0 0 0 0 0 0 0 0 0 0 0 0 0 0 0 0 0 0 0 0 0 0 0 0 0 0 0 0 0 0 0 6 100 0 0 0 0 0 0 0 0 0 0 0 0 0 0 0 0 0 
0 0 0 0 0 0 0 0 0 0 0 0 0 0 0 0 0 0 0 0 0 0 0 0 0 0 0 0 0 0 0 0 0 0 0 0 0 0 0 0 0 0 0 0 0 0 0 0 0 0 0 0 0 0 0 0 0 0 0 0 0 0 0 0 0 0 0 0 0 0 0 0 0 0 0 0 0 0 0 0 0 0 1 0 0 6 0 0 0 0 0 0 0 0 0 0 0 0 0 0 
0 0 0 0 0 0 0 0 0 0 0 0 0 0 0 0 0 0 0 0 0 0 0 0 0 0 0 0 0 0 0 0 0 0 0 0 0 0 0 0 0 0 0 0 0 0 0 0 0 0 0 0 0 0 0 0 0 0 0 0 0 0 0 0 0 0 0 0 0 0 0 0 0 0 0 0 0 0 0 0 0 0 0 0 6 0 0 0 0 0 0 0 0 0 0 0 0 0 0 0 
0 0 0 0 0 0 0 0 0 0 0 0 0 0 0 0 0 0 0 0 0 0 0 0 0 0 0 0 0 0 0 0 0 0 0 0 0 0 0 0 0 0 0 0 0 0 0 0 0 0 0 0 0 0 0 0 0 0 0 0 0 0 0 0 0 0 0 0 0 0 0 0 0 0 0 0 0 0 0 0 0 0 0 0 0 0 0 2 0 0 0 0 0 0 0 0 0 0 0 0 
0 0 0 0 0 0 0 0 0 0 0 0 0 0 0 0 0 0 0 0 0 0 0 0 0 0 0 0 0 0 0 0 0 0 0 0 0 0 0 0 0 0 0 0 0 0 0 0 0 0 0 0 0 0 0 0 0 0 0 0 0 0 0 0 0 0 0 0 0 0 0 0 0 0 0 0 0 0 0 0 0 0 0 0 0 0 2 0 1 0 0 0 0 0 0 0 0 0 0 0 
0 0 0 0 0 0 0 0 0 0 0 0 0 0 0 0 0 0 0 0 0 0 0 0 0 0 0 0 0 0 0 0 0 0 0 0 0 0 0 0 0 0 0 0 0 0 0 0 0 0 0 0 0 0 0 0 0 0 0 0 0 0 0 0 0 0 0 0 0 0 0 0 0 0 0 0 0 0 0 0 0 0 0 0 0 0 0 1 0 0 4 0 0 0 0 0 0 0 0 0 
0 0 0 0 0 0 0 0 0 0 0 0 0 0 0 0 0 0 0 0 0 0 0 0 0 0 0 0 0 0 0 0 0 0 0 0 0 0 0 0 0 0 0 0 0 0 0 0 0 0 0 0 0 0 0 0 0 0 0 0 0 0 0 0 0 0 0 0 0 0 0 0 0 0 0 0 0 0 0 0 0 0 0 0 0 0 0 0 0 0 98 0 0 0 0 0 0 0 0 0 
0 0 0 0 0 0 0 0 0 0 0 0 0 0 0 0 0 0 0 0 0 0 0 0 0 0 0 0 0 0 0 0 0 0 0 0 0 0 0 0 0 0 0 0 0 0 0 0 0 0 0 0 0 0 0 0 0 0 0 0 0 0 0 0 0 0 0 0 0 0 0 0 0 0 0 0 0 0 0 0 0 0 0 0 0 0 0 0 4 98 0 0 0 0 0 0 0 0 0 0 
0 0 0 0 0 0 0 0 0 0 0 0 0 0 0 0 0 0 0 0 0 0 0 0 0 0 0 0 0 0 0 0 0 0 0 0 0 0 0 0 0 0 0 0 0 0 0 0 0 0 0 0 0 0 0 0 0 0 0 0 0 0 0 0 0 0 0 0 0 0 0 0 0 0 0 0 0 0 0 0 0 0 0 0 0 0 0 0 0 0 0 0 0 1 0 0 0 0 0 0 
0 0 0 0 0 0 0 0 0 0 0 0 0 0 0 0 0 0 0 0 0 0 0 0 0 0 0 0 0 0 0 0 0 0 0 0 0 0 0 0 0 0 0 0 0 0 0 0 0 0 0 0 0 0 0 0 0 0 0 0 0 0 0 0 0 0 0 0 0 0 0 0 0 0 0 0 0 0 0 0 0 0 0 0 0 0 0 0 0 0 0 0 0 100 100 100 0 0 0 0 
0 0 0 0 0 0 0 0 0 0 0 0 0 0 0 0 0 0 0 0 0 0 0 0 0 0 0 0 0 0 0 0 0 0 0 0 0 0 0 0 0 0 0 0 0 0 0 0 0 0 0 0 0 0 0 0 0 0 0 0 0 0 0 0 0 0 0 0 0 0 0 0 0 0 0 0 0 0 0 0 0 0 0 0 0 0 0 0 0 0 0 1 100 0 0 0 0 0 0 0 
0 0 0 0 0 0 0 0 0 0 0 0 0 0 0 0 0 0 0 0 0 0 0 0 0 0 0 0 0 0 0 0 0 0 0 0 0 0 0 0 0 0 0 0 0 0 0 0 0 0 0 0 0 0 0 0 0 0 0 0 0 0 0 0 0 0 0 0 0 0 0 0 0 0 0 0 0 0 0 0 0 0 0 0 0 0 0 0 0 0 0 0 100 0 0 0 0 0 0 0 
0 0 0 0 0 0 0 0 0 0 0 0 0 0 0 0 0 0 0 0 0 0 0 0 0 0 0 0 0 0 0 0 0 0 0 0 0 0 0 0 0 0 0 0 0 0 0 0 0 0 0 0 0 0 0 0 0 0 0 0 0 0 0 0 0 0 0 0 0 0 0 0 0 0 0 0 0 0 0 0 0 0 0 0 0 0 0 0 0 0 0 0 100 0 0 0 0 0 0 0 
0 0 0 0 0 0 0 0 0 0 0 0 0 0 0 0 0 0 0 0 0 0 0 0 0 0 0 0 0 0 0 0 0 0 0 0 0 0 0 0 0 0 0 0 0 0 0 0 0 0 0 0 0 0 0 0 0 0 0 0 0 0 0 0 0 0 0 0 0 0 0 0 0 0 0 0 0 0 0 0 0 0 0 0 0 0 0 0 0 0 0 0 0 0 0 0 0 0 0 0 
0 0 0 0 0 0 0 0 0 0 0 0 0 0 0 0 0 0 0 0 0 0 0 0 0 0 0 0 0 0 0 0 0 0 0 0 0 0 0 0 0 0 0 0 0 0 0 0 0 0 0 0 0 0 0 0 0 0 0 0 0 0 0 0 0 0 0 0 0 0 0 0 0 0 0 0 0 0 0 0 0 0 0 0 0 0 0 0 0 0 0 0 0 0 0 0 0 0 0 0 
0 0 0 0 0 0 0 0 0 0 0 0 0 0 0 0 0 0 0 0 0 0 0 0 0 0 0 0 0 0 0 0 0 0 0 0 0 0 0 0 0 0 0 0 0 0 0 0 0 0 0 0 0 0 0 0 0 0 0 0 0 0 0 0 0 0 0 0 0 0 0 0 0 0 0 0 0 0 0 0 0 0 0 0 0 0 0 0 0 0 0 0 0 0 0 0 0 0 0 100 
0 0 0 0 0 0 0 0 0 0 0 0 0 0 0 0 0 0 0 0 0 0 0 0 0 0 0 0 0 0 0 0 0 0 0 0 0 0 0 0 0 0 0 0 0 0 0 0 0 0 0 0 0 0 0 0 0 0 0 0 0 0 0 0 0 0 0 0 0 0 0 0 0 0 0 0 0 0 0 0 0 0 0 0 0 0 0 0 0 0 0 0 0 0 0 0 0 0 100 0 

Rho histogram: 
0 0 0 0 0 0 0 0 0 0 0 0 0 0 0 0 0 0 0 100 

Summary:
objF nSamp nIter rhoMean rhoStDev rProp hitsProp rankHitsProp
Par 100 100 0.9995143114311424 3.400682296995415e-05 0 0 0.5736

Time:  8m24.368311173s
=======================================================
