=======================================================
Objective function:  Rgar75
Matrix:  I100.csv
Iterations:  100
Heuristic for search:  RobSA3
Improvement function # 0
Window width for improvement:  0
Heuristic for improvement:  RobSA3
Seed:  33
=======================================================

Best permutations: 
0 1 2 3 4 5 6 7 8 9 10 11 13 12 16 15 14 19 17 18 20 21 22 24 27 23 25 26 30 28 32 31 33 29 35 34 36 37 38 39 40 41 42 44 43 45 48 46 47 50 49 53 51 54 52 55 56 57 60 58 59 63 61 62 64 65 67 66 68 69 70 72 73 74 76 71 77 75 79 78 80 81 83 85 82 84 86 87 90 88 89 93 91 94 95 92 97 96 99 98 
0 1 2 3 4 5 6 7 8 9 11 10 13 12 16 15 14 19 18 17 20 21 22 24 27 23 30 25 26 28 32 31 29 33 35 34 36 37 38 39 40 41 43 42 44 45 48 46 47 49 50 53 51 52 54 55 56 57 60 58 59 63 61 62 65 66 64 67 69 68 72 73 70 74 76 77 71 75 79 80 78 81 83 82 85 84 86 87 88 90 89 93 91 94 95 92 97 96 99 98 
0 1 2 3 4 5 6 7 8 9 11 13 10 12 15 16 14 19 18 17 20 22 21 24 27 23 25 26 30 28 32 31 29 33 35 34 36 37 38 39 40 41 43 42 45 46 44 48 47 49 50 53 51 52 54 55 56 57 60 58 59 63 61 62 64 65 66 67 68 69 73 72 70 76 74 77 71 75 79 78 80 81 83 85 82 84 86 87 90 88 89 93 91 94 95 92 97 96 99 98 
0 1 2 3 4 5 6 7 8 9 11 10 13 12 15 16 14 19 18 17 20 21 22 24 23 27 30 25 26 28 32 29 31 33 34 35 36 37 39 38 40 41 43 42 44 45 48 46 47 49 50 53 51 54 55 52 56 57 59 60 58 63 61 62 64 65 66 67 68 69 72 70 73 74 76 71 77 75 79 78 80 81 83 85 82 84 86 87 90 88 89 93 91 94 95 92 97 96 99 98 
0 1 2 3 4 5 6 7 8 9 11 10 13 12 15 16 19 14 17 18 20 21 22 24 27 23 30 25 26 28 32 31 29 33 35 34 36 37 38 39 41 40 43 42 44 45 48 46 47 49 53 50 51 52 54 55 56 57 60 58 59 63 61 62 64 65 67 66 68 69 72 70 73 76 74 71 75 77 79 78 80 81 83 85 82 84 86 87 90 88 89 93 91 94 95 92 97 96 99 98 
0 1 2 3 4 5 6 7 8 9 11 10 13 12 15 16 14 19 17 18 20 21 22 24 27 23 25 26 32 28 31 29 33 35 36 30 34 37 38 39 40 41 45 44 42 43 46 47 48 49 50 53 51 52 54 55 56 57 60 58 59 63 61 62 64 65 67 66 68 69 72 70 73 74 76 71 77 75 79 78 80 81 83 85 82 84 86 87 90 88 89 93 91 94 95 92 97 96 99 98 
0 1 2 3 4 5 6 7 8 9 11 10 13 12 15 16 14 19 17 18 20 22 21 24 23 27 30 25 28 32 31 33 26 29 34 35 36 37 38 39 40 41 44 43 42 45 46 47 49 50 51 48 53 52 54 55 56 57 60 58 59 61 63 62 64 65 67 66 68 69 72 70 73 74 76 71 77 75 79 78 80 81 83 85 82 84 86 87 90 88 93 89 91 94 95 92 97 96 99 98 
0 1 2 3 4 5 6 7 8 9 11 10 13 12 15 16 14 19 17 18 20 21 22 24 27 23 30 25 26 28 32 31 29 33 35 34 36 37 38 39 41 40 42 45 43 44 46 50 47 53 48 49 51 52 54 55 57 56 60 58 59 63 61 64 62 65 67 66 68 69 72 70 73 74 76 71 77 75 79 78 80 81 83 85 84 82 86 87 90 88 89 93 91 94 95 92 97 96 99 98 
0 1 2 3 4 5 6 7 8 9 11 10 13 12 15 16 14 19 17 18 20 21 22 24 27 23 30 25 26 28 32 31 29 33 35 34 36 37 38 39 40 41 43 42 44 45 48 46 47 49 50 53 51 54 52 55 56 57 60 58 59 63 61 62 65 64 66 67 68 69 72 70 73 71 74 75 76 77 79 78 80 81 83 85 82 84 86 87 90 88 89 93 91 94 95 92 97 96 99 98 
0 1 2 3 4 5 6 7 8 9 11 10 13 12 15 16 14 19 17 18 20 21 22 24 23 27 30 25 26 28 32 31 33 29 35 34 36 37 38 39 42 40 41 44 43 45 48 46 47 49 50 53 54 51 52 55 56 57 60 59 58 63 61 62 64 65 67 66 68 69 72 70 73 74 76 77 71 75 79 78 80 81 83 85 82 84 86 87 90 88 89 93 91 94 95 92 97 96 99 98 
0 1 2 3 4 5 6 7 8 9 11 10 13 12 15 16 19 14 17 18 20 21 22 24 27 23 30 25 26 28 32 31 29 33 34 36 35 37 38 39 40 41 43 42 45 44 48 46 47 49 50 53 51 54 52 55 56 57 60 59 58 63 61 62 64 65 67 66 68 69 72 70 73 74 76 71 77 75 79 78 80 82 81 83 84 85 87 90 86 88 89 94 93 91 95 92 97 96 99 98 
0 1 2 3 4 5 6 7 8 9 11 10 13 12 15 16 14 19 17 18 20 21 22 24 27 23 30 25 26 32 31 33 28 29 35 34 36 37 38 39 40 41 43 42 44 45 46 48 47 49 50 53 51 54 55 52 56 57 60 58 59 63 61 62 64 65 66 69 67 68 72 70 73 74 76 77 71 75 79 78 80 81 83 85 82 84 86 87 90 88 89 93 91 94 95 92 97 96 99 98 
0 1 2 3 4 5 6 7 8 9 11 10 13 12 15 16 14 19 18 17 20 22 21 24 27 23 30 25 26 28 32 31 33 29 35 34 36 37 38 39 40 41 44 43 45 42 48 46 47 49 50 53 51 52 54 55 56 57 60 58 59 63 61 64 62 65 67 66 68 69 72 70 73 74 76 77 71 75 79 78 80 81 83 85 82 84 86 87 88 90 89 93 91 94 95 92 97 96 99 98 
0 1 2 3 4 5 6 7 8 9 11 10 13 12 15 16 14 19 17 18 20 21 22 24 27 23 30 25 26 28 32 31 29 33 35 34 36 37 38 39 41 40 42 44 43 45 46 48 47 49 50 53 51 52 55 54 56 57 60 58 59 63 61 62 64 65 67 66 68 69 72 73 70 74 71 76 77 75 78 79 81 80 83 85 82 84 86 87 90 88 89 93 91 94 95 92 97 96 99 98 
0 1 2 3 4 5 6 7 8 9 11 13 10 12 19 15 16 14 18 17 20 22 21 24 27 23 25 26 30 28 32 31 33 29 35 34 36 37 38 39 40 41 43 42 44 45 48 46 47 49 50 53 51 52 54 55 56 57 60 58 59 63 61 62 64 65 67 66 69 68 72 73 70 74 76 71 77 79 75 78 81 80 83 85 82 84 86 87 90 88 89 93 91 94 95 92 97 96 99 98 
0 1 2 3 4 5 6 7 8 9 11 10 13 12 15 16 14 19 17 18 21 20 22 24 27 23 25 26 30 28 32 31 29 33 35 34 36 37 38 39 40 41 43 42 45 48 44 46 47 49 50 53 51 52 54 55 56 57 60 58 59 61 63 62 64 65 66 67 69 68 72 70 73 74 76 77 71 75 79 78 80 81 83 85 84 82 86 87 90 88 89 93 91 94 95 92 97 96 99 98 
0 1 2 3 4 5 6 7 9 8 11 10 13 12 15 16 14 19 18 17 20 21 22 24 23 27 30 25 26 32 31 28 29 33 35 34 36 37 38 39 40 41 42 44 43 45 48 46 47 49 50 53 51 52 54 55 56 57 60 58 59 63 61 62 64 65 67 66 68 69 72 70 73 74 76 71 75 77 78 79 80 81 83 85 84 82 86 87 90 88 89 93 91 94 95 92 97 96 99 98 
0 1 2 3 4 5 6 7 8 9 11 10 13 12 15 16 19 14 17 18 20 21 22 27 24 23 30 25 26 28 31 32 29 33 35 34 36 37 39 38 40 41 43 42 44 45 48 46 47 50 49 53 54 51 52 55 56 57 60 58 59 61 63 65 62 64 67 66 69 68 70 72 73 74 76 77 71 75 78 79 80 81 83 85 82 84 86 87 90 88 89 93 91 94 95 92 97 96 99 98 
0 1 2 3 4 5 6 7 8 9 11 10 13 12 15 16 14 19 17 18 20 22 21 24 27 23 30 25 26 28 31 32 33 29 35 34 36 37 38 39 40 41 42 44 43 45 46 47 49 50 51 55 53 54 48 52 56 60 57 58 59 63 61 62 64 65 67 66 68 69 73 72 70 74 76 71 77 75 78 79 80 81 83 85 82 84 86 87 90 88 89 93 91 94 95 92 97 96 99 98 
0 1 2 3 4 5 6 7 8 9 10 11 13 12 15 16 14 19 17 18 20 21 22 24 23 27 30 25 28 26 32 31 29 33 35 34 36 37 39 38 40 41 43 42 44 45 48 46 47 49 50 53 51 52 54 56 55 57 60 58 59 63 61 62 64 67 65 66 68 69 72 70 73 76 77 71 74 75 79 78 80 81 83 85 82 84 86 90 87 88 89 93 91 94 95 92 97 96 99 98 
0 1 2 3 4 5 6 7 8 9 11 10 13 12 15 16 14 19 17 18 20 21 22 24 27 23 30 25 26 32 31 28 29 33 35 34 36 38 37 39 40 41 42 43 44 45 48 46 47 49 50 53 51 52 54 55 56 57 60 58 59 63 61 62 64 65 67 66 68 69 72 70 73 76 74 71 77 75 79 80 78 81 83 82 85 84 86 87 90 88 89 93 91 94 95 92 97 96 99 98 
0 1 2 3 4 5 6 7 8 9 11 10 13 12 15 16 19 14 17 18 20 21 22 24 27 23 30 25 26 32 28 31 33 29 35 34 36 37 38 39 40 41 43 42 44 45 48 46 47 49 50 53 51 52 54 55 56 57 60 58 59 63 61 62 64 65 67 66 68 69 72 70 73 74 76 71 75 77 80 79 78 81 83 85 82 84 86 87 90 88 89 93 91 94 95 92 97 96 99 98 
0 1 2 3 4 5 6 7 8 9 11 10 13 15 12 16 14 19 17 18 20 21 22 27 24 23 26 28 25 30 32 31 33 29 35 34 36 37 38 39 40 42 44 43 45 41 48 46 47 49 50 53 51 52 54 55 56 57 60 58 59 63 61 62 64 65 67 66 68 69 72 70 73 74 76 71 77 75 79 78 81 80 83 85 82 84 86 87 90 88 89 93 91 94 95 92 97 96 99 98 
0 1 2 3 4 5 6 7 8 9 11 10 13 12 15 16 19 14 17 18 20 22 21 24 27 23 30 25 26 28 32 31 29 33 34 35 36 37 38 39 41 42 44 43 40 45 48 47 46 50 53 49 54 51 52 55 56 57 60 58 59 63 61 62 64 65 67 66 68 69 72 70 73 74 76 77 71 75 79 78 80 81 83 85 84 82 86 87 90 88 89 93 91 94 95 92 97 96 99 98 
0 1 2 3 4 5 6 7 8 9 11 10 13 12 15 16 14 19 17 18 20 21 22 24 27 23 30 25 26 28 32 31 29 33 34 35 37 36 38 39 40 41 43 42 44 45 48 46 47 49 50 54 53 51 52 55 56 57 60 58 59 63 61 62 64 65 67 66 68 69 72 73 70 74 76 77 71 75 79 78 80 81 83 84 85 82 86 87 90 88 89 93 91 94 95 92 97 96 99 98 
0 1 2 3 4 5 6 7 9 8 11 10 13 12 15 16 19 14 18 17 20 21 22 24 27 23 30 25 26 28 32 31 29 35 33 37 34 39 36 41 38 40 44 42 43 45 48 46 47 49 50 51 53 54 55 52 56 57 60 58 59 63 61 62 64 65 67 66 68 69 72 70 73 74 76 77 71 75 79 78 80 81 83 85 82 84 86 87 90 88 89 93 91 94 95 92 97 96 99 98 
0 1 2 3 4 5 6 7 8 9 11 10 13 12 15 16 14 19 17 18 20 21 22 24 27 23 25 26 30 32 28 31 29 33 35 36 37 34 38 39 40 44 41 42 43 45 48 46 47 49 53 50 51 52 54 55 56 57 60 59 58 63 61 62 64 65 67 66 68 69 72 70 73 74 76 71 77 75 79 78 80 81 83 85 82 84 86 87 90 88 89 93 91 94 95 92 97 96 99 98 
0 1 2 3 4 5 6 7 8 9 11 10 13 12 15 16 19 14 17 18 20 21 22 24 27 23 25 30 28 26 32 31 29 33 35 34 36 37 39 41 38 40 43 42 44 45 48 46 47 49 50 51 53 52 54 55 56 57 60 58 59 63 61 62 64 65 67 66 68 69 72 73 70 74 76 71 77 75 79 78 80 81 83 85 82 84 86 87 90 88 89 93 91 94 95 92 97 96 99 98 
0 1 2 3 4 5 6 7 8 9 11 10 13 12 15 16 14 19 17 18 20 21 22 24 27 23 25 26 30 28 32 31 29 33 35 34 36 37 38 39 40 41 43 42 44 45 46 48 47 49 50 53 51 52 54 55 56 57 60 58 59 63 61 64 62 67 65 66 68 69 72 70 73 74 76 77 71 75 79 78 81 80 83 85 82 84 86 87 90 88 89 93 91 94 95 92 97 96 99 98 
0 1 2 3 4 5 6 7 8 9 11 10 13 12 15 16 14 19 17 18 20 21 22 24 23 27 25 26 30 28 32 31 29 33 35 34 37 36 38 39 40 41 43 42 44 45 48 46 47 49 50 53 54 51 52 55 56 60 57 59 58 63 61 62 64 65 67 66 68 69 72 73 70 74 76 71 77 75 79 78 80 81 83 85 82 84 86 87 90 88 89 93 91 94 95 92 97 96 99 98 
0 1 2 3 4 5 6 7 8 9 11 10 13 12 15 16 19 14 17 18 20 21 22 24 27 23 30 25 26 28 32 31 29 33 35 34 36 37 38 39 41 40 43 42 44 45 46 48 47 50 49 53 51 52 54 55 56 57 58 60 59 61 63 62 65 64 67 68 66 69 70 71 72 73 74 76 77 75 79 78 80 81 85 83 82 87 84 86 90 89 88 93 91 94 95 92 97 96 99 98 
0 1 2 3 4 5 6 7 8 9 11 10 13 12 15 16 14 19 17 18 20 21 22 24 27 23 26 30 25 28 31 32 29 33 35 34 36 37 38 39 40 41 43 42 44 45 48 46 47 49 50 53 51 52 54 56 55 57 60 58 59 63 61 64 62 65 66 67 68 69 70 73 72 74 76 71 77 75 79 78 80 81 83 85 82 84 86 87 90 88 89 93 91 94 95 92 97 96 99 98 
0 1 2 3 4 5 6 7 8 9 11 13 10 12 16 15 14 19 17 18 20 21 22 24 23 27 30 25 26 28 32 31 29 33 35 34 36 37 38 39 40 41 42 44 43 45 48 46 47 49 50 53 51 52 54 55 57 56 59 60 58 63 61 62 64 65 67 66 68 69 72 70 73 74 76 77 71 75 79 78 80 81 83 85 82 84 86 87 90 88 89 93 91 94 95 92 97 96 99 98 
0 1 2 3 4 5 6 7 8 9 11 10 13 12 15 16 14 19 18 17 20 21 22 24 27 23 25 26 30 28 31 32 29 33 35 34 36 37 38 39 40 41 42 44 43 45 48 46 47 49 50 53 51 52 54 55 56 57 60 58 59 61 63 64 62 65 67 66 68 69 72 70 73 74 76 71 75 77 79 78 80 81 83 85 82 84 86 87 90 88 89 93 91 94 95 92 97 96 99 98 
0 1 2 3 4 5 6 7 8 9 11 10 13 12 15 16 14 19 17 18 20 21 22 23 24 27 25 30 26 28 32 31 29 33 34 35 36 37 38 39 40 41 43 42 44 45 48 46 47 49 50 51 53 52 54 55 56 57 60 59 58 63 61 62 64 66 65 67 69 68 70 73 72 76 71 74 79 77 75 78 80 83 81 85 82 84 86 87 88 90 89 93 91 94 95 92 97 96 99 98 
0 1 2 3 4 5 6 7 8 9 11 10 13 12 15 19 16 18 14 17 21 20 22 27 23 24 30 25 26 28 32 31 29 33 35 34 36 37 38 39 40 41 42 43 45 48 44 46 49 47 50 53 51 54 52 55 56 57 60 58 59 63 61 62 65 64 67 66 68 69 72 70 73 74 76 77 71 75 79 78 80 81 83 85 82 84 86 87 90 88 89 93 91 94 95 92 97 96 99 98 
0 1 2 3 4 5 6 7 8 9 11 10 13 12 15 16 14 19 17 18 20 21 22 24 27 23 25 26 30 28 32 31 29 33 36 35 34 37 38 39 40 41 42 44 43 45 46 48 50 47 49 53 51 52 54 55 56 57 60 58 59 63 61 62 64 65 67 66 68 69 72 73 70 74 76 77 71 75 79 78 80 81 83 85 82 84 86 87 90 88 89 93 91 94 95 92 97 96 99 98 
0 1 2 3 4 5 6 7 11 8 9 10 13 12 15 16 19 14 18 20 17 21 22 24 27 23 30 25 26 28 32 29 31 33 35 34 36 37 38 39 40 41 42 43 45 44 48 46 47 50 53 49 51 52 54 58 56 55 57 60 59 61 63 62 67 64 65 68 66 69 76 72 73 70 71 74 75 77 79 78 80 81 83 85 84 82 86 87 90 88 89 93 91 94 95 92 97 96 99 98 
0 1 2 3 4 6 5 7 8 9 11 13 10 12 15 16 14 19 17 18 21 20 22 24 27 23 30 25 26 28 32 31 29 33 35 34 37 38 36 39 40 41 43 42 44 46 45 48 47 49 50 53 51 52 54 55 56 57 60 58 59 63 62 61 64 65 66 67 68 69 72 70 73 74 76 71 77 75 79 80 78 83 81 85 82 84 86 87 90 88 89 93 91 94 95 92 97 96 99 98 
0 1 2 3 4 5 7 6 8 9 11 10 13 16 12 15 14 19 17 18 20 22 21 24 27 23 30 25 28 26 31 32 29 33 35 34 36 37 38 39 40 41 43 42 44 45 48 46 47 49 50 53 51 52 54 55 56 57 60 58 59 63 61 62 64 65 67 66 68 69 72 70 73 74 76 77 71 75 79 78 80 81 83 85 82 84 86 87 90 88 93 89 91 94 95 92 97 96 99 98 
0 1 2 3 4 5 6 7 9 8 10 11 13 12 15 16 14 19 17 18 21 20 22 24 23 27 25 26 30 28 32 29 33 35 34 36 31 37 38 39 40 41 43 42 45 44 48 46 47 49 50 53 51 52 54 55 56 57 60 58 59 63 61 62 64 65 67 66 69 68 72 73 70 74 76 71 75 77 78 79 80 83 81 85 82 84 86 87 90 88 89 93 91 94 95 92 97 96 99 98 
0 2 1 3 4 5 6 7 9 8 11 15 10 13 12 16 19 14 18 17 20 21 22 24 27 23 30 25 26 28 32 31 29 33 34 35 36 37 38 39 40 41 43 42 45 44 46 48 47 49 53 50 51 54 52 55 56 57 60 58 59 63 61 62 64 65 67 66 68 69 73 72 70 76 74 71 77 75 79 78 80 81 83 85 82 84 86 87 90 88 89 93 91 94 95 92 97 96 99 98 
0 1 2 3 4 5 6 7 8 9 11 10 13 12 15 16 14 19 17 18 20 21 22 24 27 23 30 25 28 26 32 31 29 33 35 34 36 37 38 39 40 41 43 42 44 45 48 46 47 49 50 53 51 52 54 55 56 57 60 58 59 63 61 62 65 64 67 66 68 72 69 70 73 74 76 71 77 75 79 78 80 81 83 85 82 84 86 87 90 88 89 93 91 94 95 92 97 96 99 98 
0 1 2 3 4 5 6 7 8 9 11 13 10 12 15 16 14 19 17 18 20 21 22 24 23 27 30 25 26 28 31 32 35 33 29 34 36 37 38 39 40 41 42 44 43 45 46 48 47 49 51 50 53 52 54 55 56 57 58 60 59 63 61 64 62 65 67 66 68 69 72 70 73 74 76 71 77 75 79 78 80 81 83 85 84 82 86 87 90 88 89 93 91 94 95 92 97 96 99 98 
0 1 2 3 4 5 6 7 8 9 11 13 10 12 15 16 14 19 17 18 20 22 24 27 23 21 30 25 26 32 31 29 28 36 33 35 34 37 38 40 39 44 41 43 42 45 48 46 47 49 50 53 51 54 52 55 56 57 60 59 58 63 61 62 65 64 66 67 69 68 72 70 73 74 76 77 71 75 79 78 80 81 83 85 82 84 86 87 90 88 89 93 91 94 95 92 97 96 99 98 
0 1 2 3 4 5 6 7 8 9 11 10 13 15 16 12 19 14 17 18 20 21 22 24 23 27 30 25 28 26 32 31 29 33 35 34 36 37 38 39 40 41 43 42 44 45 46 48 47 49 50 53 51 54 52 55 56 57 60 58 59 63 61 62 64 65 67 66 68 69 72 70 73 74 76 71 77 75 79 78 80 81 83 85 82 84 86 87 90 88 89 93 91 94 95 92 97 96 99 98 
0 1 2 3 4 5 6 7 8 9 11 10 13 12 16 15 14 19 17 18 20 21 22 24 27 23 30 25 26 28 32 31 29 33 35 34 36 37 39 38 41 40 44 42 45 43 48 47 46 49 50 53 51 52 54 55 56 57 60 58 59 63 61 62 64 65 67 66 68 69 72 70 73 74 76 71 77 75 79 78 80 81 83 85 82 84 86 87 90 88 89 93 91 94 95 92 97 96 99 98 
0 1 2 3 4 5 6 7 8 9 11 10 13 12 16 15 14 18 19 17 20 21 22 24 27 23 25 26 30 32 29 31 28 33 34 36 35 37 39 38 40 41 43 42 45 44 48 46 47 49 50 53 51 54 52 55 57 56 60 58 59 63 62 61 64 65 67 66 69 68 72 70 73 74 76 71 77 75 79 78 80 81 83 85 82 84 86 87 90 88 93 89 91 94 95 92 97 96 99 98 
0 1 2 3 4 5 6 7 8 9 11 10 13 12 15 16 14 19 17 18 20 21 22 24 27 23 25 26 30 28 31 32 33 29 35 34 36 37 38 39 40 41 43 42 45 48 46 47 50 49 53 44 51 54 52 55 56 60 58 57 59 63 61 62 64 65 67 66 68 69 72 70 73 74 76 71 77 75 79 78 80 81 83 85 84 82 87 86 90 88 93 89 91 94 95 92 97 96 99 98 
0 1 2 3 4 5 6 7 9 8 11 10 13 12 16 15 14 19 17 18 20 21 22 24 27 23 30 25 26 28 32 31 29 33 34 35 36 37 38 39 40 41 43 42 44 45 48 46 47 49 50 53 51 52 54 55 56 57 60 58 59 61 63 64 62 65 67 66 68 69 72 70 73 74 76 71 77 75 79 78 80 81 83 85 82 84 86 87 90 88 89 93 91 94 95 92 97 96 99 98 
0 1 2 3 4 5 6 7 8 9 11 10 13 12 15 19 16 14 17 18 20 21 22 24 23 27 25 30 26 28 31 32 29 33 35 34 36 37 38 39 40 41 43 42 44 45 48 46 47 50 49 51 52 53 54 55 56 57 60 58 59 63 61 62 65 64 67 66 69 68 70 73 72 76 74 71 77 75 79 78 80 81 83 85 82 84 86 87 90 88 89 93 91 94 95 92 97 96 99 98 
0 1 2 3 4 5 6 7 8 9 11 10 13 15 16 12 14 19 17 18 20 21 22 24 27 23 30 25 26 28 32 31 29 33 35 34 36 37 38 39 40 41 43 42 44 45 48 46 47 49 50 51 53 52 54 55 56 57 60 58 59 63 61 62 65 64 67 66 69 68 72 70 73 74 76 71 77 75 79 78 80 81 83 85 82 84 86 87 90 88 89 93 91 94 95 92 97 96 99 98 
0 1 2 3 4 5 6 7 8 11 9 10 13 12 16 15 14 19 17 18 20 21 22 24 23 27 30 25 26 28 32 31 29 33 35 34 36 37 38 39 41 40 43 42 45 44 48 46 47 49 50 53 54 51 52 55 56 57 60 58 59 63 61 64 62 65 67 66 68 69 72 70 73 74 71 76 77 75 79 78 80 81 83 85 82 84 86 87 90 88 89 93 91 94 95 92 97 96 99 98 
0 1 2 3 4 5 6 7 8 9 11 10 13 12 15 16 19 14 17 18 20 21 22 24 27 23 30 25 26 28 32 31 33 29 35 34 36 37 38 39 40 41 43 42 44 45 48 46 47 49 50 53 51 52 54 55 56 57 60 58 63 59 61 62 64 65 66 67 68 69 72 70 73 74 76 71 77 75 79 78 80 81 83 85 82 84 86 87 90 88 89 93 91 94 95 92 97 96 99 98 
0 1 2 3 4 5 6 7 8 9 11 10 13 12 15 14 16 17 19 18 22 20 21 24 27 23 30 25 28 26 32 31 29 33 36 35 34 37 38 39 44 40 41 43 42 45 48 46 47 49 50 53 51 52 54 55 56 57 60 58 59 63 61 62 64 65 67 66 68 69 72 70 73 74 76 71 77 75 79 78 80 81 83 85 82 84 86 87 90 88 89 93 91 94 95 92 97 96 99 98 
0 1 2 3 4 5 6 7 8 9 11 10 13 12 15 16 14 19 17 18 20 21 22 24 27 23 30 25 26 28 32 31 29 33 35 34 36 37 38 39 41 40 43 42 44 45 48 46 47 49 50 53 51 52 54 55 56 57 60 58 63 59 62 61 64 65 67 66 68 69 72 70 73 74 76 71 77 75 79 78 80 81 83 85 82 84 86 87 90 88 89 93 91 94 92 95 97 96 99 98 
0 1 2 3 4 5 6 7 8 9 11 10 13 12 15 16 14 19 17 18 20 21 22 24 23 27 25 30 26 28 32 29 31 33 35 34 36 37 38 39 40 41 44 43 42 45 48 46 47 49 50 53 51 52 54 55 56 57 60 58 59 63 61 62 64 65 67 66 69 68 72 70 73 74 76 71 77 75 79 78 80 81 83 85 82 84 86 87 88 90 89 91 93 94 95 92 97 96 99 98 
0 1 2 3 4 5 6 7 8 9 11 10 13 12 15 16 14 19 17 18 20 21 22 24 27 23 30 25 26 28 32 31 29 33 35 34 36 37 38 39 40 41 42 44 43 45 48 47 49 46 50 53 54 51 55 52 56 57 60 58 59 63 61 62 64 65 67 66 68 69 72 70 73 74 76 77 71 75 79 81 78 80 83 85 82 84 86 87 90 88 89 93 91 94 95 92 97 96 99 98 
0 1 2 3 4 5 6 7 8 9 11 10 13 12 15 16 14 19 17 18 20 21 22 24 27 28 23 30 25 26 32 31 29 33 34 35 37 36 38 39 40 41 43 42 44 45 46 48 47 49 50 53 51 52 54 55 56 57 59 60 58 63 61 62 64 65 66 69 67 68 72 73 70 74 76 77 71 75 79 78 80 81 83 85 82 84 86 87 90 88 89 93 91 94 95 92 97 96 99 98 
0 1 2 3 4 5 6 7 8 9 11 10 13 12 16 15 14 19 17 18 20 21 22 24 23 26 27 30 25 28 32 31 29 33 35 34 36 37 38 39 40 41 43 42 44 45 48 46 47 49 50 53 51 54 52 55 57 56 60 58 59 63 70 61 62 64 65 67 66 68 69 72 73 74 76 71 77 75 79 78 80 81 83 82 85 84 86 87 90 88 89 93 91 94 95 92 97 96 99 98 
0 1 2 3 4 5 6 7 8 9 11 10 13 12 15 16 19 14 17 18 20 21 22 24 27 23 30 25 26 28 32 31 29 33 34 35 36 38 37 39 41 40 42 44 43 45 46 47 48 49 50 53 51 54 52 55 56 57 60 58 59 63 61 62 64 65 67 66 68 69 72 73 70 74 76 71 77 75 79 78 80 81 83 84 85 82 86 87 90 88 89 93 91 94 95 92 97 96 99 98 
0 1 2 3 4 5 6 7 8 9 11 13 10 12 15 16 14 19 17 18 20 21 22 24 27 23 30 25 32 31 29 26 28 33 34 35 36 37 38 39 40 41 42 44 43 45 48 46 47 50 49 51 53 52 54 55 56 57 60 58 59 63 61 62 64 65 67 66 68 69 72 70 73 74 76 77 71 75 79 78 80 81 83 85 82 84 86 87 90 88 89 93 91 94 95 92 97 96 99 98 
0 1 2 3 4 5 6 7 9 8 11 10 13 12 15 16 14 19 17 18 20 21 22 24 27 23 30 25 26 32 28 31 29 33 35 34 36 37 38 39 41 40 43 42 45 48 44 47 46 49 53 51 54 55 50 52 56 57 60 59 58 61 63 65 64 62 67 66 68 69 72 70 73 74 76 77 71 75 79 78 80 81 83 85 82 84 86 87 90 88 89 93 91 94 95 92 97 96 99 98 
0 1 2 3 4 5 7 8 9 11 13 6 10 12 19 15 14 16 17 18 20 21 22 24 27 23 25 28 30 26 32 29 31 33 35 34 36 37 42 38 39 40 41 44 43 45 48 46 47 49 50 53 51 52 54 55 56 57 58 60 59 61 63 62 65 64 67 66 69 68 72 73 70 74 76 71 77 75 79 78 80 81 83 85 82 84 86 87 90 88 89 93 91 94 95 92 97 96 99 98 
0 1 2 3 4 5 6 7 8 9 11 10 13 12 15 16 14 19 17 18 20 22 21 24 27 23 25 26 30 28 32 31 33 29 35 34 36 37 38 40 39 41 43 42 44 45 48 46 47 49 50 53 51 52 54 55 57 56 60 58 59 63 61 62 64 65 67 66 68 69 72 70 73 74 76 77 71 75 79 78 80 81 83 85 82 84 86 87 90 88 89 93 94 91 95 92 97 96 99 98 
0 1 2 3 4 5 6 7 8 9 11 10 13 12 19 15 16 14 17 18 20 21 22 27 24 23 30 25 26 32 31 33 28 29 35 34 37 36 39 38 40 41 43 44 42 45 46 48 49 47 50 53 54 51 55 52 56 57 60 58 59 63 61 62 64 67 65 66 69 68 70 73 72 74 76 71 77 75 79 80 81 78 83 85 82 84 86 87 90 88 89 93 91 94 95 92 97 96 99 98 
0 1 2 3 4 5 6 7 8 9 11 10 13 12 15 16 14 19 17 20 18 21 22 27 24 23 30 25 26 28 32 29 31 33 35 34 36 37 38 39 40 41 43 42 44 45 48 46 47 49 50 53 51 54 56 52 55 57 60 63 61 58 59 62 65 64 67 66 68 69 72 73 70 74 76 71 77 75 79 78 80 81 83 85 82 84 86 87 90 88 89 93 91 94 95 92 97 96 99 98 
0 1 2 3 4 5 6 7 8 9 11 10 13 12 15 16 19 14 17 21 18 20 22 24 27 23 26 30 25 28 32 31 33 29 35 34 36 37 38 39 40 41 43 42 44 45 46 48 47 49 50 53 51 52 54 55 56 57 60 58 59 63 61 62 64 65 67 66 68 69 72 70 73 74 76 71 77 75 79 78 80 81 83 85 82 84 86 87 90 88 89 93 91 94 95 92 97 96 99 98 
0 1 2 3 4 5 6 7 8 9 11 10 13 12 15 16 14 19 17 18 21 20 22 24 23 27 30 25 26 28 32 31 29 33 35 34 36 37 38 39 40 41 42 44 43 45 48 47 46 49 50 51 53 54 55 52 56 57 60 58 59 63 61 62 64 65 67 66 68 69 72 70 73 74 76 71 77 75 79 78 80 81 83 85 82 84 86 87 90 88 89 93 91 94 95 92 97 96 99 98 
0 1 2 3 4 5 6 7 8 9 11 10 13 12 15 16 14 19 18 17 20 21 22 24 27 23 25 26 30 32 28 31 29 33 35 34 36 37 38 39 40 41 42 45 44 43 46 47 48 49 50 53 51 52 54 55 56 57 60 58 59 63 61 62 64 65 67 66 68 69 72 70 73 74 76 77 71 75 79 78 80 81 83 85 82 84 86 87 90 88 89 93 91 94 95 92 97 96 99 98 
0 1 2 3 4 5 6 7 8 9 11 10 13 12 15 16 14 19 17 18 20 21 22 24 27 23 30 25 26 28 32 31 29 33 35 34 36 37 38 39 41 40 42 44 43 45 48 46 47 49 50 53 51 54 52 55 56 57 60 58 59 63 61 62 64 65 66 67 68 69 72 70 73 74 76 71 77 75 79 78 81 80 83 85 84 82 86 87 90 88 89 93 91 94 95 92 97 96 99 98 
0 1 2 3 4 6 5 7 8 9 11 10 13 12 15 16 14 19 17 18 20 21 22 24 27 23 25 26 30 28 32 31 33 29 35 34 37 36 38 40 39 41 44 43 42 45 48 46 47 49 50 53 51 52 54 55 56 57 60 59 58 63 61 62 64 65 67 66 68 69 72 73 70 74 76 77 71 75 79 80 78 83 81 85 84 82 86 87 90 88 89 93 91 94 95 92 97 96 99 98 
0 1 2 3 4 5 6 7 8 9 11 10 13 12 16 15 14 19 17 18 20 21 22 24 27 23 30 25 28 26 32 31 29 33 35 34 36 37 38 39 40 41 43 42 44 45 46 48 47 49 50 53 51 52 54 55 56 57 60 58 59 63 61 62 64 65 66 67 68 69 72 70 73 74 76 71 77 75 79 78 80 81 83 85 82 84 86 87 90 88 89 93 91 94 95 92 97 96 99 98 
0 1 2 3 4 5 6 7 8 9 11 10 13 12 15 16 14 19 17 18 20 22 21 24 27 23 30 25 28 26 32 31 29 33 35 34 37 36 38 39 40 41 42 43 44 45 48 46 47 49 50 53 51 52 54 55 56 57 60 58 63 59 61 62 64 65 66 67 68 69 72 70 73 76 74 77 71 75 79 78 80 81 83 85 82 84 86 87 90 88 89 93 91 94 95 92 97 96 99 98 
0 1 2 3 4 5 6 7 8 9 11 10 13 12 15 16 14 19 17 18 20 21 22 24 23 27 25 26 30 28 32 31 29 33 35 34 36 37 38 39 40 41 43 42 44 45 48 46 47 49 50 51 53 52 54 55 56 57 60 58 59 63 61 62 64 65 67 66 68 69 72 70 73 74 76 77 71 75 79 78 81 80 83 85 84 82 86 87 90 88 89 93 91 94 95 92 97 96 99 98 
0 1 2 3 4 5 6 7 8 9 11 10 13 15 16 14 19 12 17 18 20 21 22 24 23 27 30 25 26 28 31 32 29 33 34 35 36 37 38 39 40 42 44 43 45 41 47 48 46 49 50 53 51 54 55 56 52 57 59 60 58 63 61 62 64 65 67 66 68 69 73 72 70 74 76 71 77 75 79 78 80 81 83 85 82 84 86 87 90 88 89 93 91 94 95 92 97 96 99 98 
0 1 2 3 4 5 6 7 8 9 11 10 13 12 15 16 14 19 17 18 20 21 22 24 27 23 30 25 26 28 32 31 29 33 35 34 36 37 38 39 41 40 44 43 42 45 48 46 47 49 53 50 51 54 55 52 56 60 57 59 58 63 61 62 65 64 67 66 68 69 72 70 73 76 74 77 71 75 79 78 80 81 83 85 82 84 86 87 90 88 89 93 91 94 95 92 97 96 99 98 
0 1 2 3 4 5 6 7 8 9 11 10 13 12 15 16 14 19 18 17 20 21 22 24 27 23 30 25 26 32 28 31 29 33 35 34 36 37 38 39 40 41 43 42 44 45 46 48 47 49 50 53 54 51 52 55 56 57 60 58 59 63 61 62 64 65 67 66 69 68 70 72 73 74 76 71 77 75 79 78 80 81 83 85 82 84 86 87 90 88 89 93 91 94 95 92 97 96 99 98 
0 1 2 3 4 5 6 7 8 9 11 10 13 12 15 16 14 19 17 18 20 21 22 24 27 23 30 25 26 28 32 31 29 35 34 36 33 37 39 38 43 41 40 42 44 45 48 46 47 49 50 53 51 52 54 55 56 57 60 58 59 61 63 62 64 65 67 66 69 68 70 77 73 76 74 71 72 75 79 78 80 81 83 85 82 84 86 87 90 88 89 93 91 94 95 92 97 96 99 98 
0 2 3 4 5 1 6 8 9 7 10 11 13 12 19 15 16 14 17 18 22 21 20 24 27 23 25 26 30 28 32 31 29 33 35 34 37 38 36 39 41 40 42 44 43 45 48 46 47 49 50 53 51 52 54 55 56 57 60 59 63 58 61 62 64 65 67 66 70 68 69 73 72 74 76 71 77 75 79 78 80 81 83 85 82 84 86 87 90 88 93 89 91 94 95 92 97 96 99 98 
0 1 2 3 4 5 6 7 8 9 11 10 13 12 19 14 15 16 17 18 20 21 22 24 27 23 30 25 26 28 32 31 29 33 35 34 36 37 38 39 40 41 43 42 44 45 48 46 47 50 49 53 51 52 54 55 56 57 58 60 59 63 61 64 62 65 67 66 68 69 72 70 73 74 76 75 77 71 79 78 80 81 83 85 82 84 86 87 90 88 89 93 91 94 95 92 97 96 99 98 
0 1 2 3 4 5 6 7 8 9 10 13 12 15 16 11 19 14 17 18 20 22 21 24 27 23 25 26 30 28 31 32 29 33 35 34 36 37 38 39 41 40 43 42 44 45 48 46 47 49 50 53 51 54 55 52 56 57 59 63 60 58 62 61 64 65 67 66 68 69 72 70 73 74 76 77 71 75 79 78 80 81 83 84 85 82 86 87 90 88 89 93 91 94 95 92 97 96 99 98 
0 1 2 3 4 5 6 7 8 9 11 10 13 12 15 16 14 19 17 18 20 21 22 24 27 23 30 25 26 28 32 31 29 33 34 35 36 37 38 39 40 41 42 45 43 44 46 47 48 50 49 53 51 54 52 55 56 57 60 58 59 65 63 61 62 64 67 66 68 69 72 70 73 74 76 77 71 75 79 78 80 81 83 85 82 84 86 87 90 88 89 93 91 94 95 92 97 96 99 98 
0 1 2 3 4 5 6 7 8 9 11 10 13 12 16 15 14 19 17 18 20 21 22 24 27 23 30 25 26 28 32 31 29 33 35 36 34 37 39 38 40 41 43 42 44 45 48 46 47 49 50 53 52 54 51 55 56 57 60 58 59 63 61 62 65 66 67 64 69 68 72 70 73 74 76 77 71 75 78 79 81 80 83 85 82 84 86 87 90 88 89 93 91 94 95 92 97 96 99 98 
0 1 2 3 4 5 6 7 8 9 11 10 13 12 15 16 14 19 18 17 20 21 22 24 27 23 30 25 26 32 31 28 29 33 35 34 36 37 39 40 41 44 38 43 42 45 48 47 46 49 50 53 51 52 54 55 56 57 60 58 59 63 61 62 64 65 67 66 68 69 72 70 73 74 76 71 77 75 79 78 80 81 83 85 82 84 86 87 90 88 89 93 91 94 95 92 97 96 99 98 
0 1 2 3 4 5 6 7 9 11 10 13 12 15 16 14 8 19 17 20 18 22 21 24 23 27 30 25 26 28 32 31 29 33 36 35 34 39 38 37 41 40 42 44 43 45 48 46 47 49 50 53 51 52 54 55 57 56 60 58 59 63 61 64 62 65 66 69 67 68 72 70 73 76 74 71 77 75 79 78 81 80 83 82 85 84 86 87 90 88 89 91 93 94 95 92 97 96 99 98 
0 1 2 3 4 5 6 7 8 9 11 10 13 12 15 16 14 19 17 18 20 21 22 24 27 23 30 25 26 28 32 31 29 33 35 34 36 37 38 39 40 41 43 42 44 45 48 46 47 49 50 53 51 52 54 55 56 57 60 58 59 63 61 64 65 67 62 66 68 69 73 70 72 74 76 77 71 75 79 78 80 81 83 85 82 84 86 87 90 88 89 93 91 94 95 92 97 96 99 98 
0 1 2 3 4 5 6 7 9 8 11 10 13 12 15 16 14 19 17 18 20 21 22 24 27 23 30 25 26 32 28 31 29 33 35 34 36 37 38 39 40 41 43 42 44 45 48 46 47 49 50 53 51 52 54 55 56 57 60 58 59 63 61 62 64 65 67 66 68 69 73 72 70 74 76 71 77 75 79 78 80 81 83 85 84 82 86 87 90 88 89 93 91 94 95 92 97 96 99 98 
0 1 2 3 4 5 6 7 8 9 11 13 10 12 15 16 14 19 17 18 21 20 22 24 27 23 30 25 32 26 28 31 29 33 35 36 34 37 38 41 43 39 40 42 45 44 48 49 47 46 50 53 51 52 54 55 56 57 60 58 59 63 61 62 64 65 66 67 68 69 72 70 73 74 71 76 77 75 79 78 80 81 83 85 82 84 86 87 90 88 89 93 91 94 95 92 97 96 99 98 
0 1 2 3 4 5 6 7 8 9 11 10 13 12 15 16 14 19 17 18 20 21 22 24 27 23 30 25 26 28 32 31 29 33 35 34 36 37 38 39 40 42 41 43 44 45 48 46 47 49 50 53 51 52 54 55 56 57 60 58 59 63 61 62 64 65 67 66 68 69 73 72 70 76 74 71 77 75 78 79 81 80 83 85 82 84 86 87 90 88 89 93 91 94 95 92 97 96 99 98 
0 1 2 3 4 5 6 7 8 9 11 10 13 15 12 16 14 19 18 17 20 21 22 24 27 23 25 26 30 28 32 31 29 33 35 34 36 37 38 39 40 41 43 42 44 45 48 46 47 49 50 53 51 52 54 55 57 56 60 58 59 63 61 62 64 65 67 66 68 69 72 73 70 74 71 76 77 75 79 78 80 81 83 85 82 84 86 87 90 88 89 93 91 94 95 92 97 96 99 98 
0 1 2 3 4 5 6 7 8 9 11 10 13 12 15 16 14 19 18 17 20 21 22 24 27 23 30 25 26 28 32 31 29 33 35 34 36 37 38 39 40 41 42 43 44 45 48 46 47 49 50 51 53 52 54 55 56 57 60 58 59 63 61 62 64 67 65 66 68 69 72 70 73 74 76 71 77 75 79 78 80 81 83 85 82 86 84 87 90 88 89 93 91 94 95 92 97 96 99 98 
0 1 2 3 4 5 6 7 8 9 11 10 13 12 15 16 14 19 17 18 20 21 22 24 27 23 30 25 28 26 32 31 29 33 34 35 36 37 38 39 40 41 43 42 44 45 48 46 47 49 50 53 51 52 56 54 55 57 60 58 63 59 61 62 65 64 66 67 68 69 70 72 73 76 74 71 77 79 75 78 80 81 83 85 82 84 86 87 88 90 89 93 91 94 95 92 97 96 99 98 
0 1 2 3 4 5 6 7 8 9 11 10 13 12 15 16 14 19 18 17 20 21 22 24 27 23 30 25 28 26 31 32 29 33 35 34 36 37 38 39 40 41 43 44 42 45 48 46 47 49 50 53 54 51 55 52 56 57 60 59 58 63 62 61 64 65 67 66 68 69 70 73 72 74 76 71 77 75 79 78 80 81 83 85 82 84 86 87 90 89 88 93 91 94 95 92 97 96 99 98 
0 1 2 3 4 5 6 7 8 9 11 10 13 12 15 16 19 14 17 18 20 22 21 24 27 23 30 25 26 28 32 31 29 33 35 34 36 37 38 39 40 41 42 44 43 45 46 48 47 49 50 53 51 54 52 55 56 57 60 58 59 63 61 62 64 65 67 66 68 69 72 70 73 74 76 77 71 75 79 80 78 81 83 85 82 84 86 87 90 88 89 93 91 94 95 92 97 96 99 98 
0 1 2 3 4 5 6 7 9 8 11 10 13 12 15 16 14 19 17 18 20 21 22 24 27 23 30 25 26 32 31 33 29 28 35 34 36 37 38 39 40 41 42 44 43 45 48 46 47 49 50 53 51 54 52 55 60 56 57 58 59 63 61 62 64 65 67 66 69 68 72 70 73 74 76 71 77 75 78 79 80 81 83 85 82 84 86 87 90 88 89 93 91 94 95 92 97 96 99 98 
0 1 2 4 5 6 7 8 9 10 11 13 12 3 15 16 14 18 17 19 20 21 22 23 24 27 25 26 30 28 32 31 29 33 35 34 36 37 38 39 40 41 43 42 44 45 48 46 47 49 50 53 51 52 54 55 56 57 60 58 59 61 63 62 64 65 66 67 68 69 72 70 73 74 76 77 71 75 79 78 80 81 83 82 84 85 86 87 90 88 89 93 91 94 95 92 97 96 99 98 
0 1 2 3 4 5 6 7 8 9 11 10 13 12 15 16 14 19 17 18 20 22 21 27 24 23 30 25 26 28 31 32 29 33 35 34 36 37 39 38 41 40 42 44 43 45 48 47 46 50 49 51 53 54 52 55 56 57 60 58 59 62 61 63 64 65 69 67 66 68 72 70 73 76 71 74 77 75 79 80 78 81 83 85 84 82 86 87 90 88 89 93 91 94 95 92 97 96 99 98 
0 1 2 3 4 5 6 7 8 9 11 10 13 15 12 16 14 19 17 18 20 21 22 24 27 23 25 30 32 31 28 26 29 33 35 34 36 38 37 41 39 40 42 45 43 44 48 46 47 49 50 53 51 52 54 55 60 56 57 59 58 63 61 62 64 65 66 67 68 69 72 70 73 74 76 77 71 75 79 78 80 81 83 85 82 84 86 87 90 88 89 93 91 94 95 92 97 96 99 98 
0 1 2 3 4 5 6 7 8 9 11 10 13 12 15 16 19 14 17 18 20 21 22 24 27 23 25 26 30 28 32 31 29 33 34 35 38 36 37 39 40 43 42 41 44 45 48 46 47 49 50 53 51 52 54 55 56 57 60 58 59 63 61 64 62 65 67 66 68 69 73 72 70 74 76 77 71 75 79 78 80 83 81 85 82 84 86 87 90 88 89 93 91 94 95 92 97 96 99 98 

Rank matrix
100 0 0 0 0 0 0 0 0 0 0 0 0 0 0 0 0 0 0 0 0 0 0 0 0 0 0 0 0 0 0 0 0 0 0 0 0 0 0 0 0 0 0 0 0 0 0 0 0 0 0 0 0 0 0 0 0 0 0 0 0 0 0 0 0 0 0 0 0 0 0 0 0 0 0 0 0 0 0 0 0 0 0 0 0 0 0 0 0 0 0 0 0 0 0 0 0 0 0 0 
0 98 1 0 0 1 0 0 0 0 0 0 0 0 0 0 0 0 0 0 0 0 0 0 0 0 0 0 0 0 0 0 0 0 0 0 0 0 0 0 0 0 0 0 0 0 0 0 0 0 0 0 0 0 0 0 0 0 0 0 0 0 0 0 0 0 0 0 0 0 0 0 0 0 0 0 0 0 0 0 0 0 0 0 0 0 0 0 0 0 0 0 0 0 0 0 0 0 0 0 
0 2 98 0 0 0 0 0 0 0 0 0 0 0 0 0 0 0 0 0 0 0 0 0 0 0 0 0 0 0 0 0 0 0 0 0 0 0 0 0 0 0 0 0 0 0 0 0 0 0 0 0 0 0 0 0 0 0 0 0 0 0 0 0 0 0 0 0 0 0 0 0 0 0 0 0 0 0 0 0 0 0 0 0 0 0 0 0 0 0 0 0 0 0 0 0 0 0 0 0 
0 0 1 98 0 0 0 0 0 0 0 0 0 1 0 0 0 0 0 0 0 0 0 0 0 0 0 0 0 0 0 0 0 0 0 0 0 0 0 0 0 0 0 0 0 0 0 0 0 0 0 0 0 0 0 0 0 0 0 0 0 0 0 0 0 0 0 0 0 0 0 0 0 0 0 0 0 0 0 0 0 0 0 0 0 0 0 0 0 0 0 0 0 0 0 0 0 0 0 0 
0 0 0 2 98 0 0 0 0 0 0 0 0 0 0 0 0 0 0 0 0 0 0 0 0 0 0 0 0 0 0 0 0 0 0 0 0 0 0 0 0 0 0 0 0 0 0 0 0 0 0 0 0 0 0 0 0 0 0 0 0 0 0 0 0 0 0 0 0 0 0 0 0 0 0 0 0 0 0 0 0 0 0 0 0 0 0 0 0 0 0 0 0 0 0 0 0 0 0 0 
0 0 0 0 2 96 2 0 0 0 0 0 0 0 0 0 0 0 0 0 0 0 0 0 0 0 0 0 0 0 0 0 0 0 0 0 0 0 0 0 0 0 0 0 0 0 0 0 0 0 0 0 0 0 0 0 0 0 0 0 0 0 0 0 0 0 0 0 0 0 0 0 0 0 0 0 0 0 0 0 0 0 0 0 0 0 0 0 0 0 0 0 0 0 0 0 0 0 0 0 
0 0 0 0 0 3 95 1 0 0 0 1 0 0 0 0 0 0 0 0 0 0 0 0 0 0 0 0 0 0 0 0 0 0 0 0 0 0 0 0 0 0 0 0 0 0 0 0 0 0 0 0 0 0 0 0 0 0 0 0 0 0 0 0 0 0 0 0 0 0 0 0 0 0 0 0 0 0 0 0 0 0 0 0 0 0 0 0 0 0 0 0 0 0 0 0 0 0 0 0 
0 0 0 0 0 0 3 96 0 1 0 0 0 0 0 0 0 0 0 0 0 0 0 0 0 0 0 0 0 0 0 0 0 0 0 0 0 0 0 0 0 0 0 0 0 0 0 0 0 0 0 0 0 0 0 0 0 0 0 0 0 0 0 0 0 0 0 0 0 0 0 0 0 0 0 0 0 0 0 0 0 0 0 0 0 0 0 0 0 0 0 0 0 0 0 0 0 0 0 0 
0 0 0 0 0 0 0 3 87 9 0 0 0 0 0 0 1 0 0 0 0 0 0 0 0 0 0 0 0 0 0 0 0 0 0 0 0 0 0 0 0 0 0 0 0 0 0 0 0 0 0 0 0 0 0 0 0 0 0 0 0 0 0 0 0 0 0 0 0 0 0 0 0 0 0 0 0 0 0 0 0 0 0 0 0 0 0 0 0 0 0 0 0 0 0 0 0 0 0 0 
0 0 0 0 0 0 0 0 12 86 2 0 0 0 0 0 0 0 0 0 0 0 0 0 0 0 0 0 0 0 0 0 0 0 0 0 0 0 0 0 0 0 0 0 0 0 0 0 0 0 0 0 0 0 0 0 0 0 0 0 0 0 0 0 0 0 0 0 0 0 0 0 0 0 0 0 0 0 0 0 0 0 0 0 0 0 0 0 0 0 0 0 0 0 0 0 0 0 0 0 
0 0 0 0 0 0 0 0 0 1 6 83 10 0 0 0 0 0 0 0 0 0 0 0 0 0 0 0 0 0 0 0 0 0 0 0 0 0 0 0 0 0 0 0 0 0 0 0 0 0 0 0 0 0 0 0 0 0 0 0 0 0 0 0 0 0 0 0 0 0 0 0 0 0 0 0 0 0 0 0 0 0 0 0 0 0 0 0 0 0 0 0 0 0 0 0 0 0 0 0 
0 0 0 0 0 0 0 0 1 3 91 4 0 0 0 1 0 0 0 0 0 0 0 0 0 0 0 0 0 0 0 0 0 0 0 0 0 0 0 0 0 0 0 0 0 0 0 0 0 0 0 0 0 0 0 0 0 0 0 0 0 0 0 0 0 0 0 0 0 0 0 0 0 0 0 0 0 0 0 0 0 0 0 0 0 0 0 0 0 0 0 0 0 0 0 0 0 0 0 0 
0 0 0 0 0 0 0 0 0 0 0 0 3 89 5 2 0 1 0 0 0 0 0 0 0 0 0 0 0 0 0 0 0 0 0 0 0 0 0 0 0 0 0 0 0 0 0 0 0 0 0 0 0 0 0 0 0 0 0 0 0 0 0 0 0 0 0 0 0 0 0 0 0 0 0 0 0 0 0 0 0 0 0 0 0 0 0 0 0 0 0 0 0 0 0 0 0 0 0 0 
0 0 0 0 0 0 0 0 0 0 1 11 87 1 0 0 0 0 0 0 0 0 0 0 0 0 0 0 0 0 0 0 0 0 0 0 0 0 0 0 0 0 0 0 0 0 0 0 0 0 0 0 0 0 0 0 0 0 0 0 0 0 0 0 0 0 0 0 0 0 0 0 0 0 0 0 0 0 0 0 0 0 0 0 0 0 0 0 0 0 0 0 0 0 0 0 0 0 0 0 
0 0 0 0 0 0 0 0 0 0 0 0 0 0 0 4 74 21 1 0 0 0 0 0 0 0 0 0 0 0 0 0 0 0 0 0 0 0 0 0 0 0 0 0 0 0 0 0 0 0 0 0 0 0 0 0 0 0 0 0 0 0 0 0 0 0 0 0 0 0 0 0 0 0 0 0 0 0 0 0 0 0 0 0 0 0 0 0 0 0 0 0 0 0 0 0 0 0 0 0 
0 0 0 0 0 0 0 0 0 0 0 1 0 8 75 15 1 0 0 0 0 0 0 0 0 0 0 0 0 0 0 0 0 0 0 0 0 0 0 0 0 0 0 0 0 0 0 0 0 0 0 0 0 0 0 0 0 0 0 0 0 0 0 0 0 0 0 0 0 0 0 0 0 0 0 0 0 0 0 0 0 0 0 0 0 0 0 0 0 0 0 0 0 0 0 0 0 0 0 0 
0 0 0 0 0 0 0 0 0 0 0 0 0 1 15 76 6 2 0 0 0 0 0 0 0 0 0 0 0 0 0 0 0 0 0 0 0 0 0 0 0 0 0 0 0 0 0 0 0 0 0 0 0 0 0 0 0 0 0 0 0 0 0 0 0 0 0 0 0 0 0 0 0 0 0 0 0 0 0 0 0 0 0 0 0 0 0 0 0 0 0 0 0 0 0 0 0 0 0 0 
0 0 0 0 0 0 0 0 0 0 0 0 0 0 0 0 0 1 81 17 1 0 0 0 0 0 0 0 0 0 0 0 0 0 0 0 0 0 0 0 0 0 0 0 0 0 0 0 0 0 0 0 0 0 0 0 0 0 0 0 0 0 0 0 0 0 0 0 0 0 0 0 0 0 0 0 0 0 0 0 0 0 0 0 0 0 0 0 0 0 0 0 0 0 0 0 0 0 0 0 
0 0 0 0 0 0 0 0 0 0 0 0 0 0 0 0 0 3 16 78 3 0 0 0 0 0 0 0 0 0 0 0 0 0 0 0 0 0 0 0 0 0 0 0 0 0 0 0 0 0 0 0 0 0 0 0 0 0 0 0 0 0 0 0 0 0 0 0 0 0 0 0 0 0 0 0 0 0 0 0 0 0 0 0 0 0 0 0 0 0 0 0 0 0 0 0 0 0 0 0 
0 0 0 0 0 0 0 0 0 0 0 0 0 0 5 2 18 72 2 1 0 0 0 0 0 0 0 0 0 0 0 0 0 0 0 0 0 0 0 0 0 0 0 0 0 0 0 0 0 0 0 0 0 0 0 0 0 0 0 0 0 0 0 0 0 0 0 0 0 0 0 0 0 0 0 0 0 0 0 0 0 0 0 0 0 0 0 0 0 0 0 0 0 0 0 0 0 0 0 0 
0 0 0 0 0 0 0 0 0 0 0 0 0 0 0 0 0 0 0 3 88 8 1 0 0 0 0 0 0 0 0 0 0 0 0 0 0 0 0 0 0 0 0 0 0 0 0 0 0 0 0 0 0 0 0 0 0 0 0 0 0 0 0 0 0 0 0 0 0 0 0 0 0 0 0 0 0 0 0 0 0 0 0 0 0 0 0 0 0 0 0 0 0 0 0 0 0 0 0 0 
0 0 0 0 0 0 0 0 0 0 0 0 0 0 0 0 0 0 0 1 6 78 14 0 0 1 0 0 0 0 0 0 0 0 0 0 0 0 0 0 0 0 0 0 0 0 0 0 0 0 0 0 0 0 0 0 0 0 0 0 0 0 0 0 0 0 0 0 0 0 0 0 0 0 0 0 0 0 0 0 0 0 0 0 0 0 0 0 0 0 0 0 0 0 0 0 0 0 0 0 
0 0 0 0 0 0 0 0 0 0 0 0 0 0 0 0 0 0 0 0 2 14 84 0 0 0 0 0 0 0 0 0 0 0 0 0 0 0 0 0 0 0 0 0 0 0 0 0 0 0 0 0 0 0 0 0 0 0 0 0 0 0 0 0 0 0 0 0 0 0 0 0 0 0 0 0 0 0 0 0 0 0 0 0 0 0 0 0 0 0 0 0 0 0 0 0 0 0 0 0 
0 0 0 0 0 0 0 0 0 0 0 0 0 0 0 0 0 0 0 0 0 0 0 2 20 77 1 0 0 0 0 0 0 0 0 0 0 0 0 0 0 0 0 0 0 0 0 0 0 0 0 0 0 0 0 0 0 0 0 0 0 0 0 0 0 0 0 0 0 0 0 0 0 0 0 0 0 0 0 0 0 0 0 0 0 0 0 0 0 0 0 0 0 0 0 0 0 0 0 0 
0 0 0 0 0 0 0 0 0 0 0 0 0 0 0 0 0 0 0 0 0 0 1 91 7 1 0 0 0 0 0 0 0 0 0 0 0 0 0 0 0 0 0 0 0 0 0 0 0 0 0 0 0 0 0 0 0 0 0 0 0 0 0 0 0 0 0 0 0 0 0 0 0 0 0 0 0 0 0 0 0 0 0 0 0 0 0 0 0 0 0 0 0 0 0 0 0 0 0 0 
0 0 0 0 0 0 0 0 0 0 0 0 0 0 0 0 0 0 0 0 0 0 0 0 0 0 28 67 5 0 0 0 0 0 0 0 0 0 0 0 0 0 0 0 0 0 0 0 0 0 0 0 0 0 0 0 0 0 0 0 0 0 0 0 0 0 0 0 0 0 0 0 0 0 0 0 0 0 0 0 0 0 0 0 0 0 0 0 0 0 0 0 0 0 0 0 0 0 0 0 
0 0 0 0 0 0 0 0 0 0 0 0 0 0 0 0 0 0 0 0 0 0 0 0 0 1 3 22 58 13 0 2 1 0 0 0 0 0 0 0 0 0 0 0 0 0 0 0 0 0 0 0 0 0 0 0 0 0 0 0 0 0 0 0 0 0 0 0 0 0 0 0 0 0 0 0 0 0 0 0 0 0 0 0 0 0 0 0 0 0 0 0 0 0 0 0 0 0 0 0 
0 0 0 0 0 0 0 0 0 0 0 0 0 0 0 0 0 0 0 0 0 0 0 7 73 19 1 0 0 0 0 0 0 0 0 0 0 0 0 0 0 0 0 0 0 0 0 0 0 0 0 0 0 0 0 0 0 0 0 0 0 0 0 0 0 0 0 0 0 0 0 0 0 0 0 0 0 0 0 0 0 0 0 0 0 0 0 0 0 0 0 0 0 0 0 0 0 0 0 0 
0 0 0 0 0 0 0 0 0 0 0 0 0 0 0 0 0 0 0 0 0 0 0 0 0 1 0 2 11 69 8 3 5 1 0 0 0 0 0 0 0 0 0 0 0 0 0 0 0 0 0 0 0 0 0 0 0 0 0 0 0 0 0 0 0 0 0 0 0 0 0 0 0 0 0 0 0 0 0 0 0 0 0 0 0 0 0 0 0 0 0 0 0 0 0 0 0 0 0 0 
0 0 0 0 0 0 0 0 0 0 0 0 0 0 0 0 0 0 0 0 0 0 0 0 0 0 0 0 0 0 2 8 74 15 1 0 0 0 0 0 0 0 0 0 0 0 0 0 0 0 0 0 0 0 0 0 0 0 0 0 0 0 0 0 0 0 0 0 0 0 0 0 0 0 0 0 0 0 0 0 0 0 0 0 0 0 0 0 0 0 0 0 0 0 0 0 0 0 0 0 
0 0 0 0 0 0 0 0 0 0 0 0 0 0 0 0 0 0 0 0 0 0 0 0 0 0 67 9 22 1 0 0 0 0 0 1 0 0 0 0 0 0 0 0 0 0 0 0 0 0 0 0 0 0 0 0 0 0 0 0 0 0 0 0 0 0 0 0 0 0 0 0 0 0 0 0 0 0 0 0 0 0 0 0 0 0 0 0 0 0 0 0 0 0 0 0 0 0 0 0 
0 0 0 0 0 0 0 0 0 0 0 0 0 0 0 0 0 0 0 0 0 0 0 0 0 0 0 0 0 2 21 71 5 0 0 0 1 0 0 0 0 0 0 0 0 0 0 0 0 0 0 0 0 0 0 0 0 0 0 0 0 0 0 0 0 0 0 0 0 0 0 0 0 0 0 0 0 0 0 0 0 0 0 0 0 0 0 0 0 0 0 0 0 0 0 0 0 0 0 0 
0 0 0 0 0 0 0 0 0 0 0 0 0 0 0 0 0 0 0 0 0 0 0 0 0 0 0 0 4 15 69 12 0 0 0 0 0 0 0 0 0 0 0 0 0 0 0 0 0 0 0 0 0 0 0 0 0 0 0 0 0 0 0 0 0 0 0 0 0 0 0 0 0 0 0 0 0 0 0 0 0 0 0 0 0 0 0 0 0 0 0 0 0 0 0 0 0 0 0 0 
0 0 0 0 0 0 0 0 0 0 0 0 0 0 0 0 0 0 0 0 0 0 0 0 0 0 0 0 0 0 0 4 14 79 2 0 1 0 0 0 0 0 0 0 0 0 0 0 0 0 0 0 0 0 0 0 0 0 0 0 0 0 0 0 0 0 0 0 0 0 0 0 0 0 0 0 0 0 0 0 0 0 0 0 0 0 0 0 0 0 0 0 0 0 0 0 0 0 0 0 
0 0 0 0 0 0 0 0 0 0 0 0 0 0 0 0 0 0 0 0 0 0 0 0 0 0 0 0 0 0 0 0 0 0 18 73 8 1 0 0 0 0 0 0 0 0 0 0 0 0 0 0 0 0 0 0 0 0 0 0 0 0 0 0 0 0 0 0 0 0 0 0 0 0 0 0 0 0 0 0 0 0 0 0 0 0 0 0 0 0 0 0 0 0 0 0 0 0 0 0 
0 0 0 0 0 0 0 0 0 0 0 0 0 0 0 0 0 0 0 0 0 0 0 0 0 0 0 0 0 0 0 0 1 4 75 18 2 0 0 0 0 0 0 0 0 0 0 0 0 0 0 0 0 0 0 0 0 0 0 0 0 0 0 0 0 0 0 0 0 0 0 0 0 0 0 0 0 0 0 0 0 0 0 0 0 0 0 0 0 0 0 0 0 0 0 0 0 0 0 0 
0 0 0 0 0 0 0 0 0 0 0 0 0 0 0 0 0 0 0 0 0 0 0 0 0 0 0 0 0 0 0 0 0 1 4 7 78 7 3 0 0 0 0 0 0 0 0 0 0 0 0 0 0 0 0 0 0 0 0 0 0 0 0 0 0 0 0 0 0 0 0 0 0 0 0 0 0 0 0 0 0 0 0 0 0 0 0 0 0 0 0 0 0 0 0 0 0 0 0 0 
0 0 0 0 0 0 0 0 0 0 0 0 0 0 0 0 0 0 0 0 0 0 0 0 0 0 0 0 0 0 0 0 0 0 0 1 9 85 4 1 0 0 0 0 0 0 0 0 0 0 0 0 0 0 0 0 0 0 0 0 0 0 0 0 0 0 0 0 0 0 0 0 0 0 0 0 0 0 0 0 0 0 0 0 0 0 0 0 0 0 0 0 0 0 0 0 0 0 0 0 
0 0 0 0 0 0 0 0 0 0 0 0 0 0 0 0 0 0 0 0 0 0 0 0 0 0 0 0 0 0 0 0 0 0 0 0 1 5 81 10 2 0 1 0 0 0 0 0 0 0 0 0 0 0 0 0 0 0 0 0 0 0 0 0 0 0 0 0 0 0 0 0 0 0 0 0 0 0 0 0 0 0 0 0 0 0 0 0 0 0 0 0 0 0 0 0 0 0 0 0 
0 0 0 0 0 0 0 0 0 0 0 0 0 0 0 0 0 0 0 0 0 0 0 0 0 0 0 0 0 0 0 0 0 0 0 0 0 2 11 81 5 1 0 0 0 0 0 0 0 0 0 0 0 0 0 0 0 0 0 0 0 0 0 0 0 0 0 0 0 0 0 0 0 0 0 0 0 0 0 0 0 0 0 0 0 0 0 0 0 0 0 0 0 0 0 0 0 0 0 0 
0 0 0 0 0 0 0 0 0 0 0 0 0 0 0 0 0 0 0 0 0 0 0 0 0 0 0 0 0 0 0 0 0 0 0 0 0 0 0 4 72 21 2 0 1 0 0 0 0 0 0 0 0 0 0 0 0 0 0 0 0 0 0 0 0 0 0 0 0 0 0 0 0 0 0 0 0 0 0 0 0 0 0 0 0 0 0 0 0 0 0 0 0 0 0 0 0 0 0 0 
0 0 0 0 0 0 0 0 0 0 0 0 0 0 0 0 0 0 0 0 0 0 0 0 0 0 0 0 0 0 0 0 0 0 0 0 0 0 0 4 17 70 6 1 0 2 0 0 0 0 0 0 0 0 0 0 0 0 0 0 0 0 0 0 0 0 0 0 0 0 0 0 0 0 0 0 0 0 0 0 0 0 0 0 0 0 0 0 0 0 0 0 0 0 0 0 0 0 0 0 
0 0 0 0 0 0 0 0 0 0 0 0 0 0 0 0 0 0 0 0 0 0 0 0 0 0 0 0 0 0 0 0 0 0 0 0 0 0 1 0 1 4 28 55 10 1 0 0 0 0 0 0 0 0 0 0 0 0 0 0 0 0 0 0 0 0 0 0 0 0 0 0 0 0 0 0 0 0 0 0 0 0 0 0 0 0 0 0 0 0 0 0 0 0 0 0 0 0 0 0 
0 0 0 0 0 0 0 0 0 0 0 0 0 0 0 0 0 0 0 0 0 0 0 0 0 0 0 0 0 0 0 0 0 0 0 0 0 0 0 0 2 1 52 17 25 3 0 0 0 0 0 0 0 0 0 0 0 0 0 0 0 0 0 0 0 0 0 0 0 0 0 0 0 0 0 0 0 0 0 0 0 0 0 0 0 0 0 0 0 0 0 0 0 0 0 0 0 0 0 0 
0 0 0 0 0 0 0 0 0 0 0 0 0 0 0 0 0 0 0 0 0 0 0 0 0 0 0 0 0 0 0 0 0 0 0 0 0 0 0 0 1 3 10 23 48 10 4 0 0 0 0 1 0 0 0 0 0 0 0 0 0 0 0 0 0 0 0 0 0 0 0 0 0 0 0 0 0 0 0 0 0 0 0 0 0 0 0 0 0 0 0 0 0 0 0 0 0 0 0 0 
0 0 0 0 0 0 0 0 0 0 0 0 0 0 0 0 0 0 0 0 0 0 0 0 0 0 0 0 0 0 0 0 0 0 0 0 0 0 0 0 0 0 1 4 16 78 1 0 0 0 0 0 0 0 0 0 0 0 0 0 0 0 0 0 0 0 0 0 0 0 0 0 0 0 0 0 0 0 0 0 0 0 0 0 0 0 0 0 0 0 0 0 0 0 0 0 0 0 0 0 
0 0 0 0 0 0 0 0 0 0 0 0 0 0 0 0 0 0 0 0 0 0 0 0 0 0 0 0 0 0 0 0 0 0 0 0 0 0 0 0 0 0 0 0 0 2 22 67 7 2 0 0 0 0 0 0 0 0 0 0 0 0 0 0 0 0 0 0 0 0 0 0 0 0 0 0 0 0 0 0 0 0 0 0 0 0 0 0 0 0 0 0 0 0 0 0 0 0 0 0 
0 0 0 0 0 0 0 0 0 0 0 0 0 0 0 0 0 0 0 0 0 0 0 0 0 0 0 0 0 0 0 0 0 0 0 0 0 0 0 0 0 0 0 0 0 0 1 14 82 3 0 0 0 0 0 0 0 0 0 0 0 0 0 0 0 0 0 0 0 0 0 0 0 0 0 0 0 0 0 0 0 0 0 0 0 0 0 0 0 0 0 0 0 0 0 0 0 0 0 0 
0 0 0 0 0 0 0 0 0 0 0 0 0 0 0 0 0 0 0 0 0 0 0 0 0 0 0 0 0 0 0 0 0 0 0 0 0 0 0 0 0 0 0 0 0 4 72 17 4 0 1 1 0 0 1 0 0 0 0 0 0 0 0 0 0 0 0 0 0 0 0 0 0 0 0 0 0 0 0 0 0 0 0 0 0 0 0 0 0 0 0 0 0 0 0 0 0 0 0 0 
0 0 0 0 0 0 0 0 0 0 0 0 0 0 0 0 0 0 0 0 0 0 0 0 0 0 0 0 0 0 0 0 0 0 0 0 0 0 0 0 0 0 0 0 0 0 0 1 5 82 9 3 0 0 0 0 0 0 0 0 0 0 0 0 0 0 0 0 0 0 0 0 0 0 0 0 0 0 0 0 0 0 0 0 0 0 0 0 0 0 0 0 0 0 0 0 0 0 0 0 
0 0 0 0 0 0 0 0 0 0 0 0 0 0 0 0 0 0 0 0 0 0 0 0 0 0 0 0 0 0 0 0 0 0 0 0 0 0 0 0 0 0 0 0 0 0 0 1 2 12 79 5 0 0 1 0 0 0 0 0 0 0 0 0 0 0 0 0 0 0 0 0 0 0 0 0 0 0 0 0 0 0 0 0 0 0 0 0 0 0 0 0 0 0 0 0 0 0 0 0 
0 0 0 0 0 0 0 0 0 0 0 0 0 0 0 0 0 0 0 0 0 0 0 0 0 0 0 0 0 0 0 0 0 0 0 0 0 0 0 0 0 0 0 0 0 0 0 0 0 0 3 11 75 10 1 0 0 0 0 0 0 0 0 0 0 0 0 0 0 0 0 0 0 0 0 0 0 0 0 0 0 0 0 0 0 0 0 0 0 0 0 0 0 0 0 0 0 0 0 0 
0 0 0 0 0 0 0 0 0 0 0 0 0 0 0 0 0 0 0 0 0 0 0 0 0 0 0 0 0 0 0 0 0 0 0 0 0 0 0 0 0 0 0 0 0 0 0 0 0 0 0 0 2 62 23 12 1 0 0 0 0 0 0 0 0 0 0 0 0 0 0 0 0 0 0 0 0 0 0 0 0 0 0 0 0 0 0 0 0 0 0 0 0 0 0 0 0 0 0 0 
0 0 0 0 0 0 0 0 0 0 0 0 0 0 0 0 0 0 0 0 0 0 0 0 0 0 0 0 0 0 0 0 0 0 0 0 0 0 0 0 0 0 0 0 0 0 0 0 0 1 8 77 13 1 0 0 0 0 0 0 0 0 0 0 0 0 0 0 0 0 0 0 0 0 0 0 0 0 0 0 0 0 0 0 0 0 0 0 0 0 0 0 0 0 0 0 0 0 0 0 
0 0 0 0 0 0 0 0 0 0 0 0 0 0 0 0 0 0 0 0 0 0 0 0 0 0 0 0 0 0 0 0 0 0 0 0 0 0 0 0 0 0 0 0 0 0 0 0 0 0 0 1 10 26 61 2 0 0 0 0 0 0 0 0 0 0 0 0 0 0 0 0 0 0 0 0 0 0 0 0 0 0 0 0 0 0 0 0 0 0 0 0 0 0 0 0 0 0 0 0 
0 0 0 0 0 0 0 0 0 0 0 0 0 0 0 0 0 0 0 0 0 0 0 0 0 0 0 0 0 0 0 0 0 0 0 0 0 0 0 0 0 0 0 0 0 0 0 0 0 0 0 1 0 1 11 82 4 1 0 0 0 0 0 0 0 0 0 0 0 0 0 0 0 0 0 0 0 0 0 0 0 0 0 0 0 0 0 0 0 0 0 0 0 0 0 0 0 0 0 0 
0 0 0 0 0 0 0 0 0 0 0 0 0 0 0 0 0 0 0 0 0 0 0 0 0 0 0 0 0 0 0 0 0 0 0 0 0 0 0 0 0 0 0 0 0 0 0 0 0 0 0 0 0 0 2 3 86 9 0 0 0 0 0 0 0 0 0 0 0 0 0 0 0 0 0 0 0 0 0 0 0 0 0 0 0 0 0 0 0 0 0 0 0 0 0 0 0 0 0 0 
0 0 0 0 0 0 0 0 0 0 0 0 0 0 0 0 0 0 0 0 0 0 0 0 0 0 0 0 0 0 0 0 0 0 0 0 0 0 0 0 0 0 0 0 0 0 0 0 0 0 0 0 0 0 0 0 7 86 6 1 0 0 0 0 0 0 0 0 0 0 0 0 0 0 0 0 0 0 0 0 0 0 0 0 0 0 0 0 0 0 0 0 0 0 0 0 0 0 0 0 
0 0 0 0 0 0 0 0 0 0 0 0 0 0 0 0 0 0 0 0 0 0 0 0 0 0 0 0 0 0 0 0 0 0 0 0 0 0 0 0 0 0 0 0 0 0 0 0 0 0 0 0 0 0 0 1 0 0 5 76 15 3 0 0 0 0 0 0 0 0 0 0 0 0 0 0 0 0 0 0 0 0 0 0 0 0 0 0 0 0 0 0 0 0 0 0 0 0 0 0 
0 0 0 0 0 0 0 0 0 0 0 0 0 0 0 0 0 0 0 0 0 0 0 0 0 0 0 0 0 0 0 0 0 0 0 0 0 0 0 0 0 0 0 0 0 0 0 0 0 0 0 0 0 0 0 0 0 0 5 12 78 4 1 0 0 0 0 0 0 0 0 0 0 0 0 0 0 0 0 0 0 0 0 0 0 0 0 0 0 0 0 0 0 0 0 0 0 0 0 0 
0 0 0 0 0 0 0 0 0 0 0 0 0 0 0 0 0 0 0 0 0 0 0 0 0 0 0 0 0 0 0 0 0 0 0 0 0 0 0 0 0 0 0 0 0 0 0 0 0 0 0 0 0 0 0 0 2 4 84 9 1 0 0 0 0 0 0 0 0 0 0 0 0 0 0 0 0 0 0 0 0 0 0 0 0 0 0 0 0 0 0 0 0 0 0 0 0 0 0 0 
0 0 0 0 0 0 0 0 0 0 0 0 0 0 0 0 0 0 0 0 0 0 0 0 0 0 0 0 0 0 0 0 0 0 0 0 0 0 0 0 0 0 0 0 0 0 0 0 0 0 0 0 0 0 0 0 0 0 0 0 1 11 81 7 0 0 0 0 0 0 0 0 0 0 0 0 0 0 0 0 0 0 0 0 0 0 0 0 0 0 0 0 0 0 0 0 0 0 0 0 
0 0 0 0 0 0 0 0 0 0 0 0 0 0 0 0 0 0 0 0 0 0 0 0 0 0 0 0 0 0 0 0 0 0 0 0 0 0 0 0 0 0 0 0 0 0 0 0 0 0 0 0 0 0 0 0 0 0 0 0 0 1 5 78 14 1 1 0 0 0 0 0 0 0 0 0 0 0 0 0 0 0 0 0 0 0 0 0 0 0 0 0 0 0 0 0 0 0 0 0 
0 0 0 0 0 0 0 0 0 0 0 0 0 0 0 0 0 0 0 0 0 0 0 0 0 0 0 0 0 0 0 0 0 0 0 0 0 0 0 0 0 0 0 0 0 0 0 0 0 0 0 0 0 0 0 0 0 0 0 2 5 80 12 1 0 0 0 0 0 0 0 0 0 0 0 0 0 0 0 0 0 0 0 0 0 0 0 0 0 0 0 0 0 0 0 0 0 0 0 0 
0 0 0 0 0 0 0 0 0 0 0 0 0 0 0 0 0 0 0 0 0 0 0 0 0 0 0 0 0 0 0 0 0 0 0 0 0 0 0 0 0 0 0 0 0 0 0 0 0 0 0 0 0 0 0 0 0 0 0 0 0 0 0 12 71 15 1 1 0 0 0 0 0 0 0 0 0 0 0 0 0 0 0 0 0 0 0 0 0 0 0 0 0 0 0 0 0 0 0 0 
0 0 0 0 0 0 0 0 0 0 0 0 0 0 0 0 0 0 0 0 0 0 0 0 0 0 0 0 0 0 0 0 0 0 0 0 0 0 0 0 0 0 0 0 0 0 0 0 0 0 0 0 0 0 0 0 0 0 0 0 0 1 0 2 14 76 7 0 0 0 0 0 0 0 0 0 0 0 0 0 0 0 0 0 0 0 0 0 0 0 0 0 0 0 0 0 0 0 0 0 
0 0 0 0 0 0 0 0 0 0 0 0 0 0 0 0 0 0 0 0 0 0 0 0 0 0 0 0 0 0 0 0 0 0 0 0 0 0 0 0 0 0 0 0 0 0 0 0 0 0 0 0 0 0 0 0 0 0 0 0 0 0 0 0 0 3 18 75 4 0 0 0 0 0 0 0 0 0 0 0 0 0 0 0 0 0 0 0 0 0 0 0 0 0 0 0 0 0 0 0 
0 0 0 0 0 0 0 0 0 0 0 0 0 0 0 0 0 0 0 0 0 0 0 0 0 0 0 0 0 0 0 0 0 0 0 0 0 0 0 0 0 0 0 0 0 0 0 0 0 0 0 0 0 0 0 0 0 0 0 0 0 0 0 0 1 5 72 19 3 0 0 0 0 0 0 0 0 0 0 0 0 0 0 0 0 0 0 0 0 0 0 0 0 0 0 0 0 0 0 0 
0 0 0 0 0 0 0 0 0 0 0 0 0 0 0 0 0 0 0 0 0 0 0 0 0 0 0 0 0 0 0 0 0 0 0 0 0 0 0 0 0 0 0 0 0 0 0 0 0 0 0 0 0 0 0 0 0 0 0 0 0 0 0 0 0 0 0 2 75 23 0 0 0 0 0 0 0 0 0 0 0 0 0 0 0 0 0 0 0 0 0 0 0 0 0 0 0 0 0 0 
0 0 0 0 0 0 0 0 0 0 0 0 0 0 0 0 0 0 0 0 0 0 0 0 0 0 0 0 0 0 0 0 0 0 0 0 0 0 0 0 0 0 0 0 0 0 0 0 0 0 0 0 0 0 0 0 0 0 0 0 0 0 0 0 0 0 1 3 17 76 3 0 0 0 0 0 0 0 0 0 0 0 0 0 0 0 0 0 0 0 0 0 0 0 0 0 0 0 0 0 
0 0 0 0 0 0 0 0 0 0 0 0 0 0 0 0 0 0 0 0 0 0 0 0 0 0 0 0 0 0 0 0 0 0 0 0 0 0 0 0 0 0 0 0 0 0 0 0 0 0 0 0 0 0 0 0 0 0 0 0 0 0 1 0 0 0 0 0 1 0 11 65 21 1 0 0 0 0 0 0 0 0 0 0 0 0 0 0 0 0 0 0 0 0 0 0 0 0 0 0 
0 0 0 0 0 0 0 0 0 0 0 0 0 0 0 0 0 0 0 0 0 0 0 0 0 0 0 0 0 0 0 0 0 0 0 0 0 0 0 0 0 0 0 0 0 0 0 0 0 0 0 0 0 0 0 0 0 0 0 0 0 0 0 0 0 0 0 0 0 0 0 1 0 1 7 56 34 1 0 0 0 0 0 0 0 0 0 0 0 0 0 0 0 0 0 0 0 0 0 0 
0 0 0 0 0 0 0 0 0 0 0 0 0 0 0 0 0 0 0 0 0 0 0 0 0 0 0 0 0 0 0 0 0 0 0 0 0 0 0 0 0 0 0 0 0 0 0 0 0 0 0 0 0 0 0 0 0 0 0 0 0 0 0 0 0 0 0 0 0 1 77 13 8 0 0 0 1 0 0 0 0 0 0 0 0 0 0 0 0 0 0 0 0 0 0 0 0 0 0 0 
0 0 0 0 0 0 0 0 0 0 0 0 0 0 0 0 0 0 0 0 0 0 0 0 0 0 0 0 0 0 0 0 0 0 0 0 0 0 0 0 0 0 0 0 0 0 0 0 0 0 0 0 0 0 0 0 0 0 0 0 0 0 0 0 0 0 0 0 0 0 8 20 71 1 0 0 0 0 0 0 0 0 0 0 0 0 0 0 0 0 0 0 0 0 0 0 0 0 0 0 
0 0 0 0 0 0 0 0 0 0 0 0 0 0 0 0 0 0 0 0 0 0 0 0 0 0 0 0 0 0 0 0 0 0 0 0 0 0 0 0 0 0 0 0 0 0 0 0 0 0 0 0 0 0 0 0 0 0 0 0 0 0 0 0 0 0 0 0 0 0 0 0 0 83 13 3 1 0 0 0 0 0 0 0 0 0 0 0 0 0 0 0 0 0 0 0 0 0 0 0 
0 0 0 0 0 0 0 0 0 0 0 0 0 0 0 0 0 0 0 0 0 0 0 0 0 0 0 0 0 0 0 0 0 0 0 0 0 0 0 0 0 0 0 0 0 0 0 0 0 0 0 0 0 0 0 0 0 0 0 0 0 0 0 0 0 0 0 0 0 0 0 0 0 0 0 2 6 89 3 0 0 0 0 0 0 0 0 0 0 0 0 0 0 0 0 0 0 0 0 0 
0 0 0 0 0 0 0 0 0 0 0 0 0 0 0 0 0 0 0 0 0 0 0 0 0 0 0 0 0 0 0 0 0 0 0 0 0 0 0 0 0 0 0 0 0 0 0 0 0 0 0 0 0 0 0 0 0 0 0 0 0 0 0 0 0 0 0 0 0 0 1 0 0 14 79 5 1 0 0 0 0 0 0 0 0 0 0 0 0 0 0 0 0 0 0 0 0 0 0 0 
0 0 0 0 0 0 0 0 0 0 0 0 0 0 0 0 0 0 0 0 0 0 0 0 0 0 0 0 0 0 0 0 0 0 0 0 0 0 0 0 0 0 0 0 0 0 0 0 0 0 0 0 0 0 0 0 0 0 0 0 0 0 0 0 0 0 0 0 0 0 0 1 0 0 1 34 56 8 0 0 0 0 0 0 0 0 0 0 0 0 0 0 0 0 0 0 0 0 0 0 
0 0 0 0 0 0 0 0 0 0 0 0 0 0 0 0 0 0 0 0 0 0 0 0 0 0 0 0 0 0 0 0 0 0 0 0 0 0 0 0 0 0 0 0 0 0 0 0 0 0 0 0 0 0 0 0 0 0 0 0 0 0 0 0 0 0 0 0 0 0 0 0 0 0 0 0 0 0 8 83 8 1 0 0 0 0 0 0 0 0 0 0 0 0 0 0 0 0 0 0 
0 0 0 0 0 0 0 0 0 0 0 0 0 0 0 0 0 0 0 0 0 0 0 0 0 0 0 0 0 0 0 0 0 0 0 0 0 0 0 0 0 0 0 0 0 0 0 0 0 0 0 0 0 0 0 0 0 0 0 0 0 0 0 0 0 0 0 0 0 0 0 0 0 0 0 0 1 2 88 9 0 0 0 0 0 0 0 0 0 0 0 0 0 0 0 0 0 0 0 0 
0 0 0 0 0 0 0 0 0 0 0 0 0 0 0 0 0 0 0 0 0 0 0 0 0 0 0 0 0 0 0 0 0 0 0 0 0 0 0 0 0 0 0 0 0 0 0 0 0 0 0 0 0 0 0 0 0 0 0 0 0 0 0 0 0 0 0 0 0 0 0 0 0 0 0 0 0 0 1 7 82 10 0 0 0 0 0 0 0 0 0 0 0 0 0 0 0 0 0 0 
0 0 0 0 0 0 0 0 0 0 0 0 0 0 0 0 0 0 0 0 0 0 0 0 0 0 0 0 0 0 0 0 0 0 0 0 0 0 0 0 0 0 0 0 0 0 0 0 0 0 0 0 0 0 0 0 0 0 0 0 0 0 0 0 0 0 0 0 0 0 0 0 0 0 0 0 0 0 0 1 10 83 6 0 0 0 0 0 0 0 0 0 0 0 0 0 0 0 0 0 
0 0 0 0 0 0 0 0 0 0 0 0 0 0 0 0 0 0 0 0 0 0 0 0 0 0 0 0 0 0 0 0 0 0 0 0 0 0 0 0 0 0 0 0 0 0 0 0 0 0 0 0 0 0 0 0 0 0 0 0 0 0 0 0 0 0 0 0 0 0 0 0 0 0 0 0 0 0 0 0 0 1 0 5 79 15 0 0 0 0 0 0 0 0 0 0 0 0 0 0 
0 0 0 0 0 0 0 0 0 0 0 0 0 0 0 0 0 0 0 0 0 0 0 0 0 0 0 0 0 0 0 0 0 0 0 0 0 0 0 0 0 0 0 0 0 0 0 0 0 0 0 0 0 0 0 0 0 0 0 0 0 0 0 0 0 0 0 0 0 0 0 0 0 0 0 0 0 0 0 0 0 5 93 2 0 0 0 0 0 0 0 0 0 0 0 0 0 0 0 0 
0 0 0 0 0 0 0 0 0 0 0 0 0 0 0 0 0 0 0 0 0 0 0 0 0 0 0 0 0 0 0 0 0 0 0 0 0 0 0 0 0 0 0 0 0 0 0 0 0 0 0 0 0 0 0 0 0 0 0 0 0 0 0 0 0 0 0 0 0 0 0 0 0 0 0 0 0 0 0 0 0 0 0 3 14 81 2 0 0 0 0 0 0 0 0 0 0 0 0 0 
0 0 0 0 0 0 0 0 0 0 0 0 0 0 0 0 0 0 0 0 0 0 0 0 0 0 0 0 0 0 0 0 0 0 0 0 0 0 0 0 0 0 0 0 0 0 0 0 0 0 0 0 0 0 0 0 0 0 0 0 0 0 0 0 0 0 0 0 0 0 0 0 0 0 0 0 0 0 0 0 0 0 1 90 7 2 0 0 0 0 0 0 0 0 0 0 0 0 0 0 
0 0 0 0 0 0 0 0 0 0 0 0 0 0 0 0 0 0 0 0 0 0 0 0 0 0 0 0 0 0 0 0 0 0 0 0 0 0 0 0 0 0 0 0 0 0 0 0 0 0 0 0 0 0 0 0 0 0 0 0 0 0 0 0 0 0 0 0 0 0 0 0 0 0 0 0 0 0 0 0 0 0 0 0 0 1 96 2 1 0 0 0 0 0 0 0 0 0 0 0 
0 0 0 0 0 0 0 0 0 0 0 0 0 0 0 0 0 0 0 0 0 0 0 0 0 0 0 0 0 0 0 0 0 0 0 0 0 0 0 0 0 0 0 0 0 0 0 0 0 0 0 0 0 0 0 0 0 0 0 0 0 0 0 0 0 0 0 0 0 0 0 0 0 0 0 0 0 0 0 0 0 0 0 0 0 1 2 96 1 0 0 0 0 0 0 0 0 0 0 0 
0 0 0 0 0 0 0 0 0 0 0 0 0 0 0 0 0 0 0 0 0 0 0 0 0 0 0 0 0 0 0 0 0 0 0 0 0 0 0 0 0 0 0 0 0 0 0 0 0 0 0 0 0 0 0 0 0 0 0 0 0 0 0 0 0 0 0 0 0 0 0 0 0 0 0 0 0 0 0 0 0 0 0 0 0 0 0 0 5 93 2 0 0 0 0 0 0 0 0 0 
0 0 0 0 0 0 0 0 0 0 0 0 0 0 0 0 0 0 0 0 0 0 0 0 0 0 0 0 0 0 0 0 0 0 0 0 0 0 0 0 0 0 0 0 0 0 0 0 0 0 0 0 0 0 0 0 0 0 0 0 0 0 0 0 0 0 0 0 0 0 0 0 0 0 0 0 0 0 0 0 0 0 0 0 0 0 0 0 0 2 93 5 0 0 0 0 0 0 0 0 
0 0 0 0 0 0 0 0 0 0 0 0 0 0 0 0 0 0 0 0 0 0 0 0 0 0 0 0 0 0 0 0 0 0 0 0 0 0 0 0 0 0 0 0 0 0 0 0 0 0 0 0 0 0 0 0 0 0 0 0 0 0 0 0 0 0 0 0 0 0 0 0 0 0 0 0 0 0 0 0 0 0 0 0 0 0 0 2 93 5 0 0 0 0 0 0 0 0 0 0 
0 0 0 0 0 0 0 0 0 0 0 0 0 0 0 0 0 0 0 0 0 0 0 0 0 0 0 0 0 0 0 0 0 0 0 0 0 0 0 0 0 0 0 0 0 0 0 0 0 0 0 0 0 0 0 0 0 0 0 0 0 0 0 0 0 0 0 0 0 0 0 0 0 0 0 0 0 0 0 0 0 0 0 0 0 0 0 0 0 0 0 2 96 2 0 0 0 0 0 0 
0 0 0 0 0 0 0 0 0 0 0 0 0 0 0 0 0 0 0 0 0 0 0 0 0 0 0 0 0 0 0 0 0 0 0 0 0 0 0 0 0 0 0 0 0 0 0 0 0 0 0 0 0 0 0 0 0 0 0 0 0 0 0 0 0 0 0 0 0 0 0 0 0 0 0 0 0 0 0 0 0 0 0 0 0 0 0 0 0 0 0 0 0 0 1 99 0 0 0 0 
0 0 0 0 0 0 0 0 0 0 0 0 0 0 0 0 0 0 0 0 0 0 0 0 0 0 0 0 0 0 0 0 0 0 0 0 0 0 0 0 0 0 0 0 0 0 0 0 0 0 0 0 0 0 0 0 0 0 0 0 0 0 0 0 0 0 0 0 0 0 0 0 0 0 0 0 0 0 0 0 0 0 0 0 0 0 0 0 0 0 5 92 3 0 0 0 0 0 0 0 
0 0 0 0 0 0 0 0 0 0 0 0 0 0 0 0 0 0 0 0 0 0 0 0 0 0 0 0 0 0 0 0 0 0 0 0 0 0 0 0 0 0 0 0 0 0 0 0 0 0 0 0 0 0 0 0 0 0 0 0 0 0 0 0 0 0 0 0 0 0 0 0 0 0 0 0 0 0 0 0 0 0 0 0 0 0 0 0 0 0 0 1 1 98 0 0 0 0 0 0 
0 0 0 0 0 0 0 0 0 0 0 0 0 0 0 0 0 0 0 0 0 0 0 0 0 0 0 0 0 0 0 0 0 0 0 0 0 0 0 0 0 0 0 0 0 0 0 0 0 0 0 0 0 0 0 0 0 0 0 0 0 0 0 0 0 0 0 0 0 0 0 0 0 0 0 0 0 0 0 0 0 0 0 0 0 0 0 0 0 0 0 0 0 0 99 1 0 0 0 0 
0 0 0 0 0 0 0 0 0 0 0 0 0 0 0 0 0 0 0 0 0 0 0 0 0 0 0 0 0 0 0 0 0 0 0 0 0 0 0 0 0 0 0 0 0 0 0 0 0 0 0 0 0 0 0 0 0 0 0 0 0 0 0 0 0 0 0 0 0 0 0 0 0 0 0 0 0 0 0 0 0 0 0 0 0 0 0 0 0 0 0 0 0 0 0 0 0 100 0 0 
0 0 0 0 0 0 0 0 0 0 0 0 0 0 0 0 0 0 0 0 0 0 0 0 0 0 0 0 0 0 0 0 0 0 0 0 0 0 0 0 0 0 0 0 0 0 0 0 0 0 0 0 0 0 0 0 0 0 0 0 0 0 0 0 0 0 0 0 0 0 0 0 0 0 0 0 0 0 0 0 0 0 0 0 0 0 0 0 0 0 0 0 0 0 0 0 100 0 0 0 
0 0 0 0 0 0 0 0 0 0 0 0 0 0 0 0 0 0 0 0 0 0 0 0 0 0 0 0 0 0 0 0 0 0 0 0 0 0 0 0 0 0 0 0 0 0 0 0 0 0 0 0 0 0 0 0 0 0 0 0 0 0 0 0 0 0 0 0 0 0 0 0 0 0 0 0 0 0 0 0 0 0 0 0 0 0 0 0 0 0 0 0 0 0 0 0 0 0 0 100 
0 0 0 0 0 0 0 0 0 0 0 0 0 0 0 0 0 0 0 0 0 0 0 0 0 0 0 0 0 0 0 0 0 0 0 0 0 0 0 0 0 0 0 0 0 0 0 0 0 0 0 0 0 0 0 0 0 0 0 0 0 0 0 0 0 0 0 0 0 0 0 0 0 0 0 0 0 0 0 0 0 0 0 0 0 0 0 0 0 0 0 0 0 0 0 0 0 0 100 0 

Pair-order violations matrix
0 0 0 0 0 0 0 0 0 0 0 0 0 0 0 0 0 0 0 0 0 0 0 0 0 0 0 0 0 0 0 0 0 0 0 0 0 0 0 0 0 0 0 0 0 0 0 0 0 0 0 0 0 0 0 0 0 0 0 0 0 0 0 0 0 0 0 0 0 0 0 0 0 0 0 0 0 0 0 0 0 0 0 0 0 0 0 0 0 0 0 0 0 0 0 0 0 0 0 0 
0 0 2 1 1 1 0 0 0 0 0 0 0 0 0 0 0 0 0 0 0 0 0 0 0 0 0 0 0 0 0 0 0 0 0 0 0 0 0 0 0 0 0 0 0 0 0 0 0 0 0 0 0 0 0 0 0 0 0 0 0 0 0 0 0 0 0 0 0 0 0 0 0 0 0 0 0 0 0 0 0 0 0 0 0 0 0 0 0 0 0 0 0 0 0 0 0 0 0 0 
0 2 0 0 0 0 0 0 0 0 0 0 0 0 0 0 0 0 0 0 0 0 0 0 0 0 0 0 0 0 0 0 0 0 0 0 0 0 0 0 0 0 0 0 0 0 0 0 0 0 0 0 0 0 0 0 0 0 0 0 0 0 0 0 0 0 0 0 0 0 0 0 0 0 0 0 0 0 0 0 0 0 0 0 0 0 0 0 0 0 0 0 0 0 0 0 0 0 0 0 
0 1 0 0 1 1 1 1 1 1 1 1 1 1 0 0 0 0 0 0 0 0 0 0 0 0 0 0 0 0 0 0 0 0 0 0 0 0 0 0 0 0 0 0 0 0 0 0 0 0 0 0 0 0 0 0 0 0 0 0 0 0 0 0 0 0 0 0 0 0 0 0 0 0 0 0 0 0 0 0 0 0 0 0 0 0 0 0 0 0 0 0 0 0 0 0 0 0 0 0 
0 1 0 1 0 0 0 0 0 0 0 0 0 0 0 0 0 0 0 0 0 0 0 0 0 0 0 0 0 0 0 0 0 0 0 0 0 0 0 0 0 0 0 0 0 0 0 0 0 0 0 0 0 0 0 0 0 0 0 0 0 0 0 0 0 0 0 0 0 0 0 0 0 0 0 0 0 0 0 0 0 0 0 0 0 0 0 0 0 0 0 0 0 0 0 0 0 0 0 0 
0 1 0 1 0 0 2 0 0 0 0 0 0 0 0 0 0 0 0 0 0 0 0 0 0 0 0 0 0 0 0 0 0 0 0 0 0 0 0 0 0 0 0 0 0 0 0 0 0 0 0 0 0 0 0 0 0 0 0 0 0 0 0 0 0 0 0 0 0 0 0 0 0 0 0 0 0 0 0 0 0 0 0 0 0 0 0 0 0 0 0 0 0 0 0 0 0 0 0 0 
0 0 0 1 0 2 0 2 1 1 0 1 0 1 0 0 0 0 0 0 0 0 0 0 0 0 0 0 0 0 0 0 0 0 0 0 0 0 0 0 0 0 0 0 0 0 0 0 0 0 0 0 0 0 0 0 0 0 0 0 0 0 0 0 0 0 0 0 0 0 0 0 0 0 0 0 0 0 0 0 0 0 0 0 0 0 0 0 0 0 0 0 0 0 0 0 0 0 0 0 
0 0 0 1 0 0 2 0 1 1 0 0 0 0 0 0 0 0 0 0 0 0 0 0 0 0 0 0 0 0 0 0 0 0 0 0 0 0 0 0 0 0 0 0 0 0 0 0 0 0 0 0 0 0 0 0 0 0 0 0 0 0 0 0 0 0 0 0 0 0 0 0 0 0 0 0 0 0 0 0 0 0 0 0 0 0 0 0 0 0 0 0 0 0 0 0 0 0 0 0 
0 0 0 1 0 0 1 1 0 9 1 2 1 1 1 1 1 0 0 0 0 0 0 0 0 0 0 0 0 0 0 0 0 0 0 0 0 0 0 0 0 0 0 0 0 0 0 0 0 0 0 0 0 0 0 0 0 0 0 0 0 0 0 0 0 0 0 0 0 0 0 0 0 0 0 0 0 0 0 0 0 0 0 0 0 0 0 0 0 0 0 0 0 0 0 0 0 0 0 0 
0 0 0 1 0 0 1 1 9 0 0 2 0 0 0 0 0 0 0 0 0 0 0 0 0 0 0 0 0 0 0 0 0 0 0 0 0 0 0 0 0 0 0 0 0 0 0 0 0 0 0 0 0 0 0 0 0 0 0 0 0 0 0 0 0 0 0 0 0 0 0 0 0 0 0 0 0 0 0 0 0 0 0 0 0 0 0 0 0 0 0 0 0 0 0 0 0 0 0 0 
0 0 0 1 0 0 0 0 1 0 0 94 0 9 0 1 0 0 0 0 0 0 0 0 0 0 0 0 0 0 0 0 0 0 0 0 0 0 0 0 0 0 0 0 0 0 0 0 0 0 0 0 0 0 0 0 0 0 0 0 0 0 0 0 0 0 0 0 0 0 0 0 0 0 0 0 0 0 0 0 0 0 0 0 0 0 0 0 0 0 0 0 0 0 0 0 0 0 0 0 
0 0 0 1 0 0 1 0 2 2 94 0 1 1 0 1 1 0 0 0 0 0 0 0 0 0 0 0 0 0 0 0 0 0 0 0 0 0 0 0 0 0 0 0 0 0 0 0 0 0 0 0 0 0 0 0 0 0 0 0 0 0 0 0 0 0 0 0 0 0 0 0 0 0 0 0 0 0 0 0 0 0 0 0 0 0 0 0 0 0 0 0 0 0 0 0 0 0 0 0 
0 0 0 1 0 0 0 0 1 0 0 1 0 100 1 7 4 0 0 1 0 0 0 0 0 0 0 0 0 0 0 0 0 0 0 0 0 0 0 0 0 0 0 0 0 0 0 0 0 0 0 0 0 0 0 0 0 0 0 0 0 0 0 0 0 0 0 0 0 0 0 0 0 0 0 0 0 0 0 0 0 0 0 0 0 0 0 0 0 0 0 0 0 0 0 0 0 0 0 0 
0 0 0 1 0 0 1 0 1 0 9 1 100 0 0 1 0 0 0 0 0 0 0 0 0 0 0 0 0 0 0 0 0 0 0 0 0 0 0 0 0 0 0 0 0 0 0 0 0 0 0 0 0 0 0 0 0 0 0 0 0 0 0 0 0 0 0 0 0 0 0 0 0 0 0 0 0 0 0 0 0 0 0 0 0 0 0 0 0 0 0 0 0 0 0 0 0 0 0 0 
0 0 0 0 0 0 0 0 1 0 0 0 1 0 0 99 97 0 1 24 0 0 0 0 0 0 0 0 0 0 0 0 0 0 0 0 0 0 0 0 0 0 0 0 0 0 0 0 0 0 0 0 0 0 0 0 0 0 0 0 0 0 0 0 0 0 0 0 0 0 0 0 0 0 0 0 0 0 0 0 0 0 0 0 0 0 0 0 0 0 0 0 0 0 0 0 0 0 0 0 
0 0 0 0 0 0 0 0 1 0 1 1 7 1 99 0 11 0 0 5 0 0 0 0 0 0 0 0 0 0 0 0 0 0 0 0 0 0 0 0 0 0 0 0 0 0 0 0 0 0 0 0 0 0 0 0 0 0 0 0 0 0 0 0 0 0 0 0 0 0 0 0 0 0 0 0 0 0 0 0 0 0 0 0 0 0 0 0 0 0 0 0 0 0 0 0 0 0 0 0 
0 0 0 0 0 0 0 0 1 0 0 1 4 0 97 11 0 0 0 7 0 0 0 0 0 0 0 0 0 0 0 0 0 0 0 0 0 0 0 0 0 0 0 0 0 0 0 0 0 0 0 0 0 0 0 0 0 0 0 0 0 0 0 0 0 0 0 0 0 0 0 0 0 0 0 0 0 0 0 0 0 0 0 0 0 0 0 0 0 0 0 0 0 0 0 0 0 0 0 0 
0 0 0 0 0 0 0 0 0 0 0 0 0 0 0 0 0 0 19 98 1 0 0 0 0 0 0 0 0 0 0 0 0 0 0 0 0 0 0 0 0 0 0 0 0 0 0 0 0 0 0 0 0 0 0 0 0 0 0 0 0 0 0 0 0 0 0 0 0 0 0 0 0 0 0 0 0 0 0 0 0 0 0 0 0 0 0 0 0 0 0 0 0 0 0 0 0 0 0 0 
0 0 0 0 0 0 0 0 0 0 0 0 0 0 1 0 0 19 0 98 2 1 0 0 0 0 0 0 0 0 0 0 0 0 0 0 0 0 0 0 0 0 0 0 0 0 0 0 0 0 0 0 0 0 0 0 0 0 0 0 0 0 0 0 0 0 0 0 0 0 0 0 0 0 0 0 0 0 0 0 0 0 0 0 0 0 0 0 0 0 0 0 0 0 0 0 0 0 0 0 
0 0 0 0 0 0 0 0 0 0 0 0 1 0 24 5 7 98 98 0 0 0 0 0 0 0 0 0 0 0 0 0 0 0 0 0 0 0 0 0 0 0 0 0 0 0 0 0 0 0 0 0 0 0 0 0 0 0 0 0 0 0 0 0 0 0 0 0 0 0 0 0 0 0 0 0 0 0 0 0 0 0 0 0 0 0 0 0 0 0 0 0 0 0 0 0 0 0 0 0 
0 0 0 0 0 0 0 0 0 0 0 0 0 0 0 0 0 1 2 0 0 8 2 0 0 0 0 0 0 0 0 0 0 0 0 0 0 0 0 0 0 0 0 0 0 0 0 0 0 0 0 0 0 0 0 0 0 0 0 0 0 0 0 0 0 0 0 0 0 0 0 0 0 0 0 0 0 0 0 0 0 0 0 0 0 0 0 0 0 0 0 0 0 0 0 0 0 0 0 0 
0 0 0 0 0 0 0 0 0 0 0 0 0 0 0 0 0 0 1 0 8 0 16 1 1 0 0 1 0 0 0 0 0 0 0 0 0 0 0 0 0 0 0 0 0 0 0 0 0 0 0 0 0 0 0 0 0 0 0 0 0 0 0 0 0 0 0 0 0 0 0 0 0 0 0 0 0 0 0 0 0 0 0 0 0 0 0 0 0 0 0 0 0 0 0 0 0 0 0 0 
0 0 0 0 0 0 0 0 0 0 0 0 0 0 0 0 0 0 0 0 2 16 0 0 0 0 0 0 0 0 0 0 0 0 0 0 0 0 0 0 0 0 0 0 0 0 0 0 0 0 0 0 0 0 0 0 0 0 0 0 0 0 0 0 0 0 0 0 0 0 0 0 0 0 0 0 0 0 0 0 0 0 0 0 0 0 0 0 0 0 0 0 0 0 0 0 0 0 0 0 
0 0 0 0 0 0 0 0 0 0 0 0 0 0 0 0 0 0 0 0 0 1 0 0 97 0 0 80 1 0 0 0 0 0 0 0 0 0 0 0 0 0 0 0 0 0 0 0 0 0 0 0 0 0 0 0 0 0 0 0 0 0 0 0 0 0 0 0 0 0 0 0 0 0 0 0 0 0 0 0 0 0 0 0 0 0 0 0 0 0 0 0 0 0 0 0 0 0 0 0 
0 0 0 0 0 0 0 0 0 0 0 0 0 0 0 0 0 0 0 0 0 1 0 97 0 0 0 6 0 0 0 0 0 0 0 0 0 0 0 0 0 0 0 0 0 0 0 0 0 0 0 0 0 0 0 0 0 0 0 0 0 0 0 0 0 0 0 0 0 0 0 0 0 0 0 0 0 0 0 0 0 0 0 0 0 0 0 0 0 0 0 0 0 0 0 0 0 0 0 0 
0 0 0 0 0 0 0 0 0 0 0 0 0 0 0 0 0 0 0 0 0 0 0 0 0 0 4 100 2 0 71 0 0 0 0 0 0 0 0 0 0 0 0 0 0 0 0 0 0 0 0 0 0 0 0 0 0 0 0 0 0 0 0 0 0 0 0 0 0 0 0 0 0 0 0 0 0 0 0 0 0 0 0 0 0 0 0 0 0 0 0 0 0 0 0 0 0 0 0 0 
0 0 0 0 0 0 0 0 0 0 0 0 0 0 0 0 0 0 0 0 0 0 0 0 0 4 0 99 14 1 74 3 4 1 0 0 0 0 0 0 0 0 0 0 0 0 0 0 0 0 0 0 0 0 0 0 0 0 0 0 0 0 0 0 0 0 0 0 0 0 0 0 0 0 0 0 0 0 0 0 0 0 0 0 0 0 0 0 0 0 0 0 0 0 0 0 0 0 0 0 
0 0 0 0 0 0 0 0 0 0 0 0 0 0 0 0 0 0 0 0 0 1 0 80 6 100 99 0 0 0 0 0 0 0 0 0 0 0 0 0 0 0 0 0 0 0 0 0 0 0 0 0 0 0 0 0 0 0 0 0 0 0 0 0 0 0 0 0 0 0 0 0 0 0 0 0 0 0 0 0 0 0 0 0 0 0 0 0 0 0 0 0 0 0 0 0 0 0 0 0 
0 0 0 0 0 0 0 0 0 0 0 0 0 0 0 0 0 0 0 0 0 0 0 1 0 2 14 0 0 4 96 10 18 3 0 0 0 0 0 0 0 0 0 0 0 0 0 0 0 0 0 0 0 0 0 0 0 0 0 0 0 0 0 0 0 0 0 0 0 0 0 0 0 0 0 0 0 0 0 0 0 0 0 0 0 0 0 0 0 0 0 0 0 0 0 0 0 0 0 0 
0 0 0 0 0 0 0 0 0 0 0 0 0 0 0 0 0 0 0 0 0 0 0 0 0 0 1 0 4 0 99 93 100 17 0 1 0 0 0 0 0 0 0 0 0 0 0 0 0 0 0 0 0 0 0 0 0 0 0 0 0 0 0 0 0 0 0 0 0 0 0 0 0 0 0 0 0 0 0 0 0 0 0 0 0 0 0 0 0 0 0 0 0 0 0 0 0 0 0 0 
0 0 0 0 0 0 0 0 0 0 0 0 0 0 0 0 0 0 0 0 0 0 0 0 0 71 74 0 96 99 0 1 1 1 0 1 1 0 0 0 0 0 0 0 0 0 0 0 0 0 0 0 0 0 0 0 0 0 0 0 0 0 0 0 0 0 0 0 0 0 0 0 0 0 0 0 0 0 0 0 0 0 0 0 0 0 0 0 0 0 0 0 0 0 0 0 0 0 0 0 
0 0 0 0 0 0 0 0 0 0 0 0 0 0 0 0 0 0 0 0 0 0 0 0 0 0 3 0 10 93 1 0 88 1 1 1 1 0 0 0 0 0 0 0 0 0 0 0 0 0 0 0 0 0 0 0 0 0 0 0 0 0 0 0 0 0 0 0 0 0 0 0 0 0 0 0 0 0 0 0 0 0 0 0 0 0 0 0 0 0 0 0 0 0 0 0 0 0 0 0 
0 0 0 0 0 0 0 0 0 0 0 0 0 0 0 0 0 0 0 0 0 0 0 0 0 0 4 0 18 100 1 88 0 0 0 0 0 0 0 0 0 0 0 0 0 0 0 0 0 0 0 0 0 0 0 0 0 0 0 0 0 0 0 0 0 0 0 0 0 0 0 0 0 0 0 0 0 0 0 0 0 0 0 0 0 0 0 0 0 0 0 0 0 0 0 0 0 0 0 0 
0 0 0 0 0 0 0 0 0 0 0 0 0 0 0 0 0 0 0 0 0 0 0 0 0 0 1 0 3 17 1 1 0 0 1 3 2 0 0 0 0 0 0 0 0 0 0 0 0 0 0 0 0 0 0 0 0 0 0 0 0 0 0 0 0 0 0 0 0 0 0 0 0 0 0 0 0 0 0 0 0 0 0 0 0 0 0 0 0 0 0 0 0 0 0 0 0 0 0 0 
0 0 0 0 0 0 0 0 0 0 0 0 0 0 0 0 0 0 0 0 0 0 0 0 0 0 0 0 0 0 0 1 0 1 0 84 8 2 0 0 0 0 0 0 0 0 0 0 0 0 0 0 0 0 0 0 0 0 0 0 0 0 0 0 0 0 0 0 0 0 0 0 0 0 0 0 0 0 0 0 0 0 0 0 0 0 0 0 0 0 0 0 0 0 0 0 0 0 0 0 
0 0 0 0 0 0 0 0 0 0 0 0 0 0 0 0 0 0 0 0 0 0 0 0 0 0 0 0 0 1 1 1 0 3 84 0 6 0 0 0 0 0 0 0 0 0 0 0 0 0 0 0 0 0 0 0 0 0 0 0 0 0 0 0 0 0 0 0 0 0 0 0 0 0 0 0 0 0 0 0 0 0 0 0 0 0 0 0 0 0 0 0 0 0 0 0 0 0 0 0 
0 0 0 0 0 0 0 0 0 0 0 0 0 0 0 0 0 0 0 0 0 0 0 0 0 0 0 0 0 0 1 1 0 2 8 6 0 9 3 1 0 0 0 0 0 0 0 0 0 0 0 0 0 0 0 0 0 0 0 0 0 0 0 0 0 0 0 0 0 0 0 0 0 0 0 0 0 0 0 0 0 0 0 0 0 0 0 0 0 0 0 0 0 0 0 0 0 0 0 0 
0 0 0 0 0 0 0 0 0 0 0 0 0 0 0 0 0 0 0 0 0 0 0 0 0 0 0 0 0 0 0 0 0 0 2 0 9 0 5 1 0 0 0 0 0 0 0 0 0 0 0 0 0 0 0 0 0 0 0 0 0 0 0 0 0 0 0 0 0 0 0 0 0 0 0 0 0 0 0 0 0 0 0 0 0 0 0 0 0 0 0 0 0 0 0 0 0 0 0 0 
0 0 0 0 0 0 0 0 0 0 0 0 0 0 0 0 0 0 0 0 0 0 0 0 0 0 0 0 0 0 0 0 0 0 0 0 3 5 0 13 1 3 1 0 1 0 0 0 0 0 0 0 0 0 0 0 0 0 0 0 0 0 0 0 0 0 0 0 0 0 0 0 0 0 0 0 0 0 0 0 0 0 0 0 0 0 0 0 0 0 0 0 0 0 0 0 0 0 0 0 
0 0 0 0 0 0 0 0 0 0 0 0 0 0 0 0 0 0 0 0 0 0 0 0 0 0 0 0 0 0 0 0 0 0 0 0 1 1 13 0 3 2 1 1 0 0 0 0 0 0 0 0 0 0 0 0 0 0 0 0 0 0 0 0 0 0 0 0 0 0 0 0 0 0 0 0 0 0 0 0 0 0 0 0 0 0 0 0 0 0 0 0 0 0 0 0 0 0 0 0 
0 0 0 0 0 0 0 0 0 0 0 0 0 0 0 0 0 0 0 0 0 0 0 0 0 0 0 0 0 0 0 0 0 0 0 0 0 0 1 3 0 21 3 3 2 0 0 0 0 0 0 0 0 0 0 0 0 0 0 0 0 0 0 0 0 0 0 0 0 0 0 0 0 0 0 0 0 0 0 0 0 0 0 0 0 0 0 0 0 0 0 0 0 0 0 0 0 0 0 0 
0 0 0 0 0 0 0 0 0 0 0 0 0 0 0 0 0 0 0 0 0 0 0 0 0 0 0 0 0 0 0 0 0 0 0 0 0 0 3 2 21 0 6 4 5 2 0 0 0 0 0 0 0 0 0 0 0 0 0 0 0 0 0 0 0 0 0 0 0 0 0 0 0 0 0 0 0 0 0 0 0 0 0 0 0 0 0 0 0 0 0 0 0 0 0 0 0 0 0 0 
0 0 0 0 0 0 0 0 0 0 0 0 0 0 0 0 0 0 0 0 0 0 0 0 0 0 0 0 0 0 0 0 0 0 0 0 0 0 1 1 3 6 0 63 14 2 0 0 0 0 0 0 0 0 0 0 0 0 0 0 0 0 0 0 0 0 0 0 0 0 0 0 0 0 0 0 0 0 0 0 0 0 0 0 0 0 0 0 0 0 0 0 0 0 0 0 0 0 0 0 
0 0 0 0 0 0 0 0 0 0 0 0 0 0 0 0 0 0 0 0 0 0 0 0 0 0 0 0 0 0 0 0 0 0 0 0 0 0 0 1 3 4 63 0 36 6 0 0 0 0 0 0 0 0 0 0 0 0 0 0 0 0 0 0 0 0 0 0 0 0 0 0 0 0 0 0 0 0 0 0 0 0 0 0 0 0 0 0 0 0 0 0 0 0 0 0 0 0 0 0 
0 0 0 0 0 0 0 0 0 0 0 0 0 0 0 0 0 0 0 0 0 0 0 0 0 0 0 0 0 0 0 0 0 0 0 0 0 0 1 0 2 5 14 36 0 17 2 1 4 1 1 0 0 1 0 0 0 0 0 0 0 0 0 0 0 0 0 0 0 0 0 0 0 0 0 0 0 0 0 0 0 0 0 0 0 0 0 0 0 0 0 0 0 0 0 0 0 0 0 0 
0 0 0 0 0 0 0 0 0 0 0 0 0 0 0 0 0 0 0 0 0 0 0 0 0 0 0 0 0 0 0 0 0 0 0 0 0 0 0 0 0 2 2 6 17 0 1 0 0 0 0 0 0 0 0 0 0 0 0 0 0 0 0 0 0 0 0 0 0 0 0 0 0 0 0 0 0 0 0 0 0 0 0 0 0 0 0 0 0 0 0 0 0 0 0 0 0 0 0 0 
0 0 0 0 0 0 0 0 0 0 0 0 0 0 0 0 0 0 0 0 0 0 0 0 0 0 0 0 0 0 0 0 0 0 0 0 0 0 0 0 0 0 0 0 2 1 0 9 77 2 0 0 0 0 0 0 0 0 0 0 0 0 0 0 0 0 0 0 0 0 0 0 0 0 0 0 0 0 0 0 0 0 0 0 0 0 0 0 0 0 0 0 0 0 0 0 0 0 0 0 
0 0 0 0 0 0 0 0 0 0 0 0 0 0 0 0 0 0 0 0 0 0 0 0 0 0 0 0 0 0 0 0 0 0 0 0 0 0 0 0 0 0 0 0 1 0 9 0 92 3 2 0 0 0 0 0 0 0 0 0 0 0 0 0 0 0 0 0 0 0 0 0 0 0 0 0 0 0 0 0 0 0 0 0 0 0 0 0 0 0 0 0 0 0 0 0 0 0 0 0 
0 0 0 0 0 0 0 0 0 0 0 0 0 0 0 0 0 0 0 0 0 0 0 0 0 0 0 0 0 0 0 0 0 0 0 0 0 0 0 0 0 0 0 0 4 0 77 92 0 2 3 2 0 2 1 1 0 0 0 0 0 0 0 0 0 0 0 0 0 0 0 0 0 0 0 0 0 0 0 0 0 0 0 0 0 0 0 0 0 0 0 0 0 0 0 0 0 0 0 0 
0 0 0 0 0 0 0 0 0 0 0 0 0 0 0 0 0 0 0 0 0 0 0 0 0 0 0 0 0 0 0 0 0 0 0 0 0 0 0 0 0 0 0 0 1 0 2 3 2 0 13 0 0 3 0 0 0 0 0 0 0 0 0 0 0 0 0 0 0 0 0 0 0 0 0 0 0 0 0 0 0 0 0 0 0 0 0 0 0 0 0 0 0 0 0 0 0 0 0 0 
0 0 0 0 0 0 0 0 0 0 0 0 0 0 0 0 0 0 0 0 0 0 0 0 0 0 0 0 0 0 0 0 0 0 0 0 0 0 0 0 0 0 0 0 1 0 0 2 3 13 0 2 0 5 1 1 0 0 0 0 0 0 0 0 0 0 0 0 0 0 0 0 0 0 0 0 0 0 0 0 0 0 0 0 0 0 0 0 0 0 0 0 0 0 0 0 0 0 0 0 
0 0 0 0 0 0 0 0 0 0 0 0 0 0 0 0 0 0 0 0 0 0 0 0 0 0 0 0 0 0 0 0 0 0 0 0 0 0 0 0 0 0 0 0 0 0 0 0 2 0 2 0 1 87 11 0 0 0 0 0 0 0 0 0 0 0 0 0 0 0 0 0 0 0 0 0 0 0 0 0 0 0 0 0 0 0 0 0 0 0 0 0 0 0 0 0 0 0 0 0 
0 0 0 0 0 0 0 0 0 0 0 0 0 0 0 0 0 0 0 0 0 0 0 0 0 0 0 0 0 0 0 0 0 0 0 0 0 0 0 0 0 0 0 0 0 0 0 0 0 0 0 1 0 99 36 12 2 0 0 0 0 0 0 0 0 0 0 0 0 0 0 0 0 0 0 0 0 0 0 0 0 0 0 0 0 0 0 0 0 0 0 0 0 0 0 0 0 0 0 0 
0 0 0 0 0 0 0 0 0 0 0 0 0 0 0 0 0 0 0 0 0 0 0 0 0 0 0 0 0 0 0 0 0 0 0 0 0 0 0 0 0 0 0 0 1 0 0 0 2 3 5 87 99 0 1 1 0 0 0 0 0 0 0 0 0 0 0 0 0 0 0 0 0 0 0 0 0 0 0 0 0 0 0 0 0 0 0 0 0 0 0 0 0 0 0 0 0 0 0 0 
0 0 0 0 0 0 0 0 0 0 0 0 0 0 0 0 0 0 0 0 0 0 0 0 0 0 0 0 0 0 0 0 0 0 0 0 0 0 0 0 0 0 0 0 0 0 0 0 1 0 1 11 36 1 0 2 1 0 0 0 0 0 0 0 0 0 0 0 0 0 0 0 0 0 0 0 0 0 0 0 0 0 0 0 0 0 0 0 0 0 0 0 0 0 0 0 0 0 0 0 
0 0 0 0 0 0 0 0 0 0 0 0 0 0 0 0 0 0 0 0 0 0 0 0 0 0 0 0 0 0 0 0 0 0 0 0 0 0 0 0 0 0 0 0 0 0 0 0 1 0 1 0 12 1 2 0 5 0 1 0 0 0 0 0 0 0 0 0 0 0 0 0 0 0 0 0 0 0 0 0 0 0 0 0 0 0 0 0 0 0 0 0 0 0 0 0 0 0 0 0 
0 0 0 0 0 0 0 0 0 0 0 0 0 0 0 0 0 0 0 0 0 0 0 0 0 0 0 0 0 0 0 0 0 0 0 0 0 0 0 0 0 0 0 0 0 0 0 0 0 0 0 0 2 0 1 5 0 7 1 0 2 0 0 0 0 0 0 0 0 0 0 0 0 0 0 0 0 0 0 0 0 0 0 0 0 0 0 0 0 0 0 0 0 0 0 0 0 0 0 0 
0 0 0 0 0 0 0 0 0 0 0 0 0 0 0 0 0 0 0 0 0 0 0 0 0 0 0 0 0 0 0 0 0 0 0 0 0 0 0 0 0 0 0 0 0 0 0 0 0 0 0 0 0 0 0 0 7 0 2 0 6 0 0 0 0 0 0 0 0 0 0 0 0 0 0 0 0 0 0 0 0 0 0 0 0 0 0 0 0 0 0 0 0 0 0 0 0 0 0 0 
0 0 0 0 0 0 0 0 0 0 0 0 0 0 0 0 0 0 0 0 0 0 0 0 0 0 0 0 0 0 0 0 0 0 0 0 0 0 0 0 0 0 0 0 0 0 0 0 0 0 0 0 0 0 0 1 1 2 0 17 95 1 0 3 0 0 0 0 0 0 0 0 0 0 0 0 0 0 0 0 0 0 0 0 0 0 0 0 0 0 0 0 0 0 0 0 0 0 0 0 
0 0 0 0 0 0 0 0 0 0 0 0 0 0 0 0 0 0 0 0 0 0 0 0 0 0 0 0 0 0 0 0 0 0 0 0 0 0 0 0 0 0 0 0 0 0 0 0 0 0 0 0 0 0 0 0 0 0 17 0 95 1 0 5 0 0 0 0 0 0 0 0 0 0 0 0 0 0 0 0 0 0 0 0 0 0 0 0 0 0 0 0 0 0 0 0 0 0 0 0 
0 0 0 0 0 0 0 0 0 0 0 0 0 0 0 0 0 0 0 0 0 0 0 0 0 0 0 0 0 0 0 0 0 0 0 0 0 0 0 0 0 0 0 0 0 0 0 0 0 0 0 0 0 0 0 0 2 6 95 95 0 0 0 1 0 0 0 0 0 0 0 0 0 0 0 0 0 0 0 0 0 0 0 0 0 0 0 0 0 0 0 0 0 0 0 0 0 0 0 0 
0 0 0 0 0 0 0 0 0 0 0 0 0 0 0 0 0 0 0 0 0 0 0 0 0 0 0 0 0 0 0 0 0 0 0 0 0 0 0 0 0 0 0 0 0 0 0 0 0 0 0 0 0 0 0 0 0 0 1 1 0 0 6 88 0 1 0 0 0 0 1 0 0 0 0 0 0 0 0 0 0 0 0 0 0 0 0 0 0 0 0 0 0 0 0 0 0 0 0 0 
0 0 0 0 0 0 0 0 0 0 0 0 0 0 0 0 0 0 0 0 0 0 0 0 0 0 0 0 0 0 0 0 0 0 0 0 0 0 0 0 0 0 0 0 0 0 0 0 0 0 0 0 0 0 0 0 0 0 0 0 0 6 0 99 13 4 0 1 0 0 1 0 0 0 0 0 0 0 0 0 0 0 0 0 0 0 0 0 0 0 0 0 0 0 0 0 0 0 0 0 
0 0 0 0 0 0 0 0 0 0 0 0 0 0 0 0 0 0 0 0 0 0 0 0 0 0 0 0 0 0 0 0 0 0 0 0 0 0 0 0 0 0 0 0 0 0 0 0 0 0 0 0 0 0 0 0 0 0 3 5 1 88 99 0 0 1 0 0 0 0 0 0 0 0 0 0 0 0 0 0 0 0 0 0 0 0 0 0 0 0 0 0 0 0 0 0 0 0 0 0 
0 0 0 0 0 0 0 0 0 0 0 0 0 0 0 0 0 0 0 0 0 0 0 0 0 0 0 0 0 0 0 0 0 0 0 0 0 0 0 0 0 0 0 0 0 0 0 0 0 0 0 0 0 0 0 0 0 0 0 0 0 0 13 0 0 16 2 2 0 0 1 0 0 0 0 0 0 0 0 0 0 0 0 0 0 0 0 0 0 0 0 0 0 0 0 0 0 0 0 0 
0 0 0 0 0 0 0 0 0 0 0 0 0 0 0 0 0 0 0 0 0 0 0 0 0 0 0 0 0 0 0 0 0 0 0 0 0 0 0 0 0 0 0 0 0 0 0 0 0 0 0 0 0 0 0 0 0 0 0 0 0 1 4 1 16 0 1 5 0 0 1 0 0 0 0 0 0 0 0 0 0 0 0 0 0 0 0 0 0 0 0 0 0 0 0 0 0 0 0 0 
0 0 0 0 0 0 0 0 0 0 0 0 0 0 0 0 0 0 0 0 0 0 0 0 0 0 0 0 0 0 0 0 0 0 0 0 0 0 0 0 0 0 0 0 0 0 0 0 0 0 0 0 0 0 0 0 0 0 0 0 0 0 0 0 2 1 0 79 2 1 1 0 0 0 0 0 0 0 0 0 0 0 0 0 0 0 0 0 0 0 0 0 0 0 0 0 0 0 0 0 
0 0 0 0 0 0 0 0 0 0 0 0 0 0 0 0 0 0 0 0 0 0 0 0 0 0 0 0 0 0 0 0 0 0 0 0 0 0 0 0 0 0 0 0 0 0 0 0 0 0 0 0 0 0 0 0 0 0 0 0 0 0 1 0 2 5 79 0 0 4 1 0 0 0 0 0 0 0 0 0 0 0 0 0 0 0 0 0 0 0 0 0 0 0 0 0 0 0 0 0 
0 0 0 0 0 0 0 0 0 0 0 0 0 0 0 0 0 0 0 0 0 0 0 0 0 0 0 0 0 0 0 0 0 0 0 0 0 0 0 0 0 0 0 0 0 0 0 0 0 0 0 0 0 0 0 0 0 0 0 0 0 0 0 0 0 0 2 0 0 21 2 0 0 0 0 0 0 0 0 0 0 0 0 0 0 0 0 0 0 0 0 0 0 0 0 0 0 0 0 0 
0 0 0 0 0 0 0 0 0 0 0 0 0 0 0 0 0 0 0 0 0 0 0 0 0 0 0 0 0 0 0 0 0 0 0 0 0 0 0 0 0 0 0 0 0 0 0 0 0 0 0 0 0 0 0 0 0 0 0 0 0 0 0 0 0 0 1 4 21 0 2 0 1 0 0 0 0 0 0 0 0 0 0 0 0 0 0 0 0 0 0 0 0 0 0 0 0 0 0 0 
0 0 0 0 0 0 0 0 0 0 0 0 0 0 0 0 0 0 0 0 0 0 0 0 0 0 0 0 0 0 0 0 0 0 0 0 0 0 0 0 0 0 0 0 0 0 0 0 0 0 0 0 0 0 0 0 0 0 0 0 0 1 1 0 1 1 1 1 2 2 0 0 86 23 0 0 1 0 0 0 0 0 0 0 0 0 0 0 0 0 0 0 0 0 0 0 0 0 0 0 
0 0 0 0 0 0 0 0 0 0 0 0 0 0 0 0 0 0 0 0 0 0 0 0 0 0 0 0 0 0 0 0 0 0 0 0 0 0 0 0 0 0 0 0 0 0 0 0 0 0 0 0 0 0 0 0 0 0 0 0 0 0 0 0 0 0 0 0 0 0 0 0 98 99 94 1 94 37 0 0 0 0 0 0 0 0 0 0 0 0 0 0 0 0 0 0 0 0 0 0 
0 0 0 0 0 0 0 0 0 0 0 0 0 0 0 0 0 0 0 0 0 0 0 0 0 0 0 0 0 0 0 0 0 0 0 0 0 0 0 0 0 0 0 0 0 0 0 0 0 0 0 0 0 0 0 0 0 0 0 0 0 0 0 0 0 0 0 0 0 1 86 98 0 15 1 0 2 1 0 0 0 0 0 0 0 0 0 0 0 0 0 0 0 0 0 0 0 0 0 0 
0 0 0 0 0 0 0 0 0 0 0 0 0 0 0 0 0 0 0 0 0 0 0 0 0 0 0 0 0 0 0 0 0 0 0 0 0 0 0 0 0 0 0 0 0 0 0 0 0 0 0 0 0 0 0 0 0 0 0 0 0 0 0 0 0 0 0 0 0 0 23 99 15 0 0 0 1 1 0 0 0 0 0 0 0 0 0 0 0 0 0 0 0 0 0 0 0 0 0 0 
0 0 0 0 0 0 0 0 0 0 0 0 0 0 0 0 0 0 0 0 0 0 0 0 0 0 0 0 0 0 0 0 0 0 0 0 0 0 0 0 0 0 0 0 0 0 0 0 0 0 0 0 0 0 0 0 0 0 0 0 0 0 0 0 0 0 0 0 0 0 0 94 1 0 0 0 15 2 0 0 0 0 0 0 0 0 0 0 0 0 0 0 0 0 0 0 0 0 0 0 
0 0 0 0 0 0 0 0 0 0 0 0 0 0 0 0 0 0 0 0 0 0 0 0 0 0 0 0 0 0 0 0 0 0 0 0 0 0 0 0 0 0 0 0 0 0 0 0 0 0 0 0 0 0 0 0 0 0 0 0 0 0 0 0 0 0 0 0 0 0 0 1 0 0 0 0 99 92 0 3 0 0 0 0 0 0 0 0 0 0 0 0 0 0 0 0 0 0 0 0 
0 0 0 0 0 0 0 0 0 0 0 0 0 0 0 0 0 0 0 0 0 0 0 0 0 0 0 0 0 0 0 0 0 0 0 0 0 0 0 0 0 0 0 0 0 0 0 0 0 0 0 0 0 0 0 0 0 0 0 0 0 0 0 0 0 0 0 0 0 0 1 94 2 1 15 99 0 1 0 0 0 0 0 0 0 0 0 0 0 0 0 0 0 0 0 0 0 0 0 0 
0 0 0 0 0 0 0 0 0 0 0 0 0 0 0 0 0 0 0 0 0 0 0 0 0 0 0 0 0 0 0 0 0 0 0 0 0 0 0 0 0 0 0 0 0 0 0 0 0 0 0 0 0 0 0 0 0 0 0 0 0 0 0 0 0 0 0 0 0 0 0 37 1 1 2 92 1 0 0 1 0 0 0 0 0 0 0 0 0 0 0 0 0 0 0 0 0 0 0 0 
0 0 0 0 0 0 0 0 0 0 0 0 0 0 0 0 0 0 0 0 0 0 0 0 0 0 0 0 0 0 0 0 0 0 0 0 0 0 0 0 0 0 0 0 0 0 0 0 0 0 0 0 0 0 0 0 0 0 0 0 0 0 0 0 0 0 0 0 0 0 0 0 0 0 0 0 0 0 0 92 8 2 0 0 0 0 0 0 0 0 0 0 0 0 0 0 0 0 0 0 
0 0 0 0 0 0 0 0 0 0 0 0 0 0 0 0 0 0 0 0 0 0 0 0 0 0 0 0 0 0 0 0 0 0 0 0 0 0 0 0 0 0 0 0 0 0 0 0 0 0 0 0 0 0 0 0 0 0 0 0 0 0 0 0 0 0 0 0 0 0 0 0 0 0 0 3 0 1 92 0 1 0 0 0 0 0 0 0 0 0 0 0 0 0 0 0 0 0 0 0 
0 0 0 0 0 0 0 0 0 0 0 0 0 0 0 0 0 0 0 0 0 0 0 0 0 0 0 0 0 0 0 0 0 0 0 0 0 0 0 0 0 0 0 0 0 0 0 0 0 0 0 0 0 0 0 0 0 0 0 0 0 0 0 0 0 0 0 0 0 0 0 0 0 0 0 0 0 0 8 1 0 10 0 0 0 0 0 0 0 0 0 0 0 0 0 0 0 0 0 0 
0 0 0 0 0 0 0 0 0 0 0 0 0 0 0 0 0 0 0 0 0 0 0 0 0 0 0 0 0 0 0 0 0 0 0 0 0 0 0 0 0 0 0 0 0 0 0 0 0 0 0 0 0 0 0 0 0 0 0 0 0 0 0 0 0 0 0 0 0 0 0 0 0 0 0 0 0 0 2 0 10 0 1 5 0 0 0 0 0 0 0 0 0 0 0 0 0 0 0 0 
0 0 0 0 0 0 0 0 0 0 0 0 0 0 0 0 0 0 0 0 0 0 0 0 0 0 0 0 0 0 0 0 0 0 0 0 0 0 0 0 0 0 0 0 0 0 0 0 0 0 0 0 0 0 0 0 0 0 0 0 0 0 0 0 0 0 0 0 0 0 0 0 0 0 0 0 0 0 0 0 0 1 0 99 15 94 0 0 0 0 0 0 0 0 0 0 0 0 0 0 
0 0 0 0 0 0 0 0 0 0 0 0 0 0 0 0 0 0 0 0 0 0 0 0 0 0 0 0 0 0 0 0 0 0 0 0 0 0 0 0 0 0 0 0 0 0 0 0 0 0 0 0 0 0 0 0 0 0 0 0 0 0 0 0 0 0 0 0 0 0 0 0 0 0 0 0 0 0 0 0 0 5 99 0 0 1 0 0 0 0 0 0 0 0 0 0 0 0 0 0 
0 0 0 0 0 0 0 0 0 0 0 0 0 0 0 0 0 0 0 0 0 0 0 0 0 0 0 0 0 0 0 0 0 0 0 0 0 0 0 0 0 0 0 0 0 0 0 0 0 0 0 0 0 0 0 0 0 0 0 0 0 0 0 0 0 0 0 0 0 0 0 0 0 0 0 0 0 0 0 0 0 0 15 0 0 95 1 1 0 0 0 0 0 0 0 0 0 0 0 0 
0 0 0 0 0 0 0 0 0 0 0 0 0 0 0 0 0 0 0 0 0 0 0 0 0 0 0 0 0 0 0 0 0 0 0 0 0 0 0 0 0 0 0 0 0 0 0 0 0 0 0 0 0 0 0 0 0 0 0 0 0 0 0 0 0 0 0 0 0 0 0 0 0 0 0 0 0 0 0 0 0 0 94 1 95 0 0 0 0 0 0 0 0 0 0 0 0 0 0 0 
0 0 0 0 0 0 0 0 0 0 0 0 0 0 0 0 0 0 0 0 0 0 0 0 0 0 0 0 0 0 0 0 0 0 0 0 0 0 0 0 0 0 0 0 0 0 0 0 0 0 0 0 0 0 0 0 0 0 0 0 0 0 0 0 0 0 0 0 0 0 0 0 0 0 0 0 0 0 0 0 0 0 0 0 1 0 0 3 0 0 1 0 0 0 0 0 0 0 0 0 
0 0 0 0 0 0 0 0 0 0 0 0 0 0 0 0 0 0 0 0 0 0 0 0 0 0 0 0 0 0 0 0 0 0 0 0 0 0 0 0 0 0 0 0 0 0 0 0 0 0 0 0 0 0 0 0 0 0 0 0 0 0 0 0 0 0 0 0 0 0 0 0 0 0 0 0 0 0 0 0 0 0 0 0 1 0 3 0 0 0 1 0 0 0 0 0 0 0 0 0 
0 0 0 0 0 0 0 0 0 0 0 0 0 0 0 0 0 0 0 0 0 0 0 0 0 0 0 0 0 0 0 0 0 0 0 0 0 0 0 0 0 0 0 0 0 0 0 0 0 0 0 0 0 0 0 0 0 0 0 0 0 0 0 0 0 0 0 0 0 0 0 0 0 0 0 0 0 0 0 0 0 0 0 0 0 0 0 0 0 2 95 0 0 0 0 0 0 0 0 0 
0 0 0 0 0 0 0 0 0 0 0 0 0 0 0 0 0 0 0 0 0 0 0 0 0 0 0 0 0 0 0 0 0 0 0 0 0 0 0 0 0 0 0 0 0 0 0 0 0 0 0 0 0 0 0 0 0 0 0 0 0 0 0 0 0 0 0 0 0 0 0 0 0 0 0 0 0 0 0 0 0 0 0 0 0 0 0 0 2 0 100 0 0 5 0 0 0 0 0 0 
0 0 0 0 0 0 0 0 0 0 0 0 0 0 0 0 0 0 0 0 0 0 0 0 0 0 0 0 0 0 0 0 0 0 0 0 0 0 0 0 0 0 0 0 0 0 0 0 0 0 0 0 0 0 0 0 0 0 0 0 0 0 0 0 0 0 0 0 0 0 0 0 0 0 0 0 0 0 0 0 0 0 0 0 0 0 1 1 95 100 0 0 0 0 0 0 0 0 0 0 
0 0 0 0 0 0 0 0 0 0 0 0 0 0 0 0 0 0 0 0 0 0 0 0 0 0 0 0 0 0 0 0 0 0 0 0 0 0 0 0 0 0 0 0 0 0 0 0 0 0 0 0 0 0 0 0 0 0 0 0 0 0 0 0 0 0 0 0 0 0 0 0 0 0 0 0 0 0 0 0 0 0 0 0 0 0 0 0 0 0 0 0 0 98 2 0 0 0 0 0 
0 0 0 0 0 0 0 0 0 0 0 0 0 0 0 0 0 0 0 0 0 0 0 0 0 0 0 0 0 0 0 0 0 0 0 0 0 0 0 0 0 0 0 0 0 0 0 0 0 0 0 0 0 0 0 0 0 0 0 0 0 0 0 0 0 0 0 0 0 0 0 0 0 0 0 0 0 0 0 0 0 0 0 0 0 0 0 0 0 0 0 0 0 100 100 99 0 0 0 0 
0 0 0 0 0 0 0 0 0 0 0 0 0 0 0 0 0 0 0 0 0 0 0 0 0 0 0 0 0 0 0 0 0 0 0 0 0 0 0 0 0 0 0 0 0 0 0 0 0 0 0 0 0 0 0 0 0 0 0 0 0 0 0 0 0 0 0 0 0 0 0 0 0 0 0 0 0 0 0 0 0 0 0 0 0 0 0 0 0 5 0 98 100 0 1 0 0 0 0 0 
0 0 0 0 0 0 0 0 0 0 0 0 0 0 0 0 0 0 0 0 0 0 0 0 0 0 0 0 0 0 0 0 0 0 0 0 0 0 0 0 0 0 0 0 0 0 0 0 0 0 0 0 0 0 0 0 0 0 0 0 0 0 0 0 0 0 0 0 0 0 0 0 0 0 0 0 0 0 0 0 0 0 0 0 0 0 0 0 0 0 0 2 100 1 0 0 0 0 0 0 
0 0 0 0 0 0 0 0 0 0 0 0 0 0 0 0 0 0 0 0 0 0 0 0 0 0 0 0 0 0 0 0 0 0 0 0 0 0 0 0 0 0 0 0 0 0 0 0 0 0 0 0 0 0 0 0 0 0 0 0 0 0 0 0 0 0 0 0 0 0 0 0 0 0 0 0 0 0 0 0 0 0 0 0 0 0 0 0 0 0 0 0 99 0 0 0 0 0 0 0 
0 0 0 0 0 0 0 0 0 0 0 0 0 0 0 0 0 0 0 0 0 0 0 0 0 0 0 0 0 0 0 0 0 0 0 0 0 0 0 0 0 0 0 0 0 0 0 0 0 0 0 0 0 0 0 0 0 0 0 0 0 0 0 0 0 0 0 0 0 0 0 0 0 0 0 0 0 0 0 0 0 0 0 0 0 0 0 0 0 0 0 0 0 0 0 0 0 100 0 0 
0 0 0 0 0 0 0 0 0 0 0 0 0 0 0 0 0 0 0 0 0 0 0 0 0 0 0 0 0 0 0 0 0 0 0 0 0 0 0 0 0 0 0 0 0 0 0 0 0 0 0 0 0 0 0 0 0 0 0 0 0 0 0 0 0 0 0 0 0 0 0 0 0 0 0 0 0 0 0 0 0 0 0 0 0 0 0 0 0 0 0 0 0 0 0 0 100 0 0 0 
0 0 0 0 0 0 0 0 0 0 0 0 0 0 0 0 0 0 0 0 0 0 0 0 0 0 0 0 0 0 0 0 0 0 0 0 0 0 0 0 0 0 0 0 0 0 0 0 0 0 0 0 0 0 0 0 0 0 0 0 0 0 0 0 0 0 0 0 0 0 0 0 0 0 0 0 0 0 0 0 0 0 0 0 0 0 0 0 0 0 0 0 0 0 0 0 0 0 0 100 
0 0 0 0 0 0 0 0 0 0 0 0 0 0 0 0 0 0 0 0 0 0 0 0 0 0 0 0 0 0 0 0 0 0 0 0 0 0 0 0 0 0 0 0 0 0 0 0 0 0 0 0 0 0 0 0 0 0 0 0 0 0 0 0 0 0 0 0 0 0 0 0 0 0 0 0 0 0 0 0 0 0 0 0 0 0 0 0 0 0 0 0 0 0 0 0 0 0 100 0 

Rho histogram: 
0 0 0 0 0 0 0 0 0 0 0 0 0 0 0 0 0 0 0 100 

Summary:
objF nSamp nIter rhoMean rhoStDev rProp hitsProp rankHitsProp
Rgar75 100 100 0.9988141614161418 0.0001671460167493212 0 0 0.3449

Time:  36m1.097850397s
=======================================================
