=======================================================
Objective function:  Wrcug
Matrix:  I100.csv
Iterations:  100
Heuristic for search:  RobSA3
Improvement function # 0
Window width for improvement:  0
Heuristic for improvement:  RobSA3
Seed:  33
=======================================================

Best permutations: 
0 1 2 3 4 5 6 7 8 9 11 10 13 12 15 16 19 14 17 18 20 22 21 24 27 23 30 25 26 28 32 31 29 33 35 34 36 37 38 39 40 41 42 44 43 45 48 46 47 49 50 53 51 54 52 55 56 57 60 58 59 63 61 62 64 65 67 66 68 69 72 70 73 74 76 77 71 75 79 78 80 81 83 85 82 84 86 87 88 90 89 93 91 94 95 92 97 96 99 98 
0 1 2 3 4 5 6 7 8 11 9 10 13 12 15 16 19 14 17 18 20 21 22 24 27 23 30 25 28 26 32 31 29 33 34 35 36 37 38 39 40 41 43 42 44 45 48 46 47 49 50 53 51 52 54 55 56 57 60 58 59 63 61 62 64 65 67 66 68 69 72 70 73 74 76 77 71 75 79 78 80 81 83 85 82 84 86 87 88 90 89 93 91 94 95 92 97 96 99 98 
0 1 2 3 4 5 6 7 8 9 11 10 13 12 15 16 19 14 17 18 20 21 22 24 27 23 30 25 26 28 32 31 29 33 35 34 36 37 38 39 40 41 43 42 44 45 48 46 47 49 50 53 51 52 54 55 56 57 60 58 59 63 61 62 64 65 67 66 68 69 72 70 73 74 76 77 71 75 79 78 80 81 83 85 82 84 86 87 88 90 89 93 91 94 95 92 97 96 99 98 
0 1 2 3 4 5 6 7 8 9 11 10 13 12 15 16 19 14 17 18 20 21 22 24 23 27 30 25 26 28 32 31 29 33 35 34 36 37 38 39 40 41 43 42 44 45 48 46 47 49 50 53 51 52 54 55 56 57 60 58 59 63 61 62 64 65 67 66 68 69 72 70 73 74 76 77 71 75 79 78 80 81 83 85 82 84 86 87 88 90 89 93 91 94 95 92 97 96 99 98 
0 1 2 3 4 5 6 7 8 9 11 10 13 12 15 19 16 14 17 18 21 20 22 24 27 23 30 25 26 28 32 31 29 33 35 34 36 37 38 39 40 41 43 42 44 45 48 46 47 49 50 53 51 52 54 55 56 57 60 58 59 63 61 62 64 65 67 66 68 69 72 70 73 74 76 77 71 75 79 78 80 81 83 85 82 84 86 87 88 90 89 93 91 94 95 92 97 96 99 98 
0 1 2 3 4 5 6 7 8 11 9 13 10 15 16 12 19 14 17 18 21 20 22 24 27 23 30 25 26 28 32 31 33 29 35 34 36 37 39 38 40 41 42 44 43 45 48 46 47 49 50 53 51 52 54 55 56 57 60 59 58 63 62 61 64 65 67 66 68 69 72 70 73 74 76 71 75 77 79 78 80 81 83 85 84 82 86 87 88 90 89 93 91 94 95 92 97 96 99 98 
0 1 2 3 4 5 6 7 8 9 11 10 13 15 16 12 19 14 17 18 20 21 22 24 27 23 30 25 26 28 32 31 29 33 35 34 36 37 38 39 40 41 43 42 44 45 48 46 47 49 50 53 51 52 54 55 56 57 60 58 59 63 61 62 64 65 67 66 68 69 72 70 73 74 76 77 71 75 79 78 80 81 83 85 82 84 86 87 88 90 89 93 91 94 95 92 97 96 99 98 
0 1 2 3 4 5 6 7 8 9 11 10 13 15 16 12 19 14 17 18 20 21 22 24 27 23 25 26 30 28 32 31 29 33 35 34 36 37 38 39 40 41 43 42 44 45 48 46 47 49 50 53 51 52 54 55 56 57 60 58 59 63 61 62 64 65 67 66 68 69 72 70 73 74 76 77 71 75 79 78 80 81 83 85 82 84 86 87 88 90 89 93 91 94 95 92 97 96 99 98 
0 1 2 3 4 5 6 7 8 9 11 10 13 12 15 16 19 14 17 18 20 21 22 24 27 23 30 25 26 28 32 31 29 33 35 34 36 37 38 39 40 41 43 42 44 45 48 46 47 50 49 53 51 52 54 55 56 57 60 58 59 63 61 64 62 65 67 66 68 69 72 70 73 74 76 77 71 75 79 78 80 81 83 85 82 84 86 87 88 90 89 93 91 94 95 92 97 96 99 98 
0 1 2 3 4 5 6 7 8 9 11 10 13 15 16 12 19 14 17 18 20 21 22 24 27 23 30 25 26 28 32 31 29 33 35 34 36 37 38 39 40 41 43 42 44 45 48 46 47 49 50 53 51 52 54 55 56 57 60 58 59 63 61 62 64 65 67 66 69 68 70 73 72 74 76 77 71 75 79 78 80 81 83 85 82 84 87 86 88 90 89 93 91 94 95 92 97 96 99 98 
0 1 2 3 4 5 6 7 8 9 11 10 13 12 15 16 19 14 17 18 20 21 22 24 27 23 30 25 26 28 32 31 29 33 35 34 36 37 38 39 40 41 42 43 44 45 48 46 47 49 50 53 51 52 54 55 56 57 60 58 59 63 61 62 64 65 67 66 68 69 72 73 70 74 76 77 71 75 79 78 80 81 83 85 82 84 86 87 88 90 89 93 91 94 95 92 97 96 99 98 
0 1 2 3 4 5 6 7 8 9 11 10 13 12 15 16 19 14 17 18 20 21 22 24 27 23 30 25 26 28 32 31 29 33 35 34 36 37 38 39 40 41 43 42 44 45 48 46 47 49 50 53 51 52 54 55 56 57 60 58 59 63 61 62 64 65 67 66 68 69 72 70 73 74 76 77 71 75 79 78 80 81 83 85 82 84 86 87 88 90 89 93 91 94 95 92 97 96 99 98 
0 1 2 3 4 5 6 7 8 9 11 10 13 12 15 16 19 14 17 18 20 21 22 24 27 23 30 25 26 32 28 31 29 33 35 34 36 37 38 39 40 41 43 42 44 45 48 46 47 49 50 53 51 52 54 55 56 57 60 58 59 63 61 62 64 65 67 66 68 69 72 70 73 74 76 77 71 75 79 78 80 81 83 85 82 84 86 87 88 90 89 93 91 94 95 92 97 96 99 98 
0 1 2 3 4 5 6 7 8 9 11 10 13 12 15 16 19 14 17 18 20 21 22 24 23 27 30 25 26 28 32 31 29 33 35 34 36 37 38 39 40 41 43 42 44 45 48 46 47 49 50 53 51 52 54 55 56 57 60 58 59 63 61 62 64 65 67 66 68 69 72 70 73 74 76 71 77 75 79 78 80 81 83 85 84 82 86 87 88 90 89 93 91 94 95 92 97 96 99 98 
0 1 2 3 4 5 6 7 8 9 11 10 13 12 15 16 19 14 17 18 20 21 22 24 27 23 30 25 26 28 32 31 29 33 35 34 36 37 38 39 40 41 43 42 44 45 48 46 47 49 50 53 51 52 54 55 57 56 60 58 59 63 61 62 64 65 67 66 68 69 72 70 73 74 76 77 71 75 79 78 80 81 83 85 82 84 86 87 88 90 89 93 91 94 95 92 97 96 99 98 
0 1 2 3 4 5 6 7 8 9 11 10 13 12 15 16 19 14 17 18 20 21 22 24 27 23 30 25 26 28 32 31 29 33 35 34 36 37 38 39 40 41 43 42 44 45 48 46 47 49 50 53 51 52 54 55 57 56 60 58 59 63 61 62 64 65 67 66 68 69 72 70 73 74 76 77 71 75 79 78 80 81 82 83 85 84 86 87 90 88 89 93 91 94 95 92 97 96 99 98 
0 1 2 3 4 5 6 7 8 9 11 10 13 12 15 16 19 14 17 18 20 21 22 24 27 23 25 26 30 28 32 31 29 33 35 34 36 37 38 39 40 41 43 42 44 45 48 46 47 49 50 53 51 52 54 55 56 57 60 58 59 61 63 62 64 65 67 66 68 69 72 70 73 74 76 77 71 75 79 78 80 81 83 85 82 84 86 87 88 90 89 93 91 94 95 92 97 96 99 98 
0 1 2 3 4 5 6 7 8 9 11 10 13 12 15 16 19 14 17 18 20 21 22 24 27 23 30 25 26 28 32 31 29 33 35 34 36 37 38 39 40 41 43 42 44 45 48 46 47 49 50 53 51 54 52 55 56 57 60 58 59 63 61 62 64 65 67 66 68 69 72 73 70 74 76 77 71 75 79 78 80 81 83 85 82 84 86 87 88 90 89 93 91 94 95 92 97 96 99 98 
0 1 2 3 4 5 6 7 8 9 11 13 10 12 15 16 19 14 17 18 20 21 22 24 27 23 30 25 28 26 32 31 29 33 34 35 36 37 38 39 40 41 43 42 44 45 48 46 47 49 50 53 51 54 52 55 56 57 60 58 59 63 61 62 64 65 67 66 68 69 72 70 73 74 76 77 71 75 79 78 80 81 83 85 82 84 86 87 88 90 89 93 91 94 95 92 97 96 99 98 
0 1 2 3 4 5 6 7 8 11 9 10 13 12 15 16 19 14 17 18 20 21 22 24 27 23 30 25 26 28 32 31 29 33 35 34 36 37 38 39 41 40 42 43 45 44 48 46 47 49 50 53 51 52 54 55 56 57 60 58 59 63 61 62 64 65 67 66 68 69 72 70 73 74 76 77 71 75 79 78 80 81 83 85 82 84 86 87 88 90 89 93 91 94 95 92 97 96 99 98 
0 1 2 3 4 5 6 7 8 9 11 10 13 12 15 16 19 14 17 18 20 21 22 24 27 23 25 26 30 28 32 31 29 33 34 35 36 37 38 39 40 41 43 42 45 44 48 46 47 50 49 53 51 52 54 55 56 57 60 58 59 63 61 62 64 65 66 67 68 69 72 70 73 76 74 77 71 75 79 78 80 81 83 85 82 84 86 87 88 90 89 93 91 94 95 92 97 96 99 98 
0 1 2 3 4 5 6 7 8 9 11 10 13 12 15 16 19 14 17 18 20 21 22 24 27 23 30 25 26 28 32 31 29 33 35 34 36 37 38 39 40 41 43 42 44 45 48 46 47 49 50 51 53 52 54 55 56 57 60 58 59 63 61 62 64 65 67 66 68 69 72 70 73 74 76 77 71 75 79 78 80 81 83 85 82 84 86 87 88 90 89 93 91 94 95 92 97 96 99 98 
0 1 2 3 4 5 6 7 8 9 11 10 13 12 15 16 19 14 17 18 20 21 22 24 27 23 30 25 26 28 32 31 29 33 35 34 36 37 39 38 40 41 42 43 44 45 46 48 47 49 50 53 51 52 54 55 56 57 60 58 59 63 61 62 64 65 67 66 68 69 72 73 70 74 76 77 71 75 79 78 80 81 83 85 82 84 86 87 88 90 89 93 91 94 95 92 97 96 99 98 
0 1 2 3 4 5 6 7 8 9 11 10 13 12 15 19 16 14 17 18 20 22 21 24 27 23 30 25 26 28 32 31 29 33 35 34 36 37 38 39 40 41 43 42 44 45 48 46 47 49 50 53 51 52 54 55 56 57 60 58 59 63 61 62 64 65 67 66 68 69 72 70 73 74 76 77 71 75 79 78 80 81 83 85 82 84 86 87 88 90 89 93 91 94 95 92 97 96 99 98 
0 1 2 3 4 5 6 7 8 9 11 13 10 12 15 16 19 14 17 18 20 21 22 24 23 27 30 25 26 28 32 31 29 33 35 34 36 37 38 39 40 41 43 42 44 45 48 46 47 49 50 53 51 52 54 55 56 57 60 58 59 63 61 62 64 65 67 66 68 69 72 70 73 74 76 71 77 75 79 78 80 81 83 85 82 84 86 87 88 90 89 93 91 94 95 92 97 96 99 98 
0 1 2 3 4 5 6 7 8 9 11 10 13 12 15 16 19 14 17 18 20 21 22 24 27 23 30 25 26 28 32 31 33 29 35 34 36 37 38 39 40 41 43 42 44 45 48 46 47 49 50 53 51 52 54 55 56 57 60 58 59 63 61 62 64 65 67 66 68 69 72 70 73 74 76 77 71 75 78 79 80 81 83 85 82 84 86 87 88 90 89 93 91 94 95 92 97 96 99 98 
0 1 2 3 4 5 6 7 8 9 11 10 13 12 15 16 19 14 17 18 20 21 22 24 27 23 25 26 30 28 32 31 29 33 35 34 36 37 38 39 40 41 43 42 44 45 48 46 47 49 50 53 51 52 54 55 56 57 60 58 59 63 61 62 65 64 67 66 69 68 72 70 73 74 76 77 71 75 79 78 80 81 83 85 82 84 86 87 88 90 89 93 91 94 95 92 97 96 99 98 
0 1 2 3 4 5 6 7 8 9 11 10 13 15 16 12 19 14 17 18 20 21 22 24 23 27 30 25 26 28 32 31 29 33 34 35 36 37 38 39 40 41 43 42 44 45 48 46 47 49 50 53 51 52 54 55 56 57 60 58 59 63 61 62 64 65 67 66 68 69 72 70 73 74 76 77 71 75 79 78 80 81 83 85 82 84 86 87 88 90 89 93 91 94 95 92 97 96 99 98 
65 64 34 16 17 30 68 27 44 37 8 73 96 60 56 57 25 6 69 80 14 88 90 48 19 89 21 10 76 20 2 71 24 51 87 59 40 46 63 22 81 49 43 4 26 97 83 9 42 94 39 32 1 58 92 74 36 7 54 79 99 29 55 18 5 33 67 62 15 28 93 75 11 66 95 98 84 86 61 47 31 50 53 70 85 23 38 91 35 3 45 52 72 13 41 77 0 78 82 12 
0 1 2 3 4 5 6 7 8 9 11 10 13 12 15 16 19 14 17 18 20 21 22 24 27 23 30 25 26 28 32 31 29 33 35 34 36 37 38 39 40 41 44 43 42 45 48 46 47 49 50 53 51 52 54 55 56 57 60 58 59 63 61 62 64 65 67 66 68 69 72 70 73 74 76 77 71 75 79 78 80 81 83 85 82 84 86 87 88 90 89 93 91 94 95 92 97 96 99 98 
0 1 2 3 4 5 6 7 8 9 11 10 13 12 15 16 19 14 17 18 20 21 22 24 23 27 30 25 26 28 32 31 29 33 35 34 36 37 38 39 40 41 43 42 44 45 48 46 47 49 50 53 51 54 52 55 56 57 60 58 59 63 61 62 64 65 67 66 68 69 72 70 73 74 76 71 77 75 79 78 80 81 83 85 82 84 86 87 88 90 89 93 91 94 95 92 97 96 99 98 
0 1 2 3 4 5 6 7 8 9 11 10 13 12 15 16 19 14 17 18 20 21 22 24 27 23 26 30 25 28 32 31 29 33 34 35 36 37 38 39 40 41 43 42 44 45 48 46 47 49 50 53 51 52 54 55 56 57 60 58 59 63 61 62 64 65 67 66 68 69 72 70 73 76 74 77 71 75 79 78 80 81 83 85 82 84 86 87 88 90 89 93 91 94 95 92 97 96 99 98 
0 1 2 3 4 5 6 7 8 9 11 10 13 12 15 16 19 14 17 18 20 21 22 24 27 23 30 25 26 28 32 31 29 33 35 34 36 37 38 39 40 41 43 42 44 45 48 46 47 49 50 53 51 54 52 55 56 57 60 58 59 63 61 62 64 65 67 66 68 69 72 70 73 74 76 77 71 75 79 78 80 81 83 85 82 84 86 87 88 90 89 93 91 94 95 92 97 96 99 98 
0 1 2 3 4 5 6 7 8 9 11 10 13 12 15 19 16 14 17 18 20 21 22 24 27 23 30 25 26 28 32 31 29 33 34 35 36 37 38 39 40 41 43 42 44 45 48 46 47 50 49 53 51 54 52 55 56 57 60 58 59 63 61 62 64 65 67 66 68 69 72 70 73 74 76 77 71 75 79 78 80 81 83 85 82 84 86 87 88 90 89 93 91 94 95 92 97 96 99 98 
0 1 2 3 4 5 6 7 8 9 11 10 13 12 15 16 19 14 17 18 20 21 22 24 27 23 30 25 26 28 32 31 29 33 35 34 36 37 38 39 40 41 43 42 44 45 48 46 47 49 50 53 51 52 54 55 56 57 60 58 59 63 61 62 64 65 67 66 68 69 72 73 70 74 76 77 71 75 79 78 80 81 83 85 82 84 86 87 88 90 89 93 91 94 95 92 97 96 99 98 
0 1 2 3 4 5 6 7 8 9 11 10 13 12 15 16 19 14 17 18 20 21 22 24 27 23 30 25 26 28 32 31 29 33 35 34 36 37 38 39 40 41 43 42 45 44 48 46 47 49 50 53 51 52 54 55 57 56 60 58 59 63 61 62 64 65 67 66 68 69 72 70 73 74 76 77 71 75 79 80 78 81 83 85 82 84 86 87 88 90 89 93 91 94 95 92 97 96 99 98 
0 1 2 3 4 5 6 7 8 9 11 10 13 12 15 16 19 14 17 18 20 21 22 24 27 23 30 25 26 32 31 28 29 33 35 34 36 37 38 39 40 41 43 42 44 45 48 46 47 49 50 53 51 52 54 55 56 57 60 58 59 63 61 62 64 65 67 66 68 69 72 70 73 74 76 71 77 75 79 78 80 81 83 85 82 84 86 87 90 88 89 93 91 94 95 92 97 96 99 98 
0 1 2 3 4 5 6 7 8 9 11 10 13 12 15 16 19 14 17 18 20 21 22 24 27 23 30 25 26 28 32 31 29 33 35 34 36 37 38 39 41 40 43 42 44 45 48 46 47 49 50 53 51 52 54 55 56 57 60 58 59 63 61 64 65 62 67 66 68 69 72 70 73 74 76 77 71 75 79 78 80 81 83 85 82 84 86 87 88 90 89 93 91 94 95 92 97 96 99 98 
0 1 2 3 4 5 6 7 8 9 11 10 13 12 15 16 19 14 17 18 20 21 22 24 27 23 30 25 26 28 32 31 29 33 35 34 36 37 39 40 41 38 43 42 44 45 48 46 47 50 49 53 51 52 54 55 56 57 60 58 59 63 61 62 64 65 67 66 68 69 72 73 70 74 76 77 71 75 79 80 78 81 83 85 82 84 86 87 88 90 89 93 91 94 95 92 97 96 99 98 
0 1 2 3 4 5 6 7 8 9 11 10 13 12 15 16 19 14 17 18 20 21 22 24 27 23 30 25 26 28 32 31 29 33 36 34 35 37 38 39 40 41 43 42 45 44 46 48 47 49 50 53 51 52 54 55 56 57 60 59 58 63 61 62 64 65 67 66 68 69 72 70 73 74 76 71 77 75 79 78 80 81 83 85 82 84 86 87 88 90 89 93 91 94 95 92 97 96 99 98 
0 1 2 3 4 5 6 7 8 9 11 10 13 15 12 19 16 14 17 18 20 21 22 24 27 23 30 25 26 28 32 31 29 33 35 34 36 37 38 39 40 41 43 42 44 45 48 46 47 49 50 53 51 54 52 55 56 57 60 58 59 63 61 62 64 65 67 66 68 69 72 70 73 74 76 77 71 75 79 78 80 81 83 85 82 84 86 87 88 90 89 93 91 94 95 92 97 96 99 98 
0 1 2 3 4 5 6 7 8 9 11 10 13 12 15 16 19 14 17 18 20 21 22 24 27 23 30 25 26 28 32 31 29 33 35 34 36 37 38 39 40 41 43 42 44 45 48 46 47 49 50 53 51 52 54 55 56 57 60 58 59 63 61 62 64 65 67 66 68 69 72 70 73 74 76 77 71 75 79 78 80 81 83 85 82 84 86 87 88 90 89 93 91 94 95 92 97 96 99 98 
0 1 2 3 4 5 6 7 8 9 11 10 13 12 15 16 19 14 17 18 20 21 22 24 27 23 30 25 26 28 32 31 29 33 35 34 36 37 38 39 40 41 43 42 44 45 48 46 47 49 50 53 51 52 54 55 56 57 60 58 59 63 61 62 64 65 67 66 68 69 72 70 73 74 76 77 71 75 79 78 80 81 83 85 82 84 86 87 88 90 89 93 91 94 95 92 97 96 99 98 
0 1 2 3 4 5 6 7 8 9 11 10 13 12 15 16 19 14 17 18 20 21 22 24 27 23 30 25 26 28 32 31 29 33 35 34 36 37 38 39 40 41 43 42 44 45 48 46 47 49 50 53 51 52 54 55 56 57 60 58 59 63 61 62 64 65 67 66 68 69 72 70 73 74 76 77 71 75 79 78 80 81 83 85 82 84 86 87 88 90 89 93 91 94 95 92 97 96 99 98 
0 1 2 3 4 5 6 7 8 9 11 10 13 15 16 12 19 14 17 18 20 21 22 24 27 23 30 25 26 28 32 31 29 33 35 34 36 37 38 39 40 41 43 42 44 45 48 46 47 49 50 53 51 52 54 55 56 57 60 58 59 63 61 62 64 65 67 66 68 69 72 70 73 74 76 77 71 75 79 78 80 81 83 85 82 84 86 87 88 90 89 93 91 94 95 92 97 96 99 98 
0 1 2 3 4 5 6 7 8 11 9 10 13 12 15 19 16 14 17 18 20 21 22 24 23 27 25 26 30 28 32 31 29 33 34 36 35 37 38 39 40 41 43 42 45 44 48 47 46 49 50 53 51 52 54 55 56 57 60 58 59 61 63 62 64 65 67 66 68 69 72 73 70 74 76 77 71 75 79 78 80 81 83 85 82 84 86 87 88 90 89 93 91 94 95 92 97 96 99 98 
0 1 2 3 4 5 6 7 8 9 11 10 13 12 15 16 19 14 17 18 20 21 22 24 27 23 30 25 26 28 32 31 29 33 35 34 36 37 38 39 40 41 43 42 44 45 46 47 48 49 50 53 51 54 52 55 56 57 60 58 59 63 61 62 64 65 67 66 68 69 72 70 73 74 76 77 71 75 79 80 81 78 83 85 82 84 86 87 88 90 89 93 91 94 95 92 97 96 99 98 
0 1 2 3 4 5 6 7 8 9 11 10 13 12 15 16 19 14 17 18 20 21 22 24 27 23 30 25 26 28 32 31 29 33 35 34 36 37 38 39 40 41 43 42 44 45 48 46 47 49 50 53 51 52 54 55 56 57 60 58 59 63 61 62 64 65 67 66 68 69 72 70 73 74 76 77 71 75 79 78 80 81 83 85 82 84 86 87 88 90 89 93 91 94 95 92 97 96 99 98 
0 1 2 3 4 5 6 7 8 9 11 10 13 12 15 19 16 14 17 18 20 21 22 24 27 23 30 25 26 28 32 31 29 33 35 34 36 37 38 39 40 41 42 44 43 45 48 46 47 49 50 53 51 52 54 55 56 57 60 58 59 63 62 65 64 61 66 67 68 69 72 70 73 74 76 77 71 75 79 78 80 81 83 85 82 84 86 87 88 90 89 93 91 94 95 92 97 96 99 98 
0 1 2 3 4 5 6 7 8 9 11 10 13 15 16 12 19 14 17 18 20 21 22 24 27 23 25 26 30 28 32 31 29 33 35 34 36 37 38 39 40 41 42 44 43 45 48 46 47 50 49 53 51 52 54 55 56 57 60 58 59 63 61 62 64 65 67 66 68 69 72 70 73 74 76 77 71 75 79 78 80 81 83 85 82 84 86 87 88 90 89 93 91 94 95 92 97 96 99 98 
0 1 2 3 4 5 6 7 8 9 11 10 13 12 15 16 19 14 17 18 20 21 22 24 27 23 30 25 26 28 32 31 29 33 35 36 34 37 38 39 41 40 42 44 43 45 48 46 47 49 50 53 51 52 54 55 56 57 60 59 58 61 63 62 64 65 66 67 68 69 72 70 73 74 76 77 71 75 79 78 80 81 83 85 82 84 86 87 88 90 89 93 91 94 95 92 97 96 99 98 
0 1 2 3 4 5 6 7 8 9 11 10 13 12 15 16 19 14 17 18 20 21 22 24 27 23 25 26 30 28 32 31 29 33 35 34 36 37 38 39 40 41 43 42 44 45 48 46 47 49 50 53 51 54 52 55 56 57 60 58 59 63 61 62 64 65 67 66 68 69 72 70 73 76 74 77 71 75 79 78 80 81 83 85 82 84 86 87 88 90 89 93 91 94 95 92 97 96 99 98 
0 1 2 3 4 5 6 7 8 9 11 10 13 12 15 16 19 14 17 18 20 21 22 24 27 23 30 25 26 28 32 31 29 33 35 34 36 37 38 39 40 41 43 42 44 45 48 46 47 49 50 53 51 52 54 55 56 57 60 58 59 63 61 62 64 65 67 66 68 69 72 70 73 74 76 77 71 75 79 78 80 81 83 85 82 84 86 87 88 90 89 93 91 94 95 92 97 96 99 98 
0 1 2 3 4 5 6 7 8 9 11 10 13 12 15 16 19 14 18 17 20 21 22 24 27 23 30 25 26 28 32 31 29 33 34 35 36 37 38 39 40 41 43 42 44 45 48 46 47 49 50 53 51 52 54 55 56 57 60 58 59 61 63 62 64 65 67 66 68 69 72 70 73 74 76 77 71 75 79 78 80 81 83 85 82 84 86 87 88 90 89 93 91 94 95 92 97 96 99 98 
0 1 2 3 4 5 6 7 8 9 11 10 13 15 16 12 19 14 17 18 20 21 22 24 27 23 30 25 26 28 32 31 29 33 35 34 36 37 38 39 40 41 43 42 44 45 46 48 47 49 50 53 51 52 54 55 56 57 60 58 59 63 64 61 62 65 67 68 66 69 72 70 73 74 76 77 71 79 75 78 80 81 83 85 82 84 86 87 88 90 89 91 93 94 95 92 97 96 99 98 
0 1 2 3 4 5 6 7 8 9 11 10 13 12 15 16 19 14 17 18 20 21 22 24 27 23 30 25 26 28 32 31 29 33 34 35 36 37 38 39 40 41 43 42 44 45 48 46 47 49 50 53 51 52 54 55 56 57 60 58 59 63 61 62 64 65 67 66 68 69 72 70 73 74 76 77 71 75 79 78 80 81 83 85 82 84 86 87 88 90 89 93 91 94 95 92 97 96 99 98 
0 1 2 3 4 5 6 7 8 9 11 10 13 12 15 16 19 14 18 17 20 21 22 24 27 23 30 25 26 28 32 31 29 33 34 35 36 37 38 39 40 41 43 42 44 45 48 46 47 49 50 53 51 52 54 55 56 57 60 58 59 63 61 62 64 65 67 66 68 69 72 70 73 74 76 77 71 75 79 78 80 81 83 85 82 84 86 87 88 90 89 93 91 94 95 92 97 96 99 98 
0 1 2 3 4 5 6 7 8 9 11 10 13 12 15 16 19 14 17 18 20 21 22 24 27 23 30 25 26 28 32 31 29 33 35 34 36 37 38 39 40 41 43 42 44 45 48 46 47 49 50 53 51 52 54 55 56 57 60 58 59 63 61 62 64 67 65 66 68 69 72 70 73 74 76 71 77 75 79 78 80 81 83 85 82 84 86 87 90 88 89 93 91 94 95 92 97 96 99 98 
0 1 2 3 4 5 6 7 8 9 11 10 13 12 15 16 19 14 18 17 20 21 22 24 27 23 30 25 26 28 32 31 29 33 35 34 36 37 38 39 40 41 43 42 44 45 48 46 47 49 50 53 51 52 54 55 56 57 60 58 59 63 61 62 64 65 67 66 68 69 70 72 73 74 76 77 71 75 79 80 78 81 83 82 85 84 86 87 88 90 89 93 91 94 95 92 97 96 99 98 
0 1 2 3 4 5 6 7 8 9 11 10 13 12 15 16 19 14 17 18 21 20 22 24 27 23 30 25 26 28 32 31 29 33 35 34 36 37 38 39 40 41 43 42 44 45 48 46 47 49 50 53 51 52 54 55 56 57 60 58 59 63 61 62 64 65 67 66 68 69 72 70 73 74 76 77 71 75 79 78 80 81 83 85 82 84 86 87 88 90 89 93 91 94 95 92 97 96 99 98 
0 1 2 3 4 5 6 7 8 9 11 10 13 15 16 12 19 14 17 18 20 21 22 24 27 23 30 25 26 28 32 31 29 33 35 34 36 37 38 39 40 41 43 42 44 45 48 46 47 49 50 53 51 52 54 55 56 57 60 58 59 63 61 62 64 65 67 66 68 69 72 70 73 74 76 77 71 75 79 78 80 81 83 85 82 84 86 87 88 90 89 93 91 94 95 92 97 96 99 98 
0 1 2 3 4 5 6 7 8 9 11 10 13 12 15 16 19 14 17 18 20 21 22 24 27 23 30 25 26 28 32 31 29 33 35 34 36 37 38 39 41 40 42 43 44 45 46 48 47 49 50 53 51 52 54 55 56 57 60 58 59 63 61 62 65 64 67 66 68 69 72 70 73 74 76 77 71 75 79 78 80 81 83 85 82 84 86 87 88 90 89 93 91 94 95 92 97 96 99 98 
0 1 2 3 4 5 6 7 8 9 11 10 13 12 15 16 19 14 17 18 20 21 22 24 27 23 30 25 26 28 32 31 29 33 35 34 36 37 38 39 40 41 43 42 44 45 48 46 47 49 50 53 51 52 54 55 56 57 60 58 59 63 61 62 64 65 67 66 68 69 72 70 73 74 76 77 71 75 79 78 80 81 83 85 82 84 86 87 88 90 89 93 91 94 95 92 97 96 99 98 
0 1 2 3 4 5 6 7 8 9 11 10 13 15 16 12 19 14 18 17 20 21 22 24 27 23 30 25 26 28 32 31 29 33 35 34 36 37 38 39 40 41 43 42 44 45 48 46 47 49 50 53 51 52 54 55 56 57 60 58 59 63 61 62 65 64 66 67 68 69 72 70 73 74 76 77 71 75 79 78 80 81 83 85 82 84 86 87 88 90 89 93 91 94 95 92 97 96 99 98 
0 1 2 3 4 5 6 7 8 9 11 10 13 12 15 16 19 14 17 18 20 21 22 24 27 23 30 25 26 28 32 31 29 33 35 34 36 37 39 38 40 41 43 42 44 45 48 46 47 49 50 53 51 52 54 55 56 57 60 58 59 63 61 62 64 65 66 67 68 69 72 70 73 74 76 77 71 75 79 78 80 81 83 85 82 84 86 87 88 90 89 93 91 94 95 92 97 96 99 98 
0 1 2 3 4 5 6 7 8 9 11 10 13 12 15 16 19 14 17 18 20 21 22 24 27 23 25 26 30 28 32 31 29 33 35 34 36 37 38 39 40 41 42 44 43 45 48 46 47 49 50 53 51 52 54 55 56 57 60 58 59 63 61 62 64 65 67 66 68 69 72 70 73 74 76 77 71 75 79 78 80 81 83 85 82 84 86 87 88 90 89 93 91 94 95 92 97 96 99 98 
0 1 2 3 4 5 6 7 8 9 11 10 13 15 16 12 19 14 17 18 20 21 22 24 27 23 30 25 26 28 32 31 29 33 35 34 36 37 38 39 40 41 43 42 44 45 48 46 47 49 50 53 51 52 54 55 56 57 60 58 59 63 61 62 64 65 67 66 68 69 72 70 73 74 76 77 71 75 79 78 80 81 83 85 82 84 86 87 88 90 89 93 91 94 95 92 97 96 99 98 
0 1 2 3 4 5 6 7 8 9 11 10 13 16 12 15 19 14 18 17 20 21 22 24 27 23 30 25 26 28 32 31 29 33 35 34 36 37 39 38 40 41 42 43 44 45 48 46 47 49 50 51 53 52 54 55 56 57 60 58 59 63 61 62 64 65 67 66 68 69 72 70 73 74 76 77 71 75 79 78 80 81 83 85 82 84 86 87 88 90 89 93 91 94 95 92 97 96 99 98 
0 1 2 3 4 5 6 7 8 9 11 10 13 12 15 16 19 14 17 18 20 21 22 24 27 23 30 25 26 28 32 31 29 33 35 34 36 37 38 39 40 41 42 43 44 45 48 46 47 49 50 53 51 54 52 55 56 57 60 58 59 63 61 62 64 65 67 66 68 69 73 72 70 74 76 77 71 75 79 78 80 81 83 85 82 84 86 87 88 90 89 93 91 94 95 92 97 96 99 98 
0 1 2 3 4 5 6 7 8 9 11 10 13 12 15 16 19 14 17 18 20 21 22 24 27 23 30 25 26 28 32 31 29 33 35 34 36 37 39 38 41 40 43 42 45 44 46 48 47 49 50 53 54 52 51 55 56 57 60 58 59 63 61 62 64 66 65 67 68 69 72 73 70 74 76 77 71 75 79 78 80 81 83 85 82 84 86 87 88 90 89 93 91 94 95 92 97 96 99 98 
0 1 2 3 4 5 6 7 8 9 11 10 13 15 16 12 19 14 18 17 20 21 22 24 27 23 25 26 30 28 32 31 29 33 35 34 36 37 38 39 40 41 43 42 44 45 48 46 47 49 50 53 51 52 54 55 56 57 60 58 59 63 61 62 64 65 67 66 68 69 72 70 73 74 76 77 71 75 79 78 80 81 83 85 82 84 86 87 88 90 89 93 91 94 95 92 97 96 99 98 
0 1 2 3 4 5 6 7 8 9 11 10 13 12 15 16 19 14 17 18 20 22 21 24 27 23 30 25 26 28 32 31 29 33 35 34 36 37 38 39 40 41 43 42 44 45 48 46 47 49 50 53 51 52 54 55 56 57 60 58 59 63 61 62 64 65 67 66 68 69 72 70 73 74 76 77 71 75 79 78 80 81 83 85 82 84 86 87 88 90 89 93 91 94 95 92 97 96 99 98 
0 1 2 3 4 5 6 7 8 9 11 10 13 12 15 16 19 14 17 18 20 21 22 24 27 23 25 26 30 28 32 31 29 33 35 34 36 37 38 39 40 41 43 42 44 45 48 46 47 49 50 53 51 54 52 55 56 57 60 58 59 63 61 62 64 65 67 66 68 69 72 70 73 74 76 77 71 75 79 78 80 81 83 85 82 84 86 87 88 90 89 93 91 94 95 92 97 96 99 98 
0 1 2 3 4 5 6 7 8 9 11 10 13 15 16 12 19 14 18 17 20 21 22 27 24 23 25 26 30 28 32 31 29 33 35 34 36 37 38 39 40 41 43 42 44 45 48 46 47 49 50 53 54 51 52 55 56 57 60 58 59 63 62 61 64 65 67 66 68 69 72 70 73 74 76 77 71 75 79 78 80 81 83 85 84 82 86 87 88 90 89 93 91 94 95 92 97 96 99 98 
0 1 2 3 4 5 6 7 8 9 11 10 13 12 15 16 19 14 17 18 20 21 22 24 27 23 30 25 26 28 32 31 29 33 35 34 36 37 38 39 40 41 43 42 44 45 48 46 47 49 50 53 51 52 54 55 56 57 60 58 59 63 61 62 64 65 67 66 68 69 72 70 73 74 76 77 71 75 79 78 80 81 83 85 82 84 86 87 88 90 89 93 91 94 95 92 97 96 99 98 
0 1 2 3 4 5 6 7 8 9 11 10 13 12 15 16 19 14 17 18 20 21 22 24 27 23 30 25 26 28 32 31 29 33 35 34 36 37 38 39 40 41 43 42 44 45 48 46 47 49 50 53 51 52 54 55 57 56 60 58 59 63 61 62 64 65 67 66 68 69 72 70 73 74 76 71 77 75 79 78 80 81 83 85 82 84 86 87 88 90 89 93 91 94 95 92 97 96 99 98 
0 1 2 3 4 5 6 7 8 9 11 10 13 15 16 12 14 19 17 18 20 21 22 24 27 23 30 25 26 28 32 31 29 33 35 34 36 37 38 39 40 41 43 42 44 45 48 46 47 49 50 53 51 52 54 55 56 57 60 58 59 61 63 62 64 65 67 66 68 69 72 70 73 74 76 77 71 75 79 78 80 81 83 85 82 84 86 87 88 90 89 93 91 94 92 95 97 96 99 98 
0 1 2 3 4 6 5 7 8 11 9 10 13 19 15 12 16 14 17 18 20 21 22 24 27 23 30 25 26 28 31 32 29 33 35 34 36 37 38 39 40 41 42 44 43 45 48 46 47 49 50 53 51 52 54 55 56 57 60 58 59 63 61 64 62 65 67 66 68 69 72 70 73 74 76 77 71 75 79 78 80 81 83 85 82 84 86 87 88 90 89 93 91 94 95 92 97 96 99 98 
0 1 2 3 4 5 6 7 8 9 11 10 13 15 16 12 19 14 17 18 20 21 22 24 27 23 30 25 26 32 28 31 29 33 35 34 36 37 39 38 40 41 42 43 44 45 48 46 47 49 50 53 51 52 54 56 55 57 60 59 58 63 61 62 64 65 67 66 68 69 72 70 73 74 76 77 71 75 79 78 80 81 83 85 82 84 86 87 88 90 89 93 91 94 95 92 97 96 99 98 
0 1 2 3 4 5 6 7 8 9 11 10 13 12 15 19 16 14 17 18 20 21 22 24 27 23 30 25 26 28 32 31 29 33 35 34 36 37 38 39 41 40 44 43 42 45 48 46 47 49 50 53 51 52 54 55 56 57 60 58 59 63 61 62 64 65 66 67 68 69 72 73 70 76 74 77 71 75 79 78 80 81 83 85 82 84 86 87 88 90 89 93 91 94 95 92 97 96 99 98 
0 1 2 3 4 5 6 7 8 9 11 10 13 12 15 16 19 14 17 18 20 21 22 24 27 23 30 25 26 28 32 31 29 33 35 34 36 37 38 39 40 41 43 42 44 45 48 46 47 49 50 53 51 54 52 55 56 57 60 58 59 63 61 62 64 65 67 66 68 69 72 73 70 74 76 71 77 75 79 78 80 81 83 82 85 84 86 87 88 90 89 93 91 94 95 92 97 96 99 98 
0 1 2 3 4 5 6 7 8 9 11 10 13 12 15 16 19 14 17 18 20 22 21 24 23 27 30 25 26 28 32 31 29 33 35 34 36 37 38 39 40 41 43 42 44 45 48 46 47 49 50 53 51 52 54 55 56 57 60 58 59 61 63 62 64 65 67 66 68 69 72 70 73 74 76 71 77 75 79 78 80 81 83 85 82 84 86 87 88 90 89 93 91 94 95 92 97 96 99 98 
0 1 2 3 4 5 6 7 8 9 11 10 13 12 15 19 16 14 17 18 20 21 22 24 27 23 25 26 30 28 32 31 29 33 35 34 36 37 38 39 40 41 42 44 43 45 48 46 47 49 50 53 51 54 55 52 56 57 60 58 59 63 61 64 62 65 67 66 68 69 72 70 73 74 76 77 71 75 79 78 80 81 83 85 82 84 86 87 88 90 89 93 91 94 95 92 97 96 99 98 
0 1 2 3 4 5 6 7 8 9 11 10 13 12 15 16 19 14 17 18 20 21 22 24 27 23 30 25 26 28 32 31 29 33 35 34 36 37 38 39 40 41 42 43 44 45 48 46 47 49 50 53 51 52 54 55 56 57 60 58 59 63 61 62 64 65 67 66 68 69 72 73 70 74 76 77 71 75 79 78 80 81 83 85 82 84 86 87 88 90 89 93 91 94 95 92 97 96 99 98 
84 46 38 54 71 21 60 25 30 61 43 26 58 4 23 53 3 85 68 14 41 44 82 95 15 12 70 33 56 9 17 83 6 73 93 19 2 45 57 55 80 79 13 96 48 98 7 64 74 50 72 8 66 91 69 22 59 97 16 87 63 90 52 81 32 92 34 29 94 0 39 35 10 89 86 40 77 65 88 1 67 18 5 31 75 47 99 37 76 78 51 27 11 24 42 36 20 49 62 28 
0 1 2 3 4 5 6 7 8 9 11 10 13 12 15 16 19 14 17 18 20 21 22 24 27 23 30 25 26 28 32 31 29 33 35 34 36 37 38 39 40 41 43 42 44 45 48 46 47 49 50 51 53 52 54 55 56 57 60 58 59 63 61 62 64 65 67 66 68 69 72 70 73 74 76 77 71 75 79 78 80 81 83 85 82 84 86 87 88 90 89 93 91 94 95 92 97 96 99 98 
0 1 2 3 4 5 6 7 8 9 11 10 13 15 16 12 19 14 17 18 20 21 22 24 27 23 30 25 26 28 32 31 33 29 35 34 36 37 38 39 40 41 43 42 44 45 48 46 47 49 50 53 51 52 54 55 56 57 60 58 59 63 61 62 64 65 67 66 68 69 72 70 73 74 76 77 71 75 79 78 80 81 83 85 82 84 86 87 88 90 89 93 91 94 95 92 97 96 99 98 
0 1 2 3 4 5 6 7 8 9 11 10 13 12 15 16 19 14 17 18 20 21 22 24 27 23 30 25 26 28 32 31 29 33 35 34 36 37 39 38 40 41 43 42 44 45 48 46 47 49 50 53 51 52 54 55 56 57 60 59 58 63 61 62 64 65 67 66 68 69 72 70 73 74 76 77 71 75 79 78 80 81 83 85 82 84 86 87 88 90 89 93 91 94 95 92 97 96 99 98 
0 1 2 3 4 5 6 7 8 9 11 10 13 12 15 16 19 14 17 18 20 21 22 24 27 23 30 25 26 28 32 31 29 33 35 34 36 37 38 39 40 41 43 42 44 45 48 46 47 49 50 53 51 52 54 55 56 57 60 58 59 63 61 62 64 65 67 66 68 69 72 70 73 74 76 77 71 75 79 78 80 81 83 85 82 84 86 87 88 90 89 93 91 94 95 92 97 96 99 98 
0 1 2 3 4 5 6 7 8 9 11 10 13 12 15 16 19 14 17 18 20 21 22 24 27 23 30 25 26 28 32 31 29 33 35 34 36 37 38 39 40 41 43 42 44 45 48 46 47 49 50 53 51 52 54 55 56 57 60 59 58 63 61 62 65 64 67 66 68 69 72 70 73 74 76 77 71 75 79 78 80 81 83 85 82 84 86 87 88 90 89 93 91 94 95 92 97 96 99 98 
0 1 2 3 4 5 6 7 8 11 9 10 13 12 15 16 19 14 17 18 20 21 22 24 27 23 30 25 26 28 32 31 29 33 35 34 36 37 38 39 40 41 42 43 44 45 48 46 47 49 50 53 51 54 52 55 56 57 60 58 59 63 61 62 64 65 67 66 68 69 73 72 70 76 74 71 77 75 79 78 80 81 83 85 82 84 86 87 88 90 89 93 91 94 95 92 97 96 99 98 
0 1 2 3 4 5 6 7 8 9 11 10 13 12 15 16 19 14 17 18 20 21 22 24 27 23 30 25 26 28 32 31 29 33 35 34 36 37 38 39 40 41 43 42 44 45 48 47 46 49 50 51 53 52 54 55 56 57 60 58 59 63 61 62 64 65 67 66 68 69 70 72 73 74 76 77 71 75 79 78 80 81 83 85 82 84 86 87 88 90 89 93 91 94 95 92 97 96 99 98 
0 1 2 3 4 5 6 7 8 9 11 10 13 12 15 16 19 14 17 18 20 22 21 24 27 23 30 25 26 28 32 31 29 33 35 34 36 37 38 39 40 41 43 42 44 45 48 46 47 49 50 53 51 52 54 55 56 57 60 58 59 63 61 62 64 65 67 66 68 69 72 70 73 74 76 77 71 75 79 78 80 81 83 85 82 84 86 87 88 90 89 93 91 94 95 92 97 96 99 98 
0 1 2 3 4 5 6 7 8 9 11 10 13 15 16 12 19 14 17 18 20 21 22 24 27 23 30 25 26 28 32 31 29 33 35 34 36 37 38 39 40 41 43 42 44 45 48 46 49 47 50 53 51 52 54 55 56 57 60 58 59 63 61 62 64 65 67 66 68 69 72 70 73 74 76 71 77 75 79 78 80 81 83 85 82 84 86 87 88 90 89 93 91 94 95 92 97 96 99 98 
0 1 2 3 4 5 6 7 8 9 11 10 13 15 16 12 19 14 17 18 20 21 22 24 27 23 30 25 28 26 32 31 29 33 35 34 36 37 38 39 40 41 43 42 44 45 48 46 47 49 50 53 51 52 54 55 56 57 60 58 59 63 61 62 64 65 67 68 66 72 69 70 73 74 76 77 71 75 79 78 80 81 83 85 82 84 86 87 88 92 90 89 93 91 94 95 97 99 96 98 
0 1 2 3 4 5 6 7 8 9 11 10 13 12 15 16 19 14 17 18 20 21 22 24 27 23 30 25 26 28 31 32 29 33 35 34 36 37 38 39 41 40 43 42 44 45 48 46 47 49 50 53 51 52 54 55 56 57 60 58 59 63 61 62 64 65 67 66 68 69 72 70 73 74 76 77 71 75 79 78 80 81 83 85 82 84 86 87 88 90 89 93 91 94 95 92 97 96 99 98 
0 1 2 3 4 5 6 7 8 9 11 10 13 12 15 19 16 14 17 18 20 21 22 24 27 23 30 25 26 28 32 31 29 33 34 35 36 37 38 39 40 41 43 42 44 45 48 46 47 49 50 53 51 52 54 55 56 57 60 58 59 63 61 62 64 65 67 66 68 69 72 70 73 74 76 77 71 75 79 78 80 81 83 85 82 84 86 87 88 90 89 93 91 94 95 92 97 96 99 98 
0 1 2 3 4 5 6 7 8 9 11 10 13 12 15 16 19 14 17 18 20 21 22 24 27 23 30 25 26 28 32 31 29 33 35 34 36 37 38 39 40 41 43 42 45 44 48 46 47 49 50 53 51 52 54 55 56 57 60 58 59 63 61 62 64 65 67 66 68 69 72 70 73 74 76 77 71 75 79 78 80 81 83 85 82 84 86 87 88 90 89 93 91 94 95 92 97 96 99 98 
0 1 2 3 4 5 6 7 8 9 11 10 13 12 15 16 19 14 17 18 20 21 22 24 27 23 30 25 26 28 32 31 29 33 35 34 36 37 38 39 40 41 43 42 44 45 48 46 47 49 50 53 51 52 54 55 56 57 60 58 59 63 61 62 64 65 67 66 68 69 72 70 73 74 76 77 71 75 79 78 80 81 83 82 85 84 86 87 88 90 89 93 91 94 95 92 97 96 99 98 
0 1 2 3 4 5 6 7 8 9 11 10 13 12 15 19 16 14 17 18 20 22 21 24 23 27 30 25 26 28 32 31 29 33 35 34 36 37 38 39 40 41 43 42 44 45 48 46 47 49 50 53 51 52 54 55 56 57 60 58 59 63 61 62 64 65 67 66 68 69 72 70 73 74 76 71 75 78 77 79 80 81 83 85 82 84 86 87 88 90 89 93 91 94 95 92 97 96 99 98 

Rank matrix
98 0 0 0 0 0 0 0 0 0 0 0 0 0 0 0 0 0 0 0 0 0 0 0 0 0 0 0 0 0 0 0 0 0 0 0 0 0 0 0 0 0 0 0 0 0 0 0 0 0 0 0 0 0 0 0 0 0 0 0 0 0 0 0 0 0 0 0 0 1 0 0 0 0 0 0 0 0 0 0 0 0 0 0 0 0 0 0 0 0 0 0 0 0 0 0 1 0 0 0 
0 98 0 0 0 0 0 0 0 0 0 0 0 0 0 0 0 0 0 0 0 0 0 0 0 0 0 0 0 0 0 0 0 0 0 0 0 0 0 0 0 0 0 0 0 0 0 0 0 0 0 0 1 0 0 0 0 0 0 0 0 0 0 0 0 0 0 0 0 0 0 0 0 0 0 0 0 0 0 1 0 0 0 0 0 0 0 0 0 0 0 0 0 0 0 0 0 0 0 0 
0 0 98 0 0 0 0 0 0 0 0 0 0 0 0 0 0 0 0 0 0 0 0 0 0 0 0 0 0 0 1 0 0 0 0 0 1 0 0 0 0 0 0 0 0 0 0 0 0 0 0 0 0 0 0 0 0 0 0 0 0 0 0 0 0 0 0 0 0 0 0 0 0 0 0 0 0 0 0 0 0 0 0 0 0 0 0 0 0 0 0 0 0 0 0 0 0 0 0 0 
0 0 0 98 0 0 0 0 0 0 0 0 0 0 0 0 1 0 0 0 0 0 0 0 0 0 0 0 0 0 0 0 0 0 0 0 0 0 0 0 0 0 0 0 0 0 0 0 0 0 0 0 0 0 0 0 0 0 0 0 0 0 0 0 0 0 0 0 0 0 0 0 0 0 0 0 0 0 0 0 0 0 0 0 0 0 0 0 0 1 0 0 0 0 0 0 0 0 0 0 
0 0 0 0 98 0 0 0 0 0 0 0 0 1 0 0 0 0 0 0 0 0 0 0 0 0 0 0 0 0 0 0 0 0 0 0 0 0 0 0 0 0 0 1 0 0 0 0 0 0 0 0 0 0 0 0 0 0 0 0 0 0 0 0 0 0 0 0 0 0 0 0 0 0 0 0 0 0 0 0 0 0 0 0 0 0 0 0 0 0 0 0 0 0 0 0 0 0 0 0 
0 0 0 0 0 97 1 0 0 0 0 0 0 0 0 0 0 0 0 0 0 0 0 0 0 0 0 0 0 0 0 0 0 0 0 0 0 0 0 0 0 0 0 0 0 0 0 0 0 0 0 0 0 0 0 0 0 0 0 0 0 0 0 0 1 0 0 0 0 0 0 0 0 0 0 0 0 0 0 0 0 0 1 0 0 0 0 0 0 0 0 0 0 0 0 0 0 0 0 0 
0 0 0 0 0 1 97 0 0 0 0 0 0 0 0 0 0 1 0 0 0 0 0 0 0 0 0 0 0 0 0 0 1 0 0 0 0 0 0 0 0 0 0 0 0 0 0 0 0 0 0 0 0 0 0 0 0 0 0 0 0 0 0 0 0 0 0 0 0 0 0 0 0 0 0 0 0 0 0 0 0 0 0 0 0 0 0 0 0 0 0 0 0 0 0 0 0 0 0 0 
0 0 0 0 0 0 0 98 0 0 0 0 0 0 0 0 0 0 0 0 0 0 0 0 0 0 0 0 0 0 0 0 0 0 0 0 0 0 0 0 0 0 0 0 0 0 1 0 0 0 0 0 0 0 0 0 0 1 0 0 0 0 0 0 0 0 0 0 0 0 0 0 0 0 0 0 0 0 0 0 0 0 0 0 0 0 0 0 0 0 0 0 0 0 0 0 0 0 0 0 
0 0 0 0 0 0 0 0 98 0 1 0 0 0 0 0 0 0 0 0 0 0 0 0 0 0 0 0 0 0 0 0 0 0 0 0 0 0 0 0 0 0 0 0 0 0 0 0 0 0 0 1 0 0 0 0 0 0 0 0 0 0 0 0 0 0 0 0 0 0 0 0 0 0 0 0 0 0 0 0 0 0 0 0 0 0 0 0 0 0 0 0 0 0 0 0 0 0 0 0 
0 0 0 0 0 0 0 0 0 92 6 0 0 0 0 0 0 0 0 0 0 0 0 0 0 0 0 0 0 1 0 0 0 0 0 0 0 0 0 0 0 0 0 0 0 0 0 1 0 0 0 0 0 0 0 0 0 0 0 0 0 0 0 0 0 0 0 0 0 0 0 0 0 0 0 0 0 0 0 0 0 0 0 0 0 0 0 0 0 0 0 0 0 0 0 0 0 0 0 0 
0 0 0 0 0 0 0 0 0 0 0 95 3 0 0 0 0 0 0 0 0 0 0 0 0 0 0 1 0 0 0 0 0 0 0 0 0 0 0 0 0 0 0 0 0 0 0 0 0 0 0 0 0 0 0 0 0 0 0 0 0 0 0 0 0 0 0 0 0 0 0 0 1 0 0 0 0 0 0 0 0 0 0 0 0 0 0 0 0 0 0 0 0 0 0 0 0 0 0 0 
0 0 0 0 0 0 0 0 0 6 92 0 0 0 0 0 0 0 0 0 0 0 0 0 0 0 0 0 0 0 0 0 0 0 0 0 0 0 0 0 0 0 0 0 0 0 0 0 0 0 0 0 0 0 0 0 0 0 0 0 0 0 0 0 0 0 0 0 0 0 0 0 1 0 0 0 0 0 0 0 0 0 0 0 0 0 0 0 0 0 0 0 1 0 0 0 0 0 0 0 
0 0 0 0 0 0 0 0 0 0 0 0 0 77 2 19 0 0 0 0 0 0 0 0 0 1 0 0 0 0 0 0 0 0 0 0 0 0 0 0 0 0 0 0 0 0 0 0 0 0 0 0 0 0 0 0 0 0 0 0 0 0 0 0 0 0 0 0 0 0 0 0 0 0 0 0 0 0 0 0 0 0 0 0 0 0 0 0 0 0 0 0 0 0 0 0 0 0 0 1 
0 0 0 0 0 0 0 0 0 0 0 3 95 0 0 0 0 0 0 0 0 0 0 0 0 0 0 0 0 0 0 0 0 0 0 0 0 0 0 0 0 0 1 0 0 0 0 0 0 0 0 0 0 0 0 0 0 0 0 0 0 0 0 0 0 0 0 0 0 0 0 0 0 0 0 0 0 0 0 0 0 0 0 0 0 0 0 0 0 0 0 0 0 1 0 0 0 0 0 0 
0 0 0 0 0 0 0 0 0 0 0 0 0 0 0 0 1 97 0 1 1 0 0 0 0 0 0 0 0 0 0 0 0 0 0 0 0 0 0 0 0 0 0 0 0 0 0 0 0 0 0 0 0 0 0 0 0 0 0 0 0 0 0 0 0 0 0 0 0 0 0 0 0 0 0 0 0 0 0 0 0 0 0 0 0 0 0 0 0 0 0 0 0 0 0 0 0 0 0 0 
0 0 0 0 0 0 0 0 0 0 0 0 0 19 78 1 0 0 0 0 0 0 0 0 1 0 0 0 0 0 0 0 0 0 0 0 0 0 0 0 0 0 0 0 0 0 0 0 0 0 0 0 0 0 0 0 0 0 0 0 0 0 0 0 0 0 0 0 1 0 0 0 0 0 0 0 0 0 0 0 0 0 0 0 0 0 0 0 0 0 0 0 0 0 0 0 0 0 0 0 
0 0 0 1 0 0 0 0 0 0 0 0 0 1 18 68 11 0 0 0 0 0 0 0 0 0 0 0 0 0 0 0 0 0 0 0 0 0 0 0 0 0 0 0 0 0 0 0 0 0 0 0 0 0 0 0 0 0 1 0 0 0 0 0 0 0 0 0 0 0 0 0 0 0 0 0 0 0 0 0 0 0 0 0 0 0 0 0 0 0 0 0 0 0 0 0 0 0 0 0 
0 0 0 0 1 0 0 0 0 0 0 0 0 0 0 0 0 0 91 7 0 0 0 0 0 0 0 0 0 0 1 0 0 0 0 0 0 0 0 0 0 0 0 0 0 0 0 0 0 0 0 0 0 0 0 0 0 0 0 0 0 0 0 0 0 0 0 0 0 0 0 0 0 0 0 0 0 0 0 0 0 0 0 0 0 0 0 0 0 0 0 0 0 0 0 0 0 0 0 0 
0 0 0 0 0 0 0 0 0 0 0 0 0 0 0 0 0 0 7 91 0 0 0 0 0 0 0 0 0 0 0 0 0 0 0 0 0 0 0 0 0 0 0 0 0 0 0 0 0 0 0 0 0 0 0 0 0 0 0 0 0 0 0 1 0 0 0 0 0 0 0 0 0 0 0 0 0 0 0 0 0 1 0 0 0 0 0 0 0 0 0 0 0 0 0 0 0 0 0 0 
0 0 0 0 0 0 0 0 0 0 0 0 0 1 0 10 86 1 0 0 0 0 0 0 1 0 0 0 0 0 0 0 0 0 0 1 0 0 0 0 0 0 0 0 0 0 0 0 0 0 0 0 0 0 0 0 0 0 0 0 0 0 0 0 0 0 0 0 0 0 0 0 0 0 0 0 0 0 0 0 0 0 0 0 0 0 0 0 0 0 0 0 0 0 0 0 0 0 0 0 
0 0 0 0 0 0 0 0 0 0 0 0 0 0 0 0 0 0 0 0 95 3 0 0 0 0 0 0 0 1 0 0 0 0 0 0 0 0 0 0 0 0 0 0 0 0 0 0 0 0 0 0 0 0 0 0 0 0 0 0 0 0 0 0 0 0 0 0 0 0 0 0 0 0 0 0 0 0 0 0 0 0 0 0 0 0 0 0 0 0 0 0 0 0 0 0 1 0 0 0 
0 0 0 0 0 1 0 0 0 0 0 0 0 0 0 0 0 0 0 0 3 89 6 0 0 0 1 0 0 0 0 0 0 0 0 0 0 0 0 0 0 0 0 0 0 0 0 0 0 0 0 0 0 0 0 0 0 0 0 0 0 0 0 0 0 0 0 0 0 0 0 0 0 0 0 0 0 0 0 0 0 0 0 0 0 0 0 0 0 0 0 0 0 0 0 0 0 0 0 0 
0 0 0 0 0 0 0 0 0 0 0 0 0 0 0 0 0 0 0 0 0 6 92 0 0 0 0 0 0 0 0 0 0 0 0 0 0 0 0 1 0 0 0 0 0 0 0 0 0 0 0 0 0 0 0 1 0 0 0 0 0 0 0 0 0 0 0 0 0 0 0 0 0 0 0 0 0 0 0 0 0 0 0 0 0 0 0 0 0 0 0 0 0 0 0 0 0 0 0 0 
0 0 0 0 0 0 0 0 0 0 0 0 0 0 1 0 0 0 0 0 0 0 0 0 8 90 0 0 0 0 0 0 0 0 0 0 0 0 0 0 0 0 0 0 0 0 0 0 0 0 0 0 0 0 0 0 0 0 0 0 0 0 0 0 0 0 0 0 0 0 0 0 0 0 0 0 0 0 0 0 0 0 0 0 0 1 0 0 0 0 0 0 0 0 0 0 0 0 0 0 
0 0 0 0 0 0 0 0 0 0 0 0 0 0 0 0 0 0 0 0 0 0 0 97 1 0 0 0 0 0 0 0 1 0 0 0 0 0 0 0 0 0 0 0 0 0 0 0 0 0 0 0 0 0 0 0 0 0 0 0 0 0 0 0 0 0 0 0 0 0 0 0 0 0 0 0 0 0 0 0 0 0 0 0 0 0 0 0 0 0 0 0 0 1 0 0 0 0 0 0 
0 0 0 0 0 0 0 1 0 0 0 0 0 0 0 0 1 0 0 0 0 0 0 0 0 0 12 85 1 0 0 0 0 0 0 0 0 0 0 0 0 0 0 0 0 0 0 0 0 0 0 0 0 0 0 0 0 0 0 0 0 0 0 0 0 0 0 0 0 0 0 0 0 0 0 0 0 0 0 0 0 0 0 0 0 0 0 0 0 0 0 0 0 0 0 0 0 0 0 0 
0 0 0 0 0 0 0 0 0 0 0 1 0 0 0 0 0 0 0 0 0 0 0 0 0 0 1 12 82 3 0 0 0 0 0 0 0 0 0 0 0 0 0 0 1 0 0 0 0 0 0 0 0 0 0 0 0 0 0 0 0 0 0 0 0 0 0 0 0 0 0 0 0 0 0 0 0 0 0 0 0 0 0 0 0 0 0 0 0 0 0 0 0 0 0 0 0 0 0 0 
0 0 0 0 0 0 0 1 0 0 0 0 0 0 0 0 0 0 0 0 0 0 0 1 89 8 0 0 0 0 0 0 0 0 0 0 0 0 0 0 0 0 0 0 0 0 0 0 0 0 0 0 0 0 0 0 0 0 0 0 0 0 0 0 0 0 0 0 0 0 0 0 0 0 0 0 0 0 0 0 0 0 0 0 0 0 0 0 0 0 0 1 0 0 0 0 0 0 0 0 
0 0 0 0 0 0 0 0 0 0 0 0 0 0 0 0 0 0 0 0 0 0 0 0 0 0 0 0 3 92 2 1 0 0 0 0 0 0 0 0 0 0 0 0 0 0 0 0 0 0 0 0 0 0 0 0 0 0 0 0 0 0 0 0 0 0 0 0 0 1 0 0 0 0 0 0 0 0 0 0 0 0 0 0 0 0 0 0 0 0 0 0 0 0 0 0 0 0 0 1 
0 0 0 0 0 0 0 0 0 0 0 0 0 0 0 0 0 0 0 0 0 0 0 0 0 0 0 0 0 0 0 0 95 3 0 0 0 0 0 0 0 0 0 0 0 0 0 0 0 0 0 0 0 0 0 0 0 0 0 0 0 1 0 0 0 0 0 1 0 0 0 0 0 0 0 0 0 0 0 0 0 0 0 0 0 0 0 0 0 0 0 0 0 0 0 0 0 0 0 0 
0 0 0 0 0 1 0 0 1 0 0 0 0 0 0 0 0 0 0 0 0 0 0 0 0 0 85 1 12 0 0 0 0 0 0 0 0 0 0 0 0 0 0 0 0 0 0 0 0 0 0 0 0 0 0 0 0 0 0 0 0 0 0 0 0 0 0 0 0 0 0 0 0 0 0 0 0 0 0 0 0 0 0 0 0 0 0 0 0 0 0 0 0 0 0 0 0 0 0 0 
0 0 0 0 0 0 0 0 0 0 0 0 0 0 0 0 0 0 0 0 0 0 0 0 0 0 0 0 0 0 3 95 0 0 0 0 0 0 0 0 0 0 0 0 0 0 0 0 0 0 0 0 0 0 0 0 0 0 0 0 0 0 0 0 0 0 0 0 0 0 0 0 0 0 0 0 0 0 0 0 1 0 0 1 0 0 0 0 0 0 0 0 0 0 0 0 0 0 0 0 
0 0 0 0 0 0 0 0 0 0 0 0 0 0 0 0 0 0 0 0 0 0 0 0 0 0 0 0 0 3 93 2 0 0 0 0 0 0 0 0 0 0 0 0 0 0 0 0 0 0 0 1 0 0 0 0 0 0 0 0 0 0 0 0 1 0 0 0 0 0 0 0 0 0 0 0 0 0 0 0 0 0 0 0 0 0 0 0 0 0 0 0 0 0 0 0 0 0 0 0 
0 0 0 0 0 0 0 0 0 0 0 0 0 0 0 0 0 0 0 0 0 0 0 0 0 0 0 1 0 0 0 0 3 95 0 0 0 0 0 0 0 0 0 0 0 0 0 0 0 0 0 0 0 0 0 0 0 0 0 0 0 0 0 0 0 1 0 0 0 0 0 0 0 0 0 0 0 0 0 0 0 0 0 0 0 0 0 0 0 0 0 0 0 0 0 0 0 0 0 0 
0 0 1 0 0 0 0 0 0 0 0 0 0 0 0 0 0 0 0 0 0 0 0 0 0 0 0 0 0 0 0 0 0 0 11 86 1 0 0 0 0 0 0 0 0 0 0 0 0 0 0 0 0 0 0 0 0 0 0 0 0 0 0 0 0 0 1 0 0 0 0 0 0 0 0 0 0 0 0 0 0 0 0 0 0 0 0 0 0 0 0 0 0 0 0 0 0 0 0 0 
0 0 0 0 0 0 0 0 0 0 0 0 0 0 0 0 0 0 0 0 0 0 0 0 0 0 0 0 0 0 0 0 0 0 86 10 2 0 0 0 0 0 0 0 0 0 0 0 0 0 0 0 0 0 0 0 0 0 0 0 0 0 0 0 0 0 0 0 0 0 0 1 0 0 0 0 0 0 0 0 0 0 0 0 0 0 0 0 1 0 0 0 0 0 0 0 0 0 0 0 
0 0 0 0 0 0 0 0 0 0 0 0 0 0 0 0 0 0 0 0 0 0 0 0 0 0 0 0 0 0 0 0 0 0 1 2 95 0 0 0 0 0 0 0 0 0 0 0 0 0 0 0 0 0 0 0 1 0 0 0 0 0 0 0 0 0 0 0 0 0 0 0 0 0 0 0 0 0 0 0 0 0 0 0 0 0 0 0 0 0 0 0 0 0 0 1 0 0 0 0 
0 0 0 0 0 0 0 0 0 1 0 0 0 0 0 0 0 0 0 0 0 0 0 0 0 0 0 0 0 0 0 0 0 0 0 0 0 98 0 0 0 0 0 0 0 0 0 0 0 0 0 0 0 0 0 0 0 0 0 0 0 0 0 0 0 0 0 0 0 0 0 0 0 0 0 0 0 0 0 0 0 0 0 0 0 0 0 1 0 0 0 0 0 0 0 0 0 0 0 0 
0 0 1 0 0 0 0 0 0 0 0 0 0 0 0 0 0 0 0 0 0 0 0 0 0 0 0 0 0 0 0 0 0 0 0 0 0 0 90 7 0 1 0 0 0 0 0 0 0 0 0 0 0 0 0 0 0 0 0 0 0 0 0 0 0 0 0 0 0 0 0 0 0 0 0 0 0 0 0 0 0 0 0 0 0 0 1 0 0 0 0 0 0 0 0 0 0 0 0 0 
0 0 0 0 0 0 0 0 0 0 0 0 0 0 0 0 0 0 0 0 0 0 0 0 0 0 0 0 0 0 0 0 0 0 0 0 0 0 8 90 0 0 0 0 0 0 0 0 0 0 1 0 0 0 0 0 0 0 0 0 0 0 0 0 0 0 0 0 0 0 1 0 0 0 0 0 0 0 0 0 0 0 0 0 0 0 0 0 0 0 0 0 0 0 0 0 0 0 0 0 
0 0 0 0 0 0 0 0 0 0 0 0 0 0 0 0 0 0 0 0 0 0 0 0 0 0 0 0 0 0 0 0 0 0 0 0 1 0 0 1 90 7 0 0 0 0 0 0 0 0 0 0 0 0 0 0 0 0 0 0 0 0 0 0 0 0 0 0 0 0 0 0 0 0 0 1 0 0 0 0 0 0 0 0 0 0 0 0 0 0 0 0 0 0 0 0 0 0 0 0 
0 0 0 0 0 0 0 0 0 0 0 0 0 0 0 0 0 0 0 0 1 0 0 0 0 0 0 0 0 0 0 0 0 0 0 0 0 0 0 0 8 90 0 0 0 0 0 0 0 0 0 0 0 0 0 0 0 0 0 0 0 0 0 0 0 0 0 0 0 0 0 0 0 0 0 0 0 0 0 0 0 0 0 0 0 0 0 0 0 0 0 0 0 0 1 0 0 0 0 0 
0 0 0 0 0 0 0 0 0 0 0 0 0 0 0 0 0 0 0 0 0 0 0 0 0 0 0 0 0 0 0 0 0 0 0 0 0 0 0 0 0 0 17 79 2 0 0 0 1 0 0 0 0 0 0 0 0 0 0 0 0 0 0 0 0 0 0 0 0 0 0 0 0 0 0 0 0 0 0 0 0 0 0 0 0 0 0 0 0 0 0 0 0 0 1 0 0 0 0 0 
0 0 0 0 0 0 0 0 0 0 1 0 0 0 0 0 0 0 0 0 0 0 0 0 0 0 0 0 0 0 0 0 0 0 0 0 0 0 0 0 0 0 80 11 8 0 0 0 0 0 0 0 0 0 0 0 0 0 0 0 0 0 0 0 0 0 0 0 0 0 0 0 0 0 0 0 0 0 0 0 0 0 0 0 0 0 0 0 0 0 0 0 0 0 0 0 0 0 0 0 
0 0 0 0 0 0 0 0 1 0 0 0 0 0 0 0 0 0 0 0 0 1 0 0 0 0 0 0 0 0 0 0 0 0 0 0 0 0 0 0 0 0 2 8 81 7 0 0 0 0 0 0 0 0 0 0 0 0 0 0 0 0 0 0 0 0 0 0 0 0 0 0 0 0 0 0 0 0 0 0 0 0 0 0 0 0 0 0 0 0 0 0 0 0 0 0 0 0 0 0 
0 0 0 0 0 0 0 0 0 0 0 0 0 0 0 0 0 0 0 0 0 0 0 0 0 0 0 0 0 0 0 0 0 0 0 0 0 1 0 0 0 0 0 0 7 91 0 0 0 0 0 0 0 0 0 0 0 0 0 0 0 0 0 0 0 0 0 0 0 0 0 0 0 0 0 0 0 0 0 0 0 0 0 0 0 0 0 0 0 0 1 0 0 0 0 0 0 0 0 0 
0 1 0 0 0 0 0 0 0 0 0 0 0 0 0 0 0 0 0 0 0 0 0 0 0 0 0 0 0 0 0 0 0 0 0 0 0 1 0 0 0 0 0 0 0 0 6 90 2 0 0 0 0 0 0 0 0 0 0 0 0 0 0 0 0 0 0 0 0 0 0 0 0 0 0 0 0 0 0 0 0 0 0 0 0 0 0 0 0 0 0 0 0 0 0 0 0 0 0 0 
0 0 0 0 0 0 0 0 0 0 0 0 0 0 0 0 0 0 0 0 0 0 0 0 0 0 0 0 0 0 0 0 0 0 0 0 0 0 0 0 0 0 0 0 0 0 0 3 94 1 0 0 0 0 0 0 0 0 0 0 0 0 0 0 0 0 0 0 0 0 0 0 0 0 0 0 0 0 0 1 0 0 0 0 0 1 0 0 0 0 0 0 0 0 0 0 0 0 0 0 
0 0 0 0 0 0 0 0 0 0 0 0 0 0 0 0 0 0 0 0 0 0 0 1 0 0 0 0 0 0 0 0 0 0 0 0 0 0 0 0 0 0 0 0 1 0 92 5 1 0 0 0 0 0 0 0 0 0 0 0 0 0 0 0 0 0 0 0 0 0 0 0 0 0 0 0 0 0 0 0 0 0 0 0 0 0 0 0 0 0 0 0 0 0 0 0 0 0 0 0 
0 0 0 0 0 0 0 0 0 0 0 0 0 0 0 0 0 0 0 0 0 0 0 0 0 0 0 0 0 0 0 0 0 0 0 0 0 0 0 0 0 1 0 0 0 0 0 0 1 92 5 0 0 0 0 0 0 0 0 0 0 0 0 0 0 0 0 0 0 0 0 0 0 0 0 0 0 0 0 0 0 0 0 0 0 0 0 0 0 0 0 0 0 0 0 0 0 1 0 0 
0 0 0 0 0 0 0 0 0 0 0 0 0 0 0 0 0 0 0 0 0 0 0 0 0 0 0 0 0 0 0 0 0 0 0 0 0 0 0 0 0 0 0 0 0 0 0 0 0 6 93 0 0 0 0 0 0 0 0 0 0 0 0 0 0 0 0 0 0 0 0 0 0 0 0 0 0 0 0 0 0 1 0 0 0 0 0 0 0 0 0 0 0 0 0 0 0 0 0 0 
0 0 0 0 0 0 0 0 0 0 0 0 0 0 0 0 0 0 0 0 0 0 0 0 0 0 0 0 0 0 0 0 0 1 0 0 0 0 0 0 0 0 0 0 0 0 0 0 0 0 0 4 92 1 1 0 0 0 0 0 0 0 0 0 0 0 0 0 0 0 0 0 0 0 0 0 0 0 0 0 0 0 0 0 0 0 0 0 0 0 1 0 0 0 0 0 0 0 0 0 
0 0 0 0 0 0 0 0 0 0 0 0 0 0 0 0 0 0 0 0 0 0 0 0 0 0 0 0 0 0 0 0 0 0 0 0 0 0 0 0 0 0 0 0 0 0 0 0 0 0 0 0 0 83 14 1 0 0 0 0 0 0 1 0 0 0 0 0 0 0 0 0 0 0 0 0 0 0 0 0 0 0 0 0 0 0 0 0 0 0 0 1 0 0 0 0 0 0 0 0 
0 0 0 0 0 0 0 0 0 0 0 0 0 0 0 1 0 0 0 0 0 0 0 0 0 0 0 0 0 0 0 0 0 0 0 0 0 0 0 0 0 0 0 0 0 0 0 0 0 0 0 94 4 0 0 0 0 0 0 0 0 0 0 0 0 0 0 0 0 0 0 0 0 0 0 0 0 0 0 0 0 0 1 0 0 0 0 0 0 0 0 0 0 0 0 0 0 0 0 0 
0 0 0 1 0 0 0 0 0 0 0 0 0 0 0 0 0 0 0 0 0 0 0 0 0 0 0 0 0 0 0 0 0 0 0 0 0 0 0 0 0 0 0 0 0 0 0 0 0 0 0 0 2 14 82 0 0 0 1 0 0 0 0 0 0 0 0 0 0 0 0 0 0 0 0 0 0 0 0 0 0 0 0 0 0 0 0 0 0 0 0 0 0 0 0 0 0 0 0 0 
0 0 0 0 0 0 0 0 0 0 0 0 0 0 0 0 0 0 0 0 0 0 0 0 0 0 0 0 0 0 0 0 0 0 0 0 0 0 0 1 0 0 0 0 0 0 0 0 0 0 0 0 0 0 1 96 1 0 0 0 0 0 1 0 0 0 0 0 0 0 0 0 0 0 0 0 0 0 0 0 0 0 0 0 0 0 0 0 0 0 0 0 0 0 0 0 0 0 0 0 
0 0 0 0 0 0 0 0 0 0 0 0 0 0 1 0 0 0 0 0 0 0 0 0 0 0 0 0 1 0 0 0 0 0 0 0 0 0 0 0 0 0 0 0 0 0 0 0 0 0 0 0 0 0 0 1 93 4 0 0 0 0 0 0 0 0 0 0 0 0 0 0 0 0 0 0 0 0 0 0 0 0 0 0 0 0 0 0 0 0 0 0 0 0 0 0 0 0 0 0 
0 0 0 0 0 0 0 0 0 0 0 0 0 0 0 1 0 0 0 0 0 0 0 0 0 0 0 0 0 0 0 0 0 0 0 0 0 0 1 0 0 0 0 0 0 0 0 0 0 0 0 0 0 0 0 0 4 94 0 0 0 0 0 0 0 0 0 0 0 0 0 0 0 0 0 0 0 0 0 0 0 0 0 0 0 0 0 0 0 0 0 0 0 0 0 0 0 0 0 0 
0 0 0 0 0 0 0 0 0 0 0 0 1 0 0 0 0 0 0 0 0 0 0 0 0 0 0 0 0 0 0 0 0 0 0 0 0 0 0 0 0 0 0 0 0 0 0 0 0 0 0 0 0 1 0 0 0 0 0 92 6 0 0 0 0 0 0 0 0 0 0 0 0 0 0 0 0 0 0 0 0 0 0 0 0 0 0 0 0 0 0 0 0 0 0 0 0 0 0 0 
0 0 0 0 0 0 0 0 0 0 0 0 0 0 0 0 0 0 0 0 0 0 0 0 0 0 0 0 0 0 0 0 0 0 0 1 0 0 0 0 0 0 0 0 0 0 0 0 0 0 0 0 0 0 0 0 1 0 0 6 92 0 0 0 0 0 0 0 0 0 0 0 0 0 0 0 0 0 0 0 0 0 0 0 0 0 0 0 0 0 0 0 0 0 0 0 0 0 0 0 
0 0 0 0 0 0 1 0 0 0 0 0 0 1 0 0 0 0 0 0 0 0 0 0 0 0 0 0 0 0 0 0 0 0 0 0 0 0 0 0 0 0 0 0 0 0 0 0 0 0 0 0 0 0 0 0 0 0 98 0 0 0 0 0 0 0 0 0 0 0 0 0 0 0 0 0 0 0 0 0 0 0 0 0 0 0 0 0 0 0 0 0 0 0 0 0 0 0 0 0 
0 0 0 0 0 0 0 0 0 1 0 0 0 0 0 0 0 0 0 0 0 0 0 0 0 0 0 0 0 0 0 0 0 0 0 0 0 0 0 0 0 0 0 0 0 0 0 0 0 0 0 0 0 0 0 0 0 0 0 0 0 6 88 3 0 1 0 0 0 0 0 0 0 0 0 0 0 0 1 0 0 0 0 0 0 0 0 0 0 0 0 0 0 0 0 0 0 0 0 0 
0 0 0 0 0 0 0 0 0 0 0 0 0 0 0 0 0 0 0 0 0 0 0 0 0 0 0 0 0 0 0 0 0 0 0 0 0 0 0 0 0 0 0 0 0 0 0 0 0 0 0 0 0 0 0 0 0 0 0 0 0 0 3 90 4 1 0 1 0 0 0 0 0 0 0 0 0 0 0 0 0 0 0 0 0 0 0 0 0 0 0 0 0 0 0 0 0 0 1 0 
0 0 0 0 0 0 0 0 0 0 0 0 0 0 0 0 0 0 0 0 0 0 0 0 0 0 0 0 0 0 0 0 0 0 0 0 0 0 1 0 0 0 0 0 0 0 0 0 0 0 0 0 0 0 0 0 0 0 0 0 1 92 6 0 0 0 0 0 0 0 0 0 0 0 0 0 0 0 0 0 0 0 0 0 0 0 0 0 0 0 0 0 0 0 0 0 0 0 0 0 
0 1 0 0 0 0 0 0 0 0 0 0 0 0 0 0 0 0 0 0 0 0 0 0 0 0 0 0 0 0 0 0 0 0 0 0 0 0 0 0 0 0 0 0 0 0 0 1 0 0 0 0 0 0 0 0 0 0 0 0 0 0 1 4 89 4 0 0 0 0 0 0 0 0 0 0 0 0 0 0 0 0 0 0 0 0 0 0 0 0 0 0 0 0 0 0 0 0 0 0 
1 0 0 0 0 0 0 0 0 0 0 0 0 0 0 0 0 0 0 0 0 0 0 0 0 0 0 0 0 0 0 0 0 0 0 0 0 0 0 0 0 0 0 0 0 0 0 0 0 0 0 0 0 0 0 0 0 0 0 0 0 0 0 1 5 90 2 0 0 0 0 0 0 0 0 0 0 1 0 0 0 0 0 0 0 0 0 0 0 0 0 0 0 0 0 0 0 0 0 0 
0 0 0 0 0 0 0 0 0 0 0 0 0 0 0 0 0 0 0 0 0 0 0 0 0 0 0 0 0 0 0 0 0 0 0 0 0 0 0 0 0 0 0 0 0 0 0 0 0 0 0 0 1 0 0 0 0 0 0 0 0 0 0 0 0 1 6 89 2 0 0 0 0 1 0 0 0 0 0 0 0 0 0 0 0 0 0 0 0 0 0 0 0 0 0 0 0 0 0 0 
0 0 0 0 0 0 0 0 0 0 0 0 0 0 0 0 0 0 0 0 0 0 0 0 0 0 0 0 0 0 0 0 0 0 0 0 0 0 0 0 0 0 0 0 0 0 0 0 0 0 0 0 0 0 0 0 0 0 0 0 0 0 0 0 0 1 91 7 0 0 0 0 0 0 0 0 0 0 0 0 1 0 0 0 0 0 0 0 0 0 0 0 0 0 0 0 0 0 0 0 
0 0 0 0 0 0 1 0 0 0 0 0 0 0 0 0 0 0 1 0 0 0 0 0 0 0 0 0 0 0 0 0 0 0 0 0 0 0 0 0 0 0 0 0 0 0 0 0 0 0 0 0 0 0 0 0 0 0 0 0 0 0 0 0 0 0 0 2 94 2 0 0 0 0 0 0 0 0 0 0 0 0 0 0 0 0 0 0 0 0 0 0 0 0 0 0 0 0 0 0 
0 0 0 0 0 0 0 0 0 0 0 0 0 0 0 0 0 0 1 0 0 0 0 0 0 0 0 0 0 0 0 0 0 0 0 0 0 0 0 0 0 0 0 0 0 0 0 0 0 0 0 0 0 0 1 0 0 0 0 0 0 0 0 0 0 0 0 0 2 95 1 0 0 0 0 0 0 0 0 0 0 0 0 0 0 0 0 0 0 0 0 0 0 0 0 0 0 0 0 0 
0 0 0 0 0 0 0 0 0 0 0 0 0 0 0 0 0 0 0 0 0 0 0 0 0 0 1 0 0 0 0 0 0 0 0 0 0 0 0 0 0 0 0 0 0 0 0 0 0 0 0 0 0 0 0 0 0 0 0 0 0 0 0 0 0 0 0 0 0 0 3 83 12 0 0 0 0 0 0 0 0 0 0 1 0 0 0 0 0 0 0 0 0 0 0 0 0 0 0 0 
0 0 0 0 1 0 0 0 0 0 0 0 0 0 0 0 0 0 0 0 0 0 0 0 0 0 0 0 0 0 0 1 0 0 0 0 0 0 0 0 0 0 0 0 0 0 0 0 0 0 0 0 0 0 0 0 0 0 0 0 0 0 0 0 0 0 0 0 0 0 0 0 0 0 0 13 85 0 0 0 0 0 0 0 0 0 0 0 0 0 0 0 0 0 0 0 0 0 0 0 
0 0 0 0 0 0 0 0 0 0 0 0 0 0 0 0 0 0 0 0 0 0 0 0 0 0 0 0 0 0 0 0 0 0 0 0 0 0 0 0 0 0 0 0 0 0 0 0 0 0 1 0 0 0 0 0 0 0 0 0 0 0 0 0 0 0 0 0 0 1 92 4 1 0 0 0 0 0 0 0 0 0 0 0 0 0 0 0 0 0 0 0 1 0 0 0 0 0 0 0 
0 0 0 0 0 0 0 0 0 0 0 1 0 0 0 0 0 0 0 0 0 0 0 0 0 0 0 0 0 0 0 0 0 1 0 0 0 0 0 0 0 0 0 0 0 0 0 0 0 0 0 0 0 0 0 0 0 0 0 0 0 0 0 0 0 0 0 0 0 0 2 11 85 0 0 0 0 0 0 0 0 0 0 0 0 0 0 0 0 0 0 0 0 0 0 0 0 0 0 0 
0 0 0 0 0 0 0 0 0 0 0 0 0 0 0 0 0 0 0 0 0 0 0 0 0 0 0 0 0 0 0 0 0 0 0 0 0 0 0 0 0 0 0 0 0 0 0 0 1 0 0 0 0 0 0 1 0 0 0 0 0 0 0 0 0 0 0 0 0 0 0 0 0 93 5 0 0 0 0 0 0 0 0 0 0 0 0 0 0 0 0 0 0 0 0 0 0 0 0 0 
0 0 0 0 0 0 0 0 0 0 0 0 0 0 0 0 0 0 0 0 0 0 0 0 0 0 0 0 0 0 0 0 0 0 0 0 0 0 0 0 0 0 0 0 0 0 0 0 0 0 0 0 0 0 0 0 0 0 0 0 0 0 0 0 0 0 0 0 0 0 0 1 0 0 0 0 2 95 1 0 0 0 0 0 1 0 0 0 0 0 0 0 0 0 0 0 0 0 0 0 
0 0 0 0 0 0 0 0 0 0 0 0 0 0 0 0 0 0 0 0 0 0 0 0 0 0 0 0 1 0 0 0 0 0 0 0 0 0 0 0 0 0 0 0 0 0 0 0 0 0 0 0 0 0 0 0 0 0 0 0 0 0 0 0 0 0 0 0 0 0 0 0 0 5 93 0 0 0 0 0 0 0 0 0 0 0 0 0 1 0 0 0 0 0 0 0 0 0 0 0 
0 0 0 0 0 0 0 0 0 0 0 0 0 0 0 0 0 0 0 0 0 0 0 0 0 0 0 0 0 0 0 0 0 0 0 0 0 0 0 0 0 0 0 0 0 0 0 0 0 0 0 0 0 0 0 0 0 0 0 0 0 0 0 0 0 0 0 0 0 0 0 0 0 0 0 85 12 1 1 0 0 0 0 0 0 0 0 0 0 0 0 0 0 0 0 1 0 0 0 0 
0 0 0 0 0 0 0 0 0 0 0 0 0 0 0 0 0 0 0 0 0 0 0 0 0 0 0 0 0 0 0 0 0 0 0 0 0 0 0 0 0 0 0 0 0 0 0 0 0 0 0 0 0 0 0 0 0 0 0 0 0 0 0 0 0 0 0 0 0 0 0 0 0 0 0 0 0 1 1 92 3 1 0 0 0 0 0 0 0 1 0 0 0 0 0 0 0 1 0 0 
0 0 0 0 0 0 0 0 0 0 0 0 0 0 0 0 0 0 0 0 0 0 0 0 0 0 0 0 0 0 0 0 0 0 0 0 0 0 0 0 0 1 0 0 0 0 0 0 0 0 0 0 0 0 0 0 0 0 0 1 0 0 0 0 0 0 0 0 0 0 0 0 0 0 0 0 0 1 95 2 0 0 0 0 0 0 0 0 0 0 0 0 0 0 0 0 0 0 0 0 
0 0 0 0 0 0 0 0 0 0 0 0 0 0 0 0 0 0 0 1 0 0 0 0 0 0 0 0 0 0 0 0 0 0 0 0 0 0 0 0 1 0 0 0 0 0 0 0 0 0 0 0 0 0 0 0 0 0 0 0 0 0 0 0 0 0 0 0 0 0 0 0 0 0 0 0 0 0 0 4 94 0 0 0 0 0 0 0 0 0 0 0 0 0 0 0 0 0 0 0 
0 0 0 0 0 0 0 0 0 0 0 0 0 0 0 0 0 0 0 0 0 0 0 0 0 0 0 0 0 0 0 0 0 0 0 0 0 0 0 0 1 0 0 0 0 0 0 0 0 0 0 0 0 0 0 0 0 0 0 0 0 0 0 1 0 0 0 0 0 0 0 0 0 0 0 0 0 0 0 0 1 97 0 0 0 0 0 0 0 0 0 0 0 0 0 0 0 0 0 0 
0 0 0 0 0 0 0 0 0 0 0 0 0 0 0 0 0 0 0 0 0 0 1 0 0 0 0 0 0 0 0 0 0 0 0 0 0 0 0 0 0 0 0 0 0 0 0 0 0 0 0 0 0 0 0 0 0 0 0 0 0 0 0 0 0 0 0 0 0 0 0 0 0 0 0 0 0 0 0 0 0 0 1 3 91 3 0 0 0 0 0 0 0 0 0 0 0 0 1 0 
0 0 0 0 0 0 0 0 0 0 0 0 0 0 0 0 0 0 0 0 0 0 0 0 0 0 0 0 0 0 0 1 0 0 0 0 0 0 0 0 0 0 0 0 0 0 1 0 0 0 0 0 0 0 0 0 0 0 0 0 0 0 0 0 0 0 0 0 0 0 0 0 0 0 0 0 0 0 0 0 0 0 97 1 0 0 0 0 0 0 0 0 0 0 0 0 0 0 0 0 
1 0 0 0 0 0 0 0 0 0 0 0 0 0 0 0 0 0 0 0 0 0 0 0 0 0 0 0 0 0 0 0 0 0 0 0 0 0 0 0 0 0 0 0 0 0 0 0 0 0 0 0 0 0 0 0 0 0 0 0 0 0 0 0 0 0 0 0 0 0 0 0 0 0 0 0 1 0 0 0 0 0 0 0 3 95 0 0 0 0 0 0 0 0 0 0 0 0 0 0 
0 0 0 0 0 0 0 0 0 0 0 0 0 0 0 0 0 1 0 0 0 0 0 0 0 0 0 0 0 0 0 0 0 0 0 0 0 0 0 0 0 0 0 0 0 0 0 0 0 0 0 0 0 0 0 0 0 0 0 0 0 0 0 0 0 0 0 0 0 0 0 0 0 0 0 0 0 0 0 0 0 0 0 94 5 0 0 0 0 0 0 0 0 0 0 0 0 0 0 0 
0 0 0 0 0 0 0 0 0 0 0 0 0 0 0 0 0 0 0 0 0 0 0 0 0 0 0 0 0 0 0 0 0 0 0 0 0 0 0 0 0 0 0 0 0 0 0 0 0 0 0 0 0 0 0 0 0 0 0 0 0 0 0 0 0 0 0 0 0 0 0 0 0 0 1 0 0 1 0 0 0 0 0 0 0 0 97 1 0 0 0 0 0 0 0 0 0 0 0 0 
0 0 0 0 0 0 0 0 0 0 0 0 0 0 0 0 0 0 0 0 0 0 0 0 0 0 0 0 0 0 0 0 0 0 1 0 0 0 0 0 0 0 0 0 0 0 0 0 0 0 0 0 0 0 0 0 0 0 0 1 0 0 0 0 0 0 0 0 0 0 0 0 0 0 0 0 0 0 0 0 0 0 0 0 0 0 1 97 0 0 0 0 0 0 0 0 0 0 0 0 
0 0 0 0 0 0 0 0 0 0 0 0 0 0 0 0 0 0 0 0 0 1 0 0 0 0 0 0 0 0 0 0 0 0 0 0 0 0 0 0 0 0 0 0 0 0 0 0 0 0 0 0 0 0 0 0 0 0 0 0 0 0 0 0 0 0 0 0 0 0 0 0 0 0 0 0 0 0 1 0 0 0 0 0 0 0 0 0 95 3 0 0 0 0 0 0 0 0 0 0 
0 0 0 0 0 0 0 0 0 0 0 0 0 0 0 0 0 0 0 0 0 0 0 0 0 1 0 0 0 0 0 0 0 0 0 0 0 0 0 0 0 0 0 0 0 0 0 0 0 0 0 0 0 0 0 0 0 0 0 0 0 0 0 0 0 0 0 0 0 0 0 0 0 1 0 0 0 0 0 0 0 0 0 0 0 0 0 0 0 0 97 1 0 0 0 0 0 0 0 0 
0 0 0 0 0 0 0 0 0 0 0 0 0 0 0 0 0 0 0 0 0 0 1 0 0 0 0 0 0 0 0 0 0 0 0 0 0 0 0 0 0 0 0 0 0 0 0 0 0 0 0 0 0 0 0 0 0 0 0 0 0 1 0 0 0 0 0 0 0 0 0 0 0 0 0 0 0 0 0 0 0 0 0 0 0 0 0 0 3 94 1 0 0 0 0 0 0 0 0 0 
0 0 0 0 0 0 0 0 0 0 0 0 0 0 0 0 0 0 0 0 0 0 0 0 0 0 0 0 0 0 0 0 0 0 0 0 0 0 0 0 0 0 0 0 0 0 0 0 0 0 0 0 0 1 0 0 0 0 0 0 0 0 0 0 0 0 0 0 0 0 0 0 0 0 0 0 0 0 0 0 0 0 0 0 0 0 0 1 0 0 0 1 96 1 0 0 0 0 0 0 
0 0 0 0 0 0 0 0 0 0 0 0 0 0 0 0 0 0 0 0 0 0 0 0 0 0 0 0 0 0 0 0 0 0 0 0 0 0 0 0 0 0 0 0 0 0 0 0 0 0 0 0 0 0 1 0 0 0 0 0 0 0 0 0 0 1 0 0 0 0 0 0 0 0 0 0 0 0 0 0 0 0 0 0 0 0 0 0 0 1 0 0 0 0 1 96 0 0 0 0 
0 0 0 0 0 0 0 0 0 0 0 0 0 0 0 0 0 0 0 0 0 0 0 0 0 0 0 0 0 0 0 0 0 0 1 0 0 0 0 0 0 0 0 0 0 0 0 0 0 0 0 0 0 0 0 0 0 0 0 0 0 0 0 0 0 0 0 0 0 0 1 0 0 0 0 0 0 0 0 0 0 0 0 0 0 0 0 0 0 0 0 96 2 0 0 0 0 0 0 0 
0 0 0 0 0 0 0 0 0 0 0 0 0 0 0 0 0 0 0 0 0 0 0 0 0 0 0 0 0 0 0 0 0 0 0 0 0 0 0 0 0 0 0 0 0 0 0 0 0 1 0 0 0 0 0 0 0 0 0 0 0 0 0 0 0 0 0 0 1 0 0 0 0 0 0 0 0 0 0 0 0 0 0 0 0 0 0 0 0 0 0 0 0 97 1 0 0 0 0 0 
0 0 0 0 0 0 0 0 0 0 0 0 0 0 0 0 0 0 0 0 0 0 0 1 0 0 0 0 0 0 0 0 0 0 0 0 0 0 0 0 0 0 0 0 0 0 0 0 0 0 0 0 0 0 0 0 0 0 0 0 0 0 0 0 0 0 0 0 0 0 0 0 0 0 1 0 0 0 0 0 0 0 0 0 0 0 0 0 0 0 0 0 0 0 96 2 0 0 0 0 
0 0 0 0 0 0 0 0 0 0 0 0 1 0 0 0 0 0 0 0 0 0 0 0 0 0 0 0 0 0 0 0 0 0 0 0 0 0 0 0 0 0 0 1 0 0 0 0 0 0 0 0 0 0 0 0 0 0 0 0 0 0 0 0 0 0 0 0 0 0 0 0 0 0 0 0 0 0 0 0 0 0 0 0 0 0 0 0 0 0 0 0 0 0 0 0 0 97 1 0 
0 0 0 0 0 0 0 0 0 0 0 0 0 0 0 0 0 0 0 0 0 0 0 0 0 0 0 0 0 0 0 0 0 0 0 0 0 0 0 0 0 0 0 0 0 1 0 0 0 0 0 0 0 0 0 0 0 1 0 0 0 0 0 0 0 0 0 0 0 0 0 0 0 0 0 0 0 0 0 0 0 0 0 0 0 0 0 0 0 0 0 0 0 0 0 0 98 0 0 0 
0 0 0 0 0 0 0 0 0 0 0 0 0 0 0 0 0 0 0 0 0 0 0 0 0 0 0 0 0 0 0 0 0 0 0 0 0 0 0 0 0 0 0 0 0 1 0 0 0 0 0 0 0 0 0 0 0 0 0 0 0 0 0 0 0 0 0 0 0 0 0 0 0 0 0 1 0 0 0 0 0 0 0 0 0 0 0 0 0 0 0 0 0 0 0 0 0 0 0 98 
0 0 0 0 0 0 0 0 0 0 0 0 0 0 0 0 0 0 0 0 0 0 0 0 0 0 0 0 0 0 0 0 0 0 0 0 0 0 0 0 0 0 0 0 0 0 0 0 0 0 0 0 0 0 0 0 0 0 0 0 1 0 0 0 0 0 0 0 0 0 0 0 0 0 0 0 0 0 0 0 0 0 0 0 0 0 1 0 0 0 0 0 0 0 0 0 0 1 97 0 

Pair-order violations matrix
0 1 2 2 2 1 2 2 2 2 1 1 1 2 2 2 2 2 1 2 1 2 2 2 1 2 2 1 1 2 2 1 2 2 2 1 1 1 2 1 1 2 1 2 2 2 2 1 2 1 2 1 2 2 2 2 2 2 2 2 2 2 1 2 2 1 2 1 2 2 2 2 2 2 2 1 1 1 0 2 2 2 1 2 2 2 1 2 1 1 2 2 2 2 2 2 2 2 2 1 
1 0 2 1 2 0 2 1 2 2 2 0 1 1 2 1 2 2 0 2 1 2 2 1 1 2 2 1 0 1 2 0 2 1 2 1 0 1 1 2 2 1 1 2 2 1 2 0 2 1 1 1 1 1 1 1 2 2 1 2 2 1 0 2 2 2 1 0 2 2 1 2 1 2 1 0 1 1 0 1 2 2 1 2 1 1 1 2 2 2 2 1 1 1 2 1 2 2 1 0 
2 2 0 1 1 0 2 0 1 1 1 0 1 0 2 1 1 2 0 2 1 2 0 1 0 2 1 1 0 0 2 0 0 1 1 0 0 1 1 0 0 1 0 1 2 0 1 0 1 0 0 0 0 1 1 0 2 1 1 0 2 1 0 0 1 1 0 0 2 1 1 1 0 2 0 0 1 0 0 0 1 0 1 1 1 1 0 0 1 1 1 0 0 1 0 1 1 0 0 0 
2 1 1 0 2 1 1 1 1 1 1 1 0 0 1 1 1 1 1 1 1 2 1 2 1 2 2 1 1 1 2 1 1 1 1 1 1 1 2 1 1 0 1 2 1 0 2 1 1 1 1 1 0 2 2 1 1 1 2 1 2 2 1 1 1 1 1 1 1 1 1 2 0 1 1 1 1 0 0 1 1 1 0 1 2 1 1 1 1 1 1 1 1 1 1 1 1 1 1 1 
2 2 1 2 0 0 1 0 1 0 1 0 0 0 1 0 1 1 0 1 1 2 1 0 1 2 1 1 0 0 2 0 0 0 1 0 0 1 1 0 1 0 0 2 1 0 2 0 1 1 0 1 0 0 1 0 1 1 1 1 2 1 0 1 1 1 0 0 1 1 0 2 0 1 0 0 1 0 0 0 1 1 0 0 1 0 0 1 1 1 1 0 0 0 0 0 1 0 0 0 
1 0 0 1 0 0 3 2 2 2 2 0 1 1 2 1 2 2 2 2 1 2 2 1 1 2 2 1 0 2 2 0 2 1 2 1 1 1 1 2 2 1 1 2 2 1 2 0 2 1 1 1 1 1 2 2 2 2 2 2 2 1 0 2 2 2 1 1 2 2 1 2 1 2 2 0 1 1 0 2 2 2 1 2 1 1 1 2 2 2 2 1 2 1 2 1 2 2 1 1 
2 2 2 1 1 3 0 0 1 1 0 0 1 0 1 1 1 2 0 0 0 1 0 1 0 2 1 1 0 0 2 0 0 1 1 0 0 1 1 0 0 1 0 1 2 0 1 0 0 0 0 0 0 1 1 0 2 1 1 0 2 1 0 0 1 1 0 0 2 0 1 1 0 1 0 0 0 0 0 0 0 0 1 1 1 1 0 0 0 0 0 0 0 0 0 1 1 0 0 0 
2 1 0 1 0 2 0 0 1 2 1 0 1 1 2 1 1 2 0 2 1 2 1 1 1 2 2 1 0 0 2 0 1 1 1 0 1 1 1 1 1 1 1 2 2 1 2 0 2 1 0 1 0 1 1 1 2 2 2 1 2 1 0 1 1 1 0 0 2 1 1 2 0 2 1 0 1 0 0 1 2 1 1 2 1 1 0 1 1 1 1 0 1 1 1 1 2 1 1 0 
2 2 1 1 1 2 1 1 0 1 0 0 1 1 1 1 1 2 0 1 0 1 0 1 0 1 1 1 0 0 2 0 0 1 1 0 0 1 1 0 0 1 0 1 2 1 1 0 1 0 1 0 0 1 1 1 1 1 1 0 1 1 0 0 2 1 0 0 2 0 1 1 1 1 1 0 0 0 0 1 1 0 1 1 1 1 0 0 0 0 0 0 0 1 0 1 1 0 1 0 
2 2 1 1 0 2 1 2 1 0 1 6 1 0 2 1 1 1 0 1 1 2 1 1 1 2 2 1 0 0 2 0 0 1 1 0 0 1 1 0 1 1 0 2 2 0 2 0 1 1 0 1 0 1 1 0 2 1 1 1 2 1 0 1 1 1 0 0 2 1 1 2 0 1 0 0 1 0 0 0 1 1 1 1 1 1 0 1 1 1 1 0 0 0 0 1 1 1 0 0 
1 2 1 1 1 2 0 1 0 1 0 98 1 4 2 1 2 2 0 2 0 2 1 1 0 2 1 1 0 1 2 0 1 1 2 1 0 1 1 1 0 1 0 1 2 1 1 0 2 0 1 0 1 1 1 1 2 2 1 1 2 1 0 1 2 1 1 0 2 2 1 1 1 2 1 0 0 0 0 1 2 1 1 1 1 1 0 1 1 1 2 1 1 1 1 1 2 1 1 0 
1 0 0 1 0 0 0 0 0 6 98 0 1 1 2 2 2 2 2 2 1 2 2 1 1 2 2 2 1 2 2 1 2 2 2 1 1 2 1 2 2 1 1 2 2 1 2 1 2 1 1 2 1 1 2 2 2 2 2 2 2 1 1 2 2 2 1 2 2 2 1 2 1 2 2 2 2 1 1 2 2 2 1 2 1 1 1 2 2 2 2 1 2 2 2 1 2 2 1 2 
1 1 1 0 0 1 1 1 1 1 1 1 0 99 2 22 20 1 1 2 1 2 1 2 1 2 2 1 1 1 2 1 1 1 1 1 1 1 2 1 1 2 1 2 2 1 2 1 1 1 1 1 1 2 2 1 1 1 2 1 2 2 1 1 1 1 1 1 2 1 1 2 1 1 1 1 1 1 1 1 1 1 2 1 2 2 1 1 1 1 1 1 1 1 1 2 1 1 1 1 
2 1 0 0 0 1 0 1 1 0 4 1 99 0 2 2 1 2 1 2 1 2 1 2 1 2 2 1 1 1 2 1 1 2 1 1 1 1 2 1 1 1 1 2 2 2 2 1 1 1 1 1 1 2 2 2 2 2 2 1 2 2 1 1 1 1 1 1 2 1 2 2 1 2 1 1 1 0 0 2 2 1 1 2 2 2 1 1 1 1 1 1 1 2 1 2 1 1 1 1 
2 2 2 1 1 2 1 2 1 2 2 2 2 2 0 98 99 1 0 97 0 1 0 1 0 2 1 1 0 0 2 0 0 0 1 0 0 1 1 0 0 0 0 1 1 0 1 0 0 0 0 0 0 1 1 0 1 1 1 0 2 1 0 0 1 1 0 0 2 1 0 1 0 1 0 0 0 0 0 0 1 0 0 0 1 1 0 0 0 0 0 0 0 0 0 0 1 0 0 0 
2 1 1 1 0 1 1 1 1 1 1 2 22 2 98 0 2 1 1 2 1 2 1 1 1 2 2 1 0 1 2 0 1 1 1 0 1 1 1 1 1 1 1 2 2 0 2 0 1 1 0 1 0 1 2 1 1 1 2 1 2 1 1 1 1 1 0 1 2 1 0 2 0 1 1 0 1 0 0 1 1 1 1 1 1 1 0 1 1 1 1 0 1 0 1 1 1 1 0 1 
2 2 1 1 1 2 1 1 1 1 2 2 20 1 99 2 0 1 0 12 0 1 1 1 0 1 1 0 0 0 1 0 0 1 1 0 0 0 1 0 0 1 0 1 1 1 1 0 1 0 1 0 0 1 1 1 1 1 1 1 1 1 0 0 2 1 1 0 1 1 1 1 1 1 1 0 0 0 0 1 1 0 1 1 1 1 0 0 0 0 0 1 0 1 0 1 1 1 1 0 
2 2 2 1 1 2 2 2 2 1 2 2 1 2 1 1 1 0 7 98 0 1 0 1 0 1 1 0 0 0 1 0 0 1 1 0 0 0 1 0 0 1 0 1 1 0 1 0 0 0 0 0 0 1 1 0 1 0 1 0 1 1 0 0 1 1 0 0 1 0 1 1 0 0 0 0 0 0 0 0 0 0 1 0 1 1 0 0 0 0 0 0 0 0 0 1 0 0 0 0 
1 0 0 1 0 2 0 0 0 0 0 2 1 1 0 1 0 7 0 100 1 2 2 1 1 2 2 1 0 2 2 0 2 1 2 1 1 1 1 2 2 1 1 2 2 1 2 0 2 1 1 1 1 1 2 2 2 2 2 2 2 1 0 2 2 2 1 1 2 2 1 2 1 2 2 0 1 1 0 2 2 2 1 2 1 1 1 2 2 2 2 1 2 1 2 1 2 2 1 1 
2 2 2 1 1 2 0 2 1 1 2 2 2 2 97 2 12 98 100 0 0 1 0 1 0 2 1 1 0 0 2 0 0 1 1 0 0 1 1 0 0 1 0 1 2 0 1 0 1 0 0 0 0 1 1 0 2 1 1 0 2 1 0 0 1 1 0 0 2 1 1 1 0 2 0 0 0 0 0 0 1 0 1 1 1 1 0 0 1 0 1 0 0 1 0 1 1 0 0 0 
1 1 1 1 1 1 0 1 0 1 0 1 1 1 0 1 0 0 1 0 0 5 1 1 1 2 1 2 0 1 2 1 1 1 2 1 1 2 1 1 1 1 1 1 2 1 1 1 2 0 1 1 1 1 1 1 2 2 1 1 2 1 0 1 2 2 1 1 2 2 1 1 1 2 1 1 2 1 1 1 2 1 1 1 1 1 1 1 2 2 2 1 1 1 1 1 2 1 1 1 
2 2 2 2 2 2 1 2 1 2 2 2 2 2 1 2 1 1 2 1 5 0 6 0 0 1 0 1 0 0 1 0 0 0 1 0 0 1 1 0 0 0 0 0 1 0 1 0 1 0 0 0 0 0 1 0 1 1 0 0 1 0 0 0 1 1 0 0 1 1 0 1 0 1 0 0 0 0 0 0 1 0 0 0 1 0 0 0 1 1 1 0 0 0 0 0 1 0 0 0 
2 2 0 1 1 2 0 1 0 1 1 2 1 1 0 1 1 0 2 0 1 6 0 1 1 2 1 1 0 0 2 0 0 1 1 0 0 1 1 0 1 1 0 1 2 1 2 0 2 0 1 1 0 1 1 1 2 2 1 1 2 1 0 1 2 1 1 0 2 2 1 2 1 2 1 0 1 0 0 1 2 0 1 1 1 1 0 1 1 1 1 1 0 1 0 1 2 0 1 0 
2 1 1 2 0 1 1 1 1 1 1 1 2 2 1 1 1 1 1 1 1 0 1 0 99 2 2 91 1 1 2 1 1 1 1 0 1 1 1 1 1 0 1 2 1 0 2 1 1 1 1 1 0 1 2 1 1 1 2 1 2 2 1 1 1 1 1 1 1 1 1 2 0 1 1 1 1 0 0 1 1 1 0 1 2 1 1 1 1 1 1 0 1 1 1 1 1 1 1 1 
1 1 0 1 1 1 0 1 0 1 0 1 1 1 0 1 0 0 1 0 1 0 1 99 0 2 1 3 0 1 2 1 1 1 2 1 0 2 1 1 1 1 0 1 2 1 1 1 2 0 1 1 1 1 1 1 2 2 1 1 2 1 0 1 2 2 1 1 2 2 1 2 1 2 1 1 2 1 1 1 2 1 1 1 1 1 1 1 2 2 2 1 1 1 1 1 2 1 1 1 
2 2 2 2 2 2 2 2 1 2 2 2 2 2 2 2 1 1 2 2 2 1 2 2 2 0 1 99 0 0 87 0 0 0 1 0 0 1 1 0 0 0 0 0 1 0 1 0 0 0 0 0 0 0 1 0 1 1 0 0 2 0 0 0 1 1 0 0 1 0 0 1 0 1 0 0 0 0 0 0 0 0 0 0 1 0 0 0 0 0 0 0 0 0 0 0 1 0 0 0 
2 2 1 2 1 2 1 2 1 2 1 2 2 2 1 2 1 1 2 1 1 0 1 2 1 1 0 99 3 0 87 0 0 0 1 0 0 1 1 0 1 0 0 2 1 0 2 0 1 1 0 1 0 0 1 0 1 1 0 1 2 1 0 1 1 1 0 0 1 1 0 2 0 1 0 0 1 0 0 0 1 1 0 0 1 0 0 1 1 1 1 0 0 0 0 0 1 0 0 0 
1 1 1 1 1 1 1 1 1 1 1 2 1 1 1 1 0 0 1 1 2 1 1 91 3 99 99 0 0 1 2 1 1 1 2 1 0 1 1 1 1 1 0 1 1 1 1 1 1 0 1 1 1 1 1 1 1 1 1 1 1 1 0 1 2 2 1 1 2 1 1 1 1 1 1 1 1 1 1 1 1 1 1 1 1 1 1 1 1 1 1 1 1 1 1 1 1 1 1 1 
1 0 0 1 0 0 0 0 0 0 0 1 1 1 0 0 0 0 0 0 0 0 0 1 0 0 3 0 0 2 100 2 5 2 2 1 2 2 1 2 2 1 2 2 2 1 2 1 2 2 1 2 1 1 2 2 2 2 2 2 2 1 2 2 2 2 1 2 2 2 1 2 1 2 2 1 2 1 1 2 2 2 1 2 1 1 1 2 2 2 2 1 2 1 2 1 2 2 1 2 
2 1 0 1 0 2 0 0 0 0 1 2 1 1 0 1 0 0 2 0 1 0 0 1 1 0 0 1 2 0 100 98 100 4 2 0 1 1 1 1 1 1 1 2 2 1 2 0 2 1 1 1 1 1 2 1 2 2 2 2 2 1 0 2 2 1 1 0 2 2 1 2 1 2 2 0 1 0 0 2 2 2 1 2 1 1 0 2 1 1 2 1 2 1 1 1 2 2 1 1 
2 2 2 2 2 2 2 2 2 2 2 2 2 2 2 2 1 1 2 2 2 1 2 2 2 87 87 2 100 100 0 0 0 0 1 0 0 0 1 0 0 0 0 0 0 0 1 0 0 0 0 0 0 0 1 0 0 0 0 0 1 0 0 0 1 1 0 0 0 0 0 1 0 0 0 0 0 0 0 0 0 0 0 0 1 0 0 0 0 0 0 0 0 0 0 0 0 0 0 0 
1 0 0 1 0 0 0 0 0 0 0 1 1 1 0 0 0 0 0 0 1 0 0 1 1 0 0 1 2 98 0 0 98 2 2 1 1 1 1 2 2 1 1 2 2 1 2 1 2 1 1 1 1 1 2 2 2 2 2 2 2 2 1 2 2 2 2 2 2 2 1 2 1 2 2 1 1 1 0 2 2 2 1 2 2 1 2 2 2 2 2 1 2 2 2 2 2 2 2 1 
2 2 0 1 0 2 0 1 0 0 1 2 1 1 0 1 0 0 2 0 1 0 0 1 1 0 0 1 5 100 0 98 0 1 1 0 0 1 1 1 1 1 1 2 2 1 2 0 2 1 1 1 1 1 1 1 2 2 1 2 2 1 0 2 2 1 1 0 2 2 1 2 1 2 1 0 1 0 0 1 2 2 1 2 1 1 0 2 1 1 2 1 0 1 1 1 2 2 1 0 
2 1 1 1 0 1 1 1 1 1 1 2 1 2 0 1 1 1 1 1 1 0 1 1 1 0 0 1 2 4 0 2 1 0 1 0 1 1 1 1 1 1 1 2 2 0 2 0 1 1 0 1 0 1 2 1 1 1 2 1 2 1 0 1 1 1 0 0 2 1 1 2 0 1 1 0 1 0 0 1 1 1 1 1 1 1 0 1 1 1 1 0 1 0 1 1 1 1 0 1 
2 2 1 1 1 2 1 1 1 1 2 2 1 1 1 1 1 1 2 1 2 1 1 1 2 1 1 2 2 2 1 2 1 1 0 86 2 0 1 0 0 1 0 1 1 1 1 0 1 0 1 0 1 1 1 1 1 1 1 1 1 1 0 1 2 1 1 0 1 1 1 1 1 1 1 0 0 0 0 1 1 1 1 1 1 1 0 1 0 0 1 1 1 1 0 1 1 1 1 0 
1 1 0 1 0 1 0 0 0 0 1 1 1 1 0 0 0 0 1 0 1 0 0 0 1 0 0 1 1 0 0 1 0 0 86 0 3 1 2 2 1 1 1 2 2 1 2 1 2 1 2 1 1 2 2 2 2 2 2 2 2 2 1 2 2 1 2 1 2 2 2 2 1 2 2 1 1 0 0 2 2 2 1 2 2 2 1 2 1 1 2 2 2 2 2 2 2 2 2 1 
1 0 0 1 0 1 0 1 0 0 0 1 1 1 0 1 0 0 1 0 1 0 0 1 0 0 0 0 2 1 0 1 0 1 2 3 0 2 1 2 2 1 2 2 2 1 2 1 2 1 1 2 1 1 1 1 2 2 2 2 2 1 0 2 2 2 1 1 2 2 1 2 1 2 2 1 2 1 1 1 2 2 1 2 1 1 1 2 2 2 2 1 2 1 2 1 2 2 1 1 
1 1 1 1 1 1 1 1 1 1 1 2 1 1 1 1 0 0 1 1 2 1 1 1 2 1 1 1 2 1 0 1 1 1 0 1 2 0 1 1 1 1 0 1 2 1 1 1 1 0 1 0 1 1 1 1 1 1 1 1 1 1 0 1 2 2 1 1 2 1 1 1 1 1 1 1 0 1 0 1 1 1 1 1 1 1 1 1 1 1 1 1 1 1 1 1 1 1 1 1 
2 1 1 2 1 1 1 1 1 1 1 1 2 2 1 1 1 1 1 1 1 1 1 1 1 1 1 1 1 1 1 1 1 1 1 2 1 1 0 9 2 1 1 1 1 0 2 1 1 1 1 1 0 1 1 1 1 1 1 1 1 1 1 1 1 1 1 1 1 1 1 1 0 1 1 1 1 0 0 1 1 1 0 1 2 1 1 1 1 1 1 0 1 1 1 1 1 1 1 1 
1 2 0 1 0 2 0 1 0 0 1 2 1 1 0 1 0 0 2 0 1 0 0 1 1 0 0 1 2 1 0 2 1 1 0 2 2 1 9 0 1 1 1 2 2 1 2 0 2 1 1 1 1 1 1 1 2 2 1 2 2 1 0 2 2 1 1 0 2 2 1 2 1 2 1 0 1 0 0 1 2 2 1 2 1 1 0 2 1 1 2 1 1 1 2 1 2 2 1 0 
1 2 0 1 1 2 0 1 0 1 0 2 1 1 0 1 0 0 2 0 1 0 1 1 1 0 1 1 2 1 0 2 1 1 0 1 2 1 2 1 0 8 0 1 2 1 1 0 2 0 1 1 1 1 1 1 2 2 1 2 2 1 0 1 2 1 1 0 2 2 1 2 1 2 1 0 1 0 0 1 2 1 1 1 1 1 1 2 1 2 2 1 1 1 1 1 2 1 1 0 
2 1 1 0 0 1 1 1 1 1 1 1 2 1 0 1 1 1 1 1 1 0 1 0 1 0 0 1 1 1 0 1 1 1 1 1 1 1 1 1 8 0 1 2 1 1 2 1 1 1 1 1 1 2 2 1 1 1 2 1 2 2 1 1 1 1 1 1 2 1 1 2 1 1 1 1 1 0 0 1 1 1 0 1 2 2 1 1 1 1 1 1 1 1 1 1 1 1 1 1 
1 1 0 1 0 1 0 1 0 0 0 1 1 1 0 1 0 0 1 0 1 0 0 1 0 0 0 0 2 1 0 1 1 1 0 1 2 0 1 1 0 1 0 83 4 1 2 1 2 1 1 2 1 1 1 1 2 2 1 2 2 1 0 2 2 2 1 1 2 2 1 2 1 2 1 1 2 1 1 1 2 2 1 2 1 1 1 2 2 2 2 1 1 1 1 1 2 2 1 1 
2 2 1 2 2 2 1 2 1 2 1 2 2 2 1 2 1 1 2 1 1 0 1 2 1 0 2 1 2 2 0 2 2 2 1 2 2 1 1 2 1 2 83 0 11 0 2 0 1 1 0 1 0 0 1 0 1 1 0 1 2 1 0 1 1 1 0 0 1 1 0 2 0 1 0 0 1 0 0 0 1 1 0 0 1 0 0 1 1 1 1 0 0 0 0 0 1 0 0 0 
2 2 2 1 1 2 2 2 2 2 2 2 2 2 1 2 1 1 2 2 2 1 2 1 2 1 1 1 2 2 0 2 2 2 1 2 2 2 1 2 2 1 4 11 0 7 1 0 0 0 0 0 0 1 1 0 0 0 1 0 1 1 0 0 1 1 0 0 2 0 0 1 0 0 0 0 0 0 0 0 0 0 0 0 1 1 0 0 0 0 0 0 0 0 0 0 0 0 0 0 
2 1 0 0 0 1 0 1 1 0 1 1 1 2 0 0 1 0 1 0 1 0 1 0 1 0 0 1 1 1 0 1 1 0 1 1 1 1 0 1 1 1 1 0 7 0 2 1 1 1 1 1 0 2 2 1 2 1 2 1 2 2 1 1 1 1 1 1 2 1 2 2 0 2 1 1 1 0 0 1 1 1 1 2 2 2 1 1 1 1 1 1 1 2 1 2 1 1 1 1 
2 2 1 2 2 2 1 2 1 2 1 2 2 2 1 2 1 1 2 1 1 1 2 2 1 1 2 1 2 2 1 2 2 2 1 2 2 1 2 2 1 2 2 2 1 2 0 2 93 0 0 1 0 0 0 0 1 1 0 1 1 0 0 0 1 1 0 0 1 1 0 1 0 1 0 0 1 0 0 0 1 0 0 0 1 0 0 1 1 1 1 0 0 0 0 0 1 0 0 0 
1 0 0 1 0 0 0 0 0 0 0 1 1 1 0 0 0 0 0 0 1 0 0 1 1 0 0 1 1 0 0 1 0 0 0 1 1 1 1 0 0 1 1 0 0 1 2 0 99 2 1 1 1 1 2 2 2 2 2 2 2 2 1 2 2 2 2 2 2 2 1 2 1 2 2 2 1 1 0 2 2 2 1 2 2 1 2 2 2 2 2 1 2 2 2 2 2 2 2 1 
2 2 1 1 1 2 0 2 1 1 2 2 1 1 0 1 1 0 2 1 2 1 2 1 2 0 1 1 2 2 0 2 2 1 1 2 2 1 1 2 2 1 2 1 0 1 93 99 0 0 0 0 0 1 1 1 2 2 1 0 2 1 0 0 1 1 0 0 2 1 1 1 0 2 0 0 0 0 0 1 2 0 1 1 1 1 0 0 1 0 1 0 0 1 0 1 2 0 0 0 
1 1 0 1 1 1 0 1 0 1 0 1 1 1 0 1 0 0 1 0 0 0 0 1 0 0 1 0 2 1 0 1 1 1 0 1 1 0 1 1 0 1 1 1 0 1 0 2 0 0 6 2 1 1 1 1 2 2 1 2 2 1 0 2 2 2 1 1 2 2 1 2 1 2 1 1 2 1 1 1 2 2 1 1 1 1 1 2 2 2 2 1 1 1 1 1 2 1 1 1 
2 1 0 1 0 1 0 0 1 0 1 1 1 1 0 0 1 0 1 0 1 0 1 1 1 0 0 1 1 1 0 1 1 0 1 2 1 1 1 1 1 1 1 0 0 1 0 1 0 6 0 1 0 1 2 2 2 2 2 1 2 2 1 1 2 1 1 1 2 1 1 2 0 2 2 1 1 0 0 2 2 1 1 2 2 1 1 1 1 1 1 0 1 2 1 2 2 1 2 1 
1 1 0 1 1 1 0 1 0 1 0 2 1 1 0 1 0 0 1 0 1 0 1 1 1 0 1 1 2 1 0 1 1 1 0 1 2 0 1 1 1 1 2 1 0 1 1 1 0 2 1 0 2 95 3 1 2 2 1 1 2 1 0 1 2 2 1 1 2 2 1 2 1 2 1 1 2 1 1 1 2 1 1 1 1 1 1 1 2 2 2 1 1 1 1 1 2 1 1 1 
2 1 0 0 0 1 0 0 0 0 1 1 1 1 0 0 0 0 1 0 1 0 0 0 1 0 0 1 1 1 0 1 1 0 1 1 1 1 0 1 1 1 1 0 0 0 0 1 0 1 0 2 0 100 18 3 2 2 2 2 2 2 1 2 2 1 2 1 2 2 2 2 1 2 2 1 1 0 0 2 2 1 1 2 2 2 1 2 1 1 2 2 1 2 1 2 2 2 2 1 
2 1 1 2 0 1 1 1 1 1 1 1 2 2 1 1 1 1 1 1 1 0 1 1 1 0 0 1 1 1 0 1 1 1 1 2 1 1 1 1 1 2 1 0 1 2 0 1 1 1 1 95 100 0 2 1 1 1 2 1 2 2 1 1 1 1 1 1 1 1 0 2 0 1 1 1 1 0 0 1 1 1 0 1 2 0 1 1 1 1 1 0 1 1 1 1 1 1 1 1 
2 1 1 2 1 2 1 1 1 1 1 2 2 2 1 2 1 1 2 1 1 1 1 2 1 1 1 1 2 2 1 2 1 2 1 2 1 1 1 1 1 2 1 1 1 2 0 2 1 1 2 3 18 2 0 0 1 1 1 1 1 0 0 1 1 1 0 0 1 1 0 1 0 1 1 0 1 0 0 0 1 1 0 1 1 0 0 1 1 1 1 0 1 0 1 0 1 1 0 0 
2 1 0 1 0 2 0 1 1 0 1 2 1 2 0 1 1 0 2 0 1 0 1 1 1 0 0 1 2 1 0 2 1 1 1 2 1 1 1 1 1 1 1 0 0 1 0 2 1 1 2 1 3 1 0 0 3 2 2 1 2 1 0 1 1 1 0 0 2 1 1 2 0 2 1 0 1 0 0 1 1 1 1 2 1 1 0 1 1 1 1 0 1 1 1 1 1 1 0 1 
2 2 2 1 1 2 2 2 1 2 2 2 1 2 1 1 1 1 2 2 2 1 2 1 2 1 1 1 2 2 0 2 2 1 1 2 2 1 1 2 2 1 2 1 0 2 1 2 2 2 2 2 2 1 1 3 0 4 1 0 2 1 0 0 1 1 0 0 2 0 1 1 0 1 0 0 0 0 0 0 0 0 1 0 1 1 0 0 0 0 0 0 0 0 0 1 1 0 0 0 
2 2 1 1 1 2 1 2 1 1 2 2 1 2 1 1 1 0 2 1 2 1 2 1 2 1 1 1 2 2 0 2 2 1 1 2 2 1 1 2 2 1 2 1 0 1 1 2 2 2 2 2 2 1 1 2 4 0 1 0 2 1 0 0 1 1 0 0 2 0 1 1 0 2 0 0 0 0 0 0 0 0 1 1 1 1 0 0 0 0 0 0 0 1 0 1 1 0 0 0 
2 1 1 2 1 2 1 2 1 1 1 2 2 2 1 2 1 1 2 1 1 0 1 2 1 0 0 1 2 2 0 2 1 2 1 2 2 1 1 1 1 2 1 0 1 2 0 2 1 1 2 1 2 2 1 2 1 1 0 7 100 1 0 1 1 1 0 0 1 1 0 2 0 1 0 0 1 0 0 0 1 1 0 1 1 0 0 1 1 1 1 0 0 0 1 0 1 1 0 0 
2 2 0 1 1 2 0 1 0 1 1 2 1 1 0 1 1 0 2 0 1 0 1 1 1 0 1 1 2 2 0 2 2 1 1 2 2 1 1 2 2 1 2 1 0 1 1 2 0 2 1 1 2 1 1 1 0 0 7 0 100 1 0 0 2 1 1 0 2 2 1 2 1 2 1 0 1 0 0 1 2 0 1 1 1 1 0 1 1 1 1 1 0 1 0 1 2 0 1 0 
2 2 2 2 2 2 2 2 1 2 2 2 2 2 2 2 1 1 2 2 2 1 2 2 2 2 2 1 2 2 1 2 2 2 1 2 2 1 1 2 2 2 2 2 1 2 1 2 2 2 2 2 2 2 1 2 2 2 100 100 0 0 0 0 1 1 0 0 1 0 0 1 0 1 0 0 0 0 0 0 0 0 0 0 1 0 0 0 0 0 0 0 0 0 0 0 1 0 0 0 
2 1 1 2 1 1 1 1 1 1 1 1 2 2 1 1 1 1 1 1 1 0 1 2 1 0 1 1 1 1 0 2 1 1 1 2 1 1 1 1 1 2 1 1 1 2 0 2 1 1 2 1 2 2 0 1 1 1 1 1 0 0 4 93 3 2 1 1 1 1 0 2 0 1 1 1 1 0 0 1 1 1 0 1 2 0 1 1 1 1 1 0 1 1 1 1 1 1 1 1 
1 0 0 1 0 0 0 0 0 0 0 1 1 1 0 1 0 0 0 0 0 0 0 1 0 0 0 0 2 0 0 1 0 0 0 1 0 0 1 0 0 1 0 0 0 1 0 1 0 0 1 0 1 1 0 0 0 0 0 0 0 4 0 100 7 3 1 2 2 2 1 2 1 2 2 1 2 1 1 2 2 2 1 2 1 1 1 2 2 2 2 1 2 1 2 1 2 2 1 2 
2 2 0 1 1 2 0 1 0 1 1 2 1 1 0 1 0 0 2 0 1 0 1 1 1 0 1 1 2 2 0 2 2 1 1 2 2 1 1 2 1 1 2 1 0 1 0 2 0 2 1 1 2 1 1 1 0 0 1 0 0 93 100 0 2 1 1 0 2 2 1 2 1 2 1 0 1 0 0 1 2 0 1 1 1 1 0 2 1 1 1 1 0 1 0 1 2 1 1 0 
2 2 1 1 1 2 1 1 2 1 2 2 1 1 1 1 2 1 2 1 2 1 2 1 2 1 1 2 2 2 1 2 2 1 2 2 2 2 1 2 2 1 2 1 1 1 1 2 1 2 2 2 2 1 1 1 1 1 1 2 1 3 7 2 0 6 0 0 1 0 1 1 0 1 0 0 0 0 0 1 1 0 1 1 1 1 0 0 0 0 0 0 0 1 0 1 1 0 1 0 
1 2 1 1 1 2 1 1 1 1 1 2 1 1 1 1 1 1 2 1 2 1 1 1 2 1 1 2 2 1 1 2 1 1 1 1 2 2 1 1 1 1 2 1 1 1 1 2 1 2 1 2 1 1 1 1 1 1 1 1 1 2 3 1 6 0 2 1 1 1 1 1 1 1 1 0 0 1 0 1 1 1 1 1 1 1 1 1 0 1 1 1 1 1 1 1 1 1 1 0 
2 1 0 1 0 1 0 0 0 0 1 1 1 1 0 0 1 0 1 0 1 0 1 1 1 0 0 1 1 1 0 2 1 0 1 2 1 1 1 1 1 1 1 0 0 1 0 2 0 1 1 1 2 1 0 0 0 0 0 1 0 1 1 1 0 2 0 92 4 1 1 2 1 2 2 1 1 0 0 2 2 1 1 2 1 1 0 1 1 1 1 0 1 2 1 1 2 1 1 1 
1 0 0 1 0 1 0 0 0 0 0 2 1 1 0 1 0 0 1 0 1 0 0 1 1 0 0 1 2 0 0 2 0 0 0 1 1 1 1 0 0 1 1 0 0 1 0 2 0 1 1 1 1 1 0 0 0 0 0 0 0 1 2 0 0 1 92 0 2 2 1 2 1 2 2 0 1 1 0 2 2 2 1 2 1 1 1 2 2 2 2 1 2 1 2 1 2 2 1 1 
2 2 2 1 1 2 2 2 2 2 2 2 2 2 2 2 1 1 2 2 2 1 2 1 2 1 1 2 2 2 0 2 2 2 1 2 2 2 1 2 2 2 2 1 2 2 1 2 2 2 2 2 2 1 1 2 2 2 1 2 1 1 2 2 1 1 4 2 0 2 0 1 0 0 0 0 0 0 0 0 0 0 0 0 1 1 0 0 0 0 0 0 0 0 0 0 0 0 0 0 
2 2 1 1 1 2 0 1 0 1 2 2 1 1 1 1 1 0 2 1 2 1 2 1 2 0 1 1 2 2 0 2 2 1 1 2 2 1 1 2 2 1 2 1 0 1 1 2 1 2 1 2 2 1 1 1 0 0 1 2 0 1 2 2 0 1 1 2 2 0 1 1 2 2 1 0 0 0 0 1 1 0 1 1 1 1 0 0 0 0 0 1 0 1 0 1 2 0 1 0 
2 1 1 1 0 1 1 1 1 1 1 1 1 2 0 0 1 1 1 1 1 0 1 1 1 0 0 1 1 1 0 1 1 1 1 2 1 1 1 1 1 1 1 0 0 2 0 1 1 1 1 1 2 0 0 1 1 1 0 1 0 0 1 1 1 1 1 1 0 1 0 2 95 13 1 1 1 0 0 1 1 1 1 1 2 1 1 1 1 1 1 0 1 1 1 2 1 1 1 1 
2 2 1 2 2 2 1 2 1 2 1 2 2 2 1 2 1 1 2 1 1 1 2 2 2 1 2 1 2 2 1 2 2 2 1 2 2 1 1 2 2 2 2 2 1 2 1 2 1 2 2 2 2 2 1 2 1 1 2 2 1 2 2 2 1 1 2 2 1 1 2 0 98 99 98 0 99 85 0 0 1 0 0 0 1 0 0 0 1 1 1 0 0 0 0 0 1 0 0 0 
2 1 0 0 0 1 0 0 1 0 1 1 1 1 0 0 1 0 1 0 1 0 1 0 1 0 0 1 1 1 0 1 1 0 1 1 1 1 0 1 1 1 1 0 0 0 0 1 0 1 0 1 1 0 0 0 0 0 0 1 0 0 1 1 0 1 1 1 0 2 95 98 0 5 2 1 1 0 0 2 2 1 1 2 2 2 1 1 1 1 1 1 1 2 1 2 2 1 2 1 
2 2 2 1 1 2 1 2 1 1 2 2 1 2 1 1 1 0 2 2 2 1 2 1 2 1 1 1 2 2 0 2 2 1 1 2 2 1 1 2 2 1 2 1 0 2 1 2 2 2 2 2 2 1 1 2 1 2 1 2 1 1 2 2 1 1 2 2 0 2 13 99 5 0 0 0 0 0 0 0 0 0 1 1 1 1 0 0 0 0 0 0 0 0 0 1 0 0 0 0 
2 1 0 1 0 2 0 1 1 0 1 2 1 1 0 1 1 0 2 0 1 0 1 1 1 0 0 1 2 2 0 2 1 1 1 2 2 1 1 1 1 1 1 0 0 1 0 2 0 1 2 1 2 1 1 1 0 0 0 1 0 1 2 1 0 1 2 2 0 1 1 98 2 0 0 0 6 0 0 1 2 1 1 2 1 1 0 1 1 1 1 0 1 1 1 1 2 1 1 0 
1 0 0 1 0 0 0 0 0 0 0 2 1 1 0 0 0 0 0 0 1 0 0 1 1 0 0 1 1 0 0 1 0 0 0 1 1 1 1 0 0 1 1 0 0 1 0 2 0 1 1 1 1 1 0 0 0 0 0 0 0 1 1 0 0 0 1 0 0 0 1 0 1 0 0 0 99 97 0 3 2 2 1 2 1 1 1 2 2 2 2 1 2 2 2 1 2 2 1 1 
1 1 1 1 1 1 0 1 0 1 0 2 1 1 0 1 0 0 1 0 2 0 1 1 2 0 1 1 2 1 0 1 1 1 0 1 2 0 1 1 1 1 2 1 0 1 1 1 0 2 1 2 1 1 1 1 0 0 1 1 0 1 2 1 0 0 1 1 0 0 1 99 1 0 6 99 0 1 0 1 2 1 1 1 1 1 1 1 2 2 2 1 1 1 1 1 2 1 1 1 
1 1 0 0 0 1 0 0 0 0 0 1 1 0 0 0 0 0 1 0 1 0 0 0 1 0 0 1 1 0 0 1 0 0 0 0 1 1 0 0 0 0 1 0 0 0 0 1 0 1 0 1 0 0 0 0 0 0 0 0 0 0 1 0 0 1 0 1 0 0 0 85 0 0 0 97 1 0 1 2 2 2 1 2 2 2 2 2 1 2 2 2 2 2 2 2 2 2 2 1 
0 0 0 0 0 0 0 0 0 0 0 1 1 0 0 0 0 0 0 0 1 0 0 0 1 0 0 1 1 0 0 0 0 0 0 0 1 0 0 0 0 0 1 0 0 0 0 0 0 1 0 1 0 0 0 0 0 0 0 0 0 0 1 0 0 0 0 0 0 0 0 0 0 0 0 0 0 1 0 98 6 3 1 2 2 2 2 2 2 2 2 2 2 2 2 2 2 2 2 2 
2 1 0 1 0 2 0 1 1 0 1 2 1 2 0 1 1 0 2 0 1 0 1 1 1 0 0 1 2 2 0 2 1 1 1 2 1 1 1 1 1 1 1 0 0 1 0 2 1 1 2 1 2 1 0 1 0 0 0 1 0 1 2 1 1 1 2 2 0 1 1 0 2 0 1 3 1 2 98 0 2 1 1 2 1 1 0 1 1 1 1 0 1 1 1 1 1 1 0 0 
2 2 1 1 1 2 0 2 1 1 2 2 1 2 1 1 1 0 2 1 2 1 2 1 2 0 1 1 2 2 0 2 2 1 1 2 2 1 1 2 2 1 2 1 0 1 1 2 2 2 2 2 2 1 1 1 0 0 1 2 0 1 2 2 1 1 2 2 0 1 1 1 2 0 2 2 2 2 6 2 0 0 1 1 1 1 0 0 0 0 0 0 0 1 0 1 1 0 0 0 
2 2 0 1 1 2 0 1 0 1 1 2 1 1 0 1 0 0 2 0 1 0 0 1 1 0 1 1 2 2 0 2 2 1 1 2 2 1 1 2 1 1 2 1 0 1 0 2 0 2 1 1 1 1 1 1 0 0 1 0 0 1 2 0 0 1 1 2 0 0 1 0 1 0 1 2 1 2 3 1 0 0 1 1 1 1 0 2 1 1 2 1 0 1 0 1 2 1 1 0 
1 1 1 0 0 1 1 1 1 1 1 1 2 1 0 1 1 1 1 1 1 0 1 0 1 0 0 1 1 1 0 1 1 1 1 1 1 1 0 1 1 0 1 0 0 1 0 1 1 1 1 1 1 0 0 1 1 1 0 1 0 0 1 1 1 1 1 1 0 1 1 0 1 1 1 1 1 1 1 1 1 1 0 98 5 96 1 1 1 1 1 1 1 1 1 1 1 1 1 1 
2 2 1 1 0 2 1 2 1 1 1 2 1 2 0 1 1 0 2 1 1 0 1 1 1 0 0 1 2 2 0 2 2 1 1 2 2 1 1 2 1 1 2 0 0 2 0 2 1 1 2 1 2 1 1 2 0 1 1 1 0 1 2 1 1 1 2 2 0 1 1 0 2 1 2 2 1 2 2 2 1 1 98 0 1 1 0 1 1 1 1 0 0 0 0 1 1 1 0 0 
2 1 1 2 1 1 1 1 1 1 1 1 2 2 1 1 1 1 1 1 1 1 1 2 1 1 1 1 1 1 1 2 1 1 1 2 1 1 2 1 1 2 1 1 1 2 1 2 1 1 2 1 2 2 1 1 1 1 1 1 1 2 1 1 1 1 1 1 1 1 2 1 2 1 1 1 1 2 2 1 1 1 5 1 0 98 0 1 1 1 1 0 1 1 1 1 1 1 1 1 
2 1 1 1 0 1 1 1 1 1 1 1 2 2 1 1 1 1 1 1 1 0 1 1 1 0 0 1 1 1 0 1 1 1 1 2 1 1 1 1 1 2 1 0 1 2 0 1 1 1 1 1 2 0 0 1 1 1 0 1 0 0 1 1 1 1 1 1 1 1 1 0 2 1 1 1 1 2 2 1 1 1 96 1 98 0 1 1 1 1 1 0 1 1 1 1 1 1 1 1 
1 1 0 1 0 1 0 0 0 0 0 1 1 1 0 0 0 0 1 0 1 0 0 1 1 0 0 1 1 0 0 2 0 0 0 1 1 1 1 0 1 1 1 0 0 1 0 2 0 1 1 1 1 1 0 0 0 0 0 0 0 1 1 0 0 1 0 1 0 0 1 0 1 0 0 1 1 2 2 0 0 0 1 0 0 1 0 3 1 2 2 1 2 2 2 2 2 2 2 1 
2 2 0 1 1 2 0 1 0 1 1 2 1 1 0 1 0 0 2 0 1 0 1 1 1 0 1 1 2 2 0 2 2 1 1 2 2 1 1 2 2 1 2 1 0 1 1 2 0 2 1 1 2 1 1 1 0 0 1 1 0 1 2 2 0 1 1 2 0 0 1 0 1 0 1 2 1 2 2 1 0 2 1 1 1 1 3 0 1 1 1 1 0 1 0 1 2 1 1 0 
1 2 1 1 1 2 0 1 0 1 1 2 1 1 0 1 0 0 2 1 2 1 1 1 2 0 1 1 2 1 0 2 1 1 0 1 2 1 1 1 1 1 2 1 0 1 1 2 1 2 1 2 1 1 1 1 0 0 1 1 0 1 2 1 0 0 1 2 0 0 1 1 1 0 1 2 2 1 2 1 0 1 1 1 1 1 1 1 0 1 4 1 1 1 1 1 2 1 1 0 
1 2 1 1 1 2 0 1 0 1 1 2 1 1 0 1 0 0 2 0 2 1 1 1 2 0 1 1 2 1 0 2 1 1 0 1 2 1 1 1 2 1 2 1 0 1 1 2 0 2 1 2 1 1 1 1 0 0 1 1 0 1 2 1 0 1 1 2 0 0 1 1 1 0 1 2 2 2 2 1 0 1 1 1 1 1 2 1 1 0 100 1 2 1 1 1 2 1 1 0 
2 2 1 1 1 2 0 1 0 1 2 2 1 1 0 1 0 0 2 1 2 1 1 1 2 0 1 1 2 2 0 2 2 1 1 2 2 1 1 2 2 1 2 1 0 1 1 2 1 2 1 2 2 1 1 1 0 0 1 1 0 1 2 1 0 1 1 2 0 0 1 1 1 0 1 2 2 2 2 1 0 2 1 1 1 1 2 1 4 100 0 1 1 1 0 1 2 1 1 0 
2 1 0 1 0 1 0 0 0 0 1 1 1 1 0 0 1 0 1 0 1 0 1 0 1 0 0 1 1 1 0 1 1 0 1 2 1 1 0 1 1 1 1 0 0 1 0 1 0 1 0 1 2 0 0 0 0 0 0 1 0 0 1 1 0 1 0 1 0 1 0 0 1 0 0 1 1 2 2 0 0 1 1 0 0 0 1 1 1 1 1 0 2 99 1 2 2 1 2 1 
2 1 0 1 0 2 0 1 0 0 1 2 1 1 0 1 0 0 2 0 1 0 0 1 1 0 0 1 2 2 0 2 0 1 1 2 2 1 1 1 1 1 1 0 0 1 0 2 0 1 1 1 1 1 1 1 0 0 0 0 0 1 2 0 0 1 1 2 0 0 1 0 1 0 1 2 1 2 2 1 0 0 1 0 1 1 2 0 1 2 1 2 0 98 98 97 2 2 1 0 
2 1 1 1 0 1 0 1 1 0 1 2 1 2 0 0 1 0 1 1 1 0 1 1 1 0 0 1 1 1 0 2 1 0 1 2 1 1 1 1 1 1 1 0 0 2 0 2 1 1 2 1 2 1 0 1 0 1 0 1 0 1 1 1 1 1 2 1 0 1 1 0 2 0 1 2 1 2 2 1 1 1 1 0 1 1 2 1 1 1 1 99 98 0 1 1 1 1 0 1 
2 2 0 1 0 2 0 1 0 0 1 2 1 1 0 1 0 0 2 0 1 0 0 1 1 0 0 1 2 1 0 2 1 1 0 2 2 1 1 2 1 1 1 0 0 1 0 2 0 1 1 1 1 1 1 1 0 0 1 0 0 1 2 0 0 1 1 2 0 0 1 0 1 0 1 2 1 2 2 1 0 0 1 0 1 1 2 0 1 1 0 1 98 1 0 1 2 2 1 0 
2 1 1 1 0 1 1 1 1 1 1 1 2 2 0 1 1 1 1 1 1 0 1 1 1 0 0 1 1 1 0 2 1 1 1 2 1 1 1 1 1 1 1 0 0 2 0 2 1 1 2 1 2 1 0 1 1 1 0 1 0 1 1 1 1 1 1 1 0 1 2 0 2 1 1 1 1 2 2 1 1 1 1 1 1 1 2 1 1 1 1 2 97 1 1 0 1 1 0 1 
2 2 1 1 1 2 1 2 1 1 2 2 1 1 1 1 1 0 2 1 2 1 2 1 2 1 1 1 2 2 0 2 2 1 1 2 2 1 1 2 2 1 2 1 0 1 1 2 2 2 2 2 2 1 1 1 1 1 1 2 1 1 2 2 1 1 2 2 0 2 1 1 2 0 2 2 2 2 2 1 1 2 1 1 1 1 2 2 2 2 2 2 2 1 2 1 0 98 0 1 
2 2 0 1 0 2 0 1 0 1 1 2 1 1 0 1 1 0 2 0 1 0 0 1 1 0 0 1 2 2 0 2 2 1 1 2 2 1 1 2 1 1 2 0 0 1 0 2 0 1 1 1 2 1 1 1 0 0 1 0 0 1 2 1 0 1 1 2 0 0 1 0 1 0 1 2 1 2 2 1 0 1 1 1 1 1 2 1 1 1 1 1 2 1 2 1 98 0 1 0 
2 1 0 1 0 1 0 1 1 0 1 1 1 1 0 0 1 0 1 0 1 0 1 1 1 0 0 1 1 1 0 2 1 0 1 2 1 1 1 1 1 1 1 0 0 1 0 2 0 1 2 1 2 1 0 0 0 0 0 1 0 1 1 1 1 1 1 1 0 1 1 0 2 0 1 1 1 2 2 0 0 1 1 0 1 1 2 1 1 1 1 2 1 0 1 0 0 1 0 99 
1 0 0 1 0 1 0 0 0 0 0 2 1 1 0 1 0 0 1 0 1 0 0 1 1 0 0 1 2 1 0 1 0 1 0 1 1 1 1 0 0 1 1 0 0 1 0 1 0 1 1 1 1 1 0 1 0 0 0 0 0 1 2 0 0 0 1 1 0 0 1 0 1 0 0 1 1 1 2 0 0 0 1 0 1 1 1 0 0 0 0 1 0 1 0 1 1 0 99 0 

Rho histogram: 
1 1 0 0 0 0 0 0 0 0 0 0 0 0 0 0 0 0 0 98 

Summary:
objF nSamp nIter rhoMean rhoStDev rProp hitsProp rankHitsProp
Wrcug 100 100 0.9798990699069904 0.13345567154530205 0 0 0.3699

Time:  50m16.632019324s
=======================================================
