=======================================================
Objective function:  Are
Matrix:  I50.csv
Iterations:  100
Heuristic for search:  RobSA3
Improvement function # 0
Window width for improvement:  0
Heuristic for improvement:  RobSA3
Seed:  33
=======================================================

Best permutations: 
1 0 2 4 3 5 6 7 8 9 10 11 12 13 15 14 18 17 16 19 20 21 22 23 24 25 26 27 28 29 30 31 32 33 34 35 36 38 37 39 40 41 42 43 45 44 46 47 49 48 
1 0 2 4 3 5 7 6 8 9 10 11 12 13 15 14 18 17 16 19 20 23 21 22 24 25 26 27 28 29 30 31 32 33 34 35 36 38 37 39 40 41 42 43 45 44 46 47 49 48 
1 0 2 4 3 5 7 6 8 9 10 11 12 13 15 14 18 17 16 19 20 21 22 23 24 25 26 27 28 29 30 31 32 33 34 35 36 38 37 39 40 41 42 43 45 44 46 47 49 48 
1 0 2 4 3 5 7 6 8 9 10 11 12 13 15 14 18 17 16 19 20 21 22 23 24 25 26 27 28 29 30 31 32 33 34 35 36 38 37 39 40 41 42 43 45 44 46 47 49 48 
1 0 2 4 3 5 6 7 8 9 10 11 12 13 15 14 17 18 16 19 20 21 22 23 24 25 26 27 28 29 30 31 32 33 34 35 38 36 37 39 40 41 42 43 45 44 46 47 49 48 
1 0 2 4 3 5 7 6 8 9 10 11 12 13 15 14 18 16 17 19 20 21 22 23 24 25 26 27 28 29 30 31 32 33 34 35 36 38 37 39 40 41 42 43 45 44 46 47 49 48 
1 0 2 4 3 5 6 7 8 9 10 11 12 13 15 14 18 17 16 19 20 21 22 23 24 25 26 27 28 30 29 31 32 33 34 35 36 38 37 39 40 41 42 43 45 44 46 47 49 48 
1 0 2 4 3 5 7 6 8 9 10 11 12 13 15 14 18 17 16 19 20 21 22 23 24 25 26 27 28 29 30 31 32 33 34 35 36 38 37 39 40 41 42 43 45 44 46 47 49 48 
1 0 2 4 3 5 6 7 8 9 10 11 12 13 15 14 18 17 16 19 20 21 22 23 24 25 26 27 28 30 29 31 32 33 34 35 36 38 37 39 40 41 42 43 45 44 46 47 49 48 
1 0 2 4 3 5 7 6 8 9 10 11 12 13 15 14 18 17 16 19 20 21 22 23 24 25 26 27 28 29 30 31 32 33 34 35 36 38 37 39 40 41 42 43 45 44 46 47 49 48 
1 0 2 4 3 5 6 7 8 9 10 11 12 13 15 14 18 17 16 19 20 21 22 23 24 25 26 27 28 29 30 31 32 33 34 35 36 38 37 39 40 41 42 43 45 44 46 47 49 48 
1 0 2 4 3 5 6 7 8 9 10 11 12 13 15 14 18 17 16 19 20 21 22 23 24 25 26 27 28 29 30 31 32 33 34 35 36 38 37 39 40 41 42 43 45 44 46 47 49 48 
1 0 2 4 3 5 6 7 8 9 10 11 12 13 15 14 18 17 16 19 20 21 22 23 24 25 26 27 28 29 30 31 32 33 34 35 36 38 37 39 40 41 42 43 45 44 46 47 49 48 
1 0 2 4 3 5 7 6 8 9 10 11 12 13 15 14 18 17 16 19 20 21 22 23 24 25 27 26 28 29 30 31 32 33 34 35 36 38 37 39 40 41 42 43 45 44 46 47 49 48 
1 0 2 4 3 5 6 7 8 9 10 11 12 13 15 14 18 17 16 19 20 21 22 23 24 25 26 27 28 29 30 31 32 33 34 35 36 38 37 39 40 41 42 43 45 44 46 47 49 48 
1 0 2 4 3 5 7 6 8 9 10 11 12 13 15 14 18 17 16 19 20 21 22 23 24 25 26 27 28 29 30 31 32 33 34 35 36 38 37 39 40 41 42 43 45 44 46 47 49 48 
1 0 2 4 3 5 7 6 8 9 10 11 12 13 15 14 18 17 16 19 20 21 22 23 24 25 26 27 28 29 30 32 31 34 33 35 36 38 37 39 40 41 42 43 45 44 46 47 49 48 
1 0 2 4 3 5 6 7 8 9 10 11 12 13 15 14 18 17 16 19 20 21 22 23 24 25 26 27 28 29 30 31 32 33 34 35 36 38 37 39 40 41 42 43 45 44 46 47 49 48 
1 0 2 4 3 5 6 7 8 9 10 11 12 13 14 15 18 17 16 19 20 21 23 22 24 25 26 27 28 29 30 31 33 32 34 35 36 38 37 39 40 41 42 43 45 44 46 47 49 48 
1 0 2 4 3 5 6 7 8 9 10 11 12 13 15 14 18 17 16 19 20 21 22 23 24 25 26 27 28 29 30 31 32 33 34 35 36 38 37 39 40 41 42 43 45 44 46 47 49 48 
1 0 2 4 3 5 7 6 8 9 10 11 12 13 15 14 18 17 16 19 20 21 22 23 24 25 26 27 28 29 30 31 32 33 34 35 36 38 37 39 40 41 42 43 45 44 46 47 49 48 
1 0 2 4 3 5 6 7 8 9 10 11 12 13 15 14 18 17 16 19 20 21 22 23 24 25 26 27 28 29 30 31 32 33 34 35 36 38 37 39 40 41 42 43 45 44 46 47 49 48 
1 0 2 4 3 5 6 7 8 9 10 11 12 13 15 14 18 17 16 20 19 21 22 23 24 25 26 27 28 29 30 31 32 33 35 34 36 38 37 39 41 40 42 43 45 44 46 47 49 48 
1 0 2 4 3 5 6 7 8 9 10 11 12 13 15 14 18 17 16 19 20 21 22 23 24 25 26 27 28 29 30 31 32 33 34 35 36 38 37 39 40 41 42 43 45 44 46 47 49 48 
1 0 2 4 3 5 7 6 8 9 10 11 12 13 15 14 18 17 16 19 20 21 22 23 24 25 26 27 28 29 30 31 32 33 34 35 36 38 37 39 40 41 42 43 45 44 46 47 49 48 
1 0 2 4 3 5 7 6 8 9 10 11 12 13 15 14 18 17 16 19 20 21 22 23 24 25 26 27 28 29 30 31 32 33 34 35 36 38 37 39 40 41 42 43 45 44 46 47 49 48 
1 0 2 4 3 5 6 7 8 9 10 11 12 13 15 14 18 17 16 19 20 21 22 23 24 25 26 27 28 29 30 32 31 33 34 35 36 38 37 39 40 41 42 43 45 44 46 47 49 48 
1 0 2 4 3 5 6 7 8 9 10 11 13 12 15 14 18 17 16 19 20 21 22 23 24 25 26 27 28 29 30 32 31 33 34 35 36 38 37 39 40 41 42 43 45 44 46 47 49 48 
1 0 2 4 3 5 6 7 8 9 10 11 12 13 15 14 18 17 16 19 20 23 21 22 24 25 26 27 28 29 30 31 32 33 34 35 36 38 37 39 40 41 42 43 45 44 46 47 49 48 
1 0 2 4 3 5 6 7 8 9 10 11 13 12 15 14 17 18 16 19 20 21 22 23 25 24 26 27 28 29 30 31 32 33 34 35 36 38 37 39 40 41 42 43 45 44 46 47 49 48 
1 0 2 4 3 5 7 6 8 9 10 11 12 13 15 14 18 17 16 19 20 21 22 23 24 25 26 27 28 29 30 31 32 33 34 35 36 38 37 39 40 41 42 43 45 44 46 47 49 48 
1 0 2 4 3 5 7 6 8 9 10 11 12 13 15 14 18 17 16 19 20 21 22 23 24 25 26 27 28 29 30 31 32 33 34 35 38 36 37 39 40 41 42 43 45 44 46 47 49 48 
1 0 2 4 3 5 7 6 8 9 10 11 12 13 15 14 18 17 16 19 20 21 22 23 24 25 26 27 28 29 30 31 32 33 34 35 36 38 37 39 40 41 42 43 45 44 46 47 49 48 
1 0 2 4 3 5 7 6 8 9 10 11 12 13 15 14 18 17 16 19 20 21 22 23 24 25 26 27 28 29 30 31 32 33 34 35 36 38 37 39 40 41 42 43 45 44 46 47 49 48 
1 0 2 4 3 5 6 7 8 9 10 11 12 13 15 14 18 17 16 19 20 21 22 23 24 25 26 27 28 29 30 31 32 33 34 35 36 38 37 39 40 41 42 43 45 44 46 47 49 48 
1 0 2 4 3 5 7 6 8 9 10 11 12 13 15 14 18 17 16 19 21 20 22 23 24 25 26 27 28 29 30 31 32 33 34 35 36 38 37 39 40 41 42 43 45 44 46 47 49 48 
1 0 2 4 3 5 7 6 8 9 10 11 12 13 15 14 17 18 16 19 20 21 22 23 24 25 26 27 28 29 30 31 32 33 34 35 36 38 37 41 39 40 42 43 45 44 46 47 49 48 
1 0 2 4 3 5 6 7 8 9 10 11 12 13 15 14 18 17 16 19 20 21 22 23 24 25 26 27 28 30 29 31 32 33 34 35 36 38 37 39 40 41 42 43 45 44 46 47 49 48 
1 0 2 4 3 5 7 6 8 9 10 11 12 13 15 14 17 18 16 19 20 21 22 23 24 25 26 27 28 29 30 31 32 33 34 35 36 38 37 39 40 41 42 43 45 44 46 47 49 48 
1 0 2 4 3 5 6 7 8 9 10 11 12 13 15 14 18 17 16 19 20 21 22 23 24 25 27 26 28 29 30 31 32 33 34 35 36 38 37 39 40 41 42 43 45 44 46 47 49 48 
1 0 2 4 3 5 6 7 8 9 10 11 12 13 15 14 18 17 16 19 20 21 22 23 24 25 26 27 28 29 30 31 32 33 34 35 36 38 37 39 40 41 42 43 45 44 46 47 49 48 
1 0 2 4 3 5 7 6 8 9 10 11 12 13 15 14 18 17 16 19 20 21 22 23 24 25 26 27 28 29 30 31 32 33 34 35 36 38 37 39 40 41 42 43 45 44 46 47 49 48 
1 0 2 4 3 5 7 6 8 9 10 11 12 13 15 14 18 17 16 19 20 21 22 23 24 25 26 27 28 29 30 31 32 33 34 35 36 38 37 39 40 41 42 43 45 44 46 47 49 48 
1 0 2 4 3 5 7 6 8 9 10 11 12 13 15 14 18 17 16 19 20 21 22 23 24 25 26 27 28 29 30 31 32 33 34 35 36 38 37 39 40 41 42 43 45 44 46 47 49 48 
1 0 2 4 3 5 6 7 8 9 10 11 12 13 15 14 18 17 16 19 20 21 23 22 24 25 26 27 28 29 30 31 32 33 34 35 36 38 37 39 40 41 42 43 45 44 46 47 49 48 
1 0 2 4 3 5 6 7 8 9 10 11 12 13 15 14 18 17 16 19 20 21 22 23 24 25 26 27 28 29 30 31 32 33 34 35 36 38 37 39 40 41 42 43 45 44 46 47 49 48 
1 0 2 4 3 5 6 7 8 9 10 11 12 13 15 14 18 17 16 19 21 20 22 23 24 25 26 27 28 29 30 31 32 33 34 35 36 38 37 39 40 41 42 45 43 44 46 47 49 48 
1 0 2 4 3 5 7 6 8 9 10 11 12 13 15 14 18 17 16 19 20 21 22 23 24 25 26 27 28 29 30 31 32 33 34 35 36 38 37 39 40 41 42 43 45 44 46 47 49 48 
1 0 2 4 3 5 6 7 8 9 10 11 12 13 15 14 18 17 16 19 20 21 22 23 24 25 26 27 28 29 30 31 32 33 34 35 36 38 37 39 40 41 42 43 45 44 46 47 49 48 
1 0 2 4 3 5 7 6 8 9 10 11 12 13 15 14 18 17 16 19 20 21 22 23 24 25 26 27 28 29 30 31 32 33 34 35 36 38 37 39 40 41 42 43 45 44 46 47 49 48 
1 0 2 4 3 5 6 7 8 9 10 11 12 13 15 14 18 17 16 19 20 21 22 23 24 25 26 27 28 29 30 31 32 33 34 35 36 38 37 39 40 41 42 43 45 44 46 47 49 48 
1 0 2 4 3 5 6 7 8 9 10 11 12 13 15 14 17 18 16 19 20 21 22 23 24 25 26 27 28 29 30 31 32 33 34 35 36 38 37 39 40 41 42 43 45 44 46 47 49 48 
1 0 2 4 3 5 6 7 8 9 10 11 12 13 15 14 18 17 16 19 20 21 22 23 24 25 26 27 28 29 30 31 32 33 34 35 36 38 37 39 40 41 42 43 45 44 46 47 49 48 
1 0 2 4 3 5 6 7 8 9 10 11 12 13 15 14 18 17 16 19 20 21 22 23 24 25 26 27 28 29 30 31 32 33 34 35 36 38 37 39 40 41 42 43 45 44 46 47 49 48 
1 0 2 4 3 5 7 6 8 9 10 11 12 13 15 14 18 17 16 19 20 21 22 23 24 25 26 27 28 29 30 31 32 33 34 35 36 38 37 39 40 41 42 43 45 44 46 47 49 48 
1 0 2 4 3 5 7 6 8 9 10 11 12 13 15 14 18 17 16 19 20 21 22 23 24 25 26 27 28 29 30 31 32 33 34 35 36 38 37 39 40 41 42 43 45 44 46 47 49 48 
1 0 2 4 3 5 7 6 8 9 10 11 12 13 15 14 18 17 16 19 20 21 22 23 24 25 26 27 28 29 30 31 32 33 34 35 36 38 37 39 40 41 42 43 45 44 46 47 49 48 
1 0 2 4 3 5 6 7 8 9 10 11 12 13 15 14 18 17 16 19 20 21 22 23 24 25 26 27 28 29 30 31 32 33 34 35 36 38 37 39 40 41 42 43 45 44 46 47 49 48 
1 0 2 4 3 5 6 7 8 9 10 11 12 13 15 14 18 17 16 19 20 21 22 23 24 25 26 27 28 29 30 31 32 33 34 35 36 38 37 39 40 41 42 43 45 44 46 47 49 48 
1 0 2 4 3 5 6 7 8 9 10 11 12 13 15 14 18 17 16 19 20 21 22 23 25 24 26 27 28 29 30 31 32 33 34 35 36 38 37 39 40 41 42 43 45 44 46 47 49 48 
1 0 2 4 3 5 6 7 8 9 10 11 13 12 15 14 18 17 16 19 20 21 22 23 24 25 26 27 28 29 30 31 32 33 34 35 36 38 37 39 40 41 42 43 45 44 46 47 49 48 
1 0 2 4 3 5 6 8 7 9 10 11 12 13 15 14 18 17 16 19 20 21 22 23 24 25 26 27 28 29 30 31 32 33 34 35 36 38 37 39 40 41 42 43 45 44 46 47 49 48 
1 0 2 4 3 5 6 7 8 9 10 11 12 13 15 14 18 17 16 19 20 21 22 23 25 24 26 27 28 29 30 31 32 33 34 35 36 38 37 39 40 41 42 43 45 44 46 47 49 48 
1 0 2 4 3 5 7 6 8 9 10 11 12 13 15 14 18 17 16 19 20 21 22 23 24 25 26 27 28 30 29 31 32 33 34 35 36 38 37 39 40 41 42 43 45 44 46 47 49 48 
1 0 2 4 3 5 7 6 8 9 11 10 12 13 15 14 18 17 16 19 20 21 22 23 24 25 26 27 28 29 30 31 32 33 34 36 35 38 37 39 40 41 42 43 45 44 46 47 49 48 
1 0 2 4 3 5 7 6 8 9 10 11 12 13 15 14 18 17 16 19 20 21 22 23 24 25 26 27 28 29 30 31 32 33 34 35 36 38 37 39 40 41 42 43 45 44 46 47 49 48 
1 0 2 4 3 5 6 7 8 9 10 11 12 13 15 14 18 17 16 19 20 21 23 22 24 25 26 27 28 29 30 31 32 33 34 35 36 38 37 39 40 41 42 43 45 44 46 47 49 48 
1 0 2 4 3 5 6 7 8 9 10 11 12 13 15 14 18 17 16 19 20 21 22 23 24 25 26 27 28 29 30 31 32 33 34 35 36 38 37 39 40 41 42 43 45 44 46 47 49 48 
1 0 2 4 3 5 7 6 8 9 10 11 12 13 15 14 18 17 16 19 20 21 22 23 24 25 26 27 28 29 30 31 32 33 34 35 36 38 37 39 40 41 42 43 45 44 46 47 49 48 
1 0 2 4 3 5 6 7 8 9 10 11 12 13 15 14 18 17 16 19 20 21 22 23 24 25 26 27 28 29 30 31 32 33 34 35 36 38 37 39 40 41 42 43 45 44 46 47 49 48 
1 0 2 4 3 5 7 6 8 9 10 11 12 13 15 14 18 17 16 19 20 21 22 23 24 25 26 27 28 29 30 31 32 33 34 35 36 38 37 39 40 41 42 43 45 44 46 47 49 48 
1 0 2 4 3 5 7 6 8 9 10 11 12 13 15 14 18 17 16 19 20 21 22 23 24 25 26 27 28 29 30 31 32 33 34 35 36 38 37 39 40 41 42 43 45 44 46 47 49 48 
1 0 2 4 3 5 7 6 8 9 10 11 12 13 15 14 18 17 16 19 20 21 22 23 24 25 26 27 28 29 30 31 32 33 34 35 36 38 37 39 40 41 42 43 45 44 46 47 49 48 
1 0 2 4 3 5 6 7 8 9 10 11 12 13 15 14 18 17 16 19 20 21 22 23 24 25 26 27 28 29 30 31 32 33 34 35 36 38 37 39 40 41 42 43 45 44 46 47 49 48 
1 0 2 4 3 5 7 6 8 9 10 11 12 13 15 14 18 17 16 19 20 21 22 23 24 25 26 27 28 29 30 31 32 33 34 35 36 38 37 39 41 40 42 43 45 44 46 47 49 48 
1 0 2 4 3 5 6 7 8 9 10 11 12 13 15 14 18 17 16 19 20 21 22 23 24 25 26 27 28 29 30 31 32 33 34 35 36 38 37 39 40 41 42 43 45 44 46 47 49 48 
1 0 2 4 3 5 7 6 8 10 9 11 12 13 15 14 18 17 16 20 19 21 22 23 24 25 26 27 28 29 30 31 32 33 34 35 36 38 37 39 40 41 42 43 45 44 46 47 49 48 
1 0 2 4 3 5 6 7 8 9 10 11 12 13 15 14 18 17 16 19 21 20 22 23 24 25 26 27 28 29 30 31 32 33 34 35 36 38 37 39 40 41 42 43 45 44 46 47 49 48 
1 0 2 4 3 5 7 6 8 9 10 11 12 13 15 14 18 17 16 19 20 21 22 23 24 25 26 27 28 29 30 31 32 33 34 35 36 38 37 39 40 41 42 43 45 44 46 47 49 48 
1 0 2 4 3 5 7 6 8 9 10 11 12 13 15 14 18 17 16 19 20 21 22 23 24 25 26 27 28 29 30 31 32 33 34 35 36 38 37 39 40 41 42 43 45 44 46 47 49 48 
1 0 2 4 3 5 6 7 8 9 10 11 12 13 15 14 17 18 16 19 20 21 23 22 24 25 26 27 28 29 30 31 32 33 34 35 36 38 37 39 40 41 42 43 45 44 46 47 49 48 
1 0 2 4 3 5 7 6 8 9 10 11 12 13 15 14 18 17 16 19 20 21 22 23 24 25 26 27 28 29 30 31 32 33 34 35 36 38 37 39 40 41 42 43 45 44 46 47 49 48 
1 0 2 4 3 5 6 7 8 9 10 11 12 13 15 14 18 17 16 19 20 21 22 23 24 25 26 27 28 29 30 31 32 33 34 35 36 38 37 39 40 41 42 43 45 44 46 47 49 48 
1 0 2 4 3 5 6 7 8 9 10 11 12 13 15 14 18 17 16 19 20 21 22 23 24 25 26 27 28 29 30 31 32 33 34 35 36 38 37 39 40 41 42 43 45 44 46 47 49 48 
1 0 2 4 3 5 7 6 8 9 10 11 12 13 15 14 18 17 16 19 20 21 23 22 24 25 26 27 28 29 30 31 32 33 34 35 36 38 37 39 40 41 42 43 45 44 46 47 49 48 
1 0 2 4 3 5 7 6 8 9 11 10 12 13 15 14 17 18 16 19 20 21 22 23 24 25 26 28 27 30 29 31 32 33 34 35 36 38 37 39 40 41 42 43 45 44 46 47 49 48 
1 0 2 4 3 5 7 6 8 9 10 11 12 13 15 14 18 17 16 19 20 21 22 23 24 25 26 27 28 29 30 31 32 33 34 35 36 38 37 39 40 41 42 43 45 44 46 47 49 48 
1 0 2 4 3 5 6 7 8 9 10 11 12 13 15 14 18 17 16 19 20 21 22 23 25 24 26 27 28 29 30 31 32 33 34 35 36 38 37 39 40 41 42 43 45 44 46 47 49 48 
1 0 2 4 3 5 7 6 8 9 10 11 12 13 15 14 18 17 16 19 20 21 22 23 24 25 26 27 28 29 30 31 32 33 34 35 36 38 37 39 40 41 42 43 45 44 46 47 49 48 
1 0 2 4 3 5 7 6 8 9 10 11 12 13 15 14 18 17 16 19 20 21 23 22 24 25 26 27 28 29 30 31 32 33 34 35 36 38 37 39 40 41 42 43 45 44 46 47 49 48 
1 0 2 4 3 5 7 6 8 9 10 11 12 13 15 14 18 17 16 19 20 21 22 23 24 25 26 27 28 29 30 31 32 33 34 35 36 38 37 39 40 41 42 43 45 44 46 47 49 48 
1 0 2 4 3 5 6 7 8 9 10 11 12 13 15 14 18 17 16 19 20 21 22 23 24 25 26 27 28 29 30 31 32 33 34 35 36 38 37 39 40 41 42 43 45 44 46 47 49 48 
1 0 2 4 3 5 6 7 8 9 10 11 12 13 15 14 18 17 16 19 20 21 22 23 24 25 26 27 28 29 30 32 31 33 34 35 36 38 37 39 40 41 42 43 45 44 46 47 49 48 
1 0 2 4 3 5 7 6 8 9 10 11 12 13 15 14 18 17 16 19 20 21 22 23 24 25 26 27 28 29 30 31 32 33 34 35 36 38 39 37 40 41 42 43 45 44 46 47 49 48 
1 0 2 4 3 5 6 7 8 9 10 11 12 13 15 14 18 17 16 19 20 21 22 23 24 25 26 27 28 29 30 31 32 33 34 35 36 38 37 39 40 41 42 43 45 44 46 47 49 48 
1 0 2 4 3 5 6 7 8 9 10 11 13 15 12 14 18 17 16 19 20 21 22 23 24 25 26 27 28 30 29 31 32 33 34 35 36 38 37 39 40 41 42 43 45 44 46 47 49 48 
1 0 2 4 3 5 7 6 8 9 10 11 12 13 15 14 18 17 16 19 20 21 22 23 24 25 26 27 28 29 30 31 32 34 33 35 36 38 37 39 40 41 42 43 45 44 46 47 49 48 
1 0 2 4 3 5 6 7 8 9 10 11 12 13 15 14 18 17 16 19 20 21 22 23 24 25 26 27 28 29 30 31 32 33 34 35 36 38 37 39 40 41 42 43 45 44 46 47 49 48 
1 0 2 4 3 5 7 6 8 9 10 11 12 13 15 14 18 17 16 19 20 21 22 23 24 25 26 27 28 29 30 31 32 33 34 35 36 38 37 39 40 41 42 43 45 44 46 47 49 48 
1 0 2 4 3 5 7 6 8 9 10 11 12 13 15 14 18 17 16 19 20 21 22 23 24 25 26 27 28 29 30 31 32 33 34 35 38 36 37 39 40 41 42 43 45 44 46 47 49 48 

Rank matrix
0 100 0 0 0 0 0 0 0 0 0 0 0 0 0 0 0 0 0 0 0 0 0 0 0 0 0 0 0 0 0 0 0 0 0 0 0 0 0 0 0 0 0 0 0 0 0 0 0 0 
100 0 0 0 0 0 0 0 0 0 0 0 0 0 0 0 0 0 0 0 0 0 0 0 0 0 0 0 0 0 0 0 0 0 0 0 0 0 0 0 0 0 0 0 0 0 0 0 0 0 
0 0 100 0 0 0 0 0 0 0 0 0 0 0 0 0 0 0 0 0 0 0 0 0 0 0 0 0 0 0 0 0 0 0 0 0 0 0 0 0 0 0 0 0 0 0 0 0 0 0 
0 0 0 0 100 0 0 0 0 0 0 0 0 0 0 0 0 0 0 0 0 0 0 0 0 0 0 0 0 0 0 0 0 0 0 0 0 0 0 0 0 0 0 0 0 0 0 0 0 0 
0 0 0 100 0 0 0 0 0 0 0 0 0 0 0 0 0 0 0 0 0 0 0 0 0 0 0 0 0 0 0 0 0 0 0 0 0 0 0 0 0 0 0 0 0 0 0 0 0 0 
0 0 0 0 0 100 0 0 0 0 0 0 0 0 0 0 0 0 0 0 0 0 0 0 0 0 0 0 0 0 0 0 0 0 0 0 0 0 0 0 0 0 0 0 0 0 0 0 0 0 
0 0 0 0 0 0 51 49 0 0 0 0 0 0 0 0 0 0 0 0 0 0 0 0 0 0 0 0 0 0 0 0 0 0 0 0 0 0 0 0 0 0 0 0 0 0 0 0 0 0 
0 0 0 0 0 0 49 50 1 0 0 0 0 0 0 0 0 0 0 0 0 0 0 0 0 0 0 0 0 0 0 0 0 0 0 0 0 0 0 0 0 0 0 0 0 0 0 0 0 0 
0 0 0 0 0 0 0 1 99 0 0 0 0 0 0 0 0 0 0 0 0 0 0 0 0 0 0 0 0 0 0 0 0 0 0 0 0 0 0 0 0 0 0 0 0 0 0 0 0 0 
0 0 0 0 0 0 0 0 0 99 1 0 0 0 0 0 0 0 0 0 0 0 0 0 0 0 0 0 0 0 0 0 0 0 0 0 0 0 0 0 0 0 0 0 0 0 0 0 0 0 
0 0 0 0 0 0 0 0 0 1 97 2 0 0 0 0 0 0 0 0 0 0 0 0 0 0 0 0 0 0 0 0 0 0 0 0 0 0 0 0 0 0 0 0 0 0 0 0 0 0 
0 0 0 0 0 0 0 0 0 0 2 98 0 0 0 0 0 0 0 0 0 0 0 0 0 0 0 0 0 0 0 0 0 0 0 0 0 0 0 0 0 0 0 0 0 0 0 0 0 0 
0 0 0 0 0 0 0 0 0 0 0 0 96 3 1 0 0 0 0 0 0 0 0 0 0 0 0 0 0 0 0 0 0 0 0 0 0 0 0 0 0 0 0 0 0 0 0 0 0 0 
0 0 0 0 0 0 0 0 0 0 0 0 4 96 0 0 0 0 0 0 0 0 0 0 0 0 0 0 0 0 0 0 0 0 0 0 0 0 0 0 0 0 0 0 0 0 0 0 0 0 
0 0 0 0 0 0 0 0 0 0 0 0 0 0 1 99 0 0 0 0 0 0 0 0 0 0 0 0 0 0 0 0 0 0 0 0 0 0 0 0 0 0 0 0 0 0 0 0 0 0 
0 0 0 0 0 0 0 0 0 0 0 0 0 1 98 1 0 0 0 0 0 0 0 0 0 0 0 0 0 0 0 0 0 0 0 0 0 0 0 0 0 0 0 0 0 0 0 0 0 0 
0 0 0 0 0 0 0 0 0 0 0 0 0 0 0 0 0 1 99 0 0 0 0 0 0 0 0 0 0 0 0 0 0 0 0 0 0 0 0 0 0 0 0 0 0 0 0 0 0 0 
0 0 0 0 0 0 0 0 0 0 0 0 0 0 0 0 7 92 1 0 0 0 0 0 0 0 0 0 0 0 0 0 0 0 0 0 0 0 0 0 0 0 0 0 0 0 0 0 0 0 
0 0 0 0 0 0 0 0 0 0 0 0 0 0 0 0 93 7 0 0 0 0 0 0 0 0 0 0 0 0 0 0 0 0 0 0 0 0 0 0 0 0 0 0 0 0 0 0 0 0 
0 0 0 0 0 0 0 0 0 0 0 0 0 0 0 0 0 0 0 98 2 0 0 0 0 0 0 0 0 0 0 0 0 0 0 0 0 0 0 0 0 0 0 0 0 0 0 0 0 0 
0 0 0 0 0 0 0 0 0 0 0 0 0 0 0 0 0 0 0 2 95 3 0 0 0 0 0 0 0 0 0 0 0 0 0 0 0 0 0 0 0 0 0 0 0 0 0 0 0 0 
0 0 0 0 0 0 0 0 0 0 0 0 0 0 0 0 0 0 0 0 3 95 2 0 0 0 0 0 0 0 0 0 0 0 0 0 0 0 0 0 0 0 0 0 0 0 0 0 0 0 
0 0 0 0 0 0 0 0 0 0 0 0 0 0 0 0 0 0 0 0 0 0 92 8 0 0 0 0 0 0 0 0 0 0 0 0 0 0 0 0 0 0 0 0 0 0 0 0 0 0 
0 0 0 0 0 0 0 0 0 0 0 0 0 0 0 0 0 0 0 0 0 2 6 92 0 0 0 0 0 0 0 0 0 0 0 0 0 0 0 0 0 0 0 0 0 0 0 0 0 0 
0 0 0 0 0 0 0 0 0 0 0 0 0 0 0 0 0 0 0 0 0 0 0 0 96 4 0 0 0 0 0 0 0 0 0 0 0 0 0 0 0 0 0 0 0 0 0 0 0 0 
0 0 0 0 0 0 0 0 0 0 0 0 0 0 0 0 0 0 0 0 0 0 0 0 4 96 0 0 0 0 0 0 0 0 0 0 0 0 0 0 0 0 0 0 0 0 0 0 0 0 
0 0 0 0 0 0 0 0 0 0 0 0 0 0 0 0 0 0 0 0 0 0 0 0 0 0 98 2 0 0 0 0 0 0 0 0 0 0 0 0 0 0 0 0 0 0 0 0 0 0 
0 0 0 0 0 0 0 0 0 0 0 0 0 0 0 0 0 0 0 0 0 0 0 0 0 0 2 97 1 0 0 0 0 0 0 0 0 0 0 0 0 0 0 0 0 0 0 0 0 0 
0 0 0 0 0 0 0 0 0 0 0 0 0 0 0 0 0 0 0 0 0 0 0 0 0 0 0 1 99 0 0 0 0 0 0 0 0 0 0 0 0 0 0 0 0 0 0 0 0 0 
0 0 0 0 0 0 0 0 0 0 0 0 0 0 0 0 0 0 0 0 0 0 0 0 0 0 0 0 0 94 6 0 0 0 0 0 0 0 0 0 0 0 0 0 0 0 0 0 0 0 
0 0 0 0 0 0 0 0 0 0 0 0 0 0 0 0 0 0 0 0 0 0 0 0 0 0 0 0 0 6 94 0 0 0 0 0 0 0 0 0 0 0 0 0 0 0 0 0 0 0 
0 0 0 0 0 0 0 0 0 0 0 0 0 0 0 0 0 0 0 0 0 0 0 0 0 0 0 0 0 0 0 96 4 0 0 0 0 0 0 0 0 0 0 0 0 0 0 0 0 0 
0 0 0 0 0 0 0 0 0 0 0 0 0 0 0 0 0 0 0 0 0 0 0 0 0 0 0 0 0 0 0 4 95 1 0 0 0 0 0 0 0 0 0 0 0 0 0 0 0 0 
0 0 0 0 0 0 0 0 0 0 0 0 0 0 0 0 0 0 0 0 0 0 0 0 0 0 0 0 0 0 0 0 1 97 2 0 0 0 0 0 0 0 0 0 0 0 0 0 0 0 
0 0 0 0 0 0 0 0 0 0 0 0 0 0 0 0 0 0 0 0 0 0 0 0 0 0 0 0 0 0 0 0 0 2 97 1 0 0 0 0 0 0 0 0 0 0 0 0 0 0 
0 0 0 0 0 0 0 0 0 0 0 0 0 0 0 0 0 0 0 0 0 0 0 0 0 0 0 0 0 0 0 0 0 0 1 98 1 0 0 0 0 0 0 0 0 0 0 0 0 0 
0 0 0 0 0 0 0 0 0 0 0 0 0 0 0 0 0 0 0 0 0 0 0 0 0 0 0 0 0 0 0 0 0 0 0 1 96 3 0 0 0 0 0 0 0 0 0 0 0 0 
0 0 0 0 0 0 0 0 0 0 0 0 0 0 0 0 0 0 0 0 0 0 0 0 0 0 0 0 0 0 0 0 0 0 0 0 0 0 99 1 0 0 0 0 0 0 0 0 0 0 
0 0 0 0 0 0 0 0 0 0 0 0 0 0 0 0 0 0 0 0 0 0 0 0 0 0 0 0 0 0 0 0 0 0 0 0 3 97 0 0 0 0 0 0 0 0 0 0 0 0 
0 0 0 0 0 0 0 0 0 0 0 0 0 0 0 0 0 0 0 0 0 0 0 0 0 0 0 0 0 0 0 0 0 0 0 0 0 0 1 98 1 0 0 0 0 0 0 0 0 0 
0 0 0 0 0 0 0 0 0 0 0 0 0 0 0 0 0 0 0 0 0 0 0 0 0 0 0 0 0 0 0 0 0 0 0 0 0 0 0 0 97 3 0 0 0 0 0 0 0 0 
0 0 0 0 0 0 0 0 0 0 0 0 0 0 0 0 0 0 0 0 0 0 0 0 0 0 0 0 0 0 0 0 0 0 0 0 0 0 0 1 2 97 0 0 0 0 0 0 0 0 
0 0 0 0 0 0 0 0 0 0 0 0 0 0 0 0 0 0 0 0 0 0 0 0 0 0 0 0 0 0 0 0 0 0 0 0 0 0 0 0 0 0 100 0 0 0 0 0 0 0 
0 0 0 0 0 0 0 0 0 0 0 0 0 0 0 0 0 0 0 0 0 0 0 0 0 0 0 0 0 0 0 0 0 0 0 0 0 0 0 0 0 0 0 99 1 0 0 0 0 0 
0 0 0 0 0 0 0 0 0 0 0 0 0 0 0 0 0 0 0 0 0 0 0 0 0 0 0 0 0 0 0 0 0 0 0 0 0 0 0 0 0 0 0 0 0 100 0 0 0 0 
0 0 0 0 0 0 0 0 0 0 0 0 0 0 0 0 0 0 0 0 0 0 0 0 0 0 0 0 0 0 0 0 0 0 0 0 0 0 0 0 0 0 0 1 99 0 0 0 0 0 
0 0 0 0 0 0 0 0 0 0 0 0 0 0 0 0 0 0 0 0 0 0 0 0 0 0 0 0 0 0 0 0 0 0 0 0 0 0 0 0 0 0 0 0 0 0 100 0 0 0 
0 0 0 0 0 0 0 0 0 0 0 0 0 0 0 0 0 0 0 0 0 0 0 0 0 0 0 0 0 0 0 0 0 0 0 0 0 0 0 0 0 0 0 0 0 0 0 100 0 0 
0 0 0 0 0 0 0 0 0 0 0 0 0 0 0 0 0 0 0 0 0 0 0 0 0 0 0 0 0 0 0 0 0 0 0 0 0 0 0 0 0 0 0 0 0 0 0 0 0 100 
0 0 0 0 0 0 0 0 0 0 0 0 0 0 0 0 0 0 0 0 0 0 0 0 0 0 0 0 0 0 0 0 0 0 0 0 0 0 0 0 0 0 0 0 0 0 0 0 100 0 

Pair-order violations matrix
0 100 0 0 0 0 0 0 0 0 0 0 0 0 0 0 0 0 0 0 0 0 0 0 0 0 0 0 0 0 0 0 0 0 0 0 0 0 0 0 0 0 0 0 0 0 0 0 0 0 
100 0 0 0 0 0 0 0 0 0 0 0 0 0 0 0 0 0 0 0 0 0 0 0 0 0 0 0 0 0 0 0 0 0 0 0 0 0 0 0 0 0 0 0 0 0 0 0 0 0 
0 0 0 0 0 0 0 0 0 0 0 0 0 0 0 0 0 0 0 0 0 0 0 0 0 0 0 0 0 0 0 0 0 0 0 0 0 0 0 0 0 0 0 0 0 0 0 0 0 0 
0 0 0 0 100 0 0 0 0 0 0 0 0 0 0 0 0 0 0 0 0 0 0 0 0 0 0 0 0 0 0 0 0 0 0 0 0 0 0 0 0 0 0 0 0 0 0 0 0 0 
0 0 0 100 0 0 0 0 0 0 0 0 0 0 0 0 0 0 0 0 0 0 0 0 0 0 0 0 0 0 0 0 0 0 0 0 0 0 0 0 0 0 0 0 0 0 0 0 0 0 
0 0 0 0 0 0 0 0 0 0 0 0 0 0 0 0 0 0 0 0 0 0 0 0 0 0 0 0 0 0 0 0 0 0 0 0 0 0 0 0 0 0 0 0 0 0 0 0 0 0 
0 0 0 0 0 0 0 49 0 0 0 0 0 0 0 0 0 0 0 0 0 0 0 0 0 0 0 0 0 0 0 0 0 0 0 0 0 0 0 0 0 0 0 0 0 0 0 0 0 0 
0 0 0 0 0 0 49 0 1 0 0 0 0 0 0 0 0 0 0 0 0 0 0 0 0 0 0 0 0 0 0 0 0 0 0 0 0 0 0 0 0 0 0 0 0 0 0 0 0 0 
0 0 0 0 0 0 0 1 0 0 0 0 0 0 0 0 0 0 0 0 0 0 0 0 0 0 0 0 0 0 0 0 0 0 0 0 0 0 0 0 0 0 0 0 0 0 0 0 0 0 
0 0 0 0 0 0 0 0 0 0 1 0 0 0 0 0 0 0 0 0 0 0 0 0 0 0 0 0 0 0 0 0 0 0 0 0 0 0 0 0 0 0 0 0 0 0 0 0 0 0 
0 0 0 0 0 0 0 0 0 1 0 2 0 0 0 0 0 0 0 0 0 0 0 0 0 0 0 0 0 0 0 0 0 0 0 0 0 0 0 0 0 0 0 0 0 0 0 0 0 0 
0 0 0 0 0 0 0 0 0 0 2 0 0 0 0 0 0 0 0 0 0 0 0 0 0 0 0 0 0 0 0 0 0 0 0 0 0 0 0 0 0 0 0 0 0 0 0 0 0 0 
0 0 0 0 0 0 0 0 0 0 0 0 0 4 0 1 0 0 0 0 0 0 0 0 0 0 0 0 0 0 0 0 0 0 0 0 0 0 0 0 0 0 0 0 0 0 0 0 0 0 
0 0 0 0 0 0 0 0 0 0 0 0 4 0 0 0 0 0 0 0 0 0 0 0 0 0 0 0 0 0 0 0 0 0 0 0 0 0 0 0 0 0 0 0 0 0 0 0 0 0 
0 0 0 0 0 0 0 0 0 0 0 0 0 0 0 99 0 0 0 0 0 0 0 0 0 0 0 0 0 0 0 0 0 0 0 0 0 0 0 0 0 0 0 0 0 0 0 0 0 0 
0 0 0 0 0 0 0 0 0 0 0 0 1 0 99 0 0 0 0 0 0 0 0 0 0 0 0 0 0 0 0 0 0 0 0 0 0 0 0 0 0 0 0 0 0 0 0 0 0 0 
0 0 0 0 0 0 0 0 0 0 0 0 0 0 0 0 0 99 100 0 0 0 0 0 0 0 0 0 0 0 0 0 0 0 0 0 0 0 0 0 0 0 0 0 0 0 0 0 0 0 
0 0 0 0 0 0 0 0 0 0 0 0 0 0 0 0 99 0 93 0 0 0 0 0 0 0 0 0 0 0 0 0 0 0 0 0 0 0 0 0 0 0 0 0 0 0 0 0 0 0 
0 0 0 0 0 0 0 0 0 0 0 0 0 0 0 0 100 93 0 0 0 0 0 0 0 0 0 0 0 0 0 0 0 0 0 0 0 0 0 0 0 0 0 0 0 0 0 0 0 0 
0 0 0 0 0 0 0 0 0 0 0 0 0 0 0 0 0 0 0 0 2 0 0 0 0 0 0 0 0 0 0 0 0 0 0 0 0 0 0 0 0 0 0 0 0 0 0 0 0 0 
0 0 0 0 0 0 0 0 0 0 0 0 0 0 0 0 0 0 0 2 0 3 0 0 0 0 0 0 0 0 0 0 0 0 0 0 0 0 0 0 0 0 0 0 0 0 0 0 0 0 
0 0 0 0 0 0 0 0 0 0 0 0 0 0 0 0 0 0 0 0 3 0 0 2 0 0 0 0 0 0 0 0 0 0 0 0 0 0 0 0 0 0 0 0 0 0 0 0 0 0 
0 0 0 0 0 0 0 0 0 0 0 0 0 0 0 0 0 0 0 0 0 0 0 8 0 0 0 0 0 0 0 0 0 0 0 0 0 0 0 0 0 0 0 0 0 0 0 0 0 0 
0 0 0 0 0 0 0 0 0 0 0 0 0 0 0 0 0 0 0 0 0 2 8 0 0 0 0 0 0 0 0 0 0 0 0 0 0 0 0 0 0 0 0 0 0 0 0 0 0 0 
0 0 0 0 0 0 0 0 0 0 0 0 0 0 0 0 0 0 0 0 0 0 0 0 0 4 0 0 0 0 0 0 0 0 0 0 0 0 0 0 0 0 0 0 0 0 0 0 0 0 
0 0 0 0 0 0 0 0 0 0 0 0 0 0 0 0 0 0 0 0 0 0 0 0 4 0 0 0 0 0 0 0 0 0 0 0 0 0 0 0 0 0 0 0 0 0 0 0 0 0 
0 0 0 0 0 0 0 0 0 0 0 0 0 0 0 0 0 0 0 0 0 0 0 0 0 0 0 2 0 0 0 0 0 0 0 0 0 0 0 0 0 0 0 0 0 0 0 0 0 0 
0 0 0 0 0 0 0 0 0 0 0 0 0 0 0 0 0 0 0 0 0 0 0 0 0 0 2 0 1 0 0 0 0 0 0 0 0 0 0 0 0 0 0 0 0 0 0 0 0 0 
0 0 0 0 0 0 0 0 0 0 0 0 0 0 0 0 0 0 0 0 0 0 0 0 0 0 0 1 0 0 0 0 0 0 0 0 0 0 0 0 0 0 0 0 0 0 0 0 0 0 
0 0 0 0 0 0 0 0 0 0 0 0 0 0 0 0 0 0 0 0 0 0 0 0 0 0 0 0 0 0 6 0 0 0 0 0 0 0 0 0 0 0 0 0 0 0 0 0 0 0 
0 0 0 0 0 0 0 0 0 0 0 0 0 0 0 0 0 0 0 0 0 0 0 0 0 0 0 0 0 6 0 0 0 0 0 0 0 0 0 0 0 0 0 0 0 0 0 0 0 0 
0 0 0 0 0 0 0 0 0 0 0 0 0 0 0 0 0 0 0 0 0 0 0 0 0 0 0 0 0 0 0 0 4 0 0 0 0 0 0 0 0 0 0 0 0 0 0 0 0 0 
0 0 0 0 0 0 0 0 0 0 0 0 0 0 0 0 0 0 0 0 0 0 0 0 0 0 0 0 0 0 0 4 0 1 0 0 0 0 0 0 0 0 0 0 0 0 0 0 0 0 
0 0 0 0 0 0 0 0 0 0 0 0 0 0 0 0 0 0 0 0 0 0 0 0 0 0 0 0 0 0 0 0 1 0 2 0 0 0 0 0 0 0 0 0 0 0 0 0 0 0 
0 0 0 0 0 0 0 0 0 0 0 0 0 0 0 0 0 0 0 0 0 0 0 0 0 0 0 0 0 0 0 0 0 2 0 1 0 0 0 0 0 0 0 0 0 0 0 0 0 0 
0 0 0 0 0 0 0 0 0 0 0 0 0 0 0 0 0 0 0 0 0 0 0 0 0 0 0 0 0 0 0 0 0 0 1 0 1 0 0 0 0 0 0 0 0 0 0 0 0 0 
0 0 0 0 0 0 0 0 0 0 0 0 0 0 0 0 0 0 0 0 0 0 0 0 0 0 0 0 0 0 0 0 0 0 0 1 0 0 3 0 0 0 0 0 0 0 0 0 0 0 
0 0 0 0 0 0 0 0 0 0 0 0 0 0 0 0 0 0 0 0 0 0 0 0 0 0 0 0 0 0 0 0 0 0 0 0 0 0 100 1 0 0 0 0 0 0 0 0 0 0 
0 0 0 0 0 0 0 0 0 0 0 0 0 0 0 0 0 0 0 0 0 0 0 0 0 0 0 0 0 0 0 0 0 0 0 0 3 100 0 0 0 0 0 0 0 0 0 0 0 0 
0 0 0 0 0 0 0 0 0 0 0 0 0 0 0 0 0 0 0 0 0 0 0 0 0 0 0 0 0 0 0 0 0 0 0 0 0 1 0 0 0 1 0 0 0 0 0 0 0 0 
0 0 0 0 0 0 0 0 0 0 0 0 0 0 0 0 0 0 0 0 0 0 0 0 0 0 0 0 0 0 0 0 0 0 0 0 0 0 0 0 0 3 0 0 0 0 0 0 0 0 
0 0 0 0 0 0 0 0 0 0 0 0 0 0 0 0 0 0 0 0 0 0 0 0 0 0 0 0 0 0 0 0 0 0 0 0 0 0 0 1 3 0 0 0 0 0 0 0 0 0 
0 0 0 0 0 0 0 0 0 0 0 0 0 0 0 0 0 0 0 0 0 0 0 0 0 0 0 0 0 0 0 0 0 0 0 0 0 0 0 0 0 0 0 0 0 0 0 0 0 0 
0 0 0 0 0 0 0 0 0 0 0 0 0 0 0 0 0 0 0 0 0 0 0 0 0 0 0 0 0 0 0 0 0 0 0 0 0 0 0 0 0 0 0 0 0 1 0 0 0 0 
0 0 0 0 0 0 0 0 0 0 0 0 0 0 0 0 0 0 0 0 0 0 0 0 0 0 0 0 0 0 0 0 0 0 0 0 0 0 0 0 0 0 0 0 0 100 0 0 0 0 
0 0 0 0 0 0 0 0 0 0 0 0 0 0 0 0 0 0 0 0 0 0 0 0 0 0 0 0 0 0 0 0 0 0 0 0 0 0 0 0 0 0 0 1 100 0 0 0 0 0 
0 0 0 0 0 0 0 0 0 0 0 0 0 0 0 0 0 0 0 0 0 0 0 0 0 0 0 0 0 0 0 0 0 0 0 0 0 0 0 0 0 0 0 0 0 0 0 0 0 0 
0 0 0 0 0 0 0 0 0 0 0 0 0 0 0 0 0 0 0 0 0 0 0 0 0 0 0 0 0 0 0 0 0 0 0 0 0 0 0 0 0 0 0 0 0 0 0 0 0 0 
0 0 0 0 0 0 0 0 0 0 0 0 0 0 0 0 0 0 0 0 0 0 0 0 0 0 0 0 0 0 0 0 0 0 0 0 0 0 0 0 0 0 0 0 0 0 0 0 0 100 
0 0 0 0 0 0 0 0 0 0 0 0 0 0 0 0 0 0 0 0 0 0 0 0 0 0 0 0 0 0 0 0 0 0 0 0 0 0 0 0 0 0 0 0 0 0 0 0 100 0 

Rho histogram: 
0 0 0 0 0 0 0 0 0 0 0 0 0 0 0 0 0 0 0 100 

Summary:
objF nSamp nIter rhoMean rhoStDev rProp hitsProp rankHitsProp
Are 50 100 0.9989387755102045 0.00010157790600181318 0 0 0.6792

Time:  2m33.447088743s
=======================================================
