=======================================================
Objective function:  Gar12
Matrix:  I50.csv
Iterations:  100
Heuristic for search:  RobSA3
Improvement function # 0
Window width for improvement:  0
Heuristic for improvement:  RobSA3
Seed:  33
=======================================================

Best permutations: 
49 47 46 39 37 35 33 32 29 28 26 24 23 20 18 15 12 11 10 9 8 6 7 5 4 3 2 1 0 13 14 16 17 19 21 22 25 27 30 31 34 36 38 40 41 42 45 43 44 48 
48 46 44 45 42 40 39 35 33 26 25 23 19 16 14 15 13 11 9 5 4 3 2 1 0 6 7 8 10 12 17 18 20 21 22 24 27 28 29 30 31 32 34 36 38 37 41 43 47 49 
48 47 41 36 34 33 30 28 24 21 20 17 12 10 0 1 2 3 4 5 6 7 8 9 11 13 15 14 16 18 19 22 23 25 26 27 29 31 32 35 38 37 39 40 42 43 45 44 46 49 
48 43 45 36 34 33 31 30 27 26 25 23 19 18 17 14 15 12 11 10 9 8 6 7 5 4 3 2 1 0 13 16 20 21 22 24 28 29 32 35 37 38 39 40 41 42 44 46 47 49 
48 43 45 40 39 37 36 34 31 30 28 27 24 23 20 17 16 15 13 11 9 8 7 6 4 5 3 2 1 0 10 12 14 18 19 21 25 22 26 29 32 33 35 38 41 42 44 46 47 49 
48 46 44 40 39 35 33 31 29 28 26 24 22 21 19 17 16 12 8 0 1 2 3 4 5 6 7 9 10 11 13 15 14 18 20 23 25 27 30 32 34 36 38 37 41 42 45 43 47 49 
49 48 46 39 37 36 35 33 32 28 27 25 24 23 20 17 18 14 12 11 10 9 6 7 4 3 1 2 0 5 8 13 15 16 19 21 22 26 29 30 31 34 38 40 41 42 45 43 44 47 
0 2 4 5 7 8 9 11 13 15 18 19 20 22 23 24 25 27 28 30 31 36 39 49 48 47 46 45 44 43 42 41 40 38 37 34 35 33 32 29 26 21 16 17 14 12 10 6 3 1 
49 47 46 43 41 35 34 32 31 30 27 23 22 20 19 18 14 15 13 12 11 10 9 8 7 6 5 4 3 2 1 0 16 17 21 25 24 26 28 29 33 36 38 37 39 40 42 45 44 48 
48 46 44 43 39 35 34 33 31 30 28 27 26 23 20 18 14 13 12 11 10 9 7 5 4 3 2 1 0 6 8 15 16 17 19 21 22 24 25 29 32 36 38 37 40 41 42 45 47 49 
48 44 42 39 37 35 33 32 30 29 28 25 22 20 17 16 14 15 13 11 10 9 8 7 6 5 4 3 2 1 0 12 18 19 21 23 24 26 27 31 34 36 38 40 41 43 45 46 47 49 
43 40 39 35 33 32 29 28 27 25 0 1 2 3 4 5 6 7 8 9 11 12 14 16 18 19 20 21 22 24 26 30 31 34 36 38 37 41 42 45 44 46 47 48 49 23 17 15 13 10 
1 2 3 5 6 8 13 15 14 16 20 21 23 27 30 31 33 35 34 36 37 38 39 40 41 42 43 44 45 46 47 48 49 32 29 28 26 25 24 22 19 18 17 12 11 10 9 7 4 0 
48 46 44 43 41 38 34 33 31 30 28 26 25 23 20 19 17 16 14 13 11 10 9 6 7 5 4 3 2 1 0 8 12 15 18 21 22 24 27 29 32 35 36 37 39 40 42 45 47 49 
44 45 42 38 36 34 31 29 25 23 20 18 17 15 13 11 10 9 7 6 5 4 3 2 1 0 8 12 14 16 19 21 22 24 26 27 28 30 32 33 35 37 39 40 41 43 46 47 48 49 
48 47 44 37 38 36 35 31 30 26 25 21 20 18 16 14 13 0 1 2 3 4 5 7 6 8 9 10 11 12 15 17 19 22 23 24 27 28 29 32 33 34 39 40 41 42 43 45 46 49 
48 47 46 42 41 39 36 35 32 29 28 23 20 18 17 12 11 10 9 6 7 5 4 3 2 1 0 8 13 15 14 16 19 21 22 24 25 26 27 30 31 33 34 38 37 40 43 45 44 49 
38 35 34 33 31 32 23 20 17 0 1 2 3 4 5 7 6 8 10 11 12 14 18 19 24 26 27 30 49 47 48 46 45 44 43 42 41 40 39 37 36 29 28 25 22 21 16 15 13 9 
48 47 43 41 40 37 35 33 31 30 27 25 21 20 19 18 15 12 9 6 4 3 2 0 1 5 7 8 10 11 13 14 16 17 22 23 24 26 28 29 32 34 36 38 39 42 45 44 46 49 
49 46 44 45 42 41 39 36 34 29 24 22 20 18 17 13 1 0 2 3 4 5 7 6 8 9 10 11 12 15 14 16 19 21 23 25 26 27 28 30 31 32 33 35 38 37 40 43 47 48 
45 42 38 35 34 31 30 28 23 20 18 16 12 0 1 2 3 4 5 6 7 8 9 10 11 13 15 14 17 19 21 22 24 25 26 27 29 32 33 36 37 39 40 41 43 44 46 47 48 49 
48 47 44 40 38 36 35 32 31 30 26 24 23 19 22 17 16 12 11 0 1 2 3 4 5 6 7 8 9 10 13 15 14 18 20 21 25 27 28 29 33 34 37 39 41 42 43 45 46 49 
48 43 41 35 34 32 30 28 26 23 21 20 19 18 14 13 0 1 2 3 4 5 7 6 8 9 10 11 12 15 16 17 22 24 25 27 29 31 33 36 38 37 39 40 42 45 44 46 47 49 
48 46 44 45 42 41 36 34 32 29 28 26 24 20 19 17 15 13 11 8 7 0 1 2 4 3 5 6 9 10 12 14 16 18 21 23 22 25 27 30 31 33 35 38 37 39 40 43 47 49 
49 47 46 43 41 39 37 36 35 33 30 25 23 21 19 17 13 11 6 0 1 2 3 4 5 7 8 9 10 12 15 14 16 18 20 22 24 26 27 28 29 31 32 34 38 40 42 45 44 48 
0 3 9 11 13 14 17 16 19 22 23 24 27 29 31 32 33 39 40 47 45 48 44 46 42 43 10 7 5 6 2 4 1 8 12 15 18 20 21 25 26 28 30 34 35 38 36 37 41 49 
48 46 43 40 39 38 36 32 29 28 26 24 22 20 19 17 16 0 1 2 3 4 5 6 7 8 9 10 11 12 13 15 14 18 21 23 25 27 30 31 33 34 35 37 41 42 45 44 47 49 
49 47 46 44 43 40 39 36 34 32 29 23 21 19 18 17 15 0 1 2 3 4 5 6 7 8 9 10 11 12 13 14 16 20 22 24 25 26 27 28 30 31 33 35 38 37 41 42 45 48 
49 43 45 40 39 38 36 34 31 30 27 26 25 21 20 19 16 14 15 12 11 9 8 7 6 5 4 3 2 1 0 10 13 17 18 22 23 24 28 29 32 33 35 37 41 42 44 46 47 48 
49 47 46 44 40 37 34 33 32 29 27 24 22 21 14 13 8 0 1 2 3 4 5 6 7 9 10 11 12 15 16 18 17 19 20 23 25 26 28 30 31 35 36 38 39 41 42 45 43 48 
1 2 3 4 5 10 11 12 13 14 16 19 21 22 25 26 29 30 32 49 48 47 46 45 44 43 42 41 40 39 38 37 36 34 35 33 31 28 27 24 23 20 17 18 15 9 8 6 7 0 
48 46 43 38 34 31 30 26 25 21 19 18 12 11 9 8 6 5 4 3 2 1 0 7 10 13 15 14 16 17 20 22 23 24 27 28 29 32 33 35 36 37 39 40 41 42 45 44 47 49 
48 47 44 43 37 38 36 35 33 29 28 26 25 23 21 19 16 15 12 11 10 9 8 7 6 5 4 3 2 1 0 13 14 17 18 20 22 24 27 30 31 32 34 39 40 41 42 45 46 49 
49 44 43 39 37 38 36 34 33 31 27 25 24 22 21 20 18 17 15 8 0 1 2 3 4 5 6 7 9 10 11 12 13 14 16 19 23 26 28 29 30 32 35 40 41 42 45 46 47 48 
48 46 44 42 37 34 33 31 30 28 26 25 24 22 20 18 17 16 14 15 13 12 11 9 8 7 6 4 1 0 2 3 5 10 19 21 23 27 29 32 35 36 38 39 40 41 43 45 47 49 
49 47 42 40 39 37 34 33 29 24 22 0 1 2 3 4 5 6 7 8 9 10 11 12 13 15 14 16 17 18 19 20 21 23 25 26 27 28 30 31 32 35 36 38 41 45 43 44 46 48 
48 39 38 34 30 31 27 26 24 22 20 16 10 0 1 2 3 4 5 6 7 8 9 11 12 13 15 14 17 18 19 21 23 25 28 29 32 33 35 36 37 40 41 42 43 45 44 46 47 49 
49 48 40 36 32 31 27 0 1 2 3 4 5 6 8 9 10 11 15 14 17 19 20 22 24 25 28 29 30 33 35 34 37 38 39 41 42 44 45 46 47 43 26 21 23 16 18 12 13 7 
48 46 43 45 41 38 36 32 30 28 27 25 23 20 17 16 15 13 12 11 10 9 8 7 6 5 4 3 2 1 0 14 18 19 21 22 24 26 29 31 33 34 35 37 39 40 42 44 47 49 
48 46 38 35 34 32 31 29 27 25 23 21 19 17 16 14 12 11 9 0 1 2 3 4 5 7 6 8 10 13 15 18 20 22 24 26 28 30 33 36 37 39 40 41 42 43 45 44 47 49 
48 46 44 39 37 35 32 31 29 28 27 25 23 19 21 14 15 13 11 10 9 8 6 7 5 4 3 2 1 0 12 16 17 18 20 22 24 26 30 33 34 36 38 40 41 42 43 45 47 49 
48 44 45 40 38 34 33 32 31 30 29 26 25 24 21 19 18 14 15 13 11 10 9 8 7 6 5 4 3 2 1 0 12 16 17 20 22 23 27 28 35 36 37 39 41 42 43 46 47 49 
48 46 44 39 38 36 34 35 32 30 28 26 25 23 20 19 18 14 15 13 12 10 11 9 8 7 6 5 4 3 2 1 0 16 17 21 22 24 27 29 31 33 37 40 41 42 43 45 47 49 
46 45 39 37 36 35 34 31 29 28 24 23 19 17 0 1 2 3 4 5 6 7 8 9 10 11 12 13 15 16 18 20 21 22 25 26 27 30 32 33 38 40 41 42 43 44 47 48 49 14 
49 44 43 40 37 34 31 30 29 27 26 25 21 20 19 17 16 14 13 12 11 9 8 7 6 5 4 3 2 1 0 10 15 18 22 23 24 28 32 33 35 36 38 39 41 42 45 46 47 48 
49 47 46 44 42 40 38 33 31 28 27 24 22 20 18 15 8 0 2 1 3 4 5 6 7 9 10 11 12 13 14 16 17 19 21 23 25 26 29 30 32 34 35 36 37 39 41 45 43 48 
37 38 36 33 31 30 28 27 23 22 18 0 1 2 3 4 5 6 7 8 9 10 11 12 13 14 16 17 19 20 21 24 25 26 29 32 35 34 39 40 41 42 43 45 44 46 47 48 49 15 
48 46 43 42 41 39 35 34 33 32 27 23 18 0 1 2 3 4 5 6 7 8 9 10 11 12 13 15 14 16 17 19 20 21 22 24 25 26 28 29 30 31 36 38 37 40 45 44 47 49 
49 46 45 42 41 36 35 33 32 30 26 25 24 23 19 17 14 15 13 12 11 10 9 8 7 6 5 4 3 2 1 0 18 16 20 21 22 27 28 29 31 34 38 37 39 40 43 44 47 48 
48 49 45 42 41 36 31 30 28 26 24 25 22 21 20 19 18 12 9 8 7 6 5 4 3 2 1 0 10 11 13 15 14 16 23 27 29 32 33 35 34 38 37 39 40 43 44 46 47 17 
43 36 34 33 30 26 24 20 18 16 15 0 1 2 3 4 5 6 7 8 9 11 13 14 17 19 21 22 23 27 28 29 31 32 35 37 39 38 40 41 42 45 44 46 47 48 49 25 12 10 
48 46 44 41 37 36 33 30 29 26 25 23 21 19 18 16 12 11 10 0 1 2 3 4 5 6 7 8 9 13 15 14 17 20 22 24 27 28 31 32 34 35 38 39 40 42 45 43 47 49 
1 4 7 6 8 12 13 15 14 16 19 20 25 27 28 30 31 32 35 34 36 37 38 39 40 41 42 43 46 48 47 49 44 45 33 29 26 24 23 22 21 18 17 11 10 9 5 3 2 0 
48 46 40 39 38 36 34 31 29 28 27 24 22 21 20 19 16 14 13 11 9 8 6 0 1 2 4 3 5 7 10 12 15 17 18 23 25 26 30 32 33 35 37 41 42 43 45 44 47 49 
40 39 37 36 33 31 29 28 11 10 9 7 6 8 2 3 13 15 14 16 18 19 23 21 22 25 26 30 32 35 34 38 48 47 49 44 45 46 42 43 41 27 24 20 17 12 5 4 0 1 
48 47 46 44 41 35 34 32 27 23 16 14 13 11 0 1 2 3 4 5 6 7 8 9 10 12 15 18 17 19 20 21 22 24 25 26 28 29 30 31 33 36 38 37 39 40 42 43 45 49 
48 44 43 41 39 38 35 29 28 27 26 24 22 20 19 18 16 13 8 6 3 2 0 1 4 5 7 9 10 11 12 15 14 17 21 23 25 30 31 32 33 34 36 37 40 42 45 46 47 49 
48 44 45 42 39 38 36 34 33 30 27 24 23 22 17 16 14 13 9 5 0 1 2 3 4 6 7 8 11 10 15 12 18 19 20 21 25 26 28 29 31 32 35 37 40 41 43 46 47 49 
39 33 32 29 23 0 1 2 4 7 6 8 9 11 12 15 14 18 19 21 22 24 27 28 49 47 48 46 45 44 43 42 41 40 38 37 36 34 35 31 30 26 25 20 16 17 13 10 5 3 
48 46 45 43 37 38 33 32 29 28 27 23 22 19 18 17 13 8 0 1 2 3 4 5 6 7 9 10 11 12 15 14 16 20 21 24 25 26 30 31 35 34 36 39 40 41 42 44 47 49 
48 44 45 41 38 35 34 31 30 28 26 25 23 22 20 18 17 14 15 13 12 11 10 9 8 7 6 5 4 3 2 1 0 16 19 21 24 27 29 32 33 36 37 39 40 42 43 46 47 49 
41 36 38 35 31 29 28 23 19 18 15 9 8 7 6 5 4 3 2 1 0 12 16 20 25 27 33 34 37 39 40 43 42 46 44 48 45 47 49 32 30 26 24 22 21 17 14 13 11 10 
49 47 46 43 38 35 33 32 30 29 27 25 22 21 19 18 16 14 12 11 9 8 6 7 5 4 3 2 1 0 10 13 15 17 20 23 24 26 28 31 34 36 37 39 40 41 42 45 44 48 
49 48 46 40 37 38 35 31 29 27 24 22 21 20 18 15 11 10 9 8 7 6 5 4 2 3 1 0 12 13 14 16 17 19 23 25 26 28 30 32 33 34 36 39 41 42 45 43 44 47 
48 46 42 39 37 35 30 29 28 27 26 23 21 18 17 15 0 1 3 2 4 5 6 7 8 9 10 11 12 13 14 16 19 20 22 24 25 31 32 33 34 36 38 40 41 43 45 44 47 49 
48 44 45 42 41 40 39 37 35 33 31 26 24 21 17 11 8 5 3 2 0 1 4 6 7 9 10 12 13 15 14 16 18 19 20 22 23 25 27 28 29 30 32 34 36 38 43 46 47 49 
49 46 43 42 38 34 32 29 28 24 23 25 20 18 15 13 0 1 2 3 4 5 6 7 8 9 10 11 12 14 16 17 19 21 22 26 27 30 31 33 35 36 37 39 40 41 45 44 47 48 
39 38 35 29 23 0 2 4 7 8 10 11 12 13 15 14 16 21 24 25 27 28 32 33 34 36 37 40 41 42 43 45 46 44 48 47 49 31 30 26 22 20 19 18 17 9 6 5 3 1 
48 47 44 43 41 39 37 35 32 29 23 19 18 16 15 13 0 1 2 3 4 5 6 7 8 9 10 11 12 14 17 20 21 22 24 25 26 27 28 30 31 33 34 36 38 40 42 45 46 49 
48 44 43 45 41 32 29 28 26 24 23 20 18 14 15 13 11 10 9 6 4 3 2 1 0 5 7 8 12 16 17 19 21 22 25 27 30 31 33 35 34 36 38 37 39 40 42 46 47 49 
49 47 44 43 40 37 35 34 31 29 27 24 22 21 19 18 15 13 11 9 8 6 5 4 3 2 1 0 7 10 12 14 16 17 20 23 25 26 28 30 32 33 36 38 39 41 42 45 46 48 
40 38 35 34 33 29 28 23 19 18 16 0 1 2 3 4 5 6 7 9 11 12 13 17 22 24 27 41 42 45 44 49 47 48 46 43 39 37 36 32 31 30 26 25 21 20 14 15 10 8 
49 48 47 44 38 33 31 30 29 24 22 21 19 15 8 7 0 1 2 3 4 5 6 9 10 13 14 17 18 20 23 25 26 27 28 32 34 35 36 37 39 40 41 42 45 43 46 16 12 11 
0 1 2 4 5 7 6 8 9 10 11 13 17 19 20 23 24 27 31 29 32 33 34 36 37 38 39 40 41 42 43 45 46 44 47 48 49 35 30 28 26 25 22 21 16 18 14 15 12 3 
0 1 2 3 4 5 7 6 8 9 11 13 15 16 18 19 21 24 26 28 29 38 49 47 48 44 46 45 43 42 41 40 39 37 36 34 35 33 32 31 30 27 25 22 23 20 17 14 12 10 
48 46 45 40 38 36 35 31 30 28 26 25 22 21 19 17 16 15 13 12 11 9 8 7 6 5 4 3 2 1 0 10 14 18 20 23 24 27 29 32 33 34 37 39 41 42 43 44 47 49 
48 47 44 40 39 38 36 35 32 29 28 26 23 19 17 14 0 1 2 3 4 5 6 7 8 9 10 11 12 13 15 16 18 20 21 22 24 25 27 30 31 33 34 37 41 42 43 45 46 49 
48 46 44 43 39 36 35 31 29 28 27 24 22 20 17 14 15 13 11 10 9 8 7 6 5 4 3 2 1 0 12 16 18 19 21 23 25 26 30 32 33 34 38 37 40 41 42 45 47 49 
49 47 46 43 37 38 35 32 29 28 27 24 23 21 17 16 8 0 1 2 3 4 5 6 7 9 10 11 12 13 15 14 18 19 20 22 25 26 30 31 33 34 36 39 40 41 42 45 44 48 
48 47 44 41 38 36 35 32 31 30 27 22 21 20 18 16 12 0 1 2 3 4 5 6 7 8 9 10 11 13 15 14 17 19 23 24 25 26 28 29 33 34 37 39 40 42 43 45 46 49 
43 38 36 34 32 30 27 25 24 23 22 20 19 18 16 13 11 10 9 8 7 6 5 4 3 1 2 0 15 17 21 26 28 29 31 33 35 37 39 40 41 42 45 44 46 47 48 49 14 12 
39 38 34 33 30 23 17 14 0 2 3 4 5 6 7 9 10 11 12 18 20 19 21 24 27 28 29 31 35 37 43 49 47 48 46 45 44 42 41 40 36 32 26 25 22 16 15 13 8 1 
49 47 44 41 40 39 37 36 35 33 32 29 27 23 17 14 0 1 2 3 4 5 7 6 8 9 10 11 12 13 15 16 18 19 20 21 22 24 25 26 28 30 31 34 38 42 45 43 46 48 
48 43 45 37 38 36 35 32 30 28 27 24 23 20 19 17 14 13 11 9 8 7 6 5 4 3 2 1 0 10 12 15 16 18 21 22 25 26 29 31 33 34 39 40 41 42 44 46 47 49 
1 2 5 8 10 15 16 17 20 22 23 24 27 32 41 43 49 47 48 46 44 45 42 40 36 34 33 31 29 28 25 21 19 18 14 13 12 11 9 6 7 4 3 0 26 30 35 38 37 39 
48 47 46 44 36 33 32 28 26 24 22 20 17 16 13 0 1 2 3 4 5 7 6 8 9 10 11 12 15 14 18 19 21 23 25 27 29 30 31 34 35 38 37 39 40 41 42 43 45 49 
37 36 34 33 30 0 2 3 4 5 7 8 9 12 14 16 17 19 20 23 25 26 27 28 29 31 32 35 38 39 40 41 42 43 45 44 46 48 47 49 24 22 21 18 15 13 11 10 6 1 
0 4 6 8 9 10 12 15 16 17 19 20 21 22 25 27 30 35 49 47 48 45 44 46 43 42 41 40 39 38 37 36 34 33 32 31 29 28 26 24 23 18 14 13 11 7 5 3 2 1 
1 0 2 3 12 17 18 22 24 27 32 35 38 40 43 42 46 44 45 48 47 49 37 30 21 20 19 16 14 15 13 8 7 6 4 5 9 10 11 23 25 26 28 29 31 33 34 36 39 41 
5 9 10 13 15 14 16 19 23 22 25 27 49 48 47 46 44 43 42 41 40 35 37 32 26 24 21 20 18 17 12 0 1 2 3 4 8 6 7 11 28 29 30 31 33 34 38 36 39 45 
49 47 46 43 40 39 37 35 33 31 30 26 24 23 18 12 0 1 2 3 4 5 6 7 8 9 10 11 13 15 14 16 17 19 20 21 22 25 27 28 29 32 34 36 38 41 42 45 44 48 
48 46 44 39 38 35 33 31 30 28 26 25 24 23 22 21 19 17 16 14 15 13 11 10 9 8 7 6 5 4 3 2 1 0 12 18 20 27 29 32 34 36 37 40 41 42 43 45 47 49 
37 38 35 33 31 30 26 23 19 16 12 11 10 9 8 7 5 4 3 2 1 0 18 20 22 25 32 49 48 47 46 45 44 43 42 41 40 39 36 34 29 28 27 24 21 17 14 15 13 6 
47 46 45 42 39 37 35 32 31 30 28 26 24 23 20 18 14 15 13 11 9 8 7 6 5 4 3 2 1 0 10 12 16 17 19 21 22 25 27 29 33 34 36 38 40 41 43 44 48 49 
48 44 43 42 41 39 36 32 29 27 23 20 18 17 15 0 1 2 3 4 5 6 7 8 9 10 11 12 13 14 16 19 21 22 24 25 26 28 30 31 33 34 35 38 37 40 45 46 47 49 
1 4 5 7 8 9 12 13 14 16 19 20 22 25 26 28 30 31 32 33 35 36 37 38 39 40 41 42 43 45 46 44 48 47 49 34 29 27 24 23 21 18 17 15 11 10 6 3 2 0 
0 8 15 14 17 16 19 22 24 28 30 31 32 34 38 42 44 48 47 45 49 43 40 39 35 21 20 13 12 11 10 9 7 6 5 4 3 2 1 18 23 25 26 27 29 33 36 37 41 46 
48 46 45 42 40 38 35 33 29 24 23 18 12 0 1 2 3 4 6 5 7 8 9 10 11 13 15 14 16 17 19 20 21 22 25 26 27 28 30 31 32 34 36 37 39 41 43 44 47 49 
0 2 7 6 8 9 12 15 14 16 19 20 21 22 25 26 27 28 29 31 33 35 34 36 37 38 39 40 41 42 43 46 44 45 48 47 49 32 30 24 23 18 17 13 11 10 5 3 4 1 
0 3 4 6 8 9 11 13 14 18 17 20 22 24 27 28 29 31 33 38 44 49 47 48 46 45 43 42 41 40 39 37 36 34 35 32 30 26 25 23 21 19 16 15 12 10 7 5 2 1 

Rank matrix
8 1 0 0 0 3 0 1 1 1 1 4 0 4 3 2 8 8 1 5 4 2 2 2 2 1 1 4 4 7 7 4 2 1 0 0 0 0 0 0 0 0 0 1 0 0 0 0 1 4 
6 2 0 0 0 0 1 0 1 0 1 1 4 0 4 3 3 8 6 3 6 4 1 3 3 2 4 3 7 7 3 2 3 0 0 0 0 0 1 0 0 0 0 0 0 0 0 0 0 8 
0 5 3 0 0 0 2 1 0 2 0 1 1 4 1 4 3 2 10 9 2 6 5 2 2 3 4 7 7 3 4 1 0 1 0 0 0 1 0 0 0 0 0 0 0 0 0 0 4 0 
0 2 2 2 0 0 0 1 0 0 2 0 1 1 4 1 4 4 5 9 8 4 6 3 3 6 6 8 3 2 1 1 0 0 1 0 1 0 0 0 0 0 1 0 0 0 0 4 2 2 
0 3 2 2 1 0 0 1 2 0 0 2 0 1 1 4 1 5 4 2 12 8 3 9 9 5 8 4 2 1 0 1 0 0 1 2 0 0 0 0 0 1 0 0 0 0 0 1 2 0 
1 0 2 2 2 1 0 0 0 1 0 0 2 0 1 2 5 2 3 6 3 10 11 4 10 12 4 2 3 1 0 0 1 0 1 1 0 0 0 0 0 0 0 0 0 0 4 2 1 0 
0 0 1 3 1 0 1 1 0 0 1 0 1 2 1 0 3 4 2 8 3 6 13 14 8 8 5 2 0 2 0 0 0 2 0 0 0 1 0 1 0 0 0 0 0 0 2 2 1 1 
0 0 2 1 1 1 1 0 1 1 1 1 0 1 1 3 0 1 5 0 9 5 9 17 11 6 9 2 1 1 0 0 2 0 0 0 0 0 1 0 1 0 0 0 0 1 1 1 1 1 
0 1 0 2 4 2 0 1 1 1 0 2 1 1 3 1 4 2 3 8 3 11 9 5 11 5 2 8 0 0 2 2 0 1 0 0 1 0 0 0 0 0 0 0 0 0 1 0 1 1 
0 1 1 0 1 3 1 0 1 1 1 1 2 1 1 2 0 1 9 5 10 8 8 7 3 12 5 3 4 0 0 1 0 0 0 0 1 0 1 0 0 0 0 0 0 3 1 0 0 1 
0 0 1 0 1 2 0 0 0 2 1 0 2 1 0 0 3 4 3 3 5 7 1 4 4 2 13 5 7 6 5 3 0 1 0 0 0 1 0 0 0 0 0 0 1 4 1 2 1 4 
0 0 0 1 0 0 2 1 1 0 2 2 0 3 0 2 4 7 7 10 9 2 5 1 4 1 2 11 6 5 1 0 0 0 0 0 0 1 1 1 0 0 0 1 4 0 1 0 1 1 
0 0 0 0 1 1 3 1 0 0 1 0 5 1 1 2 4 5 6 5 3 4 0 2 1 2 1 4 13 6 7 6 2 0 2 0 1 0 0 0 0 0 0 1 1 2 0 1 4 1 
0 0 0 1 1 0 2 2 2 0 0 2 1 1 2 7 5 9 8 4 1 1 2 0 2 6 1 2 4 10 8 3 2 0 0 1 0 0 0 0 0 0 0 2 0 1 1 2 4 0 
0 0 0 1 0 2 0 1 5 1 0 1 0 1 4 8 8 8 3 2 0 1 1 1 0 1 2 5 3 4 8 10 8 1 1 0 0 0 0 0 0 0 1 0 1 0 4 1 1 1 
0 0 1 0 1 1 0 4 0 1 2 0 1 2 5 6 8 8 6 1 1 0 0 0 0 1 6 1 3 7 10 7 4 1 0 1 0 0 0 0 0 0 0 2 2 0 1 5 0 1 
0 0 0 0 0 1 2 1 1 6 3 2 0 4 3 7 12 2 1 1 0 0 1 1 0 0 1 2 3 4 4 13 10 6 1 0 0 0 0 0 0 0 2 0 2 2 1 1 0 0 
0 0 0 0 1 1 2 1 1 1 1 1 3 3 12 13 4 2 0 0 1 0 0 1 1 0 0 2 4 4 4 3 8 10 2 0 0 0 0 0 0 0 5 1 2 3 2 0 0 1 
0 0 0 0 0 0 1 0 1 3 3 3 4 8 9 9 5 1 0 1 1 0 2 0 1 0 0 1 2 3 2 3 9 11 4 1 1 0 0 1 0 5 0 3 0 1 1 0 0 0 
0 0 0 0 0 0 1 1 4 0 5 3 7 7 13 8 1 1 1 0 0 3 0 1 0 2 1 0 1 2 5 4 6 13 6 1 0 0 0 0 1 1 1 0 0 0 0 0 0 0 
0 0 0 0 0 0 0 2 1 1 4 10 5 14 12 1 0 0 1 0 1 0 1 2 0 1 2 1 0 2 2 4 4 5 14 2 1 1 0 0 0 2 0 2 0 2 0 0 0 0 
0 0 0 0 0 0 0 0 0 2 1 4 10 11 4 1 1 1 0 1 0 0 1 1 1 1 2 1 0 0 3 4 7 6 12 13 0 0 1 0 3 1 1 2 3 1 0 0 0 0 
0 0 0 0 0 0 0 2 0 5 4 3 16 8 2 0 0 0 0 0 1 0 0 1 3 0 0 1 1 0 0 3 3 7 10 9 11 1 0 2 1 1 1 2 2 0 0 0 0 0 
0 0 0 0 2 1 1 3 3 4 8 10 11 11 1 1 0 0 0 1 0 0 1 0 0 0 0 0 1 0 1 0 3 2 5 14 4 1 1 3 4 0 0 0 2 1 0 0 0 0 
0 0 0 0 0 0 1 0 5 6 4 15 10 2 0 1 1 1 1 0 0 1 0 1 2 2 0 0 0 1 0 1 1 4 3 10 11 7 2 3 1 0 2 1 0 0 0 0 0 0 
0 0 0 0 0 0 0 1 2 2 5 16 6 1 3 0 1 0 0 1 1 0 0 0 1 3 0 0 0 0 1 1 1 3 7 5 20 6 3 1 1 2 2 3 0 0 0 1 0 0 
0 0 0 0 0 1 1 2 3 5 12 10 1 0 1 2 0 0 1 0 0 1 0 0 1 1 1 0 0 0 1 1 1 1 3 6 6 23 2 2 3 3 4 0 1 0 0 0 0 0 
0 0 0 0 0 0 3 1 4 6 19 3 3 2 1 1 1 2 0 0 1 0 2 0 1 1 2 0 0 1 0 0 0 1 1 7 7 12 14 0 0 2 1 1 0 0 0 0 0 0 
0 0 0 0 0 0 3 7 4 18 10 0 0 0 1 2 0 1 1 1 0 1 0 2 0 1 1 0 0 1 1 0 1 0 2 2 4 10 14 6 2 2 2 0 0 0 0 0 0 0 
0 0 0 2 0 2 3 5 16 10 2 1 0 1 0 0 2 0 1 1 1 0 0 0 1 0 1 1 1 0 0 1 0 1 2 2 8 2 10 15 4 2 0 1 1 0 0 0 0 0 
0 0 0 0 4 3 5 5 9 13 3 0 0 0 1 1 2 1 0 1 0 0 0 1 0 0 0 2 1 0 0 1 0 0 0 0 2 6 16 11 6 3 2 0 0 1 0 0 0 0 
0 0 0 0 4 5 6 11 12 2 1 1 0 0 1 1 1 2 1 1 1 0 0 0 0 1 0 2 0 0 0 0 2 0 1 1 1 5 4 14 13 3 1 1 1 0 0 0 0 0 
0 0 1 0 2 5 3 15 8 2 2 0 1 1 0 1 0 1 2 0 1 0 1 1 0 0 2 0 1 0 0 0 0 2 1 3 1 4 8 13 9 7 2 0 0 0 0 0 0 0 
0 1 0 6 3 4 9 9 6 3 0 0 0 0 0 0 2 0 1 1 1 1 0 1 0 0 2 0 0 1 0 0 0 1 1 2 0 3 6 6 17 8 2 0 1 2 0 0 0 0 
0 0 4 3 6 5 10 7 2 0 0 0 0 1 0 0 0 0 1 1 0 0 2 0 1 1 0 1 0 0 1 1 1 3 0 3 1 2 0 2 10 19 6 4 0 1 1 0 0 0 
0 1 3 5 0 12 16 7 3 0 0 1 0 0 0 0 0 2 1 0 1 2 0 0 1 0 0 1 1 1 1 0 0 0 3 0 4 2 2 5 7 5 9 2 1 0 1 0 0 0 
0 3 2 4 3 12 11 4 0 0 0 0 0 0 0 0 0 0 0 1 1 2 0 2 1 1 0 0 0 0 0 1 2 0 2 0 1 0 3 4 3 16 12 4 1 0 2 2 0 0 
3 0 1 3 13 6 4 1 0 0 0 0 0 0 0 0 0 0 0 0 1 1 3 0 2 0 1 0 1 1 1 2 1 1 1 2 1 2 0 2 4 4 12 15 5 3 0 2 1 0 
1 6 4 2 13 13 1 0 0 0 0 0 1 0 1 0 0 0 0 1 0 2 1 1 0 2 0 0 1 1 1 1 0 2 1 1 0 1 0 0 3 3 15 10 7 2 1 1 0 0 
3 2 2 9 11 7 4 0 0 0 0 0 0 0 0 0 0 1 0 0 0 0 2 2 1 0 2 0 1 3 1 0 1 0 1 0 2 1 3 0 1 2 7 16 10 2 0 0 2 1 
2 1 2 11 6 4 0 0 0 0 0 0 0 1 0 0 0 0 1 0 1 0 1 2 1 1 0 4 1 1 2 1 1 1 0 0 1 1 1 3 0 3 2 15 16 11 2 0 0 0 
1 0 2 6 13 2 0 0 0 0 0 0 0 0 1 0 0 0 0 1 0 0 0 0 1 1 2 2 4 0 1 2 1 0 0 2 1 1 1 1 3 0 3 3 24 15 3 0 2 1 
0 1 4 11 4 0 0 0 0 0 0 0 0 0 0 2 0 0 1 0 0 0 1 0 1 2 2 2 1 4 1 1 2 0 1 1 1 1 2 0 1 2 0 3 4 26 17 1 0 0 
3 5 11 12 1 0 0 0 0 0 0 0 0 0 1 1 0 1 0 0 0 1 0 0 1 2 2 1 2 1 5 1 0 2 1 1 0 0 0 1 0 1 1 0 3 8 18 11 2 0 
1 10 20 6 0 0 0 0 0 0 0 0 0 0 0 0 2 1 0 0 2 0 2 0 1 1 0 1 1 1 1 1 3 3 1 2 1 1 0 0 1 0 1 1 1 2 7 16 9 0 
1 2 14 5 0 0 0 0 0 0 0 0 0 0 0 0 0 0 1 1 1 2 0 1 0 1 0 2 2 2 0 3 1 2 1 1 2 0 1 1 0 1 1 1 1 3 20 22 3 1 
1 25 14 0 0 0 0 0 0 0 0 0 0 0 0 1 1 0 0 1 0 0 1 2 1 0 2 1 1 1 2 2 2 1 2 0 1 1 0 1 0 1 0 1 1 1 3 17 11 1 
1 23 1 0 0 0 0 0 0 0 0 0 0 0 1 0 0 1 1 2 1 1 1 1 0 2 0 0 0 2 2 0 2 2 1 2 0 1 1 0 1 0 1 0 1 1 2 2 41 2 
46 4 0 0 0 0 0 0 0 0 0 0 0 1 0 0 0 1 1 1 2 1 0 1 2 0 1 0 1 1 1 1 2 2 2 2 0 1 0 0 0 0 0 1 0 1 1 2 3 18 
22 1 0 0 0 0 0 0 0 0 0 0 1 0 0 0 1 0 1 1 1 2 1 1 1 0 0 1 1 0 0 3 1 0 2 0 3 0 1 1 0 0 0 0 1 0 1 1 2 49 

Pair-order violations matrix
0 42 43 43 42 41 42 39 45 46 32 47 36 44 38 42 39 45 49 46 48 36 36 57 45 37 41 42 46 46 46 46 44 46 43 53 44 36 45 42 32 31 27 39 44 28 47 32 57 30 
42 0 46 47 46 45 46 43 48 50 36 51 39 48 41 45 43 48 51 50 51 39 40 58 49 39 44 45 49 48 48 50 48 47 44 56 45 38 47 45 36 33 31 43 48 32 50 36 61 33 
43 46 0 43 41 41 43 40 45 47 33 48 35 44 38 41 39 45 47 46 47 35 36 56 45 35 40 41 46 46 46 47 44 46 42 53 43 36 45 44 33 29 27 39 44 28 46 32 57 29 
43 47 43 0 47 45 47 44 50 51 37 52 40 48 42 46 43 49 52 50 52 40 40 58 49 40 44 45 51 48 50 51 47 49 47 56 48 40 48 45 37 34 31 43 48 32 50 36 61 34 
42 46 41 47 0 40 43 40 45 46 32 47 36 45 39 42 40 46 48 47 48 36 37 56 46 35 39 42 45 45 46 46 45 45 42 53 42 35 45 42 33 29 28 40 45 29 47 33 58 30 
41 45 41 45 40 0 46 43 48 48 34 50 38 47 41 44 42 48 50 49 50 38 39 56 48 37 42 44 48 46 50 49 46 47 45 55 45 38 48 44 35 31 30 42 47 32 49 35 60 32 
42 46 43 47 43 46 0 46 48 49 35 50 38 48 42 45 42 49 51 49 51 39 40 57 49 38 41 45 49 48 47 49 48 47 44 54 45 37 46 45 37 32 31 43 48 32 50 36 61 33 
39 43 40 44 40 43 46 0 48 49 35 50 38 47 41 44 42 48 50 49 50 38 39 58 48 37 41 43 48 48 48 48 46 48 44 55 44 38 47 45 35 31 30 42 47 31 49 35 59 31 
45 48 45 50 45 48 48 48 0 45 31 46 34 43 36 40 37 43 46 44 46 34 35 53 44 34 39 41 43 44 44 45 43 43 38 51 42 36 42 41 31 28 26 38 43 27 46 31 56 28 
46 50 47 51 46 48 49 49 45 0 33 49 37 45 39 43 40 45 49 47 48 37 37 54 46 36 40 42 48 46 48 47 44 46 43 52 45 37 45 43 34 30 28 40 45 30 47 33 58 31 
32 36 33 37 32 34 35 35 31 33 0 57 44 53 47 48 46 54 53 53 55 44 45 61 53 42 47 49 52 51 54 55 51 50 48 59 49 44 53 51 40 36 36 46 53 38 55 41 66 38 
47 51 48 52 47 50 50 50 46 49 57 0 41 49 43 45 44 50 52 49 53 40 40 59 49 40 44 46 50 48 49 49 49 48 46 57 46 40 48 47 38 33 32 44 48 33 51 36 61 34 
36 39 35 40 36 38 38 38 34 37 44 41 0 49 45 47 44 52 52 51 52 41 41 62 49 41 45 46 52 51 49 51 49 50 47 59 46 41 49 49 38 36 34 44 50 35 53 38 62 34 
44 48 44 48 45 47 48 47 43 45 53 49 49 0 43 47 44 49 53 50 53 42 42 56 51 40 44 45 51 49 50 49 46 46 46 55 47 40 48 46 37 34 33 44 50 35 52 38 62 35 
38 41 38 42 39 41 42 41 36 39 47 43 45 43 0 57 40 48 50 45 51 40 39 55 47 39 43 45 48 48 49 48 47 49 44 53 46 39 46 46 36 33 31 42 48 32 50 36 61 34 
42 45 41 46 42 44 45 44 40 43 48 45 47 47 57 0 43 49 52 50 52 41 41 57 51 40 45 46 49 51 49 50 48 46 44 55 48 40 47 48 37 35 33 44 50 35 53 38 63 35 
39 43 39 43 40 42 42 42 37 40 46 44 44 44 40 43 0 45 50 47 49 37 37 55 46 38 43 43 49 47 48 46 43 45 43 55 46 40 46 44 34 32 29 41 45 31 49 33 57 30 
45 48 45 49 46 48 49 48 43 45 54 50 52 49 48 49 45 0 56 51 55 43 43 61 52 43 48 49 51 50 53 51 50 51 51 58 50 44 51 48 39 37 34 46 52 35 55 40 64 37 
49 51 47 52 48 50 51 50 46 49 53 52 52 53 50 52 50 56 0 53 54 42 43 62 52 42 46 47 53 52 51 53 50 52 48 58 48 41 50 49 39 36 34 46 51 35 53 39 63 35 
46 50 46 50 47 49 49 49 44 47 53 49 51 50 45 50 47 51 53 0 47 33 33 53 43 34 38 40 45 44 45 45 42 45 41 50 43 35 43 40 31 28 25 37 42 27 45 30 55 28 
48 51 47 52 48 50 51 50 46 48 55 53 52 53 51 52 49 55 54 47 0 38 39 55 48 37 42 44 46 44 49 48 46 45 43 54 44 38 46 43 34 31 30 42 47 31 49 35 60 32 
36 39 35 40 36 38 39 38 34 37 44 40 41 42 40 41 37 43 42 33 38 0 45 60 54 43 46 49 52 52 52 51 51 50 47 57 48 42 49 51 40 36 36 48 53 37 55 41 65 37 
36 40 36 40 37 39 40 39 35 37 45 40 41 42 39 41 37 43 43 33 39 45 0 57 47 40 44 44 49 48 48 48 45 47 43 53 46 39 45 45 35 32 29 41 46 31 49 34 59 32 
57 58 56 58 56 56 57 58 53 54 61 59 62 56 55 57 55 61 62 53 55 60 57 0 49 37 44 43 50 49 52 50 46 49 47 57 47 41 51 47 35 33 31 42 48 33 50 36 60 33 
45 49 45 49 46 48 49 48 44 46 53 49 49 51 47 51 46 52 52 43 48 54 47 49 0 40 45 46 49 49 49 48 48 48 46 56 46 39 48 47 36 34 31 43 48 32 51 36 61 34 
37 39 35 40 35 37 38 37 34 36 42 40 41 40 39 40 38 43 42 34 37 43 40 37 40 0 43 47 51 50 50 52 48 47 44 56 48 41 48 47 38 34 33 44 50 35 52 38 63 35 
41 44 40 44 39 42 41 41 39 40 47 44 45 44 43 45 43 48 46 38 42 46 44 44 45 43 0 50 53 51 54 54 52 52 49 59 50 45 50 49 41 37 37 49 54 38 56 42 66 38 
42 45 41 45 42 44 45 43 41 42 49 46 46 45 45 46 43 49 47 40 44 49 44 43 46 47 50 0 46 45 46 45 43 44 43 52 43 34 45 43 31 29 26 38 43 28 45 31 56 29 
46 49 46 51 45 48 49 48 43 48 52 50 52 51 48 49 49 51 53 45 46 52 49 50 49 51 53 46 0 49 47 47 46 47 43 53 46 38 45 45 36 32 30 42 47 31 50 35 60 32 
46 48 46 48 45 46 48 48 44 46 51 48 51 49 48 51 47 50 52 44 44 52 48 49 49 50 51 45 49 0 49 49 47 47 45 55 47 39 47 46 37 33 31 43 48 32 50 36 61 34 
46 48 46 50 46 50 47 48 44 48 54 49 49 50 49 49 48 53 51 45 49 52 48 52 49 50 54 46 47 49 0 49 48 49 45 54 47 41 46 45 37 33 32 44 49 33 52 37 62 34 
46 50 47 51 46 49 49 48 45 47 55 49 51 49 48 50 46 51 53 45 48 51 48 50 48 52 54 45 47 49 49 0 44 46 43 53 46 39 45 42 34 32 29 41 46 30 49 34 59 32 
44 48 44 47 45 46 48 46 43 44 51 49 49 46 47 48 43 50 50 42 46 51 45 46 48 48 52 43 46 47 48 44 0 48 44 55 47 41 46 46 35 33 30 42 47 31 50 35 60 33 
46 47 46 49 45 47 47 48 43 46 50 48 50 46 49 46 45 51 52 45 45 50 47 49 48 47 52 44 47 47 49 46 48 0 44 55 45 38 47 44 35 31 29 41 46 30 48 34 59 32 
43 44 42 47 42 45 44 44 38 43 48 46 47 46 44 44 43 51 48 41 43 47 43 47 46 44 49 43 43 45 45 43 44 44 0 59 48 40 48 46 38 34 32 44 49 33 52 37 62 34 
53 56 53 56 53 55 54 55 51 52 59 57 59 55 53 55 55 58 58 50 54 57 53 57 56 56 59 52 53 55 54 53 55 55 59 0 46 37 47 45 36 32 30 42 47 31 49 35 60 32 
44 45 43 48 42 45 45 44 42 45 49 46 46 47 46 48 46 50 48 43 44 48 46 47 46 48 50 43 46 47 47 46 47 45 48 46 0 41 48 47 39 35 34 46 51 35 53 39 64 36 
36 38 36 40 35 38 37 38 36 37 44 40 41 40 39 40 40 44 41 35 38 42 39 41 39 41 45 34 38 39 41 39 41 38 40 37 41 0 60 47 38 34 33 45 50 34 52 38 63 35 
45 47 45 48 45 48 46 47 42 45 53 48 49 48 46 47 46 51 50 43 46 49 45 51 48 48 50 45 45 47 46 45 46 47 48 47 48 60 0 43 33 30 27 39 44 28 47 32 57 29 
42 45 44 45 42 44 45 45 41 43 51 47 49 46 46 48 44 48 49 40 43 51 45 47 47 47 49 43 45 46 45 42 46 44 46 45 47 47 43 0 36 33 31 43 48 32 50 36 61 34 
32 36 33 37 33 35 37 35 31 34 40 38 38 37 36 37 34 39 39 31 34 40 35 35 36 38 41 31 36 37 37 34 35 35 38 36 39 38 33 36 0 35 32 44 49 33 51 37 62 35 
31 33 29 34 29 31 32 31 28 30 36 33 36 34 33 35 32 37 36 28 31 36 32 33 34 34 37 29 32 33 33 32 33 31 34 32 35 34 30 33 35 0 34 46 51 35 53 39 64 36 
27 31 27 31 28 30 31 30 26 28 36 32 34 33 31 33 29 34 34 25 30 36 29 31 31 33 37 26 30 31 32 29 30 29 32 30 34 33 27 31 32 34 0 45 50 34 53 38 63 35 
39 43 39 43 40 42 43 42 38 40 46 44 44 44 42 44 41 46 46 37 42 48 41 42 43 44 49 38 42 43 44 41 42 41 44 42 46 45 39 43 44 46 45 0 51 39 53 39 63 35 
44 48 44 48 45 47 48 47 43 45 53 48 50 50 48 50 45 52 51 42 47 53 46 48 48 50 54 43 47 48 49 46 47 46 49 47 51 50 44 48 49 51 50 51 0 51 55 38 63 35 
28 32 28 32 29 32 32 31 27 30 38 33 35 35 32 35 31 35 35 27 31 37 31 33 32 35 38 28 31 32 33 30 31 30 33 31 35 34 28 32 33 35 34 39 51 0 54 40 65 36 
47 50 46 50 47 49 50 49 46 47 55 51 53 52 50 53 49 55 53 45 49 55 49 50 51 52 56 45 50 50 52 49 50 48 52 49 53 52 47 50 51 53 53 53 55 54 0 40 65 37 
32 36 32 36 33 35 36 35 31 33 41 36 38 38 36 38 33 40 39 30 35 41 34 36 36 38 42 31 35 36 37 34 35 34 37 35 39 38 32 36 37 39 38 39 38 40 40 0 63 35 
57 61 57 61 58 60 61 59 56 58 66 61 62 62 61 63 57 64 63 55 60 65 59 60 61 63 66 56 60 61 62 59 60 59 62 60 64 63 57 61 62 64 63 63 63 65 65 63 0 34 
30 33 29 34 30 32 33 31 28 31 38 34 34 35 34 35 30 37 35 28 32 37 32 33 34 35 38 29 32 34 34 32 33 32 34 32 36 35 29 34 35 36 35 35 35 36 37 35 34 0 

Rho histogram: 
25 22 20 9 10 5 3 0 4 2 0 0 0 0 0 0 0 0 0 0 

Summary:
objF nSamp nIter rhoMean rhoStDev rProp hitsProp rankHitsProp
Gar12 50 100 0.13523937575030012 0.11281673153025812 0 0 0.025

Time:  40.04370515s
=======================================================
