=======================================================
Objective function:  Ine
Matrix:  I50.csv
Iterations:  100
Heuristic for search:  RobSA3
Improvement function # 0
Window width for improvement:  0
Heuristic for improvement:  RobSA3
Seed:  33
=======================================================

Best permutations: 
1 0 2 4 3 5 6 7 8 9 10 11 12 13 15 14 18 17 16 19 20 21 23 22 24 25 26 27 28 29 30 32 31 33 34 35 36 38 37 39 40 41 42 43 45 46 44 47 48 49 
1 0 2 4 3 5 6 7 8 9 10 11 12 13 15 14 18 17 16 19 20 21 23 22 24 25 26 27 28 29 30 32 31 33 34 35 36 38 37 39 40 41 42 43 45 46 44 47 48 49 
1 0 2 4 3 5 6 7 8 9 10 11 12 13 15 14 18 17 16 19 20 21 23 22 24 25 26 27 28 29 30 32 31 33 34 35 36 38 37 39 40 41 42 43 45 46 44 47 48 49 
1 0 2 4 3 5 6 7 8 9 10 11 12 13 15 14 18 17 16 19 20 21 23 22 24 25 26 27 28 29 30 32 31 33 34 35 36 38 37 39 40 41 42 43 45 46 44 47 48 49 
1 0 2 4 3 5 6 7 8 9 10 11 12 13 15 14 18 17 16 19 20 21 23 22 24 25 26 27 28 29 30 32 31 33 34 35 36 38 37 39 40 41 42 43 45 46 44 47 48 49 
1 0 2 4 3 5 6 7 8 9 10 11 12 13 15 14 18 17 16 19 20 21 23 22 24 25 26 27 28 29 30 32 31 33 34 35 36 38 37 39 40 41 42 43 45 46 44 47 48 49 
1 0 2 4 3 5 6 7 8 9 10 11 12 13 15 14 18 17 16 19 20 21 23 22 24 25 26 27 28 29 30 32 31 33 34 35 36 38 37 39 40 41 42 43 45 46 44 47 48 49 
1 0 2 4 3 5 6 7 8 9 10 11 12 13 15 14 18 17 16 19 20 21 22 23 24 25 26 27 28 29 30 32 31 33 34 35 36 38 37 39 40 41 42 43 45 46 44 47 48 49 
1 0 2 4 3 5 6 7 8 9 10 11 12 13 15 14 18 17 16 19 20 21 23 22 24 25 26 27 28 29 30 32 31 33 35 34 36 37 38 39 40 41 42 43 45 46 44 47 48 49 
1 0 2 4 3 5 6 7 8 9 10 11 12 13 15 14 18 17 16 19 20 21 23 22 24 25 26 27 28 29 30 32 31 33 34 35 36 38 37 39 40 41 42 43 45 46 44 47 48 49 
1 0 2 4 3 5 6 7 8 9 10 11 12 13 15 14 18 17 16 19 21 20 23 22 24 25 26 27 28 29 30 32 31 33 34 35 36 38 37 39 40 41 42 43 45 46 44 47 48 49 
1 0 2 4 3 5 6 7 8 9 10 11 12 13 15 14 18 17 16 19 20 21 23 22 24 25 27 26 28 29 30 32 31 33 34 35 36 38 37 39 40 41 42 43 45 46 44 47 48 49 
1 0 2 4 3 5 6 7 8 9 10 11 12 13 15 14 18 17 16 19 20 21 23 22 24 25 26 27 28 29 30 32 31 33 35 34 36 38 37 39 40 41 42 43 45 46 44 47 48 49 
1 0 2 4 3 5 6 8 7 9 10 11 12 13 15 14 18 17 16 19 20 21 23 22 24 25 26 27 28 29 30 32 31 33 34 35 36 38 37 39 40 41 42 43 45 46 44 47 48 49 
1 0 2 4 3 5 6 7 8 9 10 11 13 12 15 14 18 17 16 20 19 21 22 23 24 25 26 27 28 29 30 32 31 33 34 35 38 36 37 39 40 41 42 43 45 46 44 47 48 49 
1 0 2 4 3 5 6 7 8 9 10 11 12 13 15 14 18 17 16 19 20 21 23 22 24 25 26 27 28 29 30 32 31 33 34 35 36 38 37 39 40 41 42 43 45 46 44 47 48 49 
1 0 2 4 3 5 6 7 8 9 10 11 12 13 15 14 18 17 16 19 20 21 23 22 24 25 26 27 28 29 30 32 31 33 34 35 36 38 37 39 40 41 42 43 45 46 44 47 48 49 
1 0 2 4 3 5 6 7 8 9 10 11 12 13 15 14 18 17 16 19 20 21 23 22 24 25 26 27 28 29 30 32 31 33 34 35 36 38 37 39 40 41 42 43 45 46 44 47 48 49 
1 0 2 4 3 5 6 7 8 9 10 11 12 13 15 14 17 18 16 19 20 21 23 22 24 25 26 27 28 29 30 32 31 33 35 34 36 38 37 39 40 41 42 43 45 46 44 47 48 49 
1 0 2 4 3 5 6 7 8 9 10 11 12 13 15 14 18 17 16 19 20 21 23 22 24 25 26 27 28 29 30 32 31 33 34 35 36 38 37 39 40 41 42 43 45 46 44 47 48 49 
1 0 2 4 3 5 6 8 7 9 10 11 12 13 15 14 18 17 16 19 20 21 23 22 25 24 26 27 28 29 30 32 31 33 34 35 36 38 37 39 40 41 42 43 45 46 44 47 48 49 
1 0 2 4 3 5 6 7 8 9 10 11 12 13 15 14 18 17 16 19 20 21 23 22 24 25 26 27 28 29 30 32 31 33 34 35 36 38 37 39 40 41 42 43 45 46 44 47 48 49 
1 0 2 4 3 5 6 7 8 9 11 10 12 13 15 14 18 17 16 19 20 21 23 22 24 25 26 27 28 29 30 32 31 33 35 34 36 38 37 39 40 41 42 43 45 46 44 47 48 49 
1 0 2 4 3 5 6 7 8 9 10 11 12 13 15 14 17 18 16 19 20 21 23 22 24 25 26 27 28 29 30 32 31 33 34 35 36 38 37 39 40 41 42 43 45 46 44 47 48 49 
1 0 2 4 3 5 6 7 8 9 10 11 12 13 15 14 18 17 16 19 20 21 23 22 24 25 26 27 28 29 30 32 31 33 34 35 36 38 37 39 40 41 42 43 45 46 44 47 48 49 
1 0 2 4 3 5 6 7 8 9 10 11 12 13 15 14 18 17 16 19 20 21 23 22 24 25 26 27 28 29 30 32 31 33 34 35 36 38 37 39 40 41 42 43 45 46 44 47 48 49 
1 0 2 4 3 5 6 7 8 9 10 11 12 13 15 14 18 17 16 19 20 21 22 23 24 25 26 27 28 29 30 32 31 33 34 35 36 38 37 39 40 41 42 43 45 46 44 47 48 49 
1 0 2 4 3 5 6 7 8 9 10 11 12 13 15 14 17 18 16 19 20 21 23 22 24 25 26 27 29 28 30 32 31 33 34 35 36 38 37 39 40 41 42 43 45 46 44 47 48 49 
1 0 2 4 3 5 6 7 8 9 10 11 12 13 15 14 18 17 16 19 20 21 23 22 24 25 26 27 28 29 30 32 31 33 34 35 36 38 37 39 40 41 42 43 45 46 44 47 48 49 
1 0 2 4 3 5 6 7 8 9 10 11 12 13 15 14 17 18 16 19 20 21 23 22 24 26 27 25 28 29 30 32 31 33 34 35 36 38 37 39 40 41 42 43 45 46 44 47 48 49 
1 0 2 4 3 5 6 7 8 9 10 11 12 13 15 14 18 17 16 19 20 21 23 22 24 25 26 27 28 29 30 32 31 33 34 35 36 38 37 39 40 41 42 43 45 46 44 47 48 49 
1 0 2 4 3 5 6 7 8 9 10 11 12 13 15 14 18 17 16 19 20 21 23 22 24 25 26 27 28 29 30 32 31 33 34 35 36 38 37 39 40 41 42 43 45 46 44 47 48 49 
1 0 2 4 3 5 6 7 8 9 10 11 12 13 15 14 18 17 16 19 20 21 23 22 24 25 26 27 28 29 30 32 31 33 34 35 36 38 37 39 40 41 42 43 45 46 44 47 48 49 
1 0 2 4 3 5 6 7 8 9 10 11 12 13 15 14 18 17 16 19 20 21 23 22 24 25 26 27 28 29 30 32 31 33 34 35 36 38 37 39 40 41 42 43 45 46 44 47 48 49 
1 0 2 4 3 5 6 7 8 9 10 11 12 13 15 14 18 17 16 19 20 21 23 22 24 25 26 27 28 29 30 32 31 33 34 35 36 38 37 39 40 41 42 43 45 46 44 47 48 49 
1 0 2 4 3 5 6 7 8 9 10 11 12 13 15 14 18 17 16 19 21 20 23 22 24 25 26 27 28 29 30 32 31 33 34 35 36 38 37 39 40 41 42 43 45 46 44 47 48 49 
1 0 2 4 3 5 6 7 8 9 10 11 12 13 15 14 18 17 16 19 20 21 23 22 24 25 26 27 28 29 30 32 31 33 34 35 36 38 37 39 40 41 42 43 45 46 44 47 48 49 
1 0 2 4 3 5 6 7 8 9 10 11 12 13 15 14 18 17 16 19 20 21 23 22 24 25 26 27 28 29 30 32 31 33 34 35 36 38 37 39 40 41 42 43 45 46 44 47 48 49 
1 0 2 4 3 5 6 7 8 9 10 11 12 13 15 14 18 17 16 19 20 21 22 23 24 25 26 27 28 29 30 32 31 33 34 35 36 38 37 39 40 41 42 43 45 46 44 47 48 49 
1 0 2 4 3 5 6 7 8 9 10 11 12 13 15 14 18 17 16 19 21 20 23 22 24 25 27 26 28 29 30 32 31 33 34 35 36 38 37 39 40 41 42 43 45 46 44 47 48 49 
1 0 2 4 3 5 6 7 8 9 10 11 12 13 15 14 18 17 16 19 20 21 23 22 24 25 26 27 28 29 30 32 31 33 34 35 36 38 37 39 40 41 42 43 45 46 44 47 48 49 
1 0 2 4 3 5 6 7 8 9 10 11 12 13 15 14 18 17 16 19 20 21 23 22 24 25 26 27 28 29 30 32 31 33 34 35 36 38 37 39 40 41 42 43 45 46 44 47 48 49 
1 0 2 4 3 5 6 7 8 9 10 11 12 13 15 14 17 18 16 19 20 21 23 22 24 25 26 27 28 29 30 32 31 33 34 35 36 38 37 39 40 41 43 42 45 46 44 47 48 49 
1 0 2 4 3 5 6 7 8 9 10 11 12 13 15 14 18 17 16 19 20 21 23 22 24 25 26 27 29 28 30 32 31 33 34 35 38 36 37 39 40 41 42 43 45 46 44 47 48 49 
1 0 2 4 3 5 6 7 8 9 10 11 12 13 15 14 18 17 16 19 20 21 23 22 24 25 26 27 28 29 30 32 31 33 34 35 36 38 37 39 40 41 42 43 45 46 44 47 48 49 
1 0 2 4 3 5 6 7 8 9 10 11 12 13 15 14 18 17 16 20 19 21 23 22 24 25 26 27 28 29 30 32 31 33 34 35 36 38 37 39 40 41 42 43 45 46 44 47 48 49 
1 0 2 4 3 5 6 7 8 9 10 11 12 13 15 14 18 17 16 19 20 21 23 22 24 25 26 27 28 29 30 32 31 33 34 35 36 38 37 39 40 41 42 43 45 46 44 47 48 49 
1 0 2 4 3 5 6 7 8 9 10 11 12 13 15 14 18 17 16 19 20 21 23 22 24 25 26 27 28 29 30 32 31 33 34 35 36 38 37 39 40 41 42 43 45 46 44 47 48 49 
1 0 2 4 3 5 6 7 8 9 10 11 12 13 15 14 18 17 16 19 20 21 23 22 24 25 26 27 28 29 30 32 31 33 34 35 36 38 37 39 40 41 42 43 45 46 44 47 48 49 
1 0 2 4 3 5 6 7 8 9 10 11 12 13 15 14 18 17 16 19 20 21 23 22 24 25 26 27 28 29 30 32 31 33 34 35 36 38 37 39 40 41 42 43 45 46 44 47 48 49 
1 0 2 4 3 5 6 7 8 9 10 11 12 13 15 14 18 17 16 19 20 21 23 22 24 25 26 27 29 28 30 32 31 33 34 35 36 38 37 39 40 41 42 43 45 46 44 47 48 49 
1 0 2 4 3 5 6 7 8 9 10 11 12 13 15 14 18 17 16 19 20 21 23 22 24 25 26 27 28 29 30 32 31 33 34 35 36 38 37 39 40 41 42 43 45 46 44 47 48 49 
1 0 2 4 3 5 6 7 8 9 10 11 12 13 15 14 18 17 16 19 20 21 23 22 24 25 26 27 28 29 30 32 31 33 34 35 36 38 37 39 40 41 42 43 45 46 44 47 48 49 
1 0 2 4 3 5 6 7 8 9 10 11 12 13 15 14 18 17 16 19 20 21 23 22 24 25 26 27 28 29 30 32 31 33 34 35 36 38 37 39 40 41 42 43 45 46 44 47 48 49 
1 0 2 4 3 5 6 7 8 9 10 11 12 13 15 14 18 17 16 19 20 21 23 22 24 25 26 27 28 29 30 32 31 33 34 35 36 38 37 39 40 41 42 43 45 46 44 47 48 49 
1 0 2 4 3 5 6 7 8 9 10 11 12 13 15 14 18 17 16 19 21 20 23 22 24 25 26 27 28 29 30 32 31 33 34 35 36 38 37 39 40 41 42 43 45 46 44 47 48 49 
1 0 2 4 3 5 6 7 8 9 10 11 12 13 15 14 18 17 16 20 19 21 23 22 24 25 26 27 28 29 30 32 31 33 34 35 36 38 37 40 39 41 42 43 45 46 44 47 48 49 
1 0 2 4 3 5 6 7 8 9 10 11 12 13 15 14 18 17 16 19 20 21 22 23 24 25 26 27 28 29 30 32 31 33 34 35 36 38 37 39 40 41 42 43 45 46 44 47 48 49 
1 0 2 4 3 5 6 7 8 9 10 11 12 13 15 14 18 17 16 19 20 21 23 22 24 25 26 27 28 29 30 32 31 33 34 35 36 38 37 39 40 41 42 43 45 46 44 47 48 49 
1 0 2 4 3 5 6 7 8 9 10 11 12 13 15 14 18 17 16 19 20 21 23 22 24 25 26 27 28 29 30 32 31 33 35 34 36 38 37 39 40 41 42 43 45 46 44 47 48 49 
1 0 2 4 3 5 6 7 8 9 10 11 12 13 15 14 18 17 16 19 20 21 23 22 24 25 26 27 28 29 30 32 31 33 34 35 36 38 37 39 40 41 42 43 45 46 44 47 48 49 
1 0 2 4 3 5 6 7 8 9 11 10 12 13 15 14 18 17 16 19 20 21 23 22 24 25 26 27 28 29 32 30 31 33 34 35 36 38 37 39 40 41 42 43 45 46 44 47 48 49 
1 0 2 4 3 5 6 7 8 9 10 11 12 13 15 14 18 17 16 19 20 21 23 22 24 25 26 27 28 29 30 32 31 33 34 35 36 38 37 39 40 41 42 43 45 46 44 47 48 49 
1 0 2 4 3 5 6 7 8 9 10 11 13 12 15 14 18 17 16 19 20 21 23 22 24 25 26 27 28 29 30 32 31 33 34 35 36 38 37 39 40 41 42 43 45 46 44 47 48 49 
1 0 2 4 3 5 6 7 8 9 10 11 12 13 15 14 18 17 16 19 20 21 23 22 24 25 26 27 28 29 30 32 31 33 34 35 36 38 37 39 40 41 42 43 45 46 44 47 48 49 
1 0 2 4 3 5 6 7 8 9 10 11 12 13 15 14 18 17 16 19 20 21 23 22 24 25 27 26 28 29 30 32 31 33 34 35 36 38 37 39 40 41 42 43 45 46 44 47 48 49 
1 0 2 4 3 5 6 7 8 9 10 11 12 13 15 14 18 17 16 19 20 21 23 22 24 25 26 27 28 29 30 32 31 33 34 35 36 38 37 39 40 41 42 43 45 46 44 47 48 49 
1 0 2 4 3 5 6 7 8 9 10 11 12 13 15 14 18 17 16 19 20 21 23 22 24 25 26 27 28 29 30 32 31 33 34 35 36 38 37 39 40 41 42 43 45 46 44 47 48 49 
1 0 2 4 3 5 6 7 8 9 10 11 12 13 15 14 18 17 16 19 20 21 23 22 24 25 26 27 28 29 30 32 31 33 34 35 36 38 37 39 40 41 42 43 45 46 44 47 48 49 
1 0 2 4 3 5 6 7 8 9 10 11 12 13 15 14 18 17 16 19 20 21 22 23 24 25 26 27 28 29 30 32 31 33 34 35 36 38 37 39 40 41 42 43 45 46 44 47 48 49 
1 0 2 4 3 5 6 7 8 9 10 11 12 13 15 14 17 18 16 19 20 21 23 22 24 25 26 27 28 29 30 32 31 33 34 35 36 38 37 39 40 41 42 43 45 46 44 47 48 49 
1 0 2 4 3 5 6 7 8 9 10 11 12 13 15 14 18 17 16 20 19 21 23 22 24 25 26 27 28 29 30 32 31 33 35 34 36 38 37 39 40 41 42 43 45 46 44 47 48 49 
1 0 2 4 3 5 6 7 8 9 10 11 12 13 15 14 18 17 16 19 20 21 23 22 24 25 26 27 28 29 30 32 31 33 34 35 36 38 37 39 40 41 42 43 45 46 44 47 48 49 
1 0 2 4 3 5 6 7 8 9 10 11 12 13 15 14 18 17 16 19 20 21 23 22 24 25 26 27 28 29 30 32 31 33 34 35 36 38 37 39 40 41 42 43 45 46 44 47 48 49 
1 0 2 4 3 5 6 7 8 9 10 11 13 12 15 14 18 17 16 19 20 21 23 22 24 25 26 27 28 29 30 32 31 33 34 35 36 38 37 39 40 41 42 43 45 46 44 47 48 49 
1 0 2 4 3 5 6 7 8 9 10 11 12 13 15 14 18 17 16 19 20 21 23 22 24 25 26 27 28 29 30 32 31 33 34 35 36 38 37 39 40 41 42 43 45 46 44 47 48 49 
1 0 2 4 3 5 6 7 8 9 10 11 12 13 15 14 18 17 16 19 20 21 23 22 24 25 27 26 28 29 30 32 31 33 34 35 36 38 37 39 40 41 42 43 45 46 44 47 48 49 
1 0 2 4 3 5 6 7 8 9 10 11 12 13 15 14 18 17 16 19 20 21 23 22 24 25 26 27 28 29 30 32 31 33 34 35 36 38 37 39 40 41 42 43 45 46 44 47 48 49 
1 0 2 4 3 5 6 7 8 9 10 11 12 13 15 14 18 17 16 19 20 21 23 22 24 25 26 27 28 29 30 32 31 33 34 35 36 38 37 39 40 41 42 43 45 46 44 47 48 49 
1 0 2 4 3 5 6 7 8 9 10 11 12 13 15 14 18 17 16 19 20 21 23 22 24 25 26 27 28 29 30 32 31 33 34 35 36 38 37 39 41 40 42 43 45 46 44 47 48 49 
1 0 2 4 3 5 6 7 8 9 10 11 12 13 15 14 18 17 16 19 20 21 23 22 24 25 26 27 28 29 30 32 31 33 34 35 36 38 37 39 40 41 42 43 45 46 44 47 48 49 
1 0 2 4 3 5 6 7 8 9 10 11 12 13 15 14 18 17 16 19 20 21 23 22 24 25 26 27 28 29 30 32 31 33 34 35 36 38 37 39 40 41 42 43 45 46 44 47 48 49 
1 0 2 4 3 5 6 7 8 9 10 11 12 13 15 14 18 17 16 19 20 21 23 22 24 25 26 27 28 29 30 32 31 33 34 35 36 38 37 39 40 41 42 43 45 46 44 47 48 49 
1 0 2 4 3 5 6 7 8 9 10 11 12 13 15 14 18 17 16 19 20 21 23 22 24 25 26 27 28 29 30 32 31 33 34 35 36 38 37 39 40 41 42 43 45 46 44 47 48 49 
1 0 2 4 3 5 6 7 8 9 10 11 12 13 15 14 18 17 16 19 20 21 23 22 24 25 26 27 28 29 30 32 31 33 34 35 36 38 37 39 40 41 42 43 45 46 44 47 48 49 
1 0 2 4 3 5 6 7 8 9 10 11 12 13 15 14 18 17 16 19 20 21 23 22 24 25 26 27 28 29 30 32 31 33 34 35 36 38 37 39 40 41 42 43 45 46 44 47 48 49 
1 0 2 4 3 5 6 7 8 9 10 11 13 12 15 14 18 17 16 19 20 21 23 22 24 25 26 27 28 29 30 32 31 33 34 35 36 38 37 39 40 41 42 43 45 46 44 47 48 49 
1 0 2 4 3 5 6 7 8 9 10 11 12 13 15 14 18 17 16 19 20 21 23 22 25 24 26 27 28 29 30 32 31 33 34 35 36 38 37 39 40 41 42 43 45 46 44 47 48 49 
1 0 2 4 3 5 6 8 7 9 10 11 12 13 15 14 18 17 16 19 20 21 23 22 24 25 26 27 28 29 30 32 31 33 34 35 36 38 37 39 40 41 42 43 45 46 44 47 48 49 
1 0 2 4 3 5 6 7 8 9 10 11 12 13 15 14 18 17 16 19 20 21 23 22 24 25 26 27 28 29 30 32 31 33 34 35 36 38 37 39 40 41 42 43 45 46 44 47 48 49 
1 0 2 4 3 5 6 7 8 9 10 11 12 13 15 14 18 17 16 19 20 21 22 23 24 25 26 27 28 29 30 32 31 33 34 35 36 38 37 39 40 41 42 43 45 46 44 47 48 49 
1 0 2 4 3 5 6 7 8 9 10 11 12 13 15 14 18 17 16 19 20 21 23 22 24 25 26 27 28 29 30 32 31 33 34 35 36 38 37 39 40 41 42 43 45 46 44 47 48 49 
1 0 2 4 3 5 6 7 8 9 10 11 12 13 15 14 18 17 16 19 20 21 23 22 24 25 26 27 29 28 30 32 31 33 34 35 36 38 37 39 40 41 42 43 45 46 44 47 48 49 
1 0 2 4 3 5 6 7 8 9 10 11 12 13 15 14 18 17 16 19 20 21 23 22 24 25 26 27 28 29 30 32 31 33 34 35 36 38 37 39 40 41 42 43 45 46 44 47 48 49 
1 0 2 4 3 5 6 7 8 9 10 11 12 13 15 14 18 17 16 19 20 21 23 22 24 25 26 27 28 29 30 32 31 33 35 34 36 38 37 39 40 41 42 43 45 46 44 47 48 49 
1 0 2 4 3 5 6 7 8 9 10 11 12 15 13 14 18 17 16 19 20 21 23 22 24 25 26 27 28 29 30 31 32 33 34 35 36 38 37 39 40 41 42 43 45 46 44 47 48 49 
1 0 2 4 3 5 6 7 8 9 10 11 12 13 15 14 18 17 16 19 20 21 23 22 24 25 26 27 28 29 30 32 31 33 34 35 36 38 37 39 40 41 42 43 45 46 44 47 48 49 
1 0 2 4 3 5 6 7 8 9 10 11 12 13 15 14 18 17 16 20 19 21 23 22 24 25 26 27 28 30 29 32 31 33 34 35 36 38 37 39 40 41 42 43 45 44 46 47 48 49 
1 0 2 4 3 5 6 7 8 9 10 11 12 13 15 14 18 17 16 19 20 21 23 22 24 25 26 27 28 29 30 32 31 33 34 35 36 38 37 39 40 41 42 43 45 46 44 47 48 49 
1 0 2 4 3 5 6 7 8 9 10 11 12 13 15 14 18 17 16 19 20 21 23 22 24 25 26 27 28 29 30 32 31 33 34 35 36 38 37 39 40 41 42 43 45 46 44 47 48 49 

Rank matrix
0 100 0 0 0 0 0 0 0 0 0 0 0 0 0 0 0 0 0 0 0 0 0 0 0 0 0 0 0 0 0 0 0 0 0 0 0 0 0 0 0 0 0 0 0 0 0 0 0 0 
100 0 0 0 0 0 0 0 0 0 0 0 0 0 0 0 0 0 0 0 0 0 0 0 0 0 0 0 0 0 0 0 0 0 0 0 0 0 0 0 0 0 0 0 0 0 0 0 0 0 
0 0 100 0 0 0 0 0 0 0 0 0 0 0 0 0 0 0 0 0 0 0 0 0 0 0 0 0 0 0 0 0 0 0 0 0 0 0 0 0 0 0 0 0 0 0 0 0 0 0 
0 0 0 0 100 0 0 0 0 0 0 0 0 0 0 0 0 0 0 0 0 0 0 0 0 0 0 0 0 0 0 0 0 0 0 0 0 0 0 0 0 0 0 0 0 0 0 0 0 0 
0 0 0 100 0 0 0 0 0 0 0 0 0 0 0 0 0 0 0 0 0 0 0 0 0 0 0 0 0 0 0 0 0 0 0 0 0 0 0 0 0 0 0 0 0 0 0 0 0 0 
0 0 0 0 0 100 0 0 0 0 0 0 0 0 0 0 0 0 0 0 0 0 0 0 0 0 0 0 0 0 0 0 0 0 0 0 0 0 0 0 0 0 0 0 0 0 0 0 0 0 
0 0 0 0 0 0 100 0 0 0 0 0 0 0 0 0 0 0 0 0 0 0 0 0 0 0 0 0 0 0 0 0 0 0 0 0 0 0 0 0 0 0 0 0 0 0 0 0 0 0 
0 0 0 0 0 0 0 97 3 0 0 0 0 0 0 0 0 0 0 0 0 0 0 0 0 0 0 0 0 0 0 0 0 0 0 0 0 0 0 0 0 0 0 0 0 0 0 0 0 0 
0 0 0 0 0 0 0 3 97 0 0 0 0 0 0 0 0 0 0 0 0 0 0 0 0 0 0 0 0 0 0 0 0 0 0 0 0 0 0 0 0 0 0 0 0 0 0 0 0 0 
0 0 0 0 0 0 0 0 0 100 0 0 0 0 0 0 0 0 0 0 0 0 0 0 0 0 0 0 0 0 0 0 0 0 0 0 0 0 0 0 0 0 0 0 0 0 0 0 0 0 
0 0 0 0 0 0 0 0 0 0 98 2 0 0 0 0 0 0 0 0 0 0 0 0 0 0 0 0 0 0 0 0 0 0 0 0 0 0 0 0 0 0 0 0 0 0 0 0 0 0 
0 0 0 0 0 0 0 0 0 0 2 98 0 0 0 0 0 0 0 0 0 0 0 0 0 0 0 0 0 0 0 0 0 0 0 0 0 0 0 0 0 0 0 0 0 0 0 0 0 0 
0 0 0 0 0 0 0 0 0 0 0 0 96 4 0 0 0 0 0 0 0 0 0 0 0 0 0 0 0 0 0 0 0 0 0 0 0 0 0 0 0 0 0 0 0 0 0 0 0 0 
0 0 0 0 0 0 0 0 0 0 0 0 4 95 1 0 0 0 0 0 0 0 0 0 0 0 0 0 0 0 0 0 0 0 0 0 0 0 0 0 0 0 0 0 0 0 0 0 0 0 
0 0 0 0 0 0 0 0 0 0 0 0 0 0 0 100 0 0 0 0 0 0 0 0 0 0 0 0 0 0 0 0 0 0 0 0 0 0 0 0 0 0 0 0 0 0 0 0 0 0 
0 0 0 0 0 0 0 0 0 0 0 0 0 1 99 0 0 0 0 0 0 0 0 0 0 0 0 0 0 0 0 0 0 0 0 0 0 0 0 0 0 0 0 0 0 0 0 0 0 0 
0 0 0 0 0 0 0 0 0 0 0 0 0 0 0 0 0 0 100 0 0 0 0 0 0 0 0 0 0 0 0 0 0 0 0 0 0 0 0 0 0 0 0 0 0 0 0 0 0 0 
0 0 0 0 0 0 0 0 0 0 0 0 0 0 0 0 6 94 0 0 0 0 0 0 0 0 0 0 0 0 0 0 0 0 0 0 0 0 0 0 0 0 0 0 0 0 0 0 0 0 
0 0 0 0 0 0 0 0 0 0 0 0 0 0 0 0 94 6 0 0 0 0 0 0 0 0 0 0 0 0 0 0 0 0 0 0 0 0 0 0 0 0 0 0 0 0 0 0 0 0 
0 0 0 0 0 0 0 0 0 0 0 0 0 0 0 0 0 0 0 95 5 0 0 0 0 0 0 0 0 0 0 0 0 0 0 0 0 0 0 0 0 0 0 0 0 0 0 0 0 0 
0 0 0 0 0 0 0 0 0 0 0 0 0 0 0 0 0 0 0 5 91 4 0 0 0 0 0 0 0 0 0 0 0 0 0 0 0 0 0 0 0 0 0 0 0 0 0 0 0 0 
0 0 0 0 0 0 0 0 0 0 0 0 0 0 0 0 0 0 0 0 4 96 0 0 0 0 0 0 0 0 0 0 0 0 0 0 0 0 0 0 0 0 0 0 0 0 0 0 0 0 
0 0 0 0 0 0 0 0 0 0 0 0 0 0 0 0 0 0 0 0 0 0 7 93 0 0 0 0 0 0 0 0 0 0 0 0 0 0 0 0 0 0 0 0 0 0 0 0 0 0 
0 0 0 0 0 0 0 0 0 0 0 0 0 0 0 0 0 0 0 0 0 0 93 7 0 0 0 0 0 0 0 0 0 0 0 0 0 0 0 0 0 0 0 0 0 0 0 0 0 0 
0 0 0 0 0 0 0 0 0 0 0 0 0 0 0 0 0 0 0 0 0 0 0 0 98 2 0 0 0 0 0 0 0 0 0 0 0 0 0 0 0 0 0 0 0 0 0 0 0 0 
0 0 0 0 0 0 0 0 0 0 0 0 0 0 0 0 0 0 0 0 0 0 0 0 2 97 0 1 0 0 0 0 0 0 0 0 0 0 0 0 0 0 0 0 0 0 0 0 0 0 
0 0 0 0 0 0 0 0 0 0 0 0 0 0 0 0 0 0 0 0 0 0 0 0 0 1 95 4 0 0 0 0 0 0 0 0 0 0 0 0 0 0 0 0 0 0 0 0 0 0 
0 0 0 0 0 0 0 0 0 0 0 0 0 0 0 0 0 0 0 0 0 0 0 0 0 0 5 95 0 0 0 0 0 0 0 0 0 0 0 0 0 0 0 0 0 0 0 0 0 0 
0 0 0 0 0 0 0 0 0 0 0 0 0 0 0 0 0 0 0 0 0 0 0 0 0 0 0 0 96 4 0 0 0 0 0 0 0 0 0 0 0 0 0 0 0 0 0 0 0 0 
0 0 0 0 0 0 0 0 0 0 0 0 0 0 0 0 0 0 0 0 0 0 0 0 0 0 0 0 4 95 1 0 0 0 0 0 0 0 0 0 0 0 0 0 0 0 0 0 0 0 
0 0 0 0 0 0 0 0 0 0 0 0 0 0 0 0 0 0 0 0 0 0 0 0 0 0 0 0 0 1 98 1 0 0 0 0 0 0 0 0 0 0 0 0 0 0 0 0 0 0 
0 0 0 0 0 0 0 0 0 0 0 0 0 0 0 0 0 0 0 0 0 0 0 0 0 0 0 0 0 0 0 1 99 0 0 0 0 0 0 0 0 0 0 0 0 0 0 0 0 0 
0 0 0 0 0 0 0 0 0 0 0 0 0 0 0 0 0 0 0 0 0 0 0 0 0 0 0 0 0 0 1 98 1 0 0 0 0 0 0 0 0 0 0 0 0 0 0 0 0 0 
0 0 0 0 0 0 0 0 0 0 0 0 0 0 0 0 0 0 0 0 0 0 0 0 0 0 0 0 0 0 0 0 0 100 0 0 0 0 0 0 0 0 0 0 0 0 0 0 0 0 
0 0 0 0 0 0 0 0 0 0 0 0 0 0 0 0 0 0 0 0 0 0 0 0 0 0 0 0 0 0 0 0 0 0 93 7 0 0 0 0 0 0 0 0 0 0 0 0 0 0 
0 0 0 0 0 0 0 0 0 0 0 0 0 0 0 0 0 0 0 0 0 0 0 0 0 0 0 0 0 0 0 0 0 0 7 93 0 0 0 0 0 0 0 0 0 0 0 0 0 0 
0 0 0 0 0 0 0 0 0 0 0 0 0 0 0 0 0 0 0 0 0 0 0 0 0 0 0 0 0 0 0 0 0 0 0 0 98 2 0 0 0 0 0 0 0 0 0 0 0 0 
0 0 0 0 0 0 0 0 0 0 0 0 0 0 0 0 0 0 0 0 0 0 0 0 0 0 0 0 0 0 0 0 0 0 0 0 0 1 99 0 0 0 0 0 0 0 0 0 0 0 
0 0 0 0 0 0 0 0 0 0 0 0 0 0 0 0 0 0 0 0 0 0 0 0 0 0 0 0 0 0 0 0 0 0 0 0 2 97 1 0 0 0 0 0 0 0 0 0 0 0 
0 0 0 0 0 0 0 0 0 0 0 0 0 0 0 0 0 0 0 0 0 0 0 0 0 0 0 0 0 0 0 0 0 0 0 0 0 0 0 99 1 0 0 0 0 0 0 0 0 0 
0 0 0 0 0 0 0 0 0 0 0 0 0 0 0 0 0 0 0 0 0 0 0 0 0 0 0 0 0 0 0 0 0 0 0 0 0 0 0 1 98 1 0 0 0 0 0 0 0 0 
0 0 0 0 0 0 0 0 0 0 0 0 0 0 0 0 0 0 0 0 0 0 0 0 0 0 0 0 0 0 0 0 0 0 0 0 0 0 0 0 1 99 0 0 0 0 0 0 0 0 
0 0 0 0 0 0 0 0 0 0 0 0 0 0 0 0 0 0 0 0 0 0 0 0 0 0 0 0 0 0 0 0 0 0 0 0 0 0 0 0 0 0 99 1 0 0 0 0 0 0 
0 0 0 0 0 0 0 0 0 0 0 0 0 0 0 0 0 0 0 0 0 0 0 0 0 0 0 0 0 0 0 0 0 0 0 0 0 0 0 0 0 0 1 99 0 0 0 0 0 0 
0 0 0 0 0 0 0 0 0 0 0 0 0 0 0 0 0 0 0 0 0 0 0 0 0 0 0 0 0 0 0 0 0 0 0 0 0 0 0 0 0 0 0 0 0 1 99 0 0 0 
0 0 0 0 0 0 0 0 0 0 0 0 0 0 0 0 0 0 0 0 0 0 0 0 0 0 0 0 0 0 0 0 0 0 0 0 0 0 0 0 0 0 0 0 100 0 0 0 0 0 
0 0 0 0 0 0 0 0 0 0 0 0 0 0 0 0 0 0 0 0 0 0 0 0 0 0 0 0 0 0 0 0 0 0 0 0 0 0 0 0 0 0 0 0 0 99 1 0 0 0 
0 0 0 0 0 0 0 0 0 0 0 0 0 0 0 0 0 0 0 0 0 0 0 0 0 0 0 0 0 0 0 0 0 0 0 0 0 0 0 0 0 0 0 0 0 0 0 100 0 0 
0 0 0 0 0 0 0 0 0 0 0 0 0 0 0 0 0 0 0 0 0 0 0 0 0 0 0 0 0 0 0 0 0 0 0 0 0 0 0 0 0 0 0 0 0 0 0 0 100 0 
0 0 0 0 0 0 0 0 0 0 0 0 0 0 0 0 0 0 0 0 0 0 0 0 0 0 0 0 0 0 0 0 0 0 0 0 0 0 0 0 0 0 0 0 0 0 0 0 0 100 

Pair-order violations matrix
0 100 0 0 0 0 0 0 0 0 0 0 0 0 0 0 0 0 0 0 0 0 0 0 0 0 0 0 0 0 0 0 0 0 0 0 0 0 0 0 0 0 0 0 0 0 0 0 0 0 
100 0 0 0 0 0 0 0 0 0 0 0 0 0 0 0 0 0 0 0 0 0 0 0 0 0 0 0 0 0 0 0 0 0 0 0 0 0 0 0 0 0 0 0 0 0 0 0 0 0 
0 0 0 0 0 0 0 0 0 0 0 0 0 0 0 0 0 0 0 0 0 0 0 0 0 0 0 0 0 0 0 0 0 0 0 0 0 0 0 0 0 0 0 0 0 0 0 0 0 0 
0 0 0 0 100 0 0 0 0 0 0 0 0 0 0 0 0 0 0 0 0 0 0 0 0 0 0 0 0 0 0 0 0 0 0 0 0 0 0 0 0 0 0 0 0 0 0 0 0 0 
0 0 0 100 0 0 0 0 0 0 0 0 0 0 0 0 0 0 0 0 0 0 0 0 0 0 0 0 0 0 0 0 0 0 0 0 0 0 0 0 0 0 0 0 0 0 0 0 0 0 
0 0 0 0 0 0 0 0 0 0 0 0 0 0 0 0 0 0 0 0 0 0 0 0 0 0 0 0 0 0 0 0 0 0 0 0 0 0 0 0 0 0 0 0 0 0 0 0 0 0 
0 0 0 0 0 0 0 0 0 0 0 0 0 0 0 0 0 0 0 0 0 0 0 0 0 0 0 0 0 0 0 0 0 0 0 0 0 0 0 0 0 0 0 0 0 0 0 0 0 0 
0 0 0 0 0 0 0 0 3 0 0 0 0 0 0 0 0 0 0 0 0 0 0 0 0 0 0 0 0 0 0 0 0 0 0 0 0 0 0 0 0 0 0 0 0 0 0 0 0 0 
0 0 0 0 0 0 0 3 0 0 0 0 0 0 0 0 0 0 0 0 0 0 0 0 0 0 0 0 0 0 0 0 0 0 0 0 0 0 0 0 0 0 0 0 0 0 0 0 0 0 
0 0 0 0 0 0 0 0 0 0 0 0 0 0 0 0 0 0 0 0 0 0 0 0 0 0 0 0 0 0 0 0 0 0 0 0 0 0 0 0 0 0 0 0 0 0 0 0 0 0 
0 0 0 0 0 0 0 0 0 0 0 2 0 0 0 0 0 0 0 0 0 0 0 0 0 0 0 0 0 0 0 0 0 0 0 0 0 0 0 0 0 0 0 0 0 0 0 0 0 0 
0 0 0 0 0 0 0 0 0 0 2 0 0 0 0 0 0 0 0 0 0 0 0 0 0 0 0 0 0 0 0 0 0 0 0 0 0 0 0 0 0 0 0 0 0 0 0 0 0 0 
0 0 0 0 0 0 0 0 0 0 0 0 0 4 0 0 0 0 0 0 0 0 0 0 0 0 0 0 0 0 0 0 0 0 0 0 0 0 0 0 0 0 0 0 0 0 0 0 0 0 
0 0 0 0 0 0 0 0 0 0 0 0 4 0 0 1 0 0 0 0 0 0 0 0 0 0 0 0 0 0 0 0 0 0 0 0 0 0 0 0 0 0 0 0 0 0 0 0 0 0 
0 0 0 0 0 0 0 0 0 0 0 0 0 0 0 100 0 0 0 0 0 0 0 0 0 0 0 0 0 0 0 0 0 0 0 0 0 0 0 0 0 0 0 0 0 0 0 0 0 0 
0 0 0 0 0 0 0 0 0 0 0 0 0 1 100 0 0 0 0 0 0 0 0 0 0 0 0 0 0 0 0 0 0 0 0 0 0 0 0 0 0 0 0 0 0 0 0 0 0 0 
0 0 0 0 0 0 0 0 0 0 0 0 0 0 0 0 0 100 100 0 0 0 0 0 0 0 0 0 0 0 0 0 0 0 0 0 0 0 0 0 0 0 0 0 0 0 0 0 0 0 
0 0 0 0 0 0 0 0 0 0 0 0 0 0 0 0 100 0 94 0 0 0 0 0 0 0 0 0 0 0 0 0 0 0 0 0 0 0 0 0 0 0 0 0 0 0 0 0 0 0 
0 0 0 0 0 0 0 0 0 0 0 0 0 0 0 0 100 94 0 0 0 0 0 0 0 0 0 0 0 0 0 0 0 0 0 0 0 0 0 0 0 0 0 0 0 0 0 0 0 0 
0 0 0 0 0 0 0 0 0 0 0 0 0 0 0 0 0 0 0 0 5 0 0 0 0 0 0 0 0 0 0 0 0 0 0 0 0 0 0 0 0 0 0 0 0 0 0 0 0 0 
0 0 0 0 0 0 0 0 0 0 0 0 0 0 0 0 0 0 0 5 0 4 0 0 0 0 0 0 0 0 0 0 0 0 0 0 0 0 0 0 0 0 0 0 0 0 0 0 0 0 
0 0 0 0 0 0 0 0 0 0 0 0 0 0 0 0 0 0 0 0 4 0 0 0 0 0 0 0 0 0 0 0 0 0 0 0 0 0 0 0 0 0 0 0 0 0 0 0 0 0 
0 0 0 0 0 0 0 0 0 0 0 0 0 0 0 0 0 0 0 0 0 0 0 93 0 0 0 0 0 0 0 0 0 0 0 0 0 0 0 0 0 0 0 0 0 0 0 0 0 0 
0 0 0 0 0 0 0 0 0 0 0 0 0 0 0 0 0 0 0 0 0 0 93 0 0 0 0 0 0 0 0 0 0 0 0 0 0 0 0 0 0 0 0 0 0 0 0 0 0 0 
0 0 0 0 0 0 0 0 0 0 0 0 0 0 0 0 0 0 0 0 0 0 0 0 0 2 0 0 0 0 0 0 0 0 0 0 0 0 0 0 0 0 0 0 0 0 0 0 0 0 
0 0 0 0 0 0 0 0 0 0 0 0 0 0 0 0 0 0 0 0 0 0 0 0 2 0 1 1 0 0 0 0 0 0 0 0 0 0 0 0 0 0 0 0 0 0 0 0 0 0 
0 0 0 0 0 0 0 0 0 0 0 0 0 0 0 0 0 0 0 0 0 0 0 0 0 1 0 4 0 0 0 0 0 0 0 0 0 0 0 0 0 0 0 0 0 0 0 0 0 0 
0 0 0 0 0 0 0 0 0 0 0 0 0 0 0 0 0 0 0 0 0 0 0 0 0 1 4 0 0 0 0 0 0 0 0 0 0 0 0 0 0 0 0 0 0 0 0 0 0 0 
0 0 0 0 0 0 0 0 0 0 0 0 0 0 0 0 0 0 0 0 0 0 0 0 0 0 0 0 0 4 0 0 0 0 0 0 0 0 0 0 0 0 0 0 0 0 0 0 0 0 
0 0 0 0 0 0 0 0 0 0 0 0 0 0 0 0 0 0 0 0 0 0 0 0 0 0 0 0 4 0 1 0 0 0 0 0 0 0 0 0 0 0 0 0 0 0 0 0 0 0 
0 0 0 0 0 0 0 0 0 0 0 0 0 0 0 0 0 0 0 0 0 0 0 0 0 0 0 0 0 1 0 0 1 0 0 0 0 0 0 0 0 0 0 0 0 0 0 0 0 0 
0 0 0 0 0 0 0 0 0 0 0 0 0 0 0 0 0 0 0 0 0 0 0 0 0 0 0 0 0 0 0 0 99 0 0 0 0 0 0 0 0 0 0 0 0 0 0 0 0 0 
0 0 0 0 0 0 0 0 0 0 0 0 0 0 0 0 0 0 0 0 0 0 0 0 0 0 0 0 0 0 1 99 0 0 0 0 0 0 0 0 0 0 0 0 0 0 0 0 0 0 
0 0 0 0 0 0 0 0 0 0 0 0 0 0 0 0 0 0 0 0 0 0 0 0 0 0 0 0 0 0 0 0 0 0 0 0 0 0 0 0 0 0 0 0 0 0 0 0 0 0 
0 0 0 0 0 0 0 0 0 0 0 0 0 0 0 0 0 0 0 0 0 0 0 0 0 0 0 0 0 0 0 0 0 0 0 7 0 0 0 0 0 0 0 0 0 0 0 0 0 0 
0 0 0 0 0 0 0 0 0 0 0 0 0 0 0 0 0 0 0 0 0 0 0 0 0 0 0 0 0 0 0 0 0 0 7 0 0 0 0 0 0 0 0 0 0 0 0 0 0 0 
0 0 0 0 0 0 0 0 0 0 0 0 0 0 0 0 0 0 0 0 0 0 0 0 0 0 0 0 0 0 0 0 0 0 0 0 0 0 2 0 0 0 0 0 0 0 0 0 0 0 
0 0 0 0 0 0 0 0 0 0 0 0 0 0 0 0 0 0 0 0 0 0 0 0 0 0 0 0 0 0 0 0 0 0 0 0 0 0 99 0 0 0 0 0 0 0 0 0 0 0 
0 0 0 0 0 0 0 0 0 0 0 0 0 0 0 0 0 0 0 0 0 0 0 0 0 0 0 0 0 0 0 0 0 0 0 0 2 99 0 0 0 0 0 0 0 0 0 0 0 0 
0 0 0 0 0 0 0 0 0 0 0 0 0 0 0 0 0 0 0 0 0 0 0 0 0 0 0 0 0 0 0 0 0 0 0 0 0 0 0 0 1 0 0 0 0 0 0 0 0 0 
0 0 0 0 0 0 0 0 0 0 0 0 0 0 0 0 0 0 0 0 0 0 0 0 0 0 0 0 0 0 0 0 0 0 0 0 0 0 0 1 0 1 0 0 0 0 0 0 0 0 
0 0 0 0 0 0 0 0 0 0 0 0 0 0 0 0 0 0 0 0 0 0 0 0 0 0 0 0 0 0 0 0 0 0 0 0 0 0 0 0 1 0 0 0 0 0 0 0 0 0 
0 0 0 0 0 0 0 0 0 0 0 0 0 0 0 0 0 0 0 0 0 0 0 0 0 0 0 0 0 0 0 0 0 0 0 0 0 0 0 0 0 0 0 1 0 0 0 0 0 0 
0 0 0 0 0 0 0 0 0 0 0 0 0 0 0 0 0 0 0 0 0 0 0 0 0 0 0 0 0 0 0 0 0 0 0 0 0 0 0 0 0 0 1 0 0 0 0 0 0 0 
0 0 0 0 0 0 0 0 0 0 0 0 0 0 0 0 0 0 0 0 0 0 0 0 0 0 0 0 0 0 0 0 0 0 0 0 0 0 0 0 0 0 0 0 0 100 99 0 0 0 
0 0 0 0 0 0 0 0 0 0 0 0 0 0 0 0 0 0 0 0 0 0 0 0 0 0 0 0 0 0 0 0 0 0 0 0 0 0 0 0 0 0 0 0 100 0 0 0 0 0 
0 0 0 0 0 0 0 0 0 0 0 0 0 0 0 0 0 0 0 0 0 0 0 0 0 0 0 0 0 0 0 0 0 0 0 0 0 0 0 0 0 0 0 0 99 0 0 0 0 0 
0 0 0 0 0 0 0 0 0 0 0 0 0 0 0 0 0 0 0 0 0 0 0 0 0 0 0 0 0 0 0 0 0 0 0 0 0 0 0 0 0 0 0 0 0 0 0 0 0 0 
0 0 0 0 0 0 0 0 0 0 0 0 0 0 0 0 0 0 0 0 0 0 0 0 0 0 0 0 0 0 0 0 0 0 0 0 0 0 0 0 0 0 0 0 0 0 0 0 0 0 
0 0 0 0 0 0 0 0 0 0 0 0 0 0 0 0 0 0 0 0 0 0 0 0 0 0 0 0 0 0 0 0 0 0 0 0 0 0 0 0 0 0 0 0 0 0 0 0 0 0 

Rho histogram: 
0 0 0 0 0 0 0 0 0 0 0 0 0 0 0 0 0 0 0 100 

Summary:
objF nSamp nIter rhoMean rhoStDev rProp hitsProp rankHitsProp
Ine 50 100 0.9987198079231681 7.965862916633386e-05 0 0 0.6456

Time:  14.629155768s
=======================================================
