=======================================================
Objective function:  Gar37
Matrix:  I50.csv
Iterations:  100
Heuristic for search:  RobSA3
Improvement function # 0
Window width for improvement:  0
Heuristic for improvement:  RobSA3
Seed:  33
=======================================================

Best permutations: 
1 0 2 4 3 5 7 6 8 9 10 11 12 13 15 14 18 17 16 19 20 21 22 23 24 25 26 27 28 29 30 31 32 33 34 35 36 38 37 39 40 41 42 43 45 44 46 47 49 48 
1 0 2 4 3 5 7 6 8 9 10 11 12 13 15 14 18 17 16 19 20 21 22 23 24 25 26 27 28 29 30 31 32 33 34 35 36 38 37 39 40 41 42 43 45 44 46 47 49 48 
1 0 2 4 3 5 7 6 8 9 10 11 12 13 15 14 18 17 16 19 20 21 22 23 24 25 26 27 28 29 30 31 32 33 34 35 36 38 37 39 40 41 42 43 45 44 46 47 49 48 
1 0 2 4 3 5 7 6 8 9 10 11 12 13 15 14 18 17 16 19 20 21 22 23 24 25 26 27 28 29 30 31 32 33 34 35 36 38 37 39 40 41 42 43 45 44 46 47 49 48 
1 0 2 4 3 5 7 6 8 9 10 11 12 13 15 14 18 17 16 19 20 21 22 23 24 25 26 27 28 29 30 31 32 33 34 35 36 38 37 39 40 41 42 43 45 44 46 47 49 48 
1 0 2 4 3 5 7 6 8 9 10 11 12 13 14 15 18 16 17 19 20 21 22 23 24 25 27 26 28 29 30 31 32 33 34 35 36 38 37 39 40 41 42 43 45 44 46 47 49 48 
1 0 2 4 3 5 7 6 8 9 10 11 12 13 15 14 18 17 16 19 20 21 22 23 24 25 26 27 28 29 30 31 32 33 34 35 36 38 37 39 40 41 42 43 45 44 46 47 49 48 
1 0 2 4 3 5 7 6 8 9 10 11 12 13 15 14 18 17 16 19 20 21 22 23 24 25 27 26 28 29 31 30 32 33 34 35 36 38 37 39 40 41 42 43 45 44 46 47 49 48 
1 0 2 4 3 5 7 6 8 9 10 11 12 13 15 14 18 17 16 19 20 21 22 23 24 25 26 27 28 29 30 31 32 33 34 35 36 38 37 39 40 41 42 43 45 44 46 47 49 48 
1 0 2 4 3 5 7 6 8 9 10 11 13 12 15 14 18 17 16 19 20 21 22 23 24 25 26 27 28 29 30 31 32 33 34 35 36 38 37 39 40 41 42 43 45 44 46 47 49 48 
1 0 2 4 3 5 7 6 8 9 10 11 13 12 15 14 18 17 16 19 20 21 22 23 24 25 26 27 28 29 30 31 32 33 34 35 36 38 37 39 40 41 42 43 45 44 46 47 49 48 
1 0 2 4 3 5 7 6 8 9 10 11 12 13 15 14 18 17 16 19 20 23 21 22 24 25 26 27 28 29 30 31 32 33 34 35 36 38 37 39 40 41 42 43 45 44 46 47 49 48 
1 0 2 4 3 5 7 6 8 9 10 11 12 13 15 14 18 17 16 19 20 21 23 22 24 25 26 27 28 29 30 31 32 33 34 35 36 38 37 39 40 41 42 43 45 44 46 47 49 48 
1 0 2 4 3 5 7 6 8 9 10 11 12 13 15 14 18 17 16 19 20 21 23 22 24 25 26 27 28 29 30 31 32 33 35 34 36 38 37 39 40 41 42 43 45 44 46 47 49 48 
1 0 2 4 3 5 7 6 8 9 10 11 12 13 15 14 18 17 16 19 20 21 22 23 24 25 26 27 28 30 29 31 32 33 34 35 36 38 37 39 40 41 43 42 45 44 46 47 49 48 
1 0 2 4 3 5 7 6 8 9 10 11 12 13 15 14 18 17 16 19 20 21 22 23 24 25 26 27 28 29 30 31 32 33 34 35 36 38 37 39 40 41 42 43 45 44 46 47 49 48 
1 0 2 4 3 5 7 6 8 9 10 11 12 13 15 14 18 17 16 19 20 21 22 23 24 25 26 27 28 29 30 31 32 33 34 35 36 38 37 39 40 41 42 43 45 44 46 47 49 48 
1 0 2 4 3 5 7 6 8 9 10 11 12 13 15 14 18 17 16 19 20 21 22 23 24 25 26 27 28 29 30 31 32 33 34 35 36 38 37 39 40 41 42 43 45 44 46 47 49 48 
1 0 2 4 3 5 7 6 8 9 10 11 12 13 15 14 18 16 17 19 20 21 22 23 24 25 26 27 28 29 30 31 32 33 34 35 36 38 37 39 40 41 42 43 45 44 46 47 49 48 
1 0 2 4 3 5 7 6 8 9 10 11 12 13 15 14 18 17 16 19 21 20 22 23 24 25 26 27 28 29 30 31 32 33 34 35 36 38 37 39 40 41 42 43 45 44 46 47 49 48 
1 0 2 4 3 5 7 6 8 9 10 11 12 13 15 14 18 17 16 19 20 21 22 23 24 25 26 27 28 29 30 31 32 33 34 35 36 38 37 39 40 41 42 43 45 44 46 47 49 48 
1 0 2 4 3 5 7 6 8 9 10 11 12 13 15 14 18 17 16 19 20 21 22 23 24 25 26 27 28 29 30 31 32 33 34 35 36 38 37 39 40 41 42 43 45 44 46 47 49 48 
1 0 2 4 3 5 7 6 8 9 10 11 12 13 15 14 18 17 16 19 20 21 22 23 24 25 26 27 28 29 30 31 32 33 34 35 36 38 37 39 40 41 42 43 45 44 46 47 49 48 
1 0 2 4 3 5 7 6 8 9 10 11 12 13 15 14 18 17 16 19 20 21 22 23 24 25 26 27 28 29 30 31 32 33 34 35 36 38 37 39 40 41 42 43 45 44 46 47 49 48 
1 0 2 4 3 5 7 6 8 9 10 11 12 13 15 14 18 17 16 19 20 21 22 23 24 25 26 28 27 29 30 31 32 33 34 35 36 38 37 39 40 41 42 43 45 44 46 47 49 48 
1 0 2 4 3 5 7 6 8 9 10 11 12 13 15 14 18 17 16 19 20 21 22 23 24 25 26 27 28 29 30 31 32 33 34 35 36 38 37 39 40 41 42 43 45 44 46 47 49 48 
1 0 2 4 3 5 7 6 8 9 10 11 12 13 15 14 18 17 16 19 20 21 22 23 24 25 26 27 28 29 30 31 32 33 34 35 36 38 37 39 40 41 42 43 45 44 46 47 49 48 
1 0 2 4 3 5 7 6 8 9 10 11 12 13 15 14 18 17 16 19 20 21 22 23 24 25 26 27 28 29 30 31 32 33 34 35 36 38 37 39 40 41 42 43 45 44 46 47 49 48 
1 0 2 4 3 5 7 6 8 9 10 11 12 13 15 14 18 17 16 19 20 21 22 23 24 25 26 27 28 30 29 31 32 33 34 35 38 36 37 39 40 41 42 43 45 44 46 47 49 48 
1 0 2 4 3 5 7 6 8 9 10 11 12 13 15 14 18 17 16 19 21 20 22 23 24 25 26 27 28 29 30 31 32 33 34 35 36 38 37 39 40 41 42 43 45 44 46 47 49 48 
1 0 2 4 3 5 7 6 8 9 10 11 12 13 15 14 18 17 16 19 20 21 22 23 24 25 26 27 28 29 30 31 32 33 34 35 36 38 37 39 40 41 42 43 45 44 46 47 49 48 
1 0 2 4 3 5 7 6 8 9 10 11 13 12 15 14 18 17 16 19 20 21 23 22 24 25 26 27 28 29 30 31 32 33 34 35 36 38 37 39 40 41 42 43 45 44 46 47 49 48 
1 0 2 4 3 5 7 6 8 9 10 11 12 13 15 14 18 17 16 19 20 21 22 23 24 25 26 27 28 29 30 31 32 33 34 35 36 38 37 39 40 41 42 43 45 44 46 47 49 48 
1 0 2 4 3 5 7 6 8 9 10 11 12 13 15 14 18 17 16 19 20 21 22 23 24 25 26 27 28 29 30 31 32 33 34 35 36 38 37 39 40 41 42 43 45 44 46 47 49 48 
1 0 2 4 3 5 7 6 8 9 10 11 12 13 15 14 18 17 16 19 20 21 22 23 24 25 26 28 27 29 30 31 32 33 34 35 36 38 37 39 40 41 42 43 45 44 46 47 49 48 
1 0 2 4 3 5 7 6 8 9 10 11 12 13 15 14 18 17 16 19 20 21 22 23 24 25 26 27 28 29 30 31 32 33 34 35 36 38 37 39 40 41 42 43 45 44 46 47 49 48 
1 0 2 4 3 5 7 6 8 9 10 11 12 13 15 14 18 17 16 19 20 21 22 23 24 25 26 27 28 29 30 31 32 33 34 35 36 38 37 39 40 41 42 43 45 44 46 47 49 48 
1 0 2 4 3 5 7 6 8 9 10 11 12 13 15 14 18 17 16 19 21 20 22 23 24 25 26 27 28 29 30 31 32 33 34 35 36 38 37 39 40 41 42 43 45 44 46 47 49 48 
1 0 2 4 3 5 7 6 8 9 10 11 12 13 15 14 18 17 16 19 20 21 22 23 24 25 26 27 28 29 30 31 32 33 34 35 36 38 37 39 40 41 42 43 45 44 46 47 49 48 
1 0 2 4 3 5 7 6 8 9 10 11 12 13 15 14 18 17 16 19 20 21 22 23 24 25 26 27 28 29 30 31 32 33 34 35 36 38 37 39 40 41 42 43 45 44 46 47 49 48 
1 0 2 4 3 5 7 6 8 9 10 11 12 13 15 14 18 17 16 19 20 21 22 23 25 24 26 27 28 29 30 31 32 33 34 35 36 38 37 39 40 41 42 43 45 44 46 47 49 48 
1 0 2 4 3 5 7 6 8 9 10 11 12 13 15 14 18 17 16 19 20 21 23 22 24 25 26 27 28 29 30 31 32 33 34 35 36 38 37 39 40 41 42 43 45 44 46 47 49 48 
1 0 2 4 3 5 7 6 8 9 10 11 12 13 15 14 18 17 16 19 20 21 22 23 24 25 26 27 28 29 30 31 32 33 35 34 38 36 37 39 40 41 42 43 45 44 46 47 49 48 
1 0 2 4 3 5 7 6 8 9 10 11 12 13 15 14 18 17 16 19 20 21 22 23 24 25 26 27 28 29 30 31 32 33 34 35 36 38 37 39 40 41 42 43 45 44 46 47 49 48 
1 0 2 4 3 5 7 6 8 9 10 11 12 13 15 14 18 17 16 19 20 21 22 23 24 25 26 27 28 29 30 31 32 33 34 35 36 38 37 39 40 41 42 43 45 44 46 47 49 48 
1 0 2 4 3 5 7 6 8 9 10 11 12 13 15 14 18 17 16 19 20 21 22 23 24 25 26 27 28 29 30 31 32 33 34 35 36 38 37 39 40 41 42 43 45 44 46 47 49 48 
1 0 2 4 3 5 7 6 8 9 10 11 12 13 15 14 18 17 16 19 20 21 22 23 24 25 26 27 28 29 30 31 32 33 34 35 36 38 37 39 40 41 42 43 45 44 46 47 49 48 
1 0 2 4 3 5 7 6 8 9 10 11 12 13 15 14 18 17 16 19 20 21 22 23 24 25 26 27 28 29 30 31 32 33 34 35 36 38 37 39 40 41 42 43 45 44 46 47 49 48 
1 0 2 4 3 5 7 6 8 9 10 11 12 13 15 14 18 17 16 19 20 21 22 23 24 25 26 27 28 29 30 31 32 33 34 35 36 38 37 39 40 41 42 43 45 44 46 47 49 48 
1 0 2 4 3 5 7 6 8 9 10 11 12 13 15 14 17 18 16 19 20 21 22 23 24 25 26 27 28 29 30 31 32 33 34 35 36 38 37 39 40 41 42 43 45 44 46 47 49 48 
1 0 2 4 3 5 7 6 8 9 10 11 12 13 15 14 18 17 16 19 20 21 22 23 24 25 26 27 28 29 30 31 32 33 34 35 38 36 37 39 40 41 42 43 45 44 46 47 49 48 
1 0 2 4 3 5 7 6 8 9 10 11 12 13 15 14 18 17 16 19 20 23 21 22 24 25 26 27 28 29 30 31 32 33 34 35 36 38 37 39 40 41 42 43 45 44 46 47 49 48 
1 0 2 4 3 5 7 6 8 9 10 11 12 13 15 14 18 17 16 19 20 21 22 23 24 25 27 26 28 29 30 31 32 33 34 35 36 38 37 39 40 41 42 43 45 44 46 47 49 48 
1 0 2 4 3 5 7 8 6 9 10 11 13 15 12 14 18 17 16 19 20 21 22 23 24 25 26 27 28 29 30 31 32 33 34 35 36 38 37 39 40 41 42 43 45 44 46 47 49 48 
1 0 2 4 3 5 7 6 8 9 10 11 12 13 15 14 18 17 16 19 20 21 22 23 24 25 26 27 28 29 30 31 32 33 34 35 36 38 37 39 41 40 42 43 45 44 46 47 49 48 
1 0 2 4 3 5 7 6 8 9 10 11 12 13 15 14 18 17 16 19 20 21 22 23 24 25 26 27 28 29 30 31 32 33 34 35 36 38 37 39 40 41 42 43 45 44 46 47 49 48 
1 0 2 4 3 5 7 6 8 9 10 11 12 13 15 14 18 17 16 19 20 21 22 23 24 25 26 27 28 29 30 31 32 33 34 35 36 38 37 39 40 41 42 43 45 44 46 47 49 48 
1 0 2 4 3 5 7 6 8 9 10 11 12 13 15 14 18 17 16 19 20 21 22 23 24 25 26 27 28 29 30 31 32 33 34 35 36 37 38 39 40 41 42 43 45 44 46 47 49 48 
1 0 2 4 3 5 7 6 8 9 10 11 12 13 15 14 18 17 16 19 20 21 22 23 24 25 26 27 28 29 30 31 32 33 34 35 36 38 37 39 40 41 42 43 45 44 46 47 49 48 
1 0 2 4 3 5 7 6 8 9 10 11 12 13 15 14 18 17 16 19 20 21 22 23 24 25 26 27 28 29 30 31 32 33 34 35 36 38 37 39 40 41 42 43 45 44 46 47 49 48 
1 0 2 4 3 5 7 6 8 9 10 11 12 13 15 14 18 17 16 19 20 21 22 23 24 25 26 27 28 29 30 31 32 33 34 35 36 38 37 39 40 41 42 43 45 44 46 47 49 48 
1 0 2 4 3 5 7 6 8 9 10 11 12 13 15 14 18 17 16 19 20 21 22 23 24 25 26 27 28 29 30 31 32 33 34 35 36 38 37 39 40 41 42 43 45 44 46 47 49 48 
1 0 2 4 3 5 7 6 8 9 10 11 12 13 15 14 18 17 16 19 20 21 22 23 24 25 26 27 28 29 30 31 32 33 34 35 36 38 37 39 40 41 42 43 45 44 46 47 49 48 
1 0 2 4 3 5 7 6 8 9 10 11 13 12 15 14 18 17 16 19 20 21 22 23 24 25 26 27 28 29 30 31 32 33 34 35 36 38 37 39 40 41 42 43 45 44 46 47 49 48 
1 0 2 4 3 5 7 6 8 9 10 11 12 13 15 14 18 17 16 19 20 21 22 23 24 25 26 27 28 29 30 31 32 33 34 35 36 37 38 39 40 41 42 43 45 44 46 47 49 48 
1 0 2 4 3 5 6 7 8 9 10 11 13 12 15 14 18 17 16 19 20 21 22 23 24 25 26 27 28 29 30 31 32 33 34 35 36 38 37 39 40 41 42 43 45 44 46 47 49 48 
1 0 2 4 3 5 7 6 8 9 10 11 13 12 15 14 18 17 16 19 20 21 22 23 24 25 26 27 28 30 29 31 32 33 34 35 36 38 39 37 40 41 42 43 45 44 46 47 49 48 
1 0 2 4 3 5 7 6 8 9 10 11 12 13 15 14 18 17 16 19 20 21 22 23 24 25 27 26 28 29 30 31 32 33 34 35 36 38 37 39 40 41 42 43 45 44 46 47 49 48 
1 0 2 4 3 5 7 6 8 9 10 11 12 13 15 14 18 17 16 19 20 21 22 23 24 25 26 27 28 29 30 32 31 33 34 35 36 38 37 39 40 41 42 43 45 44 46 47 49 48 
1 0 2 4 3 5 7 6 8 9 10 11 12 13 15 14 18 17 16 19 20 21 23 22 24 25 26 27 28 30 29 31 32 33 34 35 36 38 37 39 40 41 42 43 45 44 46 47 49 48 
1 0 2 4 3 5 7 6 8 9 10 11 12 13 15 14 18 17 16 19 20 21 22 23 25 24 26 27 28 29 30 31 32 33 34 35 36 38 37 39 40 41 42 43 45 44 46 47 49 48 
1 0 2 4 3 5 7 6 8 9 10 11 12 13 15 14 18 17 16 19 20 21 23 22 24 25 27 26 28 29 30 31 32 33 34 35 36 38 37 39 40 41 42 43 45 44 46 47 49 48 
1 0 2 4 3 5 7 6 8 9 10 11 13 12 15 14 18 17 16 19 20 21 22 23 24 25 26 27 28 29 30 31 32 33 34 35 36 38 37 39 40 41 42 43 45 44 46 47 49 48 
1 0 2 4 3 5 7 6 8 9 10 11 12 13 15 14 17 18 16 19 20 21 22 23 24 25 26 27 28 29 30 31 32 33 34 35 36 38 37 39 40 41 42 43 45 44 46 47 49 48 
1 0 2 4 3 5 7 6 8 9 10 11 12 13 15 14 18 17 16 19 20 21 22 23 24 25 26 27 28 29 30 31 32 33 34 35 36 38 37 39 40 41 42 43 45 44 46 47 49 48 
1 0 2 4 3 5 7 6 8 9 10 11 12 13 15 14 18 17 16 19 20 21 22 23 24 25 26 27 28 29 30 31 32 33 34 35 36 38 37 39 40 41 42 43 45 44 46 47 49 48 
1 0 2 4 3 5 7 6 8 9 10 11 12 13 15 14 18 17 16 19 20 21 22 23 24 25 26 27 28 29 30 31 32 33 34 35 36 38 37 39 40 41 42 43 45 44 46 47 49 48 
1 0 2 4 3 5 7 6 8 9 10 11 12 13 15 14 18 17 16 19 20 21 23 22 24 25 26 27 28 29 30 32 31 33 34 35 36 37 39 38 40 41 42 43 45 44 46 47 49 48 
1 0 2 4 3 5 7 6 8 9 10 11 12 13 15 14 18 17 16 19 20 21 22 23 24 25 26 27 28 29 30 31 32 33 34 35 36 38 37 39 40 41 42 43 45 44 46 47 49 48 
1 0 2 4 3 5 7 6 8 9 10 11 12 13 15 14 18 17 16 19 20 21 22 23 24 25 26 27 28 29 30 31 32 33 34 35 36 38 37 39 40 41 42 43 45 44 46 47 49 48 
1 0 2 4 3 5 7 6 8 9 10 11 13 12 15 14 18 17 16 19 21 20 22 23 24 25 26 27 28 30 29 31 32 33 34 35 36 38 37 39 40 41 42 43 45 44 46 47 49 48 
1 0 2 4 3 5 7 6 8 9 10 11 12 13 15 14 18 17 16 19 20 21 22 23 24 25 26 27 28 29 30 31 32 33 34 35 36 38 37 39 40 41 42 43 45 44 46 47 49 48 
1 0 2 4 3 5 7 6 8 9 10 11 12 13 15 14 18 17 16 19 20 21 22 23 24 25 26 27 28 29 30 31 32 33 34 35 36 38 37 39 40 41 42 43 45 44 46 47 49 48 
1 0 2 4 3 5 6 7 8 9 10 11 12 13 15 14 18 17 16 19 20 21 22 23 24 25 26 27 28 29 30 31 32 33 34 35 36 38 37 39 40 41 42 43 45 44 46 47 49 48 
1 0 2 4 3 5 7 6 8 9 10 11 12 13 15 14 18 17 16 19 20 21 22 23 24 25 26 27 28 29 30 31 32 33 34 35 36 38 37 39 40 41 42 43 45 44 46 47 49 48 
1 0 2 4 3 5 7 6 8 9 10 11 12 13 15 14 18 17 16 19 20 21 22 23 24 25 26 27 28 29 30 31 32 33 35 34 36 38 37 39 40 41 42 43 45 44 46 47 49 48 
1 0 2 4 3 5 7 6 8 9 10 11 12 13 15 14 18 17 16 19 20 21 22 23 24 25 26 27 28 29 30 31 32 33 34 35 36 38 37 39 40 41 42 43 45 44 46 47 49 48 
1 0 2 4 3 5 7 6 8 9 10 11 12 13 15 14 18 17 16 19 20 21 22 23 24 25 26 27 28 29 30 31 32 33 34 35 36 38 37 39 40 41 42 43 45 44 46 47 49 48 
1 0 2 4 3 5 7 6 8 9 10 11 12 13 15 14 18 17 16 19 20 21 22 23 24 25 26 27 28 29 30 31 32 33 34 35 36 38 37 39 40 41 42 43 45 44 46 47 49 48 
1 0 2 4 3 5 7 6 8 9 10 11 12 13 15 14 18 17 16 19 20 21 22 23 24 25 26 27 28 29 30 31 32 33 34 35 36 38 37 39 40 41 42 43 45 44 46 47 49 48 
1 0 2 4 3 5 7 6 8 9 10 11 12 13 15 14 18 17 16 19 20 21 22 23 24 25 26 27 28 29 30 31 32 33 34 35 36 38 37 39 40 41 42 43 45 44 46 47 49 48 
1 0 2 4 3 5 7 6 8 9 10 11 12 13 15 14 18 17 16 19 20 21 22 23 24 25 26 27 28 29 30 31 32 33 34 35 36 38 37 39 40 41 42 43 45 44 46 47 49 48 
1 0 2 4 3 5 7 6 8 9 10 11 12 13 15 14 18 16 17 19 20 21 22 23 24 25 26 27 28 29 30 31 32 33 34 35 36 38 37 39 40 41 42 43 45 44 46 47 49 48 
1 0 2 4 3 5 7 6 8 9 10 11 12 13 15 14 18 17 16 19 20 21 22 23 24 25 26 27 28 29 30 31 32 33 34 35 36 38 37 39 40 41 42 43 45 44 46 47 49 48 
1 0 2 4 3 5 7 6 8 9 10 11 13 12 15 14 18 17 16 19 20 21 22 23 24 25 26 27 28 29 30 31 32 33 34 35 36 38 37 39 40 41 42 43 45 44 46 47 49 48 
1 0 2 4 3 5 7 6 8 9 10 11 13 12 15 18 14 17 16 19 20 21 22 23 24 25 26 27 28 30 29 31 32 33 34 35 38 36 37 39 40 41 42 43 45 44 46 47 49 48 
1 0 2 4 3 5 7 8 6 9 10 11 12 13 15 14 18 17 16 19 20 21 22 23 24 25 26 27 28 29 30 31 32 33 34 35 36 38 37 39 40 41 42 43 45 44 46 47 49 48 
1 0 2 4 3 5 7 6 8 9 10 11 12 13 15 14 18 17 16 19 20 21 22 23 24 25 26 27 28 29 30 31 32 33 34 35 36 38 37 39 40 41 42 43 45 44 46 47 49 48 
1 0 2 4 3 5 7 6 8 9 10 11 12 13 15 14 18 17 16 19 20 21 22 23 24 25 26 27 28 30 29 31 32 33 34 35 36 38 37 39 40 41 42 43 45 44 46 47 49 48 
1 0 2 4 3 5 7 6 8 9 10 11 12 13 15 14 18 17 16 19 20 21 22 23 24 25 26 27 28 29 30 31 32 33 34 35 36 38 37 39 40 41 42 43 45 44 46 47 49 48 

Rank matrix
0 100 0 0 0 0 0 0 0 0 0 0 0 0 0 0 0 0 0 0 0 0 0 0 0 0 0 0 0 0 0 0 0 0 0 0 0 0 0 0 0 0 0 0 0 0 0 0 0 0 
100 0 0 0 0 0 0 0 0 0 0 0 0 0 0 0 0 0 0 0 0 0 0 0 0 0 0 0 0 0 0 0 0 0 0 0 0 0 0 0 0 0 0 0 0 0 0 0 0 0 
0 0 100 0 0 0 0 0 0 0 0 0 0 0 0 0 0 0 0 0 0 0 0 0 0 0 0 0 0 0 0 0 0 0 0 0 0 0 0 0 0 0 0 0 0 0 0 0 0 0 
0 0 0 0 100 0 0 0 0 0 0 0 0 0 0 0 0 0 0 0 0 0 0 0 0 0 0 0 0 0 0 0 0 0 0 0 0 0 0 0 0 0 0 0 0 0 0 0 0 0 
0 0 0 100 0 0 0 0 0 0 0 0 0 0 0 0 0 0 0 0 0 0 0 0 0 0 0 0 0 0 0 0 0 0 0 0 0 0 0 0 0 0 0 0 0 0 0 0 0 0 
0 0 0 0 0 100 0 0 0 0 0 0 0 0 0 0 0 0 0 0 0 0 0 0 0 0 0 0 0 0 0 0 0 0 0 0 0 0 0 0 0 0 0 0 0 0 0 0 0 0 
0 0 0 0 0 0 2 96 2 0 0 0 0 0 0 0 0 0 0 0 0 0 0 0 0 0 0 0 0 0 0 0 0 0 0 0 0 0 0 0 0 0 0 0 0 0 0 0 0 0 
0 0 0 0 0 0 98 2 0 0 0 0 0 0 0 0 0 0 0 0 0 0 0 0 0 0 0 0 0 0 0 0 0 0 0 0 0 0 0 0 0 0 0 0 0 0 0 0 0 0 
0 0 0 0 0 0 0 2 98 0 0 0 0 0 0 0 0 0 0 0 0 0 0 0 0 0 0 0 0 0 0 0 0 0 0 0 0 0 0 0 0 0 0 0 0 0 0 0 0 0 
0 0 0 0 0 0 0 0 0 100 0 0 0 0 0 0 0 0 0 0 0 0 0 0 0 0 0 0 0 0 0 0 0 0 0 0 0 0 0 0 0 0 0 0 0 0 0 0 0 0 
0 0 0 0 0 0 0 0 0 0 100 0 0 0 0 0 0 0 0 0 0 0 0 0 0 0 0 0 0 0 0 0 0 0 0 0 0 0 0 0 0 0 0 0 0 0 0 0 0 0 
0 0 0 0 0 0 0 0 0 0 0 100 0 0 0 0 0 0 0 0 0 0 0 0 0 0 0 0 0 0 0 0 0 0 0 0 0 0 0 0 0 0 0 0 0 0 0 0 0 0 
0 0 0 0 0 0 0 0 0 0 0 0 89 10 1 0 0 0 0 0 0 0 0 0 0 0 0 0 0 0 0 0 0 0 0 0 0 0 0 0 0 0 0 0 0 0 0 0 0 0 
0 0 0 0 0 0 0 0 0 0 0 0 11 89 0 0 0 0 0 0 0 0 0 0 0 0 0 0 0 0 0 0 0 0 0 0 0 0 0 0 0 0 0 0 0 0 0 0 0 0 
0 0 0 0 0 0 0 0 0 0 0 0 0 0 1 98 1 0 0 0 0 0 0 0 0 0 0 0 0 0 0 0 0 0 0 0 0 0 0 0 0 0 0 0 0 0 0 0 0 0 
0 0 0 0 0 0 0 0 0 0 0 0 0 1 98 1 0 0 0 0 0 0 0 0 0 0 0 0 0 0 0 0 0 0 0 0 0 0 0 0 0 0 0 0 0 0 0 0 0 0 
0 0 0 0 0 0 0 0 0 0 0 0 0 0 0 0 0 3 97 0 0 0 0 0 0 0 0 0 0 0 0 0 0 0 0 0 0 0 0 0 0 0 0 0 0 0 0 0 0 0 
0 0 0 0 0 0 0 0 0 0 0 0 0 0 0 0 2 95 3 0 0 0 0 0 0 0 0 0 0 0 0 0 0 0 0 0 0 0 0 0 0 0 0 0 0 0 0 0 0 0 
0 0 0 0 0 0 0 0 0 0 0 0 0 0 0 1 97 2 0 0 0 0 0 0 0 0 0 0 0 0 0 0 0 0 0 0 0 0 0 0 0 0 0 0 0 0 0 0 0 0 
0 0 0 0 0 0 0 0 0 0 0 0 0 0 0 0 0 0 0 100 0 0 0 0 0 0 0 0 0 0 0 0 0 0 0 0 0 0 0 0 0 0 0 0 0 0 0 0 0 0 
0 0 0 0 0 0 0 0 0 0 0 0 0 0 0 0 0 0 0 0 96 4 0 0 0 0 0 0 0 0 0 0 0 0 0 0 0 0 0 0 0 0 0 0 0 0 0 0 0 0 
0 0 0 0 0 0 0 0 0 0 0 0 0 0 0 0 0 0 0 0 4 94 2 0 0 0 0 0 0 0 0 0 0 0 0 0 0 0 0 0 0 0 0 0 0 0 0 0 0 0 
0 0 0 0 0 0 0 0 0 0 0 0 0 0 0 0 0 0 0 0 0 0 91 9 0 0 0 0 0 0 0 0 0 0 0 0 0 0 0 0 0 0 0 0 0 0 0 0 0 0 
0 0 0 0 0 0 0 0 0 0 0 0 0 0 0 0 0 0 0 0 0 2 7 91 0 0 0 0 0 0 0 0 0 0 0 0 0 0 0 0 0 0 0 0 0 0 0 0 0 0 
0 0 0 0 0 0 0 0 0 0 0 0 0 0 0 0 0 0 0 0 0 0 0 0 98 2 0 0 0 0 0 0 0 0 0 0 0 0 0 0 0 0 0 0 0 0 0 0 0 0 
0 0 0 0 0 0 0 0 0 0 0 0 0 0 0 0 0 0 0 0 0 0 0 0 2 98 0 0 0 0 0 0 0 0 0 0 0 0 0 0 0 0 0 0 0 0 0 0 0 0 
0 0 0 0 0 0 0 0 0 0 0 0 0 0 0 0 0 0 0 0 0 0 0 0 0 0 95 5 0 0 0 0 0 0 0 0 0 0 0 0 0 0 0 0 0 0 0 0 0 0 
0 0 0 0 0 0 0 0 0 0 0 0 0 0 0 0 0 0 0 0 0 0 0 0 0 0 5 93 2 0 0 0 0 0 0 0 0 0 0 0 0 0 0 0 0 0 0 0 0 0 
0 0 0 0 0 0 0 0 0 0 0 0 0 0 0 0 0 0 0 0 0 0 0 0 0 0 0 2 98 0 0 0 0 0 0 0 0 0 0 0 0 0 0 0 0 0 0 0 0 0 
0 0 0 0 0 0 0 0 0 0 0 0 0 0 0 0 0 0 0 0 0 0 0 0 0 0 0 0 0 93 7 0 0 0 0 0 0 0 0 0 0 0 0 0 0 0 0 0 0 0 
0 0 0 0 0 0 0 0 0 0 0 0 0 0 0 0 0 0 0 0 0 0 0 0 0 0 0 0 0 7 92 1 0 0 0 0 0 0 0 0 0 0 0 0 0 0 0 0 0 0 
0 0 0 0 0 0 0 0 0 0 0 0 0 0 0 0 0 0 0 0 0 0 0 0 0 0 0 0 0 0 1 97 2 0 0 0 0 0 0 0 0 0 0 0 0 0 0 0 0 0 
0 0 0 0 0 0 0 0 0 0 0 0 0 0 0 0 0 0 0 0 0 0 0 0 0 0 0 0 0 0 0 2 98 0 0 0 0 0 0 0 0 0 0 0 0 0 0 0 0 0 
0 0 0 0 0 0 0 0 0 0 0 0 0 0 0 0 0 0 0 0 0 0 0 0 0 0 0 0 0 0 0 0 0 100 0 0 0 0 0 0 0 0 0 0 0 0 0 0 0 0 
0 0 0 0 0 0 0 0 0 0 0 0 0 0 0 0 0 0 0 0 0 0 0 0 0 0 0 0 0 0 0 0 0 0 97 3 0 0 0 0 0 0 0 0 0 0 0 0 0 0 
0 0 0 0 0 0 0 0 0 0 0 0 0 0 0 0 0 0 0 0 0 0 0 0 0 0 0 0 0 0 0 0 0 0 3 97 0 0 0 0 0 0 0 0 0 0 0 0 0 0 
0 0 0 0 0 0 0 0 0 0 0 0 0 0 0 0 0 0 0 0 0 0 0 0 0 0 0 0 0 0 0 0 0 0 0 0 96 4 0 0 0 0 0 0 0 0 0 0 0 0 
0 0 0 0 0 0 0 0 0 0 0 0 0 0 0 0 0 0 0 0 0 0 0 0 0 0 0 0 0 0 0 0 0 0 0 0 0 3 96 1 0 0 0 0 0 0 0 0 0 0 
0 0 0 0 0 0 0 0 0 0 0 0 0 0 0 0 0 0 0 0 0 0 0 0 0 0 0 0 0 0 0 0 0 0 0 0 4 93 2 1 0 0 0 0 0 0 0 0 0 0 
0 0 0 0 0 0 0 0 0 0 0 0 0 0 0 0 0 0 0 0 0 0 0 0 0 0 0 0 0 0 0 0 0 0 0 0 0 0 2 98 0 0 0 0 0 0 0 0 0 0 
0 0 0 0 0 0 0 0 0 0 0 0 0 0 0 0 0 0 0 0 0 0 0 0 0 0 0 0 0 0 0 0 0 0 0 0 0 0 0 0 99 1 0 0 0 0 0 0 0 0 
0 0 0 0 0 0 0 0 0 0 0 0 0 0 0 0 0 0 0 0 0 0 0 0 0 0 0 0 0 0 0 0 0 0 0 0 0 0 0 0 1 99 0 0 0 0 0 0 0 0 
0 0 0 0 0 0 0 0 0 0 0 0 0 0 0 0 0 0 0 0 0 0 0 0 0 0 0 0 0 0 0 0 0 0 0 0 0 0 0 0 0 0 99 1 0 0 0 0 0 0 
0 0 0 0 0 0 0 0 0 0 0 0 0 0 0 0 0 0 0 0 0 0 0 0 0 0 0 0 0 0 0 0 0 0 0 0 0 0 0 0 0 0 1 99 0 0 0 0 0 0 
0 0 0 0 0 0 0 0 0 0 0 0 0 0 0 0 0 0 0 0 0 0 0 0 0 0 0 0 0 0 0 0 0 0 0 0 0 0 0 0 0 0 0 0 0 100 0 0 0 0 
0 0 0 0 0 0 0 0 0 0 0 0 0 0 0 0 0 0 0 0 0 0 0 0 0 0 0 0 0 0 0 0 0 0 0 0 0 0 0 0 0 0 0 0 100 0 0 0 0 0 
0 0 0 0 0 0 0 0 0 0 0 0 0 0 0 0 0 0 0 0 0 0 0 0 0 0 0 0 0 0 0 0 0 0 0 0 0 0 0 0 0 0 0 0 0 0 100 0 0 0 
0 0 0 0 0 0 0 0 0 0 0 0 0 0 0 0 0 0 0 0 0 0 0 0 0 0 0 0 0 0 0 0 0 0 0 0 0 0 0 0 0 0 0 0 0 0 0 100 0 0 
0 0 0 0 0 0 0 0 0 0 0 0 0 0 0 0 0 0 0 0 0 0 0 0 0 0 0 0 0 0 0 0 0 0 0 0 0 0 0 0 0 0 0 0 0 0 0 0 0 100 
0 0 0 0 0 0 0 0 0 0 0 0 0 0 0 0 0 0 0 0 0 0 0 0 0 0 0 0 0 0 0 0 0 0 0 0 0 0 0 0 0 0 0 0 0 0 0 0 100 0 

Pair-order violations matrix
0 100 0 0 0 0 0 0 0 0 0 0 0 0 0 0 0 0 0 0 0 0 0 0 0 0 0 0 0 0 0 0 0 0 0 0 0 0 0 0 0 0 0 0 0 0 0 0 0 0 
100 0 0 0 0 0 0 0 0 0 0 0 0 0 0 0 0 0 0 0 0 0 0 0 0 0 0 0 0 0 0 0 0 0 0 0 0 0 0 0 0 0 0 0 0 0 0 0 0 0 
0 0 0 0 0 0 0 0 0 0 0 0 0 0 0 0 0 0 0 0 0 0 0 0 0 0 0 0 0 0 0 0 0 0 0 0 0 0 0 0 0 0 0 0 0 0 0 0 0 0 
0 0 0 0 100 0 0 0 0 0 0 0 0 0 0 0 0 0 0 0 0 0 0 0 0 0 0 0 0 0 0 0 0 0 0 0 0 0 0 0 0 0 0 0 0 0 0 0 0 0 
0 0 0 100 0 0 0 0 0 0 0 0 0 0 0 0 0 0 0 0 0 0 0 0 0 0 0 0 0 0 0 0 0 0 0 0 0 0 0 0 0 0 0 0 0 0 0 0 0 0 
0 0 0 0 0 0 0 0 0 0 0 0 0 0 0 0 0 0 0 0 0 0 0 0 0 0 0 0 0 0 0 0 0 0 0 0 0 0 0 0 0 0 0 0 0 0 0 0 0 0 
0 0 0 0 0 0 0 98 2 0 0 0 0 0 0 0 0 0 0 0 0 0 0 0 0 0 0 0 0 0 0 0 0 0 0 0 0 0 0 0 0 0 0 0 0 0 0 0 0 0 
0 0 0 0 0 0 98 0 0 0 0 0 0 0 0 0 0 0 0 0 0 0 0 0 0 0 0 0 0 0 0 0 0 0 0 0 0 0 0 0 0 0 0 0 0 0 0 0 0 0 
0 0 0 0 0 0 2 0 0 0 0 0 0 0 0 0 0 0 0 0 0 0 0 0 0 0 0 0 0 0 0 0 0 0 0 0 0 0 0 0 0 0 0 0 0 0 0 0 0 0 
0 0 0 0 0 0 0 0 0 0 0 0 0 0 0 0 0 0 0 0 0 0 0 0 0 0 0 0 0 0 0 0 0 0 0 0 0 0 0 0 0 0 0 0 0 0 0 0 0 0 
0 0 0 0 0 0 0 0 0 0 0 0 0 0 0 0 0 0 0 0 0 0 0 0 0 0 0 0 0 0 0 0 0 0 0 0 0 0 0 0 0 0 0 0 0 0 0 0 0 0 
0 0 0 0 0 0 0 0 0 0 0 0 0 0 0 0 0 0 0 0 0 0 0 0 0 0 0 0 0 0 0 0 0 0 0 0 0 0 0 0 0 0 0 0 0 0 0 0 0 0 
0 0 0 0 0 0 0 0 0 0 0 0 0 11 0 1 0 0 0 0 0 0 0 0 0 0 0 0 0 0 0 0 0 0 0 0 0 0 0 0 0 0 0 0 0 0 0 0 0 0 
0 0 0 0 0 0 0 0 0 0 0 0 11 0 0 0 0 0 0 0 0 0 0 0 0 0 0 0 0 0 0 0 0 0 0 0 0 0 0 0 0 0 0 0 0 0 0 0 0 0 
0 0 0 0 0 0 0 0 0 0 0 0 0 0 0 99 0 0 1 0 0 0 0 0 0 0 0 0 0 0 0 0 0 0 0 0 0 0 0 0 0 0 0 0 0 0 0 0 0 0 
0 0 0 0 0 0 0 0 0 0 0 0 1 0 99 0 0 0 0 0 0 0 0 0 0 0 0 0 0 0 0 0 0 0 0 0 0 0 0 0 0 0 0 0 0 0 0 0 0 0 
0 0 0 0 0 0 0 0 0 0 0 0 0 0 0 0 0 97 100 0 0 0 0 0 0 0 0 0 0 0 0 0 0 0 0 0 0 0 0 0 0 0 0 0 0 0 0 0 0 0 
0 0 0 0 0 0 0 0 0 0 0 0 0 0 0 0 97 0 98 0 0 0 0 0 0 0 0 0 0 0 0 0 0 0 0 0 0 0 0 0 0 0 0 0 0 0 0 0 0 0 
0 0 0 0 0 0 0 0 0 0 0 0 0 0 1 0 100 98 0 0 0 0 0 0 0 0 0 0 0 0 0 0 0 0 0 0 0 0 0 0 0 0 0 0 0 0 0 0 0 0 
0 0 0 0 0 0 0 0 0 0 0 0 0 0 0 0 0 0 0 0 0 0 0 0 0 0 0 0 0 0 0 0 0 0 0 0 0 0 0 0 0 0 0 0 0 0 0 0 0 0 
0 0 0 0 0 0 0 0 0 0 0 0 0 0 0 0 0 0 0 0 0 4 0 0 0 0 0 0 0 0 0 0 0 0 0 0 0 0 0 0 0 0 0 0 0 0 0 0 0 0 
0 0 0 0 0 0 0 0 0 0 0 0 0 0 0 0 0 0 0 0 4 0 0 2 0 0 0 0 0 0 0 0 0 0 0 0 0 0 0 0 0 0 0 0 0 0 0 0 0 0 
0 0 0 0 0 0 0 0 0 0 0 0 0 0 0 0 0 0 0 0 0 0 0 9 0 0 0 0 0 0 0 0 0 0 0 0 0 0 0 0 0 0 0 0 0 0 0 0 0 0 
0 0 0 0 0 0 0 0 0 0 0 0 0 0 0 0 0 0 0 0 0 2 9 0 0 0 0 0 0 0 0 0 0 0 0 0 0 0 0 0 0 0 0 0 0 0 0 0 0 0 
0 0 0 0 0 0 0 0 0 0 0 0 0 0 0 0 0 0 0 0 0 0 0 0 0 2 0 0 0 0 0 0 0 0 0 0 0 0 0 0 0 0 0 0 0 0 0 0 0 0 
0 0 0 0 0 0 0 0 0 0 0 0 0 0 0 0 0 0 0 0 0 0 0 0 2 0 0 0 0 0 0 0 0 0 0 0 0 0 0 0 0 0 0 0 0 0 0 0 0 0 
0 0 0 0 0 0 0 0 0 0 0 0 0 0 0 0 0 0 0 0 0 0 0 0 0 0 0 5 0 0 0 0 0 0 0 0 0 0 0 0 0 0 0 0 0 0 0 0 0 0 
0 0 0 0 0 0 0 0 0 0 0 0 0 0 0 0 0 0 0 0 0 0 0 0 0 0 5 0 2 0 0 0 0 0 0 0 0 0 0 0 0 0 0 0 0 0 0 0 0 0 
0 0 0 0 0 0 0 0 0 0 0 0 0 0 0 0 0 0 0 0 0 0 0 0 0 0 0 2 0 0 0 0 0 0 0 0 0 0 0 0 0 0 0 0 0 0 0 0 0 0 
0 0 0 0 0 0 0 0 0 0 0 0 0 0 0 0 0 0 0 0 0 0 0 0 0 0 0 0 0 0 7 0 0 0 0 0 0 0 0 0 0 0 0 0 0 0 0 0 0 0 
0 0 0 0 0 0 0 0 0 0 0 0 0 0 0 0 0 0 0 0 0 0 0 0 0 0 0 0 0 7 0 1 0 0 0 0 0 0 0 0 0 0 0 0 0 0 0 0 0 0 
0 0 0 0 0 0 0 0 0 0 0 0 0 0 0 0 0 0 0 0 0 0 0 0 0 0 0 0 0 0 1 0 2 0 0 0 0 0 0 0 0 0 0 0 0 0 0 0 0 0 
0 0 0 0 0 0 0 0 0 0 0 0 0 0 0 0 0 0 0 0 0 0 0 0 0 0 0 0 0 0 0 2 0 0 0 0 0 0 0 0 0 0 0 0 0 0 0 0 0 0 
0 0 0 0 0 0 0 0 0 0 0 0 0 0 0 0 0 0 0 0 0 0 0 0 0 0 0 0 0 0 0 0 0 0 0 0 0 0 0 0 0 0 0 0 0 0 0 0 0 0 
0 0 0 0 0 0 0 0 0 0 0 0 0 0 0 0 0 0 0 0 0 0 0 0 0 0 0 0 0 0 0 0 0 0 0 3 0 0 0 0 0 0 0 0 0 0 0 0 0 0 
0 0 0 0 0 0 0 0 0 0 0 0 0 0 0 0 0 0 0 0 0 0 0 0 0 0 0 0 0 0 0 0 0 0 3 0 0 0 0 0 0 0 0 0 0 0 0 0 0 0 
0 0 0 0 0 0 0 0 0 0 0 0 0 0 0 0 0 0 0 0 0 0 0 0 0 0 0 0 0 0 0 0 0 0 0 0 0 0 4 0 0 0 0 0 0 0 0 0 0 0 
0 0 0 0 0 0 0 0 0 0 0 0 0 0 0 0 0 0 0 0 0 0 0 0 0 0 0 0 0 0 0 0 0 0 0 0 0 0 97 1 0 0 0 0 0 0 0 0 0 0 
0 0 0 0 0 0 0 0 0 0 0 0 0 0 0 0 0 0 0 0 0 0 0 0 0 0 0 0 0 0 0 0 0 0 0 0 4 97 0 1 0 0 0 0 0 0 0 0 0 0 
0 0 0 0 0 0 0 0 0 0 0 0 0 0 0 0 0 0 0 0 0 0 0 0 0 0 0 0 0 0 0 0 0 0 0 0 0 1 1 0 0 0 0 0 0 0 0 0 0 0 
0 0 0 0 0 0 0 0 0 0 0 0 0 0 0 0 0 0 0 0 0 0 0 0 0 0 0 0 0 0 0 0 0 0 0 0 0 0 0 0 0 1 0 0 0 0 0 0 0 0 
0 0 0 0 0 0 0 0 0 0 0 0 0 0 0 0 0 0 0 0 0 0 0 0 0 0 0 0 0 0 0 0 0 0 0 0 0 0 0 0 1 0 0 0 0 0 0 0 0 0 
0 0 0 0 0 0 0 0 0 0 0 0 0 0 0 0 0 0 0 0 0 0 0 0 0 0 0 0 0 0 0 0 0 0 0 0 0 0 0 0 0 0 0 1 0 0 0 0 0 0 
0 0 0 0 0 0 0 0 0 0 0 0 0 0 0 0 0 0 0 0 0 0 0 0 0 0 0 0 0 0 0 0 0 0 0 0 0 0 0 0 0 0 1 0 0 0 0 0 0 0 
0 0 0 0 0 0 0 0 0 0 0 0 0 0 0 0 0 0 0 0 0 0 0 0 0 0 0 0 0 0 0 0 0 0 0 0 0 0 0 0 0 0 0 0 0 100 0 0 0 0 
0 0 0 0 0 0 0 0 0 0 0 0 0 0 0 0 0 0 0 0 0 0 0 0 0 0 0 0 0 0 0 0 0 0 0 0 0 0 0 0 0 0 0 0 100 0 0 0 0 0 
0 0 0 0 0 0 0 0 0 0 0 0 0 0 0 0 0 0 0 0 0 0 0 0 0 0 0 0 0 0 0 0 0 0 0 0 0 0 0 0 0 0 0 0 0 0 0 0 0 0 
0 0 0 0 0 0 0 0 0 0 0 0 0 0 0 0 0 0 0 0 0 0 0 0 0 0 0 0 0 0 0 0 0 0 0 0 0 0 0 0 0 0 0 0 0 0 0 0 0 0 
0 0 0 0 0 0 0 0 0 0 0 0 0 0 0 0 0 0 0 0 0 0 0 0 0 0 0 0 0 0 0 0 0 0 0 0 0 0 0 0 0 0 0 0 0 0 0 0 0 100 
0 0 0 0 0 0 0 0 0 0 0 0 0 0 0 0 0 0 0 0 0 0 0 0 0 0 0 0 0 0 0 0 0 0 0 0 0 0 0 0 0 0 0 0 0 0 0 0 100 0 

Rho histogram: 
0 0 0 0 0 0 0 0 0 0 0 0 0 0 0 0 0 0 0 100 

Summary:
objF nSamp nIter rhoMean rhoStDev rProp hitsProp rankHitsProp seconds
Gar37 50 100 0.9988830732292919 0.00013139438796791852 0 0 0.66 142.95083774
