=======================================================
Objective function:  Ham
Matrix:  I50.csv
Iterations:  100
Heuristic for search:  RobSA3
Improvement function # 0
Window width for improvement:  0
Heuristic for improvement:  RobSA3
Seed:  33
=======================================================

Best permutations: 
1 0 2 3 4 5 6 7 8 9 11 10 12 13 15 14 18 16 17 19 20 21 22 23 24 25 26 27 28 29 30 31 32 33 35 37 36 34 38 39 40 41 42 43 45 44 46 48 47 49 
1 0 2 3 4 5 6 7 8 9 11 10 12 13 15 14 18 16 17 19 20 21 22 23 24 25 26 27 28 29 30 31 32 36 37 35 33 34 38 39 40 41 42 43 45 44 46 48 47 49 
1 0 2 3 4 5 6 7 8 9 11 10 12 13 15 14 16 18 17 19 20 21 22 23 24 27 25 26 28 29 30 31 32 33 34 35 37 36 38 39 40 41 42 43 46 44 45 47 48 49 
1 0 2 3 4 5 6 7 8 9 11 10 12 13 15 14 18 16 17 19 20 21 22 23 24 25 26 27 28 29 30 31 32 33 35 37 36 34 38 39 40 41 43 42 44 45 46 48 47 49 
1 0 2 3 4 5 6 7 8 9 11 10 12 13 15 14 18 16 17 19 20 21 22 23 24 25 26 27 28 29 30 31 32 33 35 34 36 37 38 39 40 41 42 43 45 44 46 48 47 49 
1 0 2 3 4 5 6 7 8 9 11 10 12 13 15 14 18 16 17 19 20 21 22 23 24 25 26 27 28 29 30 31 32 33 35 37 36 34 38 39 40 41 42 43 45 44 46 48 47 49 
1 0 2 3 4 5 6 7 8 9 11 10 12 13 15 14 16 18 17 19 20 21 22 23 24 25 26 27 28 29 33 35 37 39 36 31 30 32 34 38 40 41 42 43 45 44 46 48 47 49 
1 0 2 3 4 5 6 7 8 9 11 10 12 13 15 14 18 16 17 19 20 21 22 23 24 25 26 27 28 29 30 31 32 33 35 37 36 34 38 39 40 41 42 43 45 44 46 48 47 49 
1 0 2 3 4 5 6 7 8 9 11 10 12 13 15 14 18 16 17 19 20 21 22 23 24 25 26 27 28 29 30 31 32 33 35 37 36 34 38 39 40 41 42 43 46 44 45 47 48 49 
27 24 21 18 16 15 13 11 10 8 4 1 0 2 3 5 6 7 9 12 14 17 19 20 22 23 25 26 28 29 30 31 32 33 35 34 36 37 38 39 40 41 42 43 46 44 45 47 48 49 
27 24 23 21 18 16 15 13 11 10 8 4 1 0 2 3 5 6 7 9 12 14 17 19 20 22 25 26 28 29 30 31 32 33 35 37 36 34 38 39 40 41 42 43 46 44 45 47 48 49 
27 24 23 21 18 16 17 14 15 13 11 9 7 5 2 0 1 3 4 6 8 10 12 19 20 22 25 26 28 29 30 31 32 33 35 34 36 37 38 39 40 41 43 42 44 45 46 48 47 49 
1 0 2 3 4 5 6 7 8 9 11 10 12 13 15 14 17 19 22 21 18 16 20 23 24 25 26 27 28 29 30 31 32 33 34 35 37 36 38 39 40 41 42 43 46 44 45 47 48 49 
1 0 2 3 4 5 6 7 8 9 11 10 12 13 15 14 18 16 17 19 20 21 22 23 24 25 26 27 28 29 30 32 36 37 35 33 31 34 38 39 40 41 42 43 45 44 46 48 47 49 
1 0 2 3 4 5 6 7 8 9 11 10 12 13 15 14 17 16 18 21 23 24 27 28 25 22 19 20 26 29 30 31 32 33 35 37 36 34 38 39 40 41 43 42 44 45 46 48 47 49 
27 24 23 22 20 19 17 16 14 12 10 8 7 5 3 1 0 2 4 6 9 11 13 15 18 21 25 26 28 29 30 31 32 33 35 37 36 34 38 39 40 41 42 43 46 44 45 47 48 49 
27 24 23 20 19 18 16 15 14 12 10 7 1 0 2 3 4 5 6 8 9 11 13 17 21 22 25 26 28 29 30 31 32 33 35 34 36 37 39 38 40 41 42 43 46 44 45 47 48 49 
18 14 12 10 7 5 3 2 0 1 4 6 8 9 11 13 15 16 17 19 20 21 22 23 24 25 26 27 28 29 30 31 32 33 34 35 37 36 38 39 40 41 42 43 46 44 45 47 48 49 
12 10 8 4 1 0 2 3 5 6 7 9 11 13 15 14 18 16 17 19 20 21 22 23 24 25 26 27 28 29 30 31 32 33 35 34 36 37 38 39 40 41 42 43 46 44 45 47 48 49 
1 0 2 3 4 5 6 7 8 9 11 10 12 13 15 14 18 16 17 19 20 21 22 23 24 25 26 27 28 29 30 31 32 33 34 35 37 36 38 39 40 41 42 43 46 44 45 47 48 49 
1 0 2 3 4 5 6 7 8 9 11 10 12 13 15 14 18 16 17 19 20 21 22 23 24 25 26 27 28 29 30 31 32 33 35 37 36 34 38 39 40 41 42 43 46 44 45 47 48 49 
1 0 2 3 4 5 6 7 8 9 11 10 12 13 15 14 18 16 17 19 20 21 22 23 24 25 26 27 28 29 30 31 32 33 35 34 36 37 38 39 40 41 42 43 46 44 45 47 48 49 
1 0 2 3 4 5 6 7 8 9 11 10 12 13 15 14 18 16 17 19 20 21 22 23 24 25 26 27 28 29 30 31 32 33 34 35 37 36 38 39 40 41 42 43 45 44 46 48 47 49 
1 0 2 3 4 5 6 7 8 11 9 10 12 13 15 14 17 16 18 19 20 21 22 23 24 25 26 27 28 29 30 31 32 33 35 34 36 37 38 40 39 41 42 43 45 44 46 48 47 49 
1 0 2 3 4 5 6 7 8 9 11 10 12 13 15 14 16 18 17 19 20 21 22 23 24 25 26 27 28 30 29 32 31 36 38 34 33 35 37 39 40 41 42 43 46 44 45 47 48 49 
1 0 2 3 4 5 7 6 8 9 11 10 12 13 15 14 18 16 17 19 20 21 22 23 24 29 32 31 30 28 26 25 27 36 37 35 33 34 38 39 40 41 42 43 46 44 45 47 48 49 
1 0 2 3 4 5 6 7 8 9 11 10 12 13 15 14 18 16 17 19 20 21 22 23 24 25 26 27 28 29 30 31 32 33 35 34 36 37 38 39 40 41 42 43 45 44 46 48 47 49 
27 24 23 18 16 15 12 10 8 7 5 3 2 0 1 4 6 9 11 13 14 17 19 20 22 21 25 26 28 29 30 31 32 33 35 37 36 34 38 39 40 41 42 43 46 44 45 47 48 49 
1 0 2 3 4 5 6 7 8 9 11 10 12 13 15 14 18 16 17 19 20 22 21 23 24 27 30 31 32 29 26 25 28 38 34 33 35 37 36 39 40 41 42 43 46 48 47 45 44 49 
1 0 2 3 4 5 6 7 8 9 11 10 12 13 15 14 16 18 17 19 20 21 22 23 24 25 27 30 32 34 38 37 35 33 29 26 28 31 36 39 41 40 42 43 46 44 45 47 48 49 
1 0 2 3 4 5 6 7 8 9 11 10 12 13 15 14 18 16 17 19 20 21 22 25 26 29 30 28 23 24 27 31 32 33 35 37 36 34 38 39 40 41 42 43 45 44 46 48 47 49 
1 0 2 3 4 5 6 7 8 9 11 10 12 13 15 14 18 16 17 19 20 21 22 23 24 25 26 27 28 29 30 31 32 33 35 37 36 34 38 39 40 41 42 43 46 48 47 45 44 49 
1 0 2 3 4 5 6 7 8 9 11 10 12 13 17 19 20 16 15 14 18 21 22 25 23 24 27 26 28 29 30 31 32 33 35 37 36 34 38 39 40 41 42 43 46 44 45 47 48 49 
1 0 2 3 4 5 6 7 8 9 11 10 12 13 15 14 18 16 17 19 20 21 22 23 24 25 26 27 28 30 29 32 34 36 31 33 35 37 38 39 40 41 42 43 46 44 45 47 48 49 
1 0 2 3 4 5 6 7 8 9 11 10 12 13 15 14 18 16 17 19 20 21 22 23 24 25 26 27 28 29 30 31 32 33 35 37 36 34 38 39 40 41 42 43 45 44 46 48 47 49 
27 24 23 21 18 12 10 7 5 2 0 1 3 4 6 8 9 11 13 15 14 16 17 19 20 22 25 26 28 29 30 31 32 33 35 34 38 36 37 39 40 41 42 43 45 44 46 48 47 49 
1 0 2 3 4 5 6 7 8 9 12 10 11 13 15 14 16 18 17 19 20 21 22 23 24 25 26 27 28 29 30 31 32 33 35 37 36 34 38 39 40 41 43 42 44 45 46 48 47 49 
23 24 20 19 18 14 12 10 7 5 3 2 0 1 4 6 8 9 11 13 15 16 17 21 22 25 26 27 28 29 30 31 32 33 35 37 36 34 38 39 40 41 42 43 46 44 45 47 48 49 
1 0 2 3 4 5 6 7 8 9 11 10 12 13 15 14 18 16 17 19 20 21 22 23 24 25 26 27 28 29 30 31 32 33 34 35 37 36 38 39 40 41 42 43 46 44 45 47 48 49 
1 0 2 3 4 5 6 7 8 9 11 10 12 13 15 14 18 16 17 19 20 21 22 23 24 27 25 26 28 29 30 31 32 33 34 35 37 36 38 39 40 41 42 43 46 44 45 47 48 49 
27 24 21 19 17 16 14 15 13 9 8 6 5 3 2 0 1 4 7 10 11 12 18 20 22 23 25 26 28 29 30 31 32 33 35 37 40 42 41 39 36 34 38 44 45 47 49 48 46 43 
1 0 2 3 4 5 6 7 8 9 11 10 12 13 15 14 18 16 17 19 20 21 22 23 24 25 27 26 28 29 30 31 32 33 35 37 36 34 38 39 40 41 42 43 46 44 45 47 48 49 
1 0 2 3 4 5 6 7 8 9 10 11 14 17 16 15 13 12 18 19 20 21 22 23 24 25 26 27 28 29 30 31 32 33 35 34 36 37 38 39 40 41 42 43 46 44 45 47 48 49 
1 0 2 3 4 5 6 7 8 9 11 10 12 14 16 20 19 17 15 13 18 21 22 23 24 25 26 27 28 30 29 32 31 33 34 35 37 36 38 39 40 43 41 42 44 45 46 48 47 49 
1 0 2 3 4 5 6 7 8 9 11 10 12 13 15 14 18 16 17 19 20 21 22 23 24 25 26 27 28 29 30 31 32 33 35 37 36 34 38 39 40 41 42 43 46 44 45 47 48 49 
1 0 2 3 4 5 6 7 8 9 10 11 12 13 15 14 18 16 17 19 20 21 22 23 24 27 25 26 28 29 30 31 32 33 35 37 36 34 38 39 40 41 42 43 45 44 46 48 47 49 
27 24 23 22 19 17 16 14 15 13 10 7 5 3 2 0 1 4 6 8 9 11 12 18 20 21 25 26 28 29 30 31 32 33 35 37 36 34 38 39 40 41 42 43 45 44 46 48 47 49 
1 0 2 3 4 5 6 7 8 9 11 10 12 13 15 14 18 16 17 19 20 21 22 23 24 27 25 26 28 29 30 31 32 33 34 35 37 36 38 39 40 41 42 43 46 44 45 47 48 49 
1 0 2 3 4 5 6 7 8 9 11 10 12 13 15 14 17 16 18 19 20 21 22 23 24 25 26 27 28 29 30 31 32 33 35 37 36 34 38 39 40 41 42 43 45 44 46 48 47 49 
1 0 2 3 4 5 6 7 8 9 11 10 12 13 15 14 18 16 17 19 20 21 22 25 23 24 27 26 28 30 29 31 32 33 34 35 37 36 38 39 40 41 42 43 45 44 46 48 47 49 
1 0 2 3 4 6 5 7 8 9 11 10 12 13 15 16 18 20 19 17 14 21 22 23 24 25 26 27 28 29 30 31 32 33 35 37 36 34 38 39 40 41 43 42 44 45 46 48 47 49 
1 0 2 3 4 5 6 7 8 9 11 10 12 13 14 15 18 16 17 19 20 21 22 23 24 25 26 27 28 29 30 31 32 33 35 37 36 34 38 39 40 41 43 42 44 45 46 48 47 49 
27 24 23 20 19 17 14 12 11 10 5 3 2 0 1 4 6 7 8 9 13 15 16 18 21 22 25 26 28 29 30 31 32 33 35 37 36 34 38 39 40 41 42 43 45 44 46 48 47 49 
12 9 6 4 1 0 2 3 5 7 8 10 11 13 15 14 18 16 17 19 20 21 22 23 24 25 26 27 28 29 30 31 32 33 34 35 37 36 38 39 40 41 42 43 46 44 45 47 48 49 
1 0 2 3 4 5 6 7 8 9 11 10 12 13 15 14 18 16 17 19 20 21 22 23 24 25 26 27 28 29 30 31 32 33 35 37 36 34 38 39 40 41 43 42 44 45 46 48 47 49 
1 0 2 3 4 5 6 7 8 9 10 11 12 13 15 14 18 16 17 19 20 21 22 23 24 25 26 27 28 30 29 31 32 33 35 34 38 36 37 39 40 41 43 42 44 45 46 48 47 49 
1 0 2 3 4 5 6 7 8 9 11 10 12 13 15 14 18 16 17 19 20 21 22 23 24 27 25 26 28 30 29 31 32 33 35 34 36 37 38 39 40 41 42 43 46 44 45 47 48 49 
1 0 2 3 4 5 6 7 8 9 11 10 12 13 15 14 18 16 17 19 20 21 22 23 24 25 26 27 28 29 30 31 32 33 35 37 36 34 38 39 40 41 43 42 44 45 46 48 47 49 
1 0 2 3 4 5 6 7 8 9 10 11 12 13 15 14 18 16 17 19 20 21 22 23 24 27 25 26 28 29 30 31 32 33 35 37 36 34 38 39 40 41 43 42 44 45 46 48 47 49 
27 24 23 21 18 16 12 9 8 7 6 5 4 3 2 0 1 10 11 13 15 14 17 19 20 22 25 26 28 29 30 31 32 33 35 37 36 34 38 39 40 41 43 42 44 45 46 48 47 49 
12 10 6 4 1 0 2 3 5 7 8 9 11 13 15 14 18 16 17 19 20 21 22 23 24 25 26 27 28 30 29 32 31 33 35 37 36 34 38 39 40 41 42 43 45 44 46 48 47 49 
1 0 2 3 4 5 6 7 8 9 11 10 12 13 15 14 18 16 17 19 20 21 22 23 24 25 26 27 28 29 30 31 32 33 35 37 36 34 38 39 40 41 42 43 46 44 45 47 48 49 
1 0 2 3 4 5 6 7 8 9 11 10 12 13 15 14 18 16 17 19 20 21 22 23 24 25 26 27 28 29 30 31 32 33 35 34 36 37 38 39 40 41 42 43 46 44 45 47 48 49 
1 0 2 3 4 5 6 7 8 9 11 10 12 13 18 21 17 14 15 16 19 20 22 23 24 27 25 26 28 29 30 31 32 33 35 34 36 37 38 39 40 41 43 42 44 45 46 48 47 49 
27 24 23 21 18 16 14 12 10 7 4 1 0 2 3 5 6 8 9 11 13 15 17 19 20 22 25 26 28 29 30 31 32 33 35 34 36 37 38 39 40 41 42 43 46 44 45 47 48 49 
1 0 2 3 4 5 6 7 8 9 11 10 12 13 15 14 18 16 17 19 20 21 22 23 24 25 26 27 28 30 29 33 31 32 34 35 37 36 38 39 40 41 42 43 45 44 46 48 47 49 
1 0 2 3 4 5 6 7 8 9 11 10 12 13 15 14 18 16 17 19 20 21 22 23 24 25 26 27 28 29 30 31 32 33 34 35 37 36 38 39 40 41 43 42 44 45 46 48 47 49 
12 10 5 3 2 0 1 4 6 7 8 9 11 13 15 14 18 16 17 19 20 21 22 23 24 25 26 27 28 29 30 31 32 33 35 37 36 34 38 39 40 41 43 42 44 45 46 48 47 49 
1 0 2 3 4 5 6 7 8 9 11 10 12 13 15 14 18 16 17 19 20 21 22 23 24 25 26 27 28 29 30 31 32 33 35 37 36 34 38 39 40 41 42 43 45 44 46 48 47 49 
1 0 2 3 4 5 6 7 8 9 11 10 12 13 15 14 18 16 17 19 20 21 22 23 24 25 26 27 28 29 30 31 32 33 35 37 36 34 38 39 40 41 42 43 45 44 46 48 47 49 
1 0 2 3 4 5 6 7 8 9 11 10 12 13 17 19 20 16 15 14 18 21 22 25 23 24 27 26 28 29 30 31 32 33 35 37 36 34 38 39 40 41 42 43 45 44 46 48 47 49 
1 0 2 3 4 5 6 7 8 9 11 10 12 13 15 14 17 19 20 25 22 18 16 21 23 24 27 26 28 29 30 31 32 33 35 37 36 34 38 39 40 41 42 43 46 44 45 47 48 49 
1 0 2 3 4 5 6 7 8 9 10 11 12 13 18 21 20 19 16 14 15 17 22 23 24 25 26 27 28 29 30 31 32 33 35 37 36 34 38 39 40 41 42 43 45 44 46 48 47 49 
1 0 2 3 4 5 6 7 8 9 11 10 12 13 15 14 18 16 17 19 20 21 22 23 24 25 26 27 28 29 30 31 32 33 34 35 37 36 38 39 40 41 43 42 44 45 46 48 47 49 
27 24 23 21 12 10 9 6 5 4 1 0 2 3 7 8 11 13 15 14 18 16 17 19 20 22 25 26 28 29 30 31 32 33 35 37 36 34 38 39 40 41 42 43 46 44 45 47 48 49 
1 0 2 3 4 5 6 7 8 9 11 10 12 13 15 14 17 16 18 20 19 21 22 23 24 25 26 27 28 29 30 31 32 33 35 37 36 34 38 39 40 41 42 43 46 44 45 47 48 49 
1 0 2 3 4 5 6 7 8 9 11 10 12 13 15 14 17 21 23 24 27 26 25 22 18 16 19 20 28 30 33 35 37 39 36 32 29 31 34 38 40 41 42 43 45 44 46 48 47 49 
1 0 2 3 4 5 6 7 8 9 11 10 12 13 15 14 18 16 17 19 20 21 22 23 25 29 33 32 31 30 27 24 26 28 36 37 35 34 38 39 40 41 42 43 45 44 46 48 47 49 
1 0 2 3 4 6 5 7 8 9 11 10 12 13 15 14 18 19 20 16 17 21 22 23 24 25 26 27 28 30 29 32 31 33 35 37 36 34 38 39 40 41 42 43 45 44 46 48 47 49 
23 22 21 18 16 14 12 10 7 5 4 2 0 1 3 6 8 9 11 13 15 17 19 20 24 25 26 27 28 29 30 31 32 33 35 37 36 34 38 39 40 41 42 43 46 44 45 47 48 49 
12 10 7 5 3 2 0 1 4 6 8 9 11 13 15 14 18 16 17 19 20 21 22 23 24 25 26 27 28 29 30 31 32 33 35 37 36 34 38 39 40 41 42 43 45 44 46 48 47 49 
1 0 2 3 4 5 6 7 8 9 11 10 12 13 15 14 18 16 17 19 20 21 22 23 24 25 26 27 28 29 30 31 32 33 35 34 36 37 38 39 40 41 42 43 45 44 46 48 47 49 
12 10 8 6 4 1 0 2 3 5 7 9 11 13 14 15 16 18 17 19 20 21 22 23 24 25 26 27 28 29 30 31 32 36 38 34 33 35 37 39 40 41 42 43 46 44 45 47 48 49 
1 0 2 3 4 5 6 7 8 9 11 10 12 13 15 14 18 16 17 19 20 21 22 25 23 24 27 26 28 29 30 31 32 36 37 35 33 34 38 39 40 41 43 42 44 45 46 48 47 49 
1 0 2 3 4 5 6 7 8 9 11 10 12 13 15 14 18 16 17 19 20 21 22 23 24 25 26 27 28 29 30 31 32 33 35 37 36 34 38 39 40 41 43 42 44 45 46 48 47 49 
1 0 2 3 4 5 6 7 8 9 11 10 12 13 15 14 18 16 17 19 20 21 22 23 24 25 26 27 28 29 30 31 32 33 35 37 36 34 38 39 40 41 42 43 46 44 45 47 48 49 
1 0 2 3 4 5 6 7 8 9 11 10 12 13 15 14 18 16 17 19 20 21 22 23 24 25 26 27 28 30 29 31 32 33 34 35 37 36 38 39 40 41 42 43 46 44 45 47 48 49 
1 0 2 3 4 5 6 7 8 9 11 10 12 13 15 14 18 16 17 19 20 21 22 25 23 24 27 30 34 32 31 28 26 29 33 35 37 36 38 39 40 41 42 43 45 44 46 48 47 49 
1 0 2 3 4 5 6 7 8 9 11 10 12 13 15 14 18 16 17 19 20 21 22 25 23 24 27 26 28 30 29 32 31 33 34 35 37 36 38 39 40 41 42 43 45 44 46 48 47 49 
1 0 2 3 4 5 6 7 8 9 10 11 12 13 15 14 17 16 18 19 20 21 22 23 24 25 26 27 28 29 30 31 32 33 34 35 37 36 38 39 40 41 42 43 46 48 47 45 44 49 
43 40 39 37 33 29 27 26 25 24 23 22 20 19 17 14 12 10 7 6 5 4 1 0 2 3 8 9 11 13 15 16 18 21 28 30 31 32 35 34 36 38 41 42 44 45 46 48 47 49 
12 10 7 5 3 1 0 2 4 6 8 9 11 13 15 14 18 16 17 19 20 21 22 23 24 25 26 27 28 29 30 31 32 33 35 37 36 34 38 39 40 41 42 43 45 44 46 48 47 49 
1 0 2 3 4 5 6 7 8 9 11 10 12 13 15 14 17 16 18 19 20 21 22 23 24 25 26 27 28 29 30 31 32 33 35 37 36 34 38 39 40 41 42 43 46 44 45 47 48 49 
1 0 2 3 4 5 6 7 8 9 11 10 12 13 15 14 18 16 17 19 20 21 22 23 24 25 26 27 28 29 30 31 32 33 34 38 36 37 35 39 40 41 43 42 44 45 46 48 47 49 
27 24 23 21 18 14 12 10 8 6 4 1 0 2 3 5 7 9 11 13 15 16 17 19 20 22 25 26 28 29 30 31 32 33 35 37 36 34 38 39 40 41 42 43 45 44 46 48 47 49 
43 42 39 36 37 35 33 32 31 28 27 24 23 22 21 20 18 14 13 12 11 9 6 4 1 0 2 3 5 7 8 10 15 16 17 19 25 26 29 30 34 38 40 41 45 44 46 48 47 49 
1 0 2 3 4 5 6 7 8 9 11 10 12 13 15 14 18 16 17 19 20 21 22 23 24 25 26 27 28 29 30 31 32 33 35 34 36 37 38 39 40 41 42 43 45 44 46 48 47 49 
1 0 2 3 4 5 6 7 8 9 11 10 12 13 15 14 18 16 17 19 20 21 22 23 24 25 26 27 28 29 30 31 32 33 34 35 37 36 38 39 40 41 42 43 45 44 46 48 47 49 
1 0 2 3 4 5 6 7 8 9 11 10 12 13 15 14 18 16 17 19 20 21 22 23 24 27 25 26 28 29 30 31 32 33 35 37 36 34 38 39 40 41 43 42 44 45 46 48 47 49 
12 10 5 3 2 0 1 4 6 7 8 9 11 13 15 14 18 16 17 19 20 21 22 23 24 25 26 27 28 29 30 31 32 33 35 37 36 34 38 39 40 41 43 42 44 45 46 48 47 49 

Rank matrix
0 73 0 0 0 5 3 0 1 0 1 1 5 4 0 4 1 0 0 0 0 0 0 1 0 1 0 0 0 0 0 0 0 0 0 0 0 0 0 0 0 0 0 0 0 0 0 0 0 0 
73 0 0 0 3 2 2 1 0 1 1 4 2 2 2 1 4 0 0 0 0 0 1 0 1 0 0 0 0 0 0 0 0 0 0 0 0 0 0 0 0 0 0 0 0 0 0 0 0 0 
0 0 73 0 2 1 3 3 0 1 0 2 3 3 6 0 0 1 0 0 0 0 0 0 1 0 1 0 0 0 0 0 0 0 0 0 0 0 0 0 0 0 0 0 0 0 0 0 0 0 
0 0 0 75 2 0 1 3 1 0 1 2 1 4 5 2 0 1 0 0 0 0 0 0 0 1 0 1 0 0 0 0 0 0 0 0 0 0 0 0 0 0 0 0 0 0 0 0 0 0 
0 0 0 3 74 0 0 2 2 1 5 1 1 1 1 2 1 2 2 0 0 1 0 1 0 0 0 0 0 0 0 0 0 0 0 0 0 0 0 0 0 0 0 0 0 0 0 0 0 0 
0 0 2 2 0 72 2 0 5 3 2 1 2 2 0 3 1 1 0 0 1 0 0 0 0 0 0 0 1 0 0 0 0 0 0 0 0 0 0 0 0 0 0 0 0 0 0 0 0 0 
0 0 2 1 0 2 70 2 2 4 1 2 0 0 1 2 4 1 2 3 0 0 1 0 0 0 0 0 0 0 0 0 0 0 0 0 0 0 0 0 0 0 0 0 0 0 0 0 0 0 
0 0 2 0 1 0 1 73 2 7 2 2 2 0 1 0 1 2 3 0 0 0 0 0 0 0 0 0 0 1 0 0 0 0 0 0 0 0 0 0 0 0 0 0 0 0 0 0 0 0 
0 0 2 0 0 0 0 0 76 1 8 1 1 0 0 2 2 1 1 2 1 0 0 0 0 0 1 0 0 0 1 0 0 0 0 0 0 0 0 0 0 0 0 0 0 0 0 0 0 0 
0 1 0 0 0 0 1 1 0 73 1 8 0 1 0 0 1 4 2 2 3 1 0 0 0 0 0 1 0 0 0 0 0 0 0 0 0 0 0 0 0 0 0 0 0 0 0 0 0 0 
0 7 0 1 0 1 1 4 2 2 9 68 0 0 0 0 0 2 0 1 0 1 0 0 0 0 0 0 0 0 0 1 0 0 0 0 0 0 0 0 0 0 0 0 0 0 0 0 0 0 
0 0 0 0 0 0 0 1 2 1 66 6 9 0 1 0 1 1 5 1 2 3 0 0 0 0 0 0 1 0 0 0 0 0 0 0 0 0 0 0 0 0 0 0 0 0 0 0 0 0 
8 0 1 0 1 1 5 2 0 2 1 0 71 0 0 0 1 1 0 2 1 1 2 0 0 0 0 0 0 0 0 0 0 0 0 0 0 0 0 0 0 0 0 0 0 0 0 0 0 0 
0 0 0 0 0 0 1 1 1 2 0 0 0 79 0 1 1 1 2 6 2 0 2 0 0 0 0 0 0 1 0 0 0 0 0 0 0 0 0 0 0 0 0 0 0 0 0 0 0 0 
0 1 0 0 0 3 3 2 2 0 0 0 1 1 2 73 0 2 0 4 4 2 0 0 0 0 0 0 0 0 0 0 0 0 0 0 0 0 0 0 0 0 0 0 0 0 0 0 0 0 
0 0 0 0 0 2 1 2 2 0 0 0 0 0 73 3 1 0 5 1 5 2 0 1 0 0 0 0 0 0 1 0 1 0 0 0 0 0 0 0 0 0 0 0 0 0 0 0 0 0 
0 0 0 0 3 5 2 1 0 0 0 0 0 0 2 1 6 67 1 2 0 5 2 0 0 1 0 0 0 0 0 1 0 1 0 0 0 0 0 0 0 0 0 0 0 0 0 0 0 0 
0 0 0 0 1 2 2 0 0 0 0 0 0 1 3 0 10 1 65 1 1 4 7 1 0 0 0 0 0 0 0 0 0 0 1 0 0 0 0 0 0 0 0 0 0 0 0 0 0 0 
1 0 0 3 7 1 0 0 0 0 0 0 0 0 2 0 61 6 7 0 5 1 1 2 2 0 0 0 0 0 0 0 1 0 0 0 0 0 0 0 0 0 0 0 0 0 0 0 0 0 
0 0 0 2 3 1 0 0 0 0 0 0 0 1 0 2 1 4 1 70 2 0 3 7 0 0 2 0 0 0 0 0 0 0 0 1 0 0 0 0 0 0 0 0 0 0 0 0 0 0 
0 0 1 2 1 0 0 0 0 0 0 0 1 0 0 2 3 1 2 1 70 1 1 4 8 0 0 2 0 0 0 0 0 0 0 0 0 0 0 0 0 0 0 0 0 0 0 0 0 0 
0 0 3 7 0 0 0 0 0 0 0 0 0 0 1 2 0 1 0 2 0 75 1 2 2 3 0 0 0 0 0 0 0 1 0 0 0 0 0 0 0 0 0 0 0 0 0 0 0 0 
0 1 0 2 0 0 0 0 0 0 0 1 0 1 0 0 0 0 1 0 1 1 77 1 4 10 0 0 0 0 0 0 0 0 0 0 0 0 0 0 0 0 0 0 0 0 0 0 0 0 
2 0 12 0 0 0 0 0 0 0 1 0 1 0 0 0 0 0 1 0 1 0 0 72 7 2 0 0 1 0 0 0 0 0 0 0 0 0 0 0 0 0 0 0 0 0 0 0 0 0 
0 15 0 0 0 0 0 0 0 1 0 1 0 0 0 0 0 0 0 1 0 1 0 0 72 7 0 0 0 1 0 1 0 0 0 0 0 0 0 0 0 0 0 0 0 0 0 0 0 0 
0 0 0 0 0 0 0 0 1 0 0 0 0 0 0 0 0 0 0 1 0 0 1 7 2 63 22 0 0 0 0 2 0 0 0 0 1 0 0 0 0 0 0 0 0 0 0 0 0 0 
0 0 0 0 0 0 0 1 0 0 0 0 0 0 0 0 0 0 0 0 0 1 0 0 1 0 61 29 1 0 2 0 2 0 0 1 0 1 0 0 0 0 0 0 0 0 0 0 0 0 
14 0 0 0 0 0 1 0 0 0 1 0 0 0 0 0 0 0 0 0 1 0 1 0 0 9 9 61 0 0 2 0 1 0 0 0 0 0 0 0 0 0 0 0 0 0 0 0 0 0 
0 0 0 0 0 0 0 0 0 1 0 0 0 0 0 0 0 0 0 0 0 0 0 1 0 0 0 1 91 1 0 1 1 1 1 0 1 0 0 0 0 0 0 0 0 0 0 0 0 0 
0 0 0 0 0 1 0 0 0 0 0 0 0 0 0 0 0 0 0 0 0 0 0 0 0 3 0 0 0 81 11 0 0 1 1 0 1 0 1 0 0 0 0 0 0 0 0 0 0 0 
0 0 0 0 0 0 0 0 0 0 0 0 0 0 0 0 0 0 0 0 0 0 0 0 0 0 2 2 1 13 79 0 0 0 0 1 1 0 0 1 0 0 0 0 0 0 0 0 0 0 
0 0 0 0 0 0 0 0 1 0 0 0 0 0 0 0 0 0 0 0 0 0 0 0 0 0 0 2 1 0 1 83 6 0 1 1 2 2 0 0 0 0 0 0 0 0 0 0 0 0 
0 0 0 0 0 0 0 1 0 0 0 0 0 0 0 0 0 0 0 0 0 0 0 0 0 0 1 1 2 1 0 7 83 1 0 1 0 2 0 0 0 0 0 0 0 0 0 0 0 0 
0 0 0 0 1 0 1 0 0 0 0 0 0 0 0 0 0 0 0 0 0 0 0 0 0 0 1 0 0 0 2 1 0 85 1 3 5 0 0 0 0 0 0 0 0 0 0 0 0 0 
0 0 0 0 0 0 0 0 0 0 0 0 0 0 0 0 0 0 0 0 0 0 0 0 0 0 0 0 1 1 0 0 1 0 20 19 0 53 2 1 1 1 0 0 0 0 0 0 0 0 
0 0 0 0 0 1 0 0 0 0 0 0 0 0 0 0 0 0 0 0 0 0 0 0 0 0 0 0 0 0 0 2 1 0 67 22 3 2 2 0 0 0 0 0 0 0 0 0 0 0 
0 0 0 1 0 0 0 0 0 0 0 0 0 0 0 0 0 0 0 0 0 0 0 0 0 0 0 0 0 0 0 0 1 6 3 0 64 21 2 0 2 0 0 0 0 0 0 0 0 0 
0 0 0 1 1 0 0 0 0 0 0 0 0 0 0 0 0 0 0 0 0 0 0 0 0 0 0 0 0 0 0 1 2 1 3 50 19 18 4 0 0 0 0 0 0 0 0 0 0 0 
0 0 0 0 0 0 0 0 0 0 0 0 0 0 0 0 0 0 0 0 0 0 0 0 0 0 0 0 0 0 1 0 0 1 2 1 2 0 87 3 0 2 1 0 0 0 0 0 0 0 
0 0 2 0 0 0 0 0 0 0 0 0 0 0 0 0 0 0 0 0 0 0 0 0 0 0 0 0 0 0 0 0 0 2 0 0 0 0 1 94 1 0 0 0 0 0 0 0 0 0 
0 1 0 0 0 0 0 0 0 0 0 0 0 0 0 0 0 0 0 0 0 0 0 0 0 0 0 0 0 0 0 0 0 0 0 0 1 0 0 1 95 1 1 0 0 0 0 0 0 0 
0 0 0 0 0 0 0 0 0 0 0 0 0 0 0 0 0 0 0 0 0 0 0 0 0 0 0 0 0 0 0 0 0 0 0 0 0 0 1 0 1 95 2 1 0 0 0 0 0 0 
0 1 0 0 0 0 0 0 0 0 0 0 0 0 0 0 0 0 0 0 0 0 0 0 0 0 0 0 0 0 0 0 0 0 0 0 0 1 0 0 0 0 76 22 0 0 0 0 0 0 
2 0 0 0 0 0 0 0 0 0 0 0 0 0 0 0 0 0 0 0 0 0 0 0 0 0 0 0 0 0 0 0 0 0 0 0 0 0 0 0 0 1 20 76 0 0 0 0 0 1 
0 0 0 0 0 0 0 0 0 0 0 0 0 0 0 0 0 0 0 0 0 0 0 0 0 0 0 0 0 0 0 0 0 0 0 0 0 0 0 0 0 0 0 1 22 74 0 0 3 0 
0 0 0 0 0 0 0 0 0 0 0 0 0 0 0 0 0 0 0 0 0 0 0 0 0 0 0 0 0 0 0 0 0 0 0 0 0 0 0 0 0 0 0 0 37 22 38 3 0 0 
0 0 0 0 0 0 0 0 0 0 0 0 0 0 0 0 0 0 0 0 0 0 0 0 0 0 0 0 0 0 0 0 0 0 0 0 0 0 0 0 0 0 0 0 41 0 58 0 1 0 
0 0 0 0 0 0 0 0 0 0 0 0 0 0 0 0 0 0 0 0 0 0 0 0 0 0 0 0 0 0 0 0 0 0 0 0 0 0 0 0 0 0 0 0 0 1 3 38 58 0 
0 0 0 0 0 0 0 0 0 0 0 0 0 0 0 0 0 0 0 0 0 0 0 0 0 0 0 0 0 0 0 0 0 0 0 0 0 0 0 0 0 0 0 0 0 3 0 59 38 0 
0 0 0 0 0 0 0 0 0 0 0 0 0 0 0 0 0 0 0 0 0 0 0 0 0 0 0 0 0 0 0 0 0 0 0 0 0 0 0 0 0 0 0 0 0 0 1 0 0 99 

Pair-order violations matrix
0 87 13 12 13 17 9 14 9 6 22 5 22 6 13 7 11 6 13 7 6 11 5 16 17 1 1 16 1 1 0 1 1 2 0 1 1 2 0 2 1 0 1 2 0 0 0 0 0 0 
87 0 13 12 13 17 9 14 9 6 22 5 22 6 13 7 11 6 13 7 6 11 5 16 17 1 1 16 1 1 0 1 1 2 0 1 1 2 0 2 1 0 1 2 0 0 0 0 0 0 
13 13 0 12 13 17 9 14 9 6 22 5 22 6 13 7 11 6 13 7 6 11 5 16 17 1 1 16 1 1 0 1 1 2 0 1 1 2 0 2 1 0 1 2 0 0 0 0 0 0 
12 12 12 0 13 17 9 14 9 6 22 5 22 6 13 7 11 6 13 7 6 11 5 16 17 1 1 16 1 1 0 1 1 2 0 1 1 2 0 2 1 0 1 2 0 0 0 0 0 0 
13 13 13 13 0 17 9 14 9 6 22 5 22 6 13 7 11 6 13 7 6 11 5 16 17 1 1 16 1 1 0 1 1 2 0 1 1 2 0 2 1 0 1 2 0 0 0 0 0 0 
17 17 17 17 17 0 11 14 9 6 22 5 22 6 13 7 11 6 13 7 6 11 5 16 17 1 1 16 1 1 0 1 1 2 0 1 1 2 0 2 1 0 1 2 0 0 0 0 0 0 
9 9 9 9 9 11 0 15 9 6 22 5 22 6 13 7 11 6 13 7 6 11 5 16 17 1 1 16 1 1 0 1 1 2 0 1 1 2 0 2 1 0 1 2 0 0 0 0 0 0 
14 14 14 14 14 14 15 0 9 6 22 5 22 6 13 7 11 6 13 7 6 11 5 16 17 1 1 16 1 1 0 1 1 2 0 1 1 2 0 2 1 0 1 2 0 0 0 0 0 0 
9 9 9 9 9 9 9 9 0 6 22 5 22 6 13 7 11 6 13 7 6 11 5 16 17 1 1 16 1 1 0 1 1 2 0 1 1 2 0 2 1 0 1 2 0 0 0 0 0 0 
6 6 6 6 6 6 6 6 6 0 22 6 22 6 13 7 11 6 13 7 6 11 5 16 17 1 1 16 1 1 0 1 1 2 0 1 1 2 0 2 1 0 1 2 0 0 0 0 0 0 
22 22 22 22 22 22 22 22 22 22 0 71 23 6 13 7 11 6 13 7 6 11 5 16 17 1 1 16 1 1 0 1 1 2 0 1 1 2 0 2 1 0 1 2 0 0 0 0 0 0 
5 5 5 5 5 5 5 5 5 6 71 0 23 6 13 7 11 6 13 7 6 11 5 16 17 1 1 16 1 1 0 1 1 2 0 1 1 2 0 2 1 0 1 2 0 0 0 0 0 0 
22 22 22 22 22 22 22 22 22 22 23 23 0 7 14 8 12 7 13 7 6 11 5 16 17 1 1 16 1 1 0 1 1 2 0 1 1 2 0 2 1 0 1 2 0 0 0 0 0 0 
6 6 6 6 6 6 6 6 6 6 6 6 7 0 15 9 13 8 13 8 7 11 5 16 17 1 1 16 1 1 0 1 1 2 0 1 1 2 0 2 1 0 1 2 0 0 0 0 0 0 
13 13 13 13 13 13 13 13 13 13 13 13 14 15 0 82 15 10 16 11 10 13 5 16 17 1 1 16 1 1 0 1 1 2 0 1 1 2 0 2 1 0 1 2 0 0 0 0 0 0 
7 7 7 7 7 7 7 7 7 7 7 7 8 9 82 0 16 11 15 11 10 13 5 16 17 1 1 16 1 1 0 1 1 2 0 1 1 2 0 2 1 0 1 2 0 0 0 0 0 0 
11 11 11 11 11 11 11 11 11 11 11 11 12 13 15 16 0 18 78 13 11 15 8 17 18 3 2 17 1 1 0 1 1 2 0 1 1 2 0 2 1 0 1 2 0 0 0 0 0 0 
6 6 6 6 6 6 6 6 6 6 6 6 7 8 10 11 18 0 82 11 10 13 5 16 17 1 1 16 1 1 0 1 1 2 0 1 1 2 0 2 1 0 1 2 0 0 0 0 0 0 
13 13 13 13 13 13 13 13 13 13 13 13 13 13 16 15 78 82 0 12 10 13 8 17 18 3 2 17 1 1 0 1 1 2 0 1 1 2 0 2 1 0 1 2 0 0 0 0 0 0 
7 7 7 7 7 7 7 7 7 7 7 7 7 8 11 11 13 11 12 0 10 15 7 18 19 3 2 18 2 1 0 1 1 2 0 1 1 2 0 2 1 0 1 2 0 0 0 0 0 0 
6 6 6 6 6 6 6 6 6 6 6 6 6 7 10 10 11 10 10 10 0 16 8 18 19 3 2 18 2 1 0 1 1 2 0 1 1 2 0 2 1 0 1 2 0 0 0 0 0 0 
11 11 11 11 11 11 11 11 11 11 11 11 11 11 13 13 15 13 13 15 16 0 9 16 17 2 1 16 1 1 0 1 1 2 0 1 1 2 0 2 1 0 1 2 0 0 0 0 0 0 
5 5 5 5 5 5 5 5 5 5 5 5 5 5 5 5 8 5 8 7 8 9 0 18 19 4 2 18 2 1 0 1 1 2 0 1 1 2 0 2 1 0 1 2 0 0 0 0 0 0 
16 16 16 16 16 16 16 16 16 16 16 16 16 16 16 16 17 16 17 18 18 16 18 0 16 9 2 16 2 2 1 1 1 2 0 1 1 2 0 2 1 0 1 2 0 0 0 0 0 0 
17 17 17 17 17 17 17 17 17 17 17 17 17 17 17 17 18 17 18 19 19 17 19 16 0 10 2 17 2 3 2 2 2 3 0 1 1 2 0 2 1 0 1 2 0 0 0 0 0 0 
1 1 1 1 1 1 1 1 1 1 1 1 1 1 1 1 3 1 3 3 3 2 4 9 10 0 4 27 3 3 2 3 3 2 0 1 1 2 0 2 1 0 1 2 0 0 0 0 0 0 
1 1 1 1 1 1 1 1 1 1 1 1 1 1 1 1 2 1 2 2 2 1 2 2 2 4 0 37 4 5 5 5 6 4 2 2 1 3 1 2 1 0 1 2 0 0 0 0 0 0 
16 16 16 16 16 16 16 16 16 16 16 16 16 16 16 16 17 16 17 18 18 16 18 16 17 27 37 0 3 4 3 3 3 3 0 1 1 2 0 2 1 0 1 2 0 0 0 0 0 0 
1 1 1 1 1 1 1 1 1 1 1 1 1 1 1 1 1 1 1 2 2 1 2 2 2 3 4 3 0 6 6 5 6 4 2 2 1 3 1 2 1 0 1 2 0 0 0 0 0 0 
1 1 1 1 1 1 1 1 1 1 1 1 1 1 1 1 1 1 1 1 1 1 1 2 3 3 5 4 6 0 15 3 5 4 2 3 2 4 1 3 1 0 1 2 0 0 0 0 0 0 
0 0 0 0 0 0 0 0 0 0 0 0 0 0 0 0 0 0 0 0 0 0 0 1 2 2 5 3 6 15 0 4 3 4 0 2 2 3 0 3 1 0 1 2 0 0 0 0 0 0 
1 1 1 1 1 1 1 1 1 1 1 1 1 1 1 1 1 1 1 1 1 1 1 1 2 3 5 3 5 3 4 0 13 8 3 5 5 6 1 4 1 0 1 2 0 0 0 0 0 0 
1 1 1 1 1 1 1 1 1 1 1 1 1 1 1 1 1 1 1 1 1 1 1 1 2 3 6 3 6 5 3 13 0 6 1 3 3 4 0 4 1 0 1 2 0 0 0 0 0 0 
2 2 2 2 2 2 2 2 2 2 2 2 2 2 2 2 2 2 2 2 2 2 2 2 3 2 4 3 4 4 4 8 6 0 6 6 8 7 4 2 1 0 1 2 0 0 0 0 0 0 
0 0 0 0 0 0 0 0 0 0 0 0 0 0 0 0 0 0 0 0 0 0 0 0 0 0 2 0 2 2 0 3 1 6 0 75 59 58 3 5 2 1 2 2 0 0 0 0 0 0 
1 1 1 1 1 1 1 1 1 1 1 1 1 1 1 1 1 1 1 1 1 1 1 1 1 1 2 1 2 3 2 5 3 6 75 0 10 9 5 2 1 0 1 2 0 0 0 0 0 0 
1 1 1 1 1 1 1 1 1 1 1 1 1 1 1 1 1 1 1 1 1 1 1 1 1 1 1 1 1 2 2 5 3 8 59 10 0 73 5 5 2 1 2 2 0 0 0 0 0 0 
2 2 2 2 2 2 2 2 2 2 2 2 2 2 2 2 2 2 2 2 2 2 2 2 2 2 3 2 3 4 3 6 4 7 58 9 73 0 7 2 1 0 1 2 0 0 0 0 0 0 
0 0 0 0 0 0 0 0 0 0 0 0 0 0 0 0 0 0 0 0 0 0 0 0 0 0 1 0 1 1 0 1 0 4 3 5 5 7 0 6 2 1 2 2 0 0 0 0 0 0 
2 2 2 2 2 2 2 2 2 2 2 2 2 2 2 2 2 2 2 2 2 2 2 2 2 2 2 2 2 3 3 4 4 2 5 2 5 2 6 0 3 1 2 2 0 0 0 0 0 0 
1 1 1 1 1 1 1 1 1 1 1 1 1 1 1 1 1 1 1 1 1 1 1 1 1 1 1 1 1 1 1 1 1 1 2 1 2 1 2 3 0 1 1 2 0 0 0 0 0 0 
0 0 0 0 0 0 0 0 0 0 0 0 0 0 0 0 0 0 0 0 0 0 0 0 0 0 0 0 0 0 0 0 0 0 1 0 1 0 1 1 1 0 2 3 0 0 0 0 0 0 
1 1 1 1 1 1 1 1 1 1 1 1 1 1 1 1 1 1 1 1 1 1 1 1 1 1 1 1 1 1 1 1 1 1 2 1 2 1 2 2 1 2 0 23 0 0 0 0 0 0 
2 2 2 2 2 2 2 2 2 2 2 2 2 2 2 2 2 2 2 2 2 2 2 2 2 2 2 2 2 2 2 2 2 2 2 2 2 2 2 2 2 3 23 0 1 1 1 1 1 1 
0 0 0 0 0 0 0 0 0 0 0 0 0 0 0 0 0 0 0 0 0 0 0 0 0 0 0 0 0 0 0 0 0 0 0 0 0 0 0 0 0 0 0 1 0 39 41 3 3 0 
0 0 0 0 0 0 0 0 0 0 0 0 0 0 0 0 0 0 0 0 0 0 0 0 0 0 0 0 0 0 0 0 0 0 0 0 0 0 0 0 0 0 0 1 39 0 41 3 3 0 
0 0 0 0 0 0 0 0 0 0 0 0 0 0 0 0 0 0 0 0 0 0 0 0 0 0 0 0 0 0 0 0 0 0 0 0 0 0 0 0 0 0 0 1 41 41 0 1 1 1 
0 0 0 0 0 0 0 0 0 0 0 0 0 0 0 0 0 0 0 0 0 0 0 0 0 0 0 0 0 0 0 0 0 0 0 0 0 0 0 0 0 0 0 1 3 3 1 0 61 0 
0 0 0 0 0 0 0 0 0 0 0 0 0 0 0 0 0 0 0 0 0 0 0 0 0 0 0 0 0 0 0 0 0 0 0 0 0 0 0 0 0 0 0 1 3 3 1 61 0 1 
0 0 0 0 0 0 0 0 0 0 0 0 0 0 0 0 0 0 0 0 0 0 0 0 0 0 0 0 0 0 0 0 0 0 0 0 0 0 0 0 0 0 0 1 0 0 1 0 1 0 

Rho histogram: 
0 0 1 0 0 0 1 0 0 0 0 0 0 0 0 3 9 4 0 82 

Summary:
objF nSamp nIter rhoMean rhoStDev rProp hitsProp rankHitsProp seconds
Ham 50 100 0.953288835534214 0.12046268241724997 0 0 0.5634 7.157480163
