=======================================================
Objective function:  Rgar12
Matrix:  I50.csv
Iterations:  100
Heuristic for search:  RobSA3
Improvement function # 0
Window width for improvement:  0
Heuristic for improvement:  RobSA3
Seed:  33
=======================================================

Best permutations: 
48 44 42 36 34 33 29 27 24 21 20 19 16 18 10 8 0 1 2 3 4 5 6 7 9 11 12 15 14 17 22 23 25 26 28 30 31 32 35 37 38 39 40 41 43 45 46 47 49 13 
48 47 46 44 45 41 37 36 30 29 26 23 19 16 14 12 10 0 1 2 3 5 4 6 7 8 9 11 13 15 17 18 20 21 22 24 25 27 28 31 32 33 34 35 38 39 40 42 43 49 
48 44 45 42 40 39 36 34 32 29 28 25 23 20 19 17 18 8 0 1 3 2 4 5 6 7 9 10 11 12 13 15 14 16 21 22 24 26 27 30 31 33 35 38 37 41 43 46 47 49 
49 43 45 42 41 39 38 36 34 31 29 27 25 21 19 17 16 14 13 0 1 2 3 4 5 6 7 8 9 10 11 12 15 18 20 22 23 24 26 28 30 32 33 35 37 40 44 46 47 48 
48 46 45 42 40 39 37 35 33 31 29 28 26 23 19 17 16 15 0 1 2 3 4 5 6 7 8 9 10 11 12 13 14 18 20 21 22 24 25 27 30 32 34 36 38 41 43 44 47 49 
49 44 42 41 38 30 29 28 25 20 17 16 0 1 2 3 4 5 6 7 8 9 10 11 13 15 14 18 19 21 22 23 24 26 27 31 32 33 34 35 36 37 39 40 45 43 46 47 48 12 
49 47 44 43 37 36 34 33 32 29 28 26 25 21 18 17 14 0 1 2 3 4 5 6 7 8 9 10 11 12 13 15 16 19 20 22 23 24 27 30 31 35 38 39 40 41 42 45 46 48 
48 44 45 39 36 33 30 28 26 22 21 17 8 6 3 2 0 1 4 5 7 9 10 11 12 13 15 14 16 18 19 20 23 24 25 27 29 31 32 35 34 38 37 40 41 42 43 46 47 49 
0 4 5 6 8 9 12 15 14 18 17 19 22 23 24 26 28 32 34 36 38 37 39 40 41 42 43 44 45 46 48 47 49 35 33 31 30 29 27 25 21 20 16 13 11 10 7 3 2 1 
49 47 46 43 39 35 33 32 29 26 18 9 0 1 2 3 4 5 6 7 8 10 11 12 13 15 14 16 17 19 20 21 22 23 24 25 27 28 30 31 34 36 38 37 40 41 42 45 44 48 
49 43 45 42 40 37 38 36 31 29 26 23 18 17 15 9 7 6 5 3 4 2 1 0 8 10 11 12 13 14 16 19 20 21 22 24 25 27 28 30 32 33 34 35 39 41 44 46 47 48 
49 45 42 40 38 34 35 31 30 29 28 24 21 20 18 14 11 10 9 7 6 5 4 3 1 2 0 8 12 13 15 16 17 19 22 23 25 26 27 32 33 36 37 39 41 43 44 46 47 48 
49 47 46 45 41 38 36 34 32 30 27 26 25 21 20 17 16 15 12 8 0 1 2 3 4 5 6 7 9 10 11 13 14 18 19 22 23 24 28 29 31 33 35 37 39 40 42 43 44 48 
48 43 37 38 34 32 29 27 25 23 22 20 19 17 16 14 15 12 9 6 5 4 3 2 1 0 7 8 10 11 13 18 21 24 26 28 30 31 33 35 36 39 40 41 42 45 44 46 47 49 
40 0 1 2 3 4 5 7 6 8 9 10 11 12 13 15 14 16 17 18 19 20 21 22 23 24 25 26 27 28 29 30 31 32 33 35 34 36 38 37 39 41 42 43 45 44 46 47 48 49 
49 47 44 41 40 37 38 34 35 33 31 29 27 23 19 17 15 10 0 1 2 3 4 5 6 7 8 9 11 12 13 14 16 18 20 21 22 24 25 26 28 30 32 36 39 42 45 43 46 48 
48 46 44 45 38 36 34 31 30 29 28 27 25 23 20 17 16 15 12 10 9 8 7 5 4 3 2 1 0 6 11 13 14 18 19 21 22 24 26 32 33 35 37 39 40 41 42 43 47 49 
49 47 43 41 39 37 36 35 34 33 32 30 26 23 21 18 12 0 1 2 3 4 5 6 7 8 9 10 11 13 15 14 16 17 19 20 22 24 25 27 28 29 31 38 40 42 45 44 46 48 
48 47 44 40 38 35 34 33 32 31 29 28 26 24 23 21 19 16 14 8 6 5 3 0 2 1 4 7 9 10 11 12 13 15 17 18 20 22 25 27 30 36 37 39 41 42 43 45 46 49 
47 44 45 42 40 38 34 33 31 30 27 25 24 22 21 20 19 16 15 13 12 11 9 10 7 6 5 4 3 2 1 0 8 14 17 18 23 26 28 29 32 35 36 37 39 41 43 46 48 49 
49 47 41 36 34 32 29 27 23 25 16 0 1 2 3 4 5 7 6 8 9 10 13 15 14 17 18 20 21 22 24 26 28 30 31 35 37 38 39 40 42 43 45 44 46 48 33 19 12 11 
0 2 3 7 6 8 10 12 15 14 17 20 23 25 27 28 29 30 31 32 33 35 34 36 37 38 39 40 41 42 43 44 45 46 48 47 49 26 24 22 21 19 16 18 13 11 9 5 4 1 
47 43 45 41 39 37 34 32 30 27 26 25 22 21 20 18 14 15 13 12 11 10 9 8 7 6 5 4 3 2 1 0 16 17 19 23 24 28 29 31 33 35 36 38 40 42 44 46 48 49 
47 46 45 38 36 35 30 27 26 24 23 22 19 17 18 14 12 11 10 0 2 1 3 4 5 6 7 8 9 13 15 16 20 21 25 28 29 31 32 33 34 37 39 40 41 42 43 44 48 49 
0 2 3 4 7 6 8 9 10 11 15 14 17 18 19 20 23 27 28 31 32 33 34 36 38 40 41 42 44 45 46 48 47 49 43 39 37 35 30 29 26 25 24 22 21 16 12 13 5 1 
44 45 42 40 38 36 34 31 30 28 27 26 25 23 22 20 19 17 16 14 13 11 10 9 8 7 6 5 4 3 2 1 0 12 15 18 21 24 29 32 33 35 37 39 41 43 46 47 48 49 
49 47 45 43 41 39 37 36 35 31 29 27 24 21 20 18 15 0 1 2 3 4 5 6 7 8 9 10 11 12 13 14 16 17 19 22 23 25 26 28 30 32 33 34 38 40 42 44 46 48 
48 47 44 45 41 39 37 36 32 29 27 23 19 18 15 0 1 2 3 4 5 6 7 8 9 10 11 12 13 14 16 17 20 21 22 24 25 26 28 30 31 33 34 35 38 40 42 43 46 49 
49 46 43 39 38 35 34 33 32 29 23 21 19 18 0 1 3 2 4 5 6 7 8 9 10 11 12 13 15 14 16 17 20 22 24 25 26 27 28 30 31 36 37 40 41 42 45 44 47 48 
48 47 44 43 36 34 33 31 30 28 26 25 23 19 16 14 13 11 10 9 8 7 6 5 4 3 2 1 0 12 15 17 18 20 21 22 24 27 29 32 35 37 38 39 40 41 42 45 46 49 
0 2 3 5 9 11 12 15 18 20 22 24 26 43 47 46 45 41 40 37 38 36 35 33 32 29 28 25 23 21 19 17 16 14 13 8 1 4 6 7 10 27 30 31 34 39 42 44 49 48 
1 2 3 6 8 11 12 13 16 17 19 20 22 24 26 30 31 33 35 34 37 38 39 40 41 42 43 44 45 46 47 48 49 36 32 29 28 27 25 23 21 18 14 15 10 9 7 5 4 0 
38 33 29 24 17 0 1 2 3 4 7 6 8 9 10 11 12 14 19 23 25 26 28 30 32 34 36 37 39 40 41 42 43 45 44 46 48 47 49 35 31 27 22 21 20 16 18 15 13 5 
48 46 43 42 37 38 34 31 30 28 27 24 23 21 20 17 14 15 10 9 0 2 1 3 4 5 6 7 8 11 12 13 18 16 19 22 25 26 29 32 33 35 36 39 40 41 45 44 47 49 
47 46 45 42 38 34 32 29 28 27 24 22 20 19 17 0 1 2 3 4 5 6 7 8 9 10 11 12 13 15 14 16 18 21 23 25 26 30 31 33 35 36 37 39 40 41 43 44 48 49 
48 46 43 39 37 36 35 33 31 28 24 20 18 15 13 8 0 1 2 3 4 5 6 7 9 10 11 12 14 16 17 19 21 22 23 25 26 27 29 30 32 34 38 40 41 42 45 44 47 49 
48 46 42 37 38 35 30 29 26 25 24 22 19 17 16 15 11 9 8 6 5 4 3 2 1 0 7 10 12 13 14 18 20 21 23 27 28 31 32 33 34 36 39 40 41 43 45 44 47 49 
49 48 46 43 40 34 33 32 29 28 26 25 23 22 17 16 14 15 13 11 10 8 9 7 5 6 4 3 2 1 0 12 18 19 20 21 24 27 30 31 35 36 38 37 39 41 42 45 44 47 
47 46 43 45 41 37 36 34 30 27 25 24 20 16 15 13 12 11 10 9 7 6 4 1 2 0 3 5 8 14 18 17 19 21 22 23 26 28 29 31 32 33 35 38 39 40 42 44 48 49 
48 46 43 39 38 35 34 32 29 28 19 17 16 14 12 7 0 1 2 3 4 5 6 8 9 10 11 13 15 18 20 21 22 23 24 25 26 27 30 31 33 36 37 40 41 42 45 44 47 49 
48 44 43 45 36 35 34 33 31 30 28 27 25 22 18 17 15 13 11 10 9 8 7 6 5 4 3 2 1 0 12 14 16 19 20 21 23 24 26 29 32 37 38 39 40 41 42 46 47 49 
49 43 38 36 34 32 29 28 26 25 23 22 19 16 14 13 12 11 10 9 8 6 7 5 4 3 2 1 0 15 18 17 20 21 24 27 30 31 33 35 37 39 40 41 42 45 44 46 47 48 
48 44 43 42 38 34 33 32 30 29 28 27 25 23 18 14 0 1 2 3 4 5 6 7 8 9 10 11 12 13 15 16 17 19 20 21 22 24 26 31 35 36 37 39 40 41 45 46 47 49 
0 9 13 15 14 19 23 27 46 42 41 40 39 37 36 34 33 29 31 24 22 11 7 6 5 2 1 4 3 8 10 12 16 18 17 20 21 25 26 28 30 32 38 35 45 43 44 47 48 49 
49 43 41 40 39 37 35 34 30 29 28 27 22 20 16 14 1 2 3 4 5 6 7 8 9 10 11 12 13 15 17 18 19 21 23 24 25 26 31 32 33 36 38 42 45 44 46 47 48 0 
46 44 42 39 38 34 31 30 23 24 18 20 16 0 1 2 3 4 5 6 7 8 9 10 11 12 13 15 14 17 19 21 22 25 26 27 28 29 32 33 35 36 37 40 41 43 45 47 48 49 
49 47 40 39 38 36 34 32 31 29 26 25 24 23 21 19 17 16 14 15 13 12 11 10 9 8 7 6 5 4 3 2 1 0 18 20 22 27 28 30 33 35 37 41 42 43 45 44 46 48 
49 46 38 36 34 33 31 30 27 25 24 23 20 18 16 14 15 13 12 11 10 9 8 7 6 5 4 3 2 1 0 17 19 21 22 26 28 29 32 35 37 39 40 41 42 43 45 44 47 48 
46 43 45 38 34 31 30 27 26 24 22 21 20 17 16 14 15 13 12 11 10 9 8 7 6 5 4 3 2 1 0 18 19 23 25 28 29 32 33 35 36 37 39 40 41 42 44 47 48 49 
48 46 45 41 40 37 35 32 31 30 27 25 24 23 21 20 18 14 15 13 11 9 8 7 6 5 4 3 2 1 0 10 22 12 16 17 19 26 28 29 33 34 36 38 39 42 43 44 47 49 
48 46 45 41 37 35 33 32 31 28 25 23 21 19 17 16 14 11 8 0 1 2 3 4 5 6 7 9 10 12 13 15 18 20 22 24 26 27 29 30 34 36 38 39 40 42 43 44 47 49 
0 1 2 3 5 6 12 13 14 18 16 20 21 24 25 26 30 31 33 34 36 40 42 45 43 44 46 48 47 49 9 11 10 4 7 8 15 17 19 22 23 27 28 29 32 35 38 37 39 41 
5 7 9 13 14 16 19 23 24 28 29 32 36 37 40 41 42 43 44 46 47 49 34 33 21 20 17 15 12 11 10 0 1 2 4 3 6 8 18 22 25 26 27 30 31 35 38 39 45 48 
48 45 42 39 38 34 33 30 25 22 21 20 18 16 15 8 0 1 2 3 4 5 6 7 9 10 11 12 13 14 17 19 23 24 26 27 28 29 31 32 35 36 37 40 41 43 44 46 47 49 
1 0 2 3 11 15 17 16 21 22 24 33 35 44 49 47 48 46 45 43 42 40 39 37 36 32 29 27 23 10 9 7 5 6 4 8 12 13 14 18 19 20 25 26 28 30 31 34 38 41 
49 45 42 40 38 34 33 30 28 27 25 24 22 20 17 16 12 0 1 2 3 4 5 6 7 8 9 10 11 13 15 14 18 19 21 23 26 29 31 32 35 36 37 39 41 43 44 46 47 48 
48 44 45 43 41 39 37 33 31 29 28 26 25 23 19 18 17 15 12 0 1 2 3 4 5 6 7 8 9 10 11 13 14 16 20 21 22 24 27 30 32 35 34 36 38 40 42 46 47 49 
48 44 43 37 36 31 29 28 27 26 22 21 17 14 12 11 10 9 8 7 5 6 4 1 2 0 3 13 15 16 18 19 20 23 24 25 30 32 33 35 34 38 39 40 41 42 45 46 47 49 
48 43 45 39 38 34 31 29 27 26 25 24 22 21 18 17 16 14 15 13 12 11 10 9 8 7 6 5 4 3 2 1 0 19 20 23 28 30 32 33 35 36 37 40 41 42 44 46 47 49 
48 45 39 38 35 34 32 30 28 26 23 20 18 16 15 13 7 5 3 4 2 1 0 6 8 9 10 11 12 14 17 19 21 22 24 25 27 29 31 33 36 37 40 41 42 43 44 46 47 49 
48 46 43 45 37 34 33 32 30 28 27 25 24 22 20 18 17 15 12 11 10 9 8 7 6 5 4 3 2 1 0 13 14 16 19 21 23 26 29 31 35 36 38 39 40 41 42 44 47 49 
48 47 46 44 43 40 38 35 33 32 29 26 22 21 18 17 12 0 1 2 3 4 5 6 7 8 9 10 11 13 15 14 16 19 20 23 24 25 27 28 30 31 34 36 37 39 41 42 45 49 
41 36 38 35 34 33 32 25 21 18 15 0 2 3 4 5 6 7 8 9 10 11 14 16 20 24 28 29 31 37 39 40 43 42 45 44 46 48 47 49 30 27 26 22 23 19 17 12 13 1 
0 1 3 4 7 6 8 9 10 11 12 15 14 16 19 20 21 22 24 25 26 27 28 29 30 31 32 33 35 34 36 37 38 39 40 41 42 43 44 45 46 47 48 49 23 18 17 13 5 2 
1 0 2 10 15 18 16 23 21 28 35 49 48 47 45 44 43 42 41 40 39 36 32 30 29 27 24 22 20 17 14 13 12 8 7 4 3 5 6 9 11 19 25 26 31 33 34 38 37 46 
49 47 43 39 37 38 35 34 33 32 30 27 23 21 19 16 15 0 1 2 3 4 5 6 7 8 9 10 11 12 13 14 17 18 20 22 24 25 26 28 29 31 36 40 41 42 45 44 46 48 
48 47 44 43 41 37 35 33 31 30 29 28 26 24 22 21 17 14 10 0 1 2 3 4 5 6 7 8 9 11 12 13 15 16 18 19 20 23 25 27 32 34 36 38 39 40 42 45 46 49 
49 43 45 37 36 34 33 31 30 27 26 25 24 23 21 19 18 16 14 15 13 12 11 10 9 7 8 6 4 1 2 0 3 5 17 20 22 28 29 32 35 38 39 40 41 42 44 46 47 48 
48 43 38 36 33 30 29 27 26 25 24 23 21 18 16 13 11 10 9 8 7 4 6 5 3 2 1 0 12 15 14 17 19 20 22 28 31 32 35 34 37 39 40 41 42 45 44 46 47 49 
47 46 44 45 42 38 34 31 30 26 25 24 22 21 17 16 15 13 12 11 10 9 8 7 1 4 0 2 3 5 6 14 18 19 20 23 27 28 29 32 33 35 36 37 39 40 41 43 48 49 
37 38 34 32 28 27 25 12 0 3 4 7 6 8 9 10 13 15 14 16 17 19 21 24 30 31 33 35 36 39 40 41 42 43 44 45 46 47 48 49 29 26 22 20 23 18 11 5 2 1 
49 47 45 41 37 36 33 32 31 30 27 26 24 23 22 20 17 15 11 10 9 8 7 6 5 4 3 1 2 0 12 13 14 16 18 19 21 25 28 29 35 34 38 39 40 42 43 44 46 48 
49 44 42 41 37 36 35 34 31 30 25 21 20 18 0 1 2 3 4 5 6 7 8 9 10 11 12 13 15 14 16 17 19 22 23 24 26 27 28 29 32 33 38 39 40 43 45 46 47 48 
49 47 46 43 39 35 34 33 30 28 27 24 21 16 18 13 12 0 1 2 3 4 5 6 7 8 9 10 11 15 14 17 19 20 22 23 25 26 29 31 32 36 38 37 40 41 42 45 44 48 
46 45 42 38 34 32 30 29 28 26 25 23 20 18 15 13 10 9 7 6 5 4 3 2 1 0 8 11 12 14 16 17 19 21 22 24 27 31 33 35 36 37 39 40 41 43 44 47 48 49 
0 4 3 12 13 17 16 19 23 25 32 36 42 46 48 47 44 45 43 41 40 39 34 31 28 27 24 22 21 20 18 14 15 1 2 8 5 6 7 9 10 11 26 29 30 33 35 38 37 49 
0 4 6 8 9 10 13 14 18 19 21 22 23 24 27 29 32 33 35 36 38 40 41 42 43 44 46 45 47 48 49 39 37 34 31 30 28 26 25 20 17 16 15 12 11 7 5 3 2 1 
49 47 43 41 39 37 36 33 32 30 27 26 24 23 22 19 18 15 13 12 11 10 9 8 7 6 5 4 3 2 1 0 14 16 17 20 21 25 28 29 31 35 34 38 40 42 45 44 46 48 
48 47 44 43 39 37 36 35 30 29 26 21 16 14 13 8 0 1 2 3 4 5 6 7 9 10 11 12 15 17 18 19 20 22 23 24 25 27 28 31 32 33 34 38 40 41 42 45 46 49 
48 46 44 41 40 39 31 30 29 26 22 21 19 14 10 7 0 2 1 3 4 5 6 8 9 11 12 13 15 16 17 20 23 24 25 27 28 32 33 35 34 36 38 37 42 45 43 47 49 18 
9 12 14 16 19 22 24 25 30 31 32 35 36 38 41 42 45 44 46 49 43 27 21 20 17 13 11 8 0 1 2 4 3 5 6 7 10 15 18 23 26 28 29 33 34 37 39 40 47 48 
0 4 9 13 14 18 19 24 28 29 32 33 39 38 40 44 46 48 47 45 41 37 22 21 20 17 15 12 10 7 6 5 3 2 1 8 11 16 23 25 26 27 30 31 34 35 36 42 43 49 
48 46 44 45 42 38 35 32 29 26 25 24 22 21 20 18 16 15 12 11 10 9 8 6 7 5 4 3 2 1 0 13 14 17 19 23 27 28 30 31 33 34 36 37 39 40 41 43 47 49 
1 2 3 4 5 9 10 13 15 18 20 21 22 24 26 29 41 49 47 48 45 44 46 43 42 40 39 38 37 36 34 35 33 32 31 30 28 27 25 23 19 16 17 14 12 11 8 6 7 0 
1 2 4 7 6 8 10 11 15 14 16 19 21 22 25 26 28 29 49 48 47 44 45 46 43 42 41 40 39 38 37 36 34 35 33 32 31 30 27 24 23 20 17 18 13 12 9 5 3 0 
1 3 5 6 9 11 13 14 16 17 20 23 25 26 29 30 31 32 33 35 34 36 37 38 39 40 41 42 43 44 45 46 48 47 49 28 27 24 22 21 19 18 15 12 10 8 7 4 2 0 
46 38 36 32 29 28 27 24 23 19 17 16 12 11 10 9 8 6 7 5 4 3 2 1 0 15 13 18 20 21 22 25 26 30 31 33 35 34 37 39 40 41 42 43 45 44 47 48 49 14 
9 12 14 20 24 25 26 28 33 34 36 38 37 39 40 41 42 45 49 31 29 23 19 18 0 1 2 3 4 5 6 7 8 10 11 13 15 17 16 21 22 27 30 32 35 43 44 46 47 48 
38 34 32 31 29 28 24 23 22 20 18 15 13 11 9 8 7 6 5 4 3 2 1 0 12 14 16 17 19 21 25 26 27 30 33 35 36 37 39 40 41 42 43 45 44 46 47 48 49 10 
1 0 5 10 13 18 19 20 24 49 47 48 46 45 42 43 41 40 39 34 33 31 23 3 2 4 7 6 8 9 11 12 15 14 16 17 21 22 25 26 27 28 29 30 32 35 36 38 37 44 
49 47 46 44 38 35 33 31 30 27 25 22 21 20 19 16 13 12 11 9 8 7 4 1 0 2 3 5 6 10 15 14 17 18 23 24 26 28 29 32 34 36 37 39 40 41 42 43 45 48 
48 47 46 43 41 40 37 36 35 32 28 27 22 20 19 16 15 0 1 2 3 4 5 6 7 8 9 10 11 12 13 14 17 18 21 23 24 25 26 29 30 31 33 34 38 39 42 45 44 49 
48 47 46 44 45 36 32 29 30 26 27 25 21 20 18 12 10 7 0 1 2 3 4 5 6 8 9 11 13 15 14 16 17 19 22 23 24 28 31 33 34 35 38 37 39 40 41 42 43 49 
39 37 36 31 30 24 22 21 18 17 14 15 8 7 6 5 4 3 2 1 0 9 10 13 20 25 26 28 29 32 33 35 34 38 40 42 43 44 45 46 48 47 49 41 27 23 19 16 12 11 
48 47 46 36 33 31 30 25 24 22 21 19 18 15 12 0 1 2 3 4 5 6 7 8 9 10 11 13 14 16 17 20 23 26 27 28 29 32 35 34 37 38 39 40 41 42 43 45 44 49 
48 44 45 37 38 34 31 30 28 26 24 22 21 20 19 18 13 11 10 9 8 7 6 5 4 3 2 1 0 12 15 14 16 17 23 25 27 29 32 33 35 36 39 40 41 42 43 46 47 49 
44 37 38 35 34 32 30 29 27 25 0 1 2 3 4 5 7 9 10 11 12 13 17 18 19 20 21 22 31 33 49 47 48 46 45 43 42 41 40 39 36 28 26 24 23 16 14 15 8 6 
48 44 45 42 38 36 34 33 30 28 26 25 22 20 18 13 11 10 9 8 7 6 5 4 3 2 1 0 12 15 14 16 17 19 21 23 24 27 29 31 32 35 37 39 40 41 43 46 47 49 
11 15 17 23 25 28 29 32 34 38 48 47 44 45 46 43 39 33 24 20 18 0 1 2 3 4 5 6 7 8 9 10 12 13 14 16 19 21 22 26 27 30 31 35 36 37 40 41 42 49 
48 44 45 42 40 38 35 33 31 29 26 24 23 22 19 17 16 14 13 9 0 1 2 3 4 5 6 7 8 10 11 12 15 18 20 21 25 27 28 30 32 34 36 37 39 41 43 46 47 49 

Rank matrix
10 4 0 0 0 1 0 0 1 0 1 2 2 1 2 3 8 9 4 5 4 1 1 3 3 5 2 2 5 2 6 5 2 1 0 0 0 0 0 0 0 0 0 0 0 0 0 0 0 5 
7 2 1 0 0 0 1 0 0 0 0 1 1 2 1 2 4 7 10 5 4 4 4 4 5 2 3 5 1 8 3 2 2 1 1 0 1 0 0 0 0 0 0 0 0 0 0 0 0 6 
0 6 3 1 0 0 0 1 0 0 0 0 2 1 2 2 1 6 7 9 5 8 3 4 4 5 5 2 7 3 4 1 0 2 1 0 0 0 0 0 0 0 0 0 0 0 0 0 4 1 
0 1 7 2 1 0 0 0 1 1 0 0 0 2 2 2 2 2 5 8 11 4 9 5 3 4 5 7 5 2 1 0 3 0 0 1 1 0 0 0 0 0 0 0 0 0 0 2 1 0 
0 4 1 3 0 1 0 0 0 1 1 0 0 0 2 1 3 1 3 6 9 12 9 6 7 5 7 4 4 1 0 1 0 1 2 1 0 1 0 0 0 0 0 0 0 0 0 1 2 0 
1 0 3 1 2 0 1 0 0 0 0 0 0 0 0 3 1 3 3 4 8 10 9 9 9 8 4 4 1 2 0 1 1 2 0 0 1 1 0 0 0 0 0 0 0 0 1 4 2 1 
0 0 1 3 2 3 0 0 1 0 0 1 1 1 1 0 1 3 3 4 4 8 10 14 8 9 5 4 1 1 3 0 0 1 1 0 1 1 2 0 0 0 0 0 0 0 0 1 0 1 
0 1 0 2 2 0 0 1 0 0 1 1 0 1 0 2 4 3 2 4 5 5 9 11 13 6 9 4 1 1 0 2 0 0 2 1 0 0 1 1 0 0 0 0 0 1 3 0 1 0 
0 0 0 1 2 2 2 0 0 1 0 0 3 1 0 5 1 1 4 5 6 5 8 8 5 11 4 7 4 2 0 0 2 1 0 5 0 1 0 0 0 0 0 0 0 1 1 0 1 0 
2 1 2 0 3 2 0 2 0 0 1 1 0 1 2 2 0 4 4 8 4 9 5 4 12 2 11 3 6 1 3 0 0 0 0 0 0 0 0 2 0 0 0 0 0 1 2 0 0 0 
0 0 0 2 0 1 3 0 2 0 0 1 0 0 4 1 4 4 8 3 7 4 5 4 2 9 2 10 4 7 2 2 1 1 0 0 1 0 0 0 2 0 0 0 2 1 0 0 0 1 
1 0 0 0 1 3 0 1 0 2 0 0 1 2 0 2 4 6 3 7 3 5 3 2 1 4 10 5 10 5 7 1 0 0 1 0 1 0 0 0 1 1 0 0 2 2 1 0 0 2 
0 2 0 1 0 0 4 2 0 0 1 0 1 1 3 2 8 2 8 2 3 2 0 1 2 1 4 8 8 9 5 6 2 2 0 0 1 0 0 0 0 0 0 2 1 1 1 1 2 1 
0 0 1 2 2 0 2 3 0 0 0 0 1 0 3 7 4 4 5 3 3 1 1 1 2 2 2 6 7 7 8 10 1 1 1 1 0 1 0 0 0 0 0 1 2 0 0 2 2 1 
0 0 2 0 3 0 0 2 2 2 1 1 1 4 2 8 6 6 4 1 0 0 1 0 1 1 2 1 4 8 7 12 9 3 1 0 0 0 1 0 0 0 1 1 0 0 1 0 0 1 
0 1 0 1 1 1 0 2 3 0 2 3 0 2 6 2 9 12 3 2 0 0 0 1 0 3 2 3 6 8 9 3 5 1 1 0 2 1 0 0 0 0 2 1 0 0 0 2 0 0 
0 0 0 1 0 1 2 1 2 0 3 2 4 7 7 7 7 5 1 1 0 0 0 1 0 0 1 1 1 4 5 6 10 7 2 1 0 1 1 0 0 2 2 0 0 3 0 1 0 0 
0 0 1 0 1 1 1 0 0 3 4 2 2 5 5 12 5 1 1 0 1 0 1 0 1 2 1 1 1 4 7 11 7 5 5 2 0 2 0 0 1 0 2 0 0 0 2 0 0 0 
0 0 0 0 0 3 0 0 3 4 3 0 5 8 10 7 4 0 0 1 1 0 0 2 0 0 1 2 0 2 5 5 7 10 3 3 0 0 2 1 0 2 0 2 0 2 1 0 0 1 
0 0 0 0 1 1 3 1 0 2 2 4 8 3 12 3 3 0 1 0 1 1 1 0 1 0 0 0 2 1 3 6 8 11 8 2 2 0 1 0 3 2 0 0 0 1 1 1 0 0 
0 0 0 1 0 0 0 1 0 3 3 8 6 9 7 6 0 0 0 1 0 1 0 1 3 2 0 1 2 1 2 3 9 4 13 5 2 0 0 1 0 3 0 1 1 0 0 0 0 0 
0 0 0 0 0 0 0 1 3 1 4 7 9 11 5 2 1 0 0 0 0 0 3 1 1 0 1 0 2 4 0 3 3 11 5 9 5 1 0 2 3 0 0 1 1 0 0 0 0 0 
0 0 0 0 0 1 1 0 1 4 5 7 12 6 4 0 0 1 0 0 1 0 1 1 0 0 0 3 0 1 3 0 4 5 11 8 8 2 2 3 1 0 2 2 0 0 0 0 0 0 
0 0 0 1 0 0 1 3 4 1 4 8 8 13 1 0 1 0 0 1 0 1 1 0 1 0 0 0 2 0 0 2 4 4 8 12 7 1 1 3 2 0 0 0 4 1 0 0 0 0 
0 0 0 1 1 1 2 2 4 3 7 10 8 6 1 0 0 0 2 1 0 0 0 1 0 2 2 0 0 0 1 0 1 4 6 9 9 12 1 1 0 0 1 1 0 0 0 0 0 0 
0 0 0 0 1 1 1 3 3 7 9 11 9 1 2 0 0 0 0 1 1 0 0 0 0 1 1 1 0 0 1 1 1 1 4 8 9 7 9 2 1 1 2 0 0 0 0 0 0 0 
0 0 0 0 0 0 1 0 6 10 10 7 5 1 2 3 0 0 0 0 1 1 0 0 0 0 1 1 0 0 0 2 1 3 3 1 9 11 8 3 3 2 3 2 0 0 0 0 0 0 
0 0 0 0 0 1 1 7 4 6 11 8 1 0 2 0 0 1 0 0 0 2 0 0 0 2 0 1 1 0 0 0 1 0 2 6 7 15 7 4 2 6 1 0 1 0 0 0 0 0 
0 0 0 0 1 3 0 5 6 12 9 3 0 0 0 1 2 0 1 0 0 0 2 0 1 0 2 1 0 1 0 0 1 0 1 6 9 8 13 5 2 3 1 0 1 0 0 0 0 0 
0 0 1 0 2 0 8 6 5 15 7 1 0 0 1 2 1 2 0 0 1 0 0 1 1 1 1 1 1 0 1 0 0 0 0 1 4 7 13 9 2 1 2 2 0 0 0 0 0 0 
0 0 0 0 1 2 7 7 19 8 1 1 0 0 0 2 1 1 0 0 0 0 0 2 2 0 0 0 0 0 0 1 0 3 0 3 4 3 5 10 8 2 3 2 1 1 0 0 0 0 
0 0 0 2 0 3 5 8 12 5 1 0 0 0 0 0 2 1 2 2 0 1 0 1 0 2 0 0 2 0 0 0 1 0 4 2 3 6 6 12 7 3 2 2 2 0 1 0 0 0 
0 0 1 2 0 5 4 12 7 3 4 1 0 0 0 0 1 2 0 1 1 0 1 0 2 1 1 0 0 1 0 0 0 2 1 1 1 6 7 11 13 4 1 1 2 0 0 0 0 0 
0 1 0 0 2 4 11 12 4 2 0 2 0 0 0 0 1 3 2 0 2 1 0 2 0 0 1 1 0 1 1 0 1 0 4 1 0 1 6 8 11 8 3 1 0 2 1 0 0 0 
0 1 1 0 9 13 14 7 3 1 0 0 0 0 0 1 0 0 1 3 1 0 4 0 0 1 0 0 0 1 1 0 2 1 0 0 1 1 1 2 9 6 8 2 3 0 1 1 0 0 
0 0 0 2 1 10 9 4 3 0 1 1 1 0 0 0 0 0 2 1 0 1 1 0 0 0 0 1 1 0 0 2 0 2 0 3 1 1 3 10 12 12 3 6 1 4 1 0 0 0 
0 1 2 6 6 9 6 6 0 0 1 1 2 0 1 0 0 0 0 2 1 3 0 2 1 0 1 0 1 1 1 1 0 1 0 0 1 1 0 0 6 20 9 4 1 0 2 0 0 0 
1 2 1 4 8 10 6 0 0 0 0 0 1 2 0 0 0 0 0 1 1 2 1 1 1 0 0 1 1 1 1 1 1 0 0 0 2 1 1 2 4 7 16 10 3 2 0 1 3 0 
2 2 5 5 18 7 4 0 0 1 0 1 0 2 0 0 0 0 0 0 3 1 0 1 1 1 0 1 0 1 0 0 1 1 0 0 0 1 1 0 1 4 15 8 6 0 2 3 1 0 
1 0 1 9 7 7 0 0 0 0 0 0 2 1 0 0 1 0 1 0 1 1 3 0 1 0 2 0 2 1 1 1 0 1 0 1 0 0 2 2 1 5 9 17 12 4 1 1 1 0 
1 0 1 5 9 2 0 0 0 0 0 1 0 0 3 0 0 1 1 1 1 3 0 2 0 3 0 2 0 1 1 1 0 0 2 0 0 0 1 2 1 0 6 17 19 10 2 1 0 0 
1 0 2 10 8 1 0 0 0 0 1 0 0 0 1 2 2 1 1 1 1 0 1 0 2 0 3 0 1 0 1 1 0 0 0 1 0 1 0 0 1 2 0 8 20 19 4 1 0 2 
0 0 10 10 2 0 0 0 0 1 0 0 1 0 1 1 2 1 0 0 1 0 1 1 1 3 0 2 0 1 0 1 1 1 0 1 2 0 0 0 1 1 2 1 7 20 18 4 1 0 
0 10 12 10 1 0 0 0 0 0 0 0 0 1 0 2 1 1 1 1 1 0 0 1 3 0 2 0 1 0 1 0 2 1 1 1 1 1 0 0 0 1 1 2 1 14 15 7 3 0 
2 14 11 4 0 0 0 0 0 0 0 0 1 1 0 2 1 1 1 0 0 2 0 0 0 2 0 2 1 1 0 1 0 0 2 1 0 1 1 0 0 0 0 1 1 3 16 20 6 1 
0 6 20 8 2 0 0 0 0 0 0 0 0 2 1 0 2 2 1 1 1 0 1 1 0 0 0 1 2 1 1 0 1 1 2 1 0 0 1 1 0 0 1 1 5 5 15 10 3 0 
4 17 10 0 0 0 0 0 1 0 0 0 1 1 1 1 1 1 1 1 0 0 1 1 0 0 2 0 0 2 1 1 0 2 0 1 2 0 0 1 1 0 0 0 1 1 5 24 13 1 
6 23 0 0 0 0 0 0 0 0 1 1 0 1 1 2 0 0 2 0 2 0 0 0 0 0 0 0 2 0 1 2 1 1 0 1 0 2 1 0 0 2 0 0 0 0 2 10 35 1 
36 1 0 0 0 0 0 0 0 0 1 1 1 0 1 0 1 1 0 2 0 0 0 0 0 0 0 1 0 1 1 2 2 0 1 0 1 1 1 0 1 0 1 0 0 1 0 2 14 25 
25 0 0 0 0 0 0 0 0 1 0 1 0 0 1 0 0 1 2 1 0 1 0 0 0 0 0 0 0 1 2 0 2 1 1 0 1 0 1 2 0 0 1 1 0 0 0 0 5 49 

Pair-order violations matrix
0 42 38 36 39 37 37 41 42 43 40 38 38 35 36 44 45 43 45 39 42 44 38 43 43 48 43 43 41 49 50 42 42 43 54 34 44 38 51 31 24 29 30 40 39 44 39 36 43 32 
42 0 41 40 41 41 40 44 44 47 42 41 41 40 42 48 49 47 48 44 47 47 44 47 48 49 45 46 45 54 52 45 44 46 56 36 47 42 52 36 30 34 33 44 42 48 44 40 46 34 
38 41 0 41 41 40 39 43 42 45 42 39 39 39 40 47 47 45 48 43 46 46 42 46 47 48 43 45 43 52 51 45 43 46 57 35 46 40 51 36 29 34 33 43 41 47 43 39 46 34 
36 40 41 0 41 38 37 42 41 43 41 37 38 37 38 45 45 43 46 40 44 44 40 44 45 46 41 44 42 51 50 42 42 44 55 34 44 39 50 34 27 32 31 41 39 45 40 37 44 33 
39 41 41 41 0 40 37 42 42 45 42 40 39 38 39 46 48 44 47 40 45 46 41 46 47 48 43 45 42 52 51 43 43 46 56 36 47 40 50 34 29 32 33 44 40 47 42 39 45 35 
37 41 40 38 40 0 40 47 47 48 45 42 42 41 43 51 51 48 51 44 48 50 47 49 49 51 46 50 46 55 55 47 47 47 58 40 50 43 53 40 32 36 36 46 45 51 45 42 50 37 
37 40 39 37 37 40 0 47 42 44 41 38 39 38 39 47 47 45 47 41 45 46 42 46 47 46 41 44 43 51 48 42 43 45 54 34 46 39 49 35 29 33 32 43 39 47 42 39 45 33 
41 44 43 42 42 47 47 0 44 47 44 41 42 41 42 49 50 47 51 43 48 49 45 48 50 51 45 48 45 54 53 46 46 48 58 38 49 42 53 38 32 35 35 46 43 51 45 42 49 36 
42 44 42 41 42 47 42 44 0 45 43 40 41 40 41 48 49 46 49 42 47 48 43 47 49 48 43 45 44 52 50 44 44 47 56 35 48 40 50 36 31 34 34 45 41 49 44 41 47 35 
43 47 45 43 45 48 44 47 45 0 39 35 36 35 35 44 46 42 46 36 42 44 39 43 43 46 41 44 40 48 50 41 41 42 54 34 43 36 47 33 26 28 30 42 39 45 39 38 46 32 
40 42 42 41 42 45 41 44 43 39 0 40 41 38 41 47 49 46 47 42 45 48 42 45 47 50 44 46 43 52 51 43 44 47 56 36 48 42 51 35 30 33 33 44 42 48 44 40 46 34 
38 41 39 37 40 42 38 41 40 35 40 0 43 43 43 48 50 46 50 45 49 49 44 47 49 49 46 47 45 53 54 47 44 48 58 38 48 41 52 37 33 36 37 46 44 50 45 41 49 37 
38 41 39 38 39 42 39 42 41 36 41 43 0 40 41 50 49 47 49 44 47 48 46 49 49 47 46 49 46 55 53 45 46 49 58 39 46 44 52 39 33 33 35 47 44 50 46 43 51 36 
35 40 39 37 38 41 38 41 40 35 38 43 40 0 41 49 50 47 48 41 46 47 45 48 46 51 47 48 46 53 55 45 46 44 55 40 47 43 53 37 30 33 33 46 42 50 43 41 47 37 
36 42 40 38 39 43 39 42 41 35 41 43 41 41 0 60 46 43 47 37 43 45 41 44 43 46 42 43 41 48 49 41 41 43 53 35 43 37 47 34 27 30 30 43 38 46 39 39 46 32 
44 48 47 45 46 51 47 49 48 44 47 48 50 49 60 0 48 43 48 42 46 47 41 44 45 48 44 44 43 48 51 45 42 44 56 34 46 39 49 34 29 33 33 43 40 47 42 39 46 35 
45 49 47 45 48 51 47 50 49 46 49 50 49 50 46 48 0 46 49 44 47 46 44 48 46 50 47 46 46 53 51 45 44 48 58 37 46 42 53 37 31 35 33 44 40 49 44 41 48 35 
43 47 45 43 44 48 45 47 46 42 46 46 47 47 43 43 46 0 49 43 47 47 44 46 48 48 45 46 44 53 53 45 43 46 56 36 47 42 51 35 31 34 34 44 41 48 43 40 46 36 
45 48 48 46 47 51 47 51 49 46 47 50 49 48 47 48 49 49 0 43 46 48 44 49 48 51 45 49 45 53 53 46 46 47 59 39 50 43 52 37 30 34 36 46 43 49 44 41 47 37 
39 44 43 40 40 44 41 43 42 36 42 45 44 41 37 42 44 43 43 0 45 45 42 45 45 48 46 45 44 52 52 42 42 45 54 37 44 40 51 34 29 29 32 44 41 48 41 39 47 34 
42 47 46 44 45 48 45 48 47 42 45 49 47 46 43 46 47 47 46 45 0 48 44 45 46 47 42 47 43 52 52 43 45 44 55 37 47 40 49 36 29 33 33 44 43 47 43 40 47 34 
44 47 46 44 46 50 46 49 48 44 48 49 48 47 45 47 46 47 48 45 48 0 44 49 48 51 45 47 46 53 52 46 46 47 59 37 48 43 53 37 31 36 34 45 42 49 45 41 47 35 
38 44 42 40 41 47 42 45 43 39 42 44 46 45 41 41 44 44 44 42 44 44 0 46 48 48 45 46 45 53 53 46 43 46 58 35 47 41 49 38 32 34 35 45 43 49 44 42 49 36 
43 47 46 44 46 49 46 48 47 43 45 47 49 48 44 44 48 46 49 45 45 49 46 0 47 48 48 46 44 53 53 46 43 48 55 38 47 41 52 36 32 34 35 46 42 51 45 42 49 38 
43 48 47 45 47 49 47 50 49 43 47 49 49 46 43 45 46 48 48 45 46 48 48 47 0 46 42 45 42 49 50 42 41 42 54 34 44 37 48 34 26 30 30 41 38 44 39 37 45 31 
48 49 48 46 48 51 46 51 48 46 50 49 47 51 46 48 50 48 51 48 47 51 48 48 46 0 43 46 43 53 51 42 44 46 55 37 46 42 50 35 30 33 32 43 40 46 42 40 46 34 
43 45 43 41 43 46 41 45 43 41 44 46 46 47 42 44 47 45 45 46 42 45 45 48 42 43 0 46 44 53 52 45 44 46 55 36 47 40 49 38 31 34 35 46 43 49 45 42 49 36 
43 46 45 44 45 50 44 48 45 44 46 47 49 48 43 44 46 46 49 45 47 47 46 46 45 46 46 0 49 56 55 47 49 49 60 40 50 44 54 39 35 37 38 50 47 54 48 46 52 40 
41 45 43 42 42 46 43 45 44 40 43 45 46 46 41 43 46 44 45 44 43 46 45 44 42 43 44 49 0 49 51 45 42 45 55 36 47 39 49 34 29 32 33 44 39 47 43 39 46 34 
49 54 52 51 52 55 51 54 52 48 52 53 55 53 48 48 53 53 53 52 52 53 53 53 49 53 53 56 49 0 51 44 42 45 55 37 48 39 49 35 30 33 34 44 40 48 42 39 46 35 
50 52 51 50 51 55 48 53 50 50 51 54 53 55 49 51 51 53 53 52 52 52 53 53 50 51 52 55 51 51 0 45 46 48 58 37 48 44 52 39 33 35 35 46 43 50 45 43 49 36 
42 45 45 42 43 47 42 46 44 41 43 47 45 45 41 45 45 45 46 42 43 46 46 46 42 42 45 47 45 44 45 0 46 47 58 37 48 43 51 38 32 35 34 45 42 49 44 42 48 35 
42 44 43 42 43 47 43 46 44 41 44 44 46 46 41 42 44 43 46 42 45 46 43 43 41 44 44 49 42 42 46 46 0 44 54 35 45 39 48 33 28 30 31 41 37 45 39 37 44 33 
43 46 46 44 46 47 45 48 47 42 47 48 49 44 43 44 48 46 47 45 44 47 46 48 42 46 46 49 45 45 48 47 44 0 55 36 45 39 50 34 28 32 32 44 40 46 42 38 45 32 
54 56 57 55 56 58 54 58 56 54 56 58 58 55 53 56 58 56 59 54 55 59 58 55 54 55 55 60 55 55 58 58 54 55 0 47 46 40 49 34 29 33 32 43 40 46 42 39 45 33 
34 36 35 34 36 40 34 38 35 34 36 38 39 40 35 34 37 36 39 37 37 37 35 38 34 37 36 40 36 37 37 37 35 36 47 0 47 42 52 36 31 34 33 44 41 48 44 41 47 34 
44 47 46 44 47 50 46 49 48 43 48 48 46 47 43 46 46 47 50 44 47 48 47 47 44 46 47 50 47 48 48 48 45 45 46 47 0 39 48 35 28 31 30 42 38 46 41 39 46 32 
38 42 40 39 40 43 39 42 40 36 42 41 44 43 37 39 42 42 43 40 40 43 41 41 37 42 40 44 39 39 44 43 39 39 40 42 39 0 55 36 30 33 33 45 42 49 44 41 48 34 
51 52 51 50 50 53 49 53 50 47 51 52 52 53 47 49 53 51 52 51 49 53 49 52 48 50 49 54 49 49 52 51 48 50 49 52 48 55 0 33 28 30 31 42 38 44 40 38 44 32 
31 36 36 34 34 40 35 38 36 33 35 37 39 37 34 34 37 35 37 34 36 37 38 36 34 35 38 39 34 35 39 38 33 34 34 36 35 36 33 0 31 34 35 47 42 49 45 42 48 36 
24 30 29 27 29 32 29 32 31 26 30 33 33 30 27 29 31 31 30 29 29 31 32 32 26 30 31 35 29 30 33 32 28 28 29 31 28 30 28 31 0 31 31 43 38 46 41 38 45 32 
29 34 34 32 32 36 33 35 34 28 33 36 33 33 30 33 35 34 34 29 33 36 34 34 30 33 34 37 32 33 35 35 30 32 33 34 31 33 30 34 31 0 31 43 39 47 42 40 47 32 
30 33 33 31 33 36 32 35 34 30 33 37 35 33 30 33 33 34 36 32 33 34 35 35 30 32 35 38 33 34 35 34 31 32 32 33 30 33 31 35 31 31 0 41 37 45 40 38 45 31 
40 44 43 41 44 46 43 46 45 42 44 46 47 46 43 43 44 44 46 44 44 45 45 46 41 43 46 50 44 44 46 45 41 44 43 44 42 45 42 47 43 43 41 0 40 44 42 39 47 34 
39 42 41 39 40 45 39 43 41 39 42 44 44 42 38 40 40 41 43 41 43 42 43 42 38 40 43 47 39 40 43 42 37 40 40 41 38 42 38 42 38 39 37 40 0 54 35 36 43 30 
44 48 47 45 47 51 47 51 49 45 48 50 50 50 46 47 49 48 49 48 47 49 49 51 44 46 49 54 47 48 50 49 45 46 46 48 46 49 44 49 46 47 45 44 54 0 40 40 46 32 
39 44 43 40 42 45 42 45 44 39 44 45 46 43 39 42 44 43 44 41 43 45 44 45 39 42 45 48 43 42 45 44 39 42 42 44 41 44 40 45 41 42 40 42 35 40 0 37 44 32 
36 40 39 37 39 42 39 42 41 38 40 41 43 41 39 39 41 40 41 39 40 41 42 42 37 40 42 46 39 39 43 42 37 38 39 41 39 41 38 42 38 40 38 39 36 40 37 0 50 33 
43 46 46 44 45 50 45 49 47 46 46 49 51 47 46 46 48 46 47 47 47 47 49 49 45 46 49 52 46 46 49 48 44 45 45 47 46 48 44 48 45 47 45 47 43 46 44 50 0 35 
32 34 34 33 35 37 33 36 35 32 34 37 36 37 32 35 35 36 37 34 34 35 36 38 31 34 36 40 34 35 36 35 33 32 33 34 32 34 32 36 32 32 31 34 30 32 32 33 35 0 

Rho histogram: 
24 22 16 9 8 10 4 2 2 1 0 0 1 0 0 0 0 0 1 0 

Summary:
objF nSamp nIter rhoMean rhoStDev rProp hitsProp rankHitsProp seconds
Rgar12 50 100 0.1516907563025209 0.14253958914425569 0 0 0.0268 50.838539229
