=======================================================
Objective function:  Wrcwg
Matrix:  I50.csv
Iterations:  100
Heuristic for search:  RobSA3
Improvement function # 0
Window width for improvement:  0
Heuristic for improvement:  RobSA3
Seed:  33
=======================================================

Best permutations: 
1 0 2 3 4 5 6 7 8 9 10 11 12 13 15 14 17 16 18 19 20 21 22 23 24 25 26 27 28 29 30 31 32 33 34 35 36 37 38 39 40 41 42 43 45 44 46 47 48 49 
1 0 2 3 4 5 6 7 8 9 10 11 12 13 15 14 17 16 18 19 20 21 22 23 24 25 26 27 28 29 30 31 32 33 34 35 36 37 38 39 40 41 42 43 45 44 46 47 48 49 
1 0 2 3 4 5 6 7 8 9 10 11 12 13 15 14 17 16 18 19 20 21 22 23 24 25 26 27 28 29 30 31 32 33 34 35 36 37 38 39 40 41 42 43 45 44 46 47 48 49 
1 0 2 3 4 5 6 7 8 9 10 11 12 13 15 14 17 16 18 19 20 21 22 23 24 25 26 27 28 29 30 31 32 33 34 35 36 37 38 39 40 41 42 43 45 44 46 47 48 49 
1 0 2 3 4 5 6 7 8 9 10 11 12 13 15 14 17 16 18 19 20 21 22 23 24 25 26 27 28 29 30 31 32 33 34 35 36 37 38 39 40 41 42 43 45 44 46 47 48 49 
1 0 2 3 4 5 6 7 8 9 10 11 12 13 15 14 17 16 18 19 20 21 22 23 24 25 27 26 28 29 30 31 32 33 34 35 36 37 38 39 40 41 42 43 45 44 46 47 48 49 
1 0 2 3 4 5 6 7 8 9 10 11 12 13 15 14 17 16 18 19 20 21 22 23 24 25 26 27 28 29 30 31 32 33 34 35 36 37 38 39 40 41 42 43 45 44 46 47 48 49 
1 0 2 3 4 5 6 7 8 9 10 11 12 13 15 14 17 16 18 19 20 21 22 23 24 25 26 27 28 29 30 31 32 33 34 35 36 37 38 39 40 41 42 43 45 44 46 47 48 49 
1 0 2 3 4 5 6 7 8 9 10 11 12 13 14 15 17 16 18 19 20 21 22 23 24 25 26 27 28 29 30 31 32 33 35 34 36 37 38 39 40 41 42 43 45 44 46 47 48 49 
1 0 2 3 4 5 6 7 8 9 10 11 12 13 15 14 17 16 18 19 20 21 22 23 24 25 26 27 28 29 30 31 32 33 34 35 36 37 38 39 40 41 42 43 45 44 46 47 48 49 
1 0 2 3 4 5 6 7 8 9 10 11 12 13 15 14 17 16 18 19 20 21 22 23 24 25 26 27 28 29 30 31 32 33 34 35 36 37 38 39 40 41 42 43 45 44 46 47 48 49 
1 0 2 3 4 5 6 7 8 9 10 11 12 13 15 14 17 16 18 19 20 21 22 23 24 25 26 27 28 29 30 31 32 33 34 35 36 37 38 39 40 41 42 43 45 44 46 47 48 49 
1 0 2 3 4 5 6 7 8 9 10 11 12 13 15 14 17 16 18 19 20 21 22 23 24 25 27 26 28 29 30 31 32 33 34 35 36 37 38 39 40 41 42 43 45 44 46 47 48 49 
1 0 2 3 4 5 6 7 8 9 10 11 12 13 15 14 17 16 18 19 20 21 22 23 24 25 26 27 28 29 30 31 32 33 34 35 36 37 38 39 40 41 42 43 45 44 46 47 48 49 
1 0 2 3 4 5 6 7 8 9 10 11 12 13 15 14 16 17 18 19 20 21 22 23 24 25 26 27 28 29 30 31 32 33 34 36 35 38 37 39 40 41 42 43 45 44 46 47 48 49 
1 0 2 3 4 5 6 7 8 9 10 11 12 13 15 14 17 16 18 19 20 21 22 23 24 25 26 27 28 29 30 31 32 33 34 35 36 37 38 39 40 41 42 43 45 44 46 47 48 49 
1 0 2 3 4 5 6 7 8 9 10 11 12 13 15 14 17 16 18 19 21 20 22 23 24 25 26 27 28 29 30 31 32 33 34 35 36 37 38 39 40 41 42 43 45 44 46 47 48 49 
1 0 2 3 4 5 6 7 8 9 10 11 12 13 15 14 17 16 18 19 20 21 22 23 24 25 26 27 28 29 30 31 33 32 34 35 36 37 38 39 40 41 42 43 45 44 46 47 48 49 
1 0 2 3 4 5 6 7 8 9 10 11 12 13 15 14 17 16 18 19 20 21 22 23 24 25 26 27 28 29 30 31 32 33 34 35 36 37 38 39 40 41 42 43 45 44 46 47 48 49 
1 0 2 3 4 5 6 7 8 9 10 11 12 13 15 14 16 17 18 19 20 21 22 23 25 24 26 27 28 29 30 31 32 33 34 35 36 37 38 39 40 41 42 43 45 44 46 47 48 49 
1 0 2 3 4 5 6 7 8 9 10 11 12 13 14 15 17 16 18 19 20 21 22 23 24 25 26 27 28 29 30 31 32 33 34 35 36 37 38 39 40 41 42 43 45 44 46 47 48 49 
1 0 2 3 4 5 6 7 8 9 10 11 12 13 15 14 16 17 18 19 20 21 22 23 24 25 26 27 28 29 30 31 32 33 34 35 36 37 38 39 40 41 42 43 45 44 46 47 48 49 
1 0 2 3 4 5 6 7 8 9 10 11 12 13 15 14 17 16 18 19 20 21 22 23 24 25 26 27 28 29 30 31 32 33 34 35 36 37 38 39 40 41 42 43 45 44 46 47 48 49 
1 0 2 3 4 5 6 7 8 9 10 11 12 13 15 14 17 16 18 19 20 21 22 23 24 25 26 27 28 29 30 31 32 33 34 35 36 37 38 39 40 41 42 43 45 44 46 47 48 49 
1 0 2 3 4 5 6 7 8 9 10 11 12 13 15 14 17 16 18 19 20 21 22 23 24 25 26 27 28 29 30 31 32 33 34 35 36 37 38 39 40 41 42 43 45 44 46 47 48 49 
1 0 2 3 4 5 6 7 8 9 10 11 12 13 15 14 17 16 18 19 20 21 23 22 24 25 26 27 28 29 30 31 32 33 34 35 36 37 38 39 40 41 42 43 45 44 46 47 48 49 
1 0 2 3 4 5 6 7 8 9 10 11 12 13 15 14 17 16 18 19 20 21 22 23 24 25 26 27 28 29 30 31 32 33 34 35 36 37 38 39 40 41 42 43 45 44 46 47 48 49 
1 0 2 3 4 5 7 6 8 9 10 11 12 13 15 14 18 16 17 19 20 21 22 23 24 25 26 27 28 29 30 31 32 33 34 35 36 37 38 39 40 41 42 43 45 44 46 47 48 49 
1 0 2 3 4 5 6 7 8 9 10 11 12 13 15 14 17 16 18 19 20 21 23 22 24 25 26 27 28 29 30 32 31 33 34 35 36 37 38 39 40 41 42 43 45 44 46 47 48 49 
1 0 2 3 4 5 6 7 8 9 10 11 13 12 15 14 17 16 18 19 20 21 22 23 24 25 26 27 28 29 30 31 32 33 34 35 36 37 38 39 40 41 42 43 45 44 46 47 48 49 
32 27 30 22 21 16 7 4 45 25 37 12 5 11 35 48 20 2 36 19 40 18 44 0 42 8 9 28 29 39 1 33 38 23 13 43 26 3 17 47 24 14 41 6 15 49 10 34 46 31 
1 0 2 3 4 5 6 7 8 9 10 11 12 13 15 14 17 16 18 19 20 21 22 23 24 25 26 27 28 29 30 31 32 33 34 35 36 37 38 39 40 41 42 43 45 44 46 47 48 49 
1 0 2 3 4 5 6 7 8 9 10 11 12 13 15 14 17 16 18 19 20 21 22 23 24 25 26 27 28 29 30 31 32 33 34 35 36 37 38 39 40 41 42 43 45 44 46 47 48 49 
1 0 2 3 4 5 6 7 8 9 10 11 12 13 15 14 17 16 18 19 20 21 22 23 24 25 26 27 28 29 30 31 32 33 34 35 36 37 38 39 40 41 42 43 45 44 46 47 48 49 
1 0 2 3 4 5 6 7 8 9 10 11 12 13 15 14 17 16 18 19 20 21 22 23 24 25 26 27 28 29 30 31 32 33 34 35 36 37 38 39 40 41 42 43 45 44 46 47 48 49 
1 0 2 3 4 5 6 7 8 9 10 11 12 13 15 14 17 16 18 19 20 21 22 23 24 25 26 27 28 29 30 31 32 33 34 35 36 37 38 39 40 41 42 43 45 44 46 47 48 49 
1 0 2 3 4 5 6 7 8 9 10 11 12 13 15 14 17 16 18 19 20 21 22 23 24 25 26 27 28 29 30 31 32 33 34 35 36 37 38 39 40 41 42 43 45 44 46 47 48 49 
1 0 2 3 4 5 6 7 8 9 10 11 12 13 15 14 17 16 18 19 20 21 22 23 24 25 26 27 28 29 30 31 32 33 34 35 36 37 38 39 40 41 42 43 45 44 46 47 48 49 
1 0 2 3 4 5 6 7 8 9 10 11 12 13 15 14 17 16 18 19 20 21 23 22 25 24 26 27 28 29 30 31 32 33 34 35 36 37 38 39 40 41 42 43 45 44 46 47 48 49 
1 0 2 3 4 5 6 7 8 9 10 11 12 13 15 14 17 16 18 19 20 21 23 22 24 25 26 27 28 29 30 31 32 33 34 35 36 37 38 39 40 41 42 43 45 44 46 47 48 49 
1 0 2 3 4 5 6 7 8 9 10 11 12 13 15 14 17 16 18 19 20 21 22 23 24 25 26 27 28 29 30 31 32 33 34 35 36 37 38 39 40 41 42 43 45 44 46 47 48 49 
1 0 2 3 4 5 6 7 8 9 10 11 12 13 15 14 17 16 18 19 20 21 22 23 24 25 26 27 28 29 30 31 32 33 34 35 36 37 38 39 40 41 42 43 45 44 46 47 48 49 
1 0 2 3 4 5 6 7 8 9 10 11 12 13 15 14 16 17 18 19 20 21 22 23 24 25 26 27 28 29 30 31 32 33 34 35 36 37 38 39 40 41 42 43 45 44 46 47 48 49 
1 0 2 3 4 5 7 6 8 9 10 11 12 13 15 14 17 16 18 19 20 21 22 23 24 25 26 27 28 29 30 31 32 33 34 35 36 37 38 39 40 41 42 43 45 44 46 47 48 49 
1 0 2 3 4 5 6 7 8 9 10 11 12 13 15 14 17 16 18 19 20 21 24 22 23 25 27 26 28 29 30 32 31 33 34 35 36 37 38 39 40 41 42 43 45 44 46 47 48 49 
1 0 2 3 4 5 6 7 8 9 10 11 12 13 15 14 17 16 18 19 20 21 23 22 24 25 26 27 28 29 30 31 32 33 34 35 36 37 38 39 40 41 42 43 45 44 46 47 48 49 
1 0 2 3 4 5 7 6 8 9 10 11 12 13 15 14 17 16 18 19 20 21 22 23 24 25 26 27 28 29 30 31 32 33 34 35 36 37 38 39 40 41 42 43 45 44 46 47 48 49 
1 0 2 3 4 5 6 7 8 9 10 11 12 13 15 14 17 16 18 19 20 21 22 23 24 25 26 27 28 29 30 31 32 33 34 35 37 36 38 39 40 41 42 43 45 44 46 47 48 49 
1 0 2 3 4 5 6 7 8 9 10 11 12 13 15 14 17 16 18 19 20 21 22 23 24 25 26 27 28 29 30 31 32 33 34 35 36 37 38 39 40 41 42 43 45 44 46 47 48 49 
1 0 2 3 4 5 6 7 8 9 10 11 12 13 15 14 17 16 18 19 20 21 22 23 24 25 26 27 28 29 30 31 32 33 34 35 36 37 38 39 40 41 42 43 45 44 46 47 48 49 
1 0 2 3 4 5 6 7 8 9 11 10 12 13 15 14 17 16 18 19 20 21 22 23 24 25 26 27 28 29 30 31 32 33 34 35 36 37 38 39 40 41 42 43 45 44 46 47 48 49 
1 0 2 3 4 5 6 8 7 9 10 11 12 13 15 14 17 16 18 19 20 21 23 22 24 25 26 27 28 29 30 31 32 33 34 35 36 37 38 39 40 41 42 43 45 44 46 47 48 49 
1 0 2 3 4 5 6 7 8 9 11 10 12 13 15 14 17 16 18 19 20 21 22 23 24 25 26 27 28 29 30 31 32 33 34 35 36 38 37 39 40 41 42 43 45 44 46 47 48 49 
1 0 2 3 4 5 6 7 8 9 10 11 12 13 15 14 17 16 18 19 20 21 22 23 24 25 26 27 28 29 30 31 32 33 35 34 36 37 38 39 41 40 42 43 45 44 46 47 48 49 
1 0 2 3 4 5 6 7 8 9 10 11 12 13 15 14 17 16 18 19 20 21 22 23 24 25 26 27 28 29 30 31 32 33 34 35 36 37 38 39 40 41 42 43 45 44 46 47 48 49 
1 0 2 3 4 5 6 7 8 9 10 11 12 13 15 14 16 17 18 19 20 21 23 22 24 25 26 27 28 29 30 31 32 33 34 35 36 37 38 39 40 41 42 43 45 44 46 47 48 49 
1 0 2 3 4 5 6 7 8 9 10 11 12 13 15 14 17 16 18 19 20 21 22 23 24 25 26 27 28 29 30 31 32 33 34 35 36 37 38 39 40 41 42 43 45 44 46 47 48 49 
1 0 2 3 4 5 6 7 8 9 10 11 12 13 15 14 17 16 18 19 20 21 22 23 24 25 26 27 29 28 30 31 32 33 34 35 36 37 38 39 40 41 42 43 45 44 46 47 48 49 
1 0 2 3 4 5 6 7 8 9 10 11 12 13 15 14 17 16 18 19 20 21 22 23 24 25 26 27 28 29 30 31 32 33 34 35 36 37 38 39 40 41 42 43 45 44 46 47 48 49 
1 0 2 3 4 5 6 7 8 9 10 11 12 13 15 14 17 16 18 19 20 21 22 23 24 25 26 27 28 30 29 31 32 33 34 35 36 37 38 39 40 41 42 43 45 44 46 47 48 49 
1 0 2 3 4 5 6 7 8 9 10 11 12 13 15 14 17 16 18 19 20 21 22 24 23 25 26 27 28 30 29 31 32 33 34 35 36 37 38 39 40 41 42 43 45 44 46 47 48 49 
1 0 2 3 4 5 6 7 8 9 10 11 12 13 15 14 17 16 18 19 20 21 22 23 24 25 26 27 28 29 30 31 32 33 34 35 36 37 38 39 40 41 42 43 45 44 46 47 48 49 
1 0 2 3 4 5 6 7 8 9 10 11 12 13 15 14 18 16 17 19 20 21 22 23 24 25 26 27 28 29 30 31 32 33 34 35 36 37 38 39 40 41 42 43 45 44 46 47 48 49 
1 0 2 3 4 5 6 7 8 9 10 11 12 13 15 14 17 16 18 20 19 21 22 23 24 25 26 27 28 29 30 31 32 33 34 35 36 37 38 39 40 41 42 43 45 44 46 47 48 49 
1 0 2 3 4 5 6 7 8 9 10 11 12 13 15 14 17 16 18 19 20 21 22 23 24 25 26 27 28 29 30 31 32 33 34 35 36 37 38 39 40 41 42 43 45 44 46 47 48 49 
1 0 2 3 4 5 6 7 8 9 10 11 12 13 15 14 17 16 18 19 20 21 22 23 24 25 27 26 28 29 30 31 32 33 34 35 36 37 38 39 40 41 42 43 45 44 46 47 48 49 
1 0 2 3 4 5 6 7 8 9 10 11 12 13 15 14 17 16 18 19 20 21 22 23 24 25 26 27 28 29 30 31 32 33 34 35 36 37 38 39 40 41 42 43 45 44 46 47 48 49 
1 0 2 3 4 5 6 7 8 9 10 11 12 13 15 14 17 16 18 19 20 21 22 23 24 25 26 27 28 29 30 31 32 33 34 35 36 37 38 39 40 41 42 43 45 44 46 47 48 49 
1 0 2 3 4 5 6 7 8 9 10 11 12 13 15 14 17 16 18 19 20 21 22 23 24 25 26 27 28 29 30 32 31 33 34 35 36 37 38 39 40 41 42 43 45 44 46 47 48 49 
1 0 2 3 4 5 6 7 8 9 10 11 12 13 15 14 17 16 18 19 20 21 22 23 24 25 26 27 28 29 30 31 32 33 34 35 36 37 38 39 40 41 42 43 45 44 46 47 48 49 
1 0 2 3 4 5 6 7 8 9 10 11 12 13 15 14 16 17 18 19 20 21 22 23 24 25 27 26 28 29 30 31 32 33 34 35 36 37 38 39 40 41 42 43 45 44 46 47 48 49 
1 0 2 3 4 5 6 7 8 9 10 11 12 13 15 14 17 16 18 19 20 21 22 23 24 25 27 26 28 29 30 31 32 33 34 35 36 37 38 39 40 41 42 43 45 44 46 47 48 49 
1 0 2 3 4 5 6 7 8 10 9 11 12 13 15 14 17 16 18 19 20 21 22 23 24 25 26 27 28 29 30 31 32 33 34 35 36 37 38 39 40 41 42 43 45 44 46 47 48 49 
1 0 2 3 4 5 6 7 8 9 10 11 12 13 15 14 17 16 18 19 20 21 22 23 24 25 26 27 28 29 30 31 32 33 34 35 36 37 38 39 40 41 42 43 45 44 46 47 48 49 
1 0 2 3 4 5 6 7 8 9 10 11 12 13 15 14 17 16 18 19 20 21 22 23 24 25 26 27 28 29 30 31 32 33 34 35 36 37 38 39 40 41 42 45 43 44 46 47 48 49 
1 0 2 3 4 5 6 7 8 9 10 11 12 13 14 15 17 16 18 19 20 21 22 23 24 25 26 27 28 29 30 31 32 33 34 35 36 37 38 39 40 41 42 43 45 44 46 47 48 49 
1 0 2 3 4 5 6 7 8 9 10 11 12 13 15 14 17 16 18 19 20 21 22 23 24 25 26 27 28 29 30 31 32 33 34 35 36 37 38 39 40 41 42 43 45 44 46 47 48 49 
14 6 18 27 10 40 33 4 12 49 41 22 44 11 29 24 15 23 45 9 37 30 17 42 34 35 5 21 19 47 26 2 13 46 0 43 32 28 7 25 20 48 3 31 39 8 1 36 16 38 
1 0 2 3 4 5 6 7 8 9 10 11 12 13 15 14 17 16 18 19 20 21 22 23 24 25 26 27 28 29 30 31 32 33 34 35 36 37 38 39 40 41 42 43 45 44 46 47 48 49 
1 0 2 3 4 5 6 7 8 9 10 11 12 13 15 14 17 16 18 19 20 21 22 23 24 25 26 27 29 28 30 31 32 33 34 35 36 37 38 39 40 41 42 43 45 44 46 47 48 49 
1 0 2 3 4 5 6 7 8 9 10 11 12 13 15 14 17 16 18 19 20 21 22 23 24 25 26 27 28 29 30 31 32 33 34 35 36 37 38 39 40 41 42 43 45 44 46 47 48 49 
1 0 2 3 4 5 6 7 8 9 10 11 12 13 15 14 17 16 18 19 20 21 22 23 24 25 26 27 28 29 30 31 32 33 34 35 36 37 38 39 40 41 42 43 45 44 46 47 48 49 
15 38 44 4 13 41 26 17 8 25 42 33 11 12 32 1 5 19 48 23 7 28 22 49 27 30 35 14 21 45 0 43 10 6 40 2 47 39 46 24 31 9 20 37 29 34 18 3 36 16 
1 0 2 3 4 5 6 7 8 9 10 11 12 13 15 14 17 16 18 19 20 21 22 23 24 25 26 27 28 29 30 31 32 33 34 35 36 37 38 39 40 41 42 43 45 44 46 47 48 49 
1 0 2 3 4 5 6 7 8 9 10 11 12 13 15 14 17 16 18 19 20 21 22 23 24 25 26 27 28 29 30 31 32 33 34 35 36 37 38 39 40 41 42 43 45 44 46 47 48 49 
1 0 2 3 4 5 6 7 8 9 11 10 12 13 15 14 17 16 18 19 20 21 22 23 24 25 26 27 28 29 30 31 32 33 34 35 36 37 38 39 40 41 42 43 45 44 46 47 48 49 
1 0 2 3 4 5 6 7 8 9 10 11 12 13 15 14 16 17 18 19 20 21 22 23 24 25 26 27 28 29 30 31 32 33 34 35 36 37 38 39 40 41 42 43 45 44 46 47 48 49 
23 14 10 3 33 32 28 46 17 45 8 6 27 0 29 38 13 49 36 1 42 22 18 40 41 12 21 25 5 35 15 31 48 19 9 39 37 44 34 2 20 26 24 4 30 16 7 47 11 43 
1 0 2 3 4 5 6 7 8 9 10 11 12 13 15 14 17 16 18 19 20 21 22 23 24 25 26 27 28 29 30 31 32 33 34 35 36 37 38 39 40 41 42 43 45 44 46 47 48 49 
1 0 2 3 4 5 6 7 8 9 10 11 12 13 15 14 17 16 18 19 20 21 22 23 24 25 26 27 28 29 30 31 32 33 34 35 36 37 38 39 40 41 42 43 45 44 46 47 48 49 
1 0 2 3 4 5 6 7 8 9 11 10 12 13 15 14 17 16 18 19 20 21 22 23 24 25 26 27 28 29 30 31 32 33 34 35 36 37 38 39 40 41 42 43 45 44 46 47 48 49 
1 0 2 3 4 5 6 7 8 9 10 11 12 13 15 14 17 16 18 19 20 21 22 23 24 25 26 27 28 29 30 31 32 33 34 35 36 37 38 39 40 41 43 42 45 44 46 47 48 49 
1 0 2 3 4 5 6 7 8 9 10 11 12 13 15 14 17 16 18 19 20 21 22 23 24 25 26 27 28 29 30 31 32 33 34 35 36 37 38 39 40 41 42 43 45 44 46 47 48 49 
1 0 2 3 4 5 7 6 8 9 10 11 12 13 15 14 18 16 17 19 20 21 22 23 24 25 26 27 28 29 30 31 32 33 34 35 36 37 38 39 40 41 42 43 45 44 46 47 48 49 
1 0 2 3 4 5 6 7 8 9 10 11 12 13 15 14 17 16 18 20 19 21 22 23 24 25 27 26 28 29 30 31 32 33 34 35 36 37 38 39 40 41 42 43 45 44 46 47 48 49 
1 0 2 3 4 5 6 7 8 9 10 11 12 13 15 14 18 16 17 19 20 21 22 23 24 25 26 27 28 29 30 31 32 33 34 35 36 37 38 39 40 41 42 43 45 44 46 47 48 49 
1 0 2 3 4 5 6 7 8 9 10 11 12 13 15 14 17 16 18 19 20 21 22 23 24 25 26 27 28 29 30 31 32 33 34 35 36 37 38 39 40 41 42 43 45 44 46 47 48 49 
1 0 2 3 4 5 6 7 8 9 10 11 12 13 15 14 17 16 18 19 20 21 22 23 24 25 26 27 30 28 29 32 31 33 34 35 36 37 38 39 40 41 42 43 45 44 46 47 48 49 
1 0 2 3 4 5 6 7 8 9 10 11 12 13 15 14 17 16 18 19 20 21 22 23 24 25 26 27 28 29 30 31 32 33 35 34 36 37 38 39 40 41 42 43 45 44 46 47 48 49 
1 0 2 3 4 5 6 7 8 9 10 11 12 13 15 14 17 16 18 19 20 21 22 23 24 25 26 27 28 29 30 31 32 33 34 35 36 37 38 39 40 41 42 43 45 44 46 47 48 49 

Rank matrix
0 96 0 0 0 0 0 0 0 0 0 0 0 1 0 0 0 0 0 0 0 0 0 1 0 0 0 0 0 0 1 0 0 0 1 0 0 0 0 0 0 0 0 0 0 0 0 0 0 0 
96 0 0 0 0 0 0 0 0 0 0 0 0 0 0 1 0 0 0 1 0 0 0 0 0 0 0 0 0 0 1 0 0 0 0 0 0 0 0 0 0 0 0 0 0 0 1 0 0 0 
0 0 96 0 0 0 0 0 0 0 0 0 0 0 0 0 0 1 0 0 0 0 0 0 0 0 0 0 0 0 0 1 0 0 0 1 0 0 0 1 0 0 0 0 0 0 0 0 0 0 
0 0 0 97 0 0 0 0 0 0 0 0 0 0 0 0 0 0 0 0 0 0 0 0 0 0 0 0 0 0 0 0 0 0 0 0 0 1 0 0 0 0 1 0 0 0 0 1 0 0 
0 0 0 1 96 0 0 2 0 0 0 0 0 0 0 0 0 0 0 0 0 0 0 0 0 0 0 0 0 0 0 0 0 0 0 0 0 0 0 0 0 0 0 1 0 0 0 0 0 0 
0 0 0 0 0 96 0 0 0 0 0 0 1 0 0 0 1 0 0 0 0 0 0 0 0 0 1 0 1 0 0 0 0 0 0 0 0 0 0 0 0 0 0 0 0 0 0 0 0 0 
0 1 0 0 0 0 92 4 0 0 0 1 0 0 0 0 0 0 0 0 0 0 0 0 0 0 0 0 0 0 0 0 0 1 0 0 0 0 0 0 0 0 0 1 0 0 0 0 0 0 
0 0 0 0 0 0 5 91 1 0 0 0 0 0 0 0 0 0 0 0 1 0 0 0 0 0 0 0 0 0 0 0 0 0 0 0 0 0 1 0 0 0 0 0 0 0 1 0 0 0 
0 0 0 0 0 0 0 1 96 0 1 0 0 0 0 0 0 0 0 0 0 0 0 0 0 1 0 0 0 0 0 0 0 0 0 0 0 0 0 0 0 0 0 0 0 1 0 0 0 0 
0 0 0 0 0 0 0 0 0 95 1 0 0 0 0 0 0 0 0 1 0 0 0 0 0 0 1 0 0 0 0 0 0 0 1 0 0 0 0 0 0 1 0 0 0 0 0 0 0 0 
0 0 1 0 1 0 0 0 0 1 91 4 0 0 0 0 0 0 0 0 0 0 0 0 0 0 0 0 0 0 0 0 1 0 0 0 0 0 0 0 0 0 0 0 0 0 1 0 0 0 
0 0 0 0 0 0 0 0 0 0 4 92 1 2 0 0 0 0 0 0 0 0 0 0 0 0 0 0 0 0 0 0 0 0 0 0 0 0 0 0 0 0 0 0 0 0 0 0 1 0 
0 0 0 0 0 0 0 0 1 0 0 1 95 2 0 0 0 0 0 0 0 0 0 0 0 1 0 0 0 0 0 0 0 0 0 0 0 0 0 0 0 0 0 0 0 0 0 0 0 0 
0 0 0 0 1 0 0 0 0 0 0 0 1 95 0 0 1 0 0 0 0 0 0 0 0 0 0 0 0 0 0 0 1 0 1 0 0 0 0 0 0 0 0 0 0 0 0 0 0 0 
1 1 0 0 0 0 0 0 0 0 0 0 0 0 3 93 0 0 0 0 0 0 0 0 0 0 0 1 0 0 0 0 0 0 0 0 0 0 0 0 0 1 0 0 0 0 0 0 0 0 
1 0 0 0 0 0 0 0 0 0 0 0 0 0 93 3 1 0 0 0 0 0 0 0 0 0 0 0 0 0 1 0 0 0 0 0 0 0 0 0 0 0 0 0 1 0 0 0 0 0 
0 0 0 0 0 1 0 0 0 0 0 0 0 0 0 0 7 89 0 0 0 0 0 0 0 0 0 0 0 0 0 0 0 0 0 0 0 0 0 0 0 0 0 0 0 1 0 0 1 1 
0 0 0 0 0 0 0 1 1 0 0 0 0 0 0 0 85 7 4 0 0 0 1 0 0 0 0 0 0 0 0 0 0 0 0 0 0 0 1 0 0 0 0 0 0 0 0 0 0 0 
0 0 1 0 0 0 0 0 0 0 0 0 0 0 0 0 4 0 92 0 0 1 1 0 0 0 0 0 0 0 0 0 0 0 0 0 0 0 0 0 0 0 0 0 0 0 1 0 0 0 
0 0 0 0 0 0 0 0 0 0 0 0 0 0 0 0 0 1 0 95 2 0 0 0 0 0 0 0 1 0 0 0 0 1 0 0 0 0 0 0 0 0 0 0 0 0 0 0 0 0 
0 0 0 0 0 0 0 0 0 0 0 0 0 0 0 0 1 0 0 2 93 1 0 0 0 0 0 0 0 0 0 0 0 0 0 0 0 0 0 0 2 0 1 0 0 0 0 0 0 0 
0 0 0 0 1 0 0 0 0 0 0 0 0 0 0 0 0 0 0 0 1 95 0 0 0 0 1 1 1 0 0 0 0 0 0 0 0 0 0 0 0 0 0 0 0 0 0 0 0 0 
0 0 0 1 0 0 0 0 0 0 0 1 0 0 0 0 0 0 0 0 0 1 89 8 0 0 0 0 0 0 0 0 0 0 0 0 0 0 0 0 0 0 0 0 0 0 0 0 0 0 
1 0 0 0 0 0 0 0 0 0 0 0 0 0 0 0 0 1 0 1 0 0 7 87 2 0 0 0 0 0 0 0 0 1 0 0 0 0 0 0 0 0 0 0 0 0 0 0 0 0 
0 0 0 0 0 0 0 0 0 0 0 0 0 0 0 1 0 0 0 0 0 0 1 1 92 2 0 0 0 0 0 0 0 0 0 0 0 0 0 1 1 0 1 0 0 0 0 0 0 0 
0 0 0 0 0 0 0 0 0 2 0 0 0 0 0 0 0 0 0 0 0 0 0 0 2 94 0 1 0 0 0 0 0 0 0 0 0 0 0 1 0 0 0 0 0 0 0 0 0 0 
0 0 0 0 0 0 1 0 0 0 0 0 0 0 0 0 0 0 0 0 0 0 0 0 0 0 89 7 0 0 1 0 0 0 0 0 1 0 0 0 0 1 0 0 0 0 0 0 0 0 
0 1 0 1 0 0 0 0 0 0 0 0 1 0 0 0 0 0 0 0 0 0 0 0 1 0 7 89 0 0 0 0 0 0 0 0 0 0 0 0 0 0 0 0 0 0 0 0 0 0 
0 0 0 0 0 0 1 0 0 0 0 0 0 0 0 0 0 0 0 0 0 1 0 0 0 0 0 1 93 3 0 0 0 0 0 0 0 1 0 0 0 0 0 0 0 0 0 0 0 0 
0 0 0 0 0 0 0 0 0 0 0 0 0 0 2 0 0 0 0 0 0 0 0 0 0 0 0 0 3 91 3 0 0 0 0 0 0 0 0 0 0 0 0 0 1 0 0 0 0 0 
0 0 1 0 0 0 0 0 0 0 0 0 0 0 0 0 0 0 0 0 0 1 0 0 0 1 0 0 1 2 93 0 0 0 0 0 0 0 0 0 0 0 0 0 1 0 0 0 0 0 
0 0 0 0 0 0 0 0 0 0 0 0 0 0 0 0 0 0 0 0 0 0 0 0 0 0 0 0 0 0 0 93 4 0 0 0 0 0 0 0 1 0 0 1 0 0 0 0 0 1 
1 0 0 0 0 1 0 0 0 0 0 0 0 0 1 0 0 0 0 0 0 0 0 0 0 0 0 0 0 0 0 4 91 1 0 0 1 0 0 0 0 0 0 0 0 0 0 0 0 0 
0 0 0 0 1 0 1 0 0 0 0 1 0 0 0 0 0 0 0 0 0 0 0 0 0 0 0 0 0 0 0 1 1 95 0 0 0 0 0 0 0 0 0 0 0 0 0 0 0 0 
0 0 0 0 0 0 0 0 0 0 0 0 0 0 0 0 0 0 0 0 0 0 0 0 1 0 0 0 0 0 0 0 0 0 93 3 0 0 1 0 0 0 0 0 0 1 0 1 0 0 
0 0 0 0 0 0 0 0 0 0 0 0 0 0 1 0 0 0 0 0 0 0 0 0 0 1 1 0 0 1 0 0 0 0 3 92 1 0 0 0 0 0 0 0 0 0 0 0 0 0 
0 0 0 0 0 0 0 0 0 0 0 0 0 0 0 0 0 0 2 0 0 0 0 0 0 0 0 0 0 0 0 0 0 0 0 1 94 1 0 0 0 0 0 0 0 0 0 1 1 0 
0 0 0 0 0 0 0 0 0 0 1 0 0 0 0 0 0 0 0 0 1 0 0 0 0 0 0 0 0 0 0 0 0 0 0 0 2 93 2 0 0 0 0 1 0 0 0 0 0 0 
0 1 0 0 0 0 0 0 0 0 0 0 0 0 0 1 0 0 0 0 0 0 0 0 0 0 0 0 0 0 0 0 1 0 0 0 0 2 94 0 0 0 0 0 0 0 0 0 0 1 
0 0 0 0 0 0 0 0 0 0 0 0 0 0 0 0 0 0 0 0 0 0 0 0 0 0 0 0 0 1 0 0 0 0 0 1 0 1 0 96 0 0 0 0 1 0 0 0 0 0 
0 0 0 0 0 1 0 0 0 0 0 0 0 0 0 0 0 0 0 0 1 0 0 1 0 0 0 0 0 0 0 0 0 0 1 0 0 0 0 0 95 1 0 0 0 0 0 0 0 0 
0 0 0 0 0 1 0 0 0 0 1 0 0 0 0 0 0 0 0 0 0 0 0 0 1 0 0 0 0 0 0 0 0 0 0 0 0 0 0 0 1 95 1 0 0 0 0 0 0 0 
0 0 0 0 0 0 0 0 0 0 1 0 0 0 0 0 0 0 0 0 1 0 0 1 1 0 0 0 0 0 0 0 0 0 0 0 0 0 0 0 0 0 95 1 0 0 0 0 0 0 
0 0 0 0 0 0 0 0 0 0 0 0 0 0 0 0 0 0 0 0 0 0 0 0 0 0 0 0 0 0 0 1 0 0 0 2 0 0 0 0 0 0 1 94 1 0 0 0 0 1 
0 0 1 0 0 0 0 0 0 0 0 0 1 0 0 0 0 0 0 0 0 0 1 0 0 0 0 0 0 0 0 0 0 0 0 0 0 1 0 0 0 0 0 0 0 96 0 0 0 0 
0 0 0 0 0 0 0 0 1 1 0 0 0 0 0 0 0 0 1 0 0 0 0 0 0 0 0 0 0 1 0 0 0 0 0 0 0 0 0 0 0 0 0 1 95 0 0 0 0 0 
0 0 0 0 0 0 0 1 0 0 0 0 0 0 0 0 0 0 0 0 0 0 0 0 0 0 0 0 0 0 0 0 0 1 0 0 0 0 1 0 0 0 0 0 0 0 96 0 1 0 
0 0 0 0 0 0 0 0 0 0 0 0 0 0 0 0 0 0 0 0 0 0 0 0 0 0 0 0 0 1 0 0 0 0 0 0 1 0 0 1 0 0 0 0 0 0 0 97 0 0 
0 0 0 0 0 0 0 0 0 0 0 0 0 0 0 1 0 0 1 0 0 0 0 0 0 0 0 0 0 0 0 0 1 0 0 0 0 0 0 0 0 1 0 0 0 0 0 0 96 0 
0 0 0 0 0 0 0 0 0 1 0 0 0 0 0 0 0 1 0 0 0 0 0 1 0 0 0 0 0 0 0 0 0 0 0 0 0 0 0 0 0 0 0 0 0 1 0 0 0 96 

Pair-order violations matrix
0 97 2 1 3 3 2 2 2 1 2 3 3 2 3 2 1 3 2 3 1 3 3 3 1 2 2 4 2 1 3 0 3 3 1 3 1 2 1 0 2 2 2 0 3 4 2 1 2 2 
97 0 2 2 3 2 2 2 4 2 2 3 3 3 2 2 1 3 2 2 2 2 2 2 1 3 2 3 3 3 2 1 4 3 1 2 2 2 2 2 2 2 3 1 3 3 2 1 2 2 
2 2 0 1 3 4 3 2 2 2 3 3 4 2 3 3 1 3 2 3 1 4 4 3 1 3 2 4 2 2 3 1 3 3 2 4 1 3 2 1 3 3 3 1 3 4 1 1 3 3 
1 2 1 0 3 3 2 3 2 3 3 3 3 3 3 2 1 2 3 3 3 3 3 4 2 3 3 3 3 3 3 1 3 3 2 3 1 3 2 2 3 2 3 3 3 3 2 2 3 2 
3 3 3 3 0 1 2 1 1 1 2 0 1 1 2 2 1 1 2 1 1 2 2 1 1 1 1 3 1 1 1 1 2 2 1 1 1 1 2 1 2 1 1 0 2 1 1 0 1 1 
3 2 4 3 1 0 2 1 2 1 2 2 4 2 2 2 1 3 2 0 0 2 3 2 1 3 1 3 1 2 2 0 3 3 1 1 1 2 2 0 2 3 3 0 2 3 1 0 0 2 
2 2 3 2 2 2 0 6 3 1 2 2 2 2 4 1 1 3 1 2 1 2 2 3 1 2 2 2 3 1 2 0 3 3 0 2 1 1 2 1 1 2 2 2 2 3 1 1 2 1 
2 2 2 3 1 1 6 0 3 2 2 2 3 3 2 3 2 3 2 3 1 3 3 3 2 2 3 3 2 2 3 1 4 3 2 2 1 2 2 1 2 3 3 1 3 2 2 1 2 2 
2 4 2 2 1 2 3 3 0 1 2 2 2 2 2 2 1 3 2 2 2 2 2 2 1 2 2 2 2 1 2 1 3 2 1 2 1 2 1 1 2 2 2 1 3 3 2 1 2 1 
1 2 2 3 1 1 1 2 1 0 4 3 4 2 3 3 1 2 3 3 1 3 4 3 2 3 1 4 2 2 2 2 3 3 0 3 2 1 2 1 4 3 3 1 3 4 2 1 3 3 
2 2 3 3 2 2 2 2 2 4 0 6 2 2 4 2 1 2 2 2 1 2 2 3 1 2 2 3 2 1 2 0 2 2 0 2 1 1 2 1 1 2 2 2 2 2 0 1 2 2 
3 3 3 3 0 2 2 2 2 3 6 0 3 2 2 2 2 2 2 1 1 2 3 1 1 3 2 3 1 1 2 1 2 3 1 1 1 2 2 1 2 3 2 0 3 2 1 1 1 2 
3 3 4 3 1 4 2 3 2 4 2 3 0 3 2 1 1 2 2 0 0 1 2 1 0 2 1 3 1 1 1 0 2 3 0 0 1 1 2 0 2 2 2 0 1 2 1 0 0 1 
2 3 2 3 1 2 2 3 2 2 2 2 3 0 2 2 1 2 2 2 1 2 2 3 1 1 1 3 2 3 2 0 2 3 1 2 1 2 3 1 2 1 2 0 3 3 1 1 1 1 
3 2 3 3 2 2 4 2 2 3 4 2 2 2 0 94 1 2 1 2 1 1 2 3 1 2 2 2 2 1 2 0 2 2 0 2 1 1 2 1 1 1 2 1 2 1 0 1 2 1 
2 2 3 2 2 2 1 3 2 3 2 2 1 2 94 0 1 2 3 1 1 2 3 2 2 2 1 3 2 3 1 0 2 3 0 2 2 1 2 1 3 3 2 1 2 2 1 1 1 2 
1 1 1 1 1 1 1 2 1 1 1 2 1 1 1 1 0 88 7 3 3 4 4 3 3 3 3 4 3 3 4 3 4 3 3 3 3 3 2 3 3 3 3 2 3 3 3 2 3 3 
3 3 3 2 1 3 3 3 3 2 2 2 2 2 2 2 88 0 6 1 1 1 2 3 1 1 2 2 2 2 2 0 2 3 0 1 1 2 2 1 2 2 1 1 3 2 1 0 1 1 
2 2 2 3 2 2 1 2 2 3 2 2 2 2 1 3 7 6 0 2 2 2 3 2 1 2 1 3 2 2 2 1 3 2 1 2 2 2 2 1 2 1 2 1 1 3 2 1 2 2 
3 2 3 3 1 0 2 3 2 3 2 1 0 2 2 1 3 1 2 0 3 3 3 2 1 3 1 3 1 2 2 1 3 3 1 3 2 2 2 0 2 3 3 0 2 3 1 0 2 2 
1 2 1 3 1 0 1 1 2 1 1 1 0 1 1 1 3 1 2 3 0 5 4 3 2 4 2 4 3 2 3 2 4 3 2 4 1 3 2 2 3 3 3 2 3 4 3 2 3 3 
3 2 4 3 2 2 2 3 2 3 2 2 1 2 1 2 4 1 2 3 5 0 4 3 1 1 1 4 2 2 3 0 3 3 1 2 1 1 2 0 2 3 3 0 2 2 1 0 1 3 
3 2 4 3 2 3 2 3 2 4 2 3 2 2 2 3 4 2 3 3 4 4 0 9 1 1 1 3 2 1 1 0 3 3 0 0 1 0 2 0 1 2 2 0 1 1 1 0 1 2 
3 2 3 4 1 2 3 3 2 3 3 1 1 3 3 2 3 3 2 2 3 3 9 0 3 2 1 2 1 2 1 0 2 3 0 1 1 1 2 1 2 2 2 0 3 1 0 0 2 1 
1 1 1 2 1 1 1 2 1 2 1 1 0 1 1 2 3 1 1 1 2 1 1 3 0 5 3 4 3 3 2 1 3 4 1 3 2 2 3 3 4 3 3 2 4 3 2 2 3 3 
2 3 3 3 1 3 2 2 2 3 2 3 2 1 2 2 3 1 2 3 4 1 1 2 5 0 2 3 2 2 2 0 3 2 1 1 1 1 2 0 2 3 2 1 2 3 2 1 0 2 
2 2 2 3 1 1 2 3 2 1 2 2 1 1 2 1 3 2 1 1 2 1 1 1 3 2 0 10 2 3 2 1 2 3 2 3 2 3 3 2 3 3 3 1 4 3 1 1 2 2 
4 3 4 3 3 3 2 3 2 4 3 3 3 3 2 3 4 2 3 3 4 4 3 2 4 3 10 0 2 0 0 0 3 2 0 0 0 0 1 0 0 1 1 0 1 1 1 0 1 1 
2 3 2 3 1 1 3 2 2 2 2 1 1 2 2 2 3 2 2 1 3 2 2 1 3 2 2 2 0 3 3 0 4 3 1 2 1 2 1 0 2 2 3 1 3 2 1 1 2 1 
1 3 2 3 1 2 1 2 1 2 1 1 1 3 1 3 3 2 2 2 2 2 1 2 3 2 3 0 3 0 5 1 3 3 0 2 1 2 1 1 3 2 2 1 3 3 2 1 2 2 
3 2 3 3 1 2 2 3 2 2 2 2 1 2 2 1 4 2 2 2 3 3 1 1 2 2 2 0 3 5 0 1 3 3 1 1 1 2 2 1 2 3 2 0 3 2 1 0 2 3 
0 1 1 1 1 0 0 1 1 2 0 1 0 0 0 0 3 0 1 1 2 0 0 0 1 0 1 0 0 1 1 0 8 4 2 4 2 2 3 2 4 4 4 3 3 4 4 3 3 4 
3 4 3 3 2 3 3 4 3 3 2 2 2 2 2 2 4 2 3 3 4 3 3 2 3 3 2 3 4 3 3 8 0 4 1 1 0 1 1 0 1 2 2 1 2 1 1 1 0 1 
3 3 3 3 2 3 3 3 2 3 2 3 3 3 2 3 3 3 2 3 3 3 3 3 4 2 3 2 3 3 3 4 4 0 0 1 1 1 1 1 2 1 2 0 2 1 0 0 1 0 
1 1 2 2 1 1 0 2 1 0 0 1 0 1 0 0 3 0 1 1 2 1 0 0 1 1 2 0 1 0 1 2 1 0 0 6 2 4 3 3 4 4 4 2 4 4 2 2 3 4 
3 2 4 3 1 1 2 2 2 3 2 1 0 2 2 2 3 1 2 3 4 2 0 1 3 1 3 0 2 2 1 4 1 1 6 0 2 2 2 0 2 3 3 0 2 3 1 0 1 3 
1 2 1 1 1 1 1 1 1 2 1 1 1 1 1 2 3 1 2 2 1 1 1 1 2 1 2 0 1 1 1 2 0 1 2 2 0 4 2 2 2 2 2 2 2 4 3 2 3 3 
2 2 3 3 1 2 1 2 2 1 1 2 1 2 1 1 3 2 2 2 3 1 0 1 2 1 3 0 2 2 2 2 1 1 4 2 4 0 4 2 3 3 2 1 2 4 2 1 2 3 
1 2 2 2 2 2 2 2 1 2 2 2 2 3 2 2 2 2 2 2 2 2 2 2 3 2 3 1 1 1 2 3 1 1 3 2 2 4 0 2 2 1 2 1 2 3 2 1 2 1 
0 2 1 2 1 0 1 1 1 1 1 1 0 1 1 1 3 1 1 0 2 0 0 1 3 0 2 0 0 1 1 2 0 1 3 0 2 2 2 0 4 3 4 2 3 4 2 2 4 3 
2 2 3 3 2 2 1 2 2 4 1 2 2 2 1 3 3 2 2 2 3 2 1 2 4 2 3 0 2 3 2 4 1 2 4 2 2 3 2 4 0 2 2 1 1 3 1 0 2 2 
2 2 3 2 1 3 2 3 2 3 2 3 2 1 1 3 3 2 1 3 3 3 2 2 3 3 3 1 2 2 3 4 2 1 4 3 2 3 1 3 2 0 2 1 2 2 1 1 1 2 
2 3 3 3 1 3 2 3 2 3 2 2 2 2 2 2 3 1 2 3 3 3 2 2 3 2 3 1 3 2 2 4 2 2 4 3 2 2 2 4 2 2 0 1 3 3 1 0 1 2 
0 1 1 3 0 0 2 1 1 1 2 0 0 0 1 1 2 1 1 0 2 0 0 0 2 1 1 0 1 1 0 3 1 0 2 0 2 1 1 2 1 1 1 0 4 5 2 2 3 3 
3 3 3 3 2 2 2 3 3 3 2 3 1 3 2 2 3 3 1 2 3 2 1 3 4 2 4 1 3 3 3 3 2 2 4 2 2 2 2 3 1 2 3 4 0 98 1 0 2 2 
4 3 4 3 1 3 3 2 3 4 2 2 2 3 1 2 3 2 3 3 4 2 1 1 3 3 3 1 2 3 2 4 1 1 4 3 4 4 3 4 3 2 3 5 98 0 1 0 1 2 
2 2 1 2 1 1 1 2 2 2 0 1 1 1 0 1 3 1 2 1 3 1 1 0 2 2 1 1 1 2 1 4 1 0 2 1 3 2 2 2 1 1 1 2 1 1 0 3 2 3 
1 1 1 2 0 0 1 1 1 1 1 1 0 1 1 1 2 0 1 0 2 0 0 0 2 1 1 0 1 1 0 3 1 0 2 0 2 1 1 2 0 1 0 2 0 0 3 0 3 3 
2 2 3 3 1 0 2 2 2 3 2 1 0 1 2 1 3 1 2 2 3 1 1 2 3 0 2 1 2 2 2 3 0 1 3 1 3 2 2 4 2 1 1 3 2 1 2 3 0 2 
2 2 3 2 1 2 1 2 1 3 2 2 1 1 1 2 3 1 2 2 3 3 2 1 3 2 2 1 1 2 3 4 1 0 4 3 3 3 1 3 2 2 2 3 2 2 3 3 2 0 

Rho histogram: 
1 2 1 0 0 0 0 0 0 0 0 0 0 0 0 0 0 0 0 96 

Summary:
objF nSamp nIter rhoMean rhoStDev rProp hitsProp rankHitsProp seconds
Wrcwg 50 100 0.9619985594237679 0.18507435032544456 0 0 0.7898 92.555766418
