=======================================================
Objective function:  Wrug
Matrix:  I50.csv
Iterations:  100
Heuristic for search:  RobSA3
Improvement function # 0
Window width for improvement:  0
Heuristic for improvement:  RobSA3
Seed:  33
=======================================================

Best permutations: 
1 0 2 4 3 5 7 6 8 9 10 11 13 12 15 14 18 17 16 19 23 20 21 22 24 25 26 27 28 30 29 31 32 33 35 34 36 37 39 38 40 41 43 42 46 44 45 47 48 49 
1 0 2 4 3 5 7 6 8 9 10 11 13 12 15 14 18 16 17 19 23 20 21 22 24 25 26 27 28 30 29 31 32 33 35 34 36 37 39 38 40 41 43 42 46 44 45 48 47 49 
0 1 2 3 4 5 6 7 8 9 10 11 12 13 15 14 16 17 18 19 20 21 22 24 23 25 26 27 28 29 30 31 32 33 34 35 38 36 37 39 40 41 43 42 45 44 46 47 49 48 
0 1 2 3 4 5 6 7 8 9 10 11 12 13 15 14 16 17 18 19 20 21 22 24 23 25 26 27 28 29 30 31 32 33 34 35 38 36 37 39 40 41 42 43 45 44 46 47 49 48 
0 1 2 3 4 5 6 7 8 9 10 11 12 13 15 14 16 17 18 20 19 21 22 24 23 25 26 27 28 29 30 31 32 33 34 35 38 36 37 39 40 41 42 43 45 44 46 47 49 48 
1 0 2 4 3 5 7 6 8 9 10 11 13 12 15 14 18 17 16 19 20 23 21 22 24 25 26 27 28 30 29 31 32 33 35 34 36 37 39 38 40 41 43 42 46 44 45 48 47 49 
1 0 2 4 3 5 7 6 8 9 10 11 13 12 15 14 18 17 16 19 23 20 21 22 24 25 26 27 28 30 29 31 32 33 35 34 36 37 39 38 40 41 43 42 46 44 45 48 47 49 
1 0 2 4 3 5 7 6 8 9 10 11 13 12 15 14 18 17 16 19 23 20 21 22 24 25 26 27 28 30 29 31 32 33 35 34 36 37 39 38 40 41 43 42 46 44 45 48 47 49 
0 1 2 3 4 5 6 7 8 9 10 11 12 13 15 14 16 17 18 19 20 21 22 24 23 25 26 27 28 29 30 31 32 33 34 35 38 36 37 39 40 41 42 43 45 44 46 47 49 48 
0 1 2 3 4 5 6 7 8 9 10 11 12 13 15 14 16 17 18 19 20 21 22 24 23 25 26 27 28 29 30 31 32 33 34 35 38 36 37 39 40 41 42 43 45 44 46 47 49 48 
0 1 2 3 4 5 6 7 8 9 10 11 12 13 15 14 16 17 18 19 20 21 22 24 23 25 26 27 28 29 30 31 32 33 34 35 38 36 37 39 40 41 42 43 45 44 46 47 49 48 
0 1 2 3 4 5 6 7 8 9 10 11 12 13 15 14 16 17 18 19 20 21 22 24 23 25 26 28 27 29 30 31 32 33 34 35 36 38 37 39 40 41 42 43 45 44 46 47 49 48 
0 1 2 3 4 5 6 7 8 9 10 11 12 13 15 14 16 17 18 19 20 21 22 24 23 25 26 27 28 29 30 31 32 33 34 35 38 36 37 39 40 41 42 43 45 44 46 47 49 48 
0 1 2 3 4 5 6 7 8 9 10 11 12 13 15 14 16 17 18 19 20 21 22 24 23 25 26 28 27 29 30 31 32 33 34 35 38 36 37 39 40 41 42 43 45 44 46 47 49 48 
1 0 2 4 3 5 7 6 8 9 10 11 13 12 15 14 18 17 16 19 23 20 21 22 24 25 26 27 28 30 29 31 32 33 35 34 36 37 39 38 40 43 41 42 46 44 45 48 47 49 
1 0 2 4 3 5 7 6 8 9 10 11 13 12 15 14 18 17 16 19 23 20 21 22 24 25 26 27 28 30 29 31 32 33 35 34 36 37 39 38 40 41 43 42 46 44 45 48 47 49 
1 0 2 4 3 5 7 6 8 9 10 11 13 12 15 14 18 17 16 19 23 20 21 22 24 25 26 27 28 30 29 31 32 33 35 34 36 37 39 38 40 41 43 42 46 44 45 48 47 49 
0 1 2 3 4 5 6 7 8 9 10 11 12 13 15 14 16 17 18 19 20 21 22 23 24 25 26 27 28 29 30 31 32 33 34 35 36 38 37 39 40 41 42 43 45 44 46 47 49 48 
0 2 3 4 5 6 7 8 9 10 11 12 13 15 14 16 17 18 19 20 21 22 24 23 25 26 27 28 29 30 31 32 33 1 34 35 38 36 37 39 40 41 42 43 45 44 46 47 49 48 
0 1 2 3 4 5 6 7 8 9 10 11 12 13 15 14 16 17 18 19 20 21 22 24 23 25 26 27 28 29 30 31 32 33 34 35 38 36 37 39 40 41 42 43 45 44 46 47 49 48 
1 0 2 4 3 5 7 6 8 9 10 11 13 12 15 14 18 17 16 19 23 20 21 22 24 25 26 27 28 30 29 31 32 33 35 34 36 37 39 38 40 41 43 42 46 44 45 48 47 49 
0 1 2 3 4 5 6 7 8 9 10 11 12 13 15 14 17 16 18 19 20 21 22 24 23 25 26 27 28 29 30 31 32 33 34 35 38 36 37 39 40 41 42 43 45 44 46 47 49 48 
0 1 2 3 4 5 6 7 8 9 10 11 12 13 14 15 16 17 18 19 20 21 22 24 23 25 26 27 28 29 30 31 32 33 34 35 38 36 37 39 40 41 42 43 45 44 46 47 49 48 
0 1 2 3 4 5 6 7 8 9 10 11 12 13 15 14 16 17 18 19 20 21 22 24 23 25 26 27 28 30 29 31 32 33 34 35 38 36 37 39 40 41 42 43 45 44 46 47 49 48 
0 1 2 3 4 5 6 7 8 9 10 11 12 13 15 14 16 17 18 19 20 21 22 24 23 25 27 26 28 29 30 31 32 33 34 35 38 36 37 39 40 41 42 43 45 44 46 47 49 48 
0 1 2 3 4 5 6 7 8 9 10 11 12 13 15 14 16 17 18 19 20 21 22 24 23 25 26 27 28 29 30 31 32 33 34 35 38 36 37 39 40 41 42 43 45 44 46 47 49 48 
1 0 2 4 3 5 7 6 8 9 10 11 13 12 15 14 18 17 16 19 23 20 21 22 24 25 26 27 30 28 29 31 32 33 35 34 36 37 39 38 40 41 43 42 46 44 45 47 48 49 
0 1 2 3 4 5 6 7 8 9 10 11 12 13 15 14 16 17 18 19 20 21 22 23 24 25 26 27 28 29 30 32 31 33 34 35 38 36 37 39 40 41 42 43 45 44 46 47 49 48 
0 1 2 3 4 5 6 7 8 9 10 11 12 13 15 14 16 17 18 19 20 21 22 24 23 25 26 27 28 29 30 31 32 33 34 35 38 36 37 39 40 41 42 43 45 44 46 47 49 48 
0 1 2 3 4 5 6 7 8 9 10 11 12 13 15 14 16 17 18 19 20 21 22 24 23 25 26 27 28 29 30 31 32 33 34 35 38 36 37 39 40 41 42 43 45 44 46 47 49 48 
1 2 3 4 5 6 7 8 9 10 11 12 13 15 14 16 17 18 19 20 21 22 24 23 25 26 27 28 29 30 31 32 33 34 35 38 36 0 37 39 40 41 42 43 45 44 46 47 49 48 
0 1 2 3 4 5 6 7 8 9 10 11 12 13 15 14 16 17 18 19 20 21 22 24 23 25 26 27 28 29 30 31 32 33 34 35 38 36 37 39 40 41 42 43 45 44 46 47 49 48 
0 1 2 3 4 5 6 7 8 9 10 11 12 13 15 14 16 17 18 19 20 21 22 24 23 25 26 27 28 29 30 31 32 33 34 35 38 36 37 39 40 41 42 43 45 44 46 47 49 48 
0 1 2 3 4 5 6 7 8 9 10 11 12 13 15 14 16 17 18 19 20 21 22 24 23 25 26 27 28 29 30 31 32 33 34 35 38 36 37 39 40 41 42 43 45 44 46 47 49 48 
1 0 2 4 3 5 7 6 8 9 10 11 13 12 15 14 18 17 16 19 23 20 21 22 24 25 26 27 28 30 29 31 32 33 35 34 36 37 39 38 40 41 43 42 46 44 45 47 48 49 
0 1 2 3 4 5 6 7 8 9 10 11 12 13 15 14 16 17 18 19 20 21 22 24 23 25 26 27 28 29 30 31 32 33 34 35 38 36 37 39 40 41 42 43 45 44 46 47 49 48 
0 1 2 3 4 5 6 7 8 9 10 11 12 13 15 14 16 17 18 19 20 21 22 24 23 25 26 27 28 29 30 31 32 33 34 35 38 36 37 39 40 41 42 43 45 44 46 47 49 48 
0 1 2 3 4 5 6 7 8 9 10 11 12 13 15 14 16 17 18 19 20 21 22 24 23 25 26 27 28 29 30 31 32 33 34 35 36 38 37 39 40 41 42 43 45 44 46 47 49 48 
1 0 2 4 3 5 7 6 8 9 10 11 13 12 15 14 18 17 16 19 23 20 21 22 24 25 26 27 28 30 29 31 32 33 35 34 36 37 39 38 40 41 43 42 46 44 45 47 48 49 
1 0 2 4 3 5 7 6 8 9 10 11 13 12 15 14 18 17 16 19 23 20 21 22 24 25 26 27 28 30 29 31 32 33 35 34 36 37 39 38 40 41 43 42 46 44 45 47 48 49 
0 1 2 3 4 5 6 7 8 9 10 11 12 13 15 14 16 17 18 19 20 21 22 24 23 25 26 27 28 29 30 31 32 33 34 35 38 36 37 39 40 41 42 43 45 44 46 47 49 48 
1 0 2 4 3 5 7 6 8 9 10 11 13 12 15 14 18 17 16 19 23 20 21 22 24 25 26 27 28 30 29 31 32 33 35 34 36 37 39 38 40 41 43 42 46 44 45 48 47 49 
1 0 2 4 3 5 7 6 8 9 10 11 13 12 15 14 18 17 16 19 23 20 21 22 24 25 26 27 28 29 30 31 32 33 35 34 36 37 39 38 40 41 43 42 46 44 45 47 48 49 
1 0 2 4 3 5 7 6 8 9 10 11 13 12 15 14 18 17 16 19 23 20 21 22 24 25 27 26 28 30 29 31 32 33 35 34 36 37 39 38 40 41 43 42 46 44 45 48 47 49 
0 1 2 3 4 5 6 7 8 9 10 11 12 13 15 14 16 17 18 19 20 21 22 24 23 25 26 27 28 29 30 31 32 33 34 35 38 36 37 39 40 41 42 43 45 44 46 47 49 48 
0 1 2 3 4 5 6 7 8 9 10 11 12 13 15 14 16 17 18 19 20 21 22 24 23 25 26 27 28 29 30 31 32 33 34 35 38 36 37 39 40 41 42 43 45 44 46 47 49 48 
1 0 2 4 3 5 7 6 8 9 10 11 13 12 15 14 18 17 16 19 23 20 21 22 24 25 26 27 28 30 29 31 32 33 35 34 36 37 39 38 40 41 43 42 46 44 45 47 48 49 
0 1 2 3 4 5 6 7 8 9 10 11 12 13 15 14 16 17 18 19 20 21 22 24 23 25 26 27 28 29 30 31 32 33 34 35 38 36 37 39 40 41 42 43 45 44 46 47 49 48 
0 1 2 3 4 5 6 7 8 9 10 11 12 13 15 14 16 17 18 19 20 21 22 24 23 25 26 27 28 29 30 31 32 33 34 35 38 36 37 39 40 41 42 43 45 44 46 47 49 48 
0 2 3 4 5 6 7 8 9 10 11 12 13 15 14 16 17 18 19 20 21 22 24 23 25 26 27 28 29 30 31 32 33 34 35 38 1 36 37 39 40 41 42 43 45 44 46 47 49 48 
0 1 2 3 4 5 6 7 8 9 10 11 12 13 15 14 16 17 18 19 20 21 22 24 23 25 26 27 28 29 30 31 32 33 34 35 38 36 37 39 40 41 42 43 45 44 46 47 49 48 
1 0 2 4 3 5 7 6 8 9 10 11 13 12 15 14 18 17 16 19 23 20 21 22 24 25 26 27 28 30 29 31 32 33 35 34 36 37 39 38 40 41 43 42 46 44 45 48 47 49 
0 1 2 3 4 5 6 7 8 9 10 11 12 13 15 14 16 17 18 19 20 21 22 24 23 25 26 27 28 29 30 31 32 33 34 35 38 36 37 39 40 41 42 43 45 44 46 47 49 48 
0 1 2 3 4 5 6 7 9 8 10 11 12 13 15 14 17 16 18 19 20 21 22 24 23 25 26 27 28 29 30 31 32 33 34 35 38 36 37 39 40 41 42 43 45 44 46 47 49 48 
49 1 0 2 4 3 5 7 6 8 9 10 11 13 12 15 14 18 17 16 43 19 20 23 21 22 24 25 27 26 28 30 29 31 32 33 35 34 36 37 39 38 40 41 42 44 45 46 47 48 
0 1 2 3 4 5 6 7 8 9 10 11 12 13 15 14 16 17 19 20 18 21 25 22 24 23 26 27 28 29 30 31 32 33 34 35 38 36 37 39 40 41 42 43 45 44 46 47 49 48 
0 1 2 3 4 5 6 7 8 9 10 11 12 13 15 14 16 17 18 19 20 21 22 24 23 25 26 27 28 29 30 31 32 33 34 35 38 36 37 39 40 41 42 43 45 44 46 47 49 48 
0 1 2 3 4 5 6 7 8 9 10 11 12 13 15 14 16 17 18 19 20 21 22 24 23 25 26 27 28 29 30 31 32 33 34 35 36 38 37 39 40 41 42 43 45 44 46 47 49 48 
0 1 2 3 4 5 6 7 8 9 10 11 12 13 15 14 16 17 18 19 20 21 22 24 23 25 26 27 28 29 30 31 32 33 34 35 38 36 37 39 40 41 42 43 45 44 46 47 49 48 
1 0 2 4 3 5 7 6 8 9 10 11 13 12 15 14 18 17 16 19 23 20 21 22 24 25 26 27 28 30 29 31 32 33 35 34 36 37 39 38 40 41 43 42 46 44 45 47 48 49 
0 1 2 3 4 5 6 7 8 9 10 11 12 13 15 14 16 17 18 19 20 21 22 24 23 25 26 27 28 29 30 31 32 33 34 35 38 36 37 39 40 41 42 43 45 44 46 47 49 48 
1 0 2 4 3 5 7 6 8 9 10 11 13 12 15 14 18 17 16 19 23 20 21 22 24 25 26 27 28 30 29 31 32 33 35 34 36 37 39 38 40 41 43 42 46 44 45 47 48 49 
0 1 2 3 4 5 6 7 8 9 10 11 12 13 15 14 16 17 18 19 20 21 22 24 23 25 26 27 28 29 30 31 32 33 34 35 38 36 37 39 41 40 42 43 45 44 46 47 49 48 
1 0 2 4 3 5 6 7 8 9 10 11 13 12 15 14 18 17 16 19 23 20 21 22 24 25 26 27 28 30 29 31 32 33 35 34 36 37 39 38 40 41 43 42 46 44 45 47 48 49 
0 1 2 3 4 5 6 7 8 9 10 11 12 13 14 15 16 17 18 19 20 21 22 24 23 25 26 27 28 29 30 31 32 33 34 35 38 36 37 39 40 41 42 43 45 44 46 47 49 48 
1 0 2 4 3 5 7 6 8 9 10 11 13 12 15 14 18 17 16 19 23 20 21 22 24 25 26 27 28 30 29 31 32 33 35 34 36 37 39 38 40 41 43 42 46 44 45 48 47 49 
0 1 2 3 4 5 6 7 8 9 10 11 12 13 15 14 16 17 18 19 20 21 22 24 23 25 26 27 28 29 30 31 32 33 34 35 38 36 37 39 40 41 42 43 45 44 46 47 49 48 
0 1 2 3 4 5 6 7 8 9 10 11 12 13 15 14 16 17 18 19 20 21 22 24 23 25 26 27 28 29 30 31 32 33 34 35 36 38 37 39 40 41 42 43 45 44 46 47 49 48 
1 0 2 4 3 5 7 6 8 9 10 11 13 12 15 14 18 17 16 19 20 23 21 22 24 25 26 27 28 30 29 31 32 33 35 34 36 37 39 38 40 41 43 42 46 44 45 48 47 49 
0 1 2 3 4 5 6 7 8 9 10 11 12 13 15 14 16 17 18 19 20 21 22 24 23 25 26 27 28 29 30 31 32 33 34 35 38 36 37 39 40 41 42 43 45 44 46 47 49 48 
1 0 2 4 3 5 7 6 8 9 10 11 13 12 15 14 18 17 16 19 23 20 21 22 24 25 26 27 28 30 29 31 32 33 35 34 36 37 39 38 40 41 43 42 46 44 45 47 48 49 
0 1 2 3 4 5 6 7 8 9 10 11 12 13 15 14 16 17 18 19 20 21 22 24 23 25 26 27 28 29 30 31 32 33 34 35 38 36 37 39 40 41 42 43 45 44 46 47 49 48 
1 0 2 4 3 5 7 6 8 9 10 11 13 12 15 18 14 17 16 19 23 20 21 22 24 25 26 27 28 30 29 31 32 33 35 34 36 37 39 38 40 41 43 42 46 44 45 47 48 49 
0 1 2 3 4 5 6 7 8 9 10 11 12 13 15 14 16 17 18 19 20 21 22 24 23 25 26 27 28 29 30 32 31 33 34 35 36 38 37 39 40 41 42 43 45 44 46 47 49 48 
1 0 2 4 3 5 7 6 8 9 10 11 13 12 15 14 18 17 16 19 23 20 21 22 24 25 26 27 28 30 29 31 32 33 35 34 36 37 39 38 40 41 43 42 46 44 45 48 47 49 
0 1 2 3 4 5 6 7 8 9 10 11 12 13 15 14 16 17 18 19 20 21 22 24 23 25 26 27 28 29 30 31 32 33 34 35 38 36 37 39 40 41 42 43 45 44 46 47 49 48 
1 0 2 4 3 5 7 6 8 9 10 11 13 12 15 14 18 17 16 19 23 20 21 22 24 25 26 27 28 30 29 31 32 33 35 34 36 37 39 38 40 41 43 42 46 44 45 47 48 49 
0 1 2 3 4 5 6 7 8 9 10 11 12 13 15 14 16 17 18 19 20 21 22 24 23 25 26 27 28 29 30 31 32 33 34 35 38 36 37 39 40 41 42 43 45 44 46 47 49 48 
1 0 2 4 3 5 7 6 8 9 10 11 13 12 15 14 18 17 16 19 23 20 21 22 24 25 26 27 28 30 29 31 32 33 35 34 36 37 39 38 40 41 43 42 46 44 45 48 47 49 
1 2 3 4 5 6 7 8 9 10 11 12 13 15 14 16 17 18 19 20 21 22 24 23 25 0 26 27 28 29 30 31 32 33 34 35 38 36 37 39 40 41 42 43 45 44 46 47 49 48 
0 1 2 3 4 5 6 7 8 9 10 11 12 13 15 14 16 17 18 19 20 21 22 24 25 23 26 27 28 29 30 31 32 33 34 35 38 36 37 39 40 41 42 43 45 44 46 47 49 48 
1 0 2 4 3 5 7 6 8 9 10 11 13 12 15 14 18 17 16 19 23 20 21 22 24 25 26 27 28 30 29 31 32 33 35 34 36 37 39 38 40 41 43 42 46 44 45 47 48 49 
0 1 2 3 4 5 6 7 8 9 10 11 12 13 15 14 16 17 18 19 20 21 22 24 23 25 26 27 28 29 30 31 32 33 34 35 38 36 37 39 40 41 42 43 45 44 46 47 49 48 
1 2 3 4 5 6 7 8 9 10 11 12 13 15 14 16 17 18 19 20 21 22 24 23 25 26 27 28 0 29 30 31 32 33 34 35 38 36 37 39 40 41 42 43 45 44 46 47 49 48 
1 0 2 4 3 5 7 6 8 9 10 11 13 12 15 14 18 17 16 19 20 21 23 22 24 25 26 27 28 30 29 31 32 33 35 34 36 37 38 39 40 41 43 42 46 44 45 48 47 49 
0 1 2 3 4 5 6 7 8 9 10 11 12 13 15 14 16 17 18 19 20 21 22 24 23 25 26 27 28 29 30 31 32 33 34 35 38 36 37 39 40 41 42 43 45 44 46 47 49 48 
0 1 2 3 4 5 6 7 8 9 10 11 12 13 15 14 16 17 18 19 20 21 22 24 23 25 26 27 28 29 30 31 32 33 34 35 38 36 37 39 40 41 42 43 45 44 46 47 49 48 
0 1 2 3 4 5 6 7 8 9 10 11 12 13 15 14 16 18 17 19 20 21 22 24 23 25 26 27 28 30 29 31 32 33 34 35 38 36 37 39 40 41 42 43 45 44 46 47 49 48 
0 1 2 3 4 5 6 7 8 9 10 11 12 14 13 15 16 17 18 19 20 21 22 24 23 25 26 27 28 29 30 31 32 33 34 35 38 36 37 39 40 41 42 43 45 44 46 47 49 48 
0 1 2 3 4 5 6 7 8 9 10 11 12 13 15 14 16 17 18 19 20 21 22 24 23 25 26 27 28 29 30 31 32 33 34 35 38 36 37 39 40 41 42 43 45 44 46 47 49 48 
0 1 2 3 4 5 6 7 8 9 10 11 12 13 15 14 16 17 18 19 20 21 22 24 23 25 26 27 28 29 30 31 32 33 34 35 38 36 37 39 40 41 42 43 45 44 46 47 49 48 
1 2 3 4 5 6 7 8 9 10 11 12 13 15 14 16 17 18 19 20 21 22 24 23 25 26 27 28 29 30 31 32 33 34 35 38 36 37 0 39 40 41 42 43 45 44 46 47 49 48 
1 0 2 4 3 5 7 6 8 9 10 11 13 12 15 18 14 17 16 19 23 20 21 22 24 25 26 27 28 30 29 31 32 33 35 34 36 37 39 38 40 41 43 42 46 44 45 47 48 49 
0 1 2 3 4 5 6 7 8 9 10 11 12 13 15 14 16 17 18 19 20 21 22 24 23 25 26 27 28 29 30 31 32 33 34 35 38 36 37 39 40 41 42 43 45 44 46 47 49 48 
0 1 2 3 4 5 6 7 8 9 10 11 12 13 15 14 16 17 18 19 20 21 22 24 23 25 26 27 28 29 30 31 32 33 34 35 38 36 37 39 40 41 42 43 45 44 46 47 49 48 
0 1 2 3 4 5 6 7 8 9 10 11 12 13 15 14 16 17 18 19 20 21 22 24 23 25 26 27 28 29 30 31 32 33 34 35 38 36 37 39 40 41 42 43 45 44 46 47 49 48 
1 0 2 4 3 5 7 6 8 9 10 11 13 12 15 14 18 17 16 19 23 20 21 22 24 25 26 27 28 30 29 31 32 33 35 34 36 37 39 38 40 41 43 42 46 44 45 48 47 49 
1 2 3 4 5 6 7 8 9 10 11 12 13 15 14 16 17 18 19 20 21 22 24 23 25 26 27 28 29 30 31 32 33 34 35 38 36 0 37 39 40 41 42 43 45 44 46 47 49 48 
0 1 2 3 4 5 6 7 8 9 10 11 12 13 15 14 16 17 18 19 20 21 22 24 23 25 26 27 28 29 30 32 31 33 34 35 38 36 37 39 40 41 42 43 45 46 44 47 49 48 
0 1 2 3 4 5 6 7 8 9 10 11 12 13 14 15 17 16 18 19 20 21 22 24 23 25 26 27 28 29 30 31 32 33 34 35 38 36 37 39 40 41 42 43 45 44 46 47 49 48 

Rank matrix
62 32 1 0 0 0 0 0 0 0 0 0 0 0 0 0 0 0 0 0 0 0 0 0 0 1 0 0 1 0 0 0 0 0 0 0 0 2 1 0 0 0 0 0 0 0 0 0 0 0 
37 61 0 0 0 0 0 0 0 0 0 0 0 0 0 0 0 0 0 0 0 0 0 0 0 0 0 0 0 0 0 0 0 1 0 0 1 0 0 0 0 0 0 0 0 0 0 0 0 0 
0 7 92 1 0 0 0 0 0 0 0 0 0 0 0 0 0 0 0 0 0 0 0 0 0 0 0 0 0 0 0 0 0 0 0 0 0 0 0 0 0 0 0 0 0 0 0 0 0 0 
0 0 7 60 32 1 0 0 0 0 0 0 0 0 0 0 0 0 0 0 0 0 0 0 0 0 0 0 0 0 0 0 0 0 0 0 0 0 0 0 0 0 0 0 0 0 0 0 0 0 
0 0 0 39 61 0 0 0 0 0 0 0 0 0 0 0 0 0 0 0 0 0 0 0 0 0 0 0 0 0 0 0 0 0 0 0 0 0 0 0 0 0 0 0 0 0 0 0 0 0 
0 0 0 0 7 92 1 0 0 0 0 0 0 0 0 0 0 0 0 0 0 0 0 0 0 0 0 0 0 0 0 0 0 0 0 0 0 0 0 0 0 0 0 0 0 0 0 0 0 0 
0 0 0 0 0 7 61 31 1 0 0 0 0 0 0 0 0 0 0 0 0 0 0 0 0 0 0 0 0 0 0 0 0 0 0 0 0 0 0 0 0 0 0 0 0 0 0 0 0 0 
0 0 0 0 0 0 38 62 0 0 0 0 0 0 0 0 0 0 0 0 0 0 0 0 0 0 0 0 0 0 0 0 0 0 0 0 0 0 0 0 0 0 0 0 0 0 0 0 0 0 
0 0 0 0 0 0 0 7 91 2 0 0 0 0 0 0 0 0 0 0 0 0 0 0 0 0 0 0 0 0 0 0 0 0 0 0 0 0 0 0 0 0 0 0 0 0 0 0 0 0 
0 0 0 0 0 0 0 0 8 91 1 0 0 0 0 0 0 0 0 0 0 0 0 0 0 0 0 0 0 0 0 0 0 0 0 0 0 0 0 0 0 0 0 0 0 0 0 0 0 0 
0 0 0 0 0 0 0 0 0 7 92 1 0 0 0 0 0 0 0 0 0 0 0 0 0 0 0 0 0 0 0 0 0 0 0 0 0 0 0 0 0 0 0 0 0 0 0 0 0 0 
0 0 0 0 0 0 0 0 0 0 7 92 1 0 0 0 0 0 0 0 0 0 0 0 0 0 0 0 0 0 0 0 0 0 0 0 0 0 0 0 0 0 0 0 0 0 0 0 0 0 
0 0 0 0 0 0 0 0 0 0 0 7 60 32 1 0 0 0 0 0 0 0 0 0 0 0 0 0 0 0 0 0 0 0 0 0 0 0 0 0 0 0 0 0 0 0 0 0 0 0 
0 0 0 0 0 0 0 0 0 0 0 0 39 60 1 0 0 0 0 0 0 0 0 0 0 0 0 0 0 0 0 0 0 0 0 0 0 0 0 0 0 0 0 0 0 0 0 0 0 0 
0 0 0 0 0 0 0 0 0 0 0 0 0 1 10 86 3 0 0 0 0 0 0 0 0 0 0 0 0 0 0 0 0 0 0 0 0 0 0 0 0 0 0 0 0 0 0 0 0 0 
0 0 0 0 0 0 0 0 0 0 0 0 0 7 88 5 0 0 0 0 0 0 0 0 0 0 0 0 0 0 0 0 0 0 0 0 0 0 0 0 0 0 0 0 0 0 0 0 0 0 
0 0 0 0 0 0 0 0 0 0 0 0 0 0 0 7 57 4 31 1 0 0 0 0 0 0 0 0 0 0 0 0 0 0 0 0 0 0 0 0 0 0 0 0 0 0 0 0 0 0 
0 0 0 0 0 0 0 0 0 0 0 0 0 0 0 0 10 87 3 0 0 0 0 0 0 0 0 0 0 0 0 0 0 0 0 0 0 0 0 0 0 0 0 0 0 0 0 0 0 0 
0 0 0 0 0 0 0 0 0 0 0 0 0 0 0 2 30 9 58 0 1 0 0 0 0 0 0 0 0 0 0 0 0 0 0 0 0 0 0 0 0 0 0 0 0 0 0 0 0 0 
0 0 0 0 0 0 0 0 0 0 0 0 0 0 0 0 0 0 8 90 1 1 0 0 0 0 0 0 0 0 0 0 0 0 0 0 0 0 0 0 0 0 0 0 0 0 0 0 0 0 
0 0 0 0 0 0 0 0 0 0 0 0 0 0 0 0 0 0 0 9 61 29 1 0 0 0 0 0 0 0 0 0 0 0 0 0 0 0 0 0 0 0 0 0 0 0 0 0 0 0 
0 0 0 0 0 0 0 0 0 0 0 0 0 0 0 0 0 0 0 0 7 61 31 0 1 0 0 0 0 0 0 0 0 0 0 0 0 0 0 0 0 0 0 0 0 0 0 0 0 0 
0 0 0 0 0 0 0 0 0 0 0 0 0 0 0 0 0 0 0 0 0 7 59 33 0 1 0 0 0 0 0 0 0 0 0 0 0 0 0 0 0 0 0 0 0 0 0 0 0 0 
0 0 0 0 0 0 0 0 0 0 0 0 0 0 0 0 0 0 0 0 29 2 1 10 56 2 0 0 0 0 0 0 0 0 0 0 0 0 0 0 0 0 0 0 0 0 0 0 0 0 
0 0 0 0 0 0 0 0 0 0 0 0 0 0 0 0 0 0 0 0 0 0 7 57 35 0 1 0 0 0 0 0 0 0 0 0 0 0 0 0 0 0 0 0 0 0 0 0 0 0 
0 0 0 0 0 0 0 0 0 0 0 0 0 0 0 0 0 0 0 0 0 0 1 0 8 90 0 1 0 0 0 0 0 0 0 0 0 0 0 0 0 0 0 0 0 0 0 0 0 0 
0 0 0 0 0 0 0 0 0 0 0 0 0 0 0 0 0 0 0 0 0 0 0 0 0 6 91 2 0 1 0 0 0 0 0 0 0 0 0 0 0 0 0 0 0 0 0 0 0 0 
0 0 0 0 0 0 0 0 0 0 0 0 0 0 0 0 0 0 0 0 0 0 0 0 0 0 8 89 3 0 0 0 0 0 0 0 0 0 0 0 0 0 0 0 0 0 0 0 0 0 
0 0 0 0 0 0 0 0 0 0 0 0 0 0 0 0 0 0 0 0 0 0 0 0 0 0 0 8 90 1 1 0 0 0 0 0 0 0 0 0 0 0 0 0 0 0 0 0 0 0 
0 0 0 0 0 0 0 0 0 0 0 0 0 0 0 0 0 0 0 0 0 0 0 0 0 0 0 0 5 61 33 0 1 0 0 0 0 0 0 0 0 0 0 0 0 0 0 0 0 0 
0 0 0 0 0 0 0 0 0 0 0 0 0 0 0 0 0 0 0 0 0 0 0 0 0 0 0 0 1 37 61 1 0 0 0 0 0 0 0 0 0 0 0 0 0 0 0 0 0 0 
0 0 0 0 0 0 0 0 0 0 0 0 0 0 0 0 0 0 0 0 0 0 0 0 0 0 0 0 0 0 5 91 3 1 0 0 0 0 0 0 0 0 0 0 0 0 0 0 0 0 
0 0 0 0 0 0 0 0 0 0 0 0 0 0 0 0 0 0 0 0 0 0 0 0 0 0 0 0 0 0 0 8 91 0 1 0 0 0 0 0 0 0 0 0 0 0 0 0 0 0 
0 0 0 0 0 0 0 0 0 0 0 0 0 0 0 0 0 0 0 0 0 0 0 0 0 0 0 0 0 0 0 0 5 94 0 1 0 0 0 0 0 0 0 0 0 0 0 0 0 0 
0 0 0 0 0 0 0 0 0 0 0 0 0 0 0 0 0 0 0 0 0 0 0 0 0 0 0 0 0 0 0 0 0 4 63 32 0 1 0 0 0 0 0 0 0 0 0 0 0 0 
0 0 0 0 0 0 0 0 0 0 0 0 0 0 0 0 0 0 0 0 0 0 0 0 0 0 0 0 0 0 0 0 0 0 36 63 1 0 0 0 0 0 0 0 0 0 0 0 0 0 
0 0 0 0 0 0 0 0 0 0 0 0 0 0 0 0 0 0 0 0 0 0 0 0 0 0 0 0 0 0 0 0 0 0 0 0 41 58 1 0 0 0 0 0 0 0 0 0 0 0 
0 0 0 0 0 0 0 0 0 0 0 0 0 0 0 0 0 0 0 0 0 0 0 0 0 0 0 0 0 0 0 0 0 0 0 0 0 33 66 1 0 0 0 0 0 0 0 0 0 0 
0 0 0 0 0 0 0 0 0 0 0 0 0 0 0 0 0 0 0 0 0 0 0 0 0 0 0 0 0 0 0 0 0 0 0 4 57 6 1 31 0 1 0 0 0 0 0 0 0 0 
0 0 0 0 0 0 0 0 0 0 0 0 0 0 0 0 0 0 0 0 0 0 0 0 0 0 0 0 0 0 0 0 0 0 0 0 0 0 31 68 1 0 0 0 0 0 0 0 0 0 
0 0 0 0 0 0 0 0 0 0 0 0 0 0 0 0 0 0 0 0 0 0 0 0 0 0 0 0 0 0 0 0 0 0 0 0 0 0 0 0 98 1 1 0 0 0 0 0 0 0 
0 0 0 0 0 0 0 0 0 0 0 0 0 0 0 0 0 0 0 0 0 0 0 0 0 0 0 0 0 0 0 0 0 0 0 0 0 0 0 0 1 97 1 1 0 0 0 0 0 0 
0 0 0 0 0 0 0 0 0 0 0 0 0 0 0 0 0 0 0 0 0 0 0 0 0 0 0 0 0 0 0 0 0 0 0 0 0 0 0 0 0 0 66 33 1 0 0 0 0 0 
0 0 0 0 0 0 0 0 0 0 0 0 0 0 0 0 0 0 0 0 1 0 0 0 0 0 0 0 0 0 0 0 0 0 0 0 0 0 0 0 0 1 32 66 0 0 0 0 0 0 
0 0 0 0 0 0 0 0 0 0 0 0 0 0 0 0 0 0 0 0 0 0 0 0 0 0 0 0 0 0 0 0 0 0 0 0 0 0 0 0 0 0 0 0 0 99 1 0 0 0 
0 0 0 0 0 0 0 0 0 0 0 0 0 0 0 0 0 0 0 0 0 0 0 0 0 0 0 0 0 0 0 0 0 0 0 0 0 0 0 0 0 0 0 0 67 0 33 0 0 0 
0 0 0 0 0 0 0 0 0 0 0 0 0 0 0 0 0 0 0 0 0 0 0 0 0 0 0 0 0 0 0 0 0 0 0 0 0 0 0 0 0 0 0 0 32 1 66 1 0 0 
0 0 0 0 0 0 0 0 0 0 0 0 0 0 0 0 0 0 0 0 0 0 0 0 0 0 0 0 0 0 0 0 0 0 0 0 0 0 0 0 0 0 0 0 0 0 0 82 18 0 
0 0 0 0 0 0 0 0 0 0 0 0 0 0 0 0 0 0 0 0 0 0 0 0 0 0 0 0 0 0 0 0 0 0 0 0 0 0 0 0 0 0 0 0 0 0 0 17 15 68 
1 0 0 0 0 0 0 0 0 0 0 0 0 0 0 0 0 0 0 0 0 0 0 0 0 0 0 0 0 0 0 0 0 0 0 0 0 0 0 0 0 0 0 0 0 0 0 0 67 32 

Pair-order violations matrix
0 38 5 5 5 5 5 5 5 5 5 5 5 5 5 5 5 5 5 5 5 5 5 5 5 5 4 4 4 3 3 3 3 3 3 3 3 1 3 0 0 0 0 0 0 0 0 0 0 1 
38 0 2 2 2 2 2 2 2 2 2 2 2 2 2 2 2 2 2 2 2 2 2 2 2 2 2 2 2 2 2 2 2 2 1 1 0 0 1 0 0 0 0 0 0 0 0 0 0 1 
5 2 0 0 0 0 0 0 0 0 0 0 0 0 0 0 0 0 0 0 0 0 0 0 0 0 0 0 0 0 0 0 0 0 0 0 0 0 0 0 0 0 0 0 0 0 0 0 0 1 
5 2 0 0 33 0 0 0 0 0 0 0 0 0 0 0 0 0 0 0 0 0 0 0 0 0 0 0 0 0 0 0 0 0 0 0 0 0 0 0 0 0 0 0 0 0 0 0 0 1 
5 2 0 33 0 0 0 0 0 0 0 0 0 0 0 0 0 0 0 0 0 0 0 0 0 0 0 0 0 0 0 0 0 0 0 0 0 0 0 0 0 0 0 0 0 0 0 0 0 1 
5 2 0 0 0 0 0 0 0 0 0 0 0 0 0 0 0 0 0 0 0 0 0 0 0 0 0 0 0 0 0 0 0 0 0 0 0 0 0 0 0 0 0 0 0 0 0 0 0 1 
5 2 0 0 0 0 0 32 0 0 0 0 0 0 0 0 0 0 0 0 0 0 0 0 0 0 0 0 0 0 0 0 0 0 0 0 0 0 0 0 0 0 0 0 0 0 0 0 0 1 
5 2 0 0 0 0 32 0 0 0 0 0 0 0 0 0 0 0 0 0 0 0 0 0 0 0 0 0 0 0 0 0 0 0 0 0 0 0 0 0 0 0 0 0 0 0 0 0 0 1 
5 2 0 0 0 0 0 0 0 1 0 0 0 0 0 0 0 0 0 0 0 0 0 0 0 0 0 0 0 0 0 0 0 0 0 0 0 0 0 0 0 0 0 0 0 0 0 0 0 1 
5 2 0 0 0 0 0 0 1 0 0 0 0 0 0 0 0 0 0 0 0 0 0 0 0 0 0 0 0 0 0 0 0 0 0 0 0 0 0 0 0 0 0 0 0 0 0 0 0 1 
5 2 0 0 0 0 0 0 0 0 0 0 0 0 0 0 0 0 0 0 0 0 0 0 0 0 0 0 0 0 0 0 0 0 0 0 0 0 0 0 0 0 0 0 0 0 0 0 0 1 
5 2 0 0 0 0 0 0 0 0 0 0 0 0 0 0 0 0 0 0 0 0 0 0 0 0 0 0 0 0 0 0 0 0 0 0 0 0 0 0 0 0 0 0 0 0 0 0 0 1 
5 2 0 0 0 0 0 0 0 0 0 0 0 33 0 0 0 0 0 0 0 0 0 0 0 0 0 0 0 0 0 0 0 0 0 0 0 0 0 0 0 0 0 0 0 0 0 0 0 1 
5 2 0 0 0 0 0 0 0 0 0 0 33 0 1 0 0 0 0 0 0 0 0 0 0 0 0 0 0 0 0 0 0 0 0 0 0 0 0 0 0 0 0 0 0 0 0 0 0 1 
5 2 0 0 0 0 0 0 0 0 0 0 0 1 0 96 0 0 2 0 0 0 0 0 0 0 0 0 0 0 0 0 0 0 0 0 0 0 0 0 0 0 0 0 0 0 0 0 0 1 
5 2 0 0 0 0 0 0 0 0 0 0 0 0 96 0 0 0 0 0 0 0 0 0 0 0 0 0 0 0 0 0 0 0 0 0 0 0 0 0 0 0 0 0 0 0 0 0 0 1 
5 2 0 0 0 0 0 0 0 0 0 0 0 0 0 0 0 35 33 0 0 0 0 0 0 0 0 0 0 0 0 0 0 0 0 0 0 0 0 0 0 0 0 0 0 0 0 0 0 1 
5 2 0 0 0 0 0 0 0 0 0 0 0 0 0 0 35 0 34 0 0 0 0 0 0 0 0 0 0 0 0 0 0 0 0 0 0 0 0 0 0 0 0 0 0 0 0 0 0 1 
5 2 0 0 0 0 0 0 0 0 0 0 0 0 2 0 33 34 0 1 1 0 0 0 0 0 0 0 0 0 0 0 0 0 0 0 0 0 0 0 0 0 0 0 0 0 0 0 0 1 
5 2 0 0 0 0 0 0 0 0 0 0 0 0 0 0 0 0 1 0 1 0 0 0 0 0 0 0 0 0 0 0 0 0 0 0 0 0 0 0 0 0 0 1 0 0 0 0 0 1 
5 2 0 0 0 0 0 0 0 0 0 0 0 0 0 0 0 0 1 1 0 0 0 29 0 0 0 0 0 0 0 0 0 0 0 0 0 0 0 0 0 0 0 1 0 0 0 0 0 1 
5 2 0 0 0 0 0 0 0 0 0 0 0 0 0 0 0 0 0 0 0 0 0 32 0 0 0 0 0 0 0 0 0 0 0 0 0 0 0 0 0 0 0 1 0 0 0 0 0 1 
5 2 0 0 0 0 0 0 0 0 0 0 0 0 0 0 0 0 0 0 0 0 0 33 0 1 0 0 0 0 0 0 0 0 0 0 0 0 0 0 0 0 0 1 0 0 0 0 0 1 
5 2 0 0 0 0 0 0 0 0 0 0 0 0 0 0 0 0 0 0 29 32 33 0 65 2 0 0 0 0 0 0 0 0 0 0 0 0 0 0 0 0 0 1 0 0 0 0 0 1 
5 2 0 0 0 0 0 0 0 0 0 0 0 0 0 0 0 0 0 0 0 0 0 65 0 1 0 0 0 0 0 0 0 0 0 0 0 0 0 0 0 0 0 1 0 0 0 0 0 1 
5 2 0 0 0 0 0 0 0 0 0 0 0 0 0 0 0 0 0 0 0 0 1 2 1 0 0 0 0 0 0 0 0 0 0 0 0 0 0 0 0 0 0 1 0 0 0 0 0 1 
4 2 0 0 0 0 0 0 0 0 0 0 0 0 0 0 0 0 0 0 0 0 0 0 0 0 0 3 0 0 0 0 0 0 0 0 0 0 0 0 0 0 0 1 0 0 0 0 0 1 
4 2 0 0 0 0 0 0 0 0 0 0 0 0 0 0 0 0 0 0 0 0 0 0 0 0 3 0 2 0 0 0 0 0 0 0 0 0 0 0 0 0 0 1 0 0 0 0 0 1 
4 2 0 0 0 0 0 0 0 0 0 0 0 0 0 0 0 0 0 0 0 0 0 0 0 0 0 2 0 0 1 0 0 0 0 0 0 0 0 0 0 0 0 1 0 0 0 0 0 1 
3 2 0 0 0 0 0 0 0 0 0 0 0 0 0 0 0 0 0 0 0 0 0 0 0 0 0 0 0 0 34 0 0 0 0 0 0 0 0 0 0 0 0 1 0 0 0 0 0 1 
3 2 0 0 0 0 0 0 0 0 0 0 0 0 0 0 0 0 0 0 0 0 0 0 0 0 0 0 1 34 0 0 0 0 0 0 0 0 0 0 0 0 0 1 0 0 0 0 0 1 
3 2 0 0 0 0 0 0 0 0 0 0 0 0 0 0 0 0 0 0 0 0 0 0 0 0 0 0 0 0 0 0 3 0 0 0 0 0 0 0 0 0 0 1 0 0 0 0 0 1 
3 2 0 0 0 0 0 0 0 0 0 0 0 0 0 0 0 0 0 0 0 0 0 0 0 0 0 0 0 0 0 3 0 0 0 0 0 0 0 0 0 0 0 1 0 0 0 0 0 1 
3 2 0 0 0 0 0 0 0 0 0 0 0 0 0 0 0 0 0 0 0 0 0 0 0 0 0 0 0 0 0 0 0 0 0 0 0 0 0 0 0 0 0 1 0 0 0 0 0 1 
3 1 0 0 0 0 0 0 0 0 0 0 0 0 0 0 0 0 0 0 0 0 0 0 0 0 0 0 0 0 0 0 0 0 0 33 0 0 0 0 0 0 0 1 0 0 0 0 0 1 
3 1 0 0 0 0 0 0 0 0 0 0 0 0 0 0 0 0 0 0 0 0 0 0 0 0 0 0 0 0 0 0 0 0 33 0 0 0 0 0 0 0 0 1 0 0 0 0 0 1 
3 0 0 0 0 0 0 0 0 0 0 0 0 0 0 0 0 0 0 0 0 0 0 0 0 0 0 0 0 0 0 0 0 0 0 0 0 0 61 0 0 0 0 1 0 0 0 0 0 1 
1 0 0 0 0 0 0 0 0 0 0 0 0 0 0 0 0 0 0 0 0 0 0 0 0 0 0 0 0 0 0 0 0 0 0 0 0 0 67 0 0 0 0 1 0 0 0 0 0 1 
3 1 0 0 0 0 0 0 0 0 0 0 0 0 0 0 0 0 0 0 0 0 0 0 0 0 0 0 0 0 0 0 0 0 0 0 61 67 0 32 0 0 0 1 0 0 0 0 0 1 
0 0 0 0 0 0 0 0 0 0 0 0 0 0 0 0 0 0 0 0 0 0 0 0 0 0 0 0 0 0 0 0 0 0 0 0 0 0 32 0 0 0 0 1 0 0 0 0 0 1 
0 0 0 0 0 0 0 0 0 0 0 0 0 0 0 0 0 0 0 0 0 0 0 0 0 0 0 0 0 0 0 0 0 0 0 0 0 0 0 0 0 1 0 1 0 0 0 0 0 1 
0 0 0 0 0 0 0 0 0 0 0 0 0 0 0 0 0 0 0 0 0 0 0 0 0 0 0 0 0 0 0 0 0 0 0 0 0 0 0 0 1 0 0 2 0 0 0 0 0 1 
0 0 0 0 0 0 0 0 0 0 0 0 0 0 0 0 0 0 0 0 0 0 0 0 0 0 0 0 0 0 0 0 0 0 0 0 0 0 0 0 0 0 0 34 0 0 0 0 0 1 
0 0 0 0 0 0 0 0 0 0 0 0 0 0 0 0 0 0 0 1 1 1 1 1 1 1 1 1 1 1 1 1 1 1 1 1 1 1 1 1 1 2 34 0 0 0 0 0 0 1 
0 0 0 0 0 0 0 0 0 0 0 0 0 0 0 0 0 0 0 0 0 0 0 0 0 0 0 0 0 0 0 0 0 0 0 0 0 0 0 0 0 0 0 0 0 67 33 0 0 1 
0 0 0 0 0 0 0 0 0 0 0 0 0 0 0 0 0 0 0 0 0 0 0 0 0 0 0 0 0 0 0 0 0 0 0 0 0 0 0 0 0 0 0 0 67 0 32 0 0 1 
0 0 0 0 0 0 0 0 0 0 0 0 0 0 0 0 0 0 0 0 0 0 0 0 0 0 0 0 0 0 0 0 0 0 0 0 0 0 0 0 0 0 0 0 33 32 0 0 0 1 
0 0 0 0 0 0 0 0 0 0 0 0 0 0 0 0 0 0 0 0 0 0 0 0 0 0 0 0 0 0 0 0 0 0 0 0 0 0 0 0 0 0 0 0 0 0 0 0 17 1 
0 0 0 0 0 0 0 0 0 0 0 0 0 0 0 0 0 0 0 0 0 0 0 0 0 0 0 0 0 0 0 0 0 0 0 0 0 0 0 0 0 0 0 0 0 0 0 17 0 68 
1 1 1 1 1 1 1 1 1 1 1 1 1 1 1 1 1 1 1 1 1 1 1 1 1 1 1 1 1 1 1 1 1 1 1 1 1 1 1 1 1 1 1 1 1 1 1 1 68 0 

Rho histogram: 
0 0 0 0 0 0 0 0 0 0 0 0 0 0 0 0 0 1 5 94 

Summary:
objF nSamp nIter rhoMean rhoStDev rProp hitsProp rankHitsProp seconds
Wrug 50 100 0.9934876350540212 0.02043043485545543 0 0 0.6238 159.967186781
