=======================================================
Objective function:  Wrcug
Matrix:  I50.csv
Iterations:  100
Heuristic for search:  RobSA3
Improvement function # 0
Window width for improvement:  0
Heuristic for improvement:  RobSA3
Seed:  33
=======================================================

Best permutations: 
1 0 2 4 3 5 7 6 8 9 10 11 12 13 15 14 18 17 16 19 20 21 22 23 24 25 26 27 28 29 30 31 32 33 34 35 36 38 37 39 40 41 42 43 45 44 46 47 49 48 
1 0 2 4 3 5 6 7 8 9 10 11 12 13 15 14 18 17 16 19 20 21 22 23 24 25 26 27 28 29 30 31 32 33 34 35 36 38 37 39 40 41 42 43 45 44 46 47 49 48 
1 0 2 4 3 5 7 6 8 9 10 11 12 13 15 14 17 18 16 19 20 21 22 23 24 25 26 27 28 29 30 31 32 33 34 35 38 36 37 39 41 40 42 43 45 44 46 47 49 48 
1 0 2 4 3 5 6 7 8 9 10 11 13 12 15 14 18 17 16 19 20 21 22 23 24 25 26 27 28 29 30 31 32 33 34 35 36 38 37 39 40 41 42 43 45 44 46 47 49 48 
1 0 2 4 3 5 7 6 8 9 10 11 12 13 15 14 18 17 16 19 20 21 22 23 24 25 26 27 28 29 30 31 32 33 34 35 36 38 37 39 40 41 42 43 45 44 46 47 49 48 
1 0 2 4 3 5 6 7 8 9 10 11 12 13 15 14 18 17 16 19 20 21 22 23 24 25 26 27 28 29 30 31 32 33 34 35 36 38 37 39 40 41 42 43 45 44 46 47 49 48 
1 0 2 4 3 5 7 6 8 9 10 11 12 13 15 14 18 17 16 19 20 21 22 23 24 25 26 27 28 29 30 31 32 33 34 35 36 38 37 39 40 41 42 43 45 44 46 47 49 48 
1 0 2 4 3 5 6 7 8 9 10 11 12 13 15 14 18 17 16 19 20 21 22 23 24 25 26 27 28 29 30 31 32 33 34 35 36 38 37 39 40 41 42 43 45 44 46 47 49 48 
1 0 2 4 3 5 7 6 8 9 10 11 12 13 15 14 18 17 16 19 20 21 22 23 24 25 26 27 28 29 30 31 32 33 34 35 36 38 37 39 40 41 42 43 45 44 46 47 49 48 
1 0 2 4 3 5 7 6 8 9 10 11 12 13 15 14 18 17 16 19 20 21 22 23 24 25 26 27 28 29 30 31 32 33 34 35 36 38 37 39 40 41 42 43 45 44 46 47 49 48 
1 0 2 4 3 5 6 7 8 9 10 11 12 13 15 14 18 17 16 19 20 21 22 23 24 25 26 27 28 29 30 31 32 33 34 35 36 38 37 39 40 41 42 43 45 44 46 47 49 48 
1 0 2 4 3 5 7 6 8 9 10 11 12 13 15 14 18 17 16 19 20 21 22 23 24 25 26 27 28 29 30 31 32 33 34 35 36 38 37 39 40 41 42 43 45 44 46 47 49 48 
1 0 2 4 3 5 6 7 8 9 10 11 12 13 15 14 18 17 16 19 20 21 22 23 24 25 26 27 28 29 30 31 32 33 34 35 36 38 37 39 40 41 42 43 45 44 46 47 49 48 
1 0 2 4 3 5 6 7 8 9 10 11 12 13 15 14 18 17 16 19 20 21 22 23 25 24 26 27 28 29 30 31 32 33 34 35 38 36 37 39 40 41 42 43 45 44 46 47 49 48 
1 0 2 4 3 5 7 6 8 9 10 11 12 13 15 14 18 17 16 19 20 21 22 23 24 25 26 27 28 30 29 31 32 33 34 35 36 38 37 40 39 41 42 43 45 44 46 47 49 48 
1 0 2 4 3 5 6 7 8 9 10 11 12 13 15 14 18 17 16 19 20 21 22 23 24 25 26 27 28 29 30 31 32 33 34 35 36 38 37 39 40 41 42 43 45 44 46 47 49 48 
1 0 2 4 3 5 6 7 8 9 10 11 12 13 15 14 18 17 16 19 20 21 22 23 24 25 26 27 29 28 30 31 32 33 34 35 36 38 37 39 40 41 42 43 45 44 46 47 49 48 
1 0 2 4 3 5 7 6 8 9 10 11 12 13 15 14 18 17 16 19 20 21 22 23 24 25 26 27 28 29 30 31 33 32 34 35 36 38 37 39 40 41 42 43 45 44 46 47 49 48 
1 0 2 4 3 5 6 7 8 9 10 11 12 13 15 14 18 17 16 19 20 21 22 23 24 25 26 27 28 29 30 31 32 33 34 35 36 38 37 39 40 41 42 43 45 44 46 47 49 48 
1 0 2 4 3 5 6 7 8 9 10 11 12 13 15 14 18 17 16 19 20 21 22 23 25 24 26 27 28 29 30 31 32 33 34 35 36 38 37 39 40 41 42 43 45 44 46 47 49 48 
1 0 2 4 3 5 7 6 8 9 10 11 12 13 15 14 18 17 16 19 20 21 22 23 24 25 26 27 28 29 30 31 32 33 34 35 36 38 37 39 40 41 42 43 45 44 46 47 49 48 
1 0 2 4 3 5 6 7 8 9 10 11 12 13 15 14 18 17 16 19 20 21 22 23 24 25 26 27 28 29 30 31 32 33 34 35 36 38 37 39 40 41 42 43 45 44 46 47 49 48 
1 0 2 4 3 5 7 6 8 9 10 11 12 13 15 14 18 17 16 19 20 21 23 22 24 25 26 27 28 29 30 31 32 33 34 35 36 38 37 39 40 41 42 43 45 44 46 47 49 48 
1 0 2 4 3 5 7 6 8 9 10 11 12 13 15 14 18 17 16 19 20 21 22 23 24 25 26 27 28 29 30 31 32 33 34 35 36 38 37 39 40 41 42 43 45 44 46 47 49 48 
1 0 2 4 3 5 6 7 8 9 10 11 12 13 15 14 18 17 16 19 20 21 22 23 24 25 26 27 28 29 30 31 32 33 34 35 36 38 37 39 40 41 42 43 45 44 46 47 49 48 
1 0 2 4 3 5 6 7 8 9 10 11 12 13 15 14 18 17 16 19 20 21 22 23 24 25 26 27 28 29 30 31 32 33 34 35 36 38 37 39 40 41 42 43 45 44 46 47 49 48 
1 0 2 4 3 5 6 7 8 9 10 11 12 13 14 15 18 17 16 19 20 21 22 23 24 25 26 27 28 29 30 31 32 33 34 35 36 38 37 39 40 41 42 43 45 44 46 47 49 48 
1 0 2 4 3 5 6 7 8 9 10 11 12 13 15 14 18 17 16 19 20 21 22 23 24 25 26 27 28 29 30 31 32 33 34 35 36 38 37 39 40 41 42 43 45 44 46 47 49 48 
1 0 2 4 3 5 7 6 8 9 10 11 13 12 15 14 18 17 16 19 20 21 22 23 24 25 26 27 28 29 30 31 32 33 34 35 36 38 37 39 40 41 42 43 45 44 46 47 49 48 
1 0 2 4 3 5 7 6 8 9 10 11 12 13 15 14 18 17 16 19 20 21 22 23 24 25 26 27 28 29 30 31 32 33 34 35 36 38 37 39 40 41 42 43 45 44 46 47 49 48 
1 0 2 4 3 5 7 6 8 9 10 11 12 13 15 14 18 17 16 19 20 21 22 23 24 25 26 27 28 29 30 31 32 33 34 35 36 38 37 39 40 41 42 43 45 44 46 47 49 48 
1 0 2 4 3 5 6 7 8 9 10 11 12 13 15 14 18 17 16 19 20 21 22 23 24 25 26 27 28 29 30 32 31 33 34 35 36 38 37 39 40 41 42 43 45 44 46 47 49 48 
1 0 2 4 3 5 7 6 8 9 10 11 12 13 15 14 18 17 16 19 20 21 22 23 24 25 26 27 28 29 30 31 32 33 34 35 36 38 37 39 40 41 42 43 45 44 46 47 49 48 
1 0 2 4 3 5 7 6 8 9 10 11 12 13 15 14 18 17 16 19 20 21 22 23 24 25 26 27 28 29 30 31 32 33 34 35 36 38 37 39 40 41 42 43 45 44 46 47 49 48 
1 0 2 4 3 5 7 6 8 9 10 11 12 13 15 14 18 17 16 19 20 21 22 23 24 25 26 27 28 29 30 31 32 33 34 35 36 38 37 39 40 41 42 43 45 44 46 47 49 48 
1 0 2 4 3 5 7 6 8 9 10 11 12 13 15 14 18 17 16 19 20 21 22 23 24 25 26 27 28 29 30 31 32 33 34 35 36 38 37 39 40 41 42 43 45 44 46 47 49 48 
1 0 2 4 3 5 6 7 8 9 10 11 12 13 15 14 18 17 16 19 20 21 22 23 24 25 27 26 28 29 30 31 32 33 34 35 36 38 37 39 40 41 42 43 45 44 46 47 49 48 
1 0 2 4 3 5 7 6 8 9 10 11 12 13 15 14 18 17 16 19 20 21 22 23 24 25 26 27 28 29 30 31 32 33 34 35 36 38 37 39 40 41 42 43 45 44 46 47 49 48 
1 0 2 4 3 5 7 6 8 9 10 11 12 13 15 14 18 17 16 19 20 21 22 23 24 25 26 27 28 29 30 31 32 33 34 35 36 38 37 39 40 41 42 43 45 44 46 47 49 48 
1 0 2 4 3 5 7 6 8 9 10 11 12 13 15 14 18 17 16 19 20 21 22 23 24 25 26 27 28 29 30 31 32 33 34 35 36 38 37 39 40 41 42 43 45 44 46 47 49 48 
1 0 2 4 3 5 6 7 8 9 10 11 12 13 15 14 17 18 16 19 20 21 22 23 24 25 26 27 28 29 30 31 32 33 34 35 36 38 37 39 40 41 42 43 45 44 46 47 49 48 
1 0 2 4 3 5 7 6 8 9 10 11 12 13 15 14 18 17 16 19 20 21 22 24 23 25 26 27 28 29 30 31 32 33 34 35 36 38 37 39 40 41 42 43 45 44 46 47 49 48 
1 0 2 4 3 5 7 6 8 9 10 11 12 13 15 14 18 17 16 19 20 21 22 23 24 25 26 27 28 29 30 31 32 33 34 35 36 38 37 39 40 41 42 43 45 44 46 47 49 48 
1 0 2 4 3 5 7 6 8 9 10 11 12 13 15 14 18 17 16 19 20 21 22 23 24 25 27 28 26 29 30 31 32 33 34 35 36 38 37 39 40 41 42 43 45 44 46 47 49 48 
1 0 2 4 3 5 7 6 8 9 10 11 12 13 15 14 18 17 16 19 20 21 22 23 24 25 27 26 28 30 29 31 32 33 34 35 36 38 37 39 40 41 42 43 45 44 46 47 49 48 
1 0 2 4 3 5 6 7 8 9 10 11 12 13 15 14 18 17 16 19 20 21 22 23 24 25 26 27 28 29 30 31 32 33 34 35 36 38 37 39 40 41 42 43 45 44 46 47 49 48 
15 10 21 25 0 20 37 41 40 45 30 49 3 38 12 36 14 17 9 8 23 44 13 2 33 7 46 39 29 6 5 42 26 28 35 22 48 18 19 1 16 31 47 43 4 34 11 27 32 24 
1 0 2 4 3 5 7 6 8 9 10 11 12 13 15 14 18 17 16 19 20 21 22 23 24 25 26 27 28 29 30 31 32 33 34 35 36 38 37 39 40 41 42 43 45 44 46 47 49 48 
1 0 2 4 3 5 6 7 8 9 10 11 12 13 15 14 18 17 16 19 20 21 22 23 24 25 26 27 28 29 30 31 32 33 34 35 36 38 37 39 40 41 42 43 45 44 46 47 49 48 
1 0 2 4 3 5 7 6 8 9 10 11 12 13 15 14 18 17 16 19 20 21 22 23 24 25 26 27 28 29 30 31 32 33 34 35 36 38 37 39 40 41 42 43 45 44 46 47 49 48 
1 0 2 4 3 5 7 6 8 9 10 11 12 13 15 14 18 17 16 19 20 21 22 23 24 25 26 27 28 29 30 31 32 33 34 35 36 38 37 39 40 41 42 43 45 44 46 47 49 48 
1 0 2 4 3 5 7 6 8 9 10 11 12 13 15 14 18 17 16 19 20 21 22 23 24 25 26 27 28 29 30 31 32 33 34 35 36 38 37 39 40 41 42 43 45 44 46 47 49 48 
1 0 2 4 3 5 6 7 8 9 10 11 12 13 15 14 18 17 16 19 20 21 22 23 24 25 26 27 28 29 30 31 32 33 34 35 36 38 37 39 40 41 42 43 45 44 46 47 49 48 
1 0 2 4 3 5 7 6 8 9 10 11 12 13 15 14 18 17 16 19 20 21 22 23 24 25 26 27 28 29 30 31 32 33 34 35 36 38 37 39 40 41 42 43 45 44 46 47 49 48 
30 17 3 29 23 35 47 25 37 34 40 6 11 19 36 32 2 46 26 7 15 44 13 1 49 10 43 0 27 14 5 39 9 33 45 28 12 4 31 20 18 41 22 16 42 8 24 48 38 21 
1 0 2 4 3 5 7 6 8 9 10 11 12 13 15 14 18 16 17 19 20 21 22 23 24 25 26 27 28 29 30 31 32 33 34 35 36 38 37 39 40 41 42 43 45 44 46 47 49 48 
1 0 2 4 3 5 6 7 8 9 10 11 12 13 15 14 18 17 16 19 20 21 22 23 24 25 26 27 28 29 30 31 32 33 34 35 36 38 37 39 40 41 42 43 45 44 46 47 49 48 
1 0 2 4 3 5 6 7 8 9 10 11 12 13 15 14 18 17 16 19 20 21 22 23 24 25 26 27 28 29 30 31 32 33 34 35 36 38 37 39 40 41 42 43 45 44 46 47 49 48 
1 0 2 4 3 5 7 6 8 9 10 11 12 13 15 14 18 17 16 19 20 21 22 23 24 25 26 27 28 29 30 31 32 33 34 35 36 38 37 39 40 41 42 43 45 44 46 47 49 48 
1 0 2 4 3 5 7 6 8 9 10 11 12 13 15 14 18 17 16 19 20 21 22 23 24 25 26 27 28 29 30 31 32 33 34 35 36 38 37 39 40 41 42 43 45 44 46 47 49 48 
1 0 2 4 3 5 6 7 8 9 10 11 12 13 15 14 18 17 16 19 20 21 22 23 24 25 26 27 28 29 30 31 32 33 34 35 38 36 37 39 40 41 42 43 45 44 46 47 49 48 
1 0 2 4 3 5 6 7 8 9 10 11 12 13 15 14 18 17 16 19 20 21 22 23 24 25 26 27 28 29 30 31 32 33 34 35 36 38 37 39 40 41 42 43 45 44 46 47 49 48 
1 0 2 4 3 5 7 6 8 9 10 11 12 13 15 14 18 17 16 19 20 21 22 23 24 25 26 27 28 29 30 31 32 33 34 35 36 38 37 39 40 41 42 43 45 44 46 47 49 48 
1 0 2 4 3 5 7 6 8 9 10 11 12 13 15 14 18 17 16 19 20 21 22 23 24 25 26 27 28 29 30 31 32 33 34 35 36 38 37 39 40 41 42 43 45 44 46 47 49 48 
1 0 2 4 3 5 6 7 8 9 10 11 12 13 15 14 18 17 16 19 20 21 23 22 24 25 27 26 28 30 29 31 32 33 34 35 36 38 37 39 40 41 42 43 45 44 46 47 49 48 
1 0 2 4 3 5 6 7 8 9 10 11 12 13 15 14 18 17 16 19 20 21 22 23 24 25 26 27 28 29 30 31 32 33 34 35 36 38 37 39 40 41 42 45 43 44 46 47 49 48 
1 0 2 4 3 5 6 7 8 9 10 11 12 13 15 14 18 17 16 19 20 21 22 23 24 25 26 27 28 29 30 31 32 33 34 35 36 38 37 39 40 41 42 43 45 44 46 47 49 48 
1 0 2 4 3 5 7 6 8 9 10 11 12 13 15 14 18 17 16 19 20 21 22 23 24 25 26 27 28 29 30 31 32 33 34 35 36 38 37 39 40 41 42 43 45 44 46 47 49 48 
1 0 2 4 3 5 7 6 8 9 10 11 12 13 15 14 18 17 16 19 20 21 22 23 25 24 26 27 28 29 30 31 32 33 34 35 36 38 37 39 40 41 42 43 45 44 46 47 49 48 
1 0 2 4 3 5 6 7 8 9 10 11 12 13 15 14 18 17 16 19 20 21 22 23 24 25 26 27 28 29 30 31 32 33 34 35 36 38 37 39 40 41 42 43 45 44 46 47 49 48 
1 0 2 4 3 5 7 6 8 9 10 11 12 13 15 14 18 17 16 19 20 21 22 23 24 25 26 27 28 29 30 31 32 33 34 35 36 38 37 39 40 41 42 43 45 44 46 47 49 48 
1 0 2 4 3 5 6 7 8 9 10 11 12 13 15 14 18 17 16 19 20 21 22 23 24 25 26 27 28 29 30 31 32 33 34 35 36 38 37 39 40 41 42 43 45 44 46 47 49 48 
1 0 2 4 3 5 7 6 8 9 10 11 12 13 15 14 18 17 16 19 20 21 22 23 24 25 26 27 28 29 30 31 32 33 34 35 36 38 37 39 40 41 42 43 45 44 46 47 49 48 
1 0 2 4 3 5 7 6 8 9 10 11 12 13 15 14 18 17 16 19 20 21 22 23 24 25 27 26 28 29 30 31 32 33 34 35 36 38 37 39 40 41 42 43 45 44 46 47 49 48 
1 0 2 4 3 5 6 7 8 9 10 11 12 13 15 14 18 17 16 19 20 21 22 23 24 25 26 27 28 29 30 31 32 33 34 35 36 38 37 39 40 41 42 43 45 44 46 47 49 48 
1 0 2 4 3 5 6 7 8 9 10 11 12 13 15 14 18 17 16 19 20 21 22 23 25 26 24 27 28 30 29 31 32 33 34 35 36 38 37 39 40 41 42 43 45 44 46 47 49 48 
1 0 2 4 3 5 7 6 8 9 10 11 12 13 15 14 18 17 16 19 20 21 22 23 24 25 26 27 28 29 30 31 32 33 34 35 36 38 37 39 40 41 42 43 45 44 46 47 49 48 
1 0 2 4 3 5 6 7 8 9 10 11 12 13 15 14 18 17 16 19 20 21 22 23 24 25 26 27 28 29 30 31 32 33 34 35 36 38 37 39 40 41 42 43 45 44 46 47 49 48 
1 0 2 4 3 5 7 6 8 9 10 11 12 13 15 14 18 17 16 19 20 21 22 23 24 25 26 27 28 29 30 31 32 33 34 35 36 38 37 39 40 41 42 45 43 44 46 47 49 48 
1 0 2 4 3 5 7 6 8 9 10 11 12 13 15 14 18 17 16 19 20 21 22 23 24 25 26 27 28 29 30 31 32 33 34 35 36 38 37 39 40 41 42 43 45 44 46 47 49 48 
1 0 2 4 3 5 7 6 8 9 10 11 12 13 15 14 18 17 16 19 20 21 22 23 24 25 26 27 28 29 30 31 32 33 34 35 36 38 37 39 40 41 42 43 45 44 46 47 49 48 
1 0 2 4 3 5 7 6 8 9 10 11 12 13 15 14 18 17 16 19 20 21 22 23 24 25 26 27 28 29 30 31 32 33 34 35 36 38 37 39 40 41 42 43 45 44 46 47 49 48 
1 0 2 4 3 5 7 6 8 9 10 11 12 13 15 14 18 17 16 19 20 21 22 23 24 25 26 27 28 29 30 31 32 33 34 35 36 38 37 39 40 41 42 43 45 44 46 47 49 48 
1 0 2 4 3 5 7 6 8 9 10 11 12 13 15 14 18 17 16 19 20 21 22 23 24 25 26 27 28 29 30 31 32 33 34 35 36 38 37 39 40 41 42 43 45 44 46 47 49 48 
1 0 2 4 3 5 6 7 8 9 10 11 12 13 15 14 18 17 16 19 20 21 23 22 24 25 26 27 28 29 30 31 32 33 34 35 36 38 37 39 40 41 42 43 45 44 46 47 49 48 
1 0 2 4 3 5 6 7 8 10 9 11 13 12 15 14 18 17 16 19 20 23 21 22 24 25 26 27 28 29 30 31 32 33 34 35 36 38 37 39 40 41 42 43 45 44 46 47 49 48 
1 0 2 4 3 5 7 6 8 9 10 11 12 13 15 14 18 17 16 19 20 21 22 23 24 25 26 27 28 29 30 31 32 33 34 35 36 38 37 39 40 41 42 43 45 44 46 47 49 48 
1 0 2 4 3 5 7 6 8 9 10 11 12 13 15 14 17 18 16 19 20 21 22 23 25 24 26 27 28 29 30 31 32 33 34 35 36 38 37 39 40 41 42 43 45 44 46 47 49 48 
1 0 2 4 3 5 6 7 8 9 10 11 12 13 15 14 18 17 16 19 20 21 22 23 24 25 26 27 28 29 30 31 32 33 34 35 36 38 37 39 40 41 42 43 45 44 46 47 49 48 
1 0 2 4 3 5 6 7 8 9 11 10 12 13 15 14 18 17 16 19 20 21 22 23 24 25 26 27 28 29 30 31 32 33 34 35 38 36 37 39 40 41 42 43 45 44 46 47 49 48 
1 0 2 4 3 5 6 7 8 9 10 11 12 13 15 14 18 17 16 19 20 21 22 23 24 25 26 27 28 29 30 31 32 33 34 36 35 38 37 39 40 41 42 43 45 44 46 47 49 48 
1 0 2 4 3 5 7 6 8 9 10 11 12 13 15 14 18 17 16 19 20 21 22 23 24 25 26 27 28 29 30 31 32 33 34 35 36 38 37 39 40 41 42 43 45 44 46 47 49 48 
1 0 2 4 3 5 7 6 8 9 10 11 12 13 15 14 18 17 16 19 20 21 22 23 24 25 26 27 28 29 30 32 31 33 34 35 36 38 37 39 40 41 42 43 45 44 46 47 49 48 
1 0 2 4 3 5 7 6 8 9 10 11 12 13 15 14 18 17 16 19 20 21 22 23 24 25 26 27 28 29 30 31 32 33 35 34 36 38 37 39 40 41 42 43 45 44 46 47 49 48 
1 0 2 4 3 5 6 7 8 9 10 11 12 13 15 14 18 17 16 19 20 21 22 23 24 25 26 27 28 29 30 31 32 33 34 35 36 38 37 39 40 41 42 43 45 44 46 47 49 48 
1 0 2 4 3 5 7 6 8 9 10 11 12 13 15 14 18 17 16 19 20 21 22 23 24 25 26 27 28 29 30 32 31 33 34 35 36 38 37 39 40 41 42 43 45 44 46 47 49 48 
1 0 2 4 3 5 7 6 8 9 10 11 12 13 15 14 18 17 16 19 20 21 22 23 24 25 26 27 28 29 30 31 32 33 34 35 36 38 37 39 40 41 42 43 45 44 46 47 49 48 
1 0 2 4 3 5 7 6 8 9 10 11 12 13 15 14 17 18 16 19 20 21 22 23 24 25 26 27 28 29 30 31 32 33 34 35 36 38 37 39 40 41 42 43 45 44 46 47 49 48 
1 0 2 4 3 5 7 6 8 9 10 11 12 13 15 14 18 17 16 19 20 21 22 23 24 25 26 27 28 29 30 31 32 33 34 35 36 38 37 39 40 41 42 43 45 44 46 47 49 48 
1 0 2 4 3 5 6 7 8 9 10 11 12 13 15 14 18 17 16 19 20 21 22 23 24 25 26 27 28 29 30 31 32 33 34 35 36 38 37 39 40 41 42 43 45 44 46 47 49 48 

Rank matrix
0 98 0 0 1 0 0 0 0 0 0 0 0 0 0 0 0 0 0 0 0 0 0 0 0 0 0 1 0 0 0 0 0 0 0 0 0 0 0 0 0 0 0 0 0 0 0 0 0 0 
98 0 0 0 0 0 0 0 0 0 0 0 0 0 0 0 0 0 0 0 0 0 0 1 0 0 0 0 0 0 0 0 0 0 0 0 0 0 0 1 0 0 0 0 0 0 0 0 0 0 
0 0 98 0 0 0 0 0 0 0 0 0 0 0 0 0 1 0 0 0 0 0 0 1 0 0 0 0 0 0 0 0 0 0 0 0 0 0 0 0 0 0 0 0 0 0 0 0 0 0 
0 0 1 0 98 0 0 0 0 0 0 0 1 0 0 0 0 0 0 0 0 0 0 0 0 0 0 0 0 0 0 0 0 0 0 0 0 0 0 0 0 0 0 0 0 0 0 0 0 0 
0 0 0 98 0 0 0 0 0 0 0 0 0 0 0 0 0 0 0 0 0 0 0 0 0 0 0 0 0 0 0 0 0 0 0 0 0 1 0 0 0 0 0 0 1 0 0 0 0 0 
0 0 0 0 0 98 0 0 0 0 0 0 0 0 0 0 0 0 0 0 0 0 0 0 0 0 0 0 0 0 2 0 0 0 0 0 0 0 0 0 0 0 0 0 0 0 0 0 0 0 
0 0 0 0 0 0 41 57 0 0 0 1 0 0 0 0 0 0 0 0 0 0 0 0 0 0 0 0 0 1 0 0 0 0 0 0 0 0 0 0 0 0 0 0 0 0 0 0 0 0 
0 0 0 0 0 0 57 41 0 0 0 0 0 0 0 0 0 0 0 1 0 0 0 0 0 1 0 0 0 0 0 0 0 0 0 0 0 0 0 0 0 0 0 0 0 0 0 0 0 0 
0 0 0 0 0 0 0 0 98 0 0 0 0 0 0 0 0 0 0 1 0 0 0 0 0 0 0 0 0 0 0 0 0 0 0 0 0 0 0 0 0 0 0 0 0 1 0 0 0 0 
0 0 0 0 0 0 0 0 0 97 1 0 0 0 0 0 0 0 1 0 0 0 0 0 0 0 0 0 0 0 0 0 1 0 0 0 0 0 0 0 0 0 0 0 0 0 0 0 0 0 
0 1 0 0 0 0 0 0 0 1 96 1 0 0 0 0 0 0 0 0 0 0 0 0 0 1 0 0 0 0 0 0 0 0 0 0 0 0 0 0 0 0 0 0 0 0 0 0 0 0 
0 0 0 0 0 0 0 0 0 0 1 97 1 0 0 0 0 0 0 0 0 0 0 0 0 0 0 0 0 0 0 0 0 0 0 0 0 0 0 0 0 0 0 0 0 0 1 0 0 0 
0 0 0 0 0 0 0 0 0 0 0 0 95 3 1 0 0 0 0 0 0 0 0 0 0 0 0 0 0 0 0 0 0 0 0 0 1 0 0 0 0 0 0 0 0 0 0 0 0 0 
0 0 0 0 0 0 0 0 0 0 0 0 3 95 0 0 0 0 0 0 0 0 2 0 0 0 0 0 0 0 0 0 0 0 0 0 0 0 0 0 0 0 0 0 0 0 0 0 0 0 
0 0 0 0 0 0 0 0 0 0 0 0 0 0 1 97 1 0 0 0 0 0 0 0 0 0 0 0 0 1 0 0 0 0 0 0 0 0 0 0 0 0 0 0 0 0 0 0 0 0 
1 0 0 0 0 0 0 0 0 0 0 0 0 0 97 1 0 0 0 0 1 0 0 0 0 0 0 0 0 0 0 0 0 0 0 0 0 0 0 0 0 0 0 0 0 0 0 0 0 0 
0 0 0 0 0 0 0 0 0 0 0 0 0 0 0 0 0 1 97 0 0 0 0 0 0 0 0 0 0 0 0 0 0 0 0 0 0 0 0 0 1 0 0 1 0 0 0 0 0 0 
0 1 0 0 0 0 0 0 0 0 0 0 0 0 0 0 4 94 1 0 0 0 0 0 0 0 0 0 0 0 0 0 0 0 0 0 0 0 0 0 0 0 0 0 0 0 0 0 0 0 
0 0 0 0 0 0 0 0 0 0 0 0 0 0 0 0 94 4 0 0 0 0 0 0 0 0 0 0 0 0 0 0 0 0 0 0 0 1 0 0 1 0 0 0 0 0 0 0 0 0 
0 0 0 0 0 0 0 0 0 0 0 0 0 1 0 0 0 0 0 98 0 0 0 0 0 0 0 0 0 0 0 0 0 0 0 0 0 0 1 0 0 0 0 0 0 0 0 0 0 0 
0 0 0 0 0 1 0 0 0 0 0 0 0 0 0 0 0 0 0 0 98 0 0 0 0 0 0 0 0 0 0 0 0 0 0 0 0 0 0 1 0 0 0 0 0 0 0 0 0 0 
0 0 1 0 0 0 0 0 0 0 0 0 0 0 0 0 0 0 0 0 0 97 1 0 0 0 0 0 0 0 0 0 0 0 0 0 0 0 0 0 0 0 0 0 0 0 0 0 0 1 
0 0 0 0 0 0 0 0 0 0 0 0 0 0 0 0 0 0 0 0 0 0 94 4 0 0 0 0 0 0 0 0 0 0 0 1 0 0 0 0 0 0 1 0 0 0 0 0 0 0 
0 0 0 0 1 0 0 0 0 0 0 0 0 0 0 0 0 0 0 0 1 1 3 93 1 0 0 0 0 0 0 0 0 0 0 0 0 0 0 0 0 0 0 0 0 0 0 0 0 0 
0 0 0 0 0 0 0 0 0 0 0 0 0 0 0 0 0 0 0 0 0 0 0 1 92 4 1 0 0 0 0 0 0 0 0 0 0 0 0 0 0 0 0 0 0 0 1 0 0 1 
0 0 0 1 0 0 0 1 0 0 0 0 0 0 0 0 0 0 0 0 0 0 0 0 5 93 0 0 0 0 0 0 0 0 0 0 0 0 0 0 0 0 0 0 0 0 0 0 0 0 
0 0 0 0 0 0 0 0 0 0 0 0 0 0 0 0 0 0 1 0 0 0 0 0 0 1 92 4 1 0 0 0 1 0 0 0 0 0 0 0 0 0 0 0 0 0 0 0 0 0 
0 0 0 0 0 0 0 0 0 0 0 0 0 0 0 0 0 0 0 0 0 0 0 0 0 0 5 93 1 0 0 0 0 0 0 0 0 0 0 0 0 0 0 0 0 0 0 1 0 0 
0 0 0 0 0 0 0 0 0 0 0 0 0 0 0 0 0 0 0 0 0 0 0 0 0 0 0 1 96 1 0 0 0 1 0 1 0 0 0 0 0 0 0 0 0 0 0 0 0 0 
0 0 0 1 0 0 0 0 0 0 0 0 0 0 0 0 0 0 0 0 0 0 0 0 0 0 0 0 2 93 4 0 0 0 0 0 0 0 0 0 0 0 0 0 0 0 0 0 0 0 
1 0 0 0 0 0 0 0 0 0 1 0 0 0 0 0 0 0 0 0 0 0 0 0 0 0 0 0 0 4 94 0 0 0 0 0 0 0 0 0 0 0 0 0 0 0 0 0 0 0 
0 0 0 0 0 0 0 0 0 0 0 0 0 0 0 0 0 0 0 0 0 0 0 0 0 0 0 0 0 0 0 95 3 0 0 0 0 0 1 0 0 1 0 0 0 0 0 0 0 0 
0 0 0 0 0 0 0 0 0 0 0 0 0 0 0 1 0 0 0 0 0 0 0 0 0 0 0 0 0 0 0 3 94 1 0 0 0 0 0 0 0 0 0 0 0 0 0 0 1 0 
0 0 0 0 0 0 0 0 0 0 0 0 0 0 0 0 0 0 0 0 0 0 0 0 1 0 0 0 0 0 0 0 1 98 0 0 0 0 0 0 0 0 0 0 0 0 0 0 0 0 
0 0 0 0 0 0 0 0 0 1 0 0 0 0 0 0 0 0 0 0 0 0 0 0 0 0 0 0 0 0 0 0 0 0 97 1 0 0 0 0 0 0 0 0 0 1 0 0 0 0 
0 0 0 0 0 1 0 0 0 0 0 0 0 0 0 0 0 0 0 0 0 0 0 0 0 0 0 0 0 0 0 0 0 0 2 96 1 0 0 0 0 0 0 0 0 0 0 0 0 0 
0 0 0 0 0 0 0 0 0 0 0 0 0 0 1 1 0 0 0 0 0 0 0 0 0 0 0 0 0 0 0 0 0 0 0 1 93 4 0 0 0 0 0 0 0 0 0 0 0 0 
0 0 0 0 0 0 1 0 1 0 0 0 0 0 0 0 0 0 0 0 0 0 0 0 0 0 0 0 0 0 0 0 0 0 0 0 0 0 98 0 0 0 0 0 0 0 0 0 0 0 
0 0 0 0 0 0 0 0 0 0 0 0 0 1 0 0 0 0 0 0 0 0 0 0 0 0 0 0 0 0 0 0 0 0 0 0 4 94 0 0 0 0 0 0 0 0 0 0 1 0 
0 0 0 0 0 0 0 0 0 0 0 0 0 0 0 0 0 0 0 0 0 0 0 0 0 0 0 1 0 0 0 1 0 0 0 0 0 0 0 97 1 0 0 0 0 0 0 0 0 0 
0 0 0 0 0 0 0 0 1 0 1 0 0 0 0 0 0 0 0 0 0 0 0 0 0 0 0 0 0 0 0 0 0 0 0 0 0 0 0 1 96 1 0 0 0 0 0 0 0 0 
0 0 0 0 0 0 0 1 0 0 0 0 0 0 0 0 0 0 0 0 0 0 0 0 0 0 0 0 0 0 0 0 0 0 0 0 0 0 0 0 1 98 0 0 0 0 0 0 0 0 
0 0 0 0 0 0 0 0 0 0 0 0 0 0 0 0 0 0 0 0 0 0 0 0 0 0 0 0 0 0 0 1 0 0 0 0 0 0 0 0 0 0 98 0 1 0 0 0 0 0 
0 0 0 0 0 0 0 0 0 0 0 0 0 0 0 0 0 0 0 0 0 0 0 0 0 0 1 0 0 0 0 0 0 0 0 0 0 0 0 0 0 0 0 97 2 0 0 0 0 0 
0 0 0 0 0 0 0 0 0 0 0 0 0 0 0 0 0 0 0 0 0 2 0 0 0 0 0 0 0 0 0 0 0 0 0 0 0 0 0 0 0 0 0 0 0 98 0 0 0 0 
0 0 0 0 0 0 0 0 0 1 0 0 0 0 0 0 0 0 0 0 0 0 0 0 0 0 0 0 0 0 0 0 0 0 1 0 0 0 0 0 0 0 0 2 96 0 0 0 0 0 
0 0 0 0 0 0 0 0 0 0 0 0 0 0 0 0 0 1 0 0 0 0 0 0 0 0 1 0 0 0 0 0 0 0 0 0 0 0 0 0 0 0 0 0 0 0 98 0 0 0 
0 0 0 0 0 0 1 0 0 0 0 0 0 0 0 0 0 0 0 0 0 0 0 0 0 0 0 0 0 0 0 0 0 0 0 0 0 0 0 0 0 0 1 0 0 0 0 98 0 0 
0 0 0 0 0 0 0 0 0 0 0 0 0 0 0 0 0 0 0 0 0 0 0 0 0 0 0 0 0 0 0 0 0 0 0 0 1 0 0 0 0 0 0 0 0 0 0 1 0 98 
0 0 0 0 0 0 0 0 0 0 0 1 0 0 0 0 0 0 0 0 0 0 0 0 1 0 0 0 0 0 0 0 0 0 0 0 0 0 0 0 0 0 0 0 0 0 0 0 98 0 

Pair-order violations matrix
0 99 1 1 0 0 1 1 0 0 2 1 0 1 0 2 0 1 0 1 0 1 0 1 0 2 1 0 0 1 1 0 1 0 1 1 1 1 0 0 1 0 0 1 1 0 1 1 0 1 
99 0 2 2 0 1 2 2 1 1 1 1 1 2 1 2 0 2 1 2 1 1 1 2 0 2 2 0 1 2 2 0 1 1 1 2 2 2 1 1 2 1 1 0 2 1 2 1 1 1 
1 2 0 2 0 0 1 0 1 1 1 1 1 1 1 1 0 2 0 1 1 1 0 2 0 2 0 0 0 1 2 0 1 0 1 1 2 2 1 0 2 1 0 0 1 1 0 1 0 1 
1 2 2 0 98 0 0 0 0 0 1 0 0 0 0 1 0 1 0 0 1 1 0 0 0 1 0 0 0 0 2 0 0 0 0 0 0 1 0 0 1 1 0 0 0 1 0 0 0 1 
0 0 0 98 0 2 2 2 1 2 2 1 2 2 2 2 1 2 1 2 1 1 1 2 0 2 2 1 2 2 2 1 1 2 1 2 2 2 1 2 2 1 1 2 2 2 2 2 1 2 
0 1 0 0 2 0 2 2 1 1 2 1 1 2 2 2 0 2 0 1 1 1 0 2 0 2 1 1 0 2 2 0 1 1 1 1 2 2 1 1 2 1 0 1 2 1 2 1 0 2 
1 2 1 0 2 2 0 58 1 1 1 0 1 1 1 1 0 2 0 0 1 1 0 2 0 2 0 0 0 2 2 0 0 1 1 1 1 2 1 1 2 1 0 0 1 1 1 1 0 1 
1 2 0 0 2 2 58 0 1 1 1 1 1 1 1 1 0 2 0 1 1 1 0 2 0 2 1 0 0 1 2 0 1 1 1 1 2 2 1 0 2 1 0 0 1 1 1 1 0 1 
0 1 1 0 1 1 1 1 0 2 2 1 2 1 2 2 1 2 1 1 2 1 1 1 0 2 1 1 1 1 2 1 1 1 1 1 2 2 1 1 2 2 1 1 1 2 1 1 0 2 
0 1 1 0 2 1 1 1 2 0 3 1 1 1 2 2 0 2 0 1 1 1 0 1 0 2 1 1 0 1 2 0 1 0 1 1 2 2 1 1 2 1 0 1 1 1 1 1 0 2 
2 1 1 1 2 2 1 1 2 3 0 2 0 1 0 2 0 1 0 1 0 0 0 1 0 1 1 0 0 1 1 0 1 0 1 1 1 1 0 0 1 0 0 0 1 0 1 1 0 1 
1 1 1 0 1 1 0 1 1 1 2 0 1 1 1 1 1 2 1 1 1 1 1 2 0 2 1 0 1 2 2 1 0 1 2 2 1 2 1 1 2 1 1 1 1 1 1 2 1 1 
0 1 1 0 2 1 1 1 2 1 0 1 0 4 1 2 0 1 0 1 1 1 0 1 0 2 1 1 1 1 2 0 1 1 1 1 1 2 1 1 2 1 0 1 1 2 1 1 0 2 
1 2 1 0 2 2 1 1 1 1 1 1 4 0 1 2 0 2 0 1 1 1 0 2 0 2 1 0 0 1 2 0 1 0 1 1 2 2 1 0 2 1 0 0 2 1 1 1 0 1 
0 1 1 0 2 2 1 1 2 2 0 1 1 1 0 99 0 1 0 1 1 1 0 1 0 2 1 1 0 1 2 0 1 0 1 1 2 2 1 0 2 1 0 1 1 1 1 1 0 2 
2 2 1 1 2 2 1 1 2 2 2 1 2 2 99 0 0 1 0 1 0 0 0 1 0 1 1 0 0 1 1 0 1 0 1 1 1 1 0 0 1 0 0 0 0 0 1 1 0 0 
0 0 0 0 1 0 0 0 1 0 0 1 0 0 0 0 0 99 100 2 2 1 2 2 0 2 2 1 2 2 2 1 1 2 1 2 2 2 1 2 2 2 1 1 2 2 2 1 1 2 
1 2 2 1 2 2 2 2 2 2 1 2 1 2 1 1 99 0 94 0 1 1 0 0 0 1 0 0 0 0 2 0 0 0 0 0 1 1 1 0 1 1 0 0 0 1 0 0 0 1 
0 1 0 0 1 0 0 0 1 0 0 1 0 0 0 0 100 94 0 1 2 1 1 2 0 2 2 1 2 2 2 1 1 2 1 2 2 2 1 2 2 1 1 1 2 2 2 1 1 2 
1 2 1 0 2 1 0 1 1 1 1 1 1 1 1 1 2 0 1 0 1 1 1 2 0 2 1 0 1 2 2 0 0 1 1 2 1 2 1 1 2 1 1 0 1 1 1 1 1 1 
0 1 1 1 1 1 1 1 2 1 0 1 1 1 1 0 2 1 2 1 0 1 0 1 0 2 1 1 1 1 1 1 1 1 1 1 1 1 0 1 1 0 0 1 1 1 1 1 0 1 
1 1 1 1 1 1 1 1 1 1 0 1 1 1 1 0 1 1 1 1 1 0 1 2 1 1 1 1 1 1 1 1 1 1 1 1 1 1 1 1 1 1 1 1 1 1 1 1 1 1 
0 1 0 0 1 0 0 0 1 0 0 1 0 0 0 0 2 0 1 1 0 1 0 6 0 2 2 1 2 2 2 1 1 2 1 2 2 2 1 2 2 2 1 1 2 2 2 1 0 2 
1 2 2 0 2 2 2 2 1 1 1 2 1 2 1 1 2 0 2 2 1 2 6 0 1 1 0 0 0 1 2 0 0 0 0 0 1 1 1 0 1 1 0 0 0 1 0 0 0 1 
0 0 0 0 0 0 0 0 0 0 0 0 0 0 0 0 0 0 0 0 0 1 0 1 0 7 3 2 2 2 2 2 2 2 2 2 2 2 1 2 2 2 2 2 2 2 2 2 1 2 
2 2 2 1 2 2 2 2 2 2 1 2 2 2 2 1 2 1 2 2 2 1 2 1 7 0 0 0 0 1 1 0 0 0 0 1 0 0 0 0 0 0 0 0 0 0 0 1 0 0 
1 2 0 0 2 1 0 1 1 1 1 1 1 1 1 1 2 0 2 1 1 1 2 0 3 0 0 5 1 2 2 0 1 1 1 1 2 2 1 1 2 1 1 0 1 1 2 1 0 1 
0 0 0 0 1 1 0 0 1 1 0 0 1 0 1 0 1 0 1 0 1 1 1 0 2 0 5 0 1 2 2 1 1 1 2 2 2 2 1 1 2 1 1 2 2 1 2 2 1 2 
0 1 0 0 2 0 0 0 1 0 0 1 1 0 0 0 2 0 2 1 1 1 2 0 2 0 1 1 0 3 2 0 1 2 1 1 2 2 1 2 2 1 1 1 2 2 2 1 0 2 
1 2 1 0 2 2 2 1 1 1 1 2 1 1 1 1 2 0 2 2 1 1 2 1 2 1 2 2 3 0 6 0 0 1 0 0 1 1 1 1 1 1 0 0 1 1 1 0 0 1 
1 2 2 2 2 2 2 2 2 2 1 2 2 2 2 1 2 2 2 2 1 1 2 2 2 1 2 2 2 6 0 0 0 0 0 0 0 1 0 0 1 1 0 0 0 1 0 0 0 0 
0 0 0 0 1 0 0 0 1 0 0 1 0 0 0 0 1 0 1 0 1 1 1 0 2 0 0 1 0 0 0 0 4 2 1 2 2 2 1 2 2 1 1 1 2 2 2 1 1 2 
1 1 1 0 1 1 0 1 1 1 1 0 1 1 1 1 1 0 1 0 1 1 1 0 2 0 1 1 1 0 0 4 0 2 2 2 2 2 1 1 2 1 1 1 1 1 1 2 1 1 
0 1 0 0 2 1 1 1 1 0 0 1 1 0 0 0 2 0 2 1 1 1 2 0 2 0 1 1 2 1 0 2 2 0 1 1 2 2 1 1 2 1 0 1 2 1 1 1 0 2 
1 1 1 0 1 1 1 1 1 1 1 2 1 1 1 1 1 0 1 1 1 1 1 0 2 0 1 2 1 0 0 1 2 1 0 3 1 2 1 1 1 1 1 1 1 1 1 2 1 1 
1 2 1 0 2 1 1 1 1 1 1 2 1 1 1 1 2 0 2 2 1 1 2 0 2 1 1 2 1 0 0 2 2 1 3 0 2 1 1 1 1 1 1 0 1 1 1 0 0 1 
1 2 2 0 2 2 1 2 2 2 1 1 1 2 2 1 2 1 2 1 1 1 2 1 2 0 2 2 2 1 0 2 2 2 1 2 0 2 5 0 2 1 0 0 0 1 0 1 0 1 
1 2 2 1 2 2 2 2 2 2 1 2 2 2 2 1 2 1 2 2 1 1 2 1 2 0 2 2 2 1 1 2 2 2 2 1 2 0 98 0 0 0 0 0 0 0 0 1 0 0 
0 1 1 0 1 1 1 1 1 1 0 1 1 1 1 0 1 1 1 1 0 1 1 1 1 0 1 1 1 1 0 1 1 1 1 1 5 98 0 1 2 2 1 1 1 2 1 1 1 2 
0 1 0 0 2 1 1 0 1 1 0 1 1 0 0 0 2 0 2 1 1 1 2 0 2 0 1 1 2 1 0 2 1 1 1 1 0 0 1 0 3 1 0 1 2 1 2 1 0 2 
1 2 2 1 2 2 2 2 2 2 1 2 2 2 2 1 2 1 2 2 1 1 2 1 2 0 2 2 2 1 1 2 2 2 1 1 2 0 2 3 0 2 0 0 0 0 0 1 0 0 
0 1 1 1 1 1 1 1 2 1 0 1 1 1 1 0 2 1 1 1 0 1 2 1 2 0 1 1 1 1 1 1 1 1 1 1 1 0 2 1 2 0 0 1 1 1 1 1 0 1 
0 1 0 0 1 0 0 0 1 0 0 1 0 0 0 0 1 0 1 1 0 1 1 0 2 0 1 1 1 0 0 1 1 0 1 1 0 0 1 0 0 0 0 1 2 2 2 1 0 2 
1 0 0 0 2 1 0 0 1 1 0 1 1 0 1 0 1 0 1 0 1 1 1 0 2 0 0 2 1 0 0 1 1 1 1 0 0 0 1 1 0 1 1 0 2 3 2 2 1 2 
1 2 1 0 2 2 1 1 1 1 1 1 1 2 1 0 2 0 2 1 1 1 2 0 2 0 1 2 2 1 0 2 1 2 1 1 0 0 1 2 0 1 2 2 0 99 1 1 0 1 
0 1 1 1 2 1 1 1 2 1 0 1 2 1 1 0 2 1 2 1 1 1 2 1 2 0 1 1 2 1 1 2 1 1 1 1 1 0 2 1 0 1 2 3 99 0 1 1 0 1 
1 2 0 0 2 2 1 1 1 1 1 1 1 1 1 1 2 0 2 1 1 1 2 0 2 0 2 2 2 1 0 2 1 1 1 1 0 0 1 2 0 1 2 2 1 1 0 1 0 1 
1 1 1 0 2 1 1 1 1 1 1 2 1 1 1 1 1 0 1 1 1 1 1 0 2 1 1 2 1 0 0 1 2 1 2 0 1 1 1 1 1 1 1 2 1 1 1 0 1 1 
0 1 0 0 1 0 0 0 0 0 0 1 0 0 0 0 1 0 1 1 0 1 0 0 1 0 0 1 0 0 0 1 1 0 1 0 0 0 1 0 0 0 0 1 0 0 0 1 0 100 
1 1 1 1 2 2 1 1 2 2 1 1 2 1 2 0 2 1 2 1 1 1 2 1 2 0 1 2 2 1 0 2 1 2 1 1 1 0 2 2 0 1 2 2 1 1 1 1 100 0 

Rho histogram: 
2 0 0 0 0 0 0 0 0 0 0 0 0 0 0 0 0 0 0 98 

Summary:
objF nSamp nIter rhoMean rhoStDev rProp hitsProp rankHitsProp seconds
Wrcug 50 100 0.9795803121248504 0.13622497070787096 0 0 0.668 156.471214974
