=======================================================
Objective function:  Gar50
Matrix:  I100.csv
Iterations:  100
Heuristic for search:  RobSA3
Improvement function # 0
Window width for improvement:  0
Heuristic for improvement:  RobSA3
Seed:  33
=======================================================

Best permutations: 
0 1 2 3 4 5 6 7 8 9 11 10 13 12 16 15 14 19 17 18 20 22 21 27 24 23 25 30 28 26 32 31 29 33 35 34 36 37 38 39 40 41 42 43 45 44 47 48 46 49 50 53 51 52 54 55 56 57 60 59 58 63 61 62 64 65 67 66 68 69 72 70 73 74 76 71 75 77 80 79 78 81 83 82 85 84 86 87 88 90 89 91 93 94 95 92 96 97 99 98 
0 1 2 3 4 5 6 7 8 9 11 10 13 12 16 15 14 19 17 18 20 22 21 24 27 23 25 28 30 26 32 29 31 33 35 34 36 37 38 39 40 41 42 43 45 44 48 46 47 49 50 53 51 52 54 55 56 57 60 58 59 61 63 62 64 65 67 66 68 69 72 70 73 74 76 71 75 77 79 78 80 81 83 82 85 84 86 87 88 90 89 91 93 94 95 92 96 97 99 98 
0 1 2 3 4 5 6 7 8 9 11 10 13 12 16 15 14 19 17 18 20 22 21 24 27 23 25 28 30 26 32 29 31 33 35 34 36 37 38 39 40 41 42 43 45 44 48 46 47 50 49 53 51 52 54 55 56 57 60 58 59 61 63 62 64 65 67 66 68 69 72 70 73 74 71 76 75 77 79 78 80 81 83 82 85 84 86 87 88 90 89 91 93 94 95 92 96 97 99 98 
0 1 2 3 4 5 6 7 8 9 11 10 13 12 16 15 14 17 19 18 20 22 21 24 27 23 25 28 30 26 32 29 31 33 35 34 36 37 38 39 40 41 42 43 45 44 48 46 47 49 50 53 51 52 54 55 56 57 60 58 59 63 61 64 62 65 67 66 68 69 72 70 73 71 74 76 75 77 79 78 80 81 83 82 84 85 86 87 88 90 89 91 93 94 95 92 96 97 99 98 
0 1 2 3 4 5 6 7 8 9 11 10 13 12 16 15 14 19 17 18 20 22 21 24 27 23 25 30 28 26 32 29 31 33 35 34 36 37 38 39 40 41 42 43 45 44 48 46 47 49 50 53 51 52 54 55 56 57 60 58 59 61 63 62 64 65 67 66 68 69 72 70 73 74 76 71 75 77 78 79 80 81 83 82 84 85 86 87 88 90 89 91 93 94 95 92 96 97 99 98 
0 1 2 3 4 5 6 7 8 9 11 10 13 12 16 15 14 19 17 18 20 22 21 24 27 23 25 28 30 26 32 29 31 33 35 34 36 37 38 39 40 41 42 43 45 44 48 46 47 49 50 53 51 52 54 55 56 57 60 58 59 63 61 62 64 65 67 66 68 69 72 70 73 74 76 71 75 77 79 78 80 81 83 82 85 84 86 87 88 90 89 91 93 94 95 92 96 97 99 98 
0 1 2 3 4 5 6 7 8 9 11 10 13 12 16 15 14 19 17 18 20 22 21 24 27 23 25 28 30 26 32 29 31 33 35 34 36 37 38 39 40 41 42 43 45 44 48 46 47 49 50 53 51 52 54 55 56 57 60 58 59 61 63 62 64 65 66 67 69 68 72 70 73 74 76 71 75 77 79 78 80 81 83 82 85 84 86 87 88 90 89 91 93 94 95 92 96 97 99 98 
0 1 2 3 4 5 6 7 8 9 11 10 13 12 16 15 14 19 17 18 20 22 21 24 27 23 25 28 30 26 32 29 31 33 35 34 36 37 38 39 40 41 42 43 45 44 48 46 47 49 50 53 51 52 54 55 56 57 60 58 59 61 63 64 62 65 66 67 68 69 72 70 73 74 76 71 75 77 79 78 80 81 83 82 85 84 86 87 88 90 89 91 93 94 95 92 96 97 99 98 
0 1 2 3 4 5 6 7 8 9 11 10 13 12 16 15 14 19 17 18 20 22 21 24 27 23 25 28 30 26 32 29 31 33 34 35 36 37 39 38 41 40 43 42 45 44 48 46 47 49 50 53 51 52 55 54 56 57 60 58 59 61 63 64 62 65 67 66 68 69 70 72 73 74 76 71 75 77 79 78 80 81 83 82 85 84 86 87 88 90 89 91 93 94 95 92 96 97 99 98 
0 1 2 3 4 5 6 7 8 9 11 10 13 12 16 15 14 19 17 18 20 22 21 24 27 23 25 28 30 26 32 29 31 33 35 34 36 37 39 38 40 41 42 43 45 44 48 46 47 49 50 53 51 52 54 55 56 57 60 58 59 61 63 62 64 65 67 66 69 68 72 70 73 74 76 71 75 77 79 78 80 81 83 82 85 84 86 87 88 90 89 91 93 94 95 92 96 97 99 98 
0 1 2 3 4 5 6 7 8 9 11 10 12 13 16 15 14 19 17 18 20 22 21 24 27 23 25 28 30 26 32 31 29 33 35 34 36 37 38 39 40 41 42 43 45 44 48 46 47 49 50 53 51 52 54 55 56 57 60 58 59 63 61 62 64 65 67 66 68 69 72 70 73 74 76 71 75 77 78 79 80 81 83 82 84 85 86 87 88 90 89 91 93 94 95 92 96 97 99 98 
0 1 2 3 4 5 6 7 8 9 11 10 13 12 16 15 14 19 17 18 20 22 21 24 27 23 25 28 30 26 32 29 31 33 35 34 36 37 38 39 40 41 42 43 45 44 48 46 47 49 50 53 51 52 54 55 56 57 60 58 59 61 63 64 62 65 67 66 68 69 72 70 73 74 76 71 75 77 79 78 80 81 83 82 85 84 86 87 88 90 89 91 93 94 95 92 96 97 99 98 
0 1 2 3 4 5 6 7 8 9 11 10 13 12 16 15 14 19 17 18 21 20 22 27 24 23 25 28 26 30 32 29 31 33 35 34 36 37 38 39 40 41 42 43 45 44 48 46 47 49 50 53 51 52 54 55 56 57 60 58 59 63 61 64 62 65 67 69 66 68 72 70 73 74 76 71 75 77 79 78 80 81 83 82 85 84 86 87 88 90 89 91 93 94 95 92 96 97 99 98 
0 1 2 3 4 5 6 7 8 9 11 10 13 12 16 15 14 19 17 18 20 21 22 24 27 23 25 28 30 26 32 29 31 33 35 34 36 37 38 39 40 41 42 43 45 44 48 46 47 49 50 53 51 52 55 54 56 57 60 58 59 63 61 62 64 65 67 66 68 69 70 72 73 74 76 71 75 77 79 78 80 81 83 82 84 85 86 87 88 90 89 91 93 94 95 92 96 97 99 98 
0 1 2 3 4 5 6 7 8 9 11 10 13 12 16 15 14 19 17 18 20 22 21 24 27 23 25 28 30 32 26 29 31 33 35 34 36 37 38 39 40 41 42 43 45 44 48 46 47 49 50 53 51 52 54 55 56 57 60 58 59 61 63 62 64 65 67 66 68 69 72 70 73 74 76 71 75 77 79 78 80 81 83 82 84 85 87 86 88 90 89 91 93 94 95 92 96 97 99 98 
0 1 2 3 4 5 6 7 8 9 11 10 13 12 16 15 14 19 17 18 20 22 21 24 27 23 25 28 30 26 32 31 29 33 35 34 36 37 38 39 40 41 42 43 45 44 48 46 47 49 50 53 51 52 55 54 57 56 60 58 59 63 61 62 64 65 66 67 68 69 72 70 73 74 76 71 75 77 79 78 80 81 83 82 84 85 86 87 88 90 89 91 93 94 95 92 96 97 99 98 
0 1 2 3 4 5 6 7 8 9 11 10 13 12 16 15 14 19 17 18 20 22 21 24 27 23 25 30 28 26 32 29 31 33 35 34 36 37 38 39 40 41 43 42 45 44 46 48 47 49 50 53 51 52 54 55 56 57 60 58 59 61 63 62 64 65 67 66 68 69 72 70 73 74 76 71 75 77 78 79 80 81 83 82 85 84 86 87 88 90 89 91 93 94 95 92 96 97 99 98 
0 1 2 3 4 5 6 7 8 9 11 10 13 12 16 15 14 19 17 18 20 22 21 24 27 23 25 28 30 26 32 29 31 33 35 34 36 37 38 39 40 41 42 43 45 44 48 46 47 49 50 53 51 52 54 55 56 57 60 58 59 63 61 62 65 64 66 67 68 69 72 70 73 74 76 71 75 77 79 78 80 81 83 82 85 84 86 87 88 90 89 91 93 94 95 92 96 97 99 98 
0 1 2 3 4 5 6 7 8 9 11 10 13 12 16 15 14 19 17 18 20 22 21 24 27 23 25 30 28 26 32 29 31 33 35 34 36 37 38 39 40 41 42 43 45 44 48 46 47 49 50 53 51 52 54 55 56 57 60 58 59 63 61 64 62 65 67 66 68 69 72 70 73 74 71 76 75 77 78 79 80 81 83 82 84 85 86 87 88 90 89 91 93 94 95 92 96 97 99 98 
0 1 2 3 4 5 6 7 8 9 11 10 12 13 16 15 14 19 17 18 20 21 22 24 27 23 25 28 30 26 32 31 29 33 34 35 36 37 38 39 40 41 42 43 44 45 48 46 47 49 50 53 51 52 54 55 57 56 60 58 59 61 63 64 62 65 67 66 69 68 72 70 73 74 76 71 75 77 79 78 80 81 83 82 84 85 86 87 88 90 89 91 93 94 95 92 96 97 99 98 
0 1 2 3 4 5 6 7 8 9 11 10 13 12 16 15 14 19 17 18 20 21 22 24 27 23 25 30 28 32 26 29 31 33 35 34 36 37 38 39 40 41 42 43 45 44 48 46 47 49 50 53 51 54 52 55 56 57 60 59 58 63 61 62 64 65 67 66 68 69 72 70 73 74 76 71 75 77 78 79 80 81 83 82 85 84 86 87 88 90 89 91 93 94 95 92 96 97 99 98 
0 1 2 3 4 5 6 7 8 9 11 10 13 12 16 15 14 19 17 18 20 22 21 24 27 23 25 28 30 26 32 29 31 33 35 34 36 37 38 39 40 41 42 43 45 44 48 46 47 49 50 53 51 52 54 55 56 57 60 59 58 61 63 64 62 65 67 66 68 69 72 70 73 74 76 71 75 77 79 78 80 81 83 82 84 85 86 87 88 90 89 91 93 94 95 92 96 97 99 98 
0 1 2 3 4 5 6 7 8 9 11 10 13 12 16 15 14 19 17 18 20 22 21 24 27 23 25 28 30 26 32 29 31 33 35 34 36 37 38 39 40 41 42 43 45 44 48 46 47 49 50 53 51 52 54 55 56 57 59 60 58 61 63 64 62 65 67 66 68 69 72 70 73 74 76 71 75 77 79 78 80 81 83 82 84 85 86 87 88 90 89 91 93 94 95 92 96 97 99 98 
0 1 2 3 4 5 6 7 8 9 11 10 13 12 16 15 14 19 17 18 20 22 21 24 27 23 25 28 30 26 32 29 31 33 35 34 36 37 39 38 40 41 43 42 45 44 48 46 47 49 50 53 51 52 54 55 57 56 60 58 59 61 62 63 64 65 67 66 68 69 70 72 73 74 76 71 75 77 78 79 80 81 83 82 84 85 86 87 90 88 89 91 93 94 95 92 96 97 99 98 
0 1 2 3 4 5 6 7 8 9 11 10 13 12 16 15 14 19 17 18 20 22 21 27 24 23 25 28 30 26 32 31 29 33 35 34 36 37 38 39 40 41 42 43 45 44 48 46 47 49 50 53 51 52 54 55 56 57 60 58 59 63 61 62 64 65 67 66 68 69 72 70 73 74 76 71 75 77 79 78 80 83 81 82 85 84 86 87 88 90 89 91 93 94 95 92 96 97 99 98 
0 1 2 3 4 5 6 7 8 9 11 10 13 12 16 15 14 19 17 18 20 21 22 27 24 23 25 30 28 26 32 29 31 33 35 34 36 37 38 39 40 42 41 43 45 44 48 46 47 49 50 53 51 52 54 55 56 57 60 58 59 61 63 62 64 65 67 66 68 69 72 70 73 74 76 71 75 77 78 79 80 81 83 82 85 84 86 87 88 90 89 91 93 94 95 92 96 97 99 98 
0 1 2 3 4 5 6 7 8 9 11 10 13 12 16 15 14 19 17 18 20 22 21 24 27 23 25 30 28 26 32 29 31 33 35 34 36 37 38 39 40 41 42 43 45 44 48 46 47 49 50 53 51 52 54 55 56 57 60 58 59 63 61 62 64 65 67 66 68 69 72 70 73 74 76 71 75 77 78 79 80 81 83 82 85 84 86 87 88 90 89 91 93 94 95 92 96 97 99 98 
0 1 2 3 4 5 6 7 8 9 10 11 13 12 16 15 14 19 17 18 20 22 21 24 27 23 25 28 30 26 32 29 31 33 35 34 36 37 38 39 40 41 42 43 45 44 48 46 47 49 50 53 51 52 54 55 56 57 60 58 59 61 63 64 62 65 67 66 68 69 72 70 73 74 71 76 75 77 79 78 80 81 83 82 84 85 86 87 88 90 89 91 93 94 95 92 96 97 99 98 
0 1 2 3 4 5 6 7 8 9 11 10 13 12 16 15 14 19 17 18 20 22 21 24 27 23 28 25 26 30 32 29 31 33 35 34 36 37 38 39 40 41 42 43 45 44 48 46 47 49 50 53 51 54 52 55 56 57 60 58 59 63 62 64 61 65 67 66 68 69 72 70 73 74 76 71 77 75 79 78 80 81 83 82 84 85 86 87 88 90 89 91 93 94 95 92 96 97 99 98 
0 1 2 3 4 5 6 7 8 9 11 10 13 12 16 15 14 17 19 18 20 22 21 24 27 23 25 28 30 26 32 29 31 33 35 34 36 37 38 39 40 41 42 43 45 44 48 46 47 49 50 53 51 52 54 55 56 57 60 58 59 63 61 64 62 65 67 66 68 69 72 70 73 74 76 71 75 77 79 78 80 81 83 82 85 84 86 87 88 90 89 91 93 94 95 92 96 97 99 98 
0 1 2 3 4 5 6 7 8 9 11 10 13 12 16 15 14 19 17 18 20 22 21 24 27 23 25 28 30 26 32 29 31 33 34 35 36 37 38 39 40 41 42 43 44 45 48 46 47 49 50 53 51 52 54 55 56 57 60 58 59 63 61 62 64 65 67 66 68 69 72 70 73 74 76 71 75 77 79 78 80 81 83 82 84 85 86 87 88 90 89 91 93 94 95 92 96 97 99 98 
0 1 2 3 4 5 6 7 8 9 11 10 13 12 16 15 14 19 17 18 20 22 21 24 23 27 25 28 30 26 32 29 31 33 35 34 36 37 38 39 40 41 42 43 45 44 48 46 47 49 50 51 53 54 52 55 56 57 60 58 59 63 61 62 64 65 67 66 68 69 72 70 73 74 76 71 75 77 79 78 80 81 83 82 85 84 86 87 88 90 89 91 93 94 95 92 96 97 99 98 
0 1 2 3 4 5 6 7 8 9 11 10 13 12 16 15 14 19 17 18 20 22 21 24 27 23 25 28 30 26 32 31 29 33 35 34 36 37 38 39 40 41 42 43 45 44 48 46 47 49 50 53 51 52 54 55 56 57 60 59 58 63 61 62 64 65 67 66 68 69 72 70 73 74 71 76 75 77 79 80 81 78 85 83 82 84 87 86 88 90 91 89 93 94 95 92 96 97 99 98 
0 1 2 3 4 5 6 7 9 8 11 10 13 12 16 15 14 19 17 18 20 22 21 24 27 23 25 28 30 32 26 29 31 33 35 34 36 37 38 39 40 41 42 43 45 44 48 46 47 49 50 53 51 52 54 55 56 57 58 60 59 61 63 64 62 65 67 66 68 69 72 70 73 74 76 71 75 77 79 78 80 81 83 82 84 85 86 87 88 90 89 91 93 94 95 92 96 97 99 98 
0 1 2 3 4 5 6 7 8 9 11 10 13 12 16 15 14 19 17 18 20 22 21 24 27 23 25 28 30 26 29 32 31 33 35 34 36 37 38 39 40 41 42 43 44 45 48 46 47 49 50 53 51 52 54 55 56 57 60 58 59 63 61 64 62 65 66 67 68 69 72 70 73 74 76 71 75 77 79 78 80 81 83 82 85 84 86 87 88 90 89 91 93 94 95 92 96 97 99 98 
0 1 2 3 4 5 6 7 8 9 11 10 13 12 16 15 14 19 17 18 20 22 21 24 27 23 25 28 30 26 32 31 29 33 35 34 36 37 38 39 41 40 42 43 44 45 48 46 47 49 50 53 51 52 54 55 56 57 60 58 59 63 61 64 62 65 67 66 68 69 72 70 73 74 76 71 75 77 79 78 80 81 83 82 85 84 86 87 88 90 89 91 93 94 95 92 96 97 99 98 
0 1 2 3 4 5 6 7 8 9 11 10 13 12 16 15 14 19 17 18 20 22 21 24 27 23 25 28 30 26 32 29 31 33 35 34 36 37 38 39 40 41 42 43 44 45 48 46 47 49 50 53 51 52 54 55 56 57 60 58 59 63 61 64 62 65 67 66 68 69 72 70 73 74 76 71 75 77 79 78 80 81 83 82 84 85 86 87 88 90 89 91 93 94 95 92 96 97 99 98 
0 1 2 3 4 5 6 7 8 9 11 10 13 12 16 15 14 19 17 18 20 22 21 24 27 23 25 30 28 26 32 29 31 33 35 34 36 37 38 39 40 41 42 43 44 45 48 46 47 49 50 53 51 52 54 55 56 57 60 59 58 61 63 64 62 65 67 66 68 69 72 70 73 74 76 71 75 77 78 79 80 81 83 82 84 85 86 87 88 90 89 91 93 94 95 92 96 97 99 98 
0 1 2 3 4 5 6 7 8 9 11 10 13 12 16 15 14 19 17 18 20 22 21 24 27 23 25 28 30 26 32 29 31 33 35 34 36 37 38 39 40 41 42 43 44 45 46 48 47 49 53 50 51 52 54 55 56 57 60 58 59 61 63 62 64 65 67 66 68 69 72 70 73 74 76 71 75 77 79 78 80 81 83 82 84 85 86 87 88 90 89 91 93 94 95 92 96 97 99 98 
0 1 2 3 4 5 6 7 9 8 11 10 13 12 16 15 19 14 17 18 20 22 21 27 24 23 25 28 30 26 32 31 29 33 35 34 36 37 38 39 40 41 42 43 44 45 48 46 47 49 50 53 51 52 54 55 56 57 60 58 59 61 63 64 62 65 67 66 68 69 72 70 73 71 74 76 75 77 79 78 80 81 83 82 84 85 86 87 88 90 89 91 93 94 95 92 96 97 99 98 
0 1 2 3 4 5 6 7 8 9 11 10 13 12 16 15 14 19 17 18 20 22 21 24 27 23 25 28 30 26 32 31 29 33 35 34 36 37 38 39 40 41 42 43 45 44 48 46 47 49 50 53 51 52 54 55 56 57 60 58 59 63 61 62 64 65 67 66 68 69 72 70 73 74 76 71 75 77 79 78 80 83 81 82 84 85 86 87 88 90 89 91 93 94 95 92 96 97 99 98 
0 1 2 3 4 5 6 7 8 9 11 10 13 12 16 15 14 19 17 18 20 22 21 24 27 23 25 28 30 26 32 29 31 33 35 34 36 37 38 39 40 41 42 43 45 44 48 46 47 49 50 53 51 52 54 55 56 57 60 58 59 61 63 64 62 65 67 66 68 69 72 70 73 74 76 71 75 77 79 78 80 81 83 82 84 85 86 87 88 90 89 91 93 94 95 92 96 97 99 98 
0 1 2 3 4 5 6 7 8 9 11 10 13 12 16 15 14 19 17 18 20 22 21 24 27 23 25 28 30 26 32 29 31 33 35 34 36 37 38 39 40 41 42 43 45 44 48 46 47 49 50 53 51 52 54 55 56 57 60 58 59 63 61 64 62 65 67 66 68 69 72 70 73 74 76 71 75 77 79 78 80 81 83 82 84 85 86 87 88 90 89 91 93 94 95 92 96 97 99 98 
0 1 2 3 4 5 6 7 8 9 11 10 13 12 16 15 14 19 17 18 20 22 21 24 27 23 25 28 30 26 32 31 29 33 35 34 36 37 38 39 40 41 42 43 45 44 48 46 47 49 50 53 51 52 54 55 56 57 60 58 59 63 61 64 62 65 67 66 68 69 70 72 73 74 76 71 75 77 79 78 80 81 83 82 84 85 86 87 88 90 89 91 93 94 95 92 96 97 99 98 
0 1 2 3 4 5 6 7 8 9 11 10 13 12 16 15 14 19 17 18 20 22 21 24 27 23 25 28 30 26 32 31 29 33 35 34 36 37 38 39 40 41 42 43 45 44 48 46 47 49 50 53 51 52 54 55 56 57 60 58 59 63 61 64 62 65 67 66 68 69 72 70 73 74 76 71 75 77 78 79 80 81 83 82 85 84 86 87 88 90 89 91 93 94 95 92 96 97 99 98 
0 1 2 3 4 5 6 7 8 9 11 10 12 13 15 16 14 19 17 18 20 22 21 24 27 23 25 30 28 26 32 29 31 33 35 34 36 37 38 39 40 41 42 43 45 44 48 46 47 49 50 53 51 54 52 55 56 57 60 58 59 61 63 62 64 65 67 66 68 69 72 70 73 74 76 71 75 77 78 79 80 81 83 82 85 84 86 87 88 90 89 91 93 94 95 92 96 97 99 98 
0 1 2 3 4 5 6 7 8 9 11 10 13 12 16 15 14 19 17 18 20 22 21 24 27 23 25 28 30 26 32 29 31 33 35 34 36 37 38 39 41 40 42 43 45 44 48 46 47 49 50 53 51 54 52 55 56 57 60 58 59 63 61 64 62 65 67 66 68 69 72 70 73 74 76 71 75 77 79 78 80 81 83 82 85 84 86 87 88 90 89 91 93 94 95 92 96 97 99 98 
0 1 2 3 4 5 6 7 8 9 11 10 13 12 16 15 14 17 19 18 20 21 22 24 23 27 25 28 30 32 26 29 31 33 34 36 35 37 38 39 40 41 42 43 45 44 48 46 49 47 50 51 53 52 54 55 56 57 60 59 58 63 61 62 64 65 67 66 68 69 72 70 73 74 76 71 75 77 79 78 80 81 83 85 82 84 86 87 88 90 89 91 93 94 95 92 96 97 99 98 
0 1 2 3 4 5 6 7 8 9 11 10 13 12 16 15 14 19 17 18 20 22 21 27 24 23 25 28 30 26 32 31 29 33 35 34 36 37 38 39 40 41 42 43 45 44 48 46 47 49 50 53 51 52 54 55 56 57 60 58 59 61 63 64 62 65 67 66 68 69 72 70 73 74 76 71 75 77 79 78 80 81 82 83 84 85 86 87 88 90 89 91 93 94 95 92 96 97 99 98 
0 1 2 3 4 5 6 7 8 9 11 10 13 12 16 15 14 19 17 18 20 22 21 24 27 23 25 28 30 26 32 29 31 33 35 34 36 37 38 39 40 41 42 43 45 44 48 46 47 49 50 53 51 52 54 55 56 57 60 58 59 61 63 62 64 65 67 66 68 69 72 70 73 74 76 71 75 77 78 79 80 81 83 82 85 84 86 87 88 90 89 91 93 94 95 92 96 97 99 98 
0 1 2 3 4 5 6 7 8 9 11 10 13 12 16 15 14 19 17 18 20 22 21 24 27 23 25 28 30 26 32 29 31 33 35 34 36 38 37 39 40 41 43 42 45 44 48 47 46 49 50 53 51 52 54 55 56 60 57 59 58 63 61 62 64 65 67 66 68 69 72 70 73 74 71 76 75 77 79 78 80 81 83 82 84 85 86 87 88 90 89 91 93 94 95 92 96 97 99 98 
0 1 2 3 4 5 6 7 8 9 11 10 13 12 16 15 14 19 17 18 20 22 21 24 27 23 30 25 28 26 32 29 31 33 35 34 36 37 38 39 40 41 42 43 45 44 48 46 47 49 50 53 51 52 54 55 56 57 60 58 59 63 61 64 62 65 67 66 68 69 72 70 73 74 76 71 75 77 79 78 80 81 83 82 84 85 86 87 88 90 89 91 93 94 95 92 96 97 99 98 
0 1 2 3 4 5 6 7 8 9 11 10 13 12 16 15 14 19 17 18 20 21 22 24 27 23 25 28 30 26 29 32 31 33 35 34 36 37 38 39 40 41 42 43 45 44 48 46 47 49 50 53 54 51 52 55 56 57 60 58 59 61 63 64 62 65 67 66 68 69 72 70 73 74 76 71 75 77 79 78 80 81 83 82 85 84 86 87 88 90 89 91 93 94 95 92 96 97 99 98 
0 1 2 3 4 5 6 7 8 9 11 10 13 12 15 16 14 19 17 18 20 22 21 24 27 23 25 28 30 26 32 29 31 33 35 34 36 37 38 39 40 41 42 43 45 44 48 46 47 49 50 53 51 52 54 55 56 57 60 59 58 61 63 64 62 65 66 67 68 69 72 70 73 74 76 71 75 77 78 79 80 81 83 82 84 85 86 87 88 90 89 91 93 94 95 92 96 97 99 98 
0 1 2 3 4 5 6 7 8 9 11 10 13 12 16 15 14 17 19 20 18 22 21 24 27 23 25 28 30 32 26 29 31 33 35 34 36 37 38 39 40 41 42 43 45 44 48 46 47 49 50 53 51 52 54 55 56 57 60 58 59 61 63 64 62 65 67 66 68 69 72 70 73 74 76 71 75 77 79 78 80 81 83 82 85 84 86 87 88 90 89 91 93 94 95 92 96 97 99 98 
0 1 2 3 4 5 6 7 8 9 11 10 13 12 16 15 14 19 17 18 20 22 21 24 27 23 25 28 30 26 32 29 31 33 35 34 36 37 39 38 40 41 42 43 45 44 48 46 47 49 50 53 51 52 54 55 56 57 60 58 59 61 63 64 62 65 67 66 68 69 72 70 73 74 76 71 75 77 79 78 80 81 83 82 84 85 86 87 88 90 89 91 93 94 95 92 96 97 99 98 
0 1 2 3 4 5 6 7 8 9 11 10 13 12 16 15 14 17 19 18 20 22 21 24 27 23 25 30 28 26 32 29 31 33 35 34 37 36 38 39 40 41 42 43 45 44 48 46 47 49 50 53 51 52 54 55 56 57 60 58 59 61 63 62 64 65 66 67 69 70 68 72 73 74 76 71 75 77 78 79 80 81 83 82 85 84 86 87 88 90 89 91 93 94 95 92 96 97 99 98 
0 1 2 3 4 5 6 7 8 9 11 10 13 12 16 15 14 19 17 18 20 22 21 24 27 23 30 25 26 28 32 29 31 33 35 34 36 37 38 39 40 41 42 43 45 44 48 46 47 49 50 53 51 52 54 55 56 57 60 58 59 63 61 62 64 65 67 66 68 69 72 70 73 74 71 76 75 77 79 78 80 81 83 82 85 84 86 87 88 90 89 91 93 94 95 92 96 97 99 98 
0 1 2 3 4 5 6 7 8 9 11 10 13 12 16 15 14 19 17 18 20 22 21 24 27 23 25 30 28 26 32 29 31 33 34 35 36 37 38 39 40 41 42 43 45 44 48 46 47 49 50 53 51 52 54 55 56 57 60 58 59 61 63 62 64 65 67 66 68 69 72 70 73 74 76 71 75 77 78 79 80 81 83 82 84 85 86 87 88 90 89 91 93 94 95 92 96 97 99 98 
0 1 2 3 4 5 6 7 8 9 11 10 13 12 16 15 14 19 17 18 20 22 21 24 27 23 25 30 28 26 32 29 31 33 34 36 35 37 38 39 40 41 42 43 45 44 48 46 47 49 50 53 51 52 54 55 56 57 60 58 59 61 63 62 64 65 67 66 68 69 72 70 73 74 76 71 77 75 78 79 80 81 83 82 84 85 86 87 88 90 89 91 93 94 95 92 96 97 99 98 
0 1 2 3 4 5 6 7 8 9 11 10 13 12 16 15 14 19 17 18 20 22 21 24 27 23 25 28 30 26 32 29 31 33 35 34 36 37 38 39 40 41 43 42 45 44 48 46 47 49 50 51 53 52 54 55 57 56 60 58 59 61 63 62 64 65 67 66 68 69 72 70 73 74 76 71 75 77 79 78 80 81 83 82 84 85 86 87 88 90 89 91 93 94 95 92 96 97 99 98 
0 1 2 3 4 5 6 7 8 9 11 10 13 12 15 16 14 19 17 18 20 21 22 24 27 23 25 28 30 26 32 29 31 33 35 34 36 37 38 39 40 41 42 43 45 44 48 46 47 49 50 51 53 52 54 55 56 57 60 58 59 61 63 62 64 65 67 66 68 69 72 70 73 74 76 71 75 77 79 78 80 81 83 82 85 84 86 87 88 90 89 91 93 94 95 92 96 97 99 98 
0 1 2 3 4 5 6 7 8 9 11 10 13 12 16 15 14 19 17 18 20 22 21 24 27 23 25 28 30 26 32 29 31 33 35 34 36 37 38 39 40 41 42 43 45 44 48 46 47 49 50 53 51 52 54 55 56 57 60 58 59 63 61 64 62 65 67 66 68 69 72 70 73 74 71 76 75 77 79 78 80 81 83 82 85 84 86 87 88 90 89 91 93 94 95 92 96 97 99 98 
0 1 2 3 4 5 6 7 8 9 11 10 13 12 16 15 14 19 17 18 20 22 21 24 27 23 25 28 30 26 32 29 31 33 35 34 36 37 38 39 40 41 42 43 45 44 48 46 47 49 50 51 53 52 54 55 56 57 60 58 59 63 61 62 64 65 67 66 68 69 72 70 73 74 76 71 75 77 79 78 80 81 83 82 85 84 86 87 88 90 89 91 93 94 95 92 96 97 99 98 
0 1 2 3 4 5 6 7 8 9 11 10 13 12 16 15 14 19 17 18 20 22 21 24 27 23 25 28 30 26 32 29 31 33 35 34 36 37 38 39 40 41 42 43 44 45 48 46 47 49 50 53 51 52 54 55 56 57 60 58 59 61 63 64 62 65 66 67 68 69 72 70 73 74 76 71 75 77 79 78 80 81 83 82 84 85 86 87 88 90 89 91 93 94 95 92 96 97 99 98 
0 1 2 3 4 5 6 7 8 9 11 10 13 12 16 15 14 19 17 18 20 22 21 24 27 23 25 28 30 26 32 29 31 33 35 34 36 37 38 39 40 41 42 43 45 44 48 46 47 49 50 53 54 51 52 55 56 57 60 58 59 63 61 62 64 65 67 66 68 69 72 70 73 74 76 71 75 77 78 79 80 81 83 82 84 85 86 87 88 90 89 91 93 94 95 92 96 97 99 98 
0 1 2 3 4 5 6 7 8 9 11 10 13 12 16 15 14 19 17 18 20 22 21 24 27 23 25 30 28 26 32 29 31 33 35 34 36 37 38 39 40 41 42 43 45 44 48 46 47 49 50 53 51 52 54 55 56 57 60 58 59 61 63 62 64 65 67 66 68 69 72 70 73 74 71 76 75 77 78 79 80 81 83 82 85 84 86 87 88 90 89 91 93 94 95 92 96 97 99 98 
0 1 2 3 4 5 6 7 8 9 11 10 13 12 16 15 14 19 17 18 20 22 21 24 27 23 25 28 30 26 32 29 31 33 35 34 36 37 38 39 40 41 42 43 45 44 48 46 47 49 50 53 51 52 54 55 56 57 60 58 59 61 63 64 62 65 67 66 68 69 72 70 73 74 76 71 75 77 78 79 80 81 83 82 85 84 86 87 88 90 89 91 93 94 95 92 96 97 99 98 
0 1 2 3 4 5 6 7 8 9 11 10 13 12 16 15 14 19 17 18 20 22 21 24 27 23 25 30 28 26 32 31 29 33 35 34 36 37 38 39 40 41 42 43 45 44 48 46 47 49 50 53 51 52 54 55 56 57 60 58 59 63 61 62 64 65 67 66 68 69 72 70 73 74 76 71 75 77 78 79 80 81 83 82 85 84 86 87 88 90 89 91 93 94 95 92 96 97 99 98 
0 1 2 3 4 5 6 7 8 9 11 10 13 12 16 15 14 19 17 18 20 22 21 24 27 23 25 28 30 26 32 29 31 33 35 34 36 37 38 39 40 41 42 43 45 44 48 46 47 49 50 53 51 52 54 55 56 57 60 58 59 63 61 64 62 65 67 66 68 69 70 72 73 74 76 71 75 77 79 78 81 80 83 82 84 85 86 87 88 90 89 91 93 94 95 92 96 97 99 98 
0 1 2 3 4 5 6 7 8 9 11 10 13 12 16 15 14 17 19 18 20 22 21 24 27 23 25 28 26 30 32 29 31 33 35 34 36 37 38 39 40 41 42 43 45 44 48 46 47 49 50 53 51 52 54 55 56 57 58 60 59 63 61 64 62 65 67 66 68 69 72 70 73 74 76 71 75 77 79 78 80 81 83 82 85 84 86 87 88 90 89 91 93 94 95 92 96 97 99 98 
0 1 2 3 4 5 6 7 8 9 11 10 13 12 16 15 14 19 17 18 20 22 21 24 27 23 25 28 30 26 32 29 31 33 35 34 37 36 38 39 40 41 42 43 45 44 46 48 47 49 50 53 51 52 54 55 57 60 56 58 59 61 63 62 64 65 67 66 68 69 72 70 73 74 71 76 75 77 79 78 80 81 83 85 82 84 86 87 88 90 89 91 93 94 95 92 96 97 99 98 
0 1 2 3 4 5 6 7 8 9 11 10 13 12 16 15 14 19 17 18 20 22 21 24 27 23 25 28 30 26 32 29 31 33 35 34 36 37 38 39 40 41 42 43 45 44 48 46 47 49 50 53 51 52 54 55 56 57 60 58 59 63 61 64 62 65 67 66 68 69 72 70 73 74 76 71 75 77 79 78 80 81 83 82 85 84 86 87 88 90 89 91 93 94 95 92 96 97 99 98 
0 1 2 3 4 5 6 7 8 9 11 10 13 12 16 15 14 19 17 18 20 22 21 24 27 23 25 28 30 26 32 29 31 33 35 34 36 37 38 39 40 41 42 43 45 44 48 46 47 49 50 53 51 52 54 55 56 57 60 58 59 63 61 64 62 65 67 66 68 69 72 70 73 74 76 71 75 77 79 78 80 81 83 82 84 85 86 87 88 90 89 91 93 94 95 92 96 97 99 98 
0 1 2 3 4 5 6 7 8 9 11 10 13 12 16 15 14 19 17 18 20 22 21 24 27 23 25 28 30 26 32 29 31 33 35 34 36 37 38 39 40 41 43 42 45 44 48 46 47 49 50 53 51 52 54 55 56 57 60 58 59 63 61 62 64 65 67 66 68 69 72 70 73 74 76 71 75 77 79 78 80 81 83 82 85 84 86 87 88 90 89 91 93 94 95 92 96 97 99 98 
0 1 2 3 4 5 6 7 9 8 11 10 13 12 16 15 14 19 17 18 20 22 21 24 27 23 25 28 30 26 32 29 31 33 35 34 36 37 38 39 40 41 42 43 45 44 48 46 47 49 50 53 51 52 54 55 56 57 60 58 59 61 63 64 62 65 67 66 68 69 72 70 73 74 76 71 75 77 79 78 80 81 83 82 84 85 86 87 88 90 89 91 93 94 95 92 96 97 99 98 
0 1 2 3 4 5 6 7 9 8 11 10 13 12 16 15 14 19 17 18 20 22 21 24 27 23 25 28 30 26 32 29 31 33 35 34 36 37 38 39 40 41 42 43 45 44 48 46 47 49 50 53 51 52 54 55 56 57 60 58 59 61 63 62 64 65 67 66 68 69 72 70 73 74 76 71 75 77 79 78 80 81 83 82 84 85 86 87 88 90 89 91 93 94 95 92 96 97 99 98 
0 1 2 3 4 5 6 7 8 9 11 10 13 12 16 15 14 19 17 20 18 22 21 24 27 23 25 28 30 26 32 29 31 33 35 34 36 37 38 39 40 41 42 43 45 44 48 46 47 49 50 53 51 52 55 54 56 57 60 58 59 61 63 64 62 65 67 66 68 69 72 70 73 74 76 71 75 77 79 78 80 81 83 82 85 84 86 87 88 90 89 91 93 94 95 92 96 97 99 98 
0 1 2 3 4 5 6 7 8 9 11 10 13 12 16 15 14 19 17 18 20 22 21 24 27 23 25 28 30 26 32 29 31 33 35 34 36 37 38 39 40 41 42 43 45 44 48 46 47 49 50 53 51 52 54 55 56 57 60 58 59 63 62 61 64 65 66 67 68 69 70 73 72 74 71 76 75 77 79 78 80 81 83 82 84 85 86 87 88 90 89 93 91 94 95 92 96 97 99 98 
0 1 2 3 4 5 6 7 8 9 11 10 13 12 16 15 14 19 17 18 20 22 21 24 27 23 25 28 30 26 32 29 31 33 35 34 36 37 38 39 40 41 42 43 45 44 48 46 47 49 50 53 51 54 55 52 56 57 60 58 59 61 63 62 64 65 67 66 68 69 72 70 73 74 76 71 75 77 79 78 80 81 83 82 84 85 86 87 88 90 89 91 93 94 95 92 96 97 99 98 
0 1 2 3 4 5 6 7 8 9 11 10 13 12 16 15 14 19 17 18 20 22 21 24 27 23 25 30 28 26 32 29 31 33 35 34 36 37 38 39 40 41 42 43 45 44 48 46 47 49 50 53 51 52 54 55 56 57 60 58 59 63 61 62 64 65 67 66 68 69 70 72 73 74 76 71 75 77 78 79 80 81 83 82 84 85 86 87 88 90 89 91 93 94 95 92 96 97 99 98 
0 1 2 3 4 5 6 7 9 11 8 10 13 12 16 15 14 17 19 18 20 22 21 24 27 23 25 28 30 32 26 29 31 33 35 34 36 37 38 39 40 41 42 43 45 44 48 46 47 49 50 53 51 52 54 55 56 57 60 58 59 61 62 63 64 65 67 66 68 69 70 72 73 74 76 71 75 77 79 78 80 81 83 82 85 84 86 87 88 90 89 91 93 94 95 92 96 97 99 98 
0 1 2 3 4 5 6 7 8 9 11 10 13 12 16 15 14 19 17 18 20 22 21 24 27 23 25 28 30 26 32 29 31 33 35 34 36 37 38 39 40 41 42 43 44 45 48 46 47 49 50 53 51 52 54 55 56 57 60 58 59 61 63 62 64 65 67 66 68 69 72 70 73 74 76 71 75 77 79 78 80 81 83 82 84 85 86 87 88 90 89 91 93 94 95 92 96 97 99 98 
0 1 2 3 4 5 6 7 8 9 11 10 13 12 16 15 14 19 17 18 20 22 21 27 24 23 25 28 30 26 32 31 29 33 35 34 36 37 38 39 40 41 42 43 45 44 48 46 47 49 50 53 51 52 54 55 56 57 60 58 59 63 61 64 62 65 66 67 68 69 72 70 73 74 76 71 75 77 79 78 80 81 83 82 85 84 86 87 88 90 89 91 93 94 95 92 96 97 99 98 
0 1 2 3 4 5 6 7 8 9 11 10 13 12 16 15 14 19 17 18 20 22 21 24 27 23 25 28 26 30 32 29 31 33 35 34 36 37 38 39 40 41 42 43 45 44 48 46 47 49 50 53 51 52 54 55 56 57 60 58 59 61 63 62 64 65 67 66 68 69 72 70 73 74 76 71 75 77 79 78 80 81 83 82 84 85 86 87 88 90 89 91 93 94 95 92 96 97 99 98 
0 1 2 3 4 5 6 7 8 9 11 10 13 12 16 15 14 19 17 18 20 22 21 27 24 23 25 28 30 26 32 29 31 33 35 34 36 37 38 39 40 41 42 43 45 44 48 46 47 49 50 53 51 54 55 52 56 57 60 58 59 63 61 62 64 65 67 66 68 69 72 70 73 74 76 71 75 77 79 78 80 81 83 82 84 85 86 87 88 90 89 91 93 94 95 92 96 97 99 98 
0 1 2 3 4 5 6 7 8 9 11 10 13 12 16 15 14 19 17 18 20 22 21 24 27 23 25 30 28 26 32 29 31 33 35 34 36 37 39 38 40 41 43 42 44 45 48 46 47 49 50 53 51 52 54 55 56 57 60 59 58 63 61 62 64 65 67 66 68 69 72 70 73 74 76 71 77 75 78 79 81 80 83 82 85 86 84 87 88 90 89 91 94 93 95 92 96 97 99 98 
0 1 2 3 4 5 6 7 8 9 11 10 13 12 16 15 14 17 19 18 20 22 21 23 27 24 30 25 28 26 32 29 31 33 35 34 36 37 38 39 40 41 42 43 45 44 48 46 47 49 50 53 51 52 54 55 56 57 60 58 59 61 63 62 64 65 67 66 68 69 72 70 73 74 76 71 75 77 78 79 80 81 83 82 85 84 86 87 88 90 89 91 93 94 95 92 96 97 99 98 
0 1 2 3 4 5 6 7 8 9 11 10 13 12 16 15 14 19 17 18 20 22 21 24 27 23 25 28 30 26 32 29 31 33 35 34 36 37 38 39 40 41 42 43 45 44 48 46 47 49 50 53 51 52 54 55 56 57 60 58 59 63 61 62 64 65 67 66 68 69 72 70 73 74 76 71 75 77 79 78 80 81 83 82 84 85 86 87 88 90 89 91 93 94 95 92 96 97 99 98 
0 1 2 3 4 5 6 7 8 9 11 10 13 12 16 15 14 19 17 18 20 22 21 24 27 23 25 30 28 26 32 29 31 33 35 34 36 37 38 39 40 41 42 43 45 44 48 46 47 49 50 53 51 52 54 55 56 57 60 58 59 63 61 64 62 65 67 66 68 69 72 70 73 74 76 71 75 77 78 79 80 81 83 82 85 84 86 87 88 90 89 91 93 94 95 92 96 97 99 98 
0 1 2 3 4 5 6 7 8 9 11 10 12 13 16 15 14 17 19 18 20 22 21 27 23 24 25 28 30 32 26 31 29 33 34 35 36 37 38 39 40 42 41 45 43 44 48 46 47 49 53 50 51 52 54 55 56 57 60 58 59 63 61 62 64 65 67 66 68 69 70 73 72 74 76 71 75 77 79 78 80 81 83 82 85 84 86 87 88 89 90 93 91 94 95 92 96 97 99 98 
0 1 2 3 4 5 6 7 8 9 11 10 13 12 16 15 14 19 17 18 20 22 21 24 27 23 25 28 30 26 32 29 31 33 35 34 36 37 38 39 40 41 42 43 45 44 48 46 47 49 50 53 51 52 54 55 56 57 60 58 59 63 61 64 62 65 67 66 69 68 70 72 73 74 76 71 75 77 79 78 80 81 83 82 84 85 86 87 88 90 89 91 93 94 95 92 96 97 99 98 
0 1 2 3 4 5 6 7 8 9 11 10 13 12 16 15 14 19 17 18 20 22 21 24 27 23 25 28 30 26 32 29 31 33 35 34 36 37 38 39 40 41 42 43 45 44 48 46 47 49 50 53 51 52 54 55 56 57 60 58 59 61 63 64 62 65 66 67 68 69 72 70 73 74 76 71 75 77 79 78 80 81 83 82 84 85 86 87 88 90 89 91 93 94 95 92 96 97 99 98 
0 1 2 3 4 5 6 7 8 9 11 10 13 12 16 15 14 19 17 18 20 22 21 24 27 23 25 28 30 26 32 31 29 33 35 34 36 37 38 39 40 41 42 43 45 44 48 46 47 49 50 53 51 52 54 55 56 57 60 58 59 63 61 62 64 65 67 66 68 69 72 70 73 74 76 71 75 77 79 78 80 81 83 82 84 85 86 87 88 90 89 91 93 94 95 92 96 97 99 98 
0 1 2 3 4 5 6 7 8 9 11 10 13 12 16 15 14 19 17 18 20 22 21 24 27 23 25 30 26 28 31 32 29 33 35 34 36 37 38 39 40 41 42 43 45 44 48 46 47 49 50 53 51 52 54 55 56 57 60 58 59 61 63 64 62 65 67 66 68 69 72 70 73 74 76 71 75 77 79 78 80 81 83 82 84 85 86 87 88 90 89 91 93 94 95 92 96 97 99 98 
0 1 2 3 4 5 6 7 8 9 11 10 13 12 16 15 14 19 17 18 20 22 21 24 27 23 25 30 28 26 32 29 31 33 35 34 36 37 38 39 40 41 42 43 45 44 48 46 47 50 49 53 51 52 54 55 56 57 60 58 59 61 63 64 62 65 67 66 68 69 72 70 73 74 76 71 75 77 79 78 80 81 83 82 84 85 86 87 88 90 89 91 93 94 95 92 96 97 99 98 
0 1 2 3 4 5 6 7 9 8 11 10 13 12 16 15 14 19 17 18 20 22 21 24 27 23 25 28 30 26 32 29 31 33 35 34 36 37 38 39 40 41 42 43 45 44 48 46 47 49 50 53 51 52 54 55 56 57 60 58 59 61 63 62 64 65 67 66 68 69 72 70 73 74 76 71 75 77 79 78 80 81 83 82 84 85 86 87 88 90 89 91 93 94 95 92 96 97 99 98 
0 1 2 3 4 5 6 7 8 9 11 10 13 12 16 15 14 19 17 18 20 21 22 24 27 23 25 28 30 26 32 31 29 33 35 34 36 37 38 39 40 41 43 42 45 44 48 46 47 49 50 53 51 52 54 55 56 57 60 58 59 61 63 62 64 65 67 66 68 69 72 70 73 74 76 71 75 77 79 78 80 81 83 82 85 84 86 87 88 90 89 91 93 94 95 92 96 97 99 98 
0 1 2 3 4 5 6 7 8 9 11 10 13 12 16 15 14 19 17 18 20 22 21 24 27 23 25 28 30 26 32 29 31 33 35 34 36 37 38 39 40 41 42 43 45 44 48 46 47 49 50 53 51 52 54 55 56 57 60 58 59 61 63 62 64 65 67 66 68 69 72 70 73 74 76 71 75 77 79 78 80 81 83 82 85 84 86 87 88 90 89 91 93 94 95 92 96 97 99 98 
0 1 2 3 4 5 6 7 8 9 11 10 13 12 16 15 14 19 17 18 20 22 21 24 27 23 25 28 30 26 32 29 31 33 35 34 36 37 38 39 40 41 42 43 45 44 48 46 47 49 50 53 51 52 54 55 56 57 60 58 59 63 61 64 62 65 66 67 68 69 72 70 73 74 76 71 75 77 79 78 80 81 83 82 85 84 86 87 88 90 89 91 93 94 95 92 96 97 99 98 

Rank matrix
100 0 0 0 0 0 0 0 0 0 0 0 0 0 0 0 0 0 0 0 0 0 0 0 0 0 0 0 0 0 0 0 0 0 0 0 0 0 0 0 0 0 0 0 0 0 0 0 0 0 0 0 0 0 0 0 0 0 0 0 0 0 0 0 0 0 0 0 0 0 0 0 0 0 0 0 0 0 0 0 0 0 0 0 0 0 0 0 0 0 0 0 0 0 0 0 0 0 0 0 
0 100 0 0 0 0 0 0 0 0 0 0 0 0 0 0 0 0 0 0 0 0 0 0 0 0 0 0 0 0 0 0 0 0 0 0 0 0 0 0 0 0 0 0 0 0 0 0 0 0 0 0 0 0 0 0 0 0 0 0 0 0 0 0 0 0 0 0 0 0 0 0 0 0 0 0 0 0 0 0 0 0 0 0 0 0 0 0 0 0 0 0 0 0 0 0 0 0 0 0 
0 0 100 0 0 0 0 0 0 0 0 0 0 0 0 0 0 0 0 0 0 0 0 0 0 0 0 0 0 0 0 0 0 0 0 0 0 0 0 0 0 0 0 0 0 0 0 0 0 0 0 0 0 0 0 0 0 0 0 0 0 0 0 0 0 0 0 0 0 0 0 0 0 0 0 0 0 0 0 0 0 0 0 0 0 0 0 0 0 0 0 0 0 0 0 0 0 0 0 0 
0 0 0 100 0 0 0 0 0 0 0 0 0 0 0 0 0 0 0 0 0 0 0 0 0 0 0 0 0 0 0 0 0 0 0 0 0 0 0 0 0 0 0 0 0 0 0 0 0 0 0 0 0 0 0 0 0 0 0 0 0 0 0 0 0 0 0 0 0 0 0 0 0 0 0 0 0 0 0 0 0 0 0 0 0 0 0 0 0 0 0 0 0 0 0 0 0 0 0 0 
0 0 0 0 100 0 0 0 0 0 0 0 0 0 0 0 0 0 0 0 0 0 0 0 0 0 0 0 0 0 0 0 0 0 0 0 0 0 0 0 0 0 0 0 0 0 0 0 0 0 0 0 0 0 0 0 0 0 0 0 0 0 0 0 0 0 0 0 0 0 0 0 0 0 0 0 0 0 0 0 0 0 0 0 0 0 0 0 0 0 0 0 0 0 0 0 0 0 0 0 
0 0 0 0 0 100 0 0 0 0 0 0 0 0 0 0 0 0 0 0 0 0 0 0 0 0 0 0 0 0 0 0 0 0 0 0 0 0 0 0 0 0 0 0 0 0 0 0 0 0 0 0 0 0 0 0 0 0 0 0 0 0 0 0 0 0 0 0 0 0 0 0 0 0 0 0 0 0 0 0 0 0 0 0 0 0 0 0 0 0 0 0 0 0 0 0 0 0 0 0 
0 0 0 0 0 0 100 0 0 0 0 0 0 0 0 0 0 0 0 0 0 0 0 0 0 0 0 0 0 0 0 0 0 0 0 0 0 0 0 0 0 0 0 0 0 0 0 0 0 0 0 0 0 0 0 0 0 0 0 0 0 0 0 0 0 0 0 0 0 0 0 0 0 0 0 0 0 0 0 0 0 0 0 0 0 0 0 0 0 0 0 0 0 0 0 0 0 0 0 0 
0 0 0 0 0 0 0 100 0 0 0 0 0 0 0 0 0 0 0 0 0 0 0 0 0 0 0 0 0 0 0 0 0 0 0 0 0 0 0 0 0 0 0 0 0 0 0 0 0 0 0 0 0 0 0 0 0 0 0 0 0 0 0 0 0 0 0 0 0 0 0 0 0 0 0 0 0 0 0 0 0 0 0 0 0 0 0 0 0 0 0 0 0 0 0 0 0 0 0 0 
0 0 0 0 0 0 0 0 94 5 1 0 0 0 0 0 0 0 0 0 0 0 0 0 0 0 0 0 0 0 0 0 0 0 0 0 0 0 0 0 0 0 0 0 0 0 0 0 0 0 0 0 0 0 0 0 0 0 0 0 0 0 0 0 0 0 0 0 0 0 0 0 0 0 0 0 0 0 0 0 0 0 0 0 0 0 0 0 0 0 0 0 0 0 0 0 0 0 0 0 
0 0 0 0 0 0 0 0 6 94 0 0 0 0 0 0 0 0 0 0 0 0 0 0 0 0 0 0 0 0 0 0 0 0 0 0 0 0 0 0 0 0 0 0 0 0 0 0 0 0 0 0 0 0 0 0 0 0 0 0 0 0 0 0 0 0 0 0 0 0 0 0 0 0 0 0 0 0 0 0 0 0 0 0 0 0 0 0 0 0 0 0 0 0 0 0 0 0 0 0 
0 0 0 0 0 0 0 0 0 0 1 99 0 0 0 0 0 0 0 0 0 0 0 0 0 0 0 0 0 0 0 0 0 0 0 0 0 0 0 0 0 0 0 0 0 0 0 0 0 0 0 0 0 0 0 0 0 0 0 0 0 0 0 0 0 0 0 0 0 0 0 0 0 0 0 0 0 0 0 0 0 0 0 0 0 0 0 0 0 0 0 0 0 0 0 0 0 0 0 0 
0 0 0 0 0 0 0 0 0 1 98 1 0 0 0 0 0 0 0 0 0 0 0 0 0 0 0 0 0 0 0 0 0 0 0 0 0 0 0 0 0 0 0 0 0 0 0 0 0 0 0 0 0 0 0 0 0 0 0 0 0 0 0 0 0 0 0 0 0 0 0 0 0 0 0 0 0 0 0 0 0 0 0 0 0 0 0 0 0 0 0 0 0 0 0 0 0 0 0 0 
0 0 0 0 0 0 0 0 0 0 0 0 4 96 0 0 0 0 0 0 0 0 0 0 0 0 0 0 0 0 0 0 0 0 0 0 0 0 0 0 0 0 0 0 0 0 0 0 0 0 0 0 0 0 0 0 0 0 0 0 0 0 0 0 0 0 0 0 0 0 0 0 0 0 0 0 0 0 0 0 0 0 0 0 0 0 0 0 0 0 0 0 0 0 0 0 0 0 0 0 
0 0 0 0 0 0 0 0 0 0 0 0 96 4 0 0 0 0 0 0 0 0 0 0 0 0 0 0 0 0 0 0 0 0 0 0 0 0 0 0 0 0 0 0 0 0 0 0 0 0 0 0 0 0 0 0 0 0 0 0 0 0 0 0 0 0 0 0 0 0 0 0 0 0 0 0 0 0 0 0 0 0 0 0 0 0 0 0 0 0 0 0 0 0 0 0 0 0 0 0 
0 0 0 0 0 0 0 0 0 0 0 0 0 0 0 0 99 1 0 0 0 0 0 0 0 0 0 0 0 0 0 0 0 0 0 0 0 0 0 0 0 0 0 0 0 0 0 0 0 0 0 0 0 0 0 0 0 0 0 0 0 0 0 0 0 0 0 0 0 0 0 0 0 0 0 0 0 0 0 0 0 0 0 0 0 0 0 0 0 0 0 0 0 0 0 0 0 0 0 0 
0 0 0 0 0 0 0 0 0 0 0 0 0 0 3 97 0 0 0 0 0 0 0 0 0 0 0 0 0 0 0 0 0 0 0 0 0 0 0 0 0 0 0 0 0 0 0 0 0 0 0 0 0 0 0 0 0 0 0 0 0 0 0 0 0 0 0 0 0 0 0 0 0 0 0 0 0 0 0 0 0 0 0 0 0 0 0 0 0 0 0 0 0 0 0 0 0 0 0 0 
0 0 0 0 0 0 0 0 0 0 0 0 0 0 97 3 0 0 0 0 0 0 0 0 0 0 0 0 0 0 0 0 0 0 0 0 0 0 0 0 0 0 0 0 0 0 0 0 0 0 0 0 0 0 0 0 0 0 0 0 0 0 0 0 0 0 0 0 0 0 0 0 0 0 0 0 0 0 0 0 0 0 0 0 0 0 0 0 0 0 0 0 0 0 0 0 0 0 0 0 
0 0 0 0 0 0 0 0 0 0 0 0 0 0 0 0 0 9 91 0 0 0 0 0 0 0 0 0 0 0 0 0 0 0 0 0 0 0 0 0 0 0 0 0 0 0 0 0 0 0 0 0 0 0 0 0 0 0 0 0 0 0 0 0 0 0 0 0 0 0 0 0 0 0 0 0 0 0 0 0 0 0 0 0 0 0 0 0 0 0 0 0 0 0 0 0 0 0 0 0 
0 0 0 0 0 0 0 0 0 0 0 0 0 0 0 0 0 0 0 98 2 0 0 0 0 0 0 0 0 0 0 0 0 0 0 0 0 0 0 0 0 0 0 0 0 0 0 0 0 0 0 0 0 0 0 0 0 0 0 0 0 0 0 0 0 0 0 0 0 0 0 0 0 0 0 0 0 0 0 0 0 0 0 0 0 0 0 0 0 0 0 0 0 0 0 0 0 0 0 0 
0 0 0 0 0 0 0 0 0 0 0 0 0 0 0 0 1 90 9 0 0 0 0 0 0 0 0 0 0 0 0 0 0 0 0 0 0 0 0 0 0 0 0 0 0 0 0 0 0 0 0 0 0 0 0 0 0 0 0 0 0 0 0 0 0 0 0 0 0 0 0 0 0 0 0 0 0 0 0 0 0 0 0 0 0 0 0 0 0 0 0 0 0 0 0 0 0 0 0 0 
0 0 0 0 0 0 0 0 0 0 0 0 0 0 0 0 0 0 0 2 97 1 0 0 0 0 0 0 0 0 0 0 0 0 0 0 0 0 0 0 0 0 0 0 0 0 0 0 0 0 0 0 0 0 0 0 0 0 0 0 0 0 0 0 0 0 0 0 0 0 0 0 0 0 0 0 0 0 0 0 0 0 0 0 0 0 0 0 0 0 0 0 0 0 0 0 0 0 0 0 
0 0 0 0 0 0 0 0 0 0 0 0 0 0 0 0 0 0 0 0 1 8 91 0 0 0 0 0 0 0 0 0 0 0 0 0 0 0 0 0 0 0 0 0 0 0 0 0 0 0 0 0 0 0 0 0 0 0 0 0 0 0 0 0 0 0 0 0 0 0 0 0 0 0 0 0 0 0 0 0 0 0 0 0 0 0 0 0 0 0 0 0 0 0 0 0 0 0 0 0 
0 0 0 0 0 0 0 0 0 0 0 0 0 0 0 0 0 0 0 0 0 91 9 0 0 0 0 0 0 0 0 0 0 0 0 0 0 0 0 0 0 0 0 0 0 0 0 0 0 0 0 0 0 0 0 0 0 0 0 0 0 0 0 0 0 0 0 0 0 0 0 0 0 0 0 0 0 0 0 0 0 0 0 0 0 0 0 0 0 0 0 0 0 0 0 0 0 0 0 0 
0 0 0 0 0 0 0 0 0 0 0 0 0 0 0 0 0 0 0 0 0 0 0 1 3 96 0 0 0 0 0 0 0 0 0 0 0 0 0 0 0 0 0 0 0 0 0 0 0 0 0 0 0 0 0 0 0 0 0 0 0 0 0 0 0 0 0 0 0 0 0 0 0 0 0 0 0 0 0 0 0 0 0 0 0 0 0 0 0 0 0 0 0 0 0 0 0 0 0 0 
0 0 0 0 0 0 0 0 0 0 0 0 0 0 0 0 0 0 0 0 0 0 0 90 8 2 0 0 0 0 0 0 0 0 0 0 0 0 0 0 0 0 0 0 0 0 0 0 0 0 0 0 0 0 0 0 0 0 0 0 0 0 0 0 0 0 0 0 0 0 0 0 0 0 0 0 0 0 0 0 0 0 0 0 0 0 0 0 0 0 0 0 0 0 0 0 0 0 0 0 
0 0 0 0 0 0 0 0 0 0 0 0 0 0 0 0 0 0 0 0 0 0 0 0 0 0 96 4 0 0 0 0 0 0 0 0 0 0 0 0 0 0 0 0 0 0 0 0 0 0 0 0 0 0 0 0 0 0 0 0 0 0 0 0 0 0 0 0 0 0 0 0 0 0 0 0 0 0 0 0 0 0 0 0 0 0 0 0 0 0 0 0 0 0 0 0 0 0 0 0 
0 0 0 0 0 0 0 0 0 0 0 0 0 0 0 0 0 0 0 0 0 0 0 0 0 0 0 0 6 87 7 0 0 0 0 0 0 0 0 0 0 0 0 0 0 0 0 0 0 0 0 0 0 0 0 0 0 0 0 0 0 0 0 0 0 0 0 0 0 0 0 0 0 0 0 0 0 0 0 0 0 0 0 0 0 0 0 0 0 0 0 0 0 0 0 0 0 0 0 0 
0 0 0 0 0 0 0 0 0 0 0 0 0 0 0 0 0 0 0 0 0 0 0 9 89 2 0 0 0 0 0 0 0 0 0 0 0 0 0 0 0 0 0 0 0 0 0 0 0 0 0 0 0 0 0 0 0 0 0 0 0 0 0 0 0 0 0 0 0 0 0 0 0 0 0 0 0 0 0 0 0 0 0 0 0 0 0 0 0 0 0 0 0 0 0 0 0 0 0 0 
0 0 0 0 0 0 0 0 0 0 0 0 0 0 0 0 0 0 0 0 0 0 0 0 0 0 1 77 20 2 0 0 0 0 0 0 0 0 0 0 0 0 0 0 0 0 0 0 0 0 0 0 0 0 0 0 0 0 0 0 0 0 0 0 0 0 0 0 0 0 0 0 0 0 0 0 0 0 0 0 0 0 0 0 0 0 0 0 0 0 0 0 0 0 0 0 0 0 0 0 
0 0 0 0 0 0 0 0 0 0 0 0 0 0 0 0 0 0 0 0 0 0 0 0 0 0 0 0 0 0 2 80 18 0 0 0 0 0 0 0 0 0 0 0 0 0 0 0 0 0 0 0 0 0 0 0 0 0 0 0 0 0 0 0 0 0 0 0 0 0 0 0 0 0 0 0 0 0 0 0 0 0 0 0 0 0 0 0 0 0 0 0 0 0 0 0 0 0 0 0 
0 0 0 0 0 0 0 0 0 0 0 0 0 0 0 0 0 0 0 0 0 0 0 0 0 0 3 19 74 4 0 0 0 0 0 0 0 0 0 0 0 0 0 0 0 0 0 0 0 0 0 0 0 0 0 0 0 0 0 0 0 0 0 0 0 0 0 0 0 0 0 0 0 0 0 0 0 0 0 0 0 0 0 0 0 0 0 0 0 0 0 0 0 0 0 0 0 0 0 0 
0 0 0 0 0 0 0 0 0 0 0 0 0 0 0 0 0 0 0 0 0 0 0 0 0 0 0 0 0 0 1 17 82 0 0 0 0 0 0 0 0 0 0 0 0 0 0 0 0 0 0 0 0 0 0 0 0 0 0 0 0 0 0 0 0 0 0 0 0 0 0 0 0 0 0 0 0 0 0 0 0 0 0 0 0 0 0 0 0 0 0 0 0 0 0 0 0 0 0 0 
0 0 0 0 0 0 0 0 0 0 0 0 0 0 0 0 0 0 0 0 0 0 0 0 0 0 0 0 0 7 90 3 0 0 0 0 0 0 0 0 0 0 0 0 0 0 0 0 0 0 0 0 0 0 0 0 0 0 0 0 0 0 0 0 0 0 0 0 0 0 0 0 0 0 0 0 0 0 0 0 0 0 0 0 0 0 0 0 0 0 0 0 0 0 0 0 0 0 0 0 
0 0 0 0 0 0 0 0 0 0 0 0 0 0 0 0 0 0 0 0 0 0 0 0 0 0 0 0 0 0 0 0 0 100 0 0 0 0 0 0 0 0 0 0 0 0 0 0 0 0 0 0 0 0 0 0 0 0 0 0 0 0 0 0 0 0 0 0 0 0 0 0 0 0 0 0 0 0 0 0 0 0 0 0 0 0 0 0 0 0 0 0 0 0 0 0 0 0 0 0 
0 0 0 0 0 0 0 0 0 0 0 0 0 0 0 0 0 0 0 0 0 0 0 0 0 0 0 0 0 0 0 0 0 0 7 93 0 0 0 0 0 0 0 0 0 0 0 0 0 0 0 0 0 0 0 0 0 0 0 0 0 0 0 0 0 0 0 0 0 0 0 0 0 0 0 0 0 0 0 0 0 0 0 0 0 0 0 0 0 0 0 0 0 0 0 0 0 0 0 0 
0 0 0 0 0 0 0 0 0 0 0 0 0 0 0 0 0 0 0 0 0 0 0 0 0 0 0 0 0 0 0 0 0 0 93 5 2 0 0 0 0 0 0 0 0 0 0 0 0 0 0 0 0 0 0 0 0 0 0 0 0 0 0 0 0 0 0 0 0 0 0 0 0 0 0 0 0 0 0 0 0 0 0 0 0 0 0 0 0 0 0 0 0 0 0 0 0 0 0 0 
0 0 0 0 0 0 0 0 0 0 0 0 0 0 0 0 0 0 0 0 0 0 0 0 0 0 0 0 0 0 0 0 0 0 0 2 96 2 0 0 0 0 0 0 0 0 0 0 0 0 0 0 0 0 0 0 0 0 0 0 0 0 0 0 0 0 0 0 0 0 0 0 0 0 0 0 0 0 0 0 0 0 0 0 0 0 0 0 0 0 0 0 0 0 0 0 0 0 0 0 
0 0 0 0 0 0 0 0 0 0 0 0 0 0 0 0 0 0 0 0 0 0 0 0 0 0 0 0 0 0 0 0 0 0 0 0 2 97 1 0 0 0 0 0 0 0 0 0 0 0 0 0 0 0 0 0 0 0 0 0 0 0 0 0 0 0 0 0 0 0 0 0 0 0 0 0 0 0 0 0 0 0 0 0 0 0 0 0 0 0 0 0 0 0 0 0 0 0 0 0 
0 0 0 0 0 0 0 0 0 0 0 0 0 0 0 0 0 0 0 0 0 0 0 0 0 0 0 0 0 0 0 0 0 0 0 0 0 1 94 5 0 0 0 0 0 0 0 0 0 0 0 0 0 0 0 0 0 0 0 0 0 0 0 0 0 0 0 0 0 0 0 0 0 0 0 0 0 0 0 0 0 0 0 0 0 0 0 0 0 0 0 0 0 0 0 0 0 0 0 0 
0 0 0 0 0 0 0 0 0 0 0 0 0 0 0 0 0 0 0 0 0 0 0 0 0 0 0 0 0 0 0 0 0 0 0 0 0 0 5 95 0 0 0 0 0 0 0 0 0 0 0 0 0 0 0 0 0 0 0 0 0 0 0 0 0 0 0 0 0 0 0 0 0 0 0 0 0 0 0 0 0 0 0 0 0 0 0 0 0 0 0 0 0 0 0 0 0 0 0 0 
0 0 0 0 0 0 0 0 0 0 0 0 0 0 0 0 0 0 0 0 0 0 0 0 0 0 0 0 0 0 0 0 0 0 0 0 0 0 0 0 97 3 0 0 0 0 0 0 0 0 0 0 0 0 0 0 0 0 0 0 0 0 0 0 0 0 0 0 0 0 0 0 0 0 0 0 0 0 0 0 0 0 0 0 0 0 0 0 0 0 0 0 0 0 0 0 0 0 0 0 
0 0 0 0 0 0 0 0 0 0 0 0 0 0 0 0 0 0 0 0 0 0 0 0 0 0 0 0 0 0 0 0 0 0 0 0 0 0 0 0 3 95 2 0 0 0 0 0 0 0 0 0 0 0 0 0 0 0 0 0 0 0 0 0 0 0 0 0 0 0 0 0 0 0 0 0 0 0 0 0 0 0 0 0 0 0 0 0 0 0 0 0 0 0 0 0 0 0 0 0 
0 0 0 0 0 0 0 0 0 0 0 0 0 0 0 0 0 0 0 0 0 0 0 0 0 0 0 0 0 0 0 0 0 0 0 0 0 0 0 0 0 2 90 8 0 0 0 0 0 0 0 0 0 0 0 0 0 0 0 0 0 0 0 0 0 0 0 0 0 0 0 0 0 0 0 0 0 0 0 0 0 0 0 0 0 0 0 0 0 0 0 0 0 0 0 0 0 0 0 0 
0 0 0 0 0 0 0 0 0 0 0 0 0 0 0 0 0 0 0 0 0 0 0 0 0 0 0 0 0 0 0 0 0 0 0 0 0 0 0 0 0 0 8 91 1 0 0 0 0 0 0 0 0 0 0 0 0 0 0 0 0 0 0 0 0 0 0 0 0 0 0 0 0 0 0 0 0 0 0 0 0 0 0 0 0 0 0 0 0 0 0 0 0 0 0 0 0 0 0 0 
0 0 0 0 0 0 0 0 0 0 0 0 0 0 0 0 0 0 0 0 0 0 0 0 0 0 0 0 0 0 0 0 0 0 0 0 0 0 0 0 0 0 0 0 11 89 0 0 0 0 0 0 0 0 0 0 0 0 0 0 0 0 0 0 0 0 0 0 0 0 0 0 0 0 0 0 0 0 0 0 0 0 0 0 0 0 0 0 0 0 0 0 0 0 0 0 0 0 0 0 
0 0 0 0 0 0 0 0 0 0 0 0 0 0 0 0 0 0 0 0 0 0 0 0 0 0 0 0 0 0 0 0 0 0 0 0 0 0 0 0 0 0 0 1 88 11 0 0 0 0 0 0 0 0 0 0 0 0 0 0 0 0 0 0 0 0 0 0 0 0 0 0 0 0 0 0 0 0 0 0 0 0 0 0 0 0 0 0 0 0 0 0 0 0 0 0 0 0 0 0 
0 0 0 0 0 0 0 0 0 0 0 0 0 0 0 0 0 0 0 0 0 0 0 0 0 0 0 0 0 0 0 0 0 0 0 0 0 0 0 0 0 0 0 0 0 0 3 95 2 0 0 0 0 0 0 0 0 0 0 0 0 0 0 0 0 0 0 0 0 0 0 0 0 0 0 0 0 0 0 0 0 0 0 0 0 0 0 0 0 0 0 0 0 0 0 0 0 0 0 0 
0 0 0 0 0 0 0 0 0 0 0 0 0 0 0 0 0 0 0 0 0 0 0 0 0 0 0 0 0 0 0 0 0 0 0 0 0 0 0 0 0 0 0 0 0 0 1 1 97 1 0 0 0 0 0 0 0 0 0 0 0 0 0 0 0 0 0 0 0 0 0 0 0 0 0 0 0 0 0 0 0 0 0 0 0 0 0 0 0 0 0 0 0 0 0 0 0 0 0 0 
0 0 0 0 0 0 0 0 0 0 0 0 0 0 0 0 0 0 0 0 0 0 0 0 0 0 0 0 0 0 0 0 0 0 0 0 0 0 0 0 0 0 0 0 0 0 96 4 0 0 0 0 0 0 0 0 0 0 0 0 0 0 0 0 0 0 0 0 0 0 0 0 0 0 0 0 0 0 0 0 0 0 0 0 0 0 0 0 0 0 0 0 0 0 0 0 0 0 0 0 
0 0 0 0 0 0 0 0 0 0 0 0 0 0 0 0 0 0 0 0 0 0 0 0 0 0 0 0 0 0 0 0 0 0 0 0 0 0 0 0 0 0 0 0 0 0 0 0 1 97 2 0 0 0 0 0 0 0 0 0 0 0 0 0 0 0 0 0 0 0 0 0 0 0 0 0 0 0 0 0 0 0 0 0 0 0 0 0 0 0 0 0 0 0 0 0 0 0 0 0 
0 0 0 0 0 0 0 0 0 0 0 0 0 0 0 0 0 0 0 0 0 0 0 0 0 0 0 0 0 0 0 0 0 0 0 0 0 0 0 0 0 0 0 0 0 0 0 0 0 2 96 2 0 0 0 0 0 0 0 0 0 0 0 0 0 0 0 0 0 0 0 0 0 0 0 0 0 0 0 0 0 0 0 0 0 0 0 0 0 0 0 0 0 0 0 0 0 0 0 0 
0 0 0 0 0 0 0 0 0 0 0 0 0 0 0 0 0 0 0 0 0 0 0 0 0 0 0 0 0 0 0 0 0 0 0 0 0 0 0 0 0 0 0 0 0 0 0 0 0 0 0 5 93 2 0 0 0 0 0 0 0 0 0 0 0 0 0 0 0 0 0 0 0 0 0 0 0 0 0 0 0 0 0 0 0 0 0 0 0 0 0 0 0 0 0 0 0 0 0 0 
0 0 0 0 0 0 0 0 0 0 0 0 0 0 0 0 0 0 0 0 0 0 0 0 0 0 0 0 0 0 0 0 0 0 0 0 0 0 0 0 0 0 0 0 0 0 0 0 0 0 0 0 0 91 7 2 0 0 0 0 0 0 0 0 0 0 0 0 0 0 0 0 0 0 0 0 0 0 0 0 0 0 0 0 0 0 0 0 0 0 0 0 0 0 0 0 0 0 0 0 
0 0 0 0 0 0 0 0 0 0 0 0 0 0 0 0 0 0 0 0 0 0 0 0 0 0 0 0 0 0 0 0 0 0 0 0 0 0 0 0 0 0 0 0 0 0 0 0 0 0 2 93 5 0 0 0 0 0 0 0 0 0 0 0 0 0 0 0 0 0 0 0 0 0 0 0 0 0 0 0 0 0 0 0 0 0 0 0 0 0 0 0 0 0 0 0 0 0 0 0 
0 0 0 0 0 0 0 0 0 0 0 0 0 0 0 0 0 0 0 0 0 0 0 0 0 0 0 0 0 0 0 0 0 0 0 0 0 0 0 0 0 0 0 0 0 0 0 0 0 0 0 0 2 7 87 4 0 0 0 0 0 0 0 0 0 0 0 0 0 0 0 0 0 0 0 0 0 0 0 0 0 0 0 0 0 0 0 0 0 0 0 0 0 0 0 0 0 0 0 0 
0 0 0 0 0 0 0 0 0 0 0 0 0 0 0 0 0 0 0 0 0 0 0 0 0 0 0 0 0 0 0 0 0 0 0 0 0 0 0 0 0 0 0 0 0 0 0 0 0 0 0 0 0 0 6 94 0 0 0 0 0 0 0 0 0 0 0 0 0 0 0 0 0 0 0 0 0 0 0 0 0 0 0 0 0 0 0 0 0 0 0 0 0 0 0 0 0 0 0 0 
0 0 0 0 0 0 0 0 0 0 0 0 0 0 0 0 0 0 0 0 0 0 0 0 0 0 0 0 0 0 0 0 0 0 0 0 0 0 0 0 0 0 0 0 0 0 0 0 0 0 0 0 0 0 0 0 95 4 1 0 0 0 0 0 0 0 0 0 0 0 0 0 0 0 0 0 0 0 0 0 0 0 0 0 0 0 0 0 0 0 0 0 0 0 0 0 0 0 0 0 
0 0 0 0 0 0 0 0 0 0 0 0 0 0 0 0 0 0 0 0 0 0 0 0 0 0 0 0 0 0 0 0 0 0 0 0 0 0 0 0 0 0 0 0 0 0 0 0 0 0 0 0 0 0 0 0 5 94 1 0 0 0 0 0 0 0 0 0 0 0 0 0 0 0 0 0 0 0 0 0 0 0 0 0 0 0 0 0 0 0 0 0 0 0 0 0 0 0 0 0 
0 0 0 0 0 0 0 0 0 0 0 0 0 0 0 0 0 0 0 0 0 0 0 0 0 0 0 0 0 0 0 0 0 0 0 0 0 0 0 0 0 0 0 0 0 0 0 0 0 0 0 0 0 0 0 0 0 0 2 88 10 0 0 0 0 0 0 0 0 0 0 0 0 0 0 0 0 0 0 0 0 0 0 0 0 0 0 0 0 0 0 0 0 0 0 0 0 0 0 0 
0 0 0 0 0 0 0 0 0 0 0 0 0 0 0 0 0 0 0 0 0 0 0 0 0 0 0 0 0 0 0 0 0 0 0 0 0 0 0 0 0 0 0 0 0 0 0 0 0 0 0 0 0 0 0 0 0 0 1 9 90 0 0 0 0 0 0 0 0 0 0 0 0 0 0 0 0 0 0 0 0 0 0 0 0 0 0 0 0 0 0 0 0 0 0 0 0 0 0 0 
0 0 0 0 0 0 0 0 0 0 0 0 0 0 0 0 0 0 0 0 0 0 0 0 0 0 0 0 0 0 0 0 0 0 0 0 0 0 0 0 0 0 0 0 0 0 0 0 0 0 0 0 0 0 0 0 0 2 95 3 0 0 0 0 0 0 0 0 0 0 0 0 0 0 0 0 0 0 0 0 0 0 0 0 0 0 0 0 0 0 0 0 0 0 0 0 0 0 0 0 
0 0 0 0 0 0 0 0 0 0 0 0 0 0 0 0 0 0 0 0 0 0 0 0 0 0 0 0 0 0 0 0 0 0 0 0 0 0 0 0 0 0 0 0 0 0 0 0 0 0 0 0 0 0 0 0 0 0 0 0 0 51 47 1 1 0 0 0 0 0 0 0 0 0 0 0 0 0 0 0 0 0 0 0 0 0 0 0 0 0 0 0 0 0 0 0 0 0 0 0 
0 0 0 0 0 0 0 0 0 0 0 0 0 0 0 0 0 0 0 0 0 0 0 0 0 0 0 0 0 0 0 0 0 0 0 0 0 0 0 0 0 0 0 0 0 0 0 0 0 0 0 0 0 0 0 0 0 0 0 0 0 0 4 52 44 0 0 0 0 0 0 0 0 0 0 0 0 0 0 0 0 0 0 0 0 0 0 0 0 0 0 0 0 0 0 0 0 0 0 0 
0 0 0 0 0 0 0 0 0 0 0 0 0 0 0 0 0 0 0 0 0 0 0 0 0 0 0 0 0 0 0 0 0 0 0 0 0 0 0 0 0 0 0 0 0 0 0 0 0 0 0 0 0 0 0 0 0 0 0 0 0 49 49 2 0 0 0 0 0 0 0 0 0 0 0 0 0 0 0 0 0 0 0 0 0 0 0 0 0 0 0 0 0 0 0 0 0 0 0 0 
0 0 0 0 0 0 0 0 0 0 0 0 0 0 0 0 0 0 0 0 0 0 0 0 0 0 0 0 0 0 0 0 0 0 0 0 0 0 0 0 0 0 0 0 0 0 0 0 0 0 0 0 0 0 0 0 0 0 0 0 0 0 0 45 54 1 0 0 0 0 0 0 0 0 0 0 0 0 0 0 0 0 0 0 0 0 0 0 0 0 0 0 0 0 0 0 0 0 0 0 
0 0 0 0 0 0 0 0 0 0 0 0 0 0 0 0 0 0 0 0 0 0 0 0 0 0 0 0 0 0 0 0 0 0 0 0 0 0 0 0 0 0 0 0 0 0 0 0 0 0 0 0 0 0 0 0 0 0 0 0 0 0 0 0 1 99 0 0 0 0 0 0 0 0 0 0 0 0 0 0 0 0 0 0 0 0 0 0 0 0 0 0 0 0 0 0 0 0 0 0 
0 0 0 0 0 0 0 0 0 0 0 0 0 0 0 0 0 0 0 0 0 0 0 0 0 0 0 0 0 0 0 0 0 0 0 0 0 0 0 0 0 0 0 0 0 0 0 0 0 0 0 0 0 0 0 0 0 0 0 0 0 0 0 0 0 0 12 87 1 0 0 0 0 0 0 0 0 0 0 0 0 0 0 0 0 0 0 0 0 0 0 0 0 0 0 0 0 0 0 0 
0 0 0 0 0 0 0 0 0 0 0 0 0 0 0 0 0 0 0 0 0 0 0 0 0 0 0 0 0 0 0 0 0 0 0 0 0 0 0 0 0 0 0 0 0 0 0 0 0 0 0 0 0 0 0 0 0 0 0 0 0 0 0 0 0 0 88 12 0 0 0 0 0 0 0 0 0 0 0 0 0 0 0 0 0 0 0 0 0 0 0 0 0 0 0 0 0 0 0 0 
0 0 0 0 0 0 0 0 0 0 0 0 0 0 0 0 0 0 0 0 0 0 0 0 0 0 0 0 0 0 0 0 0 0 0 0 0 0 0 0 0 0 0 0 0 0 0 0 0 0 0 0 0 0 0 0 0 0 0 0 0 0 0 0 0 0 0 0 94 5 1 0 0 0 0 0 0 0 0 0 0 0 0 0 0 0 0 0 0 0 0 0 0 0 0 0 0 0 0 0 
0 0 0 0 0 0 0 0 0 0 0 0 0 0 0 0 0 0 0 0 0 0 0 0 0 0 0 0 0 0 0 0 0 0 0 0 0 0 0 0 0 0 0 0 0 0 0 0 0 0 0 0 0 0 0 0 0 0 0 0 0 0 0 0 0 0 0 1 5 94 0 0 0 0 0 0 0 0 0 0 0 0 0 0 0 0 0 0 0 0 0 0 0 0 0 0 0 0 0 0 
0 0 0 0 0 0 0 0 0 0 0 0 0 0 0 0 0 0 0 0 0 0 0 0 0 0 0 0 0 0 0 0 0 0 0 0 0 0 0 0 0 0 0 0 0 0 0 0 0 0 0 0 0 0 0 0 0 0 0 0 0 0 0 0 0 0 0 0 0 1 10 89 0 0 0 0 0 0 0 0 0 0 0 0 0 0 0 0 0 0 0 0 0 0 0 0 0 0 0 0 
0 0 0 0 0 0 0 0 0 0 0 0 0 0 0 0 0 0 0 0 0 0 0 0 0 0 0 0 0 0 0 0 0 0 0 0 0 0 0 0 0 0 0 0 0 0 0 0 0 0 0 0 0 0 0 0 0 0 0 0 0 0 0 0 0 0 0 0 0 0 0 0 0 2 10 88 0 0 0 0 0 0 0 0 0 0 0 0 0 0 0 0 0 0 0 0 0 0 0 0 
0 0 0 0 0 0 0 0 0 0 0 0 0 0 0 0 0 0 0 0 0 0 0 0 0 0 0 0 0 0 0 0 0 0 0 0 0 0 0 0 0 0 0 0 0 0 0 0 0 0 0 0 0 0 0 0 0 0 0 0 0 0 0 0 0 0 0 0 0 0 89 9 2 0 0 0 0 0 0 0 0 0 0 0 0 0 0 0 0 0 0 0 0 0 0 0 0 0 0 0 
0 0 0 0 0 0 0 0 0 0 0 0 0 0 0 0 0 0 0 0 0 0 0 0 0 0 0 0 0 0 0 0 0 0 0 0 0 0 0 0 0 0 0 0 0 0 0 0 0 0 0 0 0 0 0 0 0 0 0 0 0 0 0 0 0 0 0 0 0 0 0 2 98 0 0 0 0 0 0 0 0 0 0 0 0 0 0 0 0 0 0 0 0 0 0 0 0 0 0 0 
0 0 0 0 0 0 0 0 0 0 0 0 0 0 0 0 0 0 0 0 0 0 0 0 0 0 0 0 0 0 0 0 0 0 0 0 0 0 0 0 0 0 0 0 0 0 0 0 0 0 0 0 0 0 0 0 0 0 0 0 0 0 0 0 0 0 0 0 0 0 0 0 0 98 2 0 0 0 0 0 0 0 0 0 0 0 0 0 0 0 0 0 0 0 0 0 0 0 0 0 
0 0 0 0 0 0 0 0 0 0 0 0 0 0 0 0 0 0 0 0 0 0 0 0 0 0 0 0 0 0 0 0 0 0 0 0 0 0 0 0 0 0 0 0 0 0 0 0 0 0 0 0 0 0 0 0 0 0 0 0 0 0 0 0 0 0 0 0 0 0 0 0 0 0 0 0 97 3 0 0 0 0 0 0 0 0 0 0 0 0 0 0 0 0 0 0 0 0 0 0 
0 0 0 0 0 0 0 0 0 0 0 0 0 0 0 0 0 0 0 0 0 0 0 0 0 0 0 0 0 0 0 0 0 0 0 0 0 0 0 0 0 0 0 0 0 0 0 0 0 0 0 0 0 0 0 0 0 0 0 0 0 0 0 0 0 0 0 0 0 0 0 0 0 0 88 12 0 0 0 0 0 0 0 0 0 0 0 0 0 0 0 0 0 0 0 0 0 0 0 0 
0 0 0 0 0 0 0 0 0 0 0 0 0 0 0 0 0 0 0 0 0 0 0 0 0 0 0 0 0 0 0 0 0 0 0 0 0 0 0 0 0 0 0 0 0 0 0 0 0 0 0 0 0 0 0 0 0 0 0 0 0 0 0 0 0 0 0 0 0 0 0 0 0 0 0 0 3 97 0 0 0 0 0 0 0 0 0 0 0 0 0 0 0 0 0 0 0 0 0 0 
0 0 0 0 0 0 0 0 0 0 0 0 0 0 0 0 0 0 0 0 0 0 0 0 0 0 0 0 0 0 0 0 0 0 0 0 0 0 0 0 0 0 0 0 0 0 0 0 0 0 0 0 0 0 0 0 0 0 0 0 0 0 0 0 0 0 0 0 0 0 0 0 0 0 0 0 0 0 24 74 1 1 0 0 0 0 0 0 0 0 0 0 0 0 0 0 0 0 0 0 
0 0 0 0 0 0 0 0 0 0 0 0 0 0 0 0 0 0 0 0 0 0 0 0 0 0 0 0 0 0 0 0 0 0 0 0 0 0 0 0 0 0 0 0 0 0 0 0 0 0 0 0 0 0 0 0 0 0 0 0 0 0 0 0 0 0 0 0 0 0 0 0 0 0 0 0 0 0 75 25 0 0 0 0 0 0 0 0 0 0 0 0 0 0 0 0 0 0 0 0 
0 0 0 0 0 0 0 0 0 0 0 0 0 0 0 0 0 0 0 0 0 0 0 0 0 0 0 0 0 0 0 0 0 0 0 0 0 0 0 0 0 0 0 0 0 0 0 0 0 0 0 0 0 0 0 0 0 0 0 0 0 0 0 0 0 0 0 0 0 0 0 0 0 0 0 0 0 0 1 1 96 2 0 0 0 0 0 0 0 0 0 0 0 0 0 0 0 0 0 0 
0 0 0 0 0 0 0 0 0 0 0 0 0 0 0 0 0 0 0 0 0 0 0 0 0 0 0 0 0 0 0 0 0 0 0 0 0 0 0 0 0 0 0 0 0 0 0 0 0 0 0 0 0 0 0 0 0 0 0 0 0 0 0 0 0 0 0 0 0 0 0 0 0 0 0 0 0 0 0 0 3 95 2 0 0 0 0 0 0 0 0 0 0 0 0 0 0 0 0 0 
0 0 0 0 0 0 0 0 0 0 0 0 0 0 0 0 0 0 0 0 0 0 0 0 0 0 0 0 0 0 0 0 0 0 0 0 0 0 0 0 0 0 0 0 0 0 0 0 0 0 0 0 0 0 0 0 0 0 0 0 0 0 0 0 0 0 0 0 0 0 0 0 0 0 0 0 0 0 0 0 0 0 1 96 3 0 0 0 0 0 0 0 0 0 0 0 0 0 0 0 
0 0 0 0 0 0 0 0 0 0 0 0 0 0 0 0 0 0 0 0 0 0 0 0 0 0 0 0 0 0 0 0 0 0 0 0 0 0 0 0 0 0 0 0 0 0 0 0 0 0 0 0 0 0 0 0 0 0 0 0 0 0 0 0 0 0 0 0 0 0 0 0 0 0 0 0 0 0 0 0 0 2 96 2 0 0 0 0 0 0 0 0 0 0 0 0 0 0 0 0 
0 0 0 0 0 0 0 0 0 0 0 0 0 0 0 0 0 0 0 0 0 0 0 0 0 0 0 0 0 0 0 0 0 0 0 0 0 0 0 0 0 0 0 0 0 0 0 0 0 0 0 0 0 0 0 0 0 0 0 0 0 0 0 0 0 0 0 0 0 0 0 0 0 0 0 0 0 0 0 0 0 0 0 0 50 49 1 0 0 0 0 0 0 0 0 0 0 0 0 0 
0 0 0 0 0 0 0 0 0 0 0 0 0 0 0 0 0 0 0 0 0 0 0 0 0 0 0 0 0 0 0 0 0 0 0 0 0 0 0 0 0 0 0 0 0 0 0 0 0 0 0 0 0 0 0 0 0 0 0 0 0 0 0 0 0 0 0 0 0 0 0 0 0 0 0 0 0 0 0 0 0 0 1 2 47 50 0 0 0 0 0 0 0 0 0 0 0 0 0 0 
0 0 0 0 0 0 0 0 0 0 0 0 0 0 0 0 0 0 0 0 0 0 0 0 0 0 0 0 0 0 0 0 0 0 0 0 0 0 0 0 0 0 0 0 0 0 0 0 0 0 0 0 0 0 0 0 0 0 0 0 0 0 0 0 0 0 0 0 0 0 0 0 0 0 0 0 0 0 0 0 0 0 0 0 0 1 97 2 0 0 0 0 0 0 0 0 0 0 0 0 
0 0 0 0 0 0 0 0 0 0 0 0 0 0 0 0 0 0 0 0 0 0 0 0 0 0 0 0 0 0 0 0 0 0 0 0 0 0 0 0 0 0 0 0 0 0 0 0 0 0 0 0 0 0 0 0 0 0 0 0 0 0 0 0 0 0 0 0 0 0 0 0 0 0 0 0 0 0 0 0 0 0 0 0 0 0 2 98 0 0 0 0 0 0 0 0 0 0 0 0 
0 0 0 0 0 0 0 0 0 0 0 0 0 0 0 0 0 0 0 0 0 0 0 0 0 0 0 0 0 0 0 0 0 0 0 0 0 0 0 0 0 0 0 0 0 0 0 0 0 0 0 0 0 0 0 0 0 0 0 0 0 0 0 0 0 0 0 0 0 0 0 0 0 0 0 0 0 0 0 0 0 0 0 0 0 0 0 0 99 1 0 0 0 0 0 0 0 0 0 0 
0 0 0 0 0 0 0 0 0 0 0 0 0 0 0 0 0 0 0 0 0 0 0 0 0 0 0 0 0 0 0 0 0 0 0 0 0 0 0 0 0 0 0 0 0 0 0 0 0 0 0 0 0 0 0 0 0 0 0 0 0 0 0 0 0 0 0 0 0 0 0 0 0 0 0 0 0 0 0 0 0 0 0 0 0 0 0 0 0 1 98 1 0 0 0 0 0 0 0 0 
0 0 0 0 0 0 0 0 0 0 0 0 0 0 0 0 0 0 0 0 0 0 0 0 0 0 0 0 0 0 0 0 0 0 0 0 0 0 0 0 0 0 0 0 0 0 0 0 0 0 0 0 0 0 0 0 0 0 0 0 0 0 0 0 0 0 0 0 0 0 0 0 0 0 0 0 0 0 0 0 0 0 0 0 0 0 0 0 1 98 1 0 0 0 0 0 0 0 0 0 
0 0 0 0 0 0 0 0 0 0 0 0 0 0 0 0 0 0 0 0 0 0 0 0 0 0 0 0 0 0 0 0 0 0 0 0 0 0 0 0 0 0 0 0 0 0 0 0 0 0 0 0 0 0 0 0 0 0 0 0 0 0 0 0 0 0 0 0 0 0 0 0 0 0 0 0 0 0 0 0 0 0 0 0 0 0 0 0 0 0 1 97 2 0 0 0 0 0 0 0 
0 0 0 0 0 0 0 0 0 0 0 0 0 0 0 0 0 0 0 0 0 0 0 0 0 0 0 0 0 0 0 0 0 0 0 0 0 0 0 0 0 0 0 0 0 0 0 0 0 0 0 0 0 0 0 0 0 0 0 0 0 0 0 0 0 0 0 0 0 0 0 0 0 0 0 0 0 0 0 0 0 0 0 0 0 0 0 0 0 0 0 0 0 0 0 100 0 0 0 0 
0 0 0 0 0 0 0 0 0 0 0 0 0 0 0 0 0 0 0 0 0 0 0 0 0 0 0 0 0 0 0 0 0 0 0 0 0 0 0 0 0 0 0 0 0 0 0 0 0 0 0 0 0 0 0 0 0 0 0 0 0 0 0 0 0 0 0 0 0 0 0 0 0 0 0 0 0 0 0 0 0 0 0 0 0 0 0 0 0 0 0 2 97 1 0 0 0 0 0 0 
0 0 0 0 0 0 0 0 0 0 0 0 0 0 0 0 0 0 0 0 0 0 0 0 0 0 0 0 0 0 0 0 0 0 0 0 0 0 0 0 0 0 0 0 0 0 0 0 0 0 0 0 0 0 0 0 0 0 0 0 0 0 0 0 0 0 0 0 0 0 0 0 0 0 0 0 0 0 0 0 0 0 0 0 0 0 0 0 0 0 0 0 1 99 0 0 0 0 0 0 
0 0 0 0 0 0 0 0 0 0 0 0 0 0 0 0 0 0 0 0 0 0 0 0 0 0 0 0 0 0 0 0 0 0 0 0 0 0 0 0 0 0 0 0 0 0 0 0 0 0 0 0 0 0 0 0 0 0 0 0 0 0 0 0 0 0 0 0 0 0 0 0 0 0 0 0 0 0 0 0 0 0 0 0 0 0 0 0 0 0 0 0 0 0 100 0 0 0 0 0 
0 0 0 0 0 0 0 0 0 0 0 0 0 0 0 0 0 0 0 0 0 0 0 0 0 0 0 0 0 0 0 0 0 0 0 0 0 0 0 0 0 0 0 0 0 0 0 0 0 0 0 0 0 0 0 0 0 0 0 0 0 0 0 0 0 0 0 0 0 0 0 0 0 0 0 0 0 0 0 0 0 0 0 0 0 0 0 0 0 0 0 0 0 0 0 0 100 0 0 0 
0 0 0 0 0 0 0 0 0 0 0 0 0 0 0 0 0 0 0 0 0 0 0 0 0 0 0 0 0 0 0 0 0 0 0 0 0 0 0 0 0 0 0 0 0 0 0 0 0 0 0 0 0 0 0 0 0 0 0 0 0 0 0 0 0 0 0 0 0 0 0 0 0 0 0 0 0 0 0 0 0 0 0 0 0 0 0 0 0 0 0 0 0 0 0 0 0 100 0 0 
0 0 0 0 0 0 0 0 0 0 0 0 0 0 0 0 0 0 0 0 0 0 0 0 0 0 0 0 0 0 0 0 0 0 0 0 0 0 0 0 0 0 0 0 0 0 0 0 0 0 0 0 0 0 0 0 0 0 0 0 0 0 0 0 0 0 0 0 0 0 0 0 0 0 0 0 0 0 0 0 0 0 0 0 0 0 0 0 0 0 0 0 0 0 0 0 0 0 0 100 
0 0 0 0 0 0 0 0 0 0 0 0 0 0 0 0 0 0 0 0 0 0 0 0 0 0 0 0 0 0 0 0 0 0 0 0 0 0 0 0 0 0 0 0 0 0 0 0 0 0 0 0 0 0 0 0 0 0 0 0 0 0 0 0 0 0 0 0 0 0 0 0 0 0 0 0 0 0 0 0 0 0 0 0 0 0 0 0 0 0 0 0 0 0 0 0 0 0 100 0 

Pair-order violations matrix
0 0 0 0 0 0 0 0 0 0 0 0 0 0 0 0 0 0 0 0 0 0 0 0 0 0 0 0 0 0 0 0 0 0 0 0 0 0 0 0 0 0 0 0 0 0 0 0 0 0 0 0 0 0 0 0 0 0 0 0 0 0 0 0 0 0 0 0 0 0 0 0 0 0 0 0 0 0 0 0 0 0 0 0 0 0 0 0 0 0 0 0 0 0 0 0 0 0 0 0 
0 0 0 0 0 0 0 0 0 0 0 0 0 0 0 0 0 0 0 0 0 0 0 0 0 0 0 0 0 0 0 0 0 0 0 0 0 0 0 0 0 0 0 0 0 0 0 0 0 0 0 0 0 0 0 0 0 0 0 0 0 0 0 0 0 0 0 0 0 0 0 0 0 0 0 0 0 0 0 0 0 0 0 0 0 0 0 0 0 0 0 0 0 0 0 0 0 0 0 0 
0 0 0 0 0 0 0 0 0 0 0 0 0 0 0 0 0 0 0 0 0 0 0 0 0 0 0 0 0 0 0 0 0 0 0 0 0 0 0 0 0 0 0 0 0 0 0 0 0 0 0 0 0 0 0 0 0 0 0 0 0 0 0 0 0 0 0 0 0 0 0 0 0 0 0 0 0 0 0 0 0 0 0 0 0 0 0 0 0 0 0 0 0 0 0 0 0 0 0 0 
0 0 0 0 0 0 0 0 0 0 0 0 0 0 0 0 0 0 0 0 0 0 0 0 0 0 0 0 0 0 0 0 0 0 0 0 0 0 0 0 0 0 0 0 0 0 0 0 0 0 0 0 0 0 0 0 0 0 0 0 0 0 0 0 0 0 0 0 0 0 0 0 0 0 0 0 0 0 0 0 0 0 0 0 0 0 0 0 0 0 0 0 0 0 0 0 0 0 0 0 
0 0 0 0 0 0 0 0 0 0 0 0 0 0 0 0 0 0 0 0 0 0 0 0 0 0 0 0 0 0 0 0 0 0 0 0 0 0 0 0 0 0 0 0 0 0 0 0 0 0 0 0 0 0 0 0 0 0 0 0 0 0 0 0 0 0 0 0 0 0 0 0 0 0 0 0 0 0 0 0 0 0 0 0 0 0 0 0 0 0 0 0 0 0 0 0 0 0 0 0 
0 0 0 0 0 0 0 0 0 0 0 0 0 0 0 0 0 0 0 0 0 0 0 0 0 0 0 0 0 0 0 0 0 0 0 0 0 0 0 0 0 0 0 0 0 0 0 0 0 0 0 0 0 0 0 0 0 0 0 0 0 0 0 0 0 0 0 0 0 0 0 0 0 0 0 0 0 0 0 0 0 0 0 0 0 0 0 0 0 0 0 0 0 0 0 0 0 0 0 0 
0 0 0 0 0 0 0 0 0 0 0 0 0 0 0 0 0 0 0 0 0 0 0 0 0 0 0 0 0 0 0 0 0 0 0 0 0 0 0 0 0 0 0 0 0 0 0 0 0 0 0 0 0 0 0 0 0 0 0 0 0 0 0 0 0 0 0 0 0 0 0 0 0 0 0 0 0 0 0 0 0 0 0 0 0 0 0 0 0 0 0 0 0 0 0 0 0 0 0 0 
0 0 0 0 0 0 0 0 0 0 0 0 0 0 0 0 0 0 0 0 0 0 0 0 0 0 0 0 0 0 0 0 0 0 0 0 0 0 0 0 0 0 0 0 0 0 0 0 0 0 0 0 0 0 0 0 0 0 0 0 0 0 0 0 0 0 0 0 0 0 0 0 0 0 0 0 0 0 0 0 0 0 0 0 0 0 0 0 0 0 0 0 0 0 0 0 0 0 0 0 
0 0 0 0 0 0 0 0 0 6 0 1 0 0 0 0 0 0 0 0 0 0 0 0 0 0 0 0 0 0 0 0 0 0 0 0 0 0 0 0 0 0 0 0 0 0 0 0 0 0 0 0 0 0 0 0 0 0 0 0 0 0 0 0 0 0 0 0 0 0 0 0 0 0 0 0 0 0 0 0 0 0 0 0 0 0 0 0 0 0 0 0 0 0 0 0 0 0 0 0 
0 0 0 0 0 0 0 0 6 0 0 0 0 0 0 0 0 0 0 0 0 0 0 0 0 0 0 0 0 0 0 0 0 0 0 0 0 0 0 0 0 0 0 0 0 0 0 0 0 0 0 0 0 0 0 0 0 0 0 0 0 0 0 0 0 0 0 0 0 0 0 0 0 0 0 0 0 0 0 0 0 0 0 0 0 0 0 0 0 0 0 0 0 0 0 0 0 0 0 0 
0 0 0 0 0 0 0 0 0 0 0 99 0 0 0 0 0 0 0 0 0 0 0 0 0 0 0 0 0 0 0 0 0 0 0 0 0 0 0 0 0 0 0 0 0 0 0 0 0 0 0 0 0 0 0 0 0 0 0 0 0 0 0 0 0 0 0 0 0 0 0 0 0 0 0 0 0 0 0 0 0 0 0 0 0 0 0 0 0 0 0 0 0 0 0 0 0 0 0 0 
0 0 0 0 0 0 0 0 1 0 99 0 0 0 0 0 0 0 0 0 0 0 0 0 0 0 0 0 0 0 0 0 0 0 0 0 0 0 0 0 0 0 0 0 0 0 0 0 0 0 0 0 0 0 0 0 0 0 0 0 0 0 0 0 0 0 0 0 0 0 0 0 0 0 0 0 0 0 0 0 0 0 0 0 0 0 0 0 0 0 0 0 0 0 0 0 0 0 0 0 
0 0 0 0 0 0 0 0 0 0 0 0 0 96 0 0 0 0 0 0 0 0 0 0 0 0 0 0 0 0 0 0 0 0 0 0 0 0 0 0 0 0 0 0 0 0 0 0 0 0 0 0 0 0 0 0 0 0 0 0 0 0 0 0 0 0 0 0 0 0 0 0 0 0 0 0 0 0 0 0 0 0 0 0 0 0 0 0 0 0 0 0 0 0 0 0 0 0 0 0 
0 0 0 0 0 0 0 0 0 0 0 0 96 0 0 0 0 0 0 0 0 0 0 0 0 0 0 0 0 0 0 0 0 0 0 0 0 0 0 0 0 0 0 0 0 0 0 0 0 0 0 0 0 0 0 0 0 0 0 0 0 0 0 0 0 0 0 0 0 0 0 0 0 0 0 0 0 0 0 0 0 0 0 0 0 0 0 0 0 0 0 0 0 0 0 0 0 0 0 0 
0 0 0 0 0 0 0 0 0 0 0 0 0 0 0 100 100 0 0 1 0 0 0 0 0 0 0 0 0 0 0 0 0 0 0 0 0 0 0 0 0 0 0 0 0 0 0 0 0 0 0 0 0 0 0 0 0 0 0 0 0 0 0 0 0 0 0 0 0 0 0 0 0 0 0 0 0 0 0 0 0 0 0 0 0 0 0 0 0 0 0 0 0 0 0 0 0 0 0 0 
0 0 0 0 0 0 0 0 0 0 0 0 0 0 100 0 97 0 0 0 0 0 0 0 0 0 0 0 0 0 0 0 0 0 0 0 0 0 0 0 0 0 0 0 0 0 0 0 0 0 0 0 0 0 0 0 0 0 0 0 0 0 0 0 0 0 0 0 0 0 0 0 0 0 0 0 0 0 0 0 0 0 0 0 0 0 0 0 0 0 0 0 0 0 0 0 0 0 0 0 
0 0 0 0 0 0 0 0 0 0 0 0 0 0 100 97 0 0 0 0 0 0 0 0 0 0 0 0 0 0 0 0 0 0 0 0 0 0 0 0 0 0 0 0 0 0 0 0 0 0 0 0 0 0 0 0 0 0 0 0 0 0 0 0 0 0 0 0 0 0 0 0 0 0 0 0 0 0 0 0 0 0 0 0 0 0 0 0 0 0 0 0 0 0 0 0 0 0 0 0 
0 0 0 0 0 0 0 0 0 0 0 0 0 0 0 0 0 0 0 91 0 0 0 0 0 0 0 0 0 0 0 0 0 0 0 0 0 0 0 0 0 0 0 0 0 0 0 0 0 0 0 0 0 0 0 0 0 0 0 0 0 0 0 0 0 0 0 0 0 0 0 0 0 0 0 0 0 0 0 0 0 0 0 0 0 0 0 0 0 0 0 0 0 0 0 0 0 0 0 0 
0 0 0 0 0 0 0 0 0 0 0 0 0 0 0 0 0 0 0 100 2 0 0 0 0 0 0 0 0 0 0 0 0 0 0 0 0 0 0 0 0 0 0 0 0 0 0 0 0 0 0 0 0 0 0 0 0 0 0 0 0 0 0 0 0 0 0 0 0 0 0 0 0 0 0 0 0 0 0 0 0 0 0 0 0 0 0 0 0 0 0 0 0 0 0 0 0 0 0 0 
0 0 0 0 0 0 0 0 0 0 0 0 0 0 1 0 0 91 100 0 0 0 0 0 0 0 0 0 0 0 0 0 0 0 0 0 0 0 0 0 0 0 0 0 0 0 0 0 0 0 0 0 0 0 0 0 0 0 0 0 0 0 0 0 0 0 0 0 0 0 0 0 0 0 0 0 0 0 0 0 0 0 0 0 0 0 0 0 0 0 0 0 0 0 0 0 0 0 0 0 
0 0 0 0 0 0 0 0 0 0 0 0 0 0 0 0 0 0 2 0 0 1 0 0 0 0 0 0 0 0 0 0 0 0 0 0 0 0 0 0 0 0 0 0 0 0 0 0 0 0 0 0 0 0 0 0 0 0 0 0 0 0 0 0 0 0 0 0 0 0 0 0 0 0 0 0 0 0 0 0 0 0 0 0 0 0 0 0 0 0 0 0 0 0 0 0 0 0 0 0 
0 0 0 0 0 0 0 0 0 0 0 0 0 0 0 0 0 0 0 0 1 0 91 0 0 0 0 0 0 0 0 0 0 0 0 0 0 0 0 0 0 0 0 0 0 0 0 0 0 0 0 0 0 0 0 0 0 0 0 0 0 0 0 0 0 0 0 0 0 0 0 0 0 0 0 0 0 0 0 0 0 0 0 0 0 0 0 0 0 0 0 0 0 0 0 0 0 0 0 0 
0 0 0 0 0 0 0 0 0 0 0 0 0 0 0 0 0 0 0 0 0 91 0 0 0 0 0 0 0 0 0 0 0 0 0 0 0 0 0 0 0 0 0 0 0 0 0 0 0 0 0 0 0 0 0 0 0 0 0 0 0 0 0 0 0 0 0 0 0 0 0 0 0 0 0 0 0 0 0 0 0 0 0 0 0 0 0 0 0 0 0 0 0 0 0 0 0 0 0 0 
0 0 0 0 0 0 0 0 0 0 0 0 0 0 0 0 0 0 0 0 0 0 0 0 98 0 0 97 0 0 0 0 0 0 0 0 0 0 0 0 0 0 0 0 0 0 0 0 0 0 0 0 0 0 0 0 0 0 0 0 0 0 0 0 0 0 0 0 0 0 0 0 0 0 0 0 0 0 0 0 0 0 0 0 0 0 0 0 0 0 0 0 0 0 0 0 0 0 0 0 
0 0 0 0 0 0 0 0 0 0 0 0 0 0 0 0 0 0 0 0 0 0 0 98 0 0 0 10 0 0 0 0 0 0 0 0 0 0 0 0 0 0 0 0 0 0 0 0 0 0 0 0 0 0 0 0 0 0 0 0 0 0 0 0 0 0 0 0 0 0 0 0 0 0 0 0 0 0 0 0 0 0 0 0 0 0 0 0 0 0 0 0 0 0 0 0 0 0 0 0 
0 0 0 0 0 0 0 0 0 0 0 0 0 0 0 0 0 0 0 0 0 0 0 0 0 0 0 100 1 0 3 0 0 0 0 0 0 0 0 0 0 0 0 0 0 0 0 0 0 0 0 0 0 0 0 0 0 0 0 0 0 0 0 0 0 0 0 0 0 0 0 0 0 0 0 0 0 0 0 0 0 0 0 0 0 0 0 0 0 0 0 0 0 0 0 0 0 0 0 0 
0 0 0 0 0 0 0 0 0 0 0 0 0 0 0 0 0 0 0 0 0 0 0 0 0 0 0 100 98 0 96 0 7 0 0 0 0 0 0 0 0 0 0 0 0 0 0 0 0 0 0 0 0 0 0 0 0 0 0 0 0 0 0 0 0 0 0 0 0 0 0 0 0 0 0 0 0 0 0 0 0 0 0 0 0 0 0 0 0 0 0 0 0 0 0 0 0 0 0 0 
0 0 0 0 0 0 0 0 0 0 0 0 0 0 0 0 0 0 0 0 0 0 0 97 10 100 100 0 0 0 0 0 0 0 0 0 0 0 0 0 0 0 0 0 0 0 0 0 0 0 0 0 0 0 0 0 0 0 0 0 0 0 0 0 0 0 0 0 0 0 0 0 0 0 0 0 0 0 0 0 0 0 0 0 0 0 0 0 0 0 0 0 0 0 0 0 0 0 0 0 
0 0 0 0 0 0 0 0 0 0 0 0 0 0 0 0 0 0 0 0 0 0 0 0 0 1 98 0 0 0 22 0 0 0 0 0 0 0 0 0 0 0 0 0 0 0 0 0 0 0 0 0 0 0 0 0 0 0 0 0 0 0 0 0 0 0 0 0 0 0 0 0 0 0 0 0 0 0 0 0 0 0 0 0 0 0 0 0 0 0 0 0 0 0 0 0 0 0 0 0 
0 0 0 0 0 0 0 0 0 0 0 0 0 0 0 0 0 0 0 0 0 0 0 0 0 0 0 0 0 0 100 18 98 0 0 0 0 0 0 0 0 0 0 0 0 0 0 0 0 0 0 0 0 0 0 0 0 0 0 0 0 0 0 0 0 0 0 0 0 0 0 0 0 0 0 0 0 0 0 0 0 0 0 0 0 0 0 0 0 0 0 0 0 0 0 0 0 0 0 0 
0 0 0 0 0 0 0 0 0 0 0 0 0 0 0 0 0 0 0 0 0 0 0 0 0 3 96 0 22 100 0 0 0 0 0 0 0 0 0 0 0 0 0 0 0 0 0 0 0 0 0 0 0 0 0 0 0 0 0 0 0 0 0 0 0 0 0 0 0 0 0 0 0 0 0 0 0 0 0 0 0 0 0 0 0 0 0 0 0 0 0 0 0 0 0 0 0 0 0 0 
0 0 0 0 0 0 0 0 0 0 0 0 0 0 0 0 0 0 0 0 0 0 0 0 0 0 0 0 0 18 0 0 99 0 0 0 0 0 0 0 0 0 0 0 0 0 0 0 0 0 0 0 0 0 0 0 0 0 0 0 0 0 0 0 0 0 0 0 0 0 0 0 0 0 0 0 0 0 0 0 0 0 0 0 0 0 0 0 0 0 0 0 0 0 0 0 0 0 0 0 
0 0 0 0 0 0 0 0 0 0 0 0 0 0 0 0 0 0 0 0 0 0 0 0 0 0 7 0 0 98 0 99 0 0 0 0 0 0 0 0 0 0 0 0 0 0 0 0 0 0 0 0 0 0 0 0 0 0 0 0 0 0 0 0 0 0 0 0 0 0 0 0 0 0 0 0 0 0 0 0 0 0 0 0 0 0 0 0 0 0 0 0 0 0 0 0 0 0 0 0 
0 0 0 0 0 0 0 0 0 0 0 0 0 0 0 0 0 0 0 0 0 0 0 0 0 0 0 0 0 0 0 0 0 0 0 0 0 0 0 0 0 0 0 0 0 0 0 0 0 0 0 0 0 0 0 0 0 0 0 0 0 0 0 0 0 0 0 0 0 0 0 0 0 0 0 0 0 0 0 0 0 0 0 0 0 0 0 0 0 0 0 0 0 0 0 0 0 0 0 0 
0 0 0 0 0 0 0 0 0 0 0 0 0 0 0 0 0 0 0 0 0 0 0 0 0 0 0 0 0 0 0 0 0 0 0 93 0 0 0 0 0 0 0 0 0 0 0 0 0 0 0 0 0 0 0 0 0 0 0 0 0 0 0 0 0 0 0 0 0 0 0 0 0 0 0 0 0 0 0 0 0 0 0 0 0 0 0 0 0 0 0 0 0 0 0 0 0 0 0 0 
0 0 0 0 0 0 0 0 0 0 0 0 0 0 0 0 0 0 0 0 0 0 0 0 0 0 0 0 0 0 0 0 0 0 93 0 2 0 0 0 0 0 0 0 0 0 0 0 0 0 0 0 0 0 0 0 0 0 0 0 0 0 0 0 0 0 0 0 0 0 0 0 0 0 0 0 0 0 0 0 0 0 0 0 0 0 0 0 0 0 0 0 0 0 0 0 0 0 0 0 
0 0 0 0 0 0 0 0 0 0 0 0 0 0 0 0 0 0 0 0 0 0 0 0 0 0 0 0 0 0 0 0 0 0 0 2 0 2 0 0 0 0 0 0 0 0 0 0 0 0 0 0 0 0 0 0 0 0 0 0 0 0 0 0 0 0 0 0 0 0 0 0 0 0 0 0 0 0 0 0 0 0 0 0 0 0 0 0 0 0 0 0 0 0 0 0 0 0 0 0 
0 0 0 0 0 0 0 0 0 0 0 0 0 0 0 0 0 0 0 0 0 0 0 0 0 0 0 0 0 0 0 0 0 0 0 0 2 0 1 0 0 0 0 0 0 0 0 0 0 0 0 0 0 0 0 0 0 0 0 0 0 0 0 0 0 0 0 0 0 0 0 0 0 0 0 0 0 0 0 0 0 0 0 0 0 0 0 0 0 0 0 0 0 0 0 0 0 0 0 0 
0 0 0 0 0 0 0 0 0 0 0 0 0 0 0 0 0 0 0 0 0 0 0 0 0 0 0 0 0 0 0 0 0 0 0 0 0 1 0 5 0 0 0 0 0 0 0 0 0 0 0 0 0 0 0 0 0 0 0 0 0 0 0 0 0 0 0 0 0 0 0 0 0 0 0 0 0 0 0 0 0 0 0 0 0 0 0 0 0 0 0 0 0 0 0 0 0 0 0 0 
0 0 0 0 0 0 0 0 0 0 0 0 0 0 0 0 0 0 0 0 0 0 0 0 0 0 0 0 0 0 0 0 0 0 0 0 0 0 5 0 0 0 0 0 0 0 0 0 0 0 0 0 0 0 0 0 0 0 0 0 0 0 0 0 0 0 0 0 0 0 0 0 0 0 0 0 0 0 0 0 0 0 0 0 0 0 0 0 0 0 0 0 0 0 0 0 0 0 0 0 
0 0 0 0 0 0 0 0 0 0 0 0 0 0 0 0 0 0 0 0 0 0 0 0 0 0 0 0 0 0 0 0 0 0 0 0 0 0 0 0 0 3 0 0 0 0 0 0 0 0 0 0 0 0 0 0 0 0 0 0 0 0 0 0 0 0 0 0 0 0 0 0 0 0 0 0 0 0 0 0 0 0 0 0 0 0 0 0 0 0 0 0 0 0 0 0 0 0 0 0 
0 0 0 0 0 0 0 0 0 0 0 0 0 0 0 0 0 0 0 0 0 0 0 0 0 0 0 0 0 0 0 0 0 0 0 0 0 0 0 0 3 0 2 0 0 0 0 0 0 0 0 0 0 0 0 0 0 0 0 0 0 0 0 0 0 0 0 0 0 0 0 0 0 0 0 0 0 0 0 0 0 0 0 0 0 0 0 0 0 0 0 0 0 0 0 0 0 0 0 0 
0 0 0 0 0 0 0 0 0 0 0 0 0 0 0 0 0 0 0 0 0 0 0 0 0 0 0 0 0 0 0 0 0 0 0 0 0 0 0 0 0 2 0 8 0 0 0 0 0 0 0 0 0 0 0 0 0 0 0 0 0 0 0 0 0 0 0 0 0 0 0 0 0 0 0 0 0 0 0 0 0 0 0 0 0 0 0 0 0 0 0 0 0 0 0 0 0 0 0 0 
0 0 0 0 0 0 0 0 0 0 0 0 0 0 0 0 0 0 0 0 0 0 0 0 0 0 0 0 0 0 0 0 0 0 0 0 0 0 0 0 0 0 8 0 0 1 0 0 0 0 0 0 0 0 0 0 0 0 0 0 0 0 0 0 0 0 0 0 0 0 0 0 0 0 0 0 0 0 0 0 0 0 0 0 0 0 0 0 0 0 0 0 0 0 0 0 0 0 0 0 
0 0 0 0 0 0 0 0 0 0 0 0 0 0 0 0 0 0 0 0 0 0 0 0 0 0 0 0 0 0 0 0 0 0 0 0 0 0 0 0 0 0 0 0 0 89 0 0 0 0 0 0 0 0 0 0 0 0 0 0 0 0 0 0 0 0 0 0 0 0 0 0 0 0 0 0 0 0 0 0 0 0 0 0 0 0 0 0 0 0 0 0 0 0 0 0 0 0 0 0 
0 0 0 0 0 0 0 0 0 0 0 0 0 0 0 0 0 0 0 0 0 0 0 0 0 0 0 0 0 0 0 0 0 0 0 0 0 0 0 0 0 0 0 1 89 0 0 0 0 0 0 0 0 0 0 0 0 0 0 0 0 0 0 0 0 0 0 0 0 0 0 0 0 0 0 0 0 0 0 0 0 0 0 0 0 0 0 0 0 0 0 0 0 0 0 0 0 0 0 0 
0 0 0 0 0 0 0 0 0 0 0 0 0 0 0 0 0 0 0 0 0 0 0 0 0 0 0 0 0 0 0 0 0 0 0 0 0 0 0 0 0 0 0 0 0 0 0 2 97 0 0 0 0 0 0 0 0 0 0 0 0 0 0 0 0 0 0 0 0 0 0 0 0 0 0 0 0 0 0 0 0 0 0 0 0 0 0 0 0 0 0 0 0 0 0 0 0 0 0 0 
0 0 0 0 0 0 0 0 0 0 0 0 0 0 0 0 0 0 0 0 0 0 0 0 0 0 0 0 0 0 0 0 0 0 0 0 0 0 0 0 0 0 0 0 0 0 2 0 99 1 0 0 0 0 0 0 0 0 0 0 0 0 0 0 0 0 0 0 0 0 0 0 0 0 0 0 0 0 0 0 0 0 0 0 0 0 0 0 0 0 0 0 0 0 0 0 0 0 0 0 
0 0 0 0 0 0 0 0 0 0 0 0 0 0 0 0 0 0 0 0 0 0 0 0 0 0 0 0 0 0 0 0 0 0 0 0 0 0 0 0 0 0 0 0 0 0 97 99 0 0 0 0 0 0 0 0 0 0 0 0 0 0 0 0 0 0 0 0 0 0 0 0 0 0 0 0 0 0 0 0 0 0 0 0 0 0 0 0 0 0 0 0 0 0 0 0 0 0 0 0 
0 0 0 0 0 0 0 0 0 0 0 0 0 0 0 0 0 0 0 0 0 0 0 0 0 0 0 0 0 0 0 0 0 0 0 0 0 0 0 0 0 0 0 0 0 0 0 1 0 0 2 0 0 0 0 0 0 0 0 0 0 0 0 0 0 0 0 0 0 0 0 0 0 0 0 0 0 0 0 0 0 0 0 0 0 0 0 0 0 0 0 0 0 0 0 0 0 0 0 0 
0 0 0 0 0 0 0 0 0 0 0 0 0 0 0 0 0 0 0 0 0 0 0 0 0 0 0 0 0 0 0 0 0 0 0 0 0 0 0 0 0 0 0 0 0 0 0 0 0 2 0 0 0 2 0 0 0 0 0 0 0 0 0 0 0 0 0 0 0 0 0 0 0 0 0 0 0 0 0 0 0 0 0 0 0 0 0 0 0 0 0 0 0 0 0 0 0 0 0 0 
0 0 0 0 0 0 0 0 0 0 0 0 0 0 0 0 0 0 0 0 0 0 0 0 0 0 0 0 0 0 0 0 0 0 0 0 0 0 0 0 0 0 0 0 0 0 0 0 0 0 0 0 0 95 2 0 0 0 0 0 0 0 0 0 0 0 0 0 0 0 0 0 0 0 0 0 0 0 0 0 0 0 0 0 0 0 0 0 0 0 0 0 0 0 0 0 0 0 0 0 
0 0 0 0 0 0 0 0 0 0 0 0 0 0 0 0 0 0 0 0 0 0 0 0 0 0 0 0 0 0 0 0 0 0 0 0 0 0 0 0 0 0 0 0 0 0 0 0 0 0 0 0 0 100 9 2 0 0 0 0 0 0 0 0 0 0 0 0 0 0 0 0 0 0 0 0 0 0 0 0 0 0 0 0 0 0 0 0 0 0 0 0 0 0 0 0 0 0 0 0 
0 0 0 0 0 0 0 0 0 0 0 0 0 0 0 0 0 0 0 0 0 0 0 0 0 0 0 0 0 0 0 0 0 0 0 0 0 0 0 0 0 0 0 0 0 0 0 0 0 0 2 95 100 0 0 0 0 0 0 0 0 0 0 0 0 0 0 0 0 0 0 0 0 0 0 0 0 0 0 0 0 0 0 0 0 0 0 0 0 0 0 0 0 0 0 0 0 0 0 0 
0 0 0 0 0 0 0 0 0 0 0 0 0 0 0 0 0 0 0 0 0 0 0 0 0 0 0 0 0 0 0 0 0 0 0 0 0 0 0 0 0 0 0 0 0 0 0 0 0 0 0 2 9 0 0 4 0 0 0 0 0 0 0 0 0 0 0 0 0 0 0 0 0 0 0 0 0 0 0 0 0 0 0 0 0 0 0 0 0 0 0 0 0 0 0 0 0 0 0 0 
0 0 0 0 0 0 0 0 0 0 0 0 0 0 0 0 0 0 0 0 0 0 0 0 0 0 0 0 0 0 0 0 0 0 0 0 0 0 0 0 0 0 0 0 0 0 0 0 0 0 0 0 2 0 4 0 0 0 0 0 0 0 0 0 0 0 0 0 0 0 0 0 0 0 0 0 0 0 0 0 0 0 0 0 0 0 0 0 0 0 0 0 0 0 0 0 0 0 0 0 
0 0 0 0 0 0 0 0 0 0 0 0 0 0 0 0 0 0 0 0 0 0 0 0 0 0 0 0 0 0 0 0 0 0 0 0 0 0 0 0 0 0 0 0 0 0 0 0 0 0 0 0 0 0 0 0 0 5 0 0 1 0 0 0 0 0 0 0 0 0 0 0 0 0 0 0 0 0 0 0 0 0 0 0 0 0 0 0 0 0 0 0 0 0 0 0 0 0 0 0 
0 0 0 0 0 0 0 0 0 0 0 0 0 0 0 0 0 0 0 0 0 0 0 0 0 0 0 0 0 0 0 0 0 0 0 0 0 0 0 0 0 0 0 0 0 0 0 0 0 0 0 0 0 0 0 0 5 0 0 0 1 0 0 0 0 0 0 0 0 0 0 0 0 0 0 0 0 0 0 0 0 0 0 0 0 0 0 0 0 0 0 0 0 0 0 0 0 0 0 0 
0 0 0 0 0 0 0 0 0 0 0 0 0 0 0 0 0 0 0 0 0 0 0 0 0 0 0 0 0 0 0 0 0 0 0 0 0 0 0 0 0 0 0 0 0 0 0 0 0 0 0 0 0 0 0 0 0 0 0 10 98 0 0 0 0 0 0 0 0 0 0 0 0 0 0 0 0 0 0 0 0 0 0 0 0 0 0 0 0 0 0 0 0 0 0 0 0 0 0 0 
0 0 0 0 0 0 0 0 0 0 0 0 0 0 0 0 0 0 0 0 0 0 0 0 0 0 0 0 0 0 0 0 0 0 0 0 0 0 0 0 0 0 0 0 0 0 0 0 0 0 0 0 0 0 0 0 0 0 10 0 99 0 0 0 0 0 0 0 0 0 0 0 0 0 0 0 0 0 0 0 0 0 0 0 0 0 0 0 0 0 0 0 0 0 0 0 0 0 0 0 
0 0 0 0 0 0 0 0 0 0 0 0 0 0 0 0 0 0 0 0 0 0 0 0 0 0 0 0 0 0 0 0 0 0 0 0 0 0 0 0 0 0 0 0 0 0 0 0 0 0 0 0 0 0 0 0 1 1 98 99 0 0 0 0 0 0 0 0 0 0 0 0 0 0 0 0 0 0 0 0 0 0 0 0 0 0 0 0 0 0 0 0 0 0 0 0 0 0 0 0 
0 0 0 0 0 0 0 0 0 0 0 0 0 0 0 0 0 0 0 0 0 0 0 0 0 0 0 0 0 0 0 0 0 0 0 0 0 0 0 0 0 0 0 0 0 0 0 0 0 0 0 0 0 0 0 0 0 0 0 0 0 0 2 49 1 0 0 0 0 0 0 0 0 0 0 0 0 0 0 0 0 0 0 0 0 0 0 0 0 0 0 0 0 0 0 0 0 0 0 0 
0 0 0 0 0 0 0 0 0 0 0 0 0 0 0 0 0 0 0 0 0 0 0 0 0 0 0 0 0 0 0 0 0 0 0 0 0 0 0 0 0 0 0 0 0 0 0 0 0 0 0 0 0 0 0 0 0 0 0 0 0 2 0 98 44 0 0 0 0 0 0 0 0 0 0 0 0 0 0 0 0 0 0 0 0 0 0 0 0 0 0 0 0 0 0 0 0 0 0 0 
0 0 0 0 0 0 0 0 0 0 0 0 0 0 0 0 0 0 0 0 0 0 0 0 0 0 0 0 0 0 0 0 0 0 0 0 0 0 0 0 0 0 0 0 0 0 0 0 0 0 0 0 0 0 0 0 0 0 0 0 0 49 98 0 0 0 0 0 0 0 0 0 0 0 0 0 0 0 0 0 0 0 0 0 0 0 0 0 0 0 0 0 0 0 0 0 0 0 0 0 
0 0 0 0 0 0 0 0 0 0 0 0 0 0 0 0 0 0 0 0 0 0 0 0 0 0 0 0 0 0 0 0 0 0 0 0 0 0 0 0 0 0 0 0 0 0 0 0 0 0 0 0 0 0 0 0 0 0 0 0 0 1 44 0 0 1 0 0 0 0 0 0 0 0 0 0 0 0 0 0 0 0 0 0 0 0 0 0 0 0 0 0 0 0 0 0 0 0 0 0 
0 0 0 0 0 0 0 0 0 0 0 0 0 0 0 0 0 0 0 0 0 0 0 0 0 0 0 0 0 0 0 0 0 0 0 0 0 0 0 0 0 0 0 0 0 0 0 0 0 0 0 0 0 0 0 0 0 0 0 0 0 0 0 0 1 0 0 0 0 0 0 0 0 0 0 0 0 0 0 0 0 0 0 0 0 0 0 0 0 0 0 0 0 0 0 0 0 0 0 0 
0 0 0 0 0 0 0 0 0 0 0 0 0 0 0 0 0 0 0 0 0 0 0 0 0 0 0 0 0 0 0 0 0 0 0 0 0 0 0 0 0 0 0 0 0 0 0 0 0 0 0 0 0 0 0 0 0 0 0 0 0 0 0 0 0 0 0 88 0 1 0 0 0 0 0 0 0 0 0 0 0 0 0 0 0 0 0 0 0 0 0 0 0 0 0 0 0 0 0 0 
0 0 0 0 0 0 0 0 0 0 0 0 0 0 0 0 0 0 0 0 0 0 0 0 0 0 0 0 0 0 0 0 0 0 0 0 0 0 0 0 0 0 0 0 0 0 0 0 0 0 0 0 0 0 0 0 0 0 0 0 0 0 0 0 0 0 88 0 0 0 0 0 0 0 0 0 0 0 0 0 0 0 0 0 0 0 0 0 0 0 0 0 0 0 0 0 0 0 0 0 
0 0 0 0 0 0 0 0 0 0 0 0 0 0 0 0 0 0 0 0 0 0 0 0 0 0 0 0 0 0 0 0 0 0 0 0 0 0 0 0 0 0 0 0 0 0 0 0 0 0 0 0 0 0 0 0 0 0 0 0 0 0 0 0 0 0 0 0 0 6 1 0 0 0 0 0 0 0 0 0 0 0 0 0 0 0 0 0 0 0 0 0 0 0 0 0 0 0 0 0 
0 0 0 0 0 0 0 0 0 0 0 0 0 0 0 0 0 0 0 0 0 0 0 0 0 0 0 0 0 0 0 0 0 0 0 0 0 0 0 0 0 0 0 0 0 0 0 0 0 0 0 0 0 0 0 0 0 0 0 0 0 0 0 0 0 0 1 0 6 0 0 0 0 0 0 0 0 0 0 0 0 0 0 0 0 0 0 0 0 0 0 0 0 0 0 0 0 0 0 0 
0 0 0 0 0 0 0 0 0 0 0 0 0 0 0 0 0 0 0 0 0 0 0 0 0 0 0 0 0 0 0 0 0 0 0 0 0 0 0 0 0 0 0 0 0 0 0 0 0 0 0 0 0 0 0 0 0 0 0 0 0 0 0 0 0 0 0 0 1 0 0 0 89 0 0 0 0 0 0 0 0 0 0 0 0 0 0 0 0 0 0 0 0 0 0 0 0 0 0 0 
0 0 0 0 0 0 0 0 0 0 0 0 0 0 0 0 0 0 0 0 0 0 0 0 0 0 0 0 0 0 0 0 0 0 0 0 0 0 0 0 0 0 0 0 0 0 0 0 0 0 0 0 0 0 0 0 0 0 0 0 0 0 0 0 0 0 0 0 0 0 0 0 100 100 98 0 88 0 0 0 0 0 0 0 0 0 0 0 0 0 0 0 0 0 0 0 0 0 0 0 
0 0 0 0 0 0 0 0 0 0 0 0 0 0 0 0 0 0 0 0 0 0 0 0 0 0 0 0 0 0 0 0 0 0 0 0 0 0 0 0 0 0 0 0 0 0 0 0 0 0 0 0 0 0 0 0 0 0 0 0 0 0 0 0 0 0 0 0 0 0 89 100 0 2 0 0 0 0 0 0 0 0 0 0 0 0 0 0 0 0 0 0 0 0 0 0 0 0 0 0 
0 0 0 0 0 0 0 0 0 0 0 0 0 0 0 0 0 0 0 0 0 0 0 0 0 0 0 0 0 0 0 0 0 0 0 0 0 0 0 0 0 0 0 0 0 0 0 0 0 0 0 0 0 0 0 0 0 0 0 0 0 0 0 0 0 0 0 0 0 0 0 100 2 0 0 0 0 0 0 0 0 0 0 0 0 0 0 0 0 0 0 0 0 0 0 0 0 0 0 0 
0 0 0 0 0 0 0 0 0 0 0 0 0 0 0 0 0 0 0 0 0 0 0 0 0 0 0 0 0 0 0 0 0 0 0 0 0 0 0 0 0 0 0 0 0 0 0 0 0 0 0 0 0 0 0 0 0 0 0 0 0 0 0 0 0 0 0 0 0 0 0 98 0 0 0 0 0 0 0 0 0 0 0 0 0 0 0 0 0 0 0 0 0 0 0 0 0 0 0 0 
0 0 0 0 0 0 0 0 0 0 0 0 0 0 0 0 0 0 0 0 0 0 0 0 0 0 0 0 0 0 0 0 0 0 0 0 0 0 0 0 0 0 0 0 0 0 0 0 0 0 0 0 0 0 0 0 0 0 0 0 0 0 0 0 0 0 0 0 0 0 0 0 0 0 0 0 100 3 0 0 0 0 0 0 0 0 0 0 0 0 0 0 0 0 0 0 0 0 0 0 
0 0 0 0 0 0 0 0 0 0 0 0 0 0 0 0 0 0 0 0 0 0 0 0 0 0 0 0 0 0 0 0 0 0 0 0 0 0 0 0 0 0 0 0 0 0 0 0 0 0 0 0 0 0 0 0 0 0 0 0 0 0 0 0 0 0 0 0 0 0 0 88 0 0 0 100 0 0 0 0 0 0 0 0 0 0 0 0 0 0 0 0 0 0 0 0 0 0 0 0 
0 0 0 0 0 0 0 0 0 0 0 0 0 0 0 0 0 0 0 0 0 0 0 0 0 0 0 0 0 0 0 0 0 0 0 0 0 0 0 0 0 0 0 0 0 0 0 0 0 0 0 0 0 0 0 0 0 0 0 0 0 0 0 0 0 0 0 0 0 0 0 0 0 0 0 3 0 0 0 0 0 0 0 0 0 0 0 0 0 0 0 0 0 0 0 0 0 0 0 0 
0 0 0 0 0 0 0 0 0 0 0 0 0 0 0 0 0 0 0 0 0 0 0 0 0 0 0 0 0 0 0 0 0 0 0 0 0 0 0 0 0 0 0 0 0 0 0 0 0 0 0 0 0 0 0 0 0 0 0 0 0 0 0 0 0 0 0 0 0 0 0 0 0 0 0 0 0 0 0 76 2 1 0 0 0 0 0 0 0 0 0 0 0 0 0 0 0 0 0 0 
0 0 0 0 0 0 0 0 0 0 0 0 0 0 0 0 0 0 0 0 0 0 0 0 0 0 0 0 0 0 0 0 0 0 0 0 0 0 0 0 0 0 0 0 0 0 0 0 0 0 0 0 0 0 0 0 0 0 0 0 0 0 0 0 0 0 0 0 0 0 0 0 0 0 0 0 0 0 76 0 1 0 0 0 0 0 0 0 0 0 0 0 0 0 0 0 0 0 0 0 
0 0 0 0 0 0 0 0 0 0 0 0 0 0 0 0 0 0 0 0 0 0 0 0 0 0 0 0 0 0 0 0 0 0 0 0 0 0 0 0 0 0 0 0 0 0 0 0 0 0 0 0 0 0 0 0 0 0 0 0 0 0 0 0 0 0 0 0 0 0 0 0 0 0 0 0 0 0 2 1 0 2 0 0 0 0 0 0 0 0 0 0 0 0 0 0 0 0 0 0 
0 0 0 0 0 0 0 0 0 0 0 0 0 0 0 0 0 0 0 0 0 0 0 0 0 0 0 0 0 0 0 0 0 0 0 0 0 0 0 0 0 0 0 0 0 0 0 0 0 0 0 0 0 0 0 0 0 0 0 0 0 0 0 0 0 0 0 0 0 0 0 0 0 0 0 0 0 0 1 0 2 0 0 2 0 0 0 0 0 0 0 0 0 0 0 0 0 0 0 0 
0 0 0 0 0 0 0 0 0 0 0 0 0 0 0 0 0 0 0 0 0 0 0 0 0 0 0 0 0 0 0 0 0 0 0 0 0 0 0 0 0 0 0 0 0 0 0 0 0 0 0 0 0 0 0 0 0 0 0 0 0 0 0 0 0 0 0 0 0 0 0 0 0 0 0 0 0 0 0 0 0 0 0 99 0 3 0 0 0 0 0 0 0 0 0 0 0 0 0 0 
0 0 0 0 0 0 0 0 0 0 0 0 0 0 0 0 0 0 0 0 0 0 0 0 0 0 0 0 0 0 0 0 0 0 0 0 0 0 0 0 0 0 0 0 0 0 0 0 0 0 0 0 0 0 0 0 0 0 0 0 0 0 0 0 0 0 0 0 0 0 0 0 0 0 0 0 0 0 0 0 0 2 99 0 0 1 0 0 0 0 0 0 0 0 0 0 0 0 0 0 
0 0 0 0 0 0 0 0 0 0 0 0 0 0 0 0 0 0 0 0 0 0 0 0 0 0 0 0 0 0 0 0 0 0 0 0 0 0 0 0 0 0 0 0 0 0 0 0 0 0 0 0 0 0 0 0 0 0 0 0 0 0 0 0 0 0 0 0 0 0 0 0 0 0 0 0 0 0 0 0 0 0 0 0 0 50 1 0 0 0 0 0 0 0 0 0 0 0 0 0 
0 0 0 0 0 0 0 0 0 0 0 0 0 0 0 0 0 0 0 0 0 0 0 0 0 0 0 0 0 0 0 0 0 0 0 0 0 0 0 0 0 0 0 0 0 0 0 0 0 0 0 0 0 0 0 0 0 0 0 0 0 0 0 0 0 0 0 0 0 0 0 0 0 0 0 0 0 0 0 0 0 0 3 1 50 0 0 0 0 0 0 0 0 0 0 0 0 0 0 0 
0 0 0 0 0 0 0 0 0 0 0 0 0 0 0 0 0 0 0 0 0 0 0 0 0 0 0 0 0 0 0 0 0 0 0 0 0 0 0 0 0 0 0 0 0 0 0 0 0 0 0 0 0 0 0 0 0 0 0 0 0 0 0 0 0 0 0 0 0 0 0 0 0 0 0 0 0 0 0 0 0 0 0 0 1 0 0 2 0 0 0 0 0 0 0 0 0 0 0 0 
0 0 0 0 0 0 0 0 0 0 0 0 0 0 0 0 0 0 0 0 0 0 0 0 0 0 0 0 0 0 0 0 0 0 0 0 0 0 0 0 0 0 0 0 0 0 0 0 0 0 0 0 0 0 0 0 0 0 0 0 0 0 0 0 0 0 0 0 0 0 0 0 0 0 0 0 0 0 0 0 0 0 0 0 0 0 2 0 0 0 0 0 0 0 0 0 0 0 0 0 
0 0 0 0 0 0 0 0 0 0 0 0 0 0 0 0 0 0 0 0 0 0 0 0 0 0 0 0 0 0 0 0 0 0 0 0 0 0 0 0 0 0 0 0 0 0 0 0 0 0 0 0 0 0 0 0 0 0 0 0 0 0 0 0 0 0 0 0 0 0 0 0 0 0 0 0 0 0 0 0 0 0 0 0 0 0 0 0 0 0 1 0 0 0 0 0 0 0 0 0 
0 0 0 0 0 0 0 0 0 0 0 0 0 0 0 0 0 0 0 0 0 0 0 0 0 0 0 0 0 0 0 0 0 0 0 0 0 0 0 0 0 0 0 0 0 0 0 0 0 0 0 0 0 0 0 0 0 0 0 0 0 0 0 0 0 0 0 0 0 0 0 0 0 0 0 0 0 0 0 0 0 0 0 0 0 0 0 0 0 0 99 1 0 0 0 0 0 0 0 0 
0 0 0 0 0 0 0 0 0 0 0 0 0 0 0 0 0 0 0 0 0 0 0 0 0 0 0 0 0 0 0 0 0 0 0 0 0 0 0 0 0 0 0 0 0 0 0 0 0 0 0 0 0 0 0 0 0 0 0 0 0 0 0 0 0 0 0 0 0 0 0 0 0 0 0 0 0 0 0 0 0 0 0 0 0 0 0 0 1 99 0 0 0 0 0 0 0 0 0 0 
0 0 0 0 0 0 0 0 0 0 0 0 0 0 0 0 0 0 0 0 0 0 0 0 0 0 0 0 0 0 0 0 0 0 0 0 0 0 0 0 0 0 0 0 0 0 0 0 0 0 0 0 0 0 0 0 0 0 0 0 0 0 0 0 0 0 0 0 0 0 0 0 0 0 0 0 0 0 0 0 0 0 0 0 0 0 0 0 0 1 0 0 0 2 0 0 0 0 0 0 
0 0 0 0 0 0 0 0 0 0 0 0 0 0 0 0 0 0 0 0 0 0 0 0 0 0 0 0 0 0 0 0 0 0 0 0 0 0 0 0 0 0 0 0 0 0 0 0 0 0 0 0 0 0 0 0 0 0 0 0 0 0 0 0 0 0 0 0 0 0 0 0 0 0 0 0 0 0 0 0 0 0 0 0 0 0 0 0 0 0 0 0 0 100 100 100 0 0 0 0 
0 0 0 0 0 0 0 0 0 0 0 0 0 0 0 0 0 0 0 0 0 0 0 0 0 0 0 0 0 0 0 0 0 0 0 0 0 0 0 0 0 0 0 0 0 0 0 0 0 0 0 0 0 0 0 0 0 0 0 0 0 0 0 0 0 0 0 0 0 0 0 0 0 0 0 0 0 0 0 0 0 0 0 0 0 0 0 0 0 0 0 2 100 0 1 0 0 0 0 0 
0 0 0 0 0 0 0 0 0 0 0 0 0 0 0 0 0 0 0 0 0 0 0 0 0 0 0 0 0 0 0 0 0 0 0 0 0 0 0 0 0 0 0 0 0 0 0 0 0 0 0 0 0 0 0 0 0 0 0 0 0 0 0 0 0 0 0 0 0 0 0 0 0 0 0 0 0 0 0 0 0 0 0 0 0 0 0 0 0 0 0 0 100 1 0 0 0 0 0 0 
0 0 0 0 0 0 0 0 0 0 0 0 0 0 0 0 0 0 0 0 0 0 0 0 0 0 0 0 0 0 0 0 0 0 0 0 0 0 0 0 0 0 0 0 0 0 0 0 0 0 0 0 0 0 0 0 0 0 0 0 0 0 0 0 0 0 0 0 0 0 0 0 0 0 0 0 0 0 0 0 0 0 0 0 0 0 0 0 0 0 0 0 100 0 0 0 0 0 0 0 
0 0 0 0 0 0 0 0 0 0 0 0 0 0 0 0 0 0 0 0 0 0 0 0 0 0 0 0 0 0 0 0 0 0 0 0 0 0 0 0 0 0 0 0 0 0 0 0 0 0 0 0 0 0 0 0 0 0 0 0 0 0 0 0 0 0 0 0 0 0 0 0 0 0 0 0 0 0 0 0 0 0 0 0 0 0 0 0 0 0 0 0 0 0 0 0 0 0 0 0 
0 0 0 0 0 0 0 0 0 0 0 0 0 0 0 0 0 0 0 0 0 0 0 0 0 0 0 0 0 0 0 0 0 0 0 0 0 0 0 0 0 0 0 0 0 0 0 0 0 0 0 0 0 0 0 0 0 0 0 0 0 0 0 0 0 0 0 0 0 0 0 0 0 0 0 0 0 0 0 0 0 0 0 0 0 0 0 0 0 0 0 0 0 0 0 0 0 0 0 0 
0 0 0 0 0 0 0 0 0 0 0 0 0 0 0 0 0 0 0 0 0 0 0 0 0 0 0 0 0 0 0 0 0 0 0 0 0 0 0 0 0 0 0 0 0 0 0 0 0 0 0 0 0 0 0 0 0 0 0 0 0 0 0 0 0 0 0 0 0 0 0 0 0 0 0 0 0 0 0 0 0 0 0 0 0 0 0 0 0 0 0 0 0 0 0 0 0 0 0 100 
0 0 0 0 0 0 0 0 0 0 0 0 0 0 0 0 0 0 0 0 0 0 0 0 0 0 0 0 0 0 0 0 0 0 0 0 0 0 0 0 0 0 0 0 0 0 0 0 0 0 0 0 0 0 0 0 0 0 0 0 0 0 0 0 0 0 0 0 0 0 0 0 0 0 0 0 0 0 0 0 0 0 0 0 0 0 0 0 0 0 0 0 0 0 0 0 0 0 100 0 

Rho histogram: 
0 0 0 0 0 0 0 0 0 0 0 0 0 0 0 0 0 0 0 100 

Summary:
objF nSamp nIter rhoMean rhoStDev rProp hitsProp rankHitsProp seconds
Gar50 100 100 0.9991674767476745 4.747623188672463e-05 0 0 0.4206 1550.969054854
