=======================================================
Objective function:  Wrug
Matrix:  I100.csv
Iterations:  100
Heuristic for search:  RobSA3
Improvement function # 0
Window width for improvement:  0
Heuristic for improvement:  RobSA3
Seed:  33
=======================================================

Best permutations: 
54 52 55 53 56 51 50 49 47 46 48 45 44 43 41 42 40 38 39 36 37 34 35 33 29 26 31 32 30 28 25 23 24 27 21 22 57 20 17 18 19 14 59 60 16 58 61 15 63 12 64 11 65 13 67 62 66 10 9 68 72 8 7 69 70 73 74 6 76 5 77 71 75 79 4 3 2 1 78 80 81 83 85 82 84 86 87 88 90 89 93 0 91 94 95 92 97 96 99 98 
1 0 2 4 3 5 6 8 7 9 10 13 12 11 14 16 15 17 21 18 20 22 19 23 25 24 26 27 29 28 30 32 31 33 34 36 35 37 38 39 40 43 41 42 45 46 48 47 44 50 49 53 51 52 54 55 60 57 56 58 59 63 61 64 65 62 67 66 68 69 72 73 70 74 76 77 71 75 79 80 78 81 83 85 82 84 86 87 88 90 89 93 91 94 95 92 97 96 99 98 
1 4 7 9 10 13 12 11 16 14 15 17 21 18 20 19 22 23 25 26 27 29 24 30 32 28 31 33 34 36 35 37 39 38 40 41 42 43 45 46 48 47 8 44 49 53 50 51 52 54 55 57 60 56 58 59 61 63 64 65 62 67 66 68 69 72 6 73 70 74 76 77 71 75 79 78 5 80 3 2 0 81 85 83 82 84 86 87 90 88 89 93 91 94 95 92 97 96 99 98 
1 2 4 5 6 8 7 9 10 13 12 11 14 16 15 21 17 18 20 19 22 23 25 24 26 27 29 28 30 32 31 33 34 36 35 37 38 39 40 41 43 42 45 46 48 47 44 50 49 53 51 52 54 3 55 60 57 56 58 59 63 61 64 65 62 67 66 68 69 72 73 70 74 76 77 71 75 79 80 78 81 83 85 84 82 86 87 0 88 90 89 93 91 94 95 92 97 96 99 98 
19 22 21 20 18 17 16 14 15 13 12 11 10 8 9 23 25 24 26 27 29 28 32 30 31 33 34 36 35 37 38 39 40 43 41 42 45 46 48 47 44 50 49 53 51 52 55 54 57 56 60 58 59 61 63 64 65 67 62 66 68 69 72 73 70 74 76 7 6 71 5 77 75 79 78 3 80 81 85 4 84 2 83 82 86 87 88 90 1 89 0 93 91 94 95 92 97 96 99 98 
0 1 2 3 5 6 8 9 7 13 10 11 12 14 15 16 17 21 23 20 22 19 25 24 26 29 27 32 28 30 31 33 34 36 35 37 38 39 40 41 43 42 45 46 48 47 44 50 49 53 18 54 51 52 55 60 57 56 58 4 63 59 64 61 65 67 62 66 68 69 72 73 70 74 76 77 71 75 79 78 80 81 83 85 82 84 86 87 88 90 89 93 91 94 95 92 97 96 99 98 
0 2 3 8 9 7 13 6 10 12 16 14 11 17 15 18 5 20 21 4 19 22 23 25 24 26 27 29 28 30 32 31 33 36 35 37 39 38 40 43 41 42 45 46 47 48 44 34 50 49 53 51 52 54 55 60 57 56 58 59 63 61 64 65 62 67 66 68 69 72 73 70 74 76 1 77 71 75 79 80 78 81 83 85 82 84 86 87 88 90 89 93 91 94 95 92 97 96 99 98 
1 0 3 4 5 8 6 7 9 2 10 13 11 14 16 15 17 21 18 20 22 19 23 25 24 26 27 29 28 30 32 31 33 34 36 35 37 38 39 40 41 43 42 45 12 46 48 47 44 50 49 53 51 52 54 55 60 57 56 58 59 63 61 64 65 62 67 68 66 69 72 73 70 74 76 77 71 75 79 78 80 81 83 85 82 84 86 87 88 90 89 93 91 94 95 92 97 96 99 98 
0 1 2 3 4 5 6 7 8 9 11 10 13 19 15 16 12 14 17 20 18 22 21 27 24 23 30 31 25 32 28 26 33 29 35 34 36 37 38 40 41 44 39 42 45 43 48 46 47 49 50 54 53 51 55 56 52 57 58 59 60 62 63 61 66 65 69 64 70 67 68 71 73 72 74 76 75 78 77 81 79 82 80 83 85 86 87 84 90 88 89 92 91 94 93 95 96 99 97 98 
0 1 2 4 3 5 6 8 7 9 13 12 11 14 16 15 10 17 21 20 18 23 22 25 24 26 29 27 28 30 32 31 33 34 36 35 37 19 38 39 40 43 42 41 45 46 48 47 44 50 49 53 51 52 54 55 60 57 56 58 59 63 64 61 65 62 67 66 68 69 72 73 70 74 76 77 71 75 79 78 80 81 83 85 82 84 86 87 88 90 89 93 91 94 95 92 97 96 99 98 
0 1 2 3 4 5 6 8 7 10 13 12 11 14 16 15 21 17 18 20 22 19 23 25 24 26 27 29 28 30 32 33 31 34 36 35 37 39 38 40 43 41 42 45 46 48 47 44 50 49 53 51 52 54 55 56 9 60 57 58 59 63 61 64 65 62 67 66 68 69 72 73 70 74 76 77 71 75 79 78 80 81 83 85 82 84 86 87 88 90 89 93 91 94 95 92 97 96 99 98 
2 3 4 5 6 8 7 9 10 13 12 11 14 16 15 17 21 20 18 19 22 23 25 24 26 27 29 28 30 32 31 33 36 34 35 37 38 39 40 41 43 42 45 46 48 47 44 50 1 53 49 51 55 52 56 54 57 60 59 58 63 61 64 65 62 67 66 68 69 73 72 70 74 76 77 71 75 79 78 80 81 83 85 82 84 86 87 88 90 89 93 91 0 94 95 92 97 96 99 98 
0 2 3 4 5 6 8 7 9 10 13 12 11 14 16 15 17 21 18 20 22 19 23 25 24 26 27 29 28 30 32 31 33 34 36 35 37 38 39 40 41 43 42 45 46 48 47 44 50 49 53 51 52 54 55 60 57 56 58 59 63 61 64 65 62 67 66 1 68 69 72 73 70 74 76 77 71 75 79 78 80 81 83 85 82 84 86 87 88 90 89 93 91 94 95 92 97 96 99 98 
0 1 2 3 97 4 5 6 7 85 8 11 84 9 10 13 19 15 16 12 14 17 18 77 20 22 21 27 24 23 30 31 25 32 28 26 33 29 35 34 36 37 38 40 44 39 41 42 45 43 48 46 47 49 50 54 53 51 56 55 52 57 58 59 60 62 61 63 66 65 69 64 70 67 73 68 71 74 72 78 76 79 75 80 82 81 83 86 90 87 88 89 91 95 92 93 94 96 99 98 
1 0 2 3 4 5 6 8 7 9 10 13 12 11 14 16 15 17 21 18 20 22 19 23 25 24 26 27 29 28 32 31 33 34 30 36 35 37 38 39 40 41 43 42 45 46 48 47 44 50 49 53 51 52 54 55 60 57 56 58 59 63 61 64 65 62 67 66 68 69 72 73 70 74 76 77 71 75 79 80 78 81 83 85 82 84 86 87 88 90 89 93 91 94 95 92 97 96 99 98 
0 1 2 4 3 6 8 7 9 10 13 12 11 14 16 15 17 21 18 20 22 19 23 25 26 27 29 24 28 32 30 31 33 34 36 35 37 38 39 40 41 43 42 45 46 48 47 44 50 49 53 51 52 54 60 56 57 55 59 63 58 61 65 64 62 67 66 68 69 5 72 73 70 74 77 76 71 75 79 80 78 81 83 85 82 84 86 87 88 90 89 93 91 94 95 92 97 96 99 98 
49 50 53 47 48 46 45 44 43 41 40 42 38 39 37 36 34 35 33 29 31 32 26 30 28 25 23 24 27 21 22 20 18 17 19 14 16 15 12 10 13 51 55 52 54 57 56 60 59 58 63 61 64 9 67 62 65 66 11 68 69 8 70 73 72 74 7 76 6 71 5 77 75 79 78 80 81 83 4 82 3 85 84 2 1 0 86 87 90 88 89 93 91 94 95 92 97 96 99 98 
44 48 45 47 46 43 41 42 40 39 38 37 36 34 33 35 29 31 32 26 30 25 28 23 24 27 21 22 20 18 17 19 14 16 53 15 12 13 10 50 49 9 52 11 55 7 54 6 51 60 57 56 58 59 61 63 64 62 65 67 66 8 68 69 72 73 70 74 76 5 4 77 3 71 75 79 80 2 78 83 1 0 81 85 84 82 86 87 88 90 89 93 91 94 95 92 97 96 99 98 
0 2 3 5 8 9 10 15 13 12 11 14 16 17 21 18 20 22 19 23 25 24 26 27 29 28 30 32 31 33 34 36 35 37 38 39 40 41 43 42 45 46 48 47 44 50 49 53 51 52 54 55 7 60 57 56 58 59 63 61 64 65 62 6 66 67 68 69 72 73 70 74 76 77 71 75 79 78 4 80 81 85 83 1 82 84 86 87 88 90 89 93 91 94 95 92 97 96 99 98 
49 54 51 52 55 50 53 47 48 46 45 44 43 41 42 40 38 39 37 36 34 35 33 29 31 26 32 30 28 25 23 24 27 21 22 20 17 18 19 56 14 16 11 57 15 12 58 60 59 61 64 13 63 65 67 62 10 66 8 9 68 69 7 72 73 6 5 74 70 76 4 71 3 77 2 1 79 75 0 80 78 81 83 85 84 82 86 87 88 90 89 93 91 94 95 92 97 96 99 98 
1 5 6 9 7 8 10 11 12 13 15 14 16 17 20 21 18 22 19 4 23 24 25 26 27 29 28 30 32 31 34 33 36 35 37 0 38 39 43 40 42 41 46 45 48 47 44 53 50 51 49 52 54 55 60 57 56 59 58 3 63 64 61 62 65 67 2 66 68 69 72 73 70 74 76 77 71 75 79 78 80 81 83 85 82 84 86 87 88 90 89 93 91 94 95 92 97 96 99 98 
0 1 2 3 4 5 6 8 7 9 10 13 12 11 14 16 15 17 21 18 20 22 19 23 24 25 26 27 29 28 30 32 31 33 34 36 35 37 38 39 40 41 43 42 45 46 48 47 44 50 49 53 51 52 54 55 60 57 56 58 59 63 61 64 65 62 67 66 68 69 72 73 70 74 76 77 71 75 79 80 78 81 83 85 82 84 86 87 88 90 89 93 91 94 95 92 97 96 99 98 
0 3 5 6 8 7 9 10 13 11 14 16 15 17 21 20 18 19 22 23 26 24 25 27 29 28 30 32 31 4 33 34 36 37 35 38 40 39 41 43 12 47 42 45 48 46 44 49 50 53 51 52 54 55 60 56 57 58 59 63 61 64 2 65 62 67 66 68 1 69 73 72 74 70 76 77 75 71 79 78 80 81 83 85 82 84 86 87 88 90 89 93 91 94 95 92 97 96 99 98 
19 22 21 20 18 17 16 14 15 13 12 11 10 8 9 7 3 5 24 6 25 4 29 26 27 30 31 34 1 33 23 36 35 32 39 37 38 41 28 40 2 43 42 45 46 48 44 47 49 50 52 51 54 53 55 60 57 56 0 59 63 58 61 64 67 65 62 66 68 69 73 72 70 74 76 77 71 75 79 78 80 81 83 85 82 84 86 87 88 90 89 93 91 94 95 92 97 96 99 98 
1 2 3 4 5 6 8 7 9 10 13 12 11 14 16 15 17 21 18 20 22 19 23 25 24 26 27 29 28 30 32 31 33 34 36 35 37 38 39 40 41 43 42 45 46 48 47 44 50 49 53 51 52 54 55 60 57 56 58 59 63 61 64 65 62 67 66 0 68 69 72 73 70 74 76 77 71 75 79 80 78 81 83 85 82 84 86 87 88 90 89 93 91 94 95 92 97 96 99 98 
1 2 4 5 6 8 7 9 10 13 12 11 14 16 15 17 21 18 20 22 19 23 25 24 26 27 29 28 30 32 31 33 34 36 35 37 38 39 40 41 43 42 0 45 46 48 47 44 50 49 53 52 51 54 55 60 57 3 56 58 63 61 62 59 65 64 67 68 66 69 72 73 70 74 76 77 71 75 79 80 78 81 83 82 85 84 86 87 88 90 89 93 91 94 95 92 97 96 99 98 
0 7 10 8 9 13 11 12 14 16 15 17 6 4 21 20 18 3 19 22 23 24 25 30 29 26 32 28 31 33 35 34 37 36 39 38 40 43 41 42 27 45 46 47 55 48 44 50 49 52 51 53 54 56 57 60 58 63 61 59 5 64 62 67 2 65 66 68 69 72 73 70 74 76 77 1 71 79 75 80 78 81 83 85 82 84 86 87 88 90 89 93 91 94 92 95 97 96 99 98 
0 1 2 3 4 5 6 7 8 9 11 10 15 13 16 12 19 14 17 18 20 22 21 23 27 24 31 30 25 32 28 26 35 29 33 60 34 36 37 38 41 40 44 39 42 45 43 49 48 74 46 47 50 54 53 51 55 56 52 57 59 58 61 62 63 65 66 70 69 64 67 68 71 73 72 76 75 88 77 81 78 79 82 80 83 85 86 84 87 90 89 92 91 93 96 95 94 99 97 98 
0 3 4 5 2 8 7 6 9 12 13 10 11 16 14 15 21 17 20 22 19 1 23 25 24 27 26 29 30 32 31 33 18 35 34 36 37 28 38 39 41 40 42 45 43 48 44 46 47 50 49 51 52 53 54 55 60 57 56 58 59 63 64 61 65 62 67 66 68 69 72 73 70 74 76 77 71 75 79 78 80 81 83 85 82 84 86 87 88 90 89 93 91 94 95 92 97 96 99 98 
3 18 19 17 22 21 20 14 16 23 15 13 12 11 10 8 5 27 9 7 6 24 4 25 29 32 30 33 31 34 28 36 35 37 38 39 49 40 41 43 42 46 26 47 45 44 48 1 50 51 53 52 54 55 60 57 56 58 59 63 64 61 66 65 62 67 68 69 72 73 70 74 2 76 77 75 79 0 78 71 80 81 83 85 82 84 86 87 88 90 89 93 91 94 95 92 97 96 99 98 
49 54 50 47 44 48 46 45 43 41 42 40 38 39 36 37 34 33 35 29 31 26 32 28 30 25 23 24 27 21 22 20 18 19 17 14 16 15 12 13 10 53 57 11 52 9 55 51 60 8 56 58 59 63 61 64 65 67 7 62 66 6 5 68 4 3 69 72 73 70 2 74 76 77 71 75 79 78 1 0 80 81 83 85 84 82 86 87 88 90 89 93 91 94 95 92 97 96 99 98 
2 4 5 6 3 8 7 9 10 13 12 11 14 16 15 17 21 18 20 22 19 23 25 24 26 27 29 28 30 32 31 33 34 36 35 37 38 39 40 41 43 42 45 46 48 47 44 50 49 53 51 52 54 55 60 57 56 58 59 61 63 64 65 62 67 66 68 69 72 73 70 74 0 76 77 71 75 1 79 80 78 81 83 85 82 84 86 87 88 90 89 93 91 94 95 92 97 96 99 98 
1 4 5 6 8 7 13 12 11 14 16 15 17 18 21 20 3 19 23 25 26 24 27 29 28 32 30 31 33 34 36 35 37 38 39 40 22 41 42 45 46 43 47 44 48 50 53 49 52 51 54 55 57 56 58 10 59 60 63 61 64 65 62 67 9 66 68 69 73 72 70 74 76 77 71 75 79 80 2 78 81 83 85 82 84 86 87 0 88 90 89 93 91 94 95 92 97 96 99 98 
0 1 2 3 4 6 5 7 8 9 11 10 13 19 15 16 12 14 17 18 20 22 21 27 24 23 30 31 25 32 28 26 33 29 35 34 36 37 38 41 40 44 39 42 45 43 48 46 47 49 50 54 53 51 56 55 52 57 59 58 60 62 61 63 66 65 69 64 70 67 68 71 74 73 72 76 75 77 81 78 79 82 80 83 85 86 87 84 90 88 89 92 91 93 94 95 96 99 97 98 
19 20 18 17 14 16 15 21 13 11 12 9 10 7 5 22 23 24 25 26 27 30 29 1 28 31 33 34 36 35 37 38 39 40 43 41 42 32 45 46 47 48 44 50 49 53 51 52 54 8 55 60 57 56 58 59 63 61 6 64 65 62 4 67 66 68 3 69 72 73 70 74 76 77 71 75 79 2 78 0 80 81 83 85 82 84 86 87 88 90 89 93 91 94 95 92 97 96 99 98 
1 0 2 4 3 5 6 8 7 9 10 13 12 11 14 16 15 17 21 18 20 19 22 23 25 24 26 29 27 28 30 31 33 34 36 35 37 38 39 40 41 43 42 46 45 48 47 44 50 49 32 53 51 52 54 55 60 57 56 59 58 63 61 64 65 62 67 66 68 69 72 73 70 74 76 77 71 75 79 78 80 81 83 85 82 84 86 87 88 90 89 93 91 94 95 92 97 96 99 98 
19 22 21 20 18 17 16 14 15 13 1 12 11 10 8 9 7 5 6 4 23 24 25 26 27 29 28 31 3 30 32 33 36 34 35 37 39 38 40 43 41 42 46 45 48 47 44 50 49 53 51 52 55 54 60 57 56 58 59 63 61 64 62 65 67 66 68 69 72 74 73 76 71 77 70 75 80 2 79 81 78 83 85 82 84 0 86 87 88 90 89 93 91 94 95 92 97 96 99 98 
19 18 14 17 16 15 13 12 11 10 21 8 9 7 3 6 27 20 4 22 1 24 26 25 29 28 30 32 31 34 36 35 37 38 39 40 43 41 42 46 45 47 23 44 33 49 48 53 51 54 5 55 57 50 58 60 56 59 52 61 63 64 65 62 67 68 66 72 69 73 70 74 76 2 77 71 75 79 78 80 0 81 83 85 82 84 86 87 90 88 89 91 93 94 95 92 97 96 99 98 
3 4 5 6 8 7 9 10 2 14 13 12 16 11 15 17 21 18 20 22 19 23 25 24 26 27 29 28 30 31 32 33 34 36 35 37 38 39 40 41 43 42 45 46 48 47 44 50 49 53 51 52 54 55 60 57 56 58 59 63 61 64 65 62 67 66 68 1 69 0 72 73 70 74 76 77 71 75 79 78 80 81 83 85 82 84 86 87 88 90 89 93 91 94 95 92 97 96 99 98 
19 22 21 20 18 17 16 14 15 13 11 10 8 9 5 6 23 12 25 24 26 27 29 28 30 32 31 33 34 36 35 37 38 39 40 41 7 43 42 45 46 48 47 44 50 49 53 51 52 55 54 57 60 56 58 59 63 61 64 65 62 67 66 68 69 72 73 70 74 76 77 71 75 79 78 3 80 81 83 85 4 84 82 2 86 87 88 90 89 1 93 0 91 94 95 92 97 96 99 98 
99 95 94 0 1 2 3 4 5 93 6 7 8 9 11 10 13 19 15 16 12 14 17 18 20 22 21 27 24 23 30 32 31 90 25 28 26 33 29 35 34 36 37 38 44 39 40 41 45 42 43 49 46 48 47 50 51 53 86 54 55 52 56 57 59 58 60 62 61 63 66 65 64 69 70 67 68 71 73 74 72 76 75 78 77 79 81 82 80 83 85 84 87 88 89 91 92 97 96 98 
0 2 5 7 8 9 10 13 12 11 14 16 15 21 17 18 20 6 22 19 23 24 25 26 27 29 28 30 32 31 33 34 35 36 37 38 39 40 41 43 42 45 46 48 47 44 50 49 53 3 51 55 52 54 57 60 56 58 59 63 61 64 65 62 67 66 68 69 4 70 73 72 76 74 71 77 75 79 80 78 81 1 83 85 82 84 86 87 88 90 89 93 91 94 95 92 97 96 99 98 
99 95 92 94 0 89 1 2 3 4 5 90 6 7 8 9 82 11 10 13 12 19 15 16 14 17 18 20 22 21 27 24 23 30 25 32 31 28 26 29 33 35 34 36 37 38 44 39 41 40 84 42 45 43 48 46 47 49 50 54 51 53 55 52 56 57 59 58 60 62 61 63 66 65 64 69 70 67 68 71 74 73 72 76 75 77 78 79 81 80 83 85 86 87 91 93 88 96 97 98 
0 2 4 5 6 8 9 10 13 12 11 16 17 21 18 20 22 19 23 25 24 26 27 29 28 30 32 31 33 34 36 35 37 38 39 40 41 43 42 45 46 48 47 14 50 44 15 3 49 52 53 51 54 60 57 55 1 56 59 58 63 62 61 64 67 65 66 68 69 7 73 72 74 70 76 77 71 79 75 78 80 81 83 85 82 84 86 87 88 90 89 93 91 94 95 92 97 96 99 98 
1 0 2 4 5 8 7 9 10 13 12 11 16 17 14 15 21 20 22 19 23 25 24 26 27 29 28 30 32 31 33 34 36 35 37 39 38 41 40 18 42 43 47 45 46 48 44 50 49 53 51 52 6 57 55 54 60 56 58 59 63 64 61 65 62 67 66 68 69 3 72 73 70 74 76 77 71 75 79 78 80 81 83 85 82 84 86 87 88 90 89 93 91 94 95 92 97 96 99 98 
2 3 4 5 6 8 7 9 10 13 12 11 14 16 15 17 21 18 20 22 19 23 25 24 26 27 29 28 30 32 31 33 34 36 35 37 38 39 40 41 43 42 45 46 48 47 44 50 49 53 51 52 54 55 0 60 57 56 59 58 1 63 61 64 65 62 67 66 68 69 72 73 70 74 76 77 71 75 79 78 80 81 83 85 82 84 86 87 88 90 89 93 91 94 95 92 97 96 99 98 
0 2 3 5 6 8 7 13 12 11 14 16 15 17 21 18 20 22 19 23 25 24 26 27 29 28 30 32 31 33 34 36 35 37 38 39 40 41 43 42 45 46 48 47 44 50 49 53 51 52 54 55 56 9 57 60 58 59 64 10 61 63 67 65 62 66 68 69 72 73 70 76 74 77 71 75 79 78 80 81 83 4 1 85 82 84 86 87 88 90 89 93 91 94 95 92 97 96 99 98 
0 4 5 6 8 7 9 10 13 12 11 14 16 15 17 21 18 20 22 19 23 25 24 26 27 29 28 30 31 32 33 34 36 35 37 38 39 40 43 41 42 45 46 48 47 44 50 49 53 51 52 54 55 57 3 56 60 58 59 63 61 64 65 62 67 66 68 69 72 73 70 74 76 77 71 75 79 2 80 78 81 83 85 84 1 82 86 87 88 90 89 93 91 94 95 92 97 96 99 98 
0 1 5 7 10 9 8 13 12 6 11 14 16 15 17 22 4 21 19 23 25 24 27 29 28 32 31 26 30 33 34 36 37 38 35 39 40 41 43 42 45 46 48 47 18 20 44 49 50 51 53 52 54 55 60 57 56 58 59 63 3 2 61 64 67 65 62 66 69 68 72 73 70 74 76 77 71 75 79 78 80 81 83 85 82 84 86 87 88 90 89 93 91 94 95 92 97 96 99 98 
99 0 1 96 2 3 4 5 6 89 7 8 9 11 10 13 19 12 15 16 14 17 18 20 21 87 22 27 92 24 23 30 31 25 32 28 26 33 29 35 34 36 37 38 40 39 41 44 42 45 48 84 43 46 47 49 50 54 51 53 55 56 52 57 59 58 60 62 61 63 66 65 64 69 70 67 68 71 73 72 74 76 75 78 77 79 81 80 82 83 85 86 88 90 91 93 95 94 97 98 
1 98 0 92 2 3 4 5 6 7 93 90 8 9 11 10 13 19 15 16 12 14 17 18 20 22 21 27 24 89 23 30 31 25 32 28 26 29 33 35 34 36 37 39 38 41 40 44 42 45 43 48 46 47 49 50 54 51 53 56 52 55 57 59 60 58 62 63 61 66 65 64 69 74 70 68 86 67 71 73 82 72 76 75 77 78 79 81 80 83 85 84 87 88 91 95 94 97 96 99 
1 2 4 5 6 8 7 9 3 13 12 11 14 16 15 17 21 18 20 22 19 23 25 24 26 27 29 28 30 32 31 33 34 36 35 37 38 39 40 41 43 42 45 46 48 47 44 50 53 49 51 52 54 55 60 57 56 58 59 63 10 64 61 65 67 62 66 69 68 72 73 70 74 77 76 71 75 79 78 80 81 83 0 85 82 84 86 87 88 90 89 93 91 94 95 92 97 96 99 98 
2 3 4 5 6 8 7 9 10 13 12 11 1 16 15 17 21 18 20 22 19 23 25 24 26 27 29 28 30 32 31 33 34 36 35 37 38 39 40 41 43 42 45 46 48 47 44 50 49 53 51 52 14 55 57 0 54 60 56 58 59 63 61 64 65 62 66 67 68 69 72 73 70 74 76 77 71 75 79 80 78 81 83 85 82 84 87 86 88 90 93 89 91 94 95 92 97 96 99 98 
1 2 3 4 5 6 7 8 9 11 10 13 19 15 16 12 14 17 18 20 31 0 21 22 27 23 24 30 25 32 28 26 33 29 35 34 36 37 38 44 41 40 39 42 43 48 45 55 46 47 49 50 54 53 51 93 56 52 57 59 60 58 62 61 66 63 65 69 70 64 67 68 71 74 73 72 76 75 79 78 77 81 82 80 83 86 85 87 84 90 88 89 91 92 94 95 99 97 96 98 
99 0 96 1 2 3 4 94 5 6 7 90 8 9 11 10 13 19 15 16 12 14 17 18 20 22 21 27 24 23 30 31 25 32 28 26 33 29 35 34 36 37 38 40 44 39 41 42 45 43 46 48 49 47 50 54 87 53 51 55 56 57 52 58 59 66 60 62 61 63 65 64 69 68 70 67 71 73 74 72 76 77 75 80 81 78 83 82 79 86 85 84 88 89 91 93 95 97 92 98 
2 4 5 6 8 7 9 13 10 12 11 14 15 17 21 18 20 22 19 23 25 24 26 27 29 28 30 32 31 33 34 36 35 38 37 39 40 41 43 42 45 3 47 16 48 44 53 50 51 46 49 52 54 55 60 56 59 57 58 63 61 62 72 64 70 65 68 67 69 66 0 74 71 76 73 79 77 1 75 78 80 81 85 83 82 84 86 87 88 90 89 93 91 94 95 92 97 96 99 98 
2 4 5 8 7 9 10 13 12 11 14 16 15 17 21 6 18 22 20 19 23 24 25 27 26 3 30 29 28 32 1 31 33 34 37 35 36 40 39 43 42 45 46 48 47 38 50 41 44 49 53 52 55 51 54 60 57 56 58 59 63 61 64 65 62 67 66 68 69 72 73 70 74 76 77 71 75 79 78 0 80 81 83 85 82 84 86 87 88 90 89 93 91 94 95 92 97 96 99 98 
42 41 43 40 39 38 37 36 34 33 35 31 29 32 30 26 25 28 23 27 24 21 22 20 18 17 19 14 16 15 13 12 10 8 45 9 5 46 48 47 44 50 49 53 11 51 7 54 55 52 57 56 60 58 59 63 61 64 6 65 67 62 66 68 69 72 73 70 4 76 74 77 71 75 79 78 80 81 83 3 85 84 82 2 86 1 87 0 90 88 89 93 91 94 95 92 97 96 99 98 
1 3 4 5 9 8 7 10 13 11 16 14 15 17 21 18 22 20 6 19 23 25 24 26 27 29 28 32 30 31 34 36 35 33 37 38 39 40 41 43 42 45 46 48 47 44 50 53 51 49 12 52 54 55 60 57 56 59 58 63 61 64 65 62 67 66 2 68 69 72 73 70 74 76 77 71 75 79 78 80 81 83 0 85 84 82 86 87 90 88 89 93 91 94 95 92 97 96 99 98 
49 51 50 53 47 48 46 45 44 43 41 42 40 38 39 36 37 34 35 33 31 29 32 26 30 28 25 23 24 27 21 22 20 18 17 19 14 15 12 16 54 13 10 52 55 11 57 8 56 60 58 9 61 59 63 64 65 62 67 66 68 69 72 73 70 74 7 76 6 77 71 5 75 79 80 78 83 81 85 4 82 3 2 1 84 0 86 87 88 90 89 93 91 94 95 92 97 96 99 98 
1 0 2 3 5 6 8 7 9 10 13 12 11 16 14 15 17 21 18 20 22 19 23 25 26 27 24 29 28 32 31 30 33 34 36 35 38 39 41 40 37 43 42 45 46 47 44 49 48 50 53 52 51 54 55 57 60 56 58 59 61 4 64 63 65 67 62 66 68 69 72 73 70 74 76 77 71 75 79 80 78 81 83 85 82 84 86 87 88 90 89 93 91 94 95 92 97 96 99 98 
19 22 21 20 18 17 16 14 15 13 10 12 11 7 9 23 2 5 4 25 24 26 29 27 28 30 32 31 33 34 36 35 37 38 39 40 8 41 42 43 45 46 48 47 44 50 6 53 49 51 52 54 55 57 60 56 58 59 61 63 64 65 62 67 66 68 69 72 73 70 74 76 3 77 71 75 79 1 78 80 81 0 83 85 82 84 86 87 88 90 89 93 91 94 95 92 97 96 99 98 
0 1 2 3 4 5 6 7 8 9 11 10 13 19 15 16 12 14 17 18 20 22 21 27 24 23 30 25 32 28 26 31 33 29 35 34 36 37 38 44 40 41 42 39 43 45 49 48 47 46 50 66 54 53 51 56 55 52 57 59 58 60 62 61 63 64 65 69 83 70 67 68 71 73 74 72 76 75 77 78 79 81 82 80 84 85 86 87 90 88 89 92 91 93 94 95 96 99 97 98 
1 2 4 5 6 8 7 12 9 10 13 11 14 16 15 17 21 18 3 20 19 23 22 25 24 26 29 30 32 28 31 33 34 27 36 35 37 38 43 39 41 40 42 45 46 48 47 44 49 53 0 52 50 51 54 55 60 56 57 58 59 63 61 64 65 62 67 66 68 69 72 73 70 74 76 77 71 75 79 80 78 81 83 85 82 84 86 87 88 90 89 93 91 94 95 92 97 96 99 98 
19 22 21 20 18 17 16 14 15 13 12 11 10 9 7 5 6 4 23 25 24 26 27 29 28 30 32 31 33 34 36 35 38 37 39 8 40 43 42 45 46 48 47 41 44 50 53 49 51 52 54 55 60 57 56 58 59 63 61 64 65 67 3 62 68 2 0 66 69 72 73 70 1 74 76 77 71 79 75 78 80 81 83 85 84 82 86 87 88 90 89 93 91 94 95 92 97 96 99 98 
1 2 5 6 7 9 10 13 12 11 8 14 16 15 21 17 18 20 22 19 23 25 4 24 26 27 3 28 32 29 30 31 33 34 36 35 37 38 39 40 41 42 43 45 46 47 48 44 50 49 53 51 52 54 55 60 57 56 58 59 63 61 64 65 62 67 66 68 69 72 73 70 74 76 77 71 75 79 78 80 81 83 85 82 84 86 0 87 88 90 89 93 91 94 95 92 97 96 99 98 
96 0 1 2 3 4 5 6 7 8 9 11 10 13 19 15 16 12 14 17 18 20 22 21 27 24 23 30 26 93 31 25 32 28 33 29 35 34 36 37 38 44 40 39 61 41 42 45 43 48 46 47 49 50 54 53 51 55 56 52 57 59 58 60 62 86 63 66 65 69 64 70 67 68 71 73 72 74 76 75 78 77 79 81 82 80 83 85 87 84 90 88 89 91 95 92 94 99 97 98 
1 4 6 7 8 9 10 13 12 11 14 16 15 17 21 18 20 22 5 19 23 3 24 26 27 29 28 31 25 30 32 33 34 36 35 39 37 38 40 43 41 42 45 46 47 48 44 50 49 53 52 51 54 55 60 57 56 58 59 63 61 64 65 62 67 66 68 69 72 73 2 70 0 76 74 77 71 75 79 78 80 81 83 85 82 84 86 87 88 90 89 93 91 94 95 92 97 96 99 98 
19 22 21 20 18 17 16 14 15 13 12 11 10 9 7 6 3 4 23 24 26 25 27 29 28 30 32 31 34 36 35 33 37 39 42 38 40 43 41 45 8 46 48 47 44 50 53 49 51 52 54 55 60 57 5 58 56 63 59 61 1 65 64 67 62 66 68 73 69 72 70 74 76 77 71 75 79 78 80 81 83 2 85 84 0 82 86 87 88 90 89 93 91 94 95 92 97 96 99 98 
1 2 4 5 6 3 8 7 9 10 13 12 11 14 16 15 17 21 18 20 22 19 23 25 24 26 27 29 28 30 32 31 33 34 35 0 36 37 39 40 41 43 42 45 46 48 47 44 50 49 53 51 38 52 55 54 56 60 57 58 59 63 64 61 65 62 67 66 68 69 72 73 70 74 76 77 71 75 79 78 80 81 83 85 82 84 86 87 88 90 89 93 91 94 95 92 97 96 99 98 
19 20 18 21 14 16 17 15 13 12 11 10 8 9 7 4 6 22 23 25 24 26 27 29 28 30 32 31 5 34 33 35 36 38 37 39 40 41 43 42 45 46 48 47 44 50 49 53 51 52 54 2 57 55 56 60 58 59 63 61 64 65 62 67 3 68 66 69 73 72 0 70 1 76 74 77 71 75 79 80 78 81 83 85 82 84 86 87 88 90 89 93 91 94 95 92 97 96 99 98 
49 50 44 46 47 48 45 43 41 42 40 38 39 36 37 34 33 35 29 31 32 26 30 28 25 23 24 27 21 22 20 18 17 19 14 16 15 13 12 51 11 52 53 55 54 57 56 60 58 59 10 61 63 64 65 67 62 9 7 66 68 8 69 6 72 73 70 5 74 76 77 71 75 79 4 3 80 78 81 83 85 84 82 86 2 1 87 88 0 90 89 93 91 94 95 92 97 96 99 98 
44 45 46 43 42 41 40 39 38 36 37 34 33 35 31 29 32 30 26 25 28 23 24 27 21 22 20 18 17 19 14 16 15 13 12 10 9 47 48 11 50 5 53 8 0 51 56 52 49 54 55 57 7 60 58 59 63 64 61 6 62 67 65 66 4 68 3 69 73 2 72 70 74 76 77 71 1 75 79 78 80 81 83 85 84 82 86 87 88 90 89 93 91 94 95 92 97 96 99 98 
0 1 95 2 3 4 5 6 94 7 8 9 11 10 13 19 15 16 12 14 17 18 20 22 21 27 24 23 30 31 25 91 28 26 32 33 29 35 34 36 37 38 39 41 40 42 44 45 43 46 47 49 50 48 54 88 53 51 52 55 56 57 59 71 58 60 62 61 63 66 65 69 70 64 68 67 73 74 72 87 76 82 75 77 78 81 79 80 86 83 85 84 89 90 92 93 99 97 96 98 
0 1 2 3 92 4 5 6 7 8 9 11 91 10 13 15 19 12 16 90 14 17 18 20 22 21 27 24 23 30 31 25 32 28 26 33 29 35 34 36 37 44 38 39 41 40 42 43 45 48 46 93 49 47 50 54 53 51 55 56 52 57 59 58 60 63 61 62 66 67 70 69 65 64 68 71 73 72 74 80 81 76 75 77 79 78 85 83 82 86 84 87 89 88 95 94 96 99 97 98 
1 0 2 3 4 5 8 7 9 12 10 11 13 6 16 15 14 21 17 18 20 22 19 23 24 25 26 27 29 28 30 32 31 33 34 36 35 37 38 39 40 41 43 42 45 46 48 47 44 50 49 53 52 51 54 55 60 56 57 58 59 63 64 61 65 62 67 66 68 69 72 73 70 74 76 71 77 75 79 78 80 81 83 85 82 84 86 87 88 90 89 93 91 94 95 92 97 96 99 98 
1 0 3 4 8 7 9 10 13 12 11 16 14 15 21 17 18 20 22 6 19 23 25 24 26 27 29 28 30 32 31 33 34 36 35 37 38 39 40 41 43 42 5 46 45 47 44 48 50 53 49 52 51 54 55 60 57 56 58 59 63 61 64 65 67 62 66 68 69 72 73 70 74 76 77 71 75 79 78 80 2 81 85 83 82 84 86 87 90 88 89 93 91 94 95 92 97 96 99 98 
0 1 3 4 5 8 6 7 10 13 12 11 14 16 15 17 21 18 20 22 19 23 25 24 26 27 29 28 30 32 31 33 34 36 35 37 38 39 40 41 43 42 45 46 48 47 44 50 49 53 51 52 54 55 60 57 56 58 59 63 61 9 65 64 66 62 67 2 69 68 72 73 70 74 76 77 71 75 79 78 80 81 83 85 82 84 86 87 88 90 89 93 91 94 95 92 97 96 99 98 
19 22 21 20 18 17 16 14 15 13 12 11 10 8 9 7 5 6 23 25 24 26 27 29 28 30 32 31 33 34 36 35 37 38 39 40 41 43 42 45 46 48 47 44 50 49 53 51 52 54 55 57 60 56 58 59 63 61 64 65 62 67 66 68 69 72 73 70 74 76 77 71 79 75 80 78 81 83 85 82 4 3 84 87 86 90 88 89 93 2 1 94 0 91 95 92 97 96 99 98 
4 1 5 7 9 8 10 13 12 11 15 16 17 14 18 19 21 22 20 23 27 6 24 26 29 28 30 32 31 3 33 34 36 37 38 2 40 39 41 35 42 46 43 45 48 44 47 49 50 51 52 25 53 54 55 57 56 59 58 63 61 64 60 62 65 66 68 69 67 72 73 0 70 74 76 77 71 75 79 80 78 81 83 85 82 84 86 87 88 90 89 93 91 94 95 92 97 96 99 98 
1 2 3 4 5 6 8 7 9 10 13 12 11 14 16 15 17 21 18 20 22 19 23 25 24 26 27 29 28 30 32 31 33 34 36 35 37 38 39 40 43 41 42 45 46 48 47 44 50 49 53 51 52 54 55 60 57 56 58 63 59 61 64 65 62 67 66 68 69 72 73 70 74 76 77 71 0 75 79 78 80 81 83 85 82 84 86 87 88 90 89 93 91 94 95 92 97 96 99 98 
98 99 0 96 1 2 3 4 5 6 95 7 8 9 11 10 13 19 15 16 12 14 17 18 20 21 22 27 24 87 23 30 31 25 32 28 26 33 29 35 34 36 37 38 40 44 39 41 42 45 43 48 46 47 49 50 51 54 53 55 56 52 57 59 58 60 62 61 63 66 65 64 69 70 67 68 71 74 73 72 76 75 78 77 79 81 82 80 83 86 85 84 90 88 89 91 97 93 94 92 
0 1 2 3 4 5 6 7 8 9 11 10 13 19 15 16 12 14 17 18 20 22 21 27 24 23 30 31 25 32 28 26 33 29 35 34 36 37 38 41 40 44 39 42 45 43 48 46 47 49 50 54 53 51 56 55 52 57 58 59 60 62 61 63 66 65 69 64 70 67 68 71 72 73 74 76 75 78 77 79 81 82 80 83 85 86 87 84 90 88 89 92 91 94 93 95 96 99 97 98 
0 1 2 3 4 5 8 7 9 10 13 12 16 14 15 17 21 20 22 23 11 18 26 25 24 28 29 27 30 32 31 33 34 35 36 37 38 39 40 19 43 42 46 45 48 47 44 50 49 53 51 52 54 55 41 60 56 57 59 58 63 61 64 65 62 67 66 68 6 69 72 73 70 74 76 77 75 71 79 80 78 81 83 85 82 84 86 87 88 90 89 93 91 94 95 92 97 96 99 98 
0 1 2 3 4 5 6 7 8 9 11 10 13 19 15 16 12 14 17 18 20 22 21 27 24 23 30 31 25 32 28 26 33 29 35 34 36 37 38 41 40 44 39 42 45 43 48 46 47 49 50 54 53 51 56 55 52 57 59 58 60 62 61 63 66 65 69 64 70 67 68 71 73 72 74 76 75 78 77 79 81 82 80 83 85 86 87 84 90 88 89 92 91 94 93 95 96 99 97 98 
1 2 3 4 5 8 6 9 7 10 13 12 11 14 16 15 21 17 18 20 22 23 19 25 26 27 29 28 30 32 24 33 34 35 31 36 39 37 38 43 40 42 41 45 47 46 48 44 49 50 51 53 54 52 55 60 57 56 58 59 63 61 64 65 62 67 66 68 69 0 70 72 73 76 74 77 71 75 79 80 78 81 83 85 82 84 86 87 88 90 89 93 91 94 95 92 97 96 99 98 
19 22 21 20 18 17 16 14 15 13 12 11 8 10 7 6 3 9 23 25 24 26 27 29 32 30 28 31 33 34 36 37 35 38 39 40 41 43 42 45 46 48 47 44 50 49 53 51 52 55 54 57 60 56 58 59 63 0 61 64 65 62 67 66 68 69 72 73 70 5 74 76 77 71 75 4 79 80 78 81 83 2 85 84 82 86 1 87 88 90 89 93 91 94 95 92 97 96 99 98 
0 1 3 5 8 7 9 13 11 12 16 15 21 17 18 20 14 19 23 22 24 25 27 26 28 32 29 30 31 34 33 36 35 38 45 37 39 40 41 43 42 46 48 47 44 10 50 49 53 51 52 54 55 60 57 56 58 59 63 61 64 65 67 62 66 68 69 72 73 70 74 6 76 77 71 75 79 80 78 4 81 2 83 85 84 82 86 87 88 90 89 93 91 94 95 92 97 96 99 98 
0 1 2 4 3 5 6 8 7 9 10 13 11 12 14 16 15 17 21 18 20 22 19 23 25 24 27 29 28 30 32 31 33 34 26 36 38 35 37 39 40 43 41 42 45 46 47 48 44 50 53 49 51 52 54 55 60 57 56 58 59 64 63 61 65 62 67 66 68 69 72 73 70 74 76 77 71 75 79 78 80 81 83 85 82 84 86 87 88 90 89 93 91 94 95 92 97 96 99 98 
17 15 16 14 13 12 11 10 8 7 5 6 21 18 20 4 22 19 23 25 24 26 27 29 28 30 32 31 34 3 36 33 35 37 38 39 43 40 41 42 46 45 48 47 44 50 49 53 51 52 54 55 57 1 56 60 58 59 61 63 64 62 65 67 66 68 69 72 9 70 73 74 76 77 71 75 79 78 80 81 83 85 84 82 86 87 2 90 88 89 0 93 91 94 95 92 97 96 99 98 
3 5 4 7 8 9 10 13 6 12 11 16 15 14 17 21 20 18 22 19 23 25 24 29 27 28 26 32 31 33 30 36 35 37 38 39 34 40 41 43 45 42 46 47 48 44 50 53 49 51 52 55 54 60 56 57 58 59 61 63 64 65 62 67 66 68 2 69 73 72 74 1 70 76 77 71 79 0 75 80 78 81 83 85 84 82 86 87 88 90 89 93 91 94 95 92 97 96 99 98 
1 2 3 4 5 8 7 9 10 13 12 11 14 16 15 17 21 18 20 22 19 6 23 25 26 24 27 28 29 30 32 31 33 34 36 35 37 38 39 40 43 41 42 45 46 48 47 44 50 49 53 51 52 54 55 60 56 0 57 58 59 63 61 64 65 62 66 67 68 69 72 73 70 74 76 77 71 75 79 78 80 81 83 85 82 84 86 87 88 90 89 93 91 94 95 92 97 96 99 98 
44 48 45 47 46 42 43 41 40 38 39 36 37 34 33 35 31 29 32 26 30 28 25 23 27 24 21 22 20 18 17 19 14 16 15 13 12 11 10 6 50 9 51 49 52 8 53 54 55 57 56 60 58 59 63 7 64 61 65 62 67 66 68 5 69 70 4 72 73 74 76 77 3 71 79 75 2 1 78 80 0 81 83 85 82 84 86 87 88 90 89 93 91 94 95 92 97 96 99 98 
1 0 2 4 5 3 8 7 9 10 13 12 11 14 16 15 17 21 18 20 22 19 23 25 24 26 27 29 28 30 32 31 33 34 36 35 37 38 39 40 41 43 42 45 6 47 46 48 44 50 49 53 52 54 55 60 57 56 58 59 63 51 61 64 65 67 66 62 68 69 72 73 70 74 76 77 71 75 79 78 80 81 83 85 82 84 86 87 88 90 89 93 91 94 95 92 97 96 99 98 
3 4 5 6 8 7 9 10 13 11 12 14 16 15 17 21 20 18 22 19 23 25 24 26 27 29 30 28 32 31 33 34 36 35 38 37 39 40 43 41 42 45 46 48 47 44 50 49 53 51 52 54 55 60 57 56 58 59 63 61 64 65 62 67 66 68 69 72 73 70 76 74 84 71 77 75 2 79 78 80 81 83 1 0 82 85 86 87 88 90 89 93 91 94 95 92 97 96 99 98 
2 3 6 5 8 7 9 10 13 12 11 14 16 15 17 21 18 20 22 19 23 25 24 26 27 29 28 30 32 31 33 34 36 35 37 38 39 40 41 43 42 45 46 48 47 44 50 49 53 51 52 54 55 60 57 56 58 59 63 61 64 65 62 67 66 68 69 72 4 73 70 76 74 77 1 71 79 75 80 78 81 85 83 84 0 82 86 87 88 90 89 93 91 94 95 92 97 96 99 98 
40 39 38 36 37 34 33 35 31 32 29 30 26 25 28 23 27 24 21 22 20 17 18 19 14 15 16 13 12 10 8 9 6 1 41 43 42 45 46 47 48 44 49 50 51 53 52 54 57 56 11 58 60 59 61 55 63 65 62 7 64 67 66 68 69 72 73 70 74 76 5 77 71 75 79 78 80 81 4 83 3 84 2 85 0 82 86 87 90 88 89 91 93 94 95 92 97 96 99 98 
1 2 3 6 7 8 9 10 13 12 11 14 16 15 17 21 18 20 19 23 25 24 26 28 22 27 29 31 30 32 33 34 36 35 37 38 39 40 41 43 42 45 46 48 47 44 50 49 53 51 52 54 55 60 57 56 58 59 5 63 61 64 65 62 67 66 68 69 4 72 70 73 74 76 77 71 75 79 78 80 81 83 85 84 82 86 87 88 90 89 0 93 91 94 95 92 97 96 99 98 
0 1 92 2 3 4 94 5 6 7 8 9 11 10 86 13 15 19 16 12 14 17 18 20 22 21 27 24 23 30 31 25 28 32 26 33 29 35 34 36 37 38 41 40 44 39 45 42 43 48 46 47 49 50 54 53 51 52 56 55 59 57 58 83 60 62 61 63 66 65 64 69 70 67 71 68 73 72 74 76 75 77 78 79 81 82 80 85 84 87 90 88 89 91 93 95 99 97 96 98 
96 0 1 2 3 4 5 6 7 8 9 11 10 13 19 15 16 12 14 17 18 20 22 21 27 24 23 30 31 25 28 32 26 33 29 35 34 36 37 38 41 40 44 39 42 45 43 48 46 47 49 50 51 53 56 54 55 52 59 57 63 58 60 62 61 66 65 69 64 67 70 68 71 73 72 74 76 75 84 78 77 79 81 82 80 83 85 86 87 91 90 88 89 93 95 92 94 99 97 98 

Rank matrix
30 13 2 1 1 0 0 0 0 0 0 0 0 0 0 0 0 0 0 0 0 1 0 0 0 0 0 0 0 0 0 0 0 0 0 2 0 0 0 0 0 0 1 0 1 0 0 0 0 0 1 0 0 0 1 1 0 2 1 0 0 0 0 0 0 0 1 1 0 2 2 1 2 0 0 0 1 2 1 3 3 2 2 1 3 3 1 3 1 0 3 2 2 0 0 0 0 0 0 0 
27 21 3 1 2 0 1 0 0 0 1 0 1 0 0 0 0 0 0 0 1 1 0 1 0 0 0 0 1 0 1 0 0 1 0 0 0 0 0 0 0 0 0 0 0 0 0 1 1 0 0 0 0 1 0 0 1 0 0 0 2 0 0 0 0 0 0 2 1 0 0 1 2 0 2 2 1 5 1 0 1 1 2 2 2 2 1 0 1 1 1 0 0 0 0 0 0 0 0 0 
7 18 22 4 4 2 0 1 1 1 0 0 0 0 0 0 1 0 0 0 0 0 0 0 0 0 0 0 0 0 0 0 0 0 0 1 0 0 0 0 1 0 0 0 0 0 0 0 0 0 0 1 0 0 0 0 0 0 0 0 0 1 1 0 1 1 3 1 0 1 2 0 1 1 1 0 3 4 1 1 1 4 2 3 1 0 1 0 0 1 0 0 0 0 0 0 0 0 0 0 
4 7 14 15 10 5 2 0 2 0 0 0 0 0 1 0 4 1 1 0 0 1 0 0 0 1 1 0 1 2 0 0 0 0 0 0 0 0 0 0 0 1 0 0 0 0 0 1 0 1 0 0 0 1 1 0 0 1 0 1 1 0 1 0 1 1 2 0 0 1 0 0 4 0 0 4 0 0 1 1 2 2 0 0 0 0 0 0 0 0 0 0 0 0 0 0 0 0 0 0 
1 9 12 16 11 6 3 2 0 1 0 0 0 1 0 2 1 2 2 3 0 1 2 0 0 0 0 0 0 1 0 0 0 0 0 0 0 0 0 0 0 0 0 0 0 0 0 0 0 0 0 0 0 0 0 0 0 0 0 1 0 1 1 0 2 0 1 0 4 0 2 0 0 0 2 1 0 0 3 3 2 1 0 0 0 0 0 0 0 0 0 0 0 0 0 0 0 0 0 0 
0 2 12 15 12 14 6 3 3 0 2 0 0 0 2 1 3 3 1 0 0 0 0 0 0 0 0 0 1 0 0 0 0 0 0 0 1 0 0 0 0 1 1 0 0 0 0 0 0 0 1 0 0 0 1 0 0 0 1 0 1 0 1 1 0 0 1 1 0 4 3 1 0 0 0 0 1 0 0 0 0 0 0 0 0 0 0 0 0 0 0 0 0 0 0 0 0 0 0 0 
0 0 3 9 10 8 15 7 4 3 1 1 2 1 0 5 2 2 2 2 1 2 0 0 0 0 0 0 0 0 0 0 1 0 0 0 0 0 0 1 0 0 0 0 1 0 1 1 0 0 0 0 1 0 0 0 0 0 2 1 0 1 0 2 0 1 1 1 4 0 0 1 0 0 0 0 0 0 0 0 0 0 0 0 0 0 0 0 0 0 0 0 0 0 0 0 0 0 0 0 
0 1 1 5 4 10 14 17 13 4 2 2 0 4 4 2 1 0 0 1 0 0 0 0 0 0 0 0 0 0 0 0 0 0 0 0 1 0 0 0 0 0 0 0 0 1 1 0 0 0 0 0 2 0 0 1 0 0 2 1 0 0 2 0 0 0 2 1 0 1 0 0 0 0 0 0 0 0 0 0 0 0 0 0 0 0 0 0 0 0 0 0 0 0 0 0 0 0 0 0 
0 0 0 3 13 20 11 8 7 3 4 2 7 3 2 1 0 0 0 0 0 0 0 0 0 0 0 0 0 0 1 0 0 1 0 1 1 0 0 0 1 0 1 1 0 1 0 1 0 2 0 0 0 0 0 0 0 0 1 0 0 4 0 0 0 0 0 0 0 0 0 0 0 0 0 0 0 0 0 0 0 0 0 0 0 0 0 0 0 0 0 0 0 0 0 0 0 0 0 0 
0 0 0 2 4 7 10 11 13 12 3 3 2 9 4 2 0 1 1 0 0 0 0 0 0 0 0 0 0 0 0 1 0 0 0 1 1 0 0 0 0 2 0 0 0 1 0 0 0 0 0 1 0 2 0 0 1 1 1 1 0 1 0 0 1 0 0 0 1 0 0 0 0 0 0 0 0 0 0 0 0 0 0 0 0 0 0 0 0 0 0 0 0 0 0 0 0 0 0 0 
0 0 1 0 2 0 8 10 11 12 10 9 8 5 3 4 1 0 1 0 0 0 0 0 0 0 0 0 0 1 0 0 1 0 0 1 0 0 2 1 1 0 1 0 0 1 0 0 0 0 1 0 0 0 0 1 1 1 0 1 1 0 0 0 0 0 0 0 0 0 0 0 0 0 0 0 0 0 0 0 0 0 0 0 0 0 0 0 0 0 0 0 0 0 0 0 0 0 0 0 
0 0 0 0 0 0 2 2 3 11 17 23 18 7 4 0 0 1 0 0 1 0 0 0 0 0 0 0 0 0 0 0 0 0 0 0 0 1 0 1 1 0 1 2 1 1 0 0 0 0 1 1 0 0 0 0 0 0 1 0 0 0 0 0 0 0 0 0 0 0 0 0 0 0 0 0 0 0 0 0 0 0 0 0 0 0 0 0 0 0 0 0 0 0 0 0 0 0 0 0 
0 0 0 0 0 1 1 4 8 13 18 14 6 1 0 2 5 5 1 2 5 0 0 0 0 0 0 0 1 0 0 1 0 0 1 0 2 0 4 0 1 0 0 0 1 1 0 0 0 1 1 0 0 0 0 0 0 0 0 0 0 0 0 0 0 0 0 0 0 0 0 0 0 0 0 0 0 0 0 0 0 0 0 0 0 0 0 0 0 0 0 0 0 0 0 0 0 0 0 0 
0 0 0 0 1 2 3 10 11 21 14 8 6 3 2 3 4 0 0 1 0 0 0 0 0 0 0 1 0 0 1 0 0 1 0 1 0 2 0 1 1 1 0 0 0 0 0 0 0 0 0 1 0 1 0 0 0 0 0 0 0 0 0 0 0 0 0 0 0 0 0 0 0 0 0 0 0 0 0 0 0 0 0 0 0 0 0 0 0 0 0 0 0 0 0 0 0 0 0 0 
0 0 1 1 2 0 0 10 1 3 5 11 10 14 8 0 3 6 2 1 4 4 0 0 2 0 0 1 0 0 1 0 2 0 1 2 1 0 0 0 1 1 0 1 0 0 0 0 0 0 0 0 1 0 0 0 0 0 0 0 0 0 0 0 0 0 0 0 0 0 0 0 0 0 0 0 0 0 0 0 0 0 0 0 0 0 0 0 0 0 0 0 0 0 0 0 0 0 0 0 
0 1 0 0 0 1 1 2 9 0 5 2 9 8 19 17 7 1 5 0 0 0 1 0 0 1 0 0 0 1 0 0 1 0 1 1 1 3 0 0 0 0 0 0 1 0 1 1 0 0 0 0 0 0 0 0 0 0 0 0 0 0 0 0 0 0 0 0 0 0 0 0 0 0 0 0 0 0 0 0 0 0 0 0 0 0 0 0 0 0 0 0 0 0 0 0 0 0 0 0 
0 0 1 0 1 2 9 0 2 1 4 9 11 12 13 11 2 1 3 5 0 0 0 1 0 0 1 0 1 0 0 1 0 2 0 1 2 0 0 1 0 1 0 1 1 0 0 0 0 0 0 0 0 0 0 0 0 0 0 0 0 0 0 0 0 0 0 0 0 0 0 0 0 0 0 0 0 0 0 0 0 0 0 0 0 0 0 0 0 0 0 0 0 0 0 0 0 0 0 0 
1 0 0 3 0 9 1 0 0 0 0 2 3 11 7 13 10 10 7 2 1 5 4 0 0 2 0 0 1 0 2 0 1 1 2 0 1 0 1 0 0 0 0 0 0 0 0 0 0 0 0 0 0 0 0 0 0 0 0 0 0 0 0 0 0 0 0 0 0 0 0 0 0 0 0 0 0 0 0 0 0 0 0 0 0 0 0 0 0 0 0 0 0 0 0 0 0 0 0 0 
0 2 2 0 9 0 0 0 0 0 0 0 0 3 3 7 9 12 12 11 4 2 5 4 1 0 1 1 0 2 0 1 3 1 0 0 0 1 0 2 0 0 0 0 1 0 0 0 0 0 1 0 0 0 0 0 0 0 0 0 0 0 0 0 0 0 0 0 0 0 0 0 0 0 0 0 0 0 0 0 0 0 0 0 0 0 0 0 0 0 0 0 0 0 0 0 0 0 0 0 
12 0 1 0 0 0 0 0 0 0 0 0 1 5 2 3 4 10 7 12 12 12 6 1 0 0 1 0 0 1 0 2 0 2 1 1 0 1 1 1 1 0 0 0 0 0 0 0 0 0 0 0 0 0 0 0 0 0 0 0 0 0 0 0 0 0 0 0 0 0 0 0 0 0 0 0 0 0 0 0 0 0 0 0 0 0 0 0 0 0 0 0 0 0 0 0 0 0 0 0 
0 2 0 9 0 0 1 0 0 0 0 0 0 0 3 5 7 11 12 15 12 2 1 4 5 0 1 1 2 0 1 2 1 0 0 1 0 1 0 0 0 0 0 0 0 1 0 0 0 0 0 0 0 0 0 0 0 0 0 0 0 0 0 0 0 0 0 0 0 0 0 0 0 0 0 0 0 0 0 0 0 0 0 0 0 0 0 0 0 0 0 0 0 0 0 0 0 0 0 0 
0 0 9 1 0 1 0 1 0 0 1 0 3 2 11 7 16 11 8 0 0 1 7 2 3 3 6 0 1 3 1 0 0 1 1 0 0 0 0 0 0 0 0 0 0 0 0 0 0 0 0 0 0 0 0 0 0 0 0 0 0 0 0 0 0 0 0 0 0 0 0 0 0 0 0 0 0 0 0 0 0 0 0 0 0 0 0 0 0 0 0 0 0 0 0 0 0 0 0 0 
0 9 0 0 1 0 0 0 0 0 0 0 0 0 0 2 4 8 10 13 13 12 6 2 3 5 2 2 1 1 2 1 0 0 1 1 1 0 0 0 0 0 0 0 0 0 0 0 0 0 0 0 0 0 0 0 0 0 0 0 0 0 0 0 0 0 0 0 0 0 0 0 0 0 0 0 0 0 0 0 0 0 0 0 0 0 0 0 0 0 0 0 0 0 0 0 0 0 0 0 
0 0 0 0 0 0 0 0 0 1 0 0 0 0 0 3 2 1 11 8 13 14 12 9 0 7 4 2 2 3 5 1 1 0 0 0 0 0 0 0 0 0 1 0 0 0 0 0 0 0 0 0 0 0 0 0 0 0 0 0 0 0 0 0 0 0 0 0 0 0 0 0 0 0 0 0 0 0 0 0 0 0 0 0 0 0 0 0 0 0 0 0 0 0 0 0 0 0 0 0 
0 0 0 0 0 0 0 0 0 0 0 0 0 0 0 0 0 3 1 2 9 14 10 12 20 9 4 5 6 1 1 2 1 0 0 0 0 0 0 0 0 0 0 0 0 0 0 0 0 0 0 0 0 0 0 0 0 0 0 0 0 0 0 0 0 0 0 0 0 0 0 0 0 0 0 0 0 0 0 0 0 0 0 0 0 0 0 0 0 0 0 0 0 0 0 0 0 0 0 0 
0 0 0 0 0 0 0 0 0 0 0 0 0 1 0 0 2 0 3 9 6 10 18 18 5 4 1 1 7 2 2 3 2 3 2 0 0 0 0 0 0 0 0 0 0 0 0 0 0 0 0 1 0 0 0 0 0 0 0 0 0 0 0 0 0 0 0 0 0 0 0 0 0 0 0 0 0 0 0 0 0 0 0 0 0 0 0 0 0 0 0 0 0 0 0 0 0 0 0 0 
0 0 0 0 0 0 0 0 0 0 0 0 1 0 0 1 0 0 2 4 4 9 7 13 17 13 7 1 1 0 1 6 1 1 3 2 4 0 1 0 0 0 1 0 0 0 0 0 0 0 0 0 0 0 0 0 0 0 0 0 0 0 0 0 0 0 0 0 0 0 0 0 0 0 0 0 0 0 0 0 0 0 0 0 0 0 0 0 0 0 0 0 0 0 0 0 0 0 0 0 
0 0 0 0 0 0 0 0 0 0 0 0 0 0 0 0 2 1 0 2 3 1 10 12 16 18 13 13 3 1 1 0 1 2 0 0 0 0 0 0 1 0 0 0 0 0 0 0 0 0 0 0 0 0 0 0 0 0 0 0 0 0 0 0 0 0 0 0 0 0 0 0 0 0 0 0 0 0 0 0 0 0 0 0 0 0 0 0 0 0 0 0 0 0 0 0 0 0 0 0 
0 0 0 0 0 0 0 0 0 0 0 0 0 0 1 0 0 1 0 0 1 2 1 4 12 10 9 15 15 8 8 0 2 2 2 4 0 2 1 0 0 0 0 0 0 0 0 0 0 0 0 0 0 0 0 0 0 0 0 0 0 0 0 0 0 0 0 0 0 0 0 0 0 0 0 0 0 0 0 0 0 0 0 0 0 0 0 0 0 0 0 0 0 0 0 0 0 0 0 0 
0 0 0 0 0 0 0 0 0 0 1 0 1 0 0 1 1 1 1 2 1 2 4 11 9 10 17 13 5 1 0 0 0 7 1 1 3 3 3 1 0 0 0 0 0 0 0 0 0 0 0 0 0 0 0 0 0 0 0 0 0 0 0 0 0 0 0 0 0 0 0 0 0 0 0 0 0 0 0 0 0 0 0 0 0 0 0 0 0 0 0 0 0 0 0 0 0 0 0 0 
0 0 0 0 0 0 0 0 0 0 0 1 0 0 1 0 0 1 0 0 2 1 1 4 3 9 15 12 18 16 10 4 0 1 1 0 0 0 0 0 0 0 0 0 0 0 0 0 0 0 0 0 0 0 0 0 0 0 0 0 0 0 0 0 0 0 0 0 0 0 0 0 0 0 0 0 0 0 0 0 0 0 0 0 0 0 0 0 0 0 0 0 0 0 0 0 0 0 0 0 
0 0 0 0 0 0 0 0 1 0 0 1 0 0 1 0 1 1 0 1 4 0 0 0 2 1 6 16 12 8 17 18 8 0 1 0 1 0 0 0 0 0 0 0 0 0 0 0 0 0 0 0 0 0 0 0 0 0 0 0 0 0 0 0 0 0 0 0 0 0 0 0 0 0 0 0 0 0 0 0 0 0 0 0 0 0 0 0 0 0 0 0 0 0 0 0 0 0 0 0 
0 0 0 0 0 0 0 0 0 1 0 0 0 1 0 0 1 0 2 0 1 1 3 0 2 5 9 10 8 23 15 5 2 4 4 1 0 1 0 0 0 0 0 0 0 0 0 0 0 0 1 0 0 0 0 0 0 0 0 0 0 0 0 0 0 0 0 0 0 0 0 0 0 0 0 0 0 0 0 0 0 0 0 0 0 0 0 0 0 0 0 0 0 0 0 0 0 0 0 0 
0 0 0 0 0 0 1 0 0 1 0 0 1 0 2 0 1 1 1 1 0 0 1 1 0 1 1 3 6 7 10 21 22 5 2 3 2 3 1 0 1 0 0 0 1 0 0 0 0 0 0 0 0 0 0 0 0 0 0 0 0 0 0 0 0 0 0 0 0 0 0 0 0 0 0 0 0 0 0 0 0 0 0 0 0 0 0 0 0 0 0 0 0 0 0 0 0 0 0 0 
0 0 0 0 0 1 0 0 1 0 0 1 0 2 0 1 2 1 0 0 1 1 0 0 0 0 1 2 4 10 6 9 14 18 4 6 3 1 3 2 4 0 1 0 0 0 0 1 0 0 0 0 0 0 0 0 0 0 0 0 0 0 0 0 0 0 0 0 0 0 0 0 0 0 0 0 0 0 0 0 0 0 0 0 0 0 0 0 0 0 0 0 0 0 0 0 0 0 0 0 
0 0 0 0 0 0 0 1 0 0 1 0 0 1 0 2 0 2 2 0 0 1 1 0 0 0 0 0 1 1 4 7 12 9 23 15 5 4 2 5 0 1 0 0 0 0 0 0 0 0 0 0 0 0 0 0 0 0 0 0 0 0 0 0 0 0 0 0 0 0 0 0 0 0 0 0 0 0 0 0 0 0 0 0 0 0 0 0 0 0 0 0 0 0 0 0 0 0 0 0 
0 0 0 1 0 0 0 1 0 1 0 1 1 1 1 2 0 0 0 2 0 0 0 0 0 0 0 1 1 3 8 9 11 14 14 7 8 2 1 3 2 4 0 1 0 0 0 0 0 0 0 0 0 0 0 0 0 0 0 0 0 0 0 0 0 0 0 0 0 0 0 0 0 0 0 0 0 0 0 0 0 0 0 0 0 0 0 0 0 0 0 0 0 0 0 0 0 0 0 0 
0 0 0 0 1 0 1 0 0 0 1 1 1 0 2 1 1 0 1 0 1 0 0 0 0 0 0 0 0 1 1 3 8 8 10 17 14 12 3 1 4 2 4 0 1 0 0 0 0 0 0 0 0 0 0 0 0 0 0 0 0 0 0 0 0 0 0 0 0 0 0 0 0 0 0 0 0 0 0 0 0 0 0 0 0 0 0 0 0 0 0 0 0 0 0 0 0 0 0 0 
0 0 1 0 0 1 0 0 1 1 1 1 2 1 0 0 1 1 0 0 0 0 0 0 0 0 0 0 0 0 1 1 2 11 7 8 17 13 14 2 1 2 3 3 1 2 0 0 0 0 0 0 1 0 0 0 0 0 0 0 0 0 0 0 0 0 0 0 0 0 0 0 0 0 0 0 0 0 0 0 0 0 0 0 0 0 0 0 0 0 0 0 0 0 0 0 0 0 0 0 
0 1 0 0 1 0 0 1 0 1 1 0 1 2 1 0 0 1 1 0 0 0 0 0 0 0 0 0 0 0 0 1 2 2 9 10 10 17 11 8 0 0 6 6 0 5 1 1 0 0 0 0 0 0 0 0 0 0 0 0 0 0 0 0 0 0 0 0 0 0 0 0 0 0 0 0 0 0 0 0 0 0 0 0 0 0 0 0 0 0 0 0 0 0 0 0 0 0 0 0 
1 0 0 1 0 0 1 0 2 0 2 1 1 0 0 1 1 0 0 0 0 0 0 0 0 0 0 0 0 0 0 0 1 1 2 6 10 11 16 15 11 5 1 3 3 1 2 0 0 1 0 0 0 0 0 0 0 0 0 0 0 0 0 0 0 0 0 0 0 0 0 0 0 0 0 0 0 0 0 0 0 0 0 0 0 0 0 0 0 0 0 0 0 0 0 0 0 0 0 0 
0 1 0 0 0 1 1 1 1 2 1 0 0 1 1 0 0 0 0 0 0 0 0 0 0 0 0 0 0 0 0 0 0 0 2 3 3 10 13 16 17 8 4 3 1 2 3 3 1 0 0 0 0 0 1 0 0 0 0 0 0 0 0 0 0 0 0 0 0 0 0 0 0 0 0 0 0 0 0 0 0 0 0 0 0 0 0 0 0 0 0 0 0 0 0 0 0 0 0 0 
1 0 0 0 1 1 0 1 0 1 1 2 0 0 1 1 0 0 0 0 0 0 0 0 0 0 0 0 0 0 0 0 0 0 1 1 3 0 8 7 12 18 17 10 2 1 2 3 3 1 0 1 0 0 0 0 0 0 0 0 0 0 0 0 0 0 0 0 0 0 0 0 0 0 0 0 0 0 0 0 0 0 0 0 0 0 0 0 0 0 0 0 0 0 0 0 0 0 0 0 
0 0 1 1 0 1 1 1 2 1 0 0 1 1 0 0 0 0 0 0 0 0 0 0 0 0 0 0 0 0 0 0 0 1 1 1 2 8 9 14 15 14 5 0 3 4 2 1 3 2 3 0 1 1 0 0 0 0 0 0 0 0 0 0 0 0 0 0 0 0 0 0 0 0 0 0 0 0 0 0 0 0 0 0 0 0 0 0 0 0 0 0 0 0 0 0 0 0 0 0 
3 0 1 0 1 0 0 1 1 0 0 1 1 0 0 0 0 0 0 0 0 0 0 0 0 0 0 0 0 0 0 0 0 0 0 0 0 0 0 2 2 7 3 6 12 12 24 14 9 0 0 0 0 0 0 0 0 0 0 0 0 0 0 0 0 0 0 0 0 0 0 0 0 0 0 0 0 0 0 0 0 0 0 0 0 0 0 0 0 0 0 0 0 0 0 0 0 0 0 0 
0 1 2 0 0 0 2 2 0 0 1 1 0 0 0 0 0 0 0 0 0 0 0 0 0 0 0 0 0 0 0 0 0 0 2 0 1 1 2 7 8 9 11 22 13 3 2 2 4 3 0 0 1 0 0 0 0 0 0 0 0 0 0 0 0 0 0 0 0 0 0 0 0 0 0 0 0 0 0 0 0 0 0 0 0 0 0 0 0 0 0 0 0 0 0 0 0 0 0 0 
0 0 1 1 2 1 2 0 0 2 0 0 0 0 0 0 0 0 0 0 0 0 0 0 0 0 0 0 0 0 0 0 0 0 0 0 0 2 1 3 7 9 12 13 13 9 1 5 2 3 5 1 3 1 0 1 0 0 0 0 0 0 0 0 0 0 0 0 0 0 0 0 0 0 0 0 0 0 0 0 0 0 0 0 0 0 0 0 0 0 0 0 0 0 0 0 0 0 0 0 
0 0 0 4 2 0 0 1 1 0 0 0 0 0 0 0 0 0 0 0 0 0 0 0 0 0 0 0 0 0 0 0 0 0 0 0 0 1 0 3 1 3 8 11 10 16 12 7 6 2 1 3 1 4 2 0 1 0 0 0 0 0 0 0 0 0 0 0 0 0 0 0 0 0 0 0 0 0 0 0 0 0 0 0 0 0 0 0 0 0 0 0 0 0 0 0 0 0 0 0 
0 2 0 0 1 3 0 0 1 0 1 0 0 0 0 0 0 0 0 0 0 0 0 0 0 0 0 0 0 0 0 0 0 0 0 0 0 0 3 0 2 6 8 7 17 17 14 5 2 3 2 3 0 2 1 0 0 0 0 0 0 0 0 0 0 0 0 0 0 0 0 0 0 0 0 0 0 0 0 0 0 0 0 0 0 0 0 0 0 0 0 0 0 0 0 0 0 0 0 0 
5 0 0 0 0 0 0 1 0 0 0 0 0 0 0 0 0 0 0 0 0 0 0 0 0 0 0 0 0 0 0 0 0 0 0 0 1 0 0 0 1 0 3 1 2 4 5 14 19 18 14 3 4 1 2 1 0 1 0 0 0 0 0 0 0 0 0 0 0 0 0 0 0 0 0 0 0 0 0 0 0 0 0 0 0 0 0 0 0 0 0 0 0 0 0 0 0 0 0 0 
0 2 2 0 0 1 1 0 0 0 0 0 0 0 0 0 0 0 0 0 0 0 0 0 0 0 0 0 0 0 0 0 0 0 0 0 0 0 0 1 2 2 0 2 4 8 10 15 17 12 5 2 3 3 3 3 1 0 1 0 0 0 0 0 0 0 0 0 0 0 0 0 0 0 0 0 0 0 0 0 0 0 0 0 0 0 0 0 0 0 0 0 0 0 0 0 0 0 0 0 
0 1 1 0 0 1 0 0 0 0 0 0 0 0 0 0 0 0 0 0 0 0 0 0 0 0 0 0 0 0 0 0 0 0 0 0 0 0 0 1 0 1 1 0 2 2 1 5 10 12 14 14 12 7 2 1 4 4 2 0 1 1 0 0 0 0 0 0 0 0 0 0 0 0 0 0 0 0 0 0 0 0 0 0 0 0 0 0 0 0 0 0 0 0 0 0 0 0 0 0 
0 1 0 1 0 0 0 0 0 0 0 0 0 0 0 0 0 0 0 0 0 0 0 0 0 0 0 0 0 0 0 0 0 0 0 0 0 0 0 0 0 1 1 2 2 1 1 2 5 9 10 21 12 11 0 0 4 4 3 1 3 2 2 1 0 0 0 0 0 0 0 0 0 0 0 0 0 0 0 0 0 0 0 0 0 0 0 0 0 0 0 0 0 0 0 0 0 0 0 0 
0 0 1 2 0 0 1 0 0 0 0 0 0 0 0 0 0 0 0 0 0 0 0 0 0 0 0 0 0 0 0 0 0 0 1 0 0 0 0 0 0 1 2 2 0 3 8 9 7 15 16 10 5 5 1 2 3 2 2 1 0 1 0 0 0 0 0 0 0 0 0 0 0 0 0 0 0 0 0 0 0 0 0 0 0 0 0 0 0 0 0 0 0 0 0 0 0 0 0 0 
1 2 0 0 0 0 0 0 0 0 0 0 0 0 0 0 0 0 0 0 0 0 0 0 0 0 0 0 0 0 0 0 0 0 0 0 0 0 0 0 1 0 0 0 2 0 1 4 1 4 9 11 21 16 14 7 2 2 0 2 0 0 0 0 0 0 0 0 0 0 0 0 0 0 0 0 0 0 0 0 0 0 0 0 0 0 0 0 0 0 0 0 0 0 0 0 0 0 0 0 
0 0 1 0 1 0 0 0 0 0 0 0 0 0 0 0 0 0 0 0 0 0 0 0 0 0 0 0 0 0 0 0 0 0 0 0 0 0 0 0 0 0 1 1 3 0 2 1 2 2 4 9 9 15 19 15 3 2 1 5 2 1 1 0 0 0 0 0 0 0 0 0 0 0 0 0 0 0 0 0 0 0 0 0 0 0 0 0 0 0 0 0 0 0 0 0 0 0 0 0 
0 0 0 0 1 0 0 0 0 0 0 0 0 0 0 0 0 0 0 0 0 0 0 0 0 0 0 0 0 0 0 0 0 0 0 0 0 0 0 1 0 0 0 0 0 0 3 0 1 2 2 2 1 7 9 13 18 19 13 2 3 1 1 0 1 0 0 0 0 0 0 0 0 0 0 0 0 0 0 0 0 0 0 0 0 0 0 0 0 0 0 0 0 0 0 0 0 0 0 0 
0 0 0 0 0 0 0 0 0 0 0 0 0 0 0 0 0 0 0 0 0 0 0 0 0 0 0 0 0 0 0 0 0 0 0 0 1 0 0 0 0 0 1 1 0 2 1 0 2 1 2 5 5 5 10 13 17 14 7 2 1 5 2 2 0 1 0 0 0 0 0 0 0 0 0 0 0 0 0 0 0 0 0 0 0 0 0 0 0 0 0 0 0 0 0 0 0 0 0 0 
0 0 0 0 0 0 0 0 0 0 0 0 0 0 0 0 0 0 0 0 0 0 0 0 0 0 0 0 0 0 0 0 0 0 0 0 0 0 0 0 0 0 0 0 0 1 1 0 1 1 1 3 2 1 8 2 11 11 19 20 3 4 3 2 2 3 0 1 0 0 0 0 0 0 0 0 0 0 0 0 0 0 0 0 0 0 0 0 0 0 0 0 0 0 0 0 0 0 0 0 
0 0 0 0 0 0 0 0 0 0 0 0 0 0 0 0 0 0 0 0 0 0 0 0 0 0 0 0 0 0 0 0 0 0 0 0 0 0 0 0 0 0 1 0 0 0 0 0 2 1 0 0 2 4 1 6 3 14 20 18 16 2 2 4 3 0 1 0 0 0 0 0 0 0 0 0 0 0 0 0 0 0 0 0 0 0 0 0 0 0 0 0 0 0 0 0 0 0 0 0 
0 0 0 0 0 0 0 0 0 0 0 0 0 0 0 0 0 0 0 0 0 0 0 0 0 0 0 0 0 0 0 0 0 0 0 1 0 0 0 0 0 0 0 1 0 0 0 3 1 2 1 2 8 8 14 22 13 5 0 0 5 1 2 1 4 2 3 0 1 0 0 0 0 0 0 0 0 0 0 0 0 0 0 0 0 0 0 0 0 0 0 0 0 0 0 0 0 0 0 0 
0 0 0 0 0 0 0 0 0 0 0 0 0 0 0 0 0 0 0 0 0 0 0 0 0 0 0 0 0 0 0 0 0 0 0 0 0 0 0 0 0 0 0 0 1 0 1 0 0 1 0 2 1 1 3 0 2 4 7 9 13 14 21 9 1 0 3 2 4 0 1 0 0 0 0 0 0 0 0 0 0 0 0 0 0 0 0 0 0 0 0 0 0 0 0 0 0 0 0 0 
0 0 0 0 0 0 0 0 0 0 0 0 0 0 0 0 0 0 0 0 0 0 0 0 0 0 0 0 0 0 0 0 0 0 0 0 0 0 0 0 0 0 0 0 0 0 0 0 0 0 0 0 0 0 0 3 1 2 2 2 4 10 12 14 17 20 7 5 0 1 0 0 0 0 0 0 0 0 0 0 0 0 0 0 0 0 0 0 0 0 0 0 0 0 0 0 0 0 0 0 
0 0 0 0 0 0 0 0 0 0 0 0 0 0 0 0 0 0 0 0 0 0 0 0 0 0 0 0 0 0 0 0 0 0 0 0 0 0 0 0 0 0 0 0 0 0 0 0 1 0 1 0 2 1 3 2 6 4 6 19 20 15 2 4 2 2 1 3 2 3 0 1 0 0 0 0 0 0 0 0 0 0 0 0 0 0 0 0 0 0 0 0 0 0 0 0 0 0 0 0 
0 0 0 0 0 0 0 0 0 0 0 0 0 0 0 0 0 0 0 0 0 0 0 0 0 0 0 0 0 0 0 0 0 0 0 0 0 0 0 0 0 0 0 0 0 0 0 0 0 0 2 0 1 1 0 3 2 2 4 3 11 16 18 17 0 2 0 4 1 2 2 4 2 2 1 0 0 0 0 0 0 0 0 0 0 0 0 0 0 0 0 0 0 0 0 0 0 0 0 0 
0 0 0 0 0 0 0 0 0 0 0 0 0 0 0 0 0 0 0 0 0 0 0 0 0 0 0 0 0 0 0 0 0 0 0 0 0 0 0 0 0 0 0 0 0 0 0 0 0 0 0 0 1 1 1 0 4 1 2 4 3 9 12 17 21 10 3 0 1 2 4 2 1 1 0 0 0 0 0 0 0 0 0 0 0 0 0 0 0 0 0 0 0 0 0 0 0 0 0 0 
0 0 0 0 0 0 0 0 0 0 0 0 0 0 0 0 0 0 0 0 0 0 0 0 0 0 0 0 0 0 0 0 0 0 0 0 0 0 0 0 0 0 0 0 0 0 0 0 0 0 0 1 0 0 0 0 1 2 0 3 2 1 6 2 14 14 23 19 5 4 2 0 1 0 0 0 0 0 0 0 0 0 0 0 0 0 0 0 0 0 0 0 0 0 0 0 0 0 0 0 
0 0 0 0 0 0 0 0 0 0 0 0 0 0 0 0 0 0 0 0 0 0 0 0 0 0 0 0 0 0 0 0 0 0 0 0 0 0 0 0 0 0 0 0 0 0 0 0 0 0 0 0 0 0 3 1 0 2 1 1 2 6 3 10 14 19 15 3 1 6 3 0 1 2 1 4 0 2 0 0 0 0 0 0 0 0 0 0 0 0 0 0 0 0 0 0 0 0 0 0 
0 0 0 0 0 0 0 0 0 0 0 0 0 0 0 0 0 0 0 0 0 0 0 0 0 0 0 0 0 0 0 0 0 0 0 0 0 0 0 0 0 0 0 0 0 0 0 0 0 0 0 0 0 0 0 0 0 0 0 2 4 0 2 6 2 10 14 17 22 2 4 4 0 2 2 4 2 0 1 0 0 0 0 0 0 0 0 0 0 0 0 0 0 0 0 0 0 0 0 0 
0 0 0 0 0 0 0 0 0 0 0 0 0 0 0 0 0 0 0 0 0 0 0 0 0 0 0 0 0 0 0 0 0 0 0 0 0 0 0 0 0 0 0 0 0 0 0 0 0 0 0 0 0 0 0 0 0 0 0 0 1 3 1 2 6 1 10 19 21 26 1 3 3 2 0 1 0 0 0 0 0 0 0 0 0 0 0 0 0 0 0 0 0 0 0 0 0 0 0 0 
0 0 0 0 0 0 0 0 0 0 0 0 0 0 0 0 0 0 0 0 0 0 0 0 0 0 0 0 0 0 0 0 0 0 0 0 0 0 0 0 0 0 0 0 0 0 0 0 0 0 0 0 0 0 0 0 0 0 0 0 0 0 1 0 4 1 2 5 8 7 14 15 34 3 5 0 1 0 0 0 0 0 0 0 0 0 0 0 0 0 0 0 0 0 0 0 0 0 0 0 
0 0 0 0 0 0 0 0 0 0 0 0 0 0 0 0 0 0 0 0 0 0 0 0 0 0 0 0 0 0 0 0 0 0 0 0 0 0 0 0 0 0 0 0 0 0 0 0 0 0 0 0 0 0 0 0 0 0 0 0 0 0 0 1 0 0 0 0 0 2 1 9 9 4 13 16 38 4 1 2 0 0 0 0 0 0 0 0 0 0 0 0 0 0 0 0 0 0 0 0 
0 0 0 0 0 0 0 0 0 0 0 0 0 0 0 0 0 0 0 0 0 0 0 0 0 0 0 0 0 0 0 0 0 0 0 0 0 0 0 0 0 0 0 0 0 0 0 0 0 0 0 0 0 0 0 0 0 0 0 0 1 0 3 1 3 5 1 8 8 16 30 5 1 2 3 2 1 2 2 3 1 1 1 0 0 0 0 0 0 0 0 0 0 0 0 0 0 0 0 0 
0 0 0 0 0 0 0 0 0 0 0 0 0 0 0 0 0 0 0 0 0 0 0 0 0 0 0 0 0 0 0 0 0 0 0 0 0 0 0 0 0 0 0 0 0 0 0 0 0 0 0 0 0 0 0 0 0 0 0 0 0 0 0 3 1 3 4 3 9 10 17 29 3 5 3 1 3 1 3 1 0 1 0 0 0 0 0 0 0 0 0 0 0 0 0 0 0 0 0 0 
0 0 0 0 0 0 0 0 0 0 0 0 0 0 0 0 0 0 0 0 0 0 0 0 0 0 0 0 0 0 0 0 0 0 0 0 0 0 0 0 0 0 0 0 0 0 0 0 0 1 0 0 0 0 0 0 0 0 0 0 0 0 0 0 0 3 1 2 4 3 5 12 17 34 7 1 0 4 3 1 2 0 0 0 0 0 0 0 0 0 0 0 0 0 0 0 0 0 0 0 
0 0 0 0 0 0 0 0 0 0 0 0 0 0 0 0 0 0 0 0 0 0 0 0 0 0 0 0 0 0 0 0 0 0 0 0 0 0 0 0 0 0 0 0 0 0 0 0 0 0 0 0 0 0 0 0 0 0 0 0 0 0 0 0 0 0 0 0 0 0 0 0 6 4 2 14 18 40 5 1 1 1 6 1 1 0 0 0 0 0 0 0 0 0 0 0 0 0 0 0 
0 0 0 0 0 0 0 0 0 0 0 0 0 0 0 0 0 0 0 0 0 0 0 0 0 0 0 0 0 0 0 0 0 0 0 0 0 0 0 0 0 0 0 0 0 0 0 0 0 0 0 0 0 0 0 0 0 0 0 0 0 0 0 0 0 0 1 2 2 6 3 5 10 18 33 6 3 0 1 1 4 3 1 1 0 0 0 0 0 0 0 0 0 0 0 0 0 0 0 0 
0 0 0 0 0 0 0 0 0 0 0 0 0 0 0 0 0 0 0 0 0 0 0 1 0 0 0 0 0 0 0 0 0 0 0 0 0 0 0 0 0 0 0 0 0 0 0 0 0 0 0 0 0 0 0 0 0 0 0 0 0 0 0 0 0 0 0 0 0 1 4 7 1 14 16 36 2 1 5 0 2 3 0 3 3 1 0 0 0 0 0 0 0 0 0 0 0 0 0 0 
0 0 0 0 0 0 0 0 0 0 0 0 0 0 0 0 0 0 0 0 0 0 0 0 0 0 0 0 0 0 0 0 0 0 0 0 0 0 0 0 0 0 0 0 0 0 0 0 0 0 0 0 0 0 0 0 0 0 0 0 0 0 0 0 0 0 0 0 0 0 0 0 0 0 3 5 0 9 17 36 21 0 2 2 1 3 1 0 0 0 0 0 0 0 0 0 0 0 0 0 
0 0 0 0 0 0 0 0 0 0 0 0 0 0 0 0 0 0 0 0 0 0 0 0 0 0 0 0 0 0 0 0 0 0 0 0 0 0 0 0 0 0 0 0 0 0 0 0 0 0 0 0 0 0 0 0 0 0 0 0 0 0 0 0 0 0 0 0 0 0 0 0 1 6 4 2 15 14 40 2 3 3 1 1 2 2 2 1 1 0 0 0 0 0 0 0 0 0 0 0 
0 0 0 0 0 0 0 0 0 0 0 0 0 0 0 0 0 0 0 0 0 0 0 0 0 0 0 0 0 0 0 0 0 0 0 0 0 0 0 0 0 0 0 0 0 0 0 0 0 0 0 0 0 0 0 0 0 0 0 0 0 0 0 0 0 0 0 0 0 0 0 0 0 0 2 1 7 4 7 31 30 0 4 5 1 1 1 3 2 1 0 0 0 0 0 0 0 0 0 0 
0 0 0 0 0 0 0 0 0 0 0 0 0 0 0 0 0 0 0 0 0 0 0 0 0 0 0 0 0 0 0 0 0 0 0 0 0 0 0 0 0 0 0 0 0 0 0 0 0 0 0 0 0 0 0 0 0 0 0 0 0 0 0 0 0 0 0 0 0 0 0 0 0 0 0 0 2 5 2 7 18 54 2 1 2 3 2 1 1 0 0 0 0 0 0 0 0 0 0 0 
0 0 0 0 0 0 0 0 0 0 0 0 0 0 0 0 1 0 0 0 0 0 0 0 0 0 0 0 0 0 0 0 0 0 0 0 0 0 0 0 0 0 0 0 0 0 0 0 0 0 0 0 0 0 0 0 0 0 0 0 0 0 0 0 0 0 0 0 0 0 0 0 0 0 0 0 0 0 0 2 2 5 6 9 57 13 1 2 2 0 0 0 0 0 0 0 0 0 0 0 
0 0 0 0 0 0 0 0 0 0 0 0 0 0 0 0 0 0 0 0 0 0 0 0 0 0 0 0 0 0 0 0 0 0 0 0 0 0 0 0 0 0 0 0 0 0 0 0 0 0 0 0 0 0 0 0 0 0 0 0 0 0 0 1 0 0 0 0 1 0 0 0 0 0 0 0 1 2 2 3 4 11 55 7 2 1 3 1 1 4 1 0 0 0 0 0 0 0 0 0 
0 0 0 0 0 0 0 0 0 0 0 0 1 0 0 0 0 0 0 0 0 0 0 0 0 0 0 0 0 0 0 0 0 0 0 0 0 0 0 0 0 0 0 0 0 0 0 0 0 0 1 1 0 0 0 0 0 0 0 0 0 0 0 0 0 0 0 0 0 0 0 0 1 0 0 0 0 0 1 0 1 4 3 6 15 52 0 5 2 1 1 5 0 0 0 0 0 0 0 0 
0 0 0 0 0 0 0 0 0 1 0 0 0 0 0 0 0 0 0 0 0 0 0 0 0 0 0 0 0 0 0 0 0 0 0 0 0 0 0 0 0 0 0 0 0 0 0 0 0 0 0 0 0 0 0 0 0 0 0 0 0 0 0 0 0 0 0 0 0 0 0 0 0 0 0 0 0 0 3 1 2 4 13 56 5 3 3 2 0 0 6 1 0 0 0 0 0 0 0 0 
0 0 0 0 0 0 0 0 0 0 0 0 0 0 1 0 0 0 0 0 0 0 0 0 0 0 0 0 0 0 0 0 0 0 0 0 0 0 0 0 0 0 0 0 0 0 0 0 0 0 0 0 0 0 0 0 0 0 1 0 0 0 0 0 0 1 0 0 0 0 0 0 0 0 0 0 1 0 0 0 0 0 0 1 5 12 69 3 1 3 0 1 1 0 0 0 0 0 0 0 
0 0 0 0 0 0 0 0 0 0 0 0 0 0 0 0 0 0 0 0 0 0 0 0 0 1 0 0 0 1 0 0 0 0 0 0 0 0 0 0 0 0 0 0 0 0 0 0 0 0 0 0 0 0 0 0 1 0 0 0 0 0 0 0 0 0 0 0 0 0 0 0 0 0 0 0 0 0 0 1 0 0 0 1 0 3 12 71 3 2 0 1 2 1 0 0 0 0 0 0 
0 0 0 0 0 0 0 0 0 0 0 0 0 0 0 0 0 0 0 0 0 0 0 0 0 0 0 0 0 0 0 0 0 0 0 0 0 0 0 0 0 0 0 0 0 0 0 0 0 0 0 0 0 0 0 1 0 0 0 0 0 0 0 0 0 0 0 0 0 0 0 0 0 0 0 0 0 1 0 0 0 0 0 0 0 0 3 4 67 12 2 3 2 4 0 0 1 0 0 0 
0 0 0 0 0 1 0 0 0 1 0 0 0 0 0 0 0 0 0 0 0 0 0 0 0 0 0 0 0 1 0 0 0 0 0 0 0 0 0 0 0 0 0 0 0 0 0 0 0 0 0 0 0 0 0 0 0 0 0 0 0 0 0 0 0 0 0 0 0 0 0 0 0 0 0 0 0 0 0 0 0 0 0 0 0 0 0 1 1 5 79 3 5 1 2 0 0 0 0 0 
0 0 0 0 0 0 0 0 0 0 0 3 0 0 0 0 0 0 0 1 0 0 0 0 0 0 0 0 0 0 0 0 0 1 0 0 0 0 0 0 0 0 0 0 0 0 0 0 0 0 0 0 0 0 0 0 0 0 0 0 0 0 0 0 0 0 0 0 0 0 0 0 0 0 0 0 0 0 0 0 0 0 0 0 0 1 0 3 16 69 3 0 1 2 0 0 0 0 0 0 
0 0 0 0 0 0 0 0 0 0 0 0 1 0 0 0 0 0 0 0 0 0 0 0 0 0 0 0 0 0 0 1 0 0 0 0 0 0 0 0 0 0 0 0 0 0 0 0 0 0 0 0 0 0 0 0 0 0 0 0 0 0 0 0 0 0 0 0 0 0 0 0 0 0 0 0 0 0 0 0 0 0 0 0 0 0 0 0 0 1 0 3 85 3 4 2 0 0 0 0 
0 0 2 1 1 0 0 0 0 0 0 0 0 0 0 0 0 0 0 0 0 0 0 0 0 0 0 0 1 0 0 0 0 0 0 0 0 0 0 0 0 0 0 0 0 0 0 0 0 0 0 0 0 0 0 0 0 0 0 0 0 0 0 0 0 0 0 0 0 0 0 0 0 0 0 0 0 0 0 0 0 0 0 0 0 0 0 0 0 0 0 6 0 1 3 82 1 0 1 1 
0 0 0 0 0 0 0 0 0 1 1 0 0 0 0 0 0 0 0 0 0 0 0 0 0 0 0 0 0 1 0 0 0 0 0 0 0 0 0 0 0 0 0 0 0 0 0 0 0 0 0 1 0 0 0 1 0 0 0 0 0 0 0 0 0 0 0 0 0 0 0 0 0 0 0 0 0 0 0 0 0 0 0 0 0 0 0 0 1 0 4 74 2 4 4 5 0 1 0 0 
0 0 1 1 0 0 1 1 1 0 0 0 0 0 0 0 0 0 0 0 0 0 0 0 0 0 0 0 0 0 0 0 0 0 0 0 0 0 0 0 0 0 0 0 0 0 0 0 0 0 0 0 0 0 0 0 0 0 0 0 0 0 0 0 0 0 0 0 0 0 0 0 0 0 0 0 0 0 0 0 0 0 0 0 0 0 0 0 0 0 0 1 0 83 3 1 5 1 1 0 
0 2 1 0 0 0 0 0 0 0 1 0 0 0 0 0 0 0 0 0 0 0 0 0 0 0 0 0 0 0 0 0 0 0 0 0 0 0 0 0 0 0 0 0 0 0 0 0 0 0 0 0 0 0 0 0 0 0 0 0 0 0 0 0 0 0 0 0 0 0 0 0 0 0 0 0 0 0 0 0 0 0 0 0 0 0 0 0 0 0 0 0 0 1 83 10 2 0 0 0 
2 0 1 2 0 0 0 0 0 0 0 0 0 0 0 0 0 0 0 0 0 0 0 0 0 0 0 0 0 0 0 0 0 0 0 0 0 0 0 0 0 0 0 0 0 0 0 0 0 0 0 0 0 0 0 0 0 0 0 0 0 0 0 0 0 0 0 0 0 0 0 0 0 0 0 0 0 0 0 0 0 0 0 0 0 0 0 0 0 0 0 0 0 0 1 0 6 83 5 0 
0 0 0 0 1 0 0 0 0 0 0 0 0 0 0 0 0 0 0 0 0 0 0 0 0 0 0 0 0 0 0 0 0 0 0 0 0 0 0 0 0 0 0 0 0 0 0 0 0 0 0 0 0 0 0 0 0 0 0 0 0 0 0 0 0 0 0 0 0 0 0 0 0 0 0 0 0 0 0 0 0 0 0 0 0 0 0 0 0 0 0 0 0 0 0 0 82 6 11 0 
1 1 0 0 0 0 0 0 0 0 0 0 0 0 0 0 0 0 0 0 0 0 0 0 0 0 0 0 0 0 0 0 0 0 0 0 0 0 0 0 0 0 0 0 0 0 0 0 0 0 0 0 0 0 0 0 0 0 0 0 0 0 0 0 0 0 0 0 0 0 0 0 0 0 0 0 0 0 0 0 0 0 0 0 0 0 0 0 0 0 0 0 0 0 0 0 0 0 0 98 
4 1 0 0 0 0 0 0 0 0 0 0 0 0 0 0 0 0 0 0 0 0 0 0 0 0 0 0 0 0 0 0 0 0 0 0 0 0 0 0 0 0 0 0 0 0 0 0 0 0 0 0 0 0 0 0 0 0 0 0 0 0 0 0 0 0 0 0 0 0 0 0 0 0 0 0 0 0 0 0 0 0 0 0 0 0 0 0 0 0 0 0 0 0 0 0 3 9 82 1 

Pair-order violations matrix
0 56 50 50 51 52 52 52 53 53 53 53 53 53 53 53 53 53 53 53 53 52 52 52 52 52 52 52 52 52 52 53 52 52 52 52 51 51 50 50 50 50 50 50 49 49 49 49 49 48 48 47 47 49 46 47 45 45 43 43 45 42 42 43 42 42 41 42 41 40 36 32 38 37 34 31 33 33 29 32 26 22 15 22 19 18 12 11 8 7 7 1 1 4 3 2 2 0 2 5 
56 0 37 42 43 42 43 42 43 43 44 43 44 45 44 44 44 44 43 44 44 44 44 40 41 41 41 42 39 41 41 39 39 38 39 38 38 38 38 38 38 37 37 37 37 37 37 37 37 36 36 35 35 35 35 35 33 35 33 33 34 32 31 32 31 31 31 31 30 28 27 22 28 28 26 19 25 24 15 19 14 13 8 13 9 10 6 3 3 3 3 0 1 1 2 2 4 0 1 5 
50 37 0 41 42 42 41 42 41 42 41 40 40 40 40 40 40 40 40 40 40 40 40 40 39 38 39 39 39 39 39 39 39 39 39 38 39 39 39 38 38 38 37 37 37 37 37 37 37 37 37 37 37 37 37 36 36 36 36 36 36 35 34 36 35 33 31 34 30 28 26 23 27 28 25 22 24 23 14 20 17 12 7 10 9 8 3 2 1 2 1 0 3 1 2 3 5 0 2 5 
50 42 41 0 43 40 42 41 41 39 40 41 41 41 41 41 40 41 41 38 39 41 37 34 33 32 33 33 31 31 30 31 30 28 29 28 28 28 28 28 28 28 28 28 27 28 27 27 27 26 27 25 25 26 25 24 22 24 22 22 23 20 19 21 20 20 18 20 18 15 14 11 14 14 14 10 14 12 8 10 6 5 3 5 0 2 0 0 0 1 0 0 3 0 2 3 5 0 2 5 
51 43 42 43 0 36 37 39 36 38 39 39 38 39 39 39 39 39 37 35 37 37 34 28 27 27 25 27 25 25 25 25 25 24 24 24 24 24 24 24 24 24 24 24 24 24 24 24 24 24 24 24 24 24 24 24 24 24 24 23 24 23 22 22 22 22 21 21 20 19 16 12 16 15 14 12 14 12 9 11 8 7 1 5 0 4 0 0 0 1 0 0 4 0 2 3 5 1 2 5 
52 42 42 40 36 0 23 28 28 30 32 31 31 32 32 32 32 32 31 29 30 30 29 23 21 21 21 21 21 21 21 21 21 20 20 20 20 20 20 20 20 20 20 20 18 19 18 18 18 17 17 17 16 17 17 16 15 16 15 15 16 14 13 14 13 13 13 13 12 11 9 4 10 10 7 1 7 2 1 1 0 0 0 0 0 0 0 0 0 1 0 0 4 0 4 3 5 1 2 5 
52 43 41 42 37 23 0 40 42 39 41 38 38 42 38 38 38 38 35 32 34 36 32 22 21 20 20 22 20 20 20 20 20 20 20 20 20 20 20 20 20 19 19 19 18 19 18 18 18 16 17 15 16 16 15 15 14 14 14 14 14 14 11 14 13 11 10 10 9 8 5 0 7 6 5 0 3 0 0 0 0 0 0 0 0 0 0 0 0 1 1 0 4 1 4 3 5 1 2 5 
52 42 42 41 39 28 40 0 65 29 27 27 27 27 27 27 27 27 26 26 25 26 23 16 15 15 15 16 15 15 15 15 15 15 15 15 15 15 15 15 15 15 14 14 14 14 14 14 14 14 14 13 13 14 12 13 11 11 10 10 10 9 8 10 8 9 6 8 6 5 3 0 4 3 3 0 1 0 0 0 0 0 0 0 0 0 0 0 0 2 1 0 4 1 5 4 5 1 2 5 
53 43 41 41 36 28 42 65 0 17 28 25 26 27 26 26 26 26 25 25 24 25 23 17 16 16 16 16 16 16 16 16 16 16 16 16 16 16 16 16 15 13 13 13 10 12 11 11 11 9 10 9 9 9 8 7 5 7 5 5 6 5 5 5 5 5 5 5 3 1 0 0 1 0 0 0 0 0 0 0 0 0 0 0 0 1 0 0 0 2 3 0 4 2 5 4 5 1 2 5 
53 43 42 39 38 30 39 29 17 0 29 25 29 29 29 29 29 29 29 29 28 29 26 17 16 16 16 17 16 16 16 16 16 16 16 16 16 16 16 16 16 15 15 15 14 15 14 13 13 12 13 10 11 12 11 10 10 9 8 7 8 7 5 7 6 5 3 5 1 1 0 0 1 0 0 0 0 0 0 0 0 0 0 0 1 1 0 0 0 2 3 0 4 2 5 4 5 1 2 5 
53 44 41 40 39 32 41 27 28 29 0 41 31 33 30 30 30 29 28 28 27 27 25 16 15 15 15 15 15 15 15 15 15 15 15 15 15 15 15 15 15 14 14 14 13 13 13 12 12 9 9 7 6 9 8 6 6 6 6 5 5 2 2 3 3 2 1 2 0 0 0 0 0 0 0 0 0 0 0 0 0 0 1 0 1 1 0 0 0 2 3 1 4 2 5 4 5 1 2 5 
53 43 40 41 39 31 38 27 25 25 41 0 69 77 28 26 28 26 24 24 24 24 22 13 11 11 11 11 11 11 11 11 11 11 11 11 11 11 11 11 11 11 11 11 11 11 11 11 11 9 9 6 6 8 6 4 4 4 2 2 2 2 1 2 2 1 1 1 0 0 0 0 0 0 0 0 0 0 0 0 0 0 1 0 0 1 0 0 0 2 3 0 4 2 5 4 5 1 2 5 
53 44 40 41 38 31 38 27 26 29 31 69 0 90 29 46 43 28 27 44 26 26 24 16 14 14 14 14 14 14 14 14 14 14 14 14 14 14 14 14 14 13 12 13 10 11 10 9 9 7 7 4 2 6 3 2 2 2 1 1 1 1 0 1 0 0 0 0 0 0 0 0 0 0 0 0 0 0 0 0 0 0 1 0 1 1 1 0 0 2 3 1 4 2 5 4 5 1 2 5 
53 45 40 41 39 32 42 27 27 29 33 77 90 0 26 27 25 25 24 24 23 23 21 12 11 11 11 11 11 11 11 11 11 11 11 11 11 11 11 11 11 10 10 10 9 9 9 8 8 6 6 3 2 5 4 2 2 2 2 2 2 2 0 1 2 1 0 0 0 0 0 0 0 0 0 0 0 0 0 0 0 0 1 0 1 1 1 0 0 2 3 1 4 2 5 4 5 1 2 5 
53 44 40 41 39 32 38 27 26 29 30 28 29 26 0 27 43 28 27 45 26 25 23 13 13 13 13 13 13 13 13 13 13 13 13 13 13 13 13 13 13 12 12 12 10 11 11 10 10 7 7 4 3 5 3 2 2 1 0 0 0 0 0 0 0 0 0 0 0 0 0 0 0 0 0 0 0 0 0 0 0 0 1 0 1 1 1 0 0 2 4 1 4 2 5 4 5 1 2 5 
53 44 40 41 39 32 38 27 26 29 30 26 46 27 27 0 73 28 25 41 24 23 22 13 12 12 12 12 12 12 12 12 12 12 12 12 12 12 12 12 12 11 11 11 10 10 10 9 9 6 7 3 2 5 3 2 2 2 1 1 1 1 0 0 0 0 0 0 0 0 0 0 0 0 0 0 0 0 0 0 0 0 1 0 1 1 1 0 0 2 3 1 4 2 5 4 5 1 2 5 
53 44 40 40 39 32 38 27 26 29 30 28 43 25 43 73 0 25 25 43 24 23 22 12 12 12 12 12 12 12 12 12 12 12 12 12 12 12 12 12 12 11 11 11 9 10 9 9 8 6 6 3 2 4 3 2 2 1 0 1 1 0 0 0 0 0 0 0 0 0 0 0 0 0 0 0 0 0 0 0 0 0 1 0 1 1 1 0 0 2 3 1 4 2 5 4 5 1 2 5 
53 44 40 41 39 32 38 27 26 29 29 26 28 25 28 28 25 0 21 33 22 30 20 11 11 11 11 11 11 11 11 11 11 11 11 11 11 11 11 11 11 10 10 10 9 9 9 8 8 6 6 3 2 4 3 2 1 1 0 0 0 0 0 0 0 0 0 0 0 0 0 0 0 0 0 0 0 0 0 0 0 0 1 0 1 1 1 0 0 2 4 1 4 2 5 4 5 1 2 5 
53 43 40 41 37 31 35 26 25 29 28 24 27 24 27 25 25 21 0 35 34 74 25 16 15 15 15 15 14 15 15 15 15 15 14 14 14 14 14 14 14 13 12 12 10 11 11 10 10 7 7 3 2 5 3 2 1 1 0 0 0 0 0 0 0 0 0 0 0 0 0 0 0 0 0 0 0 0 0 0 0 0 1 0 1 1 1 0 0 2 4 1 4 2 5 4 5 1 2 5 
53 44 40 38 35 29 32 26 25 29 28 24 44 24 45 41 43 33 35 0 66 67 56 15 13 13 13 13 13 13 13 13 13 13 13 13 13 13 12 12 12 10 10 10 9 9 9 8 8 6 6 3 2 4 3 2 1 1 0 0 0 0 0 0 0 0 0 0 0 0 0 0 0 0 0 0 0 0 0 0 0 0 1 0 1 1 1 0 0 2 3 1 4 2 5 4 5 1 2 5 
53 44 40 39 37 30 34 25 24 28 27 24 26 23 26 24 24 22 34 66 0 77 25 13 12 12 12 13 12 12 12 12 12 12 12 12 12 12 12 12 12 11 11 11 9 10 10 9 9 6 6 3 2 4 3 2 1 1 0 0 0 0 0 0 0 0 0 0 0 0 0 0 0 0 0 0 0 1 0 0 0 0 1 0 1 1 1 0 0 2 4 1 4 2 5 4 5 1 2 5 
52 44 40 41 37 30 36 26 25 29 27 24 26 23 25 23 23 30 74 67 77 0 27 11 11 11 11 11 11 11 11 12 11 11 11 11 11 11 11 11 11 10 10 10 9 9 9 8 8 6 6 3 2 4 3 2 1 0 0 0 0 0 0 0 0 0 0 0 0 0 0 0 0 0 0 0 0 1 0 0 0 0 1 0 1 1 1 0 0 2 4 1 4 2 5 4 5 1 2 5 
52 44 40 37 34 29 32 23 23 26 25 22 24 21 23 22 22 20 25 56 25 27 0 17 13 13 13 13 13 12 12 13 12 12 12 12 12 12 12 12 12 10 10 10 9 9 9 8 8 6 6 3 2 4 3 2 1 0 0 0 0 0 0 0 0 0 0 0 0 0 0 0 0 0 0 0 0 1 0 0 0 0 1 0 1 1 1 1 0 2 4 1 4 2 5 4 5 1 2 5 
52 40 40 34 28 23 22 16 17 17 16 13 16 12 13 13 12 11 16 15 13 11 17 0 19 13 13 20 12 13 13 14 12 12 13 12 12 12 12 12 12 11 11 11 9 10 10 9 8 6 6 3 2 4 3 2 1 0 0 0 0 0 0 0 0 0 0 0 0 0 0 0 0 0 0 0 0 1 0 0 0 0 1 0 1 1 1 2 0 3 4 1 5 2 5 4 5 1 2 5 
52 41 39 33 27 21 21 15 16 16 15 11 14 11 13 12 12 11 15 13 12 11 13 19 0 65 19 29 12 14 12 12 12 11 11 11 11 11 11 11 11 10 10 10 9 9 9 8 8 6 6 3 2 4 3 2 1 0 0 0 0 0 0 0 0 0 0 0 0 0 0 0 0 0 0 0 0 1 0 0 0 0 1 0 1 1 1 1 0 2 4 1 5 2 5 4 5 1 2 5 
52 41 38 32 27 21 20 15 16 16 15 11 14 11 13 12 12 11 15 13 12 11 13 13 65 0 18 23 9 13 31 30 13 12 12 12 12 12 12 12 12 11 11 11 10 10 10 9 9 7 7 4 3 4 3 2 1 0 0 0 0 0 0 0 0 0 0 0 0 0 0 0 0 0 0 0 0 1 0 0 0 0 1 0 1 1 1 2 0 3 5 1 5 3 5 4 5 1 2 5 
52 41 39 33 25 21 20 15 16 16 15 11 14 11 13 12 12 11 15 13 12 11 13 13 19 18 0 28 22 17 25 30 28 13 13 12 12 12 12 12 12 11 11 11 9 9 10 8 8 7 6 3 2 4 3 2 1 0 0 0 0 0 0 0 0 0 0 0 0 0 0 0 0 0 0 0 0 1 0 0 0 0 1 0 1 1 1 2 0 3 5 2 5 2 5 4 5 1 2 5 
52 42 39 33 27 21 22 16 16 17 15 11 14 11 13 12 12 11 15 13 13 11 13 20 29 23 28 0 15 20 13 14 13 13 13 12 12 12 12 12 12 11 11 11 9 9 9 8 8 6 6 3 2 4 3 2 1 0 0 0 0 0 0 0 0 0 0 0 0 0 0 0 0 0 0 0 0 1 0 0 0 0 1 0 1 1 1 1 0 2 4 1 4 2 5 4 5 1 2 5 
52 39 39 31 25 21 20 15 16 16 15 11 14 11 13 12 12 11 14 13 12 11 13 12 12 9 22 15 0 76 39 32 35 14 14 13 13 13 12 12 11 11 10 10 9 9 9 8 8 6 6 3 2 4 3 2 1 0 0 0 0 0 0 0 0 0 0 0 0 0 0 0 0 0 0 0 0 1 0 0 0 0 1 0 1 1 1 2 0 3 5 2 5 3 5 4 5 1 2 5 
52 41 39 31 25 21 20 15 16 16 15 11 14 11 13 12 12 11 15 13 12 11 12 13 14 13 17 20 76 0 22 24 22 27 11 12 11 11 11 11 11 10 10 10 9 9 9 8 8 6 6 3 2 4 3 2 1 0 0 0 0 0 0 0 0 0 0 0 0 0 0 0 0 0 0 0 0 1 0 0 0 0 1 0 1 1 1 2 0 3 5 2 5 3 5 4 5 1 2 5 
52 41 39 30 25 21 20 15 16 16 15 11 14 11 13 12 12 11 15 13 12 11 12 13 12 31 25 13 39 22 0 20 24 13 12 11 11 11 11 11 11 10 10 10 9 9 9 8 8 6 6 3 2 4 3 2 1 0 0 0 0 0 0 0 0 0 0 0 0 0 0 0 0 0 0 0 0 1 0 0 0 0 1 0 1 1 1 2 0 3 4 1 5 2 5 4 5 1 2 5 
53 39 39 31 25 21 20 15 16 16 15 11 14 11 13 12 12 11 15 13 12 12 13 14 12 30 30 14 32 24 20 0 65 14 12 12 11 11 11 11 11 10 10 10 9 9 9 8 8 6 6 3 2 4 3 2 1 0 0 0 0 0 0 0 0 0 0 0 0 0 0 0 0 0 0 0 0 1 0 0 0 0 1 0 1 1 1 2 0 3 4 1 5 3 5 4 5 1 2 5 
52 39 39 30 25 21 20 15 16 16 15 11 14 11 13 12 12 11 15 13 12 11 12 12 12 13 28 13 35 22 24 65 0 14 14 14 14 13 13 13 13 12 12 12 10 10 10 9 9 7 7 3 2 4 3 2 1 0 0 0 0 0 0 0 0 0 0 0 0 0 0 0 0 0 0 0 0 1 0 0 0 0 1 0 1 1 1 2 0 3 4 2 5 3 5 4 5 1 2 5 
52 38 39 28 24 20 20 15 16 16 15 11 14 11 13 12 12 11 15 13 12 11 12 12 11 12 13 13 14 27 13 14 14 0 19 8 15 12 12 12 12 11 11 11 10 10 10 9 8 6 6 3 2 4 3 2 1 0 0 0 0 0 0 0 0 0 0 0 0 0 0 0 0 0 0 0 0 1 0 0 0 0 1 0 1 1 1 2 0 3 5 2 5 3 5 4 5 1 2 5 
52 39 39 29 24 20 20 15 16 16 15 11 14 11 13 12 12 11 14 13 12 11 12 13 11 12 13 13 14 11 12 12 14 19 0 23 15 13 13 13 12 11 11 11 10 10 10 9 9 6 6 3 2 4 3 2 1 0 0 0 1 0 0 0 0 0 0 0 0 0 0 0 0 0 0 0 0 1 0 0 0 0 1 0 1 1 1 2 0 3 5 2 5 3 5 4 5 1 2 5 
52 38 38 28 24 20 20 15 16 16 15 11 14 11 13 12 12 11 14 13 12 11 12 12 11 12 12 12 13 12 11 12 14 8 23 0 73 16 14 12 12 11 10 10 9 9 9 8 8 6 6 3 2 4 3 2 1 0 0 0 0 0 0 0 0 0 0 0 0 0 0 0 0 0 0 0 0 1 0 0 0 0 1 0 1 1 1 2 0 3 5 2 5 3 5 4 5 1 2 5 
51 38 39 28 24 20 20 15 16 16 15 11 14 11 13 12 12 11 14 13 12 11 12 12 11 12 12 12 13 11 11 11 14 15 15 73 0 6 11 11 11 10 10 10 9 9 9 8 8 6 6 3 2 4 3 2 1 0 0 0 1 0 0 0 0 0 0 0 0 0 0 0 0 0 0 0 0 1 0 0 0 0 1 0 1 1 1 2 0 3 5 2 5 3 5 4 5 1 2 5 
51 38 39 28 24 20 20 15 16 16 15 11 14 11 13 12 12 11 14 13 12 11 12 12 11 12 12 12 13 11 11 11 13 12 13 16 6 0 18 15 12 11 10 10 9 10 9 8 8 6 6 3 2 4 3 2 1 0 0 0 1 0 0 0 0 0 0 0 0 0 0 0 0 0 0 0 0 1 0 0 0 0 1 0 1 1 1 2 0 3 5 2 5 3 5 4 5 1 2 5 
50 38 39 28 24 20 20 15 16 16 15 11 14 11 13 12 12 11 14 12 12 11 12 12 11 12 12 12 12 11 11 11 13 12 13 14 11 18 0 17 13 11 13 12 11 11 11 10 10 7 7 4 2 5 3 2 1 0 0 0 1 0 0 0 0 0 0 0 0 0 0 0 0 0 0 0 0 1 0 0 0 0 1 0 1 1 1 2 0 3 5 2 5 3 5 4 5 1 2 5 
50 38 38 28 24 20 20 15 16 16 15 11 14 11 13 12 12 11 14 12 12 11 12 12 11 12 12 12 12 11 11 11 13 12 13 12 11 15 17 0 28 19 11 11 25 10 9 8 8 6 6 3 2 4 3 2 1 0 0 0 1 0 0 0 0 0 0 0 0 0 0 0 0 0 0 0 0 1 0 0 0 0 1 0 1 1 1 2 0 3 5 2 5 3 5 4 5 1 2 5 
50 38 38 28 24 20 20 15 15 16 15 11 14 11 13 12 12 11 14 12 12 11 12 12 11 12 12 12 11 11 11 11 13 12 12 12 11 12 13 28 0 26 10 14 15 10 9 8 8 7 6 3 2 4 3 2 1 0 0 0 1 0 0 0 0 0 0 0 0 0 0 0 0 0 0 0 0 1 0 0 0 0 1 0 1 1 1 2 0 3 5 2 5 3 5 4 5 1 2 5 
50 37 38 28 24 20 19 15 13 15 14 11 13 10 12 11 11 10 13 10 11 10 10 11 10 11 11 11 11 10 10 10 12 11 11 11 10 11 11 19 26 0 10 32 19 13 12 11 11 8 8 4 3 5 4 3 1 0 0 0 1 1 0 0 0 0 0 0 0 0 0 0 0 0 0 0 0 1 0 0 0 0 1 0 1 1 1 2 0 3 5 2 5 3 5 4 5 1 2 5 
50 37 37 28 24 20 19 14 13 15 14 11 12 10 12 11 11 10 12 10 11 10 10 11 10 11 11 11 10 10 10 10 12 11 11 10 10 10 13 11 10 10 0 71 27 13 9 9 8 7 6 3 2 4 3 2 1 0 0 0 1 1 0 0 0 0 0 0 0 0 0 0 0 0 0 0 0 1 0 0 0 0 1 0 2 1 1 2 0 3 5 2 5 3 5 4 5 1 2 5 
50 37 37 28 24 20 19 14 13 15 14 11 13 10 12 11 11 10 12 10 11 10 10 11 10 11 11 11 10 10 10 10 12 11 11 10 10 10 12 11 14 32 71 0 28 28 11 8 9 7 6 3 2 4 3 2 1 0 0 0 1 1 0 0 0 0 0 0 0 0 0 0 0 0 0 0 0 1 0 0 0 0 1 0 3 1 1 2 0 3 5 2 5 3 5 4 5 1 2 5 
49 37 37 27 24 18 18 14 10 14 13 11 10 9 10 10 9 9 10 9 9 9 9 9 9 10 9 9 9 9 9 9 10 10 10 9 9 9 11 25 15 19 27 28 0 76 74 74 71 7 8 3 2 4 3 3 1 0 0 0 1 0 0 0 0 0 0 0 0 0 0 0 0 0 0 0 0 1 0 0 0 0 1 0 1 1 1 2 0 3 5 2 5 3 5 4 5 1 2 5 
49 37 37 28 24 19 19 14 12 15 13 11 11 9 11 10 10 9 11 9 10 9 9 10 9 10 9 9 9 9 9 9 10 10 10 9 9 10 11 10 10 13 13 28 76 0 15 9 9 7 6 3 2 4 3 2 1 0 0 0 1 1 0 0 0 0 0 0 0 0 0 0 0 0 0 0 0 1 0 0 0 0 1 0 2 1 1 2 0 3 5 2 5 3 5 4 5 1 2 5 
49 37 37 27 24 18 18 14 11 14 13 11 10 9 11 10 9 9 11 9 10 9 9 10 9 10 10 9 9 9 9 9 10 10 10 9 9 9 11 9 9 12 9 11 74 15 0 13 25 10 7 4 2 5 3 3 1 0 0 0 1 1 0 0 0 0 0 0 0 0 0 0 0 0 1 0 0 1 0 0 0 0 1 0 3 1 1 2 0 3 5 2 5 3 5 4 5 1 2 5 
49 37 37 27 24 18 18 14 11 13 12 11 9 8 10 9 9 8 10 8 9 8 8 9 8 9 8 8 8 8 8 8 9 9 9 8 8 8 10 8 8 11 9 8 74 9 13 0 74 12 6 3 2 4 3 3 1 0 0 0 1 1 0 0 0 0 0 0 0 0 0 0 0 0 1 0 0 1 0 0 0 0 1 0 3 1 1 2 0 3 5 2 5 4 5 4 5 1 2 5 
49 37 37 27 24 18 18 14 11 13 12 11 9 8 10 9 8 8 10 8 9 8 8 8 8 9 8 8 8 8 8 8 9 8 9 8 8 8 10 8 8 11 8 9 71 9 25 74 0 13 7 3 2 4 3 3 1 0 0 0 1 1 0 0 0 0 0 0 0 0 0 0 0 0 0 0 0 1 0 0 0 0 1 0 2 1 1 2 0 3 5 2 5 3 5 4 5 1 2 5 
48 36 37 26 24 17 16 14 9 12 9 9 7 6 7 6 6 6 7 6 6 6 6 6 6 7 7 6 6 6 6 6 7 6 6 6 6 6 7 6 7 8 7 7 7 7 10 12 13 0 65 6 2 15 1 3 2 0 0 0 1 1 0 0 0 0 0 0 0 0 0 0 0 0 0 0 0 1 0 0 0 0 1 0 3 1 1 2 0 3 5 2 5 4 5 4 5 1 2 5 
48 36 37 27 24 17 17 14 10 13 9 9 7 6 7 7 6 6 7 6 6 6 6 6 6 7 6 6 6 6 6 6 7 6 6 6 6 6 7 6 6 8 6 6 8 6 7 6 7 65 0 4 3 7 4 5 1 1 0 0 1 1 0 0 0 0 0 0 0 0 0 0 0 0 1 0 0 1 0 0 0 0 1 0 3 1 1 2 0 3 5 2 5 4 5 4 5 1 2 5 
47 35 37 25 24 17 15 13 9 10 7 6 4 3 4 3 3 3 3 3 3 3 3 3 3 4 3 3 3 3 3 3 3 3 3 3 3 3 4 3 3 4 3 3 3 3 4 3 3 6 4 0 15 82 22 7 2 2 1 1 2 1 0 1 0 0 1 0 0 0 0 0 0 0 1 0 0 1 0 0 0 0 1 0 3 1 1 3 1 3 5 2 5 4 5 4 5 1 2 5 
47 35 37 25 24 16 16 13 9 11 6 6 2 2 3 2 2 2 2 2 2 2 2 2 2 3 2 2 2 2 2 2 2 2 2 2 2 2 2 2 2 3 2 2 2 2 2 2 2 2 3 15 0 91 27 22 17 3 1 1 2 1 0 0 0 0 1 0 0 0 0 0 0 0 1 0 0 1 0 0 0 0 1 0 3 1 2 3 1 3 5 2 5 5 5 4 5 1 2 5 
49 35 37 26 24 17 16 14 9 12 9 8 6 5 5 5 4 4 5 4 4 4 4 4 4 4 4 4 4 4 4 4 4 4 4 4 4 4 5 4 4 5 4 4 4 4 5 4 4 15 7 82 91 0 21 4 0 0 0 0 1 1 0 0 0 0 1 0 0 0 0 0 0 0 1 0 0 1 0 0 0 0 1 0 3 1 1 3 1 3 5 2 5 4 5 4 5 1 2 5 
46 35 37 25 24 17 15 12 8 11 8 6 3 4 3 3 3 3 3 3 3 3 3 3 3 3 3 3 3 3 3 3 3 3 3 3 3 3 3 3 3 4 3 3 3 3 3 3 3 1 4 22 27 21 0 16 3 2 0 0 1 1 0 0 0 0 1 0 0 0 0 0 0 0 1 0 0 1 0 0 0 0 1 0 3 1 2 2 0 3 5 2 5 4 5 4 5 1 2 5 
47 35 36 24 24 16 15 13 7 10 6 4 2 2 2 2 2 2 2 2 2 2 2 2 2 2 2 2 2 2 2 2 2 2 2 2 2 2 2 2 2 3 2 2 3 2 3 3 3 3 5 7 22 4 16 0 11 6 1 1 4 2 0 0 0 0 1 0 0 0 0 0 0 0 1 0 0 1 0 0 0 0 1 0 3 1 2 3 1 3 5 2 5 4 5 4 5 1 2 5 
45 33 36 22 24 15 14 11 5 10 6 4 2 2 2 2 2 1 1 1 1 1 1 1 1 1 1 1 1 1 1 1 1 1 1 1 1 1 1 1 1 1 1 1 1 1 1 1 1 2 1 2 17 0 3 11 0 65 2 0 62 1 0 0 0 0 1 0 0 0 0 0 0 0 1 0 0 1 0 0 0 0 1 0 3 1 2 3 1 3 5 2 5 5 5 4 5 1 2 5 
45 35 36 24 24 16 14 11 7 9 6 4 2 2 1 2 1 1 1 1 1 0 0 0 0 0 0 0 0 0 0 0 0 0 0 0 0 0 0 0 0 0 0 0 0 0 0 0 0 0 1 2 3 0 2 6 65 0 0 3 53 1 0 0 0 0 1 0 0 0 0 0 0 0 1 0 0 1 0 0 0 0 1 0 3 1 2 3 1 3 5 2 5 5 5 4 5 1 2 5 
43 33 36 22 24 15 14 10 5 8 6 2 1 2 0 1 0 0 0 0 0 0 0 0 0 0 0 0 0 0 0 0 0 0 0 0 0 0 0 0 0 0 0 0 0 0 0 0 0 0 0 1 1 0 0 1 2 0 0 28 79 1 0 3 0 0 1 0 0 0 0 1 0 0 1 0 0 1 0 0 0 0 1 0 3 1 2 3 1 3 5 2 5 5 5 4 5 1 2 5 
43 33 36 22 23 15 14 10 5 7 5 2 1 2 0 1 1 0 0 0 0 0 0 0 0 0 0 0 0 0 0 0 0 0 0 0 0 0 0 0 0 0 0 0 0 0 0 0 0 0 0 1 1 0 0 1 0 3 28 0 79 4 1 5 0 0 1 0 0 0 0 0 0 0 1 0 0 1 0 0 0 0 1 0 3 1 2 3 1 3 5 2 5 5 5 4 5 1 2 5 
45 34 36 23 24 16 14 10 6 8 5 2 1 2 0 1 1 0 0 0 0 0 0 0 0 0 0 0 0 0 0 0 0 0 1 0 1 1 1 1 1 1 1 1 1 1 1 1 1 1 1 2 2 1 1 4 62 53 79 79 0 2 0 2 1 0 2 0 0 0 0 1 0 0 0 0 0 1 0 0 0 0 1 1 3 1 2 3 1 3 5 2 5 5 5 4 5 1 2 5 
42 32 35 20 23 14 14 9 5 7 2 2 1 2 0 1 0 0 0 0 0 0 0 0 0 0 0 0 0 0 0 0 0 0 0 0 0 0 0 0 0 1 1 1 0 1 1 1 1 1 1 1 1 1 1 2 1 1 1 4 2 0 17 70 13 0 2 0 0 0 0 1 0 0 1 0 0 1 0 0 0 0 1 1 3 1 2 3 1 3 5 2 5 5 5 4 5 1 2 5 
42 31 34 19 22 13 11 8 5 5 2 1 0 0 0 0 0 0 0 0 0 0 0 0 0 0 0 0 0 0 0 0 0 0 0 0 0 0 0 0 0 0 0 0 0 0 0 0 0 0 0 0 0 0 0 0 0 0 0 1 0 17 0 83 77 70 5 18 0 0 0 1 0 0 1 0 0 1 0 0 0 0 1 1 3 1 2 3 1 3 5 2 5 5 5 4 5 1 2 5 
43 32 36 21 22 14 14 10 5 7 3 2 1 1 0 0 0 0 0 0 0 0 0 0 0 0 0 0 0 0 0 0 0 0 0 0 0 0 0 0 0 0 0 0 0 0 0 0 0 0 0 1 0 0 0 0 0 0 3 5 2 70 83 0 4 0 3 0 0 0 0 1 0 0 1 0 0 1 0 0 0 0 1 1 3 1 3 3 1 3 5 2 5 5 5 4 5 1 2 5 
42 31 35 20 22 13 13 8 5 6 3 2 0 2 0 0 0 0 0 0 0 0 0 0 0 0 0 0 0 0 0 0 0 0 0 0 0 0 0 0 0 0 0 0 0 0 0 0 0 0 0 0 0 0 0 0 0 0 0 0 1 13 77 4 0 23 19 1 0 11 4 1 1 0 1 0 0 1 0 0 0 0 1 1 3 1 3 3 1 3 5 2 5 5 5 4 5 1 2 5 
42 31 33 20 22 13 11 9 5 5 2 1 0 1 0 0 0 0 0 0 0 0 0 0 0 0 0 0 0 0 0 0 0 0 0 0 0 0 0 0 0 0 0 0 0 0 0 0 0 0 0 0 0 0 0 0 0 0 0 0 0 0 70 0 23 0 19 8 0 1 2 1 1 0 1 0 0 1 0 0 0 0 1 1 3 1 3 3 1 3 5 2 5 5 5 4 5 1 2 5 
41 31 31 18 21 13 10 6 5 3 1 1 0 0 0 0 0 0 0 0 0 0 0 0 0 0 0 0 0 0 0 0 0 0 0 0 0 0 0 0 0 0 0 0 0 0 0 0 0 0 0 1 1 1 1 1 1 1 1 1 2 2 5 3 19 19 0 75 6 1 1 1 1 0 1 0 0 1 0 0 0 0 1 1 3 1 3 3 1 3 5 2 5 5 5 4 5 1 2 5 
42 31 34 20 21 13 10 8 5 5 2 1 0 0 0 0 0 0 0 0 0 0 0 0 0 0 0 0 0 0 0 0 0 0 0 0 0 0 0 0 0 0 0 0 0 0 0 0 0 0 0 0 0 0 0 0 0 0 0 0 0 0 18 0 1 8 75 0 5 19 18 1 1 0 2 0 0 1 0 0 0 0 1 2 3 1 4 3 1 3 5 2 5 5 5 4 5 1 2 5 
41 30 30 18 20 12 9 6 3 1 0 0 0 0 0 0 0 0 0 0 0 0 0 0 0 0 0 0 0 0 0 0 0 0 0 0 0 0 0 0 0 0 0 0 0 0 0 0 0 0 0 0 0 0 0 0 0 0 0 0 0 0 0 0 0 0 6 5 0 22 19 2 1 1 2 0 0 1 0 0 0 0 1 2 3 1 3 3 1 3 5 2 5 5 5 4 5 1 2 5 
40 28 28 15 19 11 8 5 1 1 0 0 0 0 0 0 0 0 0 0 0 0 0 0 0 0 0 0 0 0 0 0 0 0 0 0 0 0 0 0 0 0 0 0 0 0 0 0 0 0 0 0 0 0 0 0 0 0 0 0 0 0 0 0 11 1 1 19 22 0 3 1 3 1 1 0 0 1 0 0 0 0 1 1 3 1 3 3 1 3 5 2 5 5 5 4 5 1 2 5 
36 27 26 14 16 9 5 3 0 0 0 0 0 0 0 0 0 0 0 0 0 0 0 0 0 0 0 0 0 0 0 0 0 0 0 0 0 0 0 0 0 0 0 0 0 0 0 0 0 0 0 0 0 0 0 0 0 0 0 0 0 0 0 0 4 2 1 18 19 3 0 2 77 73 7 0 1 2 0 0 0 0 1 2 3 1 3 3 1 3 5 2 5 5 5 4 5 1 2 5 
32 22 23 11 12 4 0 0 0 0 0 0 0 0 0 0 0 0 0 0 0 0 0 0 0 0 0 0 0 0 0 0 0 0 0 0 0 0 0 0 0 0 0 0 0 0 0 0 0 0 0 0 0 0 0 0 0 0 1 0 1 1 1 1 1 1 1 1 2 1 2 0 81 81 83 3 80 74 1 1 0 0 1 2 4 1 4 3 1 3 5 2 5 5 5 4 5 1 2 5 
38 28 27 14 16 10 7 4 1 1 0 0 0 0 0 0 0 0 0 0 0 0 0 0 0 0 0 0 0 0 0 0 0 0 0 0 0 0 0 0 0 0 0 0 0 0 0 0 0 0 0 0 0 0 0 0 0 0 0 0 0 0 0 0 1 1 1 1 1 3 77 81 0 29 11 0 0 1 0 0 0 0 2 2 3 1 4 3 1 3 5 2 5 5 5 4 5 1 2 5 
37 28 28 14 15 10 6 3 0 0 0 0 0 0 0 0 0 0 0 0 0 0 0 0 0 0 0 0 0 0 0 0 0 0 0 0 0 0 0 0 0 0 0 0 0 0 0 0 0 0 0 0 0 0 0 0 0 0 0 0 0 0 0 0 0 0 0 0 1 1 73 81 29 0 8 0 1 1 0 0 0 0 1 2 3 1 4 3 1 3 5 2 5 5 5 4 5 1 2 5 
34 26 25 14 14 7 5 3 0 0 0 0 0 0 0 0 0 0 0 0 0 0 0 0 0 0 0 0 0 0 0 0 0 0 0 0 0 0 0 0 0 0 0 0 0 0 1 1 0 0 1 1 1 1 1 1 1 1 1 1 0 1 1 1 1 1 1 2 2 1 7 83 11 8 0 0 8 1 0 0 0 0 1 2 3 1 3 3 1 3 5 2 5 5 5 4 5 1 2 5 
31 19 22 10 12 1 0 0 0 0 0 0 0 0 0 0 0 0 0 0 0 0 0 0 0 0 0 0 0 0 0 0 0 0 0 0 0 0 0 0 0 0 0 0 0 0 0 0 0 0 0 0 0 0 0 0 0 0 0 0 0 0 0 0 0 0 0 0 0 0 0 3 0 0 0 0 100 83 1 10 1 1 3 2 4 1 4 4 1 3 5 2 5 5 5 4 5 1 2 5 
33 25 24 14 14 7 3 1 0 0 0 0 0 0 0 0 0 0 0 0 0 0 0 0 0 0 0 0 0 0 0 0 0 0 0 0 0 0 0 0 0 0 0 0 0 0 0 0 0 0 0 0 0 0 0 0 0 0 0 0 0 0 0 0 0 0 0 0 0 0 1 80 0 1 8 100 0 3 1 0 1 1 2 2 3 1 4 4 1 3 5 2 5 5 5 4 5 1 2 5 
33 24 23 12 12 2 0 0 0 0 0 0 0 0 0 0 0 0 0 0 1 1 1 1 1 1 1 1 1 1 1 1 1 1 1 1 1 1 1 1 1 1 1 1 1 1 1 1 1 1 1 1 1 1 1 1 1 1 1 1 1 1 1 1 1 1 1 1 1 1 2 74 1 1 1 83 3 0 9 2 1 1 3 2 5 1 4 4 2 3 5 2 5 5 5 4 5 1 2 5 
29 15 14 8 9 1 0 0 0 0 0 0 0 0 0 0 0 0 0 0 0 0 0 0 0 0 0 0 0 0 0 0 0 0 0 0 0 0 0 0 0 0 0 0 0 0 0 0 0 0 0 0 0 0 0 0 0 0 0 0 0 0 0 0 0 0 0 0 0 0 0 1 0 0 0 1 1 9 0 83 32 5 3 2 5 1 4 4 2 3 5 2 5 5 5 4 5 1 2 5 
32 19 20 10 11 1 0 0 0 0 0 0 0 0 0 0 0 0 0 0 0 0 0 0 0 0 0 0 0 0 0 0 0 0 0 0 0 0 0 0 0 0 0 0 0 0 0 0 0 0 0 0 0 0 0 0 0 0 0 0 0 0 0 0 0 0 0 0 0 0 0 1 0 0 0 10 0 2 83 0 3 6 4 3 5 1 4 4 2 3 5 2 5 5 5 4 5 1 2 5 
26 14 17 6 8 0 0 0 0 0 0 0 0 0 0 0 0 0 0 0 0 0 0 0 0 0 0 0 0 0 0 0 0 0 0 0 0 0 0 0 0 0 0 0 0 0 0 0 0 0 0 0 0 0 0 0 0 0 0 0 0 0 0 0 0 0 0 0 0 0 0 0 0 0 0 1 1 1 32 3 0 16 15 2 5 1 4 4 2 3 5 2 5 5 5 4 5 1 2 5 
22 13 12 5 7 0 0 0 0 0 0 0 0 0 0 0 0 0 0 0 0 0 0 0 0 0 0 0 0 0 0 0 0 0 0 0 0 0 0 0 0 0 0 0 0 0 0 0 0 0 0 0 0 0 0 0 0 0 0 0 0 0 0 0 0 0 0 0 0 0 0 0 0 0 0 1 1 1 5 6 16 0 4 4 5 1 4 4 2 3 5 2 5 5 5 4 5 1 2 5 
15 8 7 3 1 0 0 0 0 0 1 1 1 1 1 1 1 1 1 1 1 1 1 1 1 1 1 1 1 1 1 1 1 1 1 1 1 1 1 1 1 1 1 1 1 1 1 1 1 1 1 1 1 1 1 1 1 1 1 1 1 1 1 1 1 1 1 1 1 1 1 1 2 1 1 3 2 3 3 4 15 4 0 85 24 80 4 4 2 3 5 2 5 5 5 4 5 1 2 5 
22 13 10 5 5 0 0 0 0 0 0 0 0 0 0 0 0 0 0 0 0 0 0 0 0 0 0 0 0 0 0 0 0 0 0 0 0 0 0 0 0 0 0 0 0 0 0 0 0 0 0 0 0 0 0 0 0 0 0 0 1 1 1 1 1 1 1 2 2 1 2 2 2 2 2 2 2 2 2 3 2 4 85 0 6 8 5 4 2 3 5 2 5 5 5 4 5 1 2 5 
19 9 9 0 0 0 0 0 0 1 1 0 1 1 1 1 1 1 1 1 1 1 1 1 1 1 1 1 1 1 1 1 1 1 1 1 1 1 1 1 1 1 2 3 1 2 3 3 2 3 3 3 3 3 3 3 3 3 3 3 3 3 3 3 3 3 3 3 3 3 3 4 3 3 3 4 3 5 5 5 5 5 24 6 0 94 14 10 2 3 5 2 5 5 5 4 5 1 2 5 
18 10 8 2 4 0 0 0 1 1 1 1 1 1 1 1 1 1 1 1 1 1 1 1 1 1 1 1 1 1 1 1 1 1 1 1 1 1 1 1 1 1 1 1 1 1 1 1 1 1 1 1 1 1 1 1 1 1 1 1 1 1 1 1 1 1 1 1 1 1 1 1 1 1 1 1 1 1 1 1 1 1 80 8 94 0 8 4 2 3 5 2 5 5 5 4 5 1 2 5 
12 6 3 0 0 0 0 0 0 0 0 0 1 1 1 1 1 1 1 1 1 1 1 1 1 1 1 1 1 1 1 1 1 1 1 1 1 1 1 1 1 1 1 1 1 1 1 1 1 1 1 1 2 1 2 2 2 2 2 2 2 2 2 3 3 3 3 4 3 3 3 4 4 4 3 4 4 4 4 4 4 4 4 5 14 8 0 6 2 3 5 2 5 5 5 4 5 1 2 5 
11 3 2 0 0 0 0 0 0 0 0 0 0 0 0 0 0 0 0 0 0 0 1 2 1 2 2 1 2 2 2 2 2 2 2 2 2 2 2 2 2 2 2 2 2 2 2 2 2 2 2 3 3 3 2 3 3 3 3 3 3 3 3 3 3 3 3 3 3 3 3 3 3 3 3 4 4 4 4 4 4 4 4 4 10 4 6 0 2 3 6 2 4 5 5 4 5 1 2 5 
8 3 1 0 0 0 0 0 0 0 0 0 0 0 0 0 0 0 0 0 0 0 0 0 0 0 0 0 0 0 0 0 0 0 0 0 0 0 0 0 0 0 0 0 0 0 0 0 0 0 0 1 1 1 0 1 1 1 1 1 1 1 1 1 1 1 1 1 1 1 1 1 1 1 1 1 1 2 2 2 2 2 2 2 2 2 2 2 0 4 25 4 5 6 5 4 5 1 2 5 
7 3 2 1 1 1 1 2 2 2 2 2 2 2 2 2 2 2 2 2 2 2 2 3 2 3 3 2 3 3 3 3 3 3 3 3 3 3 3 3 3 3 3 3 3 3 3 3 3 3 3 3 3 3 3 3 3 3 3 3 3 3 3 3 3 3 3 3 3 3 3 3 3 3 3 3 3 3 3 3 3 3 3 3 3 3 3 3 4 0 97 3 4 6 5 4 5 1 2 5 
7 3 1 0 0 0 1 1 3 3 3 3 3 3 4 3 3 4 4 3 4 4 4 4 4 5 5 4 5 5 4 4 4 5 5 5 5 5 5 5 5 5 5 5 5 5 5 5 5 5 5 5 5 5 5 5 5 5 5 5 5 5 5 5 5 5 5 5 5 5 5 5 5 5 5 5 5 5 5 5 5 5 5 5 5 5 5 6 25 97 0 3 5 4 5 4 5 1 2 5 
1 0 0 0 0 0 0 0 0 0 1 0 1 1 1 1 1 1 1 1 1 1 1 1 1 1 2 1 2 2 1 1 2 2 2 2 2 2 2 2 2 2 2 2 2 2 2 2 2 2 2 2 2 2 2 2 2 2 2 2 2 2 2 2 2 2 2 2 2 2 2 2 2 2 2 2 2 2 2 2 2 2 2 2 2 2 2 2 4 3 3 0 11 83 6 4 5 1 2 5 
1 1 3 3 4 4 4 4 4 4 4 4 4 4 4 4 4 4 4 4 4 4 4 5 5 5 5 4 5 5 5 5 5 5 5 5 5 5 5 5 5 5 5 5 5 5 5 5 5 5 5 5 5 5 5 5 5 5 5 5 5 5 5 5 5 5 5 5 5 5 5 5 5 5 5 5 5 5 5 5 5 5 5 5 5 5 5 4 5 4 5 11 0 87 85 88 5 3 2 5 
4 1 1 0 0 0 1 1 2 2 2 2 2 2 2 2 2 2 2 2 2 2 2 2 2 3 2 2 3 3 2 3 3 3 3 3 3 3 3 3 3 3 3 3 3 3 3 4 3 4 4 4 5 4 4 4 5 5 5 5 5 5 5 5 5 5 5 5 5 5 5 5 5 5 5 5 5 5 5 5 5 5 5 5 5 5 5 5 6 6 4 83 87 0 8 5 5 2 2 5 
3 2 2 2 2 4 4 5 5 5 5 5 5 5 5 5 5 5 5 5 5 5 5 5 5 5 5 5 5 5 5 5 5 5 5 5 5 5 5 5 5 5 5 5 5 5 5 5 5 5 5 5 5 5 5 5 5 5 5 5 5 5 5 5 5 5 5 5 5 5 5 5 5 5 5 5 5 5 5 5 5 5 5 5 5 5 5 5 5 5 5 6 85 8 0 11 6 2 2 5 
2 2 3 3 3 3 3 4 4 4 4 4 4 4 4 4 4 4 4 4 4 4 4 4 4 4 4 4 4 4 4 4 4 4 4 4 4 4 4 4 4 4 4 4 4 4 4 4 4 4 4 4 4 4 4 4 4 4 4 4 4 4 4 4 4 4 4 4 4 4 4 4 4 4 4 4 4 4 4 4 4 4 4 4 4 4 4 4 4 4 4 4 88 5 11 0 6 1 2 5 
2 4 5 5 5 5 5 5 5 5 5 5 5 5 5 5 5 5 5 5 5 5 5 5 5 5 5 5 5 5 5 5 5 5 5 5 5 5 5 5 5 5 5 5 5 5 5 5 5 5 5 5 5 5 5 5 5 5 5 5 5 5 5 5 5 5 5 5 5 5 5 5 5 5 5 5 5 5 5 5 5 5 5 5 5 5 5 5 5 5 5 5 5 5 6 6 0 87 2 8 
0 0 0 0 1 1 1 1 1 1 1 1 1 1 1 1 1 1 1 1 1 1 1 1 1 1 1 1 1 1 1 1 1 1 1 1 1 1 1 1 1 1 1 1 1 1 1 1 1 1 1 1 1 1 1 1 1 1 1 1 1 1 1 1 1 1 1 1 1 1 1 1 1 1 1 1 1 1 1 1 1 1 1 1 1 1 1 1 1 1 1 1 3 2 2 1 87 0 2 17 
2 1 2 2 2 2 2 2 2 2 2 2 2 2 2 2 2 2 2 2 2 2 2 2 2 2 2 2 2 2 2 2 2 2 2 2 2 2 2 2 2 2 2 2 2 2 2 2 2 2 2 2 2 2 2 2 2 2 2 2 2 2 2 2 2 2 2 2 2 2 2 2 2 2 2 2 2 2 2 2 2 2 2 2 2 2 2 2 2 2 2 2 2 2 2 2 2 2 0 98 
5 5 5 5 5 5 5 5 5 5 5 5 5 5 5 5 5 5 5 5 5 5 5 5 5 5 5 5 5 5 5 5 5 5 5 5 5 5 5 5 5 5 5 5 5 5 5 5 5 5 5 5 5 5 5 5 5 5 5 5 5 5 5 5 5 5 5 5 5 5 5 5 5 5 5 5 5 5 5 5 5 5 5 5 5 5 5 5 5 5 5 5 5 5 5 5 8 17 98 0 

Rho histogram: 
0 0 0 0 0 0 0 0 0 1 4 1 3 3 1 7 3 18 23 36 

Summary:
objF nSamp nIter rhoMean rhoStDev rProp hitsProp rankHitsProp seconds
Wrug 100 100 0.8821456945694571 0.12922524968578064 0 0 0.1219 2464.638133054
