=======================================================
Objective function:  Bers
Matrix:  I100.csv
Iterations:  100
Heuristic for search:  RobSA3
Improvement function # 0
Window width for improvement:  0
Heuristic for improvement:  RobSA3
Seed:  33
=======================================================

Best permutations: 
2 0 1 4 3 5 6 7 8 9 11 13 10 16 12 15 14 17 19 20 18 21 22 23 27 24 25 26 30 28 29 32 31 33 35 34 36 37 38 39 40 41 43 42 45 44 48 46 47 49 50 53 51 54 52 55 56 57 60 58 59 63 61 62 65 64 67 66 69 68 70 73 72 74 76 71 77 75 79 78 81 80 82 83 85 84 86 87 90 88 89 93 91 94 92 95 97 96 99 98 
2 0 1 4 3 5 6 7 8 9 11 13 10 16 12 14 15 17 19 18 20 21 22 23 24 27 25 26 30 28 29 32 31 33 34 35 36 37 38 39 40 41 42 43 45 44 48 46 47 49 50 53 51 54 52 55 56 57 60 58 59 63 61 62 65 64 67 66 69 68 70 73 72 74 71 76 77 75 79 78 81 80 82 83 85 84 86 87 90 88 89 93 91 94 92 95 97 96 99 98 
2 0 1 4 3 5 6 7 8 9 11 13 10 16 12 15 14 17 18 19 20 21 22 23 24 27 25 26 30 28 29 32 31 33 34 35 36 37 38 39 40 41 42 43 45 44 48 46 47 49 50 51 53 54 52 55 56 57 60 58 59 63 61 62 65 64 67 66 69 68 70 73 72 71 74 76 77 75 79 78 81 80 82 83 85 84 86 87 90 88 89 93 91 94 92 95 97 96 99 98 
2 0 1 4 3 5 6 7 8 9 11 13 10 16 12 15 14 17 19 18 20 21 22 23 24 27 25 26 30 28 29 32 31 33 34 36 35 37 39 38 40 41 42 43 45 44 48 46 47 49 50 53 51 54 52 55 56 57 60 58 59 61 63 62 65 64 67 66 68 69 70 73 72 74 71 76 77 75 79 81 78 80 83 82 85 84 86 87 88 90 89 93 91 94 92 95 97 96 99 98 
2 0 1 4 3 5 6 7 8 9 11 13 10 16 12 15 14 17 19 18 21 20 22 23 24 27 25 26 30 28 29 32 31 33 34 35 36 37 38 39 40 41 42 43 45 44 48 46 47 49 50 53 51 54 52 55 56 57 60 58 59 63 61 62 65 64 67 66 69 70 68 73 72 74 71 76 77 75 79 78 81 80 82 83 85 84 86 87 90 88 89 93 91 94 92 95 97 96 99 98 
2 0 1 4 3 5 6 7 8 9 11 13 10 16 12 15 14 17 19 18 20 21 22 23 24 27 25 26 30 29 28 32 31 33 34 35 36 37 38 39 40 41 42 43 45 44 48 46 47 49 50 53 51 54 52 55 56 57 60 58 59 63 61 62 65 64 67 66 69 68 70 73 72 74 71 76 77 75 78 79 81 80 82 83 85 84 86 87 90 88 89 93 91 94 92 95 97 96 99 98 
2 0 1 4 3 5 6 7 8 11 9 13 10 16 12 15 14 17 19 18 20 21 22 23 24 27 25 26 30 28 29 32 31 33 34 35 36 37 38 39 41 40 42 43 45 44 48 46 47 49 50 53 51 54 52 55 56 57 60 58 59 63 61 62 65 64 67 66 69 68 70 73 72 74 71 76 77 75 79 78 81 80 82 83 85 84 86 87 90 88 89 93 91 94 92 95 97 96 99 98 
2 0 1 4 3 5 6 7 8 9 11 13 10 16 12 15 14 17 19 18 20 21 22 23 24 27 25 26 30 28 29 32 31 33 34 35 36 37 38 39 40 41 42 43 45 44 48 46 47 49 50 53 51 54 52 55 56 57 60 59 58 63 61 62 65 64 67 66 69 68 70 72 73 74 71 76 77 75 79 78 81 80 82 83 85 84 86 87 90 88 89 93 91 94 92 95 97 96 99 98 
2 0 1 4 3 5 6 7 8 9 11 13 10 16 12 15 14 17 19 18 20 21 22 23 24 27 25 26 30 28 29 32 31 33 34 35 36 37 38 39 40 41 42 43 45 44 48 46 47 49 50 53 51 54 52 55 57 56 60 58 59 63 61 62 65 64 66 67 69 68 70 73 72 74 71 76 77 75 79 81 78 80 82 83 85 84 86 87 90 88 89 93 91 94 92 95 97 96 99 98 
2 0 1 4 3 5 6 7 8 9 11 13 10 16 12 15 14 17 19 18 20 21 22 23 24 27 25 26 30 29 28 32 31 33 34 35 36 37 38 39 40 41 42 43 45 44 48 46 47 49 50 53 51 54 52 55 56 57 60 58 59 63 61 62 65 64 66 67 69 68 70 73 72 74 71 76 77 75 79 78 81 80 82 83 85 84 86 87 90 88 89 93 91 94 92 95 97 96 99 98 
2 0 1 4 3 5 6 7 8 9 11 10 16 13 12 15 14 17 19 20 18 21 22 23 24 27 25 26 30 28 29 31 32 33 34 35 37 38 36 39 41 40 42 43 45 44 48 46 47 49 50 53 51 54 52 55 56 57 60 58 59 63 61 62 64 65 67 66 69 68 70 73 72 71 74 76 77 75 79 78 81 80 83 82 85 84 86 87 90 88 89 93 91 94 92 95 97 96 99 98 
2 0 1 4 3 5 6 7 8 9 11 10 13 16 12 15 14 17 19 18 20 21 22 23 24 27 25 26 30 28 29 32 31 33 34 35 36 37 38 39 40 41 42 43 45 44 48 46 47 49 50 51 53 54 55 52 56 57 60 59 58 63 61 62 65 64 67 66 69 68 70 73 72 74 71 76 77 79 75 78 81 80 82 83 85 84 86 87 90 88 89 93 91 94 92 95 97 96 99 98 
2 0 1 4 3 5 6 7 8 9 11 13 10 16 12 15 14 17 19 18 20 21 22 23 24 27 25 26 30 28 29 32 31 33 34 36 35 37 38 39 40 41 42 43 45 44 46 48 47 49 50 53 51 54 52 55 56 57 60 58 59 63 61 62 65 64 67 66 69 68 70 73 72 74 71 76 77 75 79 78 81 80 82 83 85 84 86 87 88 90 89 93 91 94 92 95 97 96 99 98 
2 0 1 4 3 5 6 7 8 11 9 13 10 16 12 15 14 17 19 18 20 21 22 23 24 25 27 26 30 28 29 32 31 33 35 34 36 37 38 39 40 41 42 43 45 44 48 46 47 49 50 53 51 54 52 55 56 57 60 58 59 63 61 62 65 64 67 66 69 68 70 73 72 71 76 74 77 75 79 78 81 80 82 83 85 84 86 87 90 88 89 93 91 94 92 95 97 96 99 98 
2 0 1 4 3 5 6 7 8 9 11 13 10 16 12 15 14 17 19 18 20 21 23 22 24 27 25 30 26 28 32 29 31 33 34 35 36 37 38 39 40 41 42 43 45 44 46 48 47 49 50 53 51 54 52 55 56 57 60 58 59 63 61 62 65 64 67 66 69 68 70 73 72 74 71 76 77 75 79 78 81 80 82 83 85 84 86 87 90 88 89 93 91 94 92 95 97 96 99 98 
2 0 1 4 3 5 6 7 8 9 11 13 10 16 12 15 14 17 19 18 20 21 22 23 24 27 25 26 30 28 29 32 31 33 35 34 36 37 38 39 40 41 42 43 45 44 48 46 47 50 49 53 51 54 55 52 56 57 60 58 59 63 61 62 65 64 67 66 69 68 70 73 72 74 71 76 77 75 79 78 81 80 82 83 85 84 86 87 90 88 89 93 91 94 92 95 97 96 99 98 
2 0 1 4 3 5 6 7 8 9 11 13 10 16 12 15 14 17 19 18 21 20 22 23 24 27 25 26 30 28 29 32 31 33 34 35 36 37 38 39 40 41 42 43 45 44 48 46 47 49 50 53 51 54 52 55 56 57 60 58 59 63 61 62 65 64 67 66 69 68 70 73 72 74 71 76 77 75 79 78 81 80 82 83 85 84 86 87 90 88 89 93 91 94 92 95 97 96 99 98 
2 0 1 4 3 5 6 7 8 9 11 13 10 16 12 15 14 17 19 18 20 21 22 23 24 27 25 26 30 28 32 29 31 33 34 35 36 37 38 39 40 41 42 43 45 44 48 46 47 49 50 53 51 54 52 56 55 57 60 58 59 63 61 62 65 64 67 66 69 68 70 73 72 74 71 76 77 75 79 78 81 80 82 83 85 84 86 87 90 88 89 93 91 94 92 95 97 96 99 98 
2 0 1 4 3 5 6 7 8 9 11 13 10 16 12 15 14 17 19 18 20 21 22 23 24 27 25 26 30 28 29 32 31 33 34 35 36 37 38 39 40 41 42 43 45 44 48 47 46 50 49 53 51 54 52 55 57 56 60 58 59 63 61 62 65 64 66 68 67 70 69 73 72 74 71 76 77 75 79 81 78 80 83 82 85 84 86 87 90 88 89 93 91 94 92 95 97 96 99 98 
2 0 1 4 3 5 6 7 8 9 11 13 10 16 12 15 14 17 19 18 20 21 22 23 24 27 25 26 30 28 29 32 31 33 34 35 36 37 38 39 40 41 42 43 45 44 48 46 47 49 50 53 51 54 52 55 56 57 60 58 59 63 61 62 65 64 67 66 69 68 70 73 72 74 71 76 77 75 79 78 81 80 82 83 85 84 86 87 90 88 89 93 91 94 92 95 97 96 99 98 
2 0 1 4 3 5 6 7 8 9 11 13 10 16 12 15 14 17 19 18 20 21 22 23 24 27 25 26 30 28 29 32 31 33 34 35 36 37 38 39 40 41 42 43 45 44 48 46 47 49 50 53 51 54 52 55 56 57 60 58 59 63 61 62 65 64 67 66 68 69 70 73 72 74 71 76 77 75 79 78 80 81 82 83 85 84 86 87 90 88 89 93 91 94 92 95 97 96 99 98 
2 0 1 4 3 5 6 7 8 9 11 13 10 16 12 15 14 17 19 18 20 21 22 23 24 27 25 26 30 28 29 32 31 33 34 35 36 37 38 39 40 41 42 43 45 44 48 46 47 49 50 53 51 54 52 55 56 57 60 58 59 63 61 62 64 65 67 66 69 68 70 73 72 74 71 76 77 75 79 78 81 80 82 83 85 84 86 87 90 88 89 93 91 94 92 95 97 96 99 98 
2 0 1 4 3 5 6 7 8 9 11 13 10 16 12 15 14 17 19 18 20 21 22 23 24 25 27 26 30 28 29 32 31 33 34 35 36 37 38 39 40 41 42 43 45 44 48 46 47 49 50 53 51 54 52 55 56 57 60 58 59 63 61 62 65 64 67 66 69 68 70 73 72 71 74 76 77 75 79 78 81 80 82 83 85 84 86 87 90 88 89 93 91 94 92 95 97 96 99 98 
2 0 1 4 3 5 6 7 8 9 11 13 10 12 16 15 14 17 19 18 20 21 22 23 24 27 25 26 30 28 29 32 31 33 34 35 36 37 38 39 40 41 42 43 45 44 48 46 47 49 50 53 51 54 52 55 57 56 60 58 59 63 61 62 65 64 67 66 69 68 70 73 72 74 71 76 77 75 79 78 81 80 82 83 85 84 86 87 88 90 89 93 91 94 92 95 97 96 99 98 
2 0 1 4 3 5 6 7 8 11 9 13 10 12 16 15 14 17 18 19 20 21 22 23 24 25 27 26 30 28 29 32 31 33 34 35 36 37 38 39 40 42 41 43 45 44 48 46 47 49 50 53 51 54 52 55 56 57 60 58 59 63 61 62 65 64 67 66 69 70 68 73 72 74 76 71 77 75 79 78 81 80 83 82 85 84 86 87 90 88 89 93 91 94 92 95 97 96 99 98 
2 0 1 4 3 5 6 7 8 9 11 10 13 16 12 15 14 17 19 18 20 21 22 23 24 27 25 26 30 28 29 32 31 33 34 35 36 37 38 39 40 41 43 42 45 44 48 46 47 49 50 53 51 54 55 52 56 57 60 58 59 63 61 62 65 64 67 66 69 68 70 73 72 74 71 76 77 75 79 78 81 80 82 83 85 84 86 87 90 88 89 93 91 94 92 95 97 96 99 98 
2 0 1 4 3 5 6 7 8 9 11 13 16 10 12 15 14 17 19 18 20 21 22 23 24 27 25 30 26 28 32 31 33 29 35 34 36 37 38 39 40 41 42 43 46 44 45 47 48 49 50 53 51 54 52 55 56 57 58 60 59 63 61 62 65 64 67 66 69 68 70 73 72 74 71 76 77 75 79 78 81 80 82 83 85 84 87 86 90 88 89 93 91 94 92 95 97 96 99 98 
2 0 1 4 3 5 6 7 8 9 11 13 10 16 12 15 14 17 19 18 20 21 22 23 24 27 25 26 30 28 29 32 31 33 34 35 36 37 38 39 40 41 42 43 45 44 48 46 47 49 50 53 51 54 52 55 56 57 60 58 59 63 61 62 65 64 67 66 69 68 70 73 72 74 71 76 77 75 79 78 81 80 82 83 85 84 86 87 90 88 89 93 91 94 92 95 97 96 99 98 
2 0 1 4 3 5 6 7 8 9 11 13 10 16 12 15 14 17 19 18 20 21 22 23 24 27 25 26 30 28 29 32 31 33 34 35 36 37 38 39 40 41 42 43 45 44 48 46 47 49 50 53 51 54 52 55 56 57 60 58 59 63 61 62 65 64 67 66 69 68 70 73 72 74 71 76 77 75 79 78 81 80 82 83 85 84 86 87 90 88 89 93 91 94 92 95 97 96 99 98 
2 0 1 4 3 5 6 7 8 9 11 13 10 16 12 15 14 17 19 18 20 21 22 23 24 27 25 26 30 28 29 32 31 33 34 35 36 37 38 39 40 41 42 43 45 44 48 46 47 49 50 53 51 54 52 55 56 57 60 58 59 63 61 62 65 64 67 66 69 68 70 73 72 74 71 76 77 75 79 78 81 80 82 83 85 84 86 87 90 88 89 93 91 94 92 95 97 96 99 98 
2 0 1 4 3 5 6 7 8 9 11 13 10 16 12 15 14 17 19 18 20 21 22 23 24 27 25 26 30 28 29 32 31 33 34 35 36 37 38 39 40 41 42 43 45 44 48 46 47 49 50 53 51 54 52 55 56 57 60 58 59 61 62 63 64 65 67 66 69 68 70 73 72 74 71 76 77 75 79 78 81 80 82 83 85 84 86 87 90 88 89 93 91 94 92 95 97 96 99 98 
2 0 1 4 3 5 6 7 8 9 11 13 10 16 12 15 14 17 19 18 20 21 22 23 24 27 25 26 30 28 29 32 31 34 33 35 36 37 39 38 40 41 43 42 44 45 48 46 47 49 50 51 53 54 52 55 56 57 60 58 59 63 61 62 65 64 67 66 69 68 70 72 73 74 71 76 77 75 79 78 81 80 82 83 85 84 86 87 90 88 89 93 91 94 92 95 97 96 99 98 
2 0 1 4 3 5 6 7 8 9 11 13 10 16 12 15 14 17 19 18 20 21 22 24 23 27 25 26 30 28 29 32 31 33 34 35 36 37 38 39 40 41 42 43 45 44 48 46 47 49 50 53 51 54 52 55 56 57 60 58 59 63 61 62 65 64 67 66 68 69 70 73 72 74 71 76 77 75 79 78 81 80 82 83 85 84 86 87 90 88 89 93 91 94 92 95 97 96 99 98 
2 0 1 4 3 5 6 7 8 9 11 13 10 16 12 15 14 17 19 18 20 21 22 23 24 27 25 26 30 28 29 32 31 33 34 35 36 37 38 39 40 41 42 43 45 44 48 46 47 49 50 53 51 54 52 55 56 57 60 58 59 63 61 62 65 64 67 66 69 68 70 73 72 74 71 76 77 75 79 78 81 80 82 85 83 84 86 87 90 88 89 93 91 94 92 95 97 96 99 98 
2 0 1 4 3 5 6 7 8 9 11 13 10 16 12 15 14 17 19 18 20 21 22 23 24 25 27 26 30 28 29 32 31 33 34 35 36 37 38 39 40 41 42 43 45 44 48 46 47 49 50 53 51 54 52 55 56 57 60 59 58 63 61 62 65 64 67 66 69 68 70 73 72 74 71 76 77 75 79 78 81 80 82 83 85 84 86 87 90 88 89 93 91 94 92 95 97 96 99 98 
2 0 1 4 3 5 6 7 8 9 11 13 10 16 12 15 14 17 19 18 20 21 22 23 24 27 25 26 30 28 29 32 31 33 34 36 35 37 38 39 40 41 42 43 45 44 48 46 47 49 50 53 51 54 52 55 56 57 60 58 59 63 61 62 65 64 67 66 69 68 70 73 72 74 71 76 77 75 79 78 81 80 83 82 85 84 86 87 90 88 89 93 91 94 92 95 97 96 99 98 
2 0 1 4 3 5 6 7 8 9 11 13 10 16 12 15 14 17 19 18 20 21 22 23 24 27 25 26 28 30 29 32 31 33 34 35 36 37 38 39 40 41 42 43 45 44 48 46 47 49 50 51 54 53 52 55 56 57 60 59 58 63 61 62 65 64 67 66 69 68 70 73 72 74 71 76 77 75 79 78 81 80 82 83 85 84 86 87 90 88 89 93 91 94 92 95 97 96 99 98 
2 0 1 4 3 5 6 7 8 9 11 13 10 16 12 15 14 17 19 18 20 21 22 23 24 27 25 26 30 28 29 32 31 33 34 36 35 37 38 39 40 41 42 43 45 44 48 46 47 49 50 51 53 54 52 55 56 57 60 58 59 63 61 62 65 64 67 66 69 68 70 73 72 74 71 76 77 75 79 78 81 80 82 83 85 87 84 86 90 88 89 93 91 94 92 95 97 96 99 98 
2 0 1 4 3 5 6 7 8 9 11 13 10 16 12 15 14 17 19 18 20 21 22 23 24 27 25 26 30 28 29 32 31 33 34 35 36 37 38 39 40 41 42 43 45 44 48 46 47 49 50 53 51 54 52 55 56 57 60 58 59 63 61 62 65 64 67 66 68 69 70 73 72 71 74 76 77 75 79 78 81 80 82 83 85 84 86 87 90 88 89 93 91 94 92 95 97 96 99 98 
2 0 1 4 3 5 6 7 8 9 11 13 10 16 12 15 14 17 19 18 20 21 22 23 24 27 25 26 30 28 29 32 31 33 34 35 36 37 38 39 40 41 42 43 45 44 48 46 47 49 50 53 51 54 52 55 56 57 60 58 59 63 61 62 65 64 67 66 69 68 70 72 73 71 74 76 77 75 79 78 81 80 82 83 85 84 86 87 90 88 89 93 91 94 92 95 97 96 99 98 
2 0 1 4 3 5 6 7 8 9 11 13 10 16 12 15 14 17 19 18 20 21 22 23 24 27 25 26 30 28 29 32 31 33 34 35 36 37 38 39 40 41 42 43 45 44 48 46 47 49 50 53 51 54 52 55 56 57 60 58 59 63 61 62 65 64 67 66 69 70 68 73 72 74 71 76 77 75 79 78 81 80 82 83 85 84 86 87 90 88 89 93 91 94 92 95 97 96 99 98 
2 0 1 4 3 5 6 7 8 9 11 13 10 16 12 15 14 17 19 18 20 21 22 23 24 27 25 26 30 28 29 32 31 33 34 35 36 37 38 39 40 41 42 43 45 44 48 46 47 49 50 53 51 54 55 52 56 57 60 58 59 63 61 62 65 64 67 66 69 68 70 73 72 74 71 76 77 75 79 78 81 80 82 83 85 84 86 87 88 90 89 93 91 94 92 95 97 96 99 98 
2 0 1 4 3 5 6 8 7 9 11 13 10 16 12 15 14 17 19 18 20 21 22 23 24 27 25 26 30 28 29 32 31 33 34 35 36 37 38 39 40 41 42 43 45 44 48 46 47 49 50 53 51 54 52 55 56 57 60 58 59 63 61 62 65 64 67 66 69 68 70 73 72 74 71 76 77 75 79 78 81 80 82 83 85 84 86 87 90 88 89 93 91 94 92 95 97 96 99 98 
2 0 1 4 3 5 6 7 8 9 11 13 10 12 16 15 14 17 19 18 20 21 22 23 24 27 25 30 26 28 29 32 31 33 34 35 36 37 38 39 40 41 42 43 45 44 48 46 47 49 50 53 51 54 52 55 56 57 60 58 59 63 61 62 65 64 67 66 69 68 70 72 73 74 71 76 77 75 79 78 81 80 82 83 85 84 86 87 90 88 89 93 91 94 92 95 97 96 99 98 
2 0 1 4 3 5 6 7 8 9 11 13 10 16 12 15 14 17 19 18 20 21 22 23 24 27 25 26 30 28 29 32 31 33 34 35 36 37 38 39 40 41 42 43 45 44 46 48 47 50 49 53 51 54 52 55 56 57 60 59 58 63 61 62 65 64 67 66 69 68 70 73 72 74 71 76 77 75 79 78 81 80 82 83 85 84 86 87 88 90 89 93 91 94 92 95 97 96 99 98 
2 0 1 4 3 5 6 7 8 11 9 13 10 16 12 15 14 17 19 18 20 21 22 23 24 27 25 26 30 29 28 32 31 33 34 35 36 37 38 39 41 40 42 43 45 44 48 47 46 49 50 53 51 54 55 52 56 57 60 58 59 63 61 62 65 64 67 66 69 68 70 73 72 74 71 76 77 75 79 78 81 80 82 83 85 84 87 86 90 88 89 93 91 94 92 95 97 96 99 98 
2 0 1 4 3 5 6 7 8 9 11 13 10 16 12 15 14 17 19 18 20 21 22 23 24 27 25 26 30 28 29 32 31 33 34 35 36 37 38 39 40 41 42 43 45 44 48 47 46 49 50 53 51 54 52 55 56 57 60 58 59 63 61 62 65 64 67 66 69 68 70 73 72 74 71 76 77 75 79 78 81 80 82 83 85 84 87 86 90 88 89 93 91 94 92 95 97 96 99 98 
2 0 1 4 3 5 6 7 8 9 11 13 10 16 12 15 14 17 19 18 20 21 22 23 24 27 25 30 26 28 29 32 31 33 35 34 36 37 39 38 41 40 42 43 45 44 48 46 47 49 50 53 51 54 52 55 56 57 60 58 59 63 61 62 65 64 67 66 69 68 70 72 73 74 71 76 77 75 79 78 81 80 82 83 85 84 86 87 90 88 89 93 91 94 92 95 97 96 99 98 
2 0 1 4 3 5 6 7 8 9 11 13 10 16 12 15 14 17 19 18 20 21 22 23 24 27 25 26 30 28 29 32 31 33 34 35 36 37 39 38 40 41 42 43 45 44 48 46 47 49 50 53 51 54 52 55 56 57 60 58 59 63 61 62 65 64 67 66 69 68 70 73 72 74 71 76 77 75 79 78 81 80 82 83 85 84 86 87 90 88 89 93 91 94 92 95 97 96 99 98 
2 0 1 4 3 5 6 7 8 9 11 13 10 16 12 15 14 17 19 18 20 21 22 23 24 27 25 26 30 28 29 32 31 33 35 34 36 37 38 39 40 41 42 43 45 44 48 46 47 49 50 53 54 51 52 55 56 57 60 58 59 63 61 62 65 64 67 66 69 68 70 73 72 74 71 76 77 75 79 78 81 80 82 83 85 84 86 87 90 88 89 93 91 94 92 95 97 96 99 98 
2 0 1 4 3 5 6 7 8 9 11 13 10 16 12 15 14 17 19 18 20 21 22 23 27 24 25 26 30 28 32 29 31 33 34 35 36 37 39 38 40 41 42 43 45 44 48 46 47 49 50 53 51 54 52 55 56 57 60 58 59 61 63 62 65 64 67 66 69 68 70 73 72 74 71 76 77 75 79 78 81 80 82 83 85 84 86 87 90 88 89 93 91 94 92 95 97 96 99 98 
2 0 1 4 3 5 6 7 8 9 11 13 10 16 12 15 14 17 19 18 21 20 22 23 24 27 25 26 30 28 29 32 31 33 34 35 36 37 38 39 40 41 42 43 45 44 48 46 47 49 50 53 51 54 52 55 56 57 60 58 59 63 61 62 65 64 67 66 68 69 70 73 72 74 71 76 77 75 79 78 81 80 83 82 85 84 86 87 90 88 89 93 91 94 92 95 97 96 99 98 
2 0 1 4 3 5 6 7 8 9 11 13 10 16 12 15 14 17 19 18 20 21 22 23 24 27 25 26 30 28 29 32 31 33 34 35 36 37 38 39 40 41 42 43 45 44 48 46 47 49 50 53 51 54 52 55 56 57 60 58 59 63 61 62 64 65 67 66 69 68 70 73 72 74 71 76 77 75 79 78 81 80 82 83 85 84 86 87 90 88 89 93 91 94 92 95 97 96 99 98 
2 0 1 4 3 5 6 7 8 9 11 13 10 12 16 15 14 17 19 18 20 21 22 23 24 27 25 26 30 28 29 32 31 33 34 35 36 37 38 39 40 41 42 43 45 44 48 46 47 50 49 53 51 54 52 55 56 57 60 58 59 63 61 62 65 64 67 66 69 68 70 73 72 74 71 76 77 75 79 78 81 80 82 83 85 84 86 87 90 88 89 93 91 94 92 95 97 96 99 98 
2 0 1 4 3 5 6 7 8 9 11 13 10 16 12 15 14 17 19 18 20 21 22 23 24 27 25 26 30 28 29 32 31 33 34 35 36 37 38 39 40 41 42 43 45 44 48 46 47 49 50 53 54 51 55 52 56 57 60 58 59 63 61 62 65 64 67 66 69 68 70 73 72 74 76 71 77 75 79 78 81 80 82 83 85 84 86 87 90 88 89 93 91 94 92 95 97 96 99 98 
2 0 1 4 3 5 6 7 8 9 11 13 10 16 12 15 14 17 19 18 20 22 21 23 24 27 25 26 30 28 32 29 31 33 34 35 36 37 38 39 41 40 43 42 45 48 44 46 47 49 50 53 51 54 52 55 56 57 60 59 58 63 61 62 64 65 67 66 69 68 70 73 72 74 71 76 77 75 79 78 80 81 82 83 85 84 86 87 90 88 89 93 91 94 92 95 97 96 99 98 
2 0 1 4 3 5 6 7 8 9 11 13 10 16 12 15 14 17 19 18 20 21 22 23 24 27 25 26 30 28 29 32 31 33 34 35 36 37 38 39 40 41 42 43 45 44 48 46 47 49 50 53 51 54 55 52 56 57 60 58 59 63 61 62 65 64 67 66 69 68 70 72 73 74 71 76 77 75 79 78 81 80 82 83 85 84 86 87 90 88 89 93 91 94 92 95 97 96 99 98 
2 0 1 4 3 5 6 7 8 9 11 13 10 16 12 15 14 17 19 18 20 21 22 23 24 27 25 26 30 28 29 32 31 33 35 34 36 37 38 39 40 41 42 43 45 44 48 46 47 49 50 53 51 54 52 55 56 57 60 58 59 63 61 62 64 65 67 66 69 68 70 73 72 71 74 76 77 75 79 78 81 80 82 83 85 84 86 87 90 88 89 93 91 94 92 95 97 96 99 98 
2 0 1 4 3 5 6 7 8 9 11 13 10 16 12 15 14 17 19 18 20 22 21 23 24 27 25 26 30 28 29 32 31 33 34 35 36 37 38 39 40 41 42 43 45 44 48 46 47 49 50 53 51 54 52 55 56 57 60 58 59 63 61 62 65 64 67 66 69 68 70 73 72 74 71 76 77 75 79 78 80 81 82 83 85 84 86 87 90 88 89 93 91 94 92 95 97 96 99 98 
2 0 1 4 3 5 6 7 8 9 11 13 10 16 12 15 14 17 19 18 20 21 22 23 24 27 25 26 30 28 29 32 31 33 34 35 36 37 38 39 40 41 42 43 45 44 48 46 47 49 50 53 51 54 52 55 56 57 60 58 59 63 61 62 65 64 67 66 69 68 70 73 72 74 71 76 77 75 79 78 81 80 82 83 85 84 86 87 90 88 89 93 91 94 92 95 97 96 99 98 
2 0 1 4 3 5 6 7 8 9 11 13 10 16 12 15 14 17 19 18 20 21 22 23 24 27 25 26 30 28 29 32 31 33 34 35 36 37 38 39 40 41 42 43 45 44 48 46 47 49 50 53 54 51 55 52 56 57 58 60 59 63 61 62 65 64 67 66 69 68 70 73 72 71 74 76 77 75 79 78 81 80 82 83 85 84 86 87 90 88 89 93 91 94 92 95 97 96 99 98 
2 0 1 4 3 5 6 7 8 9 11 13 10 16 12 15 14 17 19 18 20 21 22 23 27 24 25 26 30 28 29 32 31 33 34 35 36 37 38 39 40 41 42 43 45 44 48 46 47 49 50 51 53 54 55 52 56 57 60 58 59 63 61 62 65 64 67 66 69 68 70 73 72 74 71 76 75 77 79 78 81 80 82 83 85 84 86 87 90 88 89 93 91 94 92 95 97 96 99 98 
2 0 1 4 3 5 6 7 8 9 11 13 10 16 12 15 14 17 18 19 20 21 22 23 24 27 25 26 30 28 32 29 31 33 34 35 36 37 38 39 40 41 42 43 45 44 48 46 47 49 50 53 51 54 52 55 56 57 60 58 59 61 63 62 64 65 67 66 68 69 70 72 73 74 71 76 77 75 79 78 81 80 82 83 85 84 86 87 90 88 89 93 91 94 92 95 97 96 99 98 
2 0 1 4 3 5 6 7 8 9 11 13 10 16 12 15 14 17 19 18 20 21 22 23 24 27 25 26 30 28 29 32 31 33 34 35 36 37 38 39 40 41 42 43 45 44 48 46 47 49 50 53 51 54 52 55 56 57 60 58 59 63 61 62 65 64 67 66 69 68 70 73 72 74 71 76 77 75 79 78 81 80 82 83 85 84 86 87 90 88 89 93 91 94 92 95 97 96 99 98 
2 0 1 4 3 6 5 7 8 9 11 13 10 16 12 15 14 17 19 18 20 21 22 23 24 27 25 26 30 28 29 32 31 33 35 34 36 37 38 39 41 40 42 43 45 44 48 46 47 49 50 53 54 51 52 55 57 56 60 58 59 63 61 62 65 64 67 66 69 68 70 73 72 74 71 76 77 75 79 78 81 80 82 83 85 84 86 87 90 88 89 93 91 94 92 95 97 96 99 98 
2 0 1 4 3 5 6 7 8 9 11 13 10 16 12 15 14 17 19 18 20 21 22 23 24 27 25 26 30 28 29 32 31 33 34 35 36 37 38 39 40 41 42 43 45 44 48 46 47 49 50 53 51 54 52 55 56 57 60 58 59 63 61 62 65 64 67 66 69 68 70 73 72 74 71 76 77 75 79 78 81 80 82 83 85 84 86 87 90 88 89 93 91 94 92 95 97 96 99 98 
2 0 1 4 3 5 6 7 8 9 11 13 10 16 12 15 14 17 19 18 20 21 22 23 24 27 25 26 30 28 29 32 31 33 34 35 36 37 38 39 40 41 42 43 45 44 48 46 47 49 50 53 51 54 52 55 56 57 60 58 59 63 61 62 65 64 67 66 69 68 70 73 72 74 71 76 77 75 79 78 81 80 82 83 85 84 86 87 90 88 89 93 91 94 92 95 97 96 99 98 
2 0 1 4 3 5 6 7 8 9 11 13 10 16 12 15 14 17 19 18 20 21 22 23 24 27 25 26 30 28 29 32 31 33 34 35 36 37 39 38 41 40 42 43 45 44 48 46 47 49 50 53 54 51 52 55 57 56 60 58 59 63 61 62 65 64 67 66 68 69 70 73 72 74 71 76 77 75 79 81 78 80 82 83 85 84 86 87 90 88 89 93 94 91 92 95 97 96 99 98 
2 0 1 4 3 5 6 7 8 9 11 13 10 16 12 15 14 17 19 18 20 21 22 24 23 25 27 26 30 28 29 32 31 33 34 35 36 37 38 39 40 41 42 43 44 45 48 46 47 49 50 53 51 54 55 52 56 57 60 59 58 61 63 62 65 64 67 66 69 68 70 73 72 74 71 76 77 75 79 78 81 80 82 83 85 84 86 87 90 88 89 93 91 94 92 95 97 96 99 98 
2 0 1 4 3 5 6 7 8 9 11 13 10 16 12 15 14 17 19 18 20 21 22 23 24 27 25 26 30 28 29 31 32 33 34 35 36 37 38 39 40 41 42 43 45 44 48 46 47 49 50 53 51 54 52 55 56 57 60 58 59 63 61 62 65 64 67 66 69 68 70 73 72 74 71 76 77 75 79 78 81 80 82 83 85 84 86 87 90 88 89 93 91 94 92 95 97 96 99 98 
2 0 1 4 3 5 6 7 8 9 11 13 10 16 12 15 14 17 19 18 20 21 22 23 24 27 25 26 30 28 29 32 31 33 34 35 36 37 38 39 40 41 42 43 45 44 48 46 47 50 49 53 51 54 52 55 56 57 60 58 59 63 61 62 65 64 67 66 69 68 70 73 72 74 71 76 77 75 79 78 81 80 82 83 85 84 86 87 90 88 93 89 91 94 92 95 97 96 99 98 
2 0 1 4 3 5 6 7 8 9 11 13 10 16 12 15 14 17 19 18 20 21 22 23 24 25 27 26 30 28 29 32 31 33 34 35 36 37 38 39 40 41 42 43 45 44 46 48 47 49 50 53 51 54 52 55 56 57 60 58 59 63 61 62 65 64 67 66 69 68 70 73 72 71 74 76 77 75 79 78 81 80 82 83 85 84 86 87 90 88 89 93 91 94 92 95 97 96 99 98 
2 0 1 4 3 5 6 7 8 9 11 13 10 16 12 15 14 17 19 20 18 21 22 23 24 27 25 26 30 28 29 32 31 33 34 35 36 37 38 39 40 41 42 45 43 44 48 46 47 49 50 53 51 54 52 55 56 57 60 59 63 58 62 61 65 64 67 66 69 68 70 73 72 74 76 71 77 75 79 78 81 80 82 83 85 84 86 87 90 88 89 93 91 94 92 95 97 96 99 98 
2 0 1 4 3 5 6 7 8 9 11 13 10 16 12 15 14 17 19 18 20 21 22 23 24 27 25 26 30 28 29 32 31 33 34 35 36 37 38 39 40 41 42 43 45 44 48 46 47 49 50 53 51 54 52 55 56 57 60 58 59 63 61 62 65 64 67 66 69 68 70 72 73 74 71 76 77 75 79 78 81 80 82 83 85 84 86 87 90 88 89 93 91 94 92 95 97 96 99 98 
2 0 1 4 3 5 6 7 8 9 11 13 10 16 12 15 14 17 19 18 20 21 22 23 24 27 25 26 30 28 29 32 31 33 34 35 36 37 38 39 40 41 42 43 45 44 46 48 47 49 50 53 51 54 52 55 56 57 60 58 59 63 62 61 64 65 67 66 69 68 70 73 72 74 71 76 77 75 79 78 81 80 83 82 85 84 86 87 90 88 89 93 91 94 92 95 97 96 99 98 
2 0 1 4 3 5 6 7 8 9 11 13 10 16 12 15 14 17 19 18 21 20 22 23 24 27 25 26 30 28 29 32 31 33 34 35 36 37 38 39 40 41 42 43 45 44 48 46 47 49 50 53 51 54 52 55 56 57 60 58 59 63 61 62 65 64 67 66 69 68 70 73 72 71 74 76 77 75 79 78 81 80 82 83 85 84 86 87 90 88 89 93 91 94 92 95 97 96 99 98 
2 0 1 4 3 5 6 7 8 9 11 13 10 16 12 15 14 17 19 18 20 21 22 23 24 27 25 26 30 28 29 32 31 33 34 35 36 37 38 39 40 41 43 42 45 44 48 46 47 50 49 53 51 54 52 55 56 57 60 58 59 63 61 62 65 64 67 66 68 69 70 73 72 74 71 76 77 75 79 78 81 80 82 83 85 84 86 87 90 88 89 93 91 94 92 95 97 96 99 98 
2 0 1 4 3 5 6 7 8 9 11 13 10 16 12 15 14 17 19 18 20 21 22 23 24 27 25 26 30 28 29 32 31 33 34 35 36 37 38 39 40 41 43 42 45 44 48 46 47 49 50 53 51 54 52 55 56 57 60 58 59 63 61 62 65 64 67 66 69 68 70 73 72 74 71 76 77 75 79 78 81 80 82 83 85 84 86 87 90 88 89 93 91 94 92 95 97 96 99 98 
2 0 1 4 3 5 6 7 8 9 11 13 10 16 12 15 14 17 19 18 20 21 22 23 24 27 25 26 30 28 29 32 31 33 34 35 36 37 38 39 41 40 42 43 45 44 48 46 47 49 50 53 51 54 52 55 56 57 60 58 59 63 61 62 65 64 67 66 69 68 70 73 72 74 71 76 77 75 79 78 81 80 82 83 85 84 86 87 90 88 89 93 91 94 92 95 97 96 99 98 
2 0 1 4 3 5 6 7 8 9 11 13 10 16 12 15 14 17 19 18 20 21 22 23 24 27 25 26 30 28 29 32 31 33 34 35 36 37 38 39 40 41 42 43 45 44 48 46 47 49 50 53 51 54 52 55 56 57 60 58 59 63 61 62 65 64 67 66 69 68 70 73 72 74 71 76 77 75 79 78 81 80 82 83 85 84 86 87 90 88 89 93 91 94 92 95 97 96 99 98 
2 0 1 4 3 5 6 7 8 9 11 13 10 16 12 15 14 17 19 18 20 21 22 23 24 27 25 26 30 28 29 32 31 33 34 35 36 37 38 39 40 41 42 43 45 44 48 46 47 49 50 53 51 54 52 55 56 57 60 58 59 61 63 62 65 64 67 66 69 68 70 73 72 71 74 76 77 75 79 78 81 80 82 83 85 84 86 87 90 88 89 93 91 94 92 95 97 96 99 98 
2 0 1 4 3 5 6 7 8 9 11 13 10 16 12 15 14 17 19 18 21 20 22 23 24 27 25 26 30 28 32 29 31 33 34 35 36 37 38 39 40 41 42 43 45 44 48 46 47 49 50 53 51 54 52 55 56 57 60 58 59 63 61 62 65 64 67 66 69 68 70 73 72 74 71 76 77 75 79 78 81 80 82 83 85 84 86 87 90 88 89 93 91 94 92 95 97 96 99 98 
2 0 1 4 3 5 6 7 8 9 11 13 10 16 12 15 14 17 19 18 20 21 22 23 24 27 25 26 30 29 28 32 31 33 34 35 36 37 38 39 40 41 42 43 44 45 48 46 47 49 50 53 51 54 52 55 56 57 60 58 59 63 61 62 65 64 67 66 69 68 70 73 72 74 71 76 75 77 79 78 81 80 82 83 85 84 86 87 90 88 89 93 91 94 92 95 97 96 99 98 
2 0 1 4 3 5 6 7 8 9 11 13 10 12 16 15 14 17 19 18 20 21 22 23 24 27 25 30 26 28 29 32 31 33 34 35 36 37 38 39 40 41 42 43 45 44 48 46 47 49 50 53 51 54 52 55 56 57 60 58 59 63 61 62 65 64 67 66 68 69 70 73 72 74 71 76 77 75 79 78 80 81 82 83 85 84 86 87 90 88 89 93 91 94 92 95 97 96 99 98 
2 0 1 4 3 5 6 7 8 9 11 13 10 16 12 15 14 17 19 18 20 21 22 23 24 27 25 26 30 28 29 32 31 33 34 35 36 37 38 39 40 41 42 43 45 44 48 46 47 49 50 53 51 54 52 55 56 57 60 58 59 63 61 62 65 64 67 66 69 68 70 73 72 71 74 76 77 75 79 78 81 80 82 83 85 84 86 87 90 88 89 93 91 94 92 95 97 96 99 98 
2 0 1 4 3 5 6 7 8 9 11 13 10 16 12 15 14 17 19 18 20 21 22 23 24 27 25 26 30 28 29 32 31 33 34 35 36 37 38 39 40 41 42 43 45 44 48 46 47 49 50 53 51 54 55 52 56 57 60 58 59 63 61 62 65 64 67 66 69 68 70 73 72 74 71 76 77 75 79 78 81 80 82 83 85 84 86 87 90 88 89 93 91 94 92 95 97 96 99 98 
2 0 1 3 4 5 6 7 8 9 11 13 10 16 12 15 14 17 19 18 21 20 22 23 24 27 25 26 30 28 29 32 31 33 34 35 36 37 38 39 40 41 42 43 45 44 48 46 47 49 50 53 51 54 52 55 56 57 60 58 59 63 61 62 65 64 67 66 69 68 70 73 72 74 71 76 77 75 79 78 81 80 82 83 85 84 86 87 90 88 89 93 91 94 92 95 97 96 99 98 
2 0 1 4 3 5 6 7 8 9 11 13 10 16 12 15 14 17 19 18 20 21 22 23 24 27 25 26 30 28 29 32 31 33 34 35 36 37 38 39 40 41 42 43 45 44 48 46 47 49 50 53 51 54 52 55 56 57 60 58 59 63 61 62 65 64 67 66 69 68 70 72 73 74 71 76 77 75 79 78 81 80 82 83 85 84 86 87 90 88 89 93 91 94 92 95 97 96 99 98 
2 0 1 4 3 5 6 7 8 9 11 13 10 16 15 12 14 17 19 18 20 21 22 23 24 27 25 26 30 28 32 31 29 33 34 35 36 37 38 39 40 41 42 43 45 44 48 46 47 49 50 51 53 54 52 55 57 56 60 58 59 63 61 62 65 64 67 66 69 68 70 73 72 74 71 76 75 77 79 78 81 80 82 83 85 84 87 86 90 88 89 93 91 94 92 95 97 96 99 98 
2 0 1 4 3 5 6 7 8 9 11 13 10 16 15 12 14 17 19 18 20 21 22 23 24 27 25 26 30 28 29 32 31 33 35 34 36 38 37 39 40 41 42 43 45 44 48 46 47 49 50 53 51 54 52 55 56 57 60 58 59 63 61 62 64 65 67 66 69 68 70 73 72 74 71 76 77 75 79 78 81 80 82 85 83 84 86 87 90 88 89 93 91 94 92 95 97 96 99 98 
2 0 1 4 3 5 6 7 8 9 11 13 10 16 12 15 14 17 19 18 20 21 22 23 24 27 25 26 30 28 29 31 32 33 34 35 36 37 38 39 40 41 42 43 45 44 48 46 47 49 50 53 51 54 52 55 56 57 60 58 59 63 61 62 64 65 67 66 69 68 70 73 72 74 71 76 77 75 79 78 81 80 82 83 85 84 86 87 90 88 89 93 91 94 92 95 97 96 99 98 
2 0 1 4 3 5 6 7 8 9 11 13 10 16 12 15 14 17 19 18 20 21 22 23 24 27 25 26 30 28 29 32 31 33 34 35 36 37 38 39 40 41 42 43 45 44 48 46 47 49 50 53 51 54 52 55 56 57 60 58 59 61 63 62 65 64 66 67 69 68 70 73 72 74 71 76 77 75 79 78 81 80 82 83 85 84 86 87 90 88 89 93 91 94 92 95 97 96 99 98 
2 0 1 4 3 5 6 7 8 9 11 10 13 16 12 15 14 17 19 18 20 21 22 23 24 27 25 26 30 28 29 32 31 33 34 35 36 37 38 39 40 41 42 43 45 44 48 46 47 49 50 53 51 54 52 55 56 57 60 58 59 63 61 62 65 64 67 66 69 68 70 73 72 74 71 76 77 75 79 78 81 80 82 83 85 84 86 87 90 88 89 93 91 94 92 95 97 96 99 98 
2 0 1 4 3 5 6 7 8 9 11 13 10 16 12 15 14 17 19 18 20 21 22 23 24 27 25 26 30 28 29 32 31 33 34 35 36 37 38 39 40 41 42 43 45 44 48 46 47 49 50 53 51 52 54 55 56 57 60 58 59 61 63 62 65 64 67 66 69 68 70 73 72 74 71 76 77 75 79 78 81 80 82 83 85 84 86 87 90 88 89 93 91 94 92 95 97 96 99 98 
2 0 1 4 3 5 6 7 8 9 11 13 10 16 15 12 14 17 19 18 20 21 22 23 24 27 25 26 30 28 29 32 31 33 34 35 36 37 38 39 40 41 42 43 45 44 48 46 47 49 50 53 51 54 52 55 56 57 60 58 59 63 61 62 65 64 67 66 69 68 70 73 72 74 71 76 77 75 79 78 81 80 82 83 85 84 86 87 90 88 89 93 91 94 92 97 95 96 99 98 
2 0 1 4 3 5 6 7 8 9 11 13 10 16 12 15 14 17 18 19 20 22 21 23 24 27 26 25 30 28 32 29 31 33 34 35 36 37 38 39 40 41 42 43 45 44 48 46 47 49 50 53 51 54 52 55 57 56 60 58 59 63 61 62 65 64 67 66 69 68 70 73 72 74 71 76 77 75 79 78 81 80 82 83 85 84 86 87 90 88 89 93 91 94 92 95 97 96 99 98 
2 0 1 4 3 5 6 7 8 9 11 13 10 16 12 15 14 17 19 18 20 21 22 23 24 27 25 26 30 28 29 32 31 33 34 35 36 37 38 39 40 41 42 43 45 44 48 46 50 47 49 51 53 54 52 55 57 56 60 58 59 63 61 62 65 64 67 66 69 68 70 72 73 74 71 76 77 75 79 78 81 80 82 83 85 84 86 87 90 88 89 93 91 94 92 95 97 96 99 98 
2 0 1 4 3 5 6 7 8 9 11 13 10 16 12 15 14 17 19 18 20 21 22 23 24 27 25 26 30 28 29 32 31 33 34 35 36 37 38 39 40 41 42 43 45 44 48 46 47 49 50 53 51 54 52 55 56 57 60 58 59 63 61 62 64 65 67 66 69 68 70 73 72 74 71 76 77 75 79 78 81 80 82 83 85 84 86 90 87 88 89 91 93 94 92 95 97 96 99 98 
2 0 1 4 3 5 6 7 8 9 11 13 10 16 12 15 14 17 19 18 20 21 22 23 24 27 25 26 30 28 29 32 31 33 34 35 36 37 38 39 40 41 42 43 45 44 48 46 47 49 50 53 51 54 52 55 56 57 60 58 59 63 61 62 65 64 67 66 69 68 70 73 72 74 71 76 77 75 79 78 80 81 82 83 85 84 86 87 90 88 89 93 91 94 92 95 97 96 99 98 
2 0 1 4 3 5 6 7 8 9 11 13 10 16 12 15 14 17 19 18 20 21 22 23 24 27 25 26 30 28 29 32 31 33 34 35 36 37 38 39 40 41 42 43 45 44 48 46 47 49 50 53 51 54 52 55 56 57 60 58 59 63 61 62 65 64 67 66 69 68 70 73 72 74 71 76 77 75 79 81 78 80 82 83 85 84 86 87 90 88 89 93 91 94 92 95 97 96 99 98 

Rank matrix
0 100 0 0 0 0 0 0 0 0 0 0 0 0 0 0 0 0 0 0 0 0 0 0 0 0 0 0 0 0 0 0 0 0 0 0 0 0 0 0 0 0 0 0 0 0 0 0 0 0 0 0 0 0 0 0 0 0 0 0 0 0 0 0 0 0 0 0 0 0 0 0 0 0 0 0 0 0 0 0 0 0 0 0 0 0 0 0 0 0 0 0 0 0 0 0 0 0 0 0 
0 0 100 0 0 0 0 0 0 0 0 0 0 0 0 0 0 0 0 0 0 0 0 0 0 0 0 0 0 0 0 0 0 0 0 0 0 0 0 0 0 0 0 0 0 0 0 0 0 0 0 0 0 0 0 0 0 0 0 0 0 0 0 0 0 0 0 0 0 0 0 0 0 0 0 0 0 0 0 0 0 0 0 0 0 0 0 0 0 0 0 0 0 0 0 0 0 0 0 0 
100 0 0 0 0 0 0 0 0 0 0 0 0 0 0 0 0 0 0 0 0 0 0 0 0 0 0 0 0 0 0 0 0 0 0 0 0 0 0 0 0 0 0 0 0 0 0 0 0 0 0 0 0 0 0 0 0 0 0 0 0 0 0 0 0 0 0 0 0 0 0 0 0 0 0 0 0 0 0 0 0 0 0 0 0 0 0 0 0 0 0 0 0 0 0 0 0 0 0 0 
0 0 0 1 99 0 0 0 0 0 0 0 0 0 0 0 0 0 0 0 0 0 0 0 0 0 0 0 0 0 0 0 0 0 0 0 0 0 0 0 0 0 0 0 0 0 0 0 0 0 0 0 0 0 0 0 0 0 0 0 0 0 0 0 0 0 0 0 0 0 0 0 0 0 0 0 0 0 0 0 0 0 0 0 0 0 0 0 0 0 0 0 0 0 0 0 0 0 0 0 
0 0 0 99 1 0 0 0 0 0 0 0 0 0 0 0 0 0 0 0 0 0 0 0 0 0 0 0 0 0 0 0 0 0 0 0 0 0 0 0 0 0 0 0 0 0 0 0 0 0 0 0 0 0 0 0 0 0 0 0 0 0 0 0 0 0 0 0 0 0 0 0 0 0 0 0 0 0 0 0 0 0 0 0 0 0 0 0 0 0 0 0 0 0 0 0 0 0 0 0 
0 0 0 0 0 99 1 0 0 0 0 0 0 0 0 0 0 0 0 0 0 0 0 0 0 0 0 0 0 0 0 0 0 0 0 0 0 0 0 0 0 0 0 0 0 0 0 0 0 0 0 0 0 0 0 0 0 0 0 0 0 0 0 0 0 0 0 0 0 0 0 0 0 0 0 0 0 0 0 0 0 0 0 0 0 0 0 0 0 0 0 0 0 0 0 0 0 0 0 0 
0 0 0 0 0 1 99 0 0 0 0 0 0 0 0 0 0 0 0 0 0 0 0 0 0 0 0 0 0 0 0 0 0 0 0 0 0 0 0 0 0 0 0 0 0 0 0 0 0 0 0 0 0 0 0 0 0 0 0 0 0 0 0 0 0 0 0 0 0 0 0 0 0 0 0 0 0 0 0 0 0 0 0 0 0 0 0 0 0 0 0 0 0 0 0 0 0 0 0 0 
0 0 0 0 0 0 0 99 1 0 0 0 0 0 0 0 0 0 0 0 0 0 0 0 0 0 0 0 0 0 0 0 0 0 0 0 0 0 0 0 0 0 0 0 0 0 0 0 0 0 0 0 0 0 0 0 0 0 0 0 0 0 0 0 0 0 0 0 0 0 0 0 0 0 0 0 0 0 0 0 0 0 0 0 0 0 0 0 0 0 0 0 0 0 0 0 0 0 0 0 
0 0 0 0 0 0 0 1 99 0 0 0 0 0 0 0 0 0 0 0 0 0 0 0 0 0 0 0 0 0 0 0 0 0 0 0 0 0 0 0 0 0 0 0 0 0 0 0 0 0 0 0 0 0 0 0 0 0 0 0 0 0 0 0 0 0 0 0 0 0 0 0 0 0 0 0 0 0 0 0 0 0 0 0 0 0 0 0 0 0 0 0 0 0 0 0 0 0 0 0 
0 0 0 0 0 0 0 0 0 96 4 0 0 0 0 0 0 0 0 0 0 0 0 0 0 0 0 0 0 0 0 0 0 0 0 0 0 0 0 0 0 0 0 0 0 0 0 0 0 0 0 0 0 0 0 0 0 0 0 0 0 0 0 0 0 0 0 0 0 0 0 0 0 0 0 0 0 0 0 0 0 0 0 0 0 0 0 0 0 0 0 0 0 0 0 0 0 0 0 0 
0 0 0 0 0 0 0 0 0 0 0 4 95 1 0 0 0 0 0 0 0 0 0 0 0 0 0 0 0 0 0 0 0 0 0 0 0 0 0 0 0 0 0 0 0 0 0 0 0 0 0 0 0 0 0 0 0 0 0 0 0 0 0 0 0 0 0 0 0 0 0 0 0 0 0 0 0 0 0 0 0 0 0 0 0 0 0 0 0 0 0 0 0 0 0 0 0 0 0 0 
0 0 0 0 0 0 0 0 0 4 96 0 0 0 0 0 0 0 0 0 0 0 0 0 0 0 0 0 0 0 0 0 0 0 0 0 0 0 0 0 0 0 0 0 0 0 0 0 0 0 0 0 0 0 0 0 0 0 0 0 0 0 0 0 0 0 0 0 0 0 0 0 0 0 0 0 0 0 0 0 0 0 0 0 0 0 0 0 0 0 0 0 0 0 0 0 0 0 0 0 
0 0 0 0 0 0 0 0 0 0 0 0 0 5 92 3 0 0 0 0 0 0 0 0 0 0 0 0 0 0 0 0 0 0 0 0 0 0 0 0 0 0 0 0 0 0 0 0 0 0 0 0 0 0 0 0 0 0 0 0 0 0 0 0 0 0 0 0 0 0 0 0 0 0 0 0 0 0 0 0 0 0 0 0 0 0 0 0 0 0 0 0 0 0 0 0 0 0 0 0 
0 0 0 0 0 0 0 0 0 0 0 96 3 1 0 0 0 0 0 0 0 0 0 0 0 0 0 0 0 0 0 0 0 0 0 0 0 0 0 0 0 0 0 0 0 0 0 0 0 0 0 0 0 0 0 0 0 0 0 0 0 0 0 0 0 0 0 0 0 0 0 0 0 0 0 0 0 0 0 0 0 0 0 0 0 0 0 0 0 0 0 0 0 0 0 0 0 0 0 0 
0 0 0 0 0 0 0 0 0 0 0 0 0 0 0 1 99 0 0 0 0 0 0 0 0 0 0 0 0 0 0 0 0 0 0 0 0 0 0 0 0 0 0 0 0 0 0 0 0 0 0 0 0 0 0 0 0 0 0 0 0 0 0 0 0 0 0 0 0 0 0 0 0 0 0 0 0 0 0 0 0 0 0 0 0 0 0 0 0 0 0 0 0 0 0 0 0 0 0 0 
0 0 0 0 0 0 0 0 0 0 0 0 0 0 3 96 1 0 0 0 0 0 0 0 0 0 0 0 0 0 0 0 0 0 0 0 0 0 0 0 0 0 0 0 0 0 0 0 0 0 0 0 0 0 0 0 0 0 0 0 0 0 0 0 0 0 0 0 0 0 0 0 0 0 0 0 0 0 0 0 0 0 0 0 0 0 0 0 0 0 0 0 0 0 0 0 0 0 0 0 
0 0 0 0 0 0 0 0 0 0 0 0 2 93 5 0 0 0 0 0 0 0 0 0 0 0 0 0 0 0 0 0 0 0 0 0 0 0 0 0 0 0 0 0 0 0 0 0 0 0 0 0 0 0 0 0 0 0 0 0 0 0 0 0 0 0 0 0 0 0 0 0 0 0 0 0 0 0 0 0 0 0 0 0 0 0 0 0 0 0 0 0 0 0 0 0 0 0 0 0 
0 0 0 0 0 0 0 0 0 0 0 0 0 0 0 0 0 100 0 0 0 0 0 0 0 0 0 0 0 0 0 0 0 0 0 0 0 0 0 0 0 0 0 0 0 0 0 0 0 0 0 0 0 0 0 0 0 0 0 0 0 0 0 0 0 0 0 0 0 0 0 0 0 0 0 0 0 0 0 0 0 0 0 0 0 0 0 0 0 0 0 0 0 0 0 0 0 0 0 0 
0 0 0 0 0 0 0 0 0 0 0 0 0 0 0 0 0 0 4 93 3 0 0 0 0 0 0 0 0 0 0 0 0 0 0 0 0 0 0 0 0 0 0 0 0 0 0 0 0 0 0 0 0 0 0 0 0 0 0 0 0 0 0 0 0 0 0 0 0 0 0 0 0 0 0 0 0 0 0 0 0 0 0 0 0 0 0 0 0 0 0 0 0 0 0 0 0 0 0 0 
0 0 0 0 0 0 0 0 0 0 0 0 0 0 0 0 0 0 96 4 0 0 0 0 0 0 0 0 0 0 0 0 0 0 0 0 0 0 0 0 0 0 0 0 0 0 0 0 0 0 0 0 0 0 0 0 0 0 0 0 0 0 0 0 0 0 0 0 0 0 0 0 0 0 0 0 0 0 0 0 0 0 0 0 0 0 0 0 0 0 0 0 0 0 0 0 0 0 0 0 
0 0 0 0 0 0 0 0 0 0 0 0 0 0 0 0 0 0 0 3 91 6 0 0 0 0 0 0 0 0 0 0 0 0 0 0 0 0 0 0 0 0 0 0 0 0 0 0 0 0 0 0 0 0 0 0 0 0 0 0 0 0 0 0 0 0 0 0 0 0 0 0 0 0 0 0 0 0 0 0 0 0 0 0 0 0 0 0 0 0 0 0 0 0 0 0 0 0 0 0 
0 0 0 0 0 0 0 0 0 0 0 0 0 0 0 0 0 0 0 0 6 91 3 0 0 0 0 0 0 0 0 0 0 0 0 0 0 0 0 0 0 0 0 0 0 0 0 0 0 0 0 0 0 0 0 0 0 0 0 0 0 0 0 0 0 0 0 0 0 0 0 0 0 0 0 0 0 0 0 0 0 0 0 0 0 0 0 0 0 0 0 0 0 0 0 0 0 0 0 0 
0 0 0 0 0 0 0 0 0 0 0 0 0 0 0 0 0 0 0 0 0 3 96 1 0 0 0 0 0 0 0 0 0 0 0 0 0 0 0 0 0 0 0 0 0 0 0 0 0 0 0 0 0 0 0 0 0 0 0 0 0 0 0 0 0 0 0 0 0 0 0 0 0 0 0 0 0 0 0 0 0 0 0 0 0 0 0 0 0 0 0 0 0 0 0 0 0 0 0 0 
0 0 0 0 0 0 0 0 0 0 0 0 0 0 0 0 0 0 0 0 0 0 1 97 2 0 0 0 0 0 0 0 0 0 0 0 0 0 0 0 0 0 0 0 0 0 0 0 0 0 0 0 0 0 0 0 0 0 0 0 0 0 0 0 0 0 0 0 0 0 0 0 0 0 0 0 0 0 0 0 0 0 0 0 0 0 0 0 0 0 0 0 0 0 0 0 0 0 0 0 
0 0 0 0 0 0 0 0 0 0 0 0 0 0 0 0 0 0 0 0 0 0 0 2 95 3 0 0 0 0 0 0 0 0 0 0 0 0 0 0 0 0 0 0 0 0 0 0 0 0 0 0 0 0 0 0 0 0 0 0 0 0 0 0 0 0 0 0 0 0 0 0 0 0 0 0 0 0 0 0 0 0 0 0 0 0 0 0 0 0 0 0 0 0 0 0 0 0 0 0 
0 0 0 0 0 0 0 0 0 0 0 0 0 0 0 0 0 0 0 0 0 0 0 0 0 6 93 1 0 0 0 0 0 0 0 0 0 0 0 0 0 0 0 0 0 0 0 0 0 0 0 0 0 0 0 0 0 0 0 0 0 0 0 0 0 0 0 0 0 0 0 0 0 0 0 0 0 0 0 0 0 0 0 0 0 0 0 0 0 0 0 0 0 0 0 0 0 0 0 0 
0 0 0 0 0 0 0 0 0 0 0 0 0 0 0 0 0 0 0 0 0 0 0 0 0 0 1 94 5 0 0 0 0 0 0 0 0 0 0 0 0 0 0 0 0 0 0 0 0 0 0 0 0 0 0 0 0 0 0 0 0 0 0 0 0 0 0 0 0 0 0 0 0 0 0 0 0 0 0 0 0 0 0 0 0 0 0 0 0 0 0 0 0 0 0 0 0 0 0 0 
0 0 0 0 0 0 0 0 0 0 0 0 0 0 0 0 0 0 0 0 0 0 0 0 3 91 6 0 0 0 0 0 0 0 0 0 0 0 0 0 0 0 0 0 0 0 0 0 0 0 0 0 0 0 0 0 0 0 0 0 0 0 0 0 0 0 0 0 0 0 0 0 0 0 0 0 0 0 0 0 0 0 0 0 0 0 0 0 0 0 0 0 0 0 0 0 0 0 0 0 
0 0 0 0 0 0 0 0 0 0 0 0 0 0 0 0 0 0 0 0 0 0 0 0 0 0 0 0 1 95 4 0 0 0 0 0 0 0 0 0 0 0 0 0 0 0 0 0 0 0 0 0 0 0 0 0 0 0 0 0 0 0 0 0 0 0 0 0 0 0 0 0 0 0 0 0 0 0 0 0 0 0 0 0 0 0 0 0 0 0 0 0 0 0 0 0 0 0 0 0 
0 0 0 0 0 0 0 0 0 0 0 0 0 0 0 0 0 0 0 0 0 0 0 0 0 0 0 0 0 4 87 7 1 1 0 0 0 0 0 0 0 0 0 0 0 0 0 0 0 0 0 0 0 0 0 0 0 0 0 0 0 0 0 0 0 0 0 0 0 0 0 0 0 0 0 0 0 0 0 0 0 0 0 0 0 0 0 0 0 0 0 0 0 0 0 0 0 0 0 0 
0 0 0 0 0 0 0 0 0 0 0 0 0 0 0 0 0 0 0 0 0 0 0 0 0 0 0 5 94 1 0 0 0 0 0 0 0 0 0 0 0 0 0 0 0 0 0 0 0 0 0 0 0 0 0 0 0 0 0 0 0 0 0 0 0 0 0 0 0 0 0 0 0 0 0 0 0 0 0 0 0 0 0 0 0 0 0 0 0 0 0 0 0 0 0 0 0 0 0 0 
0 0 0 0 0 0 0 0 0 0 0 0 0 0 0 0 0 0 0 0 0 0 0 0 0 0 0 0 0 0 0 5 95 0 0 0 0 0 0 0 0 0 0 0 0 0 0 0 0 0 0 0 0 0 0 0 0 0 0 0 0 0 0 0 0 0 0 0 0 0 0 0 0 0 0 0 0 0 0 0 0 0 0 0 0 0 0 0 0 0 0 0 0 0 0 0 0 0 0 0 
0 0 0 0 0 0 0 0 0 0 0 0 0 0 0 0 0 0 0 0 0 0 0 0 0 0 0 0 0 0 9 88 3 0 0 0 0 0 0 0 0 0 0 0 0 0 0 0 0 0 0 0 0 0 0 0 0 0 0 0 0 0 0 0 0 0 0 0 0 0 0 0 0 0 0 0 0 0 0 0 0 0 0 0 0 0 0 0 0 0 0 0 0 0 0 0 0 0 0 0 
0 0 0 0 0 0 0 0 0 0 0 0 0 0 0 0 0 0 0 0 0 0 0 0 0 0 0 0 0 0 0 0 1 98 1 0 0 0 0 0 0 0 0 0 0 0 0 0 0 0 0 0 0 0 0 0 0 0 0 0 0 0 0 0 0 0 0 0 0 0 0 0 0 0 0 0 0 0 0 0 0 0 0 0 0 0 0 0 0 0 0 0 0 0 0 0 0 0 0 0 
0 0 0 0 0 0 0 0 0 0 0 0 0 0 0 0 0 0 0 0 0 0 0 0 0 0 0 0 0 0 0 0 0 1 90 9 0 0 0 0 0 0 0 0 0 0 0 0 0 0 0 0 0 0 0 0 0 0 0 0 0 0 0 0 0 0 0 0 0 0 0 0 0 0 0 0 0 0 0 0 0 0 0 0 0 0 0 0 0 0 0 0 0 0 0 0 0 0 0 0 
0 0 0 0 0 0 0 0 0 0 0 0 0 0 0 0 0 0 0 0 0 0 0 0 0 0 0 0 0 0 0 0 0 0 9 87 4 0 0 0 0 0 0 0 0 0 0 0 0 0 0 0 0 0 0 0 0 0 0 0 0 0 0 0 0 0 0 0 0 0 0 0 0 0 0 0 0 0 0 0 0 0 0 0 0 0 0 0 0 0 0 0 0 0 0 0 0 0 0 0 
0 0 0 0 0 0 0 0 0 0 0 0 0 0 0 0 0 0 0 0 0 0 0 0 0 0 0 0 0 0 0 0 0 0 0 4 95 0 1 0 0 0 0 0 0 0 0 0 0 0 0 0 0 0 0 0 0 0 0 0 0 0 0 0 0 0 0 0 0 0 0 0 0 0 0 0 0 0 0 0 0 0 0 0 0 0 0 0 0 0 0 0 0 0 0 0 0 0 0 0 
0 0 0 0 0 0 0 0 0 0 0 0 0 0 0 0 0 0 0 0 0 0 0 0 0 0 0 0 0 0 0 0 0 0 0 0 1 98 1 0 0 0 0 0 0 0 0 0 0 0 0 0 0 0 0 0 0 0 0 0 0 0 0 0 0 0 0 0 0 0 0 0 0 0 0 0 0 0 0 0 0 0 0 0 0 0 0 0 0 0 0 0 0 0 0 0 0 0 0 0 
0 0 0 0 0 0 0 0 0 0 0 0 0 0 0 0 0 0 0 0 0 0 0 0 0 0 0 0 0 0 0 0 0 0 0 0 0 2 92 6 0 0 0 0 0 0 0 0 0 0 0 0 0 0 0 0 0 0 0 0 0 0 0 0 0 0 0 0 0 0 0 0 0 0 0 0 0 0 0 0 0 0 0 0 0 0 0 0 0 0 0 0 0 0 0 0 0 0 0 0 
0 0 0 0 0 0 0 0 0 0 0 0 0 0 0 0 0 0 0 0 0 0 0 0 0 0 0 0 0 0 0 0 0 0 0 0 0 0 6 94 0 0 0 0 0 0 0 0 0 0 0 0 0 0 0 0 0 0 0 0 0 0 0 0 0 0 0 0 0 0 0 0 0 0 0 0 0 0 0 0 0 0 0 0 0 0 0 0 0 0 0 0 0 0 0 0 0 0 0 0 
0 0 0 0 0 0 0 0 0 0 0 0 0 0 0 0 0 0 0 0 0 0 0 0 0 0 0 0 0 0 0 0 0 0 0 0 0 0 0 0 92 8 0 0 0 0 0 0 0 0 0 0 0 0 0 0 0 0 0 0 0 0 0 0 0 0 0 0 0 0 0 0 0 0 0 0 0 0 0 0 0 0 0 0 0 0 0 0 0 0 0 0 0 0 0 0 0 0 0 0 
0 0 0 0 0 0 0 0 0 0 0 0 0 0 0 0 0 0 0 0 0 0 0 0 0 0 0 0 0 0 0 0 0 0 0 0 0 0 0 0 8 91 1 0 0 0 0 0 0 0 0 0 0 0 0 0 0 0 0 0 0 0 0 0 0 0 0 0 0 0 0 0 0 0 0 0 0 0 0 0 0 0 0 0 0 0 0 0 0 0 0 0 0 0 0 0 0 0 0 0 
0 0 0 0 0 0 0 0 0 0 0 0 0 0 0 0 0 0 0 0 0 0 0 0 0 0 0 0 0 0 0 0 0 0 0 0 0 0 0 0 0 1 93 6 0 0 0 0 0 0 0 0 0 0 0 0 0 0 0 0 0 0 0 0 0 0 0 0 0 0 0 0 0 0 0 0 0 0 0 0 0 0 0 0 0 0 0 0 0 0 0 0 0 0 0 0 0 0 0 0 
0 0 0 0 0 0 0 0 0 0 0 0 0 0 0 0 0 0 0 0 0 0 0 0 0 0 0 0 0 0 0 0 0 0 0 0 0 0 0 0 0 0 6 93 1 0 0 0 0 0 0 0 0 0 0 0 0 0 0 0 0 0 0 0 0 0 0 0 0 0 0 0 0 0 0 0 0 0 0 0 0 0 0 0 0 0 0 0 0 0 0 0 0 0 0 0 0 0 0 0 
0 0 0 0 0 0 0 0 0 0 0 0 0 0 0 0 0 0 0 0 0 0 0 0 0 0 0 0 0 0 0 0 0 0 0 0 0 0 0 0 0 0 0 0 3 96 1 0 0 0 0 0 0 0 0 0 0 0 0 0 0 0 0 0 0 0 0 0 0 0 0 0 0 0 0 0 0 0 0 0 0 0 0 0 0 0 0 0 0 0 0 0 0 0 0 0 0 0 0 0 
0 0 0 0 0 0 0 0 0 0 0 0 0 0 0 0 0 0 0 0 0 0 0 0 0 0 0 0 0 0 0 0 0 0 0 0 0 0 0 0 0 0 0 1 95 3 1 0 0 0 0 0 0 0 0 0 0 0 0 0 0 0 0 0 0 0 0 0 0 0 0 0 0 0 0 0 0 0 0 0 0 0 0 0 0 0 0 0 0 0 0 0 0 0 0 0 0 0 0 0 
0 0 0 0 0 0 0 0 0 0 0 0 0 0 0 0 0 0 0 0 0 0 0 0 0 0 0 0 0 0 0 0 0 0 0 0 0 0 0 0 0 0 0 0 1 0 5 91 3 0 0 0 0 0 0 0 0 0 0 0 0 0 0 0 0 0 0 0 0 0 0 0 0 0 0 0 0 0 0 0 0 0 0 0 0 0 0 0 0 0 0 0 0 0 0 0 0 0 0 0 
0 0 0 0 0 0 0 0 0 0 0 0 0 0 0 0 0 0 0 0 0 0 0 0 0 0 0 0 0 0 0 0 0 0 0 0 0 0 0 0 0 0 0 0 0 0 0 4 95 1 0 0 0 0 0 0 0 0 0 0 0 0 0 0 0 0 0 0 0 0 0 0 0 0 0 0 0 0 0 0 0 0 0 0 0 0 0 0 0 0 0 0 0 0 0 0 0 0 0 0 
0 0 0 0 0 0 0 0 0 0 0 0 0 0 0 0 0 0 0 0 0 0 0 0 0 0 0 0 0 0 0 0 0 0 0 0 0 0 0 0 0 0 0 0 0 1 93 5 1 0 0 0 0 0 0 0 0 0 0 0 0 0 0 0 0 0 0 0 0 0 0 0 0 0 0 0 0 0 0 0 0 0 0 0 0 0 0 0 0 0 0 0 0 0 0 0 0 0 0 0 
0 0 0 0 0 0 0 0 0 0 0 0 0 0 0 0 0 0 0 0 0 0 0 0 0 0 0 0 0 0 0 0 0 0 0 0 0 0 0 0 0 0 0 0 0 0 0 0 0 93 7 0 0 0 0 0 0 0 0 0 0 0 0 0 0 0 0 0 0 0 0 0 0 0 0 0 0 0 0 0 0 0 0 0 0 0 0 0 0 0 0 0 0 0 0 0 0 0 0 0 
0 0 0 0 0 0 0 0 0 0 0 0 0 0 0 0 0 0 0 0 0 0 0 0 0 0 0 0 0 0 0 0 0 0 0 0 0 0 0 0 0 0 0 0 0 0 0 0 1 6 93 0 0 0 0 0 0 0 0 0 0 0 0 0 0 0 0 0 0 0 0 0 0 0 0 0 0 0 0 0 0 0 0 0 0 0 0 0 0 0 0 0 0 0 0 0 0 0 0 0 
0 0 0 0 0 0 0 0 0 0 0 0 0 0 0 0 0 0 0 0 0 0 0 0 0 0 0 0 0 0 0 0 0 0 0 0 0 0 0 0 0 0 0 0 0 0 0 0 0 0 0 8 87 5 0 0 0 0 0 0 0 0 0 0 0 0 0 0 0 0 0 0 0 0 0 0 0 0 0 0 0 0 0 0 0 0 0 0 0 0 0 0 0 0 0 0 0 0 0 0 
0 0 0 0 0 0 0 0 0 0 0 0 0 0 0 0 0 0 0 0 0 0 0 0 0 0 0 0 0 0 0 0 0 0 0 0 0 0 0 0 0 0 0 0 0 0 0 0 0 0 0 0 0 1 88 11 0 0 0 0 0 0 0 0 0 0 0 0 0 0 0 0 0 0 0 0 0 0 0 0 0 0 0 0 0 0 0 0 0 0 0 0 0 0 0 0 0 0 0 0 
0 0 0 0 0 0 0 0 0 0 0 0 0 0 0 0 0 0 0 0 0 0 0 0 0 0 0 0 0 0 0 0 0 0 0 0 0 0 0 0 0 0 0 0 0 0 0 0 0 0 0 92 7 1 0 0 0 0 0 0 0 0 0 0 0 0 0 0 0 0 0 0 0 0 0 0 0 0 0 0 0 0 0 0 0 0 0 0 0 0 0 0 0 0 0 0 0 0 0 0 
0 0 0 0 0 0 0 0 0 0 0 0 0 0 0 0 0 0 0 0 0 0 0 0 0 0 0 0 0 0 0 0 0 0 0 0 0 0 0 0 0 0 0 0 0 0 0 0 0 0 0 0 6 93 1 0 0 0 0 0 0 0 0 0 0 0 0 0 0 0 0 0 0 0 0 0 0 0 0 0 0 0 0 0 0 0 0 0 0 0 0 0 0 0 0 0 0 0 0 0 
0 0 0 0 0 0 0 0 0 0 0 0 0 0 0 0 0 0 0 0 0 0 0 0 0 0 0 0 0 0 0 0 0 0 0 0 0 0 0 0 0 0 0 0 0 0 0 0 0 0 0 0 0 0 11 88 1 0 0 0 0 0 0 0 0 0 0 0 0 0 0 0 0 0 0 0 0 0 0 0 0 0 0 0 0 0 0 0 0 0 0 0 0 0 0 0 0 0 0 0 
0 0 0 0 0 0 0 0 0 0 0 0 0 0 0 0 0 0 0 0 0 0 0 0 0 0 0 0 0 0 0 0 0 0 0 0 0 0 0 0 0 0 0 0 0 0 0 0 0 0 0 0 0 0 0 1 91 8 0 0 0 0 0 0 0 0 0 0 0 0 0 0 0 0 0 0 0 0 0 0 0 0 0 0 0 0 0 0 0 0 0 0 0 0 0 0 0 0 0 0 
0 0 0 0 0 0 0 0 0 0 0 0 0 0 0 0 0 0 0 0 0 0 0 0 0 0 0 0 0 0 0 0 0 0 0 0 0 0 0 0 0 0 0 0 0 0 0 0 0 0 0 0 0 0 0 0 8 92 0 0 0 0 0 0 0 0 0 0 0 0 0 0 0 0 0 0 0 0 0 0 0 0 0 0 0 0 0 0 0 0 0 0 0 0 0 0 0 0 0 0 
0 0 0 0 0 0 0 0 0 0 0 0 0 0 0 0 0 0 0 0 0 0 0 0 0 0 0 0 0 0 0 0 0 0 0 0 0 0 0 0 0 0 0 0 0 0 0 0 0 0 0 0 0 0 0 0 0 0 2 90 7 1 0 0 0 0 0 0 0 0 0 0 0 0 0 0 0 0 0 0 0 0 0 0 0 0 0 0 0 0 0 0 0 0 0 0 0 0 0 0 
0 0 0 0 0 0 0 0 0 0 0 0 0 0 0 0 0 0 0 0 0 0 0 0 0 0 0 0 0 0 0 0 0 0 0 0 0 0 0 0 0 0 0 0 0 0 0 0 0 0 0 0 0 0 0 0 0 0 0 8 92 0 0 0 0 0 0 0 0 0 0 0 0 0 0 0 0 0 0 0 0 0 0 0 0 0 0 0 0 0 0 0 0 0 0 0 0 0 0 0 
0 0 0 0 0 0 0 0 0 0 0 0 0 0 0 0 0 0 0 0 0 0 0 0 0 0 0 0 0 0 0 0 0 0 0 0 0 0 0 0 0 0 0 0 0 0 0 0 0 0 0 0 0 0 0 0 0 0 98 2 0 0 0 0 0 0 0 0 0 0 0 0 0 0 0 0 0 0 0 0 0 0 0 0 0 0 0 0 0 0 0 0 0 0 0 0 0 0 0 0 
0 0 0 0 0 0 0 0 0 0 0 0 0 0 0 0 0 0 0 0 0 0 0 0 0 0 0 0 0 0 0 0 0 0 0 0 0 0 0 0 0 0 0 0 0 0 0 0 0 0 0 0 0 0 0 0 0 0 0 0 0 8 90 2 0 0 0 0 0 0 0 0 0 0 0 0 0 0 0 0 0 0 0 0 0 0 0 0 0 0 0 0 0 0 0 0 0 0 0 0 
0 0 0 0 0 0 0 0 0 0 0 0 0 0 0 0 0 0 0 0 0 0 0 0 0 0 0 0 0 0 0 0 0 0 0 0 0 0 0 0 0 0 0 0 0 0 0 0 0 0 0 0 0 0 0 0 0 0 0 0 0 0 3 97 0 0 0 0 0 0 0 0 0 0 0 0 0 0 0 0 0 0 0 0 0 0 0 0 0 0 0 0 0 0 0 0 0 0 0 0 
0 0 0 0 0 0 0 0 0 0 0 0 0 0 0 0 0 0 0 0 0 0 0 0 0 0 0 0 0 0 0 0 0 0 0 0 0 0 0 0 0 0 0 0 0 0 0 0 0 0 0 0 0 0 0 0 0 0 0 0 1 91 7 1 0 0 0 0 0 0 0 0 0 0 0 0 0 0 0 0 0 0 0 0 0 0 0 0 0 0 0 0 0 0 0 0 0 0 0 0 
0 0 0 0 0 0 0 0 0 0 0 0 0 0 0 0 0 0 0 0 0 0 0 0 0 0 0 0 0 0 0 0 0 0 0 0 0 0 0 0 0 0 0 0 0 0 0 0 0 0 0 0 0 0 0 0 0 0 0 0 0 0 0 0 11 89 0 0 0 0 0 0 0 0 0 0 0 0 0 0 0 0 0 0 0 0 0 0 0 0 0 0 0 0 0 0 0 0 0 0 
0 0 0 0 0 0 0 0 0 0 0 0 0 0 0 0 0 0 0 0 0 0 0 0 0 0 0 0 0 0 0 0 0 0 0 0 0 0 0 0 0 0 0 0 0 0 0 0 0 0 0 0 0 0 0 0 0 0 0 0 0 0 0 0 89 11 0 0 0 0 0 0 0 0 0 0 0 0 0 0 0 0 0 0 0 0 0 0 0 0 0 0 0 0 0 0 0 0 0 0 
0 0 0 0 0 0 0 0 0 0 0 0 0 0 0 0 0 0 0 0 0 0 0 0 0 0 0 0 0 0 0 0 0 0 0 0 0 0 0 0 0 0 0 0 0 0 0 0 0 0 0 0 0 0 0 0 0 0 0 0 0 0 0 0 0 0 4 96 0 0 0 0 0 0 0 0 0 0 0 0 0 0 0 0 0 0 0 0 0 0 0 0 0 0 0 0 0 0 0 0 
0 0 0 0 0 0 0 0 0 0 0 0 0 0 0 0 0 0 0 0 0 0 0 0 0 0 0 0 0 0 0 0 0 0 0 0 0 0 0 0 0 0 0 0 0 0 0 0 0 0 0 0 0 0 0 0 0 0 0 0 0 0 0 0 0 0 96 3 1 0 0 0 0 0 0 0 0 0 0 0 0 0 0 0 0 0 0 0 0 0 0 0 0 0 0 0 0 0 0 0 
0 0 0 0 0 0 0 0 0 0 0 0 0 0 0 0 0 0 0 0 0 0 0 0 0 0 0 0 0 0 0 0 0 0 0 0 0 0 0 0 0 0 0 0 0 0 0 0 0 0 0 0 0 0 0 0 0 0 0 0 0 0 0 0 0 0 0 1 9 87 3 0 0 0 0 0 0 0 0 0 0 0 0 0 0 0 0 0 0 0 0 0 0 0 0 0 0 0 0 0 
0 0 0 0 0 0 0 0 0 0 0 0 0 0 0 0 0 0 0 0 0 0 0 0 0 0 0 0 0 0 0 0 0 0 0 0 0 0 0 0 0 0 0 0 0 0 0 0 0 0 0 0 0 0 0 0 0 0 0 0 0 0 0 0 0 0 0 0 90 9 1 0 0 0 0 0 0 0 0 0 0 0 0 0 0 0 0 0 0 0 0 0 0 0 0 0 0 0 0 0 
0 0 0 0 0 0 0 0 0 0 0 0 0 0 0 0 0 0 0 0 0 0 0 0 0 0 0 0 0 0 0 0 0 0 0 0 0 0 0 0 0 0 0 0 0 0 0 0 0 0 0 0 0 0 0 0 0 0 0 0 0 0 0 0 0 0 0 0 0 4 96 0 0 0 0 0 0 0 0 0 0 0 0 0 0 0 0 0 0 0 0 0 0 0 0 0 0 0 0 0 
0 0 0 0 0 0 0 0 0 0 0 0 0 0 0 0 0 0 0 0 0 0 0 0 0 0 0 0 0 0 0 0 0 0 0 0 0 0 0 0 0 0 0 0 0 0 0 0 0 0 0 0 0 0 0 0 0 0 0 0 0 0 0 0 0 0 0 0 0 0 0 0 0 12 84 4 0 0 0 0 0 0 0 0 0 0 0 0 0 0 0 0 0 0 0 0 0 0 0 0 
0 0 0 0 0 0 0 0 0 0 0 0 0 0 0 0 0 0 0 0 0 0 0 0 0 0 0 0 0 0 0 0 0 0 0 0 0 0 0 0 0 0 0 0 0 0 0 0 0 0 0 0 0 0 0 0 0 0 0 0 0 0 0 0 0 0 0 0 0 0 0 10 90 0 0 0 0 0 0 0 0 0 0 0 0 0 0 0 0 0 0 0 0 0 0 0 0 0 0 0 
0 0 0 0 0 0 0 0 0 0 0 0 0 0 0 0 0 0 0 0 0 0 0 0 0 0 0 0 0 0 0 0 0 0 0 0 0 0 0 0 0 0 0 0 0 0 0 0 0 0 0 0 0 0 0 0 0 0 0 0 0 0 0 0 0 0 0 0 0 0 0 90 10 0 0 0 0 0 0 0 0 0 0 0 0 0 0 0 0 0 0 0 0 0 0 0 0 0 0 0 
0 0 0 0 0 0 0 0 0 0 0 0 0 0 0 0 0 0 0 0 0 0 0 0 0 0 0 0 0 0 0 0 0 0 0 0 0 0 0 0 0 0 0 0 0 0 0 0 0 0 0 0 0 0 0 0 0 0 0 0 0 0 0 0 0 0 0 0 0 0 0 0 0 88 11 1 0 0 0 0 0 0 0 0 0 0 0 0 0 0 0 0 0 0 0 0 0 0 0 0 
0 0 0 0 0 0 0 0 0 0 0 0 0 0 0 0 0 0 0 0 0 0 0 0 0 0 0 0 0 0 0 0 0 0 0 0 0 0 0 0 0 0 0 0 0 0 0 0 0 0 0 0 0 0 0 0 0 0 0 0 0 0 0 0 0 0 0 0 0 0 0 0 0 0 0 0 3 96 1 0 0 0 0 0 0 0 0 0 0 0 0 0 0 0 0 0 0 0 0 0 
0 0 0 0 0 0 0 0 0 0 0 0 0 0 0 0 0 0 0 0 0 0 0 0 0 0 0 0 0 0 0 0 0 0 0 0 0 0 0 0 0 0 0 0 0 0 0 0 0 0 0 0 0 0 0 0 0 0 0 0 0 0 0 0 0 0 0 0 0 0 0 0 0 0 5 95 0 0 0 0 0 0 0 0 0 0 0 0 0 0 0 0 0 0 0 0 0 0 0 0 
0 0 0 0 0 0 0 0 0 0 0 0 0 0 0 0 0 0 0 0 0 0 0 0 0 0 0 0 0 0 0 0 0 0 0 0 0 0 0 0 0 0 0 0 0 0 0 0 0 0 0 0 0 0 0 0 0 0 0 0 0 0 0 0 0 0 0 0 0 0 0 0 0 0 0 0 97 3 0 0 0 0 0 0 0 0 0 0 0 0 0 0 0 0 0 0 0 0 0 0 
0 0 0 0 0 0 0 0 0 0 0 0 0 0 0 0 0 0 0 0 0 0 0 0 0 0 0 0 0 0 0 0 0 0 0 0 0 0 0 0 0 0 0 0 0 0 0 0 0 0 0 0 0 0 0 0 0 0 0 0 0 0 0 0 0 0 0 0 0 0 0 0 0 0 0 0 0 0 1 94 5 0 0 0 0 0 0 0 0 0 0 0 0 0 0 0 0 0 0 0 
0 0 0 0 0 0 0 0 0 0 0 0 0 0 0 0 0 0 0 0 0 0 0 0 0 0 0 0 0 0 0 0 0 0 0 0 0 0 0 0 0 0 0 0 0 0 0 0 0 0 0 0 0 0 0 0 0 0 0 0 0 0 0 0 0 0 0 0 0 0 0 0 0 0 0 0 0 1 98 1 0 0 0 0 0 0 0 0 0 0 0 0 0 0 0 0 0 0 0 0 
0 0 0 0 0 0 0 0 0 0 0 0 0 0 0 0 0 0 0 0 0 0 0 0 0 0 0 0 0 0 0 0 0 0 0 0 0 0 0 0 0 0 0 0 0 0 0 0 0 0 0 0 0 0 0 0 0 0 0 0 0 0 0 0 0 0 0 0 0 0 0 0 0 0 0 0 0 0 0 0 5 95 0 0 0 0 0 0 0 0 0 0 0 0 0 0 0 0 0 0 
0 0 0 0 0 0 0 0 0 0 0 0 0 0 0 0 0 0 0 0 0 0 0 0 0 0 0 0 0 0 0 0 0 0 0 0 0 0 0 0 0 0 0 0 0 0 0 0 0 0 0 0 0 0 0 0 0 0 0 0 0 0 0 0 0 0 0 0 0 0 0 0 0 0 0 0 0 0 0 5 90 5 0 0 0 0 0 0 0 0 0 0 0 0 0 0 0 0 0 0 
0 0 0 0 0 0 0 0 0 0 0 0 0 0 0 0 0 0 0 0 0 0 0 0 0 0 0 0 0 0 0 0 0 0 0 0 0 0 0 0 0 0 0 0 0 0 0 0 0 0 0 0 0 0 0 0 0 0 0 0 0 0 0 0 0 0 0 0 0 0 0 0 0 0 0 0 0 0 0 0 0 0 93 7 0 0 0 0 0 0 0 0 0 0 0 0 0 0 0 0 
0 0 0 0 0 0 0 0 0 0 0 0 0 0 0 0 0 0 0 0 0 0 0 0 0 0 0 0 0 0 0 0 0 0 0 0 0 0 0 0 0 0 0 0 0 0 0 0 0 0 0 0 0 0 0 0 0 0 0 0 0 0 0 0 0 0 0 0 0 0 0 0 0 0 0 0 0 0 0 0 0 0 7 91 2 0 0 0 0 0 0 0 0 0 0 0 0 0 0 0 
0 0 0 0 0 0 0 0 0 0 0 0 0 0 0 0 0 0 0 0 0 0 0 0 0 0 0 0 0 0 0 0 0 0 0 0 0 0 0 0 0 0 0 0 0 0 0 0 0 0 0 0 0 0 0 0 0 0 0 0 0 0 0 0 0 0 0 0 0 0 0 0 0 0 0 0 0 0 0 0 0 0 0 0 0 99 1 0 0 0 0 0 0 0 0 0 0 0 0 0 
0 0 0 0 0 0 0 0 0 0 0 0 0 0 0 0 0 0 0 0 0 0 0 0 0 0 0 0 0 0 0 0 0 0 0 0 0 0 0 0 0 0 0 0 0 0 0 0 0 0 0 0 0 0 0 0 0 0 0 0 0 0 0 0 0 0 0 0 0 0 0 0 0 0 0 0 0 0 0 0 0 0 0 2 98 0 0 0 0 0 0 0 0 0 0 0 0 0 0 0 
0 0 0 0 0 0 0 0 0 0 0 0 0 0 0 0 0 0 0 0 0 0 0 0 0 0 0 0 0 0 0 0 0 0 0 0 0 0 0 0 0 0 0 0 0 0 0 0 0 0 0 0 0 0 0 0 0 0 0 0 0 0 0 0 0 0 0 0 0 0 0 0 0 0 0 0 0 0 0 0 0 0 0 0 0 0 95 5 0 0 0 0 0 0 0 0 0 0 0 0 
0 0 0 0 0 0 0 0 0 0 0 0 0 0 0 0 0 0 0 0 0 0 0 0 0 0 0 0 0 0 0 0 0 0 0 0 0 0 0 0 0 0 0 0 0 0 0 0 0 0 0 0 0 0 0 0 0 0 0 0 0 0 0 0 0 0 0 0 0 0 0 0 0 0 0 0 0 0 0 0 0 0 0 0 0 1 4 94 1 0 0 0 0 0 0 0 0 0 0 0 
0 0 0 0 0 0 0 0 0 0 0 0 0 0 0 0 0 0 0 0 0 0 0 0 0 0 0 0 0 0 0 0 0 0 0 0 0 0 0 0 0 0 0 0 0 0 0 0 0 0 0 0 0 0 0 0 0 0 0 0 0 0 0 0 0 0 0 0 0 0 0 0 0 0 0 0 0 0 0 0 0 0 0 0 0 0 0 0 5 95 0 0 0 0 0 0 0 0 0 0 
0 0 0 0 0 0 0 0 0 0 0 0 0 0 0 0 0 0 0 0 0 0 0 0 0 0 0 0 0 0 0 0 0 0 0 0 0 0 0 0 0 0 0 0 0 0 0 0 0 0 0 0 0 0 0 0 0 0 0 0 0 0 0 0 0 0 0 0 0 0 0 0 0 0 0 0 0 0 0 0 0 0 0 0 0 0 0 0 0 0 99 1 0 0 0 0 0 0 0 0 
0 0 0 0 0 0 0 0 0 0 0 0 0 0 0 0 0 0 0 0 0 0 0 0 0 0 0 0 0 0 0 0 0 0 0 0 0 0 0 0 0 0 0 0 0 0 0 0 0 0 0 0 0 0 0 0 0 0 0 0 0 0 0 0 0 0 0 0 0 0 0 0 0 0 0 0 0 0 0 0 0 0 0 0 0 0 0 1 94 5 0 0 0 0 0 0 0 0 0 0 
0 0 0 0 0 0 0 0 0 0 0 0 0 0 0 0 0 0 0 0 0 0 0 0 0 0 0 0 0 0 0 0 0 0 0 0 0 0 0 0 0 0 0 0 0 0 0 0 0 0 0 0 0 0 0 0 0 0 0 0 0 0 0 0 0 0 0 0 0 0 0 0 0 0 0 0 0 0 0 0 0 0 0 0 0 0 0 0 0 0 0 1 98 1 0 0 0 0 0 0 
0 0 0 0 0 0 0 0 0 0 0 0 0 0 0 0 0 0 0 0 0 0 0 0 0 0 0 0 0 0 0 0 0 0 0 0 0 0 0 0 0 0 0 0 0 0 0 0 0 0 0 0 0 0 0 0 0 0 0 0 0 0 0 0 0 0 0 0 0 0 0 0 0 0 0 0 0 0 0 0 0 0 0 0 0 0 0 0 0 0 0 0 0 0 100 0 0 0 0 0 
0 0 0 0 0 0 0 0 0 0 0 0 0 0 0 0 0 0 0 0 0 0 0 0 0 0 0 0 0 0 0 0 0 0 0 0 0 0 0 0 0 0 0 0 0 0 0 0 0 0 0 0 0 0 0 0 0 0 0 0 0 0 0 0 0 0 0 0 0 0 0 0 0 0 0 0 0 0 0 0 0 0 0 0 0 0 0 0 0 0 1 98 1 0 0 0 0 0 0 0 
0 0 0 0 0 0 0 0 0 0 0 0 0 0 0 0 0 0 0 0 0 0 0 0 0 0 0 0 0 0 0 0 0 0 0 0 0 0 0 0 0 0 0 0 0 0 0 0 0 0 0 0 0 0 0 0 0 0 0 0 0 0 0 0 0 0 0 0 0 0 0 0 0 0 0 0 0 0 0 0 0 0 0 0 0 0 0 0 0 0 0 0 1 99 0 0 0 0 0 0 
0 0 0 0 0 0 0 0 0 0 0 0 0 0 0 0 0 0 0 0 0 0 0 0 0 0 0 0 0 0 0 0 0 0 0 0 0 0 0 0 0 0 0 0 0 0 0 0 0 0 0 0 0 0 0 0 0 0 0 0 0 0 0 0 0 0 0 0 0 0 0 0 0 0 0 0 0 0 0 0 0 0 0 0 0 0 0 0 0 0 0 0 0 0 0 99 1 0 0 0 
0 0 0 0 0 0 0 0 0 0 0 0 0 0 0 0 0 0 0 0 0 0 0 0 0 0 0 0 0 0 0 0 0 0 0 0 0 0 0 0 0 0 0 0 0 0 0 0 0 0 0 0 0 0 0 0 0 0 0 0 0 0 0 0 0 0 0 0 0 0 0 0 0 0 0 0 0 0 0 0 0 0 0 0 0 0 0 0 0 0 0 0 0 0 0 0 0 100 0 0 
0 0 0 0 0 0 0 0 0 0 0 0 0 0 0 0 0 0 0 0 0 0 0 0 0 0 0 0 0 0 0 0 0 0 0 0 0 0 0 0 0 0 0 0 0 0 0 0 0 0 0 0 0 0 0 0 0 0 0 0 0 0 0 0 0 0 0 0 0 0 0 0 0 0 0 0 0 0 0 0 0 0 0 0 0 0 0 0 0 0 0 0 0 0 0 1 99 0 0 0 
0 0 0 0 0 0 0 0 0 0 0 0 0 0 0 0 0 0 0 0 0 0 0 0 0 0 0 0 0 0 0 0 0 0 0 0 0 0 0 0 0 0 0 0 0 0 0 0 0 0 0 0 0 0 0 0 0 0 0 0 0 0 0 0 0 0 0 0 0 0 0 0 0 0 0 0 0 0 0 0 0 0 0 0 0 0 0 0 0 0 0 0 0 0 0 0 0 0 0 100 
0 0 0 0 0 0 0 0 0 0 0 0 0 0 0 0 0 0 0 0 0 0 0 0 0 0 0 0 0 0 0 0 0 0 0 0 0 0 0 0 0 0 0 0 0 0 0 0 0 0 0 0 0 0 0 0 0 0 0 0 0 0 0 0 0 0 0 0 0 0 0 0 0 0 0 0 0 0 0 0 0 0 0 0 0 0 0 0 0 0 0 0 0 0 0 0 0 0 100 0 

Pair-order violations matrix
0 0 100 0 0 0 0 0 0 0 0 0 0 0 0 0 0 0 0 0 0 0 0 0 0 0 0 0 0 0 0 0 0 0 0 0 0 0 0 0 0 0 0 0 0 0 0 0 0 0 0 0 0 0 0 0 0 0 0 0 0 0 0 0 0 0 0 0 0 0 0 0 0 0 0 0 0 0 0 0 0 0 0 0 0 0 0 0 0 0 0 0 0 0 0 0 0 0 0 0 
0 0 100 0 0 0 0 0 0 0 0 0 0 0 0 0 0 0 0 0 0 0 0 0 0 0 0 0 0 0 0 0 0 0 0 0 0 0 0 0 0 0 0 0 0 0 0 0 0 0 0 0 0 0 0 0 0 0 0 0 0 0 0 0 0 0 0 0 0 0 0 0 0 0 0 0 0 0 0 0 0 0 0 0 0 0 0 0 0 0 0 0 0 0 0 0 0 0 0 0 
100 100 0 0 0 0 0 0 0 0 0 0 0 0 0 0 0 0 0 0 0 0 0 0 0 0 0 0 0 0 0 0 0 0 0 0 0 0 0 0 0 0 0 0 0 0 0 0 0 0 0 0 0 0 0 0 0 0 0 0 0 0 0 0 0 0 0 0 0 0 0 0 0 0 0 0 0 0 0 0 0 0 0 0 0 0 0 0 0 0 0 0 0 0 0 0 0 0 0 0 
0 0 0 0 99 0 0 0 0 0 0 0 0 0 0 0 0 0 0 0 0 0 0 0 0 0 0 0 0 0 0 0 0 0 0 0 0 0 0 0 0 0 0 0 0 0 0 0 0 0 0 0 0 0 0 0 0 0 0 0 0 0 0 0 0 0 0 0 0 0 0 0 0 0 0 0 0 0 0 0 0 0 0 0 0 0 0 0 0 0 0 0 0 0 0 0 0 0 0 0 
0 0 0 99 0 0 0 0 0 0 0 0 0 0 0 0 0 0 0 0 0 0 0 0 0 0 0 0 0 0 0 0 0 0 0 0 0 0 0 0 0 0 0 0 0 0 0 0 0 0 0 0 0 0 0 0 0 0 0 0 0 0 0 0 0 0 0 0 0 0 0 0 0 0 0 0 0 0 0 0 0 0 0 0 0 0 0 0 0 0 0 0 0 0 0 0 0 0 0 0 
0 0 0 0 0 0 1 0 0 0 0 0 0 0 0 0 0 0 0 0 0 0 0 0 0 0 0 0 0 0 0 0 0 0 0 0 0 0 0 0 0 0 0 0 0 0 0 0 0 0 0 0 0 0 0 0 0 0 0 0 0 0 0 0 0 0 0 0 0 0 0 0 0 0 0 0 0 0 0 0 0 0 0 0 0 0 0 0 0 0 0 0 0 0 0 0 0 0 0 0 
0 0 0 0 0 1 0 0 0 0 0 0 0 0 0 0 0 0 0 0 0 0 0 0 0 0 0 0 0 0 0 0 0 0 0 0 0 0 0 0 0 0 0 0 0 0 0 0 0 0 0 0 0 0 0 0 0 0 0 0 0 0 0 0 0 0 0 0 0 0 0 0 0 0 0 0 0 0 0 0 0 0 0 0 0 0 0 0 0 0 0 0 0 0 0 0 0 0 0 0 
0 0 0 0 0 0 0 0 1 0 0 0 0 0 0 0 0 0 0 0 0 0 0 0 0 0 0 0 0 0 0 0 0 0 0 0 0 0 0 0 0 0 0 0 0 0 0 0 0 0 0 0 0 0 0 0 0 0 0 0 0 0 0 0 0 0 0 0 0 0 0 0 0 0 0 0 0 0 0 0 0 0 0 0 0 0 0 0 0 0 0 0 0 0 0 0 0 0 0 0 
0 0 0 0 0 0 0 1 0 0 0 0 0 0 0 0 0 0 0 0 0 0 0 0 0 0 0 0 0 0 0 0 0 0 0 0 0 0 0 0 0 0 0 0 0 0 0 0 0 0 0 0 0 0 0 0 0 0 0 0 0 0 0 0 0 0 0 0 0 0 0 0 0 0 0 0 0 0 0 0 0 0 0 0 0 0 0 0 0 0 0 0 0 0 0 0 0 0 0 0 
0 0 0 0 0 0 0 0 0 0 0 4 0 0 0 0 0 0 0 0 0 0 0 0 0 0 0 0 0 0 0 0 0 0 0 0 0 0 0 0 0 0 0 0 0 0 0 0 0 0 0 0 0 0 0 0 0 0 0 0 0 0 0 0 0 0 0 0 0 0 0 0 0 0 0 0 0 0 0 0 0 0 0 0 0 0 0 0 0 0 0 0 0 0 0 0 0 0 0 0 
0 0 0 0 0 0 0 0 0 0 0 100 0 96 0 0 1 0 0 0 0 0 0 0 0 0 0 0 0 0 0 0 0 0 0 0 0 0 0 0 0 0 0 0 0 0 0 0 0 0 0 0 0 0 0 0 0 0 0 0 0 0 0 0 0 0 0 0 0 0 0 0 0 0 0 0 0 0 0 0 0 0 0 0 0 0 0 0 0 0 0 0 0 0 0 0 0 0 0 0 
0 0 0 0 0 0 0 0 0 4 100 0 0 0 0 0 0 0 0 0 0 0 0 0 0 0 0 0 0 0 0 0 0 0 0 0 0 0 0 0 0 0 0 0 0 0 0 0 0 0 0 0 0 0 0 0 0 0 0 0 0 0 0 0 0 0 0 0 0 0 0 0 0 0 0 0 0 0 0 0 0 0 0 0 0 0 0 0 0 0 0 0 0 0 0 0 0 0 0 0 
0 0 0 0 0 0 0 0 0 0 0 0 0 100 0 3 95 0 0 0 0 0 0 0 0 0 0 0 0 0 0 0 0 0 0 0 0 0 0 0 0 0 0 0 0 0 0 0 0 0 0 0 0 0 0 0 0 0 0 0 0 0 0 0 0 0 0 0 0 0 0 0 0 0 0 0 0 0 0 0 0 0 0 0 0 0 0 0 0 0 0 0 0 0 0 0 0 0 0 0 
0 0 0 0 0 0 0 0 0 0 96 0 100 0 0 0 1 0 0 0 0 0 0 0 0 0 0 0 0 0 0 0 0 0 0 0 0 0 0 0 0 0 0 0 0 0 0 0 0 0 0 0 0 0 0 0 0 0 0 0 0 0 0 0 0 0 0 0 0 0 0 0 0 0 0 0 0 0 0 0 0 0 0 0 0 0 0 0 0 0 0 0 0 0 0 0 0 0 0 0 
0 0 0 0 0 0 0 0 0 0 0 0 0 0 0 99 100 0 0 0 0 0 0 0 0 0 0 0 0 0 0 0 0 0 0 0 0 0 0 0 0 0 0 0 0 0 0 0 0 0 0 0 0 0 0 0 0 0 0 0 0 0 0 0 0 0 0 0 0 0 0 0 0 0 0 0 0 0 0 0 0 0 0 0 0 0 0 0 0 0 0 0 0 0 0 0 0 0 0 0 
0 0 0 0 0 0 0 0 0 0 0 0 3 0 99 0 100 0 0 0 0 0 0 0 0 0 0 0 0 0 0 0 0 0 0 0 0 0 0 0 0 0 0 0 0 0 0 0 0 0 0 0 0 0 0 0 0 0 0 0 0 0 0 0 0 0 0 0 0 0 0 0 0 0 0 0 0 0 0 0 0 0 0 0 0 0 0 0 0 0 0 0 0 0 0 0 0 0 0 0 
0 0 0 0 0 0 0 0 0 0 1 0 95 1 100 100 0 0 0 0 0 0 0 0 0 0 0 0 0 0 0 0 0 0 0 0 0 0 0 0 0 0 0 0 0 0 0 0 0 0 0 0 0 0 0 0 0 0 0 0 0 0 0 0 0 0 0 0 0 0 0 0 0 0 0 0 0 0 0 0 0 0 0 0 0 0 0 0 0 0 0 0 0 0 0 0 0 0 0 0 
0 0 0 0 0 0 0 0 0 0 0 0 0 0 0 0 0 0 0 0 0 0 0 0 0 0 0 0 0 0 0 0 0 0 0 0 0 0 0 0 0 0 0 0 0 0 0 0 0 0 0 0 0 0 0 0 0 0 0 0 0 0 0 0 0 0 0 0 0 0 0 0 0 0 0 0 0 0 0 0 0 0 0 0 0 0 0 0 0 0 0 0 0 0 0 0 0 0 0 0 
0 0 0 0 0 0 0 0 0 0 0 0 0 0 0 0 0 0 0 96 3 0 0 0 0 0 0 0 0 0 0 0 0 0 0 0 0 0 0 0 0 0 0 0 0 0 0 0 0 0 0 0 0 0 0 0 0 0 0 0 0 0 0 0 0 0 0 0 0 0 0 0 0 0 0 0 0 0 0 0 0 0 0 0 0 0 0 0 0 0 0 0 0 0 0 0 0 0 0 0 
0 0 0 0 0 0 0 0 0 0 0 0 0 0 0 0 0 0 96 0 0 0 0 0 0 0 0 0 0 0 0 0 0 0 0 0 0 0 0 0 0 0 0 0 0 0 0 0 0 0 0 0 0 0 0 0 0 0 0 0 0 0 0 0 0 0 0 0 0 0 0 0 0 0 0 0 0 0 0 0 0 0 0 0 0 0 0 0 0 0 0 0 0 0 0 0 0 0 0 0 
0 0 0 0 0 0 0 0 0 0 0 0 0 0 0 0 0 0 3 0 0 6 0 0 0 0 0 0 0 0 0 0 0 0 0 0 0 0 0 0 0 0 0 0 0 0 0 0 0 0 0 0 0 0 0 0 0 0 0 0 0 0 0 0 0 0 0 0 0 0 0 0 0 0 0 0 0 0 0 0 0 0 0 0 0 0 0 0 0 0 0 0 0 0 0 0 0 0 0 0 
0 0 0 0 0 0 0 0 0 0 0 0 0 0 0 0 0 0 0 0 6 0 3 0 0 0 0 0 0 0 0 0 0 0 0 0 0 0 0 0 0 0 0 0 0 0 0 0 0 0 0 0 0 0 0 0 0 0 0 0 0 0 0 0 0 0 0 0 0 0 0 0 0 0 0 0 0 0 0 0 0 0 0 0 0 0 0 0 0 0 0 0 0 0 0 0 0 0 0 0 
0 0 0 0 0 0 0 0 0 0 0 0 0 0 0 0 0 0 0 0 0 3 0 1 0 0 0 0 0 0 0 0 0 0 0 0 0 0 0 0 0 0 0 0 0 0 0 0 0 0 0 0 0 0 0 0 0 0 0 0 0 0 0 0 0 0 0 0 0 0 0 0 0 0 0 0 0 0 0 0 0 0 0 0 0 0 0 0 0 0 0 0 0 0 0 0 0 0 0 0 
0 0 0 0 0 0 0 0 0 0 0 0 0 0 0 0 0 0 0 0 0 0 1 0 2 0 0 0 0 0 0 0 0 0 0 0 0 0 0 0 0 0 0 0 0 0 0 0 0 0 0 0 0 0 0 0 0 0 0 0 0 0 0 0 0 0 0 0 0 0 0 0 0 0 0 0 0 0 0 0 0 0 0 0 0 0 0 0 0 0 0 0 0 0 0 0 0 0 0 0 
0 0 0 0 0 0 0 0 0 0 0 0 0 0 0 0 0 0 0 0 0 0 0 2 0 0 0 3 0 0 0 0 0 0 0 0 0 0 0 0 0 0 0 0 0 0 0 0 0 0 0 0 0 0 0 0 0 0 0 0 0 0 0 0 0 0 0 0 0 0 0 0 0 0 0 0 0 0 0 0 0 0 0 0 0 0 0 0 0 0 0 0 0 0 0 0 0 0 0 0 
0 0 0 0 0 0 0 0 0 0 0 0 0 0 0 0 0 0 0 0 0 0 0 0 0 0 1 94 0 0 0 0 0 0 0 0 0 0 0 0 0 0 0 0 0 0 0 0 0 0 0 0 0 0 0 0 0 0 0 0 0 0 0 0 0 0 0 0 0 0 0 0 0 0 0 0 0 0 0 0 0 0 0 0 0 0 0 0 0 0 0 0 0 0 0 0 0 0 0 0 
0 0 0 0 0 0 0 0 0 0 0 0 0 0 0 0 0 0 0 0 0 0 0 0 0 1 0 100 0 0 5 0 0 0 0 0 0 0 0 0 0 0 0 0 0 0 0 0 0 0 0 0 0 0 0 0 0 0 0 0 0 0 0 0 0 0 0 0 0 0 0 0 0 0 0 0 0 0 0 0 0 0 0 0 0 0 0 0 0 0 0 0 0 0 0 0 0 0 0 0 
0 0 0 0 0 0 0 0 0 0 0 0 0 0 0 0 0 0 0 0 0 0 0 0 3 94 100 0 0 0 0 0 0 0 0 0 0 0 0 0 0 0 0 0 0 0 0 0 0 0 0 0 0 0 0 0 0 0 0 0 0 0 0 0 0 0 0 0 0 0 0 0 0 0 0 0 0 0 0 0 0 0 0 0 0 0 0 0 0 0 0 0 0 0 0 0 0 0 0 0 
0 0 0 0 0 0 0 0 0 0 0 0 0 0 0 0 0 0 0 0 0 0 0 0 0 0 0 0 0 4 99 0 0 0 0 0 0 0 0 0 0 0 0 0 0 0 0 0 0 0 0 0 0 0 0 0 0 0 0 0 0 0 0 0 0 0 0 0 0 0 0 0 0 0 0 0 0 0 0 0 0 0 0 0 0 0 0 0 0 0 0 0 0 0 0 0 0 0 0 0 
0 0 0 0 0 0 0 0 0 0 0 0 0 0 0 0 0 0 0 0 0 0 0 0 0 0 0 0 4 0 100 2 9 1 0 0 0 0 0 0 0 0 0 0 0 0 0 0 0 0 0 0 0 0 0 0 0 0 0 0 0 0 0 0 0 0 0 0 0 0 0 0 0 0 0 0 0 0 0 0 0 0 0 0 0 0 0 0 0 0 0 0 0 0 0 0 0 0 0 0 
0 0 0 0 0 0 0 0 0 0 0 0 0 0 0 0 0 0 0 0 0 0 0 0 0 0 5 0 99 100 0 0 0 0 0 0 0 0 0 0 0 0 0 0 0 0 0 0 0 0 0 0 0 0 0 0 0 0 0 0 0 0 0 0 0 0 0 0 0 0 0 0 0 0 0 0 0 0 0 0 0 0 0 0 0 0 0 0 0 0 0 0 0 0 0 0 0 0 0 0 
0 0 0 0 0 0 0 0 0 0 0 0 0 0 0 0 0 0 0 0 0 0 0 0 0 0 0 0 0 2 0 0 97 0 0 0 0 0 0 0 0 0 0 0 0 0 0 0 0 0 0 0 0 0 0 0 0 0 0 0 0 0 0 0 0 0 0 0 0 0 0 0 0 0 0 0 0 0 0 0 0 0 0 0 0 0 0 0 0 0 0 0 0 0 0 0 0 0 0 0 
0 0 0 0 0 0 0 0 0 0 0 0 0 0 0 0 0 0 0 0 0 0 0 0 0 0 0 0 0 9 0 97 0 0 0 0 0 0 0 0 0 0 0 0 0 0 0 0 0 0 0 0 0 0 0 0 0 0 0 0 0 0 0 0 0 0 0 0 0 0 0 0 0 0 0 0 0 0 0 0 0 0 0 0 0 0 0 0 0 0 0 0 0 0 0 0 0 0 0 0 
0 0 0 0 0 0 0 0 0 0 0 0 0 0 0 0 0 0 0 0 0 0 0 0 0 0 0 0 0 1 0 0 0 0 1 0 0 0 0 0 0 0 0 0 0 0 0 0 0 0 0 0 0 0 0 0 0 0 0 0 0 0 0 0 0 0 0 0 0 0 0 0 0 0 0 0 0 0 0 0 0 0 0 0 0 0 0 0 0 0 0 0 0 0 0 0 0 0 0 0 
0 0 0 0 0 0 0 0 0 0 0 0 0 0 0 0 0 0 0 0 0 0 0 0 0 0 0 0 0 0 0 0 0 1 0 9 0 0 0 0 0 0 0 0 0 0 0 0 0 0 0 0 0 0 0 0 0 0 0 0 0 0 0 0 0 0 0 0 0 0 0 0 0 0 0 0 0 0 0 0 0 0 0 0 0 0 0 0 0 0 0 0 0 0 0 0 0 0 0 0 
0 0 0 0 0 0 0 0 0 0 0 0 0 0 0 0 0 0 0 0 0 0 0 0 0 0 0 0 0 0 0 0 0 0 9 0 4 0 0 0 0 0 0 0 0 0 0 0 0 0 0 0 0 0 0 0 0 0 0 0 0 0 0 0 0 0 0 0 0 0 0 0 0 0 0 0 0 0 0 0 0 0 0 0 0 0 0 0 0 0 0 0 0 0 0 0 0 0 0 0 
0 0 0 0 0 0 0 0 0 0 0 0 0 0 0 0 0 0 0 0 0 0 0 0 0 0 0 0 0 0 0 0 0 0 0 4 0 1 1 0 0 0 0 0 0 0 0 0 0 0 0 0 0 0 0 0 0 0 0 0 0 0 0 0 0 0 0 0 0 0 0 0 0 0 0 0 0 0 0 0 0 0 0 0 0 0 0 0 0 0 0 0 0 0 0 0 0 0 0 0 
0 0 0 0 0 0 0 0 0 0 0 0 0 0 0 0 0 0 0 0 0 0 0 0 0 0 0 0 0 0 0 0 0 0 0 0 1 0 1 0 0 0 0 0 0 0 0 0 0 0 0 0 0 0 0 0 0 0 0 0 0 0 0 0 0 0 0 0 0 0 0 0 0 0 0 0 0 0 0 0 0 0 0 0 0 0 0 0 0 0 0 0 0 0 0 0 0 0 0 0 
0 0 0 0 0 0 0 0 0 0 0 0 0 0 0 0 0 0 0 0 0 0 0 0 0 0 0 0 0 0 0 0 0 0 0 0 1 1 0 6 0 0 0 0 0 0 0 0 0 0 0 0 0 0 0 0 0 0 0 0 0 0 0 0 0 0 0 0 0 0 0 0 0 0 0 0 0 0 0 0 0 0 0 0 0 0 0 0 0 0 0 0 0 0 0 0 0 0 0 0 
0 0 0 0 0 0 0 0 0 0 0 0 0 0 0 0 0 0 0 0 0 0 0 0 0 0 0 0 0 0 0 0 0 0 0 0 0 0 6 0 0 0 0 0 0 0 0 0 0 0 0 0 0 0 0 0 0 0 0 0 0 0 0 0 0 0 0 0 0 0 0 0 0 0 0 0 0 0 0 0 0 0 0 0 0 0 0 0 0 0 0 0 0 0 0 0 0 0 0 0 
0 0 0 0 0 0 0 0 0 0 0 0 0 0 0 0 0 0 0 0 0 0 0 0 0 0 0 0 0 0 0 0 0 0 0 0 0 0 0 0 0 8 0 0 0 0 0 0 0 0 0 0 0 0 0 0 0 0 0 0 0 0 0 0 0 0 0 0 0 0 0 0 0 0 0 0 0 0 0 0 0 0 0 0 0 0 0 0 0 0 0 0 0 0 0 0 0 0 0 0 
0 0 0 0 0 0 0 0 0 0 0 0 0 0 0 0 0 0 0 0 0 0 0 0 0 0 0 0 0 0 0 0 0 0 0 0 0 0 0 0 8 0 1 0 0 0 0 0 0 0 0 0 0 0 0 0 0 0 0 0 0 0 0 0 0 0 0 0 0 0 0 0 0 0 0 0 0 0 0 0 0 0 0 0 0 0 0 0 0 0 0 0 0 0 0 0 0 0 0 0 
0 0 0 0 0 0 0 0 0 0 0 0 0 0 0 0 0 0 0 0 0 0 0 0 0 0 0 0 0 0 0 0 0 0 0 0 0 0 0 0 0 1 0 6 0 0 0 0 0 0 0 0 0 0 0 0 0 0 0 0 0 0 0 0 0 0 0 0 0 0 0 0 0 0 0 0 0 0 0 0 0 0 0 0 0 0 0 0 0 0 0 0 0 0 0 0 0 0 0 0 
0 0 0 0 0 0 0 0 0 0 0 0 0 0 0 0 0 0 0 0 0 0 0 0 0 0 0 0 0 0 0 0 0 0 0 0 0 0 0 0 0 0 6 0 0 1 0 0 0 0 0 0 0 0 0 0 0 0 0 0 0 0 0 0 0 0 0 0 0 0 0 0 0 0 0 0 0 0 0 0 0 0 0 0 0 0 0 0 0 0 0 0 0 0 0 0 0 0 0 0 
0 0 0 0 0 0 0 0 0 0 0 0 0 0 0 0 0 0 0 0 0 0 0 0 0 0 0 0 0 0 0 0 0 0 0 0 0 0 0 0 0 0 0 0 0 96 1 0 1 0 0 0 0 0 0 0 0 0 0 0 0 0 0 0 0 0 0 0 0 0 0 0 0 0 0 0 0 0 0 0 0 0 0 0 0 0 0 0 0 0 0 0 0 0 0 0 0 0 0 0 
0 0 0 0 0 0 0 0 0 0 0 0 0 0 0 0 0 0 0 0 0 0 0 0 0 0 0 0 0 0 0 0 0 0 0 0 0 0 0 0 0 0 0 1 96 0 1 0 0 0 0 0 0 0 0 0 0 0 0 0 0 0 0 0 0 0 0 0 0 0 0 0 0 0 0 0 0 0 0 0 0 0 0 0 0 0 0 0 0 0 0 0 0 0 0 0 0 0 0 0 
0 0 0 0 0 0 0 0 0 0 0 0 0 0 0 0 0 0 0 0 0 0 0 0 0 0 0 0 0 0 0 0 0 0 0 0 0 0 0 0 0 0 0 0 1 1 0 3 94 0 0 0 0 0 0 0 0 0 0 0 0 0 0 0 0 0 0 0 0 0 0 0 0 0 0 0 0 0 0 0 0 0 0 0 0 0 0 0 0 0 0 0 0 0 0 0 0 0 0 0 
0 0 0 0 0 0 0 0 0 0 0 0 0 0 0 0 0 0 0 0 0 0 0 0 0 0 0 0 0 0 0 0 0 0 0 0 0 0 0 0 0 0 0 0 0 0 3 0 99 0 1 0 0 0 0 0 0 0 0 0 0 0 0 0 0 0 0 0 0 0 0 0 0 0 0 0 0 0 0 0 0 0 0 0 0 0 0 0 0 0 0 0 0 0 0 0 0 0 0 0 
0 0 0 0 0 0 0 0 0 0 0 0 0 0 0 0 0 0 0 0 0 0 0 0 0 0 0 0 0 0 0 0 0 0 0 0 0 0 0 0 0 0 0 0 1 0 94 99 0 0 0 0 0 0 0 0 0 0 0 0 0 0 0 0 0 0 0 0 0 0 0 0 0 0 0 0 0 0 0 0 0 0 0 0 0 0 0 0 0 0 0 0 0 0 0 0 0 0 0 0 
0 0 0 0 0 0 0 0 0 0 0 0 0 0 0 0 0 0 0 0 0 0 0 0 0 0 0 0 0 0 0 0 0 0 0 0 0 0 0 0 0 0 0 0 0 0 0 0 0 0 7 0 0 0 0 0 0 0 0 0 0 0 0 0 0 0 0 0 0 0 0 0 0 0 0 0 0 0 0 0 0 0 0 0 0 0 0 0 0 0 0 0 0 0 0 0 0 0 0 0 
0 0 0 0 0 0 0 0 0 0 0 0 0 0 0 0 0 0 0 0 0 0 0 0 0 0 0 0 0 0 0 0 0 0 0 0 0 0 0 0 0 0 0 0 0 0 0 1 0 7 0 0 0 0 0 0 0 0 0 0 0 0 0 0 0 0 0 0 0 0 0 0 0 0 0 0 0 0 0 0 0 0 0 0 0 0 0 0 0 0 0 0 0 0 0 0 0 0 0 0 
0 0 0 0 0 0 0 0 0 0 0 0 0 0 0 0 0 0 0 0 0 0 0 0 0 0 0 0 0 0 0 0 0 0 0 0 0 0 0 0 0 0 0 0 0 0 0 0 0 0 0 0 0 92 5 0 0 0 0 0 0 0 0 0 0 0 0 0 0 0 0 0 0 0 0 0 0 0 0 0 0 0 0 0 0 0 0 0 0 0 0 0 0 0 0 0 0 0 0 0 
0 0 0 0 0 0 0 0 0 0 0 0 0 0 0 0 0 0 0 0 0 0 0 0 0 0 0 0 0 0 0 0 0 0 0 0 0 0 0 0 0 0 0 0 0 0 0 0 0 0 0 0 0 100 99 11 0 0 0 0 0 0 0 0 0 0 0 0 0 0 0 0 0 0 0 0 0 0 0 0 0 0 0 0 0 0 0 0 0 0 0 0 0 0 0 0 0 0 0 0 
0 0 0 0 0 0 0 0 0 0 0 0 0 0 0 0 0 0 0 0 0 0 0 0 0 0 0 0 0 0 0 0 0 0 0 0 0 0 0 0 0 0 0 0 0 0 0 0 0 0 0 92 100 0 1 0 0 0 0 0 0 0 0 0 0 0 0 0 0 0 0 0 0 0 0 0 0 0 0 0 0 0 0 0 0 0 0 0 0 0 0 0 0 0 0 0 0 0 0 0 
0 0 0 0 0 0 0 0 0 0 0 0 0 0 0 0 0 0 0 0 0 0 0 0 0 0 0 0 0 0 0 0 0 0 0 0 0 0 0 0 0 0 0 0 0 0 0 0 0 0 0 5 99 1 0 0 0 0 0 0 0 0 0 0 0 0 0 0 0 0 0 0 0 0 0 0 0 0 0 0 0 0 0 0 0 0 0 0 0 0 0 0 0 0 0 0 0 0 0 0 
0 0 0 0 0 0 0 0 0 0 0 0 0 0 0 0 0 0 0 0 0 0 0 0 0 0 0 0 0 0 0 0 0 0 0 0 0 0 0 0 0 0 0 0 0 0 0 0 0 0 0 0 11 0 0 0 1 0 0 0 0 0 0 0 0 0 0 0 0 0 0 0 0 0 0 0 0 0 0 0 0 0 0 0 0 0 0 0 0 0 0 0 0 0 0 0 0 0 0 0 
0 0 0 0 0 0 0 0 0 0 0 0 0 0 0 0 0 0 0 0 0 0 0 0 0 0 0 0 0 0 0 0 0 0 0 0 0 0 0 0 0 0 0 0 0 0 0 0 0 0 0 0 0 0 0 1 0 8 0 0 0 0 0 0 0 0 0 0 0 0 0 0 0 0 0 0 0 0 0 0 0 0 0 0 0 0 0 0 0 0 0 0 0 0 0 0 0 0 0 0 
0 0 0 0 0 0 0 0 0 0 0 0 0 0 0 0 0 0 0 0 0 0 0 0 0 0 0 0 0 0 0 0 0 0 0 0 0 0 0 0 0 0 0 0 0 0 0 0 0 0 0 0 0 0 0 0 8 0 0 0 0 0 0 0 0 0 0 0 0 0 0 0 0 0 0 0 0 0 0 0 0 0 0 0 0 0 0 0 0 0 0 0 0 0 0 0 0 0 0 0 
0 0 0 0 0 0 0 0 0 0 0 0 0 0 0 0 0 0 0 0 0 0 0 0 0 0 0 0 0 0 0 0 0 0 0 0 0 0 0 0 0 0 0 0 0 0 0 0 0 0 0 0 0 0 0 0 0 0 0 8 98 0 0 1 0 0 0 0 0 0 0 0 0 0 0 0 0 0 0 0 0 0 0 0 0 0 0 0 0 0 0 0 0 0 0 0 0 0 0 0 
0 0 0 0 0 0 0 0 0 0 0 0 0 0 0 0 0 0 0 0 0 0 0 0 0 0 0 0 0 0 0 0 0 0 0 0 0 0 0 0 0 0 0 0 0 0 0 0 0 0 0 0 0 0 0 0 0 0 8 0 100 0 0 0 0 0 0 0 0 0 0 0 0 0 0 0 0 0 0 0 0 0 0 0 0 0 0 0 0 0 0 0 0 0 0 0 0 0 0 0 
0 0 0 0 0 0 0 0 0 0 0 0 0 0 0 0 0 0 0 0 0 0 0 0 0 0 0 0 0 0 0 0 0 0 0 0 0 0 0 0 0 0 0 0 0 0 0 0 0 0 0 0 0 0 0 0 0 0 98 100 0 0 0 0 0 0 0 0 0 0 0 0 0 0 0 0 0 0 0 0 0 0 0 0 0 0 0 0 0 0 0 0 0 0 0 0 0 0 0 0 
0 0 0 0 0 0 0 0 0 0 0 0 0 0 0 0 0 0 0 0 0 0 0 0 0 0 0 0 0 0 0 0 0 0 0 0 0 0 0 0 0 0 0 0 0 0 0 0 0 0 0 0 0 0 0 0 0 0 0 0 0 0 2 92 0 0 0 0 0 0 0 0 0 0 0 0 0 0 0 0 0 0 0 0 0 0 0 0 0 0 0 0 0 0 0 0 0 0 0 0 
0 0 0 0 0 0 0 0 0 0 0 0 0 0 0 0 0 0 0 0 0 0 0 0 0 0 0 0 0 0 0 0 0 0 0 0 0 0 0 0 0 0 0 0 0 0 0 0 0 0 0 0 0 0 0 0 0 0 0 0 0 2 0 99 0 0 0 0 0 0 0 0 0 0 0 0 0 0 0 0 0 0 0 0 0 0 0 0 0 0 0 0 0 0 0 0 0 0 0 0 
0 0 0 0 0 0 0 0 0 0 0 0 0 0 0 0 0 0 0 0 0 0 0 0 0 0 0 0 0 0 0 0 0 0 0 0 0 0 0 0 0 0 0 0 0 0 0 0 0 0 0 0 0 0 0 0 0 0 1 0 0 92 99 0 0 0 0 0 0 0 0 0 0 0 0 0 0 0 0 0 0 0 0 0 0 0 0 0 0 0 0 0 0 0 0 0 0 0 0 0 
0 0 0 0 0 0 0 0 0 0 0 0 0 0 0 0 0 0 0 0 0 0 0 0 0 0 0 0 0 0 0 0 0 0 0 0 0 0 0 0 0 0 0 0 0 0 0 0 0 0 0 0 0 0 0 0 0 0 0 0 0 0 0 0 0 89 0 0 0 0 0 0 0 0 0 0 0 0 0 0 0 0 0 0 0 0 0 0 0 0 0 0 0 0 0 0 0 0 0 0 
0 0 0 0 0 0 0 0 0 0 0 0 0 0 0 0 0 0 0 0 0 0 0 0 0 0 0 0 0 0 0 0 0 0 0 0 0 0 0 0 0 0 0 0 0 0 0 0 0 0 0 0 0 0 0 0 0 0 0 0 0 0 0 0 89 0 0 0 0 0 0 0 0 0 0 0 0 0 0 0 0 0 0 0 0 0 0 0 0 0 0 0 0 0 0 0 0 0 0 0 
0 0 0 0 0 0 0 0 0 0 0 0 0 0 0 0 0 0 0 0 0 0 0 0 0 0 0 0 0 0 0 0 0 0 0 0 0 0 0 0 0 0 0 0 0 0 0 0 0 0 0 0 0 0 0 0 0 0 0 0 0 0 0 0 0 0 0 96 0 0 0 0 0 0 0 0 0 0 0 0 0 0 0 0 0 0 0 0 0 0 0 0 0 0 0 0 0 0 0 0 
0 0 0 0 0 0 0 0 0 0 0 0 0 0 0 0 0 0 0 0 0 0 0 0 0 0 0 0 0 0 0 0 0 0 0 0 0 0 0 0 0 0 0 0 0 0 0 0 0 0 0 0 0 0 0 0 0 0 0 0 0 0 0 0 0 0 96 0 1 0 0 0 0 0 0 0 0 0 0 0 0 0 0 0 0 0 0 0 0 0 0 0 0 0 0 0 0 0 0 0 
0 0 0 0 0 0 0 0 0 0 0 0 0 0 0 0 0 0 0 0 0 0 0 0 0 0 0 0 0 0 0 0 0 0 0 0 0 0 0 0 0 0 0 0 0 0 0 0 0 0 0 0 0 0 0 0 0 0 0 0 0 0 0 0 0 0 0 1 0 90 3 0 0 0 0 0 0 0 0 0 0 0 0 0 0 0 0 0 0 0 0 0 0 0 0 0 0 0 0 0 
0 0 0 0 0 0 0 0 0 0 0 0 0 0 0 0 0 0 0 0 0 0 0 0 0 0 0 0 0 0 0 0 0 0 0 0 0 0 0 0 0 0 0 0 0 0 0 0 0 0 0 0 0 0 0 0 0 0 0 0 0 0 0 0 0 0 0 0 90 0 1 0 0 0 0 0 0 0 0 0 0 0 0 0 0 0 0 0 0 0 0 0 0 0 0 0 0 0 0 0 
0 0 0 0 0 0 0 0 0 0 0 0 0 0 0 0 0 0 0 0 0 0 0 0 0 0 0 0 0 0 0 0 0 0 0 0 0 0 0 0 0 0 0 0 0 0 0 0 0 0 0 0 0 0 0 0 0 0 0 0 0 0 0 0 0 0 0 0 3 1 0 0 0 0 0 0 0 0 0 0 0 0 0 0 0 0 0 0 0 0 0 0 0 0 0 0 0 0 0 0 
0 0 0 0 0 0 0 0 0 0 0 0 0 0 0 0 0 0 0 0 0 0 0 0 0 0 0 0 0 0 0 0 0 0 0 0 0 0 0 0 0 0 0 0 0 0 0 0 0 0 0 0 0 0 0 0 0 0 0 0 0 0 0 0 0 0 0 0 0 0 0 0 100 100 88 0 4 0 0 0 0 0 0 0 0 0 0 0 0 0 0 0 0 0 0 0 0 0 0 0 
0 0 0 0 0 0 0 0 0 0 0 0 0 0 0 0 0 0 0 0 0 0 0 0 0 0 0 0 0 0 0 0 0 0 0 0 0 0 0 0 0 0 0 0 0 0 0 0 0 0 0 0 0 0 0 0 0 0 0 0 0 0 0 0 0 0 0 0 0 0 0 100 0 90 0 0 0 0 0 0 0 0 0 0 0 0 0 0 0 0 0 0 0 0 0 0 0 0 0 0 
0 0 0 0 0 0 0 0 0 0 0 0 0 0 0 0 0 0 0 0 0 0 0 0 0 0 0 0 0 0 0 0 0 0 0 0 0 0 0 0 0 0 0 0 0 0 0 0 0 0 0 0 0 0 0 0 0 0 0 0 0 0 0 0 0 0 0 0 0 0 0 100 90 0 0 0 0 0 0 0 0 0 0 0 0 0 0 0 0 0 0 0 0 0 0 0 0 0 0 0 
0 0 0 0 0 0 0 0 0 0 0 0 0 0 0 0 0 0 0 0 0 0 0 0 0 0 0 0 0 0 0 0 0 0 0 0 0 0 0 0 0 0 0 0 0 0 0 0 0 0 0 0 0 0 0 0 0 0 0 0 0 0 0 0 0 0 0 0 0 0 0 88 0 0 0 0 1 0 0 0 0 0 0 0 0 0 0 0 0 0 0 0 0 0 0 0 0 0 0 0 
0 0 0 0 0 0 0 0 0 0 0 0 0 0 0 0 0 0 0 0 0 0 0 0 0 0 0 0 0 0 0 0 0 0 0 0 0 0 0 0 0 0 0 0 0 0 0 0 0 0 0 0 0 0 0 0 0 0 0 0 0 0 0 0 0 0 0 0 0 0 0 0 0 0 0 0 100 97 0 1 0 0 0 0 0 0 0 0 0 0 0 0 0 0 0 0 0 0 0 0 
0 0 0 0 0 0 0 0 0 0 0 0 0 0 0 0 0 0 0 0 0 0 0 0 0 0 0 0 0 0 0 0 0 0 0 0 0 0 0 0 0 0 0 0 0 0 0 0 0 0 0 0 0 0 0 0 0 0 0 0 0 0 0 0 0 0 0 0 0 0 0 4 0 0 1 100 0 0 0 0 0 0 0 0 0 0 0 0 0 0 0 0 0 0 0 0 0 0 0 0 
0 0 0 0 0 0 0 0 0 0 0 0 0 0 0 0 0 0 0 0 0 0 0 0 0 0 0 0 0 0 0 0 0 0 0 0 0 0 0 0 0 0 0 0 0 0 0 0 0 0 0 0 0 0 0 0 0 0 0 0 0 0 0 0 0 0 0 0 0 0 0 0 0 0 0 97 0 0 0 0 0 0 0 0 0 0 0 0 0 0 0 0 0 0 0 0 0 0 0 0 
0 0 0 0 0 0 0 0 0 0 0 0 0 0 0 0 0 0 0 0 0 0 0 0 0 0 0 0 0 0 0 0 0 0 0 0 0 0 0 0 0 0 0 0 0 0 0 0 0 0 0 0 0 0 0 0 0 0 0 0 0 0 0 0 0 0 0 0 0 0 0 0 0 0 0 0 0 0 0 99 0 5 0 0 0 0 0 0 0 0 0 0 0 0 0 0 0 0 0 0 
0 0 0 0 0 0 0 0 0 0 0 0 0 0 0 0 0 0 0 0 0 0 0 0 0 0 0 0 0 0 0 0 0 0 0 0 0 0 0 0 0 0 0 0 0 0 0 0 0 0 0 0 0 0 0 0 0 0 0 0 0 0 0 0 0 0 0 0 0 0 0 0 0 0 0 1 0 0 99 0 0 0 0 0 0 0 0 0 0 0 0 0 0 0 0 0 0 0 0 0 
0 0 0 0 0 0 0 0 0 0 0 0 0 0 0 0 0 0 0 0 0 0 0 0 0 0 0 0 0 0 0 0 0 0 0 0 0 0 0 0 0 0 0 0 0 0 0 0 0 0 0 0 0 0 0 0 0 0 0 0 0 0 0 0 0 0 0 0 0 0 0 0 0 0 0 0 0 0 0 0 0 95 0 0 0 0 0 0 0 0 0 0 0 0 0 0 0 0 0 0 
0 0 0 0 0 0 0 0 0 0 0 0 0 0 0 0 0 0 0 0 0 0 0 0 0 0 0 0 0 0 0 0 0 0 0 0 0 0 0 0 0 0 0 0 0 0 0 0 0 0 0 0 0 0 0 0 0 0 0 0 0 0 0 0 0 0 0 0 0 0 0 0 0 0 0 0 0 0 5 0 95 0 0 0 0 0 0 0 0 0 0 0 0 0 0 0 0 0 0 0 
0 0 0 0 0 0 0 0 0 0 0 0 0 0 0 0 0 0 0 0 0 0 0 0 0 0 0 0 0 0 0 0 0 0 0 0 0 0 0 0 0 0 0 0 0 0 0 0 0 0 0 0 0 0 0 0 0 0 0 0 0 0 0 0 0 0 0 0 0 0 0 0 0 0 0 0 0 0 0 0 0 0 0 7 0 0 0 0 0 0 0 0 0 0 0 0 0 0 0 0 
0 0 0 0 0 0 0 0 0 0 0 0 0 0 0 0 0 0 0 0 0 0 0 0 0 0 0 0 0 0 0 0 0 0 0 0 0 0 0 0 0 0 0 0 0 0 0 0 0 0 0 0 0 0 0 0 0 0 0 0 0 0 0 0 0 0 0 0 0 0 0 0 0 0 0 0 0 0 0 0 0 0 7 0 0 2 0 0 0 0 0 0 0 0 0 0 0 0 0 0 
0 0 0 0 0 0 0 0 0 0 0 0 0 0 0 0 0 0 0 0 0 0 0 0 0 0 0 0 0 0 0 0 0 0 0 0 0 0 0 0 0 0 0 0 0 0 0 0 0 0 0 0 0 0 0 0 0 0 0 0 0 0 0 0 0 0 0 0 0 0 0 0 0 0 0 0 0 0 0 0 0 0 0 0 0 100 0 1 0 0 0 0 0 0 0 0 0 0 0 0 
0 0 0 0 0 0 0 0 0 0 0 0 0 0 0 0 0 0 0 0 0 0 0 0 0 0 0 0 0 0 0 0 0 0 0 0 0 0 0 0 0 0 0 0 0 0 0 0 0 0 0 0 0 0 0 0 0 0 0 0 0 0 0 0 0 0 0 0 0 0 0 0 0 0 0 0 0 0 0 0 0 0 0 2 100 0 0 0 0 0 0 0 0 0 0 0 0 0 0 0 
0 0 0 0 0 0 0 0 0 0 0 0 0 0 0 0 0 0 0 0 0 0 0 0 0 0 0 0 0 0 0 0 0 0 0 0 0 0 0 0 0 0 0 0 0 0 0 0 0 0 0 0 0 0 0 0 0 0 0 0 0 0 0 0 0 0 0 0 0 0 0 0 0 0 0 0 0 0 0 0 0 0 0 0 0 0 0 5 0 0 0 0 0 0 0 0 0 0 0 0 
0 0 0 0 0 0 0 0 0 0 0 0 0 0 0 0 0 0 0 0 0 0 0 0 0 0 0 0 0 0 0 0 0 0 0 0 0 0 0 0 0 0 0 0 0 0 0 0 0 0 0 0 0 0 0 0 0 0 0 0 0 0 0 0 0 0 0 0 0 0 0 0 0 0 0 0 0 0 0 0 0 0 0 0 1 0 5 0 0 0 1 0 0 0 0 0 0 0 0 0 
0 0 0 0 0 0 0 0 0 0 0 0 0 0 0 0 0 0 0 0 0 0 0 0 0 0 0 0 0 0 0 0 0 0 0 0 0 0 0 0 0 0 0 0 0 0 0 0 0 0 0 0 0 0 0 0 0 0 0 0 0 0 0 0 0 0 0 0 0 0 0 0 0 0 0 0 0 0 0 0 0 0 0 0 0 0 0 0 0 0 95 0 0 0 0 0 0 0 0 0 
0 0 0 0 0 0 0 0 0 0 0 0 0 0 0 0 0 0 0 0 0 0 0 0 0 0 0 0 0 0 0 0 0 0 0 0 0 0 0 0 0 0 0 0 0 0 0 0 0 0 0 0 0 0 0 0 0 0 0 0 0 0 0 0 0 0 0 0 0 0 0 0 0 0 0 0 0 0 0 0 0 0 0 0 0 0 0 0 0 0 100 0 0 1 0 0 0 0 0 0 
0 0 0 0 0 0 0 0 0 0 0 0 0 0 0 0 0 0 0 0 0 0 0 0 0 0 0 0 0 0 0 0 0 0 0 0 0 0 0 0 0 0 0 0 0 0 0 0 0 0 0 0 0 0 0 0 0 0 0 0 0 0 0 0 0 0 0 0 0 0 0 0 0 0 0 0 0 0 0 0 0 0 0 0 0 0 0 1 95 100 0 0 0 0 0 0 0 0 0 0 
0 0 0 0 0 0 0 0 0 0 0 0 0 0 0 0 0 0 0 0 0 0 0 0 0 0 0 0 0 0 0 0 0 0 0 0 0 0 0 0 0 0 0 0 0 0 0 0 0 0 0 0 0 0 0 0 0 0 0 0 0 0 0 0 0 0 0 0 0 0 0 0 0 0 0 0 0 0 0 0 0 0 0 0 0 0 0 0 0 0 0 0 0 99 1 0 0 0 0 0 
0 0 0 0 0 0 0 0 0 0 0 0 0 0 0 0 0 0 0 0 0 0 0 0 0 0 0 0 0 0 0 0 0 0 0 0 0 0 0 0 0 0 0 0 0 0 0 0 0 0 0 0 0 0 0 0 0 0 0 0 0 0 0 0 0 0 0 0 0 0 0 0 0 0 0 0 0 0 0 0 0 0 0 0 0 0 0 0 0 0 0 0 0 100 100 0 0 0 0 0 
0 0 0 0 0 0 0 0 0 0 0 0 0 0 0 0 0 0 0 0 0 0 0 0 0 0 0 0 0 0 0 0 0 0 0 0 0 0 0 0 0 0 0 0 0 0 0 0 0 0 0 0 0 0 0 0 0 0 0 0 0 0 0 0 0 0 0 0 0 0 0 0 0 0 0 0 0 0 0 0 0 0 0 0 0 0 0 0 0 1 0 99 100 0 0 0 0 0 0 0 
0 0 0 0 0 0 0 0 0 0 0 0 0 0 0 0 0 0 0 0 0 0 0 0 0 0 0 0 0 0 0 0 0 0 0 0 0 0 0 0 0 0 0 0 0 0 0 0 0 0 0 0 0 0 0 0 0 0 0 0 0 0 0 0 0 0 0 0 0 0 0 0 0 0 0 0 0 0 0 0 0 0 0 0 0 0 0 0 0 0 0 1 100 0 0 0 0 0 0 0 
0 0 0 0 0 0 0 0 0 0 0 0 0 0 0 0 0 0 0 0 0 0 0 0 0 0 0 0 0 0 0 0 0 0 0 0 0 0 0 0 0 0 0 0 0 0 0 0 0 0 0 0 0 0 0 0 0 0 0 0 0 0 0 0 0 0 0 0 0 0 0 0 0 0 0 0 0 0 0 0 0 0 0 0 0 0 0 0 0 0 0 0 0 0 0 0 0 1 0 0 
0 0 0 0 0 0 0 0 0 0 0 0 0 0 0 0 0 0 0 0 0 0 0 0 0 0 0 0 0 0 0 0 0 0 0 0 0 0 0 0 0 0 0 0 0 0 0 0 0 0 0 0 0 0 0 0 0 0 0 0 0 0 0 0 0 0 0 0 0 0 0 0 0 0 0 0 0 0 0 0 0 0 0 0 0 0 0 0 0 0 0 0 0 0 0 0 0 100 0 0 
0 0 0 0 0 0 0 0 0 0 0 0 0 0 0 0 0 0 0 0 0 0 0 0 0 0 0 0 0 0 0 0 0 0 0 0 0 0 0 0 0 0 0 0 0 0 0 0 0 0 0 0 0 0 0 0 0 0 0 0 0 0 0 0 0 0 0 0 0 0 0 0 0 0 0 0 0 0 0 0 0 0 0 0 0 0 0 0 0 0 0 0 0 0 0 1 100 0 0 0 
0 0 0 0 0 0 0 0 0 0 0 0 0 0 0 0 0 0 0 0 0 0 0 0 0 0 0 0 0 0 0 0 0 0 0 0 0 0 0 0 0 0 0 0 0 0 0 0 0 0 0 0 0 0 0 0 0 0 0 0 0 0 0 0 0 0 0 0 0 0 0 0 0 0 0 0 0 0 0 0 0 0 0 0 0 0 0 0 0 0 0 0 0 0 0 0 0 0 0 100 
0 0 0 0 0 0 0 0 0 0 0 0 0 0 0 0 0 0 0 0 0 0 0 0 0 0 0 0 0 0 0 0 0 0 0 0 0 0 0 0 0 0 0 0 0 0 0 0 0 0 0 0 0 0 0 0 0 0 0 0 0 0 0 0 0 0 0 0 0 0 0 0 0 0 0 0 0 0 0 0 0 0 0 0 0 0 0 0 0 0 0 0 0 0 0 0 0 0 100 0 

Rho histogram: 
0 0 0 0 0 0 0 0 0 0 0 0 0 0 0 0 0 0 0 100 

Summary:
objF nSamp nIter rhoMean rhoStDev rProp hitsProp rankHitsProp seconds
Bers 100 100 0.9991931593159312 5.173467973068108e-05 0 0 0.3454 231823.034602932
