=======================================================
Objective function:  Ware
Matrix:  I100.csv
Iterations:  100
Heuristic for search:  RobSA3
Improvement function # 0
Window width for improvement:  0
Heuristic for improvement:  RobSA3
Seed:  33
=======================================================

Best permutations: 
0 1 2 3 4 5 6 7 8 9 11 10 13 12 15 16 14 17 19 18 20 21 22 23 24 27 25 26 28 30 29 32 31 33 35 34 37 36 38 39 40 41 43 42 45 46 48 44 47 49 50 53 51 54 52 55 56 57 60 59 58 61 63 62 64 65 67 66 68 69 70 72 73 74 71 76 75 77 79 78 80 81 83 82 85 84 86 87 88 90 89 91 93 94 95 92 97 96 99 98 
0 1 2 3 4 5 6 7 8 9 11 10 13 12 15 16 14 17 19 18 20 21 22 23 24 27 25 26 30 28 29 32 31 33 34 35 36 37 38 39 40 41 43 42 45 44 46 48 47 49 50 53 51 54 55 52 56 57 60 58 59 61 63 62 64 65 67 66 68 69 70 72 73 74 71 76 75 77 79 78 80 81 83 82 85 84 86 87 88 90 89 91 93 94 95 92 97 96 99 98 
0 1 2 3 4 5 6 7 8 9 11 10 13 12 15 16 14 17 19 18 20 21 22 23 24 27 25 26 28 30 29 31 32 33 34 35 36 37 38 39 40 41 43 42 45 44 46 47 48 49 50 53 51 54 52 55 56 57 60 58 59 61 63 62 64 65 67 66 68 69 70 72 73 74 71 76 75 77 78 79 80 81 83 82 85 84 86 87 90 88 89 91 93 94 95 92 97 96 99 98 
0 1 2 3 4 5 6 7 8 9 11 10 13 12 15 16 14 17 19 18 20 21 22 23 24 27 25 26 30 28 29 32 31 33 34 35 37 36 38 39 41 43 40 42 44 45 48 46 47 50 53 49 51 52 54 55 56 57 60 58 59 61 63 62 64 65 67 66 68 69 70 72 73 74 71 76 75 77 79 78 80 81 83 82 85 84 86 87 88 90 89 91 93 94 95 92 97 96 99 98 
0 1 2 3 4 5 6 7 8 9 11 10 13 12 15 16 14 17 19 18 20 21 22 23 24 27 25 26 30 28 29 32 31 33 34 35 36 37 38 39 40 41 42 43 45 44 46 47 48 49 50 53 51 54 52 55 56 57 60 58 59 61 63 62 64 65 66 67 68 70 69 72 73 74 76 71 75 77 79 78 80 81 83 82 85 84 86 87 88 90 89 91 93 94 95 92 97 96 99 98 
0 1 2 3 4 5 6 7 8 9 11 10 13 12 15 16 14 17 19 18 20 21 22 23 24 27 25 26 30 28 29 32 31 33 35 34 36 37 38 39 40 43 41 42 45 44 46 48 47 49 50 53 51 54 55 52 56 57 60 58 59 61 63 62 64 65 67 66 68 69 70 72 73 74 71 76 75 77 79 78 80 81 83 82 85 84 86 87 88 90 89 91 93 94 95 92 97 96 99 98 
0 1 2 3 4 5 6 7 8 9 11 10 13 12 15 16 14 17 19 18 20 21 22 23 24 27 25 26 30 28 29 32 31 33 34 35 36 37 38 39 40 41 43 42 45 44 46 48 47 49 50 53 51 54 52 55 56 57 60 58 59 61 63 62 64 65 67 66 69 68 70 72 73 74 71 76 75 77 78 79 80 81 83 82 85 84 86 87 88 90 89 91 93 94 95 92 97 96 99 98 
0 1 2 3 4 5 6 7 8 9 11 10 13 12 15 16 14 17 19 18 20 21 22 23 24 27 25 26 30 28 29 32 31 33 34 35 36 37 38 39 40 41 43 42 45 44 46 48 47 49 50 53 51 54 52 55 56 57 60 58 59 61 63 62 64 65 67 66 68 69 70 72 73 74 71 76 75 77 79 78 80 81 83 82 85 84 86 87 88 90 89 91 93 94 95 92 97 96 99 98 
0 1 2 3 4 5 6 7 8 9 11 10 13 12 15 16 14 17 19 18 20 21 22 23 24 27 25 26 30 28 29 31 32 33 34 35 36 37 39 38 40 41 43 42 45 44 46 48 47 50 49 53 51 54 52 55 56 57 60 58 59 61 63 62 64 65 67 66 68 69 70 72 73 74 71 76 75 77 79 78 80 81 83 82 85 84 86 87 88 90 89 91 93 94 95 92 97 96 99 98 
0 1 2 3 4 5 6 7 8 9 11 10 13 12 15 16 14 17 19 18 20 21 22 23 24 27 25 26 30 28 29 32 31 33 34 35 36 37 38 39 40 41 43 42 45 44 46 48 47 49 50 53 51 54 55 52 56 57 60 58 59 61 63 62 64 65 67 66 68 69 70 72 73 74 71 76 75 77 79 78 80 81 83 82 85 84 86 87 88 90 89 91 93 94 95 92 97 96 99 98 
0 1 2 3 4 5 6 7 8 9 11 10 13 12 15 16 14 17 19 18 20 22 21 23 24 27 25 26 30 28 29 32 31 33 34 35 36 37 39 38 40 41 43 42 44 45 46 48 47 49 50 53 51 54 52 55 56 57 60 58 59 61 63 62 64 65 67 66 68 69 70 72 73 74 71 76 75 77 79 78 80 81 83 82 85 84 86 87 88 90 89 91 93 94 95 92 97 96 99 98 
0 1 2 3 4 5 6 7 8 9 11 10 13 12 15 16 14 17 19 18 20 21 22 23 24 27 25 26 30 28 29 32 31 33 34 35 36 37 38 39 40 41 43 42 44 45 46 48 47 49 50 53 51 54 52 55 56 57 60 58 59 61 63 62 64 65 67 66 68 69 70 72 73 74 71 76 75 77 79 78 80 81 83 82 85 84 86 87 88 90 89 91 93 94 95 92 97 96 99 98 
0 1 2 3 4 5 6 7 8 9 11 10 12 13 15 16 14 17 19 18 20 21 22 23 24 27 25 26 28 30 29 31 32 34 33 35 36 37 38 39 40 41 43 42 45 44 46 48 47 49 50 53 51 54 52 55 56 57 60 58 59 61 63 62 64 65 67 66 68 69 70 72 73 74 71 76 77 75 79 78 80 81 83 82 85 84 86 87 88 90 89 91 93 94 95 92 97 96 99 98 
0 1 2 3 4 5 6 7 8 9 11 10 13 12 16 15 14 17 19 18 20 21 22 23 24 27 25 26 30 28 29 32 31 33 34 35 36 37 38 39 40 41 43 42 45 44 46 48 47 49 50 53 51 54 52 55 56 57 60 58 59 61 63 62 64 65 67 66 68 69 70 72 73 74 71 76 75 77 79 78 80 81 83 82 85 84 86 87 88 90 89 91 93 94 95 92 97 96 99 98 
0 1 2 3 4 5 6 7 8 9 11 10 13 12 15 16 14 17 19 18 20 21 22 24 23 27 25 26 28 30 29 32 31 33 34 35 36 37 38 39 40 41 43 42 45 44 46 48 47 49 50 53 51 54 52 55 56 57 60 58 59 63 61 62 64 65 67 66 68 69 70 72 73 74 76 71 75 77 79 78 80 81 83 82 85 84 86 87 88 90 89 91 93 94 95 92 97 96 99 98 
0 1 2 3 4 5 6 7 8 9 11 10 13 12 15 16 14 17 19 18 20 21 22 23 24 27 25 26 30 28 29 32 31 33 34 35 36 37 38 39 40 41 42 43 44 45 46 48 47 49 50 53 51 54 55 52 57 56 60 58 59 61 63 62 64 65 67 66 68 69 70 72 73 74 71 76 75 77 79 78 80 81 83 82 85 84 86 87 88 90 89 91 93 94 95 92 97 96 99 98 
0 1 2 3 4 5 6 7 8 9 11 10 13 12 15 16 14 17 19 18 20 21 22 23 24 27 25 26 30 28 29 32 31 33 34 35 36 37 38 39 40 41 42 43 45 44 46 48 47 49 50 53 51 54 52 55 56 57 58 60 59 63 61 62 64 65 67 66 68 69 70 72 73 76 74 71 75 77 79 78 80 81 83 82 85 84 86 87 88 90 89 91 93 94 95 92 97 96 99 98 
0 1 2 3 4 5 6 7 8 9 11 10 13 12 15 16 14 17 19 18 20 22 21 23 24 27 25 26 30 28 29 32 31 33 34 35 36 37 38 39 40 41 43 42 45 44 48 46 47 50 49 53 51 54 52 55 56 57 60 58 59 61 63 62 64 65 67 66 68 69 70 72 73 74 71 76 77 75 79 78 80 81 83 82 85 84 86 87 88 90 89 91 93 94 95 92 97 96 99 98 
0 1 2 3 4 5 6 7 8 9 11 10 13 12 15 16 14 17 19 18 20 21 22 23 24 27 25 26 30 28 29 32 31 33 34 35 36 37 38 39 40 41 43 42 45 44 46 48 47 49 50 53 51 52 54 55 56 57 60 58 59 61 63 62 65 64 67 66 68 69 70 72 73 74 71 76 75 77 79 78 80 81 83 82 85 84 86 87 88 90 89 91 93 94 95 92 97 96 99 98 
0 1 2 3 4 5 6 7 8 9 11 10 13 12 15 16 14 17 19 18 20 21 22 23 24 27 25 26 30 28 29 32 31 33 34 35 36 37 38 39 41 40 43 42 45 44 46 48 47 50 49 53 51 54 52 55 56 57 60 58 59 61 63 62 64 65 67 66 68 69 70 72 73 74 71 76 75 77 79 78 80 81 83 84 82 85 86 87 88 90 89 91 93 94 95 92 97 96 99 98 
0 1 2 3 4 5 6 7 8 9 11 10 13 12 15 16 14 17 19 18 20 21 22 23 24 27 25 26 30 28 29 32 31 33 34 35 36 37 38 39 40 41 43 42 45 44 46 48 47 49 50 53 51 54 52 55 56 57 60 58 59 61 63 62 64 65 67 66 68 69 70 72 73 74 71 76 75 77 79 78 80 81 83 82 85 84 86 87 88 90 89 91 93 94 95 92 97 96 99 98 
0 1 2 3 4 5 6 7 8 9 11 10 13 12 15 16 14 17 19 18 20 21 22 23 24 27 25 26 30 28 32 29 31 33 34 35 36 37 38 39 40 41 42 43 45 44 46 48 47 50 49 53 51 54 52 55 56 57 60 58 59 61 63 62 64 65 67 66 68 69 70 72 73 74 71 76 75 77 79 78 80 81 83 82 85 84 86 87 88 90 89 91 93 94 95 92 97 96 99 98 
0 1 2 3 4 5 6 7 8 9 11 10 13 12 15 16 14 17 19 18 20 21 22 23 24 27 25 26 30 28 29 32 31 34 33 35 36 37 38 39 40 41 43 42 45 44 46 48 47 49 50 53 51 54 52 55 56 57 60 58 59 61 63 62 64 65 67 66 68 69 70 72 73 74 71 76 75 77 79 78 80 81 83 82 85 84 86 87 88 90 89 91 93 94 95 92 97 96 99 98 
0 1 2 3 4 5 6 7 8 9 11 10 13 12 15 16 14 17 19 18 20 21 22 23 24 27 25 26 30 28 29 32 31 33 34 35 36 37 39 38 40 41 43 42 45 46 44 48 47 49 50 53 51 54 52 55 56 57 60 58 63 59 61 62 65 64 67 66 69 68 70 72 73 74 71 76 75 77 79 78 80 81 83 82 85 84 86 87 88 90 89 91 93 94 95 92 97 96 99 98 
0 1 2 3 4 5 6 7 8 9 11 10 13 12 15 16 14 17 19 18 20 21 22 23 24 27 25 26 30 28 29 32 31 33 34 35 36 37 38 39 40 41 43 42 45 44 46 48 47 49 50 53 51 54 52 55 56 57 60 58 59 61 63 62 64 65 67 66 68 69 70 72 73 74 71 76 75 77 79 78 80 81 83 82 85 84 86 87 88 90 89 91 93 94 95 92 97 96 99 98 
0 1 2 3 4 5 6 7 8 9 11 10 13 12 15 16 14 17 19 18 20 21 22 23 24 27 25 26 28 30 29 32 31 33 34 35 36 37 38 39 40 41 43 42 45 44 46 48 47 49 50 53 51 54 52 55 56 57 60 58 59 61 63 62 64 65 67 66 68 69 70 72 73 74 71 76 75 77 79 78 80 81 83 82 85 84 86 87 90 88 89 91 93 94 95 92 97 96 99 98 
0 1 2 3 4 5 6 7 8 9 11 10 13 12 15 16 14 17 19 18 20 21 22 23 24 27 25 26 30 28 29 32 31 33 34 35 36 37 38 39 40 41 43 42 45 44 46 48 47 49 50 53 51 54 52 55 56 57 60 58 59 61 63 62 64 65 67 66 68 69 70 72 73 74 71 76 75 77 79 78 80 81 83 82 85 84 86 87 88 90 89 91 93 94 95 92 97 96 99 98 
0 1 2 3 4 5 6 7 8 9 11 10 13 12 15 16 14 17 19 18 20 21 22 23 24 27 25 26 30 28 29 32 31 33 34 35 36 37 38 39 40 41 43 42 45 44 46 48 47 50 49 53 51 54 52 55 56 57 60 58 59 61 63 62 64 65 67 66 68 69 70 72 73 74 71 76 75 77 79 78 80 81 83 82 85 84 86 87 88 90 89 91 93 94 95 92 97 96 99 98 
0 1 2 3 4 5 6 7 8 9 11 10 13 12 15 16 14 17 19 18 20 21 22 23 24 27 25 26 30 28 29 32 31 33 34 35 36 37 38 39 40 41 43 42 45 44 46 48 47 49 50 53 51 54 52 55 56 57 60 58 59 61 63 62 64 65 67 66 68 69 70 72 73 71 74 76 75 77 79 78 80 81 83 82 85 84 86 87 88 90 89 91 93 94 95 92 97 96 99 98 
0 1 2 3 4 5 6 7 8 9 11 10 13 12 15 16 14 19 17 18 20 21 22 23 24 27 25 26 30 28 29 32 31 33 34 35 36 37 38 39 40 41 43 42 45 44 48 46 47 49 50 53 51 54 52 55 56 57 60 58 59 61 63 62 64 65 67 66 68 69 70 72 73 74 71 76 75 77 79 78 80 81 83 82 85 84 86 87 88 90 89 91 93 94 95 92 97 96 99 98 
0 1 2 3 4 5 6 7 8 9 11 10 13 12 15 16 14 17 19 18 20 21 22 23 24 27 25 26 30 28 29 32 31 33 34 35 36 37 38 39 40 41 43 42 45 44 46 48 47 49 50 53 51 54 52 55 56 57 60 58 59 63 61 62 65 64 67 66 68 69 70 72 73 74 71 76 75 77 79 78 80 81 83 82 85 84 86 87 88 90 89 91 93 94 95 92 97 96 99 98 
0 1 2 3 4 5 6 7 8 9 11 10 13 12 15 16 14 17 19 18 20 21 22 23 24 27 25 26 30 28 29 32 31 33 34 35 36 37 38 39 40 41 42 43 45 44 46 48 47 49 50 53 51 54 55 52 56 57 60 58 59 61 63 62 64 65 67 66 68 69 70 72 73 74 71 76 75 77 79 78 80 81 83 82 85 84 86 87 88 90 89 91 93 94 95 92 97 96 99 98 
0 1 2 3 4 5 6 7 8 9 11 10 13 12 15 16 14 17 19 18 20 21 22 23 24 27 25 26 30 28 29 32 31 33 34 35 36 37 38 39 40 41 43 42 45 44 46 48 47 49 50 53 51 54 52 55 56 57 60 59 58 61 63 62 64 66 65 67 68 69 70 72 73 74 71 76 77 75 79 78 80 81 83 82 85 84 86 87 88 90 89 91 93 94 95 92 97 96 99 98 
0 1 2 3 4 5 6 7 8 9 11 10 13 12 15 16 14 19 17 18 20 21 22 23 24 27 25 26 28 30 29 32 31 33 34 35 36 37 38 39 40 41 43 42 45 44 46 48 47 49 50 53 51 54 52 55 56 57 60 58 59 61 63 62 64 65 66 67 68 69 70 72 73 74 71 76 75 77 79 78 80 81 83 82 85 84 86 87 88 90 89 91 93 94 95 92 97 96 99 98 
0 1 2 3 4 5 6 7 8 9 11 10 13 12 15 16 14 17 19 18 20 21 22 23 24 27 25 26 30 28 29 32 31 33 34 35 36 37 38 39 40 41 43 42 45 44 46 48 47 49 50 53 51 54 52 55 56 57 60 58 59 61 63 62 64 65 67 66 68 69 70 72 73 74 71 76 75 77 79 78 80 81 83 82 85 84 86 87 88 90 89 91 93 94 95 92 97 96 99 98 
0 1 2 3 4 5 6 7 8 9 11 10 13 12 15 16 14 17 19 18 20 21 22 23 24 27 25 26 30 28 29 32 31 33 34 35 36 37 38 39 40 41 42 43 45 44 46 48 47 49 50 53 51 54 52 55 56 57 60 58 59 61 63 62 64 65 67 66 68 69 70 72 73 74 71 76 75 77 79 78 80 81 83 82 85 84 86 87 88 90 89 91 93 94 95 92 97 96 99 98 
0 1 2 3 4 5 6 7 8 9 11 10 13 12 15 16 14 17 19 18 20 21 22 23 24 27 25 26 30 28 29 32 31 33 34 35 36 37 38 39 40 41 43 42 45 44 46 48 47 49 50 53 51 54 52 55 56 57 60 58 59 61 63 62 64 65 67 66 68 69 70 72 73 74 71 76 75 77 79 78 80 81 83 82 85 84 86 87 88 90 89 91 93 94 95 92 97 96 99 98 
0 1 2 3 4 5 6 7 8 9 11 10 13 12 15 16 14 17 19 18 20 22 21 23 24 27 25 26 30 28 29 32 31 33 34 35 36 37 39 38 40 41 43 42 45 44 46 48 47 49 50 53 51 54 52 55 56 57 60 59 58 61 63 62 64 65 67 66 68 69 70 72 73 74 76 71 77 75 79 78 80 81 82 83 85 84 86 87 88 90 89 91 93 94 95 92 97 96 99 98 
0 1 2 3 4 5 6 7 8 9 11 10 13 12 15 16 14 17 19 18 20 21 22 23 24 27 25 26 30 28 29 32 31 33 34 35 36 37 38 39 40 41 42 43 45 44 46 48 47 49 50 53 51 54 52 55 56 57 60 58 59 61 63 62 65 64 67 66 68 69 70 72 73 74 71 76 75 77 79 78 80 81 83 82 85 84 86 87 88 90 89 91 93 94 95 92 97 96 99 98 
0 1 2 3 4 5 6 7 8 9 11 10 13 12 15 16 14 17 19 18 20 21 22 23 24 27 25 26 30 28 29 32 31 33 34 35 36 37 38 39 40 41 43 42 45 44 46 48 47 49 50 53 51 54 55 52 56 57 60 58 59 61 63 62 64 65 67 66 68 69 70 72 73 74 71 76 75 77 79 78 80 81 83 82 85 84 86 87 88 90 89 91 93 94 95 92 97 96 99 98 
0 1 2 3 4 5 6 7 8 9 11 10 13 12 15 16 14 17 19 18 20 21 22 23 24 27 25 26 30 28 29 32 31 33 34 35 36 37 38 39 40 41 43 42 45 44 46 48 47 49 50 53 51 54 52 55 56 57 60 58 59 61 63 62 64 65 67 66 68 69 70 72 73 74 71 76 75 77 79 78 80 81 83 82 85 84 86 87 88 90 89 91 93 94 95 92 97 96 99 98 
0 1 2 3 4 5 6 7 8 9 11 10 13 12 15 16 14 17 19 18 20 21 22 23 24 27 25 26 30 28 29 32 31 33 34 35 36 37 38 39 41 40 43 42 45 44 46 48 47 49 50 53 51 54 52 55 56 57 60 58 59 61 63 62 64 65 67 66 68 69 70 72 73 74 76 71 75 77 79 78 80 81 83 82 85 84 86 87 88 90 89 91 93 94 95 92 97 96 99 98 
0 1 2 3 4 5 6 7 8 9 11 10 13 12 15 16 14 17 19 18 20 21 22 23 24 27 25 26 30 28 29 32 31 33 34 35 36 37 38 39 40 41 43 42 45 44 46 48 47 49 50 53 51 54 52 55 56 57 60 58 59 61 63 62 65 64 66 67 68 69 70 72 73 74 71 76 75 77 79 78 80 81 83 82 85 84 86 87 88 90 89 91 93 94 95 92 97 96 99 98 
0 1 2 3 4 5 6 7 8 9 11 10 13 12 15 16 14 17 19 18 20 21 22 23 24 27 25 26 30 28 29 32 31 33 34 35 36 37 38 39 40 41 43 42 45 44 46 48 47 49 50 53 51 54 52 55 56 57 60 58 59 61 63 62 64 65 67 66 68 69 70 72 73 74 71 76 75 77 79 78 80 81 83 82 85 84 86 87 88 90 89 91 93 94 95 92 97 96 99 98 
0 1 2 3 4 5 6 7 8 9 11 10 13 12 15 16 14 17 19 18 20 21 22 23 27 24 25 26 30 28 29 32 31 33 34 35 36 37 38 39 40 41 43 42 44 45 46 48 47 49 50 53 51 54 52 55 56 57 60 58 59 61 63 62 64 65 67 66 68 69 70 72 73 74 71 76 75 77 79 78 80 81 83 82 85 84 86 87 88 90 89 93 91 94 95 92 97 96 99 98 
0 1 2 3 4 5 6 7 8 9 11 10 13 12 15 16 14 17 19 18 20 21 22 23 24 27 25 30 26 28 29 32 31 33 34 35 36 37 38 39 40 41 43 42 45 44 46 48 47 50 49 53 51 54 52 55 56 57 60 58 59 63 61 62 64 65 67 66 68 69 70 73 72 74 71 76 75 77 79 80 78 81 83 82 85 84 86 87 88 89 90 91 93 94 95 92 97 96 99 98 
0 1 2 3 4 5 6 7 8 9 11 10 13 12 15 16 14 17 19 18 20 21 22 23 24 27 25 26 30 28 29 32 31 33 37 34 36 35 38 39 40 41 43 42 45 44 48 46 47 49 50 53 51 54 52 55 56 57 60 58 59 61 63 62 65 64 67 66 69 68 70 72 73 74 71 76 75 77 79 78 80 81 83 82 85 84 86 87 88 90 89 91 93 94 95 92 97 96 99 98 
0 1 2 3 4 5 6 7 8 9 11 10 13 12 15 16 14 17 18 19 20 21 22 23 24 27 25 26 30 28 29 32 31 33 34 35 36 37 38 39 40 41 43 42 45 44 46 48 47 49 50 53 51 54 52 55 56 57 60 58 59 61 63 62 64 65 67 66 68 69 70 72 73 74 71 76 75 77 79 78 80 81 83 82 85 84 87 86 88 90 89 91 93 94 95 92 97 96 99 98 
0 1 2 3 4 6 5 7 8 9 10 11 13 12 15 16 14 17 19 18 20 21 22 23 24 27 25 26 30 28 29 32 31 33 34 35 36 37 38 39 40 41 43 42 45 44 46 48 47 49 50 53 51 54 52 55 56 57 60 58 59 61 63 62 64 65 67 66 68 69 70 72 73 74 71 76 75 77 79 78 80 81 83 82 85 84 86 87 88 90 89 91 93 94 95 92 97 96 99 98 
0 1 2 3 4 5 6 7 8 9 11 10 13 12 15 16 14 17 19 18 20 21 22 23 24 27 25 26 30 28 29 32 31 33 34 35 36 37 38 39 40 41 43 42 45 44 46 48 47 49 50 53 51 54 52 55 56 57 60 58 59 61 63 62 64 65 67 66 68 69 70 72 73 74 71 76 75 77 79 78 80 81 83 82 85 84 86 87 88 90 89 91 93 94 95 92 97 96 99 98 
0 1 2 3 4 5 6 7 8 9 11 10 13 12 16 14 15 17 19 18 20 21 22 23 24 27 25 26 30 28 29 32 31 33 34 35 36 37 38 39 40 41 43 42 45 44 46 48 47 49 50 53 51 54 52 55 56 57 60 58 59 61 63 62 65 64 67 66 68 69 70 72 73 74 71 76 75 77 79 78 80 81 83 82 85 84 86 87 88 90 89 91 93 94 95 92 97 96 99 98 
0 1 2 3 4 5 6 7 8 9 11 10 13 12 15 16 14 17 19 18 20 21 22 23 24 27 25 26 30 28 29 32 31 33 34 35 36 37 38 39 40 41 43 42 45 44 46 48 47 50 49 53 51 54 52 55 56 57 60 58 59 61 63 62 64 65 67 66 68 69 70 72 73 74 71 76 75 77 79 78 80 81 83 82 85 84 86 87 88 90 89 91 93 94 95 92 97 96 99 98 
0 1 2 3 4 5 6 7 8 9 11 10 13 12 15 16 14 17 19 18 20 21 22 23 24 27 25 26 30 28 29 32 31 33 34 35 36 37 38 39 41 40 43 42 45 44 46 48 47 49 50 53 51 54 52 55 56 57 60 58 59 61 63 62 64 65 67 66 69 68 70 73 72 74 71 76 75 77 79 78 80 81 83 82 85 84 86 87 88 90 89 91 93 94 95 92 97 96 99 98 
0 1 2 3 4 5 6 7 8 9 11 10 13 12 15 16 14 17 19 18 20 21 22 23 24 27 25 26 30 28 29 32 31 33 34 35 36 37 38 39 40 41 43 42 45 44 46 48 47 50 49 53 51 54 52 55 56 57 60 58 59 61 63 62 64 65 67 66 68 69 70 72 73 71 74 76 75 77 79 78 80 81 83 82 85 84 86 87 88 90 89 91 93 94 95 92 97 96 99 98 
0 1 2 3 4 5 6 7 8 9 11 10 13 12 15 16 14 17 19 18 20 21 22 23 24 27 25 26 30 28 29 32 31 33 34 35 36 37 38 39 40 41 43 42 45 44 46 48 47 49 50 53 51 54 52 55 56 57 60 58 59 61 63 62 64 65 67 66 68 69 70 72 73 74 76 71 75 77 79 78 80 81 83 82 85 84 86 87 88 90 89 91 93 94 95 92 97 96 99 98 
0 1 2 3 4 5 6 7 8 9 11 10 13 12 15 16 14 17 19 18 20 21 22 23 24 27 25 26 30 28 29 32 31 33 34 35 36 37 38 39 40 41 43 42 45 44 46 47 48 49 50 51 53 54 52 55 56 57 60 58 59 61 63 62 64 65 67 66 68 69 70 72 73 74 76 71 77 75 79 78 80 81 83 82 85 84 86 87 88 90 89 91 93 94 95 92 97 96 99 98 
0 1 2 3 4 5 6 7 8 9 11 10 13 12 15 16 14 17 19 18 20 21 22 23 24 27 25 26 30 28 29 32 31 33 34 35 36 37 38 39 40 41 43 42 45 44 46 48 47 49 50 53 51 54 52 55 56 57 60 58 59 61 63 62 64 65 67 66 68 69 70 72 73 74 71 76 75 77 79 78 80 81 83 82 85 84 86 87 88 90 89 91 93 94 95 92 97 96 99 98 
0 1 2 3 4 5 6 7 8 9 11 10 13 12 15 16 14 17 19 18 20 21 22 23 24 27 25 26 30 28 29 32 31 33 35 34 36 37 38 39 40 41 43 42 45 44 46 48 47 49 50 53 51 54 52 55 56 57 60 58 59 61 63 62 64 65 67 66 68 69 70 72 73 74 71 76 75 77 79 78 80 81 83 82 85 84 87 86 88 90 89 91 93 94 95 92 97 96 99 98 
0 1 2 3 4 5 6 7 8 9 11 10 13 12 15 16 14 19 17 18 20 21 22 23 24 27 25 26 30 28 32 29 31 33 34 35 36 37 38 39 40 41 43 42 45 44 46 48 47 49 50 53 51 54 52 55 56 57 60 58 59 61 63 62 65 64 67 66 68 69 70 73 72 74 71 76 75 77 79 78 80 81 83 82 85 84 86 87 88 90 89 91 93 94 95 92 97 96 99 98 
0 1 2 3 4 5 6 7 8 9 11 10 13 12 15 16 14 17 19 18 20 21 22 23 24 27 25 26 30 28 29 32 31 33 35 34 36 37 38 39 40 41 43 42 45 44 46 48 47 49 50 51 53 54 52 55 56 57 60 58 59 61 62 63 64 65 66 67 68 69 70 72 73 74 71 76 75 77 79 78 80 81 83 82 85 84 86 87 88 90 89 91 93 94 95 92 97 96 99 98 
0 1 2 3 4 5 6 7 8 9 11 10 13 12 15 16 14 17 19 18 20 21 22 23 24 27 25 26 30 28 29 32 31 33 34 35 36 37 38 39 40 41 43 42 45 44 46 48 47 49 50 53 51 54 52 55 56 57 60 58 59 61 63 62 64 65 67 66 68 69 70 72 73 74 71 76 75 77 79 78 80 81 83 82 85 84 86 87 88 90 89 91 93 94 95 92 97 96 99 98 
0 1 2 3 4 5 6 7 8 9 11 10 13 12 15 16 14 17 19 18 20 21 22 23 24 27 25 26 30 28 29 32 31 33 34 35 36 37 38 39 40 42 41 43 45 44 46 48 47 49 50 53 51 54 52 55 56 57 60 58 59 61 62 63 64 65 67 66 68 69 70 72 73 74 71 76 75 77 79 78 80 81 83 82 85 84 86 87 88 90 89 91 93 94 95 92 97 96 99 98 
0 1 2 3 4 5 6 7 8 9 11 10 13 12 15 16 14 17 19 18 20 21 22 23 24 27 25 26 30 28 29 32 31 33 34 35 36 37 38 39 40 41 42 43 45 44 46 48 47 49 50 53 51 54 52 55 56 57 60 59 58 61 63 62 64 65 67 66 68 69 70 72 73 74 76 71 77 75 79 78 80 81 83 82 85 84 86 87 88 90 89 91 93 94 95 92 97 96 99 98 
0 1 2 3 4 5 6 7 8 9 11 10 13 12 15 16 14 17 19 18 20 21 22 23 24 25 27 26 30 28 29 32 31 33 34 35 36 37 38 39 40 41 43 42 45 44 46 48 47 49 50 53 51 54 52 55 56 57 60 58 59 61 63 62 64 65 67 66 68 69 70 72 73 74 71 76 77 75 79 78 80 81 83 82 85 84 86 87 88 90 89 91 93 94 95 92 97 96 99 98 
0 1 2 3 4 5 6 7 8 9 11 10 13 12 15 16 14 17 19 18 20 21 22 23 24 27 25 26 30 28 29 32 31 33 34 35 36 37 38 39 40 41 43 42 45 44 48 46 47 49 50 53 51 54 52 55 56 57 60 58 59 61 63 62 64 65 67 66 68 69 70 72 73 74 71 76 75 77 79 78 80 81 83 82 85 84 86 87 88 90 89 91 93 94 95 92 97 96 99 98 
0 1 2 3 4 5 6 7 8 9 11 10 13 12 15 16 14 18 17 19 20 22 21 23 24 27 25 26 30 28 29 32 31 33 34 35 36 37 38 39 40 41 43 42 45 44 46 48 47 49 50 53 51 54 52 55 56 57 60 58 59 61 63 62 64 65 67 66 68 69 70 72 73 74 71 76 75 77 79 78 80 81 83 82 85 84 86 87 88 90 89 91 93 94 95 92 97 96 99 98 
0 1 2 3 4 5 6 7 8 9 11 10 13 12 15 16 14 17 19 18 20 21 22 23 24 27 25 26 30 28 29 32 31 33 34 35 36 37 38 39 40 41 43 42 45 44 46 48 47 49 50 53 51 54 52 55 56 57 60 59 58 61 63 62 64 65 67 66 68 69 70 72 73 74 71 76 75 77 79 78 80 81 83 82 85 84 86 87 88 90 89 91 93 94 95 92 97 96 99 98 
0 1 2 3 4 5 6 7 8 9 11 10 13 12 15 16 14 17 19 18 20 21 22 23 24 27 25 26 30 28 29 32 31 33 34 35 36 37 38 39 40 41 43 42 45 44 46 48 47 49 50 53 51 54 52 55 56 57 60 58 59 61 63 62 64 65 67 66 68 69 70 73 72 74 71 76 75 77 79 78 80 81 83 82 85 84 86 87 88 90 89 91 93 94 95 92 97 96 99 98 
0 1 2 3 4 5 6 7 8 9 11 10 13 12 15 16 14 17 19 18 20 21 22 23 24 27 25 26 30 28 32 29 31 33 34 35 36 37 38 39 40 41 43 42 45 44 46 48 47 49 50 53 51 54 52 55 56 57 60 58 59 61 63 62 64 65 67 66 68 69 70 72 73 74 71 76 75 77 79 78 80 81 83 82 85 84 86 87 88 90 89 91 93 94 95 92 97 96 99 98 
0 1 2 3 4 5 6 7 8 9 11 10 13 12 15 16 14 17 19 18 20 21 22 23 24 27 25 26 30 28 29 32 31 33 34 35 36 37 38 39 40 41 43 42 45 44 48 46 47 49 50 53 51 54 52 55 56 57 60 58 59 61 63 62 64 65 67 66 68 69 70 72 73 74 71 76 75 77 79 78 80 81 83 82 85 84 86 87 88 90 89 91 93 94 95 92 97 96 99 98 
0 1 2 3 4 5 6 7 8 9 11 10 13 12 15 16 14 17 19 18 20 21 22 23 24 27 25 26 30 28 29 32 31 33 34 35 36 37 38 39 40 41 43 42 45 44 46 47 48 49 50 53 51 54 52 55 56 57 60 58 59 61 63 62 64 65 67 66 68 69 70 72 73 74 71 76 75 77 79 78 80 81 83 82 85 84 86 87 88 90 89 91 93 94 95 92 97 96 99 98 
0 1 2 3 4 5 6 7 8 9 11 10 13 12 15 16 14 17 18 19 20 21 22 23 24 27 25 26 30 28 29 32 31 33 35 34 36 37 38 39 40 41 42 43 45 44 46 48 47 49 50 53 51 54 52 55 56 57 60 58 59 61 63 62 64 65 67 66 68 69 70 72 73 74 71 76 75 77 79 78 80 81 82 83 85 84 86 87 88 90 89 91 93 94 95 92 97 96 99 98 
0 1 2 3 4 5 6 7 8 9 11 10 13 12 15 16 14 17 19 18 20 21 22 23 24 27 25 26 30 28 29 32 31 33 34 35 36 37 38 39 40 41 43 42 45 44 46 48 47 49 50 53 51 54 52 55 56 57 60 58 59 61 63 62 64 65 67 66 69 68 70 73 72 74 71 76 75 77 78 79 80 81 83 82 85 84 86 87 88 90 89 91 93 94 95 92 97 96 99 98 
0 1 2 3 4 5 6 7 8 9 11 10 13 12 15 16 14 17 19 18 20 21 22 23 24 27 25 26 30 28 29 32 31 33 34 35 36 37 38 39 40 41 43 42 45 44 48 46 47 49 50 51 53 54 55 52 56 57 60 58 59 61 63 62 64 65 67 66 68 69 70 72 73 74 71 76 75 77 79 78 80 81 83 82 85 84 86 87 88 90 89 91 93 94 95 92 97 96 99 98 
0 1 2 3 4 5 6 7 8 9 11 10 13 12 15 16 14 17 19 18 20 21 22 23 24 27 25 26 30 28 29 32 31 33 34 35 36 37 38 39 40 41 43 42 45 44 46 48 47 49 50 53 51 54 52 55 56 57 60 58 59 61 63 62 64 65 67 66 69 68 70 73 72 74 71 76 75 77 79 78 80 81 83 82 85 84 86 87 88 90 89 91 93 94 95 92 97 96 99 98 
0 1 2 3 4 5 6 7 8 9 11 10 13 12 16 15 14 17 19 18 20 21 22 23 24 27 25 26 30 28 29 32 31 33 34 35 36 37 38 39 40 41 43 42 45 44 46 48 47 49 50 53 51 54 52 55 56 57 60 58 59 61 63 62 64 65 67 66 68 69 70 72 73 74 71 76 77 75 79 78 80 81 83 82 85 84 86 87 88 90 89 91 93 94 95 92 97 96 99 98 
0 1 2 3 4 5 6 7 8 9 11 10 13 12 15 16 14 17 19 18 20 21 22 23 24 27 25 26 30 28 32 29 33 31 35 34 36 37 38 39 40 41 43 42 45 44 46 48 47 50 49 53 51 54 52 55 56 57 60 58 59 61 62 63 65 64 67 66 68 69 70 72 73 71 74 76 75 77 78 79 80 81 83 82 84 85 86 87 88 90 89 91 93 94 95 92 97 96 99 98 
0 1 2 3 4 5 6 7 8 9 11 10 13 12 16 15 14 17 19 18 20 21 22 23 24 27 25 26 30 28 29 32 31 33 34 35 36 37 38 39 41 40 43 42 45 44 46 48 47 50 53 49 51 54 52 55 56 57 60 58 59 61 63 62 64 65 66 67 68 69 70 72 73 74 71 76 75 77 79 78 80 81 83 82 85 84 86 87 88 90 89 91 93 94 95 92 97 96 99 98 
0 1 2 3 4 5 6 7 8 9 11 10 13 12 15 16 14 17 19 18 20 21 22 23 24 27 25 26 30 28 29 32 31 33 34 35 36 37 38 39 41 40 43 42 44 45 46 48 47 49 50 53 51 54 52 55 56 57 60 58 59 61 63 62 64 65 67 66 68 69 70 72 73 74 71 76 75 77 79 78 80 81 83 82 85 84 86 87 88 90 89 91 93 94 95 92 97 96 99 98 
0 1 2 3 4 5 6 7 8 9 11 10 13 12 15 16 14 17 19 18 20 21 22 23 24 27 25 26 30 28 32 29 31 33 34 35 36 37 38 39 40 41 43 42 45 44 46 48 47 49 50 53 51 54 52 55 56 57 60 58 59 61 63 62 64 65 67 66 68 69 70 72 73 74 71 76 75 77 79 78 80 81 83 82 85 84 86 87 88 90 89 91 93 94 95 92 97 96 99 98 
0 1 2 3 4 5 6 7 8 9 11 10 13 12 15 16 14 17 19 18 20 21 22 23 24 27 25 26 30 28 29 32 31 33 34 35 36 37 38 39 40 41 43 42 45 44 46 48 47 49 50 53 51 54 55 52 56 57 60 58 59 61 63 62 64 65 67 66 68 69 70 72 73 74 71 76 75 77 79 78 80 81 83 82 85 84 86 87 88 90 89 93 91 94 92 95 97 96 99 98 
0 1 2 3 4 5 6 7 8 9 11 10 13 12 15 16 14 17 19 18 20 21 22 23 24 27 25 26 30 28 29 32 31 33 34 35 36 37 38 39 40 41 43 42 45 44 46 48 47 49 50 53 51 54 52 55 56 57 60 58 59 61 63 62 64 65 67 66 68 69 70 72 73 74 71 76 75 77 79 78 80 81 83 82 85 84 86 87 88 90 89 91 93 94 95 92 97 96 99 98 
0 1 2 3 4 5 6 7 8 9 11 10 13 12 15 16 14 17 19 18 20 21 22 23 24 27 25 26 30 28 29 32 31 33 34 35 36 37 38 39 40 41 43 42 45 44 46 48 47 49 50 53 51 54 52 55 56 57 60 58 59 61 63 62 64 65 67 66 68 69 70 72 73 74 71 76 77 75 79 80 78 81 83 82 84 85 86 87 88 90 89 91 93 94 95 92 97 96 99 98 
0 1 2 3 4 5 6 7 8 9 11 10 13 12 15 16 14 17 19 18 20 21 22 23 24 27 25 26 30 28 29 32 31 33 35 34 36 37 38 39 40 41 43 42 45 44 46 48 47 49 50 53 51 54 52 55 56 57 60 58 59 63 61 62 65 64 67 66 69 68 70 72 73 74 71 76 75 77 79 78 80 81 83 82 85 84 86 87 88 90 89 91 93 94 95 92 97 96 99 98 
0 1 2 3 4 5 6 7 9 8 11 10 13 12 16 15 14 17 19 18 22 20 21 23 24 27 25 30 26 28 29 32 31 33 34 35 36 37 39 38 40 41 43 42 45 44 46 48 47 49 50 53 51 52 54 55 56 57 60 58 59 61 63 62 65 64 67 66 68 69 72 70 73 74 76 71 75 77 79 78 80 81 83 82 85 84 86 87 88 90 89 91 93 94 95 92 97 96 99 98 
0 1 2 3 4 5 6 7 8 9 11 10 13 12 15 16 14 17 19 18 20 21 22 23 24 27 25 26 30 28 32 29 31 33 34 35 36 37 38 39 40 41 43 42 45 44 46 48 47 49 50 53 51 54 55 52 56 57 60 58 59 61 63 62 64 65 67 66 68 69 70 72 73 74 71 76 75 77 79 78 80 81 83 82 85 84 86 87 88 90 89 91 93 94 95 92 97 96 99 98 
0 1 2 3 4 5 6 7 8 9 11 10 13 12 15 16 14 17 19 18 20 21 22 23 27 24 25 26 30 28 29 32 31 33 34 35 36 37 38 39 40 41 43 42 45 44 46 48 47 49 50 53 51 54 55 52 56 57 60 58 59 61 63 62 64 65 67 66 68 69 70 72 73 74 71 76 75 77 79 78 80 81 83 82 85 84 86 87 88 90 89 91 93 94 95 92 97 96 99 98 
0 1 2 3 4 5 6 7 8 9 11 10 13 12 15 16 14 17 19 18 20 21 22 23 24 27 25 26 30 28 32 31 29 33 34 35 36 37 38 39 41 40 43 42 45 44 46 48 47 49 50 53 51 54 52 55 56 57 60 58 59 61 63 62 64 65 67 66 68 69 70 73 72 74 71 76 75 77 79 78 80 81 83 82 85 84 86 87 90 88 89 91 93 94 95 92 97 96 99 98 
0 1 2 3 4 5 6 7 8 9 11 10 13 12 15 16 14 17 19 18 20 21 22 23 24 27 25 26 28 30 29 31 32 33 34 35 36 37 39 38 40 41 43 42 45 44 46 48 47 49 50 53 51 54 52 55 56 57 60 58 59 61 63 62 64 65 67 66 68 69 70 72 73 74 71 76 75 77 79 78 80 81 83 82 85 84 86 87 88 90 89 91 93 94 95 92 97 96 99 98 
0 1 2 3 4 5 6 7 8 9 11 10 13 12 15 16 14 17 19 18 20 21 22 23 24 27 25 26 30 28 29 32 31 33 35 34 36 37 38 39 40 41 43 42 45 44 46 48 47 49 50 53 51 54 52 55 56 57 60 58 59 61 63 62 64 65 67 66 68 69 70 72 73 74 71 76 77 75 79 78 80 81 83 82 85 84 86 87 88 90 89 91 93 94 95 92 97 96 99 98 
0 1 2 3 4 5 6 7 8 9 11 10 13 12 15 16 14 17 19 18 20 21 22 23 24 25 27 26 30 28 29 32 31 33 36 35 34 37 38 39 40 42 43 41 45 44 46 48 47 49 50 53 51 54 52 55 56 57 60 58 59 61 63 62 64 65 67 66 68 69 70 72 73 74 71 76 75 77 79 78 80 81 83 82 85 84 86 87 88 90 89 91 93 94 95 92 97 96 99 98 
0 1 2 3 4 5 6 7 9 8 11 10 13 12 15 16 14 17 19 18 20 21 22 23 24 27 25 26 30 28 29 32 31 33 34 35 36 37 38 39 40 41 43 42 45 44 46 48 47 49 50 53 51 54 52 55 56 57 60 58 59 61 63 62 64 65 67 66 69 68 70 73 72 74 71 76 75 77 79 78 80 81 83 82 85 84 86 87 88 90 89 91 93 94 95 92 97 96 99 98 
0 1 2 3 4 5 6 7 8 9 11 10 13 12 15 16 14 17 19 18 20 21 22 23 24 27 25 26 30 28 29 32 31 33 34 35 36 37 38 39 40 41 43 42 45 44 46 48 47 49 50 53 51 54 52 55 56 57 60 58 59 61 63 62 64 65 67 66 68 69 70 72 73 74 71 76 75 77 79 78 80 81 83 82 85 84 86 87 88 90 89 91 93 94 95 92 97 96 99 98 
0 1 2 3 4 5 6 7 8 9 11 10 13 12 15 16 14 17 19 18 20 21 22 24 23 27 25 26 30 28 29 32 31 33 34 35 36 37 38 39 40 41 43 42 45 44 46 48 47 49 50 53 51 54 52 55 56 57 60 58 59 61 63 62 64 65 67 66 68 69 70 72 73 74 71 76 75 77 79 78 80 81 83 82 85 84 86 87 88 90 89 91 93 94 95 92 97 96 99 98 
0 1 2 3 4 5 6 7 8 9 11 10 13 12 15 16 14 19 17 18 20 21 22 23 24 27 25 26 30 28 32 29 31 33 34 35 36 37 38 39 40 41 43 42 44 46 45 48 47 49 50 53 54 51 52 55 56 57 60 59 58 61 63 64 62 65 66 67 68 69 70 72 73 74 76 71 75 77 79 78 80 81 83 82 85 84 86 87 90 88 89 91 93 94 95 92 97 96 99 98 
0 1 2 3 4 5 6 7 8 9 11 10 13 12 15 16 14 17 19 18 20 21 22 23 27 24 25 26 30 28 29 32 31 33 34 35 36 37 38 39 40 41 43 42 45 44 46 48 47 49 50 53 51 54 55 52 56 57 60 58 59 61 63 62 64 65 67 66 68 69 70 72 73 74 71 76 75 77 79 78 80 81 83 82 85 84 86 87 88 90 89 91 93 94 95 92 97 96 99 98 
0 1 2 3 4 5 6 7 8 9 11 10 13 12 15 16 14 17 18 19 20 21 22 23 24 27 25 30 26 28 29 32 31 33 34 35 36 37 38 39 40 41 43 42 45 44 46 48 47 49 50 51 53 54 52 55 57 56 60 58 59 61 63 62 64 65 67 66 68 69 70 72 73 74 71 76 75 77 79 78 80 81 83 82 85 84 86 87 88 90 89 91 93 94 95 92 97 96 99 98 
0 1 2 3 4 5 6 7 8 9 11 10 13 12 15 16 14 17 19 18 20 21 22 23 24 27 25 26 30 28 29 32 31 33 34 35 36 37 38 39 40 41 43 42 45 44 46 48 47 49 50 53 51 54 52 55 56 57 60 58 59 61 63 62 64 65 67 66 68 69 70 72 73 74 71 76 75 77 79 78 80 81 83 82 85 84 86 87 88 90 89 91 93 94 95 92 97 96 99 98 
0 1 2 3 4 5 6 7 8 9 11 10 13 12 15 16 14 17 19 18 20 21 22 23 24 27 25 26 30 28 29 32 31 33 34 35 36 37 38 39 40 41 43 42 45 44 46 48 47 49 50 53 51 54 52 55 56 57 60 59 58 61 63 62 65 64 67 66 68 69 70 72 73 74 71 76 75 77 79 78 80 81 83 82 85 84 86 87 88 90 89 91 93 94 95 92 97 96 99 98 
0 1 2 3 4 5 6 7 8 9 11 10 13 12 16 14 15 17 19 18 20 21 22 23 24 27 25 26 30 28 29 32 31 33 34 35 36 37 38 39 40 41 43 42 45 44 46 48 47 49 50 53 51 54 55 52 56 57 60 58 59 61 63 62 64 65 67 66 68 69 70 72 73 74 71 76 75 77 79 78 80 81 83 82 85 84 86 87 88 90 89 91 93 94 95 92 97 96 99 98 

Rank matrix
100 0 0 0 0 0 0 0 0 0 0 0 0 0 0 0 0 0 0 0 0 0 0 0 0 0 0 0 0 0 0 0 0 0 0 0 0 0 0 0 0 0 0 0 0 0 0 0 0 0 0 0 0 0 0 0 0 0 0 0 0 0 0 0 0 0 0 0 0 0 0 0 0 0 0 0 0 0 0 0 0 0 0 0 0 0 0 0 0 0 0 0 0 0 0 0 0 0 0 0 
0 100 0 0 0 0 0 0 0 0 0 0 0 0 0 0 0 0 0 0 0 0 0 0 0 0 0 0 0 0 0 0 0 0 0 0 0 0 0 0 0 0 0 0 0 0 0 0 0 0 0 0 0 0 0 0 0 0 0 0 0 0 0 0 0 0 0 0 0 0 0 0 0 0 0 0 0 0 0 0 0 0 0 0 0 0 0 0 0 0 0 0 0 0 0 0 0 0 0 0 
0 0 100 0 0 0 0 0 0 0 0 0 0 0 0 0 0 0 0 0 0 0 0 0 0 0 0 0 0 0 0 0 0 0 0 0 0 0 0 0 0 0 0 0 0 0 0 0 0 0 0 0 0 0 0 0 0 0 0 0 0 0 0 0 0 0 0 0 0 0 0 0 0 0 0 0 0 0 0 0 0 0 0 0 0 0 0 0 0 0 0 0 0 0 0 0 0 0 0 0 
0 0 0 100 0 0 0 0 0 0 0 0 0 0 0 0 0 0 0 0 0 0 0 0 0 0 0 0 0 0 0 0 0 0 0 0 0 0 0 0 0 0 0 0 0 0 0 0 0 0 0 0 0 0 0 0 0 0 0 0 0 0 0 0 0 0 0 0 0 0 0 0 0 0 0 0 0 0 0 0 0 0 0 0 0 0 0 0 0 0 0 0 0 0 0 0 0 0 0 0 
0 0 0 0 100 0 0 0 0 0 0 0 0 0 0 0 0 0 0 0 0 0 0 0 0 0 0 0 0 0 0 0 0 0 0 0 0 0 0 0 0 0 0 0 0 0 0 0 0 0 0 0 0 0 0 0 0 0 0 0 0 0 0 0 0 0 0 0 0 0 0 0 0 0 0 0 0 0 0 0 0 0 0 0 0 0 0 0 0 0 0 0 0 0 0 0 0 0 0 0 
0 0 0 0 0 99 1 0 0 0 0 0 0 0 0 0 0 0 0 0 0 0 0 0 0 0 0 0 0 0 0 0 0 0 0 0 0 0 0 0 0 0 0 0 0 0 0 0 0 0 0 0 0 0 0 0 0 0 0 0 0 0 0 0 0 0 0 0 0 0 0 0 0 0 0 0 0 0 0 0 0 0 0 0 0 0 0 0 0 0 0 0 0 0 0 0 0 0 0 0 
0 0 0 0 0 1 99 0 0 0 0 0 0 0 0 0 0 0 0 0 0 0 0 0 0 0 0 0 0 0 0 0 0 0 0 0 0 0 0 0 0 0 0 0 0 0 0 0 0 0 0 0 0 0 0 0 0 0 0 0 0 0 0 0 0 0 0 0 0 0 0 0 0 0 0 0 0 0 0 0 0 0 0 0 0 0 0 0 0 0 0 0 0 0 0 0 0 0 0 0 
0 0 0 0 0 0 0 100 0 0 0 0 0 0 0 0 0 0 0 0 0 0 0 0 0 0 0 0 0 0 0 0 0 0 0 0 0 0 0 0 0 0 0 0 0 0 0 0 0 0 0 0 0 0 0 0 0 0 0 0 0 0 0 0 0 0 0 0 0 0 0 0 0 0 0 0 0 0 0 0 0 0 0 0 0 0 0 0 0 0 0 0 0 0 0 0 0 0 0 0 
0 0 0 0 0 0 0 0 98 2 0 0 0 0 0 0 0 0 0 0 0 0 0 0 0 0 0 0 0 0 0 0 0 0 0 0 0 0 0 0 0 0 0 0 0 0 0 0 0 0 0 0 0 0 0 0 0 0 0 0 0 0 0 0 0 0 0 0 0 0 0 0 0 0 0 0 0 0 0 0 0 0 0 0 0 0 0 0 0 0 0 0 0 0 0 0 0 0 0 0 
0 0 0 0 0 0 0 0 2 98 0 0 0 0 0 0 0 0 0 0 0 0 0 0 0 0 0 0 0 0 0 0 0 0 0 0 0 0 0 0 0 0 0 0 0 0 0 0 0 0 0 0 0 0 0 0 0 0 0 0 0 0 0 0 0 0 0 0 0 0 0 0 0 0 0 0 0 0 0 0 0 0 0 0 0 0 0 0 0 0 0 0 0 0 0 0 0 0 0 0 
0 0 0 0 0 0 0 0 0 0 1 99 0 0 0 0 0 0 0 0 0 0 0 0 0 0 0 0 0 0 0 0 0 0 0 0 0 0 0 0 0 0 0 0 0 0 0 0 0 0 0 0 0 0 0 0 0 0 0 0 0 0 0 0 0 0 0 0 0 0 0 0 0 0 0 0 0 0 0 0 0 0 0 0 0 0 0 0 0 0 0 0 0 0 0 0 0 0 0 0 
0 0 0 0 0 0 0 0 0 0 99 1 0 0 0 0 0 0 0 0 0 0 0 0 0 0 0 0 0 0 0 0 0 0 0 0 0 0 0 0 0 0 0 0 0 0 0 0 0 0 0 0 0 0 0 0 0 0 0 0 0 0 0 0 0 0 0 0 0 0 0 0 0 0 0 0 0 0 0 0 0 0 0 0 0 0 0 0 0 0 0 0 0 0 0 0 0 0 0 0 
0 0 0 0 0 0 0 0 0 0 0 0 1 99 0 0 0 0 0 0 0 0 0 0 0 0 0 0 0 0 0 0 0 0 0 0 0 0 0 0 0 0 0 0 0 0 0 0 0 0 0 0 0 0 0 0 0 0 0 0 0 0 0 0 0 0 0 0 0 0 0 0 0 0 0 0 0 0 0 0 0 0 0 0 0 0 0 0 0 0 0 0 0 0 0 0 0 0 0 0 
0 0 0 0 0 0 0 0 0 0 0 0 99 1 0 0 0 0 0 0 0 0 0 0 0 0 0 0 0 0 0 0 0 0 0 0 0 0 0 0 0 0 0 0 0 0 0 0 0 0 0 0 0 0 0 0 0 0 0 0 0 0 0 0 0 0 0 0 0 0 0 0 0 0 0 0 0 0 0 0 0 0 0 0 0 0 0 0 0 0 0 0 0 0 0 0 0 0 0 0 
0 0 0 0 0 0 0 0 0 0 0 0 0 0 0 2 98 0 0 0 0 0 0 0 0 0 0 0 0 0 0 0 0 0 0 0 0 0 0 0 0 0 0 0 0 0 0 0 0 0 0 0 0 0 0 0 0 0 0 0 0 0 0 0 0 0 0 0 0 0 0 0 0 0 0 0 0 0 0 0 0 0 0 0 0 0 0 0 0 0 0 0 0 0 0 0 0 0 0 0 
0 0 0 0 0 0 0 0 0 0 0 0 0 0 94 4 2 0 0 0 0 0 0 0 0 0 0 0 0 0 0 0 0 0 0 0 0 0 0 0 0 0 0 0 0 0 0 0 0 0 0 0 0 0 0 0 0 0 0 0 0 0 0 0 0 0 0 0 0 0 0 0 0 0 0 0 0 0 0 0 0 0 0 0 0 0 0 0 0 0 0 0 0 0 0 0 0 0 0 0 
0 0 0 0 0 0 0 0 0 0 0 0 0 0 6 94 0 0 0 0 0 0 0 0 0 0 0 0 0 0 0 0 0 0 0 0 0 0 0 0 0 0 0 0 0 0 0 0 0 0 0 0 0 0 0 0 0 0 0 0 0 0 0 0 0 0 0 0 0 0 0 0 0 0 0 0 0 0 0 0 0 0 0 0 0 0 0 0 0 0 0 0 0 0 0 0 0 0 0 0 
0 0 0 0 0 0 0 0 0 0 0 0 0 0 0 0 0 95 5 0 0 0 0 0 0 0 0 0 0 0 0 0 0 0 0 0 0 0 0 0 0 0 0 0 0 0 0 0 0 0 0 0 0 0 0 0 0 0 0 0 0 0 0 0 0 0 0 0 0 0 0 0 0 0 0 0 0 0 0 0 0 0 0 0 0 0 0 0 0 0 0 0 0 0 0 0 0 0 0 0 
0 0 0 0 0 0 0 0 0 0 0 0 0 0 0 0 0 1 3 96 0 0 0 0 0 0 0 0 0 0 0 0 0 0 0 0 0 0 0 0 0 0 0 0 0 0 0 0 0 0 0 0 0 0 0 0 0 0 0 0 0 0 0 0 0 0 0 0 0 0 0 0 0 0 0 0 0 0 0 0 0 0 0 0 0 0 0 0 0 0 0 0 0 0 0 0 0 0 0 0 
0 0 0 0 0 0 0 0 0 0 0 0 0 0 0 0 0 4 92 4 0 0 0 0 0 0 0 0 0 0 0 0 0 0 0 0 0 0 0 0 0 0 0 0 0 0 0 0 0 0 0 0 0 0 0 0 0 0 0 0 0 0 0 0 0 0 0 0 0 0 0 0 0 0 0 0 0 0 0 0 0 0 0 0 0 0 0 0 0 0 0 0 0 0 0 0 0 0 0 0 
0 0 0 0 0 0 0 0 0 0 0 0 0 0 0 0 0 0 0 0 99 1 0 0 0 0 0 0 0 0 0 0 0 0 0 0 0 0 0 0 0 0 0 0 0 0 0 0 0 0 0 0 0 0 0 0 0 0 0 0 0 0 0 0 0 0 0 0 0 0 0 0 0 0 0 0 0 0 0 0 0 0 0 0 0 0 0 0 0 0 0 0 0 0 0 0 0 0 0 0 
0 0 0 0 0 0 0 0 0 0 0 0 0 0 0 0 0 0 0 0 0 95 5 0 0 0 0 0 0 0 0 0 0 0 0 0 0 0 0 0 0 0 0 0 0 0 0 0 0 0 0 0 0 0 0 0 0 0 0 0 0 0 0 0 0 0 0 0 0 0 0 0 0 0 0 0 0 0 0 0 0 0 0 0 0 0 0 0 0 0 0 0 0 0 0 0 0 0 0 0 
0 0 0 0 0 0 0 0 0 0 0 0 0 0 0 0 0 0 0 0 1 4 95 0 0 0 0 0 0 0 0 0 0 0 0 0 0 0 0 0 0 0 0 0 0 0 0 0 0 0 0 0 0 0 0 0 0 0 0 0 0 0 0 0 0 0 0 0 0 0 0 0 0 0 0 0 0 0 0 0 0 0 0 0 0 0 0 0 0 0 0 0 0 0 0 0 0 0 0 0 
0 0 0 0 0 0 0 0 0 0 0 0 0 0 0 0 0 0 0 0 0 0 0 98 2 0 0 0 0 0 0 0 0 0 0 0 0 0 0 0 0 0 0 0 0 0 0 0 0 0 0 0 0 0 0 0 0 0 0 0 0 0 0 0 0 0 0 0 0 0 0 0 0 0 0 0 0 0 0 0 0 0 0 0 0 0 0 0 0 0 0 0 0 0 0 0 0 0 0 0 
0 0 0 0 0 0 0 0 0 0 0 0 0 0 0 0 0 0 0 0 0 0 0 2 95 3 0 0 0 0 0 0 0 0 0 0 0 0 0 0 0 0 0 0 0 0 0 0 0 0 0 0 0 0 0 0 0 0 0 0 0 0 0 0 0 0 0 0 0 0 0 0 0 0 0 0 0 0 0 0 0 0 0 0 0 0 0 0 0 0 0 0 0 0 0 0 0 0 0 0 
0 0 0 0 0 0 0 0 0 0 0 0 0 0 0 0 0 0 0 0 0 0 0 0 0 2 98 0 0 0 0 0 0 0 0 0 0 0 0 0 0 0 0 0 0 0 0 0 0 0 0 0 0 0 0 0 0 0 0 0 0 0 0 0 0 0 0 0 0 0 0 0 0 0 0 0 0 0 0 0 0 0 0 0 0 0 0 0 0 0 0 0 0 0 0 0 0 0 0 0 
0 0 0 0 0 0 0 0 0 0 0 0 0 0 0 0 0 0 0 0 0 0 0 0 0 0 0 97 3 0 0 0 0 0 0 0 0 0 0 0 0 0 0 0 0 0 0 0 0 0 0 0 0 0 0 0 0 0 0 0 0 0 0 0 0 0 0 0 0 0 0 0 0 0 0 0 0 0 0 0 0 0 0 0 0 0 0 0 0 0 0 0 0 0 0 0 0 0 0 0 
0 0 0 0 0 0 0 0 0 0 0 0 0 0 0 0 0 0 0 0 0 0 0 0 3 95 2 0 0 0 0 0 0 0 0 0 0 0 0 0 0 0 0 0 0 0 0 0 0 0 0 0 0 0 0 0 0 0 0 0 0 0 0 0 0 0 0 0 0 0 0 0 0 0 0 0 0 0 0 0 0 0 0 0 0 0 0 0 0 0 0 0 0 0 0 0 0 0 0 0 
0 0 0 0 0 0 0 0 0 0 0 0 0 0 0 0 0 0 0 0 0 0 0 0 0 0 0 0 7 93 0 0 0 0 0 0 0 0 0 0 0 0 0 0 0 0 0 0 0 0 0 0 0 0 0 0 0 0 0 0 0 0 0 0 0 0 0 0 0 0 0 0 0 0 0 0 0 0 0 0 0 0 0 0 0 0 0 0 0 0 0 0 0 0 0 0 0 0 0 0 
0 0 0 0 0 0 0 0 0 0 0 0 0 0 0 0 0 0 0 0 0 0 0 0 0 0 0 0 0 0 92 7 1 0 0 0 0 0 0 0 0 0 0 0 0 0 0 0 0 0 0 0 0 0 0 0 0 0 0 0 0 0 0 0 0 0 0 0 0 0 0 0 0 0 0 0 0 0 0 0 0 0 0 0 0 0 0 0 0 0 0 0 0 0 0 0 0 0 0 0 
0 0 0 0 0 0 0 0 0 0 0 0 0 0 0 0 0 0 0 0 0 0 0 0 0 0 0 3 90 7 0 0 0 0 0 0 0 0 0 0 0 0 0 0 0 0 0 0 0 0 0 0 0 0 0 0 0 0 0 0 0 0 0 0 0 0 0 0 0 0 0 0 0 0 0 0 0 0 0 0 0 0 0 0 0 0 0 0 0 0 0 0 0 0 0 0 0 0 0 0 
0 0 0 0 0 0 0 0 0 0 0 0 0 0 0 0 0 0 0 0 0 0 0 0 0 0 0 0 0 0 0 5 94 1 0 0 0 0 0 0 0 0 0 0 0 0 0 0 0 0 0 0 0 0 0 0 0 0 0 0 0 0 0 0 0 0 0 0 0 0 0 0 0 0 0 0 0 0 0 0 0 0 0 0 0 0 0 0 0 0 0 0 0 0 0 0 0 0 0 0 
0 0 0 0 0 0 0 0 0 0 0 0 0 0 0 0 0 0 0 0 0 0 0 0 0 0 0 0 0 0 8 88 4 0 0 0 0 0 0 0 0 0 0 0 0 0 0 0 0 0 0 0 0 0 0 0 0 0 0 0 0 0 0 0 0 0 0 0 0 0 0 0 0 0 0 0 0 0 0 0 0 0 0 0 0 0 0 0 0 0 0 0 0 0 0 0 0 0 0 0 
0 0 0 0 0 0 0 0 0 0 0 0 0 0 0 0 0 0 0 0 0 0 0 0 0 0 0 0 0 0 0 0 1 97 2 0 0 0 0 0 0 0 0 0 0 0 0 0 0 0 0 0 0 0 0 0 0 0 0 0 0 0 0 0 0 0 0 0 0 0 0 0 0 0 0 0 0 0 0 0 0 0 0 0 0 0 0 0 0 0 0 0 0 0 0 0 0 0 0 0 
0 0 0 0 0 0 0 0 0 0 0 0 0 0 0 0 0 0 0 0 0 0 0 0 0 0 0 0 0 0 0 0 0 2 88 9 1 0 0 0 0 0 0 0 0 0 0 0 0 0 0 0 0 0 0 0 0 0 0 0 0 0 0 0 0 0 0 0 0 0 0 0 0 0 0 0 0 0 0 0 0 0 0 0 0 0 0 0 0 0 0 0 0 0 0 0 0 0 0 0 
0 0 0 0 0 0 0 0 0 0 0 0 0 0 0 0 0 0 0 0 0 0 0 0 0 0 0 0 0 0 0 0 0 0 8 91 0 1 0 0 0 0 0 0 0 0 0 0 0 0 0 0 0 0 0 0 0 0 0 0 0 0 0 0 0 0 0 0 0 0 0 0 0 0 0 0 0 0 0 0 0 0 0 0 0 0 0 0 0 0 0 0 0 0 0 0 0 0 0 0 
0 0 0 0 0 0 0 0 0 0 0 0 0 0 0 0 0 0 0 0 0 0 0 0 0 0 0 0 0 0 0 0 0 0 1 0 97 2 0 0 0 0 0 0 0 0 0 0 0 0 0 0 0 0 0 0 0 0 0 0 0 0 0 0 0 0 0 0 0 0 0 0 0 0 0 0 0 0 0 0 0 0 0 0 0 0 0 0 0 0 0 0 0 0 0 0 0 0 0 0 
0 0 0 0 0 0 0 0 0 0 0 0 0 0 0 0 0 0 0 0 0 0 0 0 0 0 0 0 0 0 0 0 0 0 1 0 2 97 0 0 0 0 0 0 0 0 0 0 0 0 0 0 0 0 0 0 0 0 0 0 0 0 0 0 0 0 0 0 0 0 0 0 0 0 0 0 0 0 0 0 0 0 0 0 0 0 0 0 0 0 0 0 0 0 0 0 0 0 0 0 
0 0 0 0 0 0 0 0 0 0 0 0 0 0 0 0 0 0 0 0 0 0 0 0 0 0 0 0 0 0 0 0 0 0 0 0 0 0 94 6 0 0 0 0 0 0 0 0 0 0 0 0 0 0 0 0 0 0 0 0 0 0 0 0 0 0 0 0 0 0 0 0 0 0 0 0 0 0 0 0 0 0 0 0 0 0 0 0 0 0 0 0 0 0 0 0 0 0 0 0 
0 0 0 0 0 0 0 0 0 0 0 0 0 0 0 0 0 0 0 0 0 0 0 0 0 0 0 0 0 0 0 0 0 0 0 0 0 0 6 94 0 0 0 0 0 0 0 0 0 0 0 0 0 0 0 0 0 0 0 0 0 0 0 0 0 0 0 0 0 0 0 0 0 0 0 0 0 0 0 0 0 0 0 0 0 0 0 0 0 0 0 0 0 0 0 0 0 0 0 0 
0 0 0 0 0 0 0 0 0 0 0 0 0 0 0 0 0 0 0 0 0 0 0 0 0 0 0 0 0 0 0 0 0 0 0 0 0 0 0 0 93 6 1 0 0 0 0 0 0 0 0 0 0 0 0 0 0 0 0 0 0 0 0 0 0 0 0 0 0 0 0 0 0 0 0 0 0 0 0 0 0 0 0 0 0 0 0 0 0 0 0 0 0 0 0 0 0 0 0 0 
0 0 0 0 0 0 0 0 0 0 0 0 0 0 0 0 0 0 0 0 0 0 0 0 0 0 0 0 0 0 0 0 0 0 0 0 0 0 0 0 7 90 2 1 0 0 0 0 0 0 0 0 0 0 0 0 0 0 0 0 0 0 0 0 0 0 0 0 0 0 0 0 0 0 0 0 0 0 0 0 0 0 0 0 0 0 0 0 0 0 0 0 0 0 0 0 0 0 0 0 
0 0 0 0 0 0 0 0 0 0 0 0 0 0 0 0 0 0 0 0 0 0 0 0 0 0 0 0 0 0 0 0 0 0 0 0 0 0 0 0 0 2 9 89 0 0 0 0 0 0 0 0 0 0 0 0 0 0 0 0 0 0 0 0 0 0 0 0 0 0 0 0 0 0 0 0 0 0 0 0 0 0 0 0 0 0 0 0 0 0 0 0 0 0 0 0 0 0 0 0 
0 0 0 0 0 0 0 0 0 0 0 0 0 0 0 0 0 0 0 0 0 0 0 0 0 0 0 0 0 0 0 0 0 0 0 0 0 0 0 0 0 2 88 10 0 0 0 0 0 0 0 0 0 0 0 0 0 0 0 0 0 0 0 0 0 0 0 0 0 0 0 0 0 0 0 0 0 0 0 0 0 0 0 0 0 0 0 0 0 0 0 0 0 0 0 0 0 0 0 0 
0 0 0 0 0 0 0 0 0 0 0 0 0 0 0 0 0 0 0 0 0 0 0 0 0 0 0 0 0 0 0 0 0 0 0 0 0 0 0 0 0 0 0 0 7 91 1 1 0 0 0 0 0 0 0 0 0 0 0 0 0 0 0 0 0 0 0 0 0 0 0 0 0 0 0 0 0 0 0 0 0 0 0 0 0 0 0 0 0 0 0 0 0 0 0 0 0 0 0 0 
0 0 0 0 0 0 0 0 0 0 0 0 0 0 0 0 0 0 0 0 0 0 0 0 0 0 0 0 0 0 0 0 0 0 0 0 0 0 0 0 0 0 0 0 93 6 1 0 0 0 0 0 0 0 0 0 0 0 0 0 0 0 0 0 0 0 0 0 0 0 0 0 0 0 0 0 0 0 0 0 0 0 0 0 0 0 0 0 0 0 0 0 0 0 0 0 0 0 0 0 
0 0 0 0 0 0 0 0 0 0 0 0 0 0 0 0 0 0 0 0 0 0 0 0 0 0 0 0 0 0 0 0 0 0 0 0 0 0 0 0 0 0 0 0 0 3 90 7 0 0 0 0 0 0 0 0 0 0 0 0 0 0 0 0 0 0 0 0 0 0 0 0 0 0 0 0 0 0 0 0 0 0 0 0 0 0 0 0 0 0 0 0 0 0 0 0 0 0 0 0 
0 0 0 0 0 0 0 0 0 0 0 0 0 0 0 0 0 0 0 0 0 0 0 0 0 0 0 0 0 0 0 0 0 0 0 0 0 0 0 0 0 0 0 0 0 0 0 4 96 0 0 0 0 0 0 0 0 0 0 0 0 0 0 0 0 0 0 0 0 0 0 0 0 0 0 0 0 0 0 0 0 0 0 0 0 0 0 0 0 0 0 0 0 0 0 0 0 0 0 0 
0 0 0 0 0 0 0 0 0 0 0 0 0 0 0 0 0 0 0 0 0 0 0 0 0 0 0 0 0 0 0 0 0 0 0 0 0 0 0 0 0 0 0 0 0 0 8 88 4 0 0 0 0 0 0 0 0 0 0 0 0 0 0 0 0 0 0 0 0 0 0 0 0 0 0 0 0 0 0 0 0 0 0 0 0 0 0 0 0 0 0 0 0 0 0 0 0 0 0 0 
0 0 0 0 0 0 0 0 0 0 0 0 0 0 0 0 0 0 0 0 0 0 0 0 0 0 0 0 0 0 0 0 0 0 0 0 0 0 0 0 0 0 0 0 0 0 0 0 0 89 9 2 0 0 0 0 0 0 0 0 0 0 0 0 0 0 0 0 0 0 0 0 0 0 0 0 0 0 0 0 0 0 0 0 0 0 0 0 0 0 0 0 0 0 0 0 0 0 0 0 
0 0 0 0 0 0 0 0 0 0 0 0 0 0 0 0 0 0 0 0 0 0 0 0 0 0 0 0 0 0 0 0 0 0 0 0 0 0 0 0 0 0 0 0 0 0 0 0 0 11 89 0 0 0 0 0 0 0 0 0 0 0 0 0 0 0 0 0 0 0 0 0 0 0 0 0 0 0 0 0 0 0 0 0 0 0 0 0 0 0 0 0 0 0 0 0 0 0 0 0 
0 0 0 0 0 0 0 0 0 0 0 0 0 0 0 0 0 0 0 0 0 0 0 0 0 0 0 0 0 0 0 0 0 0 0 0 0 0 0 0 0 0 0 0 0 0 0 0 0 0 0 4 95 1 0 0 0 0 0 0 0 0 0 0 0 0 0 0 0 0 0 0 0 0 0 0 0 0 0 0 0 0 0 0 0 0 0 0 0 0 0 0 0 0 0 0 0 0 0 0 
0 0 0 0 0 0 0 0 0 0 0 0 0 0 0 0 0 0 0 0 0 0 0 0 0 0 0 0 0 0 0 0 0 0 0 0 0 0 0 0 0 0 0 0 0 0 0 0 0 0 0 0 0 3 85 12 0 0 0 0 0 0 0 0 0 0 0 0 0 0 0 0 0 0 0 0 0 0 0 0 0 0 0 0 0 0 0 0 0 0 0 0 0 0 0 0 0 0 0 0 
0 0 0 0 0 0 0 0 0 0 0 0 0 0 0 0 0 0 0 0 0 0 0 0 0 0 0 0 0 0 0 0 0 0 0 0 0 0 0 0 0 0 0 0 0 0 0 0 0 0 2 94 4 0 0 0 0 0 0 0 0 0 0 0 0 0 0 0 0 0 0 0 0 0 0 0 0 0 0 0 0 0 0 0 0 0 0 0 0 0 0 0 0 0 0 0 0 0 0 0 
0 0 0 0 0 0 0 0 0 0 0 0 0 0 0 0 0 0 0 0 0 0 0 0 0 0 0 0 0 0 0 0 0 0 0 0 0 0 0 0 0 0 0 0 0 0 0 0 0 0 0 0 1 96 3 0 0 0 0 0 0 0 0 0 0 0 0 0 0 0 0 0 0 0 0 0 0 0 0 0 0 0 0 0 0 0 0 0 0 0 0 0 0 0 0 0 0 0 0 0 
0 0 0 0 0 0 0 0 0 0 0 0 0 0 0 0 0 0 0 0 0 0 0 0 0 0 0 0 0 0 0 0 0 0 0 0 0 0 0 0 0 0 0 0 0 0 0 0 0 0 0 0 0 0 12 88 0 0 0 0 0 0 0 0 0 0 0 0 0 0 0 0 0 0 0 0 0 0 0 0 0 0 0 0 0 0 0 0 0 0 0 0 0 0 0 0 0 0 0 0 
0 0 0 0 0 0 0 0 0 0 0 0 0 0 0 0 0 0 0 0 0 0 0 0 0 0 0 0 0 0 0 0 0 0 0 0 0 0 0 0 0 0 0 0 0 0 0 0 0 0 0 0 0 0 0 0 98 2 0 0 0 0 0 0 0 0 0 0 0 0 0 0 0 0 0 0 0 0 0 0 0 0 0 0 0 0 0 0 0 0 0 0 0 0 0 0 0 0 0 0 
0 0 0 0 0 0 0 0 0 0 0 0 0 0 0 0 0 0 0 0 0 0 0 0 0 0 0 0 0 0 0 0 0 0 0 0 0 0 0 0 0 0 0 0 0 0 0 0 0 0 0 0 0 0 0 0 2 98 0 0 0 0 0 0 0 0 0 0 0 0 0 0 0 0 0 0 0 0 0 0 0 0 0 0 0 0 0 0 0 0 0 0 0 0 0 0 0 0 0 0 
0 0 0 0 0 0 0 0 0 0 0 0 0 0 0 0 0 0 0 0 0 0 0 0 0 0 0 0 0 0 0 0 0 0 0 0 0 0 0 0 0 0 0 0 0 0 0 0 0 0 0 0 0 0 0 0 0 0 1 92 7 0 0 0 0 0 0 0 0 0 0 0 0 0 0 0 0 0 0 0 0 0 0 0 0 0 0 0 0 0 0 0 0 0 0 0 0 0 0 0 
0 0 0 0 0 0 0 0 0 0 0 0 0 0 0 0 0 0 0 0 0 0 0 0 0 0 0 0 0 0 0 0 0 0 0 0 0 0 0 0 0 0 0 0 0 0 0 0 0 0 0 0 0 0 0 0 0 0 0 7 92 1 0 0 0 0 0 0 0 0 0 0 0 0 0 0 0 0 0 0 0 0 0 0 0 0 0 0 0 0 0 0 0 0 0 0 0 0 0 0 
0 0 0 0 0 0 0 0 0 0 0 0 0 0 0 0 0 0 0 0 0 0 0 0 0 0 0 0 0 0 0 0 0 0 0 0 0 0 0 0 0 0 0 0 0 0 0 0 0 0 0 0 0 0 0 0 0 0 99 1 0 0 0 0 0 0 0 0 0 0 0 0 0 0 0 0 0 0 0 0 0 0 0 0 0 0 0 0 0 0 0 0 0 0 0 0 0 0 0 0 
0 0 0 0 0 0 0 0 0 0 0 0 0 0 0 0 0 0 0 0 0 0 0 0 0 0 0 0 0 0 0 0 0 0 0 0 0 0 0 0 0 0 0 0 0 0 0 0 0 0 0 0 0 0 0 0 0 0 0 0 0 94 6 0 0 0 0 0 0 0 0 0 0 0 0 0 0 0 0 0 0 0 0 0 0 0 0 0 0 0 0 0 0 0 0 0 0 0 0 0 
0 0 0 0 0 0 0 0 0 0 0 0 0 0 0 0 0 0 0 0 0 0 0 0 0 0 0 0 0 0 0 0 0 0 0 0 0 0 0 0 0 0 0 0 0 0 0 0 0 0 0 0 0 0 0 0 0 0 0 0 0 0 3 96 1 0 0 0 0 0 0 0 0 0 0 0 0 0 0 0 0 0 0 0 0 0 0 0 0 0 0 0 0 0 0 0 0 0 0 0 
0 0 0 0 0 0 0 0 0 0 0 0 0 0 0 0 0 0 0 0 0 0 0 0 0 0 0 0 0 0 0 0 0 0 0 0 0 0 0 0 0 0 0 0 0 0 0 0 0 0 0 0 0 0 0 0 0 0 0 0 1 5 91 3 0 0 0 0 0 0 0 0 0 0 0 0 0 0 0 0 0 0 0 0 0 0 0 0 0 0 0 0 0 0 0 0 0 0 0 0 
0 0 0 0 0 0 0 0 0 0 0 0 0 0 0 0 0 0 0 0 0 0 0 0 0 0 0 0 0 0 0 0 0 0 0 0 0 0 0 0 0 0 0 0 0 0 0 0 0 0 0 0 0 0 0 0 0 0 0 0 0 0 0 1 87 12 0 0 0 0 0 0 0 0 0 0 0 0 0 0 0 0 0 0 0 0 0 0 0 0 0 0 0 0 0 0 0 0 0 0 
0 0 0 0 0 0 0 0 0 0 0 0 0 0 0 0 0 0 0 0 0 0 0 0 0 0 0 0 0 0 0 0 0 0 0 0 0 0 0 0 0 0 0 0 0 0 0 0 0 0 0 0 0 0 0 0 0 0 0 0 0 0 0 0 12 87 1 0 0 0 0 0 0 0 0 0 0 0 0 0 0 0 0 0 0 0 0 0 0 0 0 0 0 0 0 0 0 0 0 0 
0 0 0 0 0 0 0 0 0 0 0 0 0 0 0 0 0 0 0 0 0 0 0 0 0 0 0 0 0 0 0 0 0 0 0 0 0 0 0 0 0 0 0 0 0 0 0 0 0 0 0 0 0 0 0 0 0 0 0 0 0 0 0 0 0 1 6 93 0 0 0 0 0 0 0 0 0 0 0 0 0 0 0 0 0 0 0 0 0 0 0 0 0 0 0 0 0 0 0 0 
0 0 0 0 0 0 0 0 0 0 0 0 0 0 0 0 0 0 0 0 0 0 0 0 0 0 0 0 0 0 0 0 0 0 0 0 0 0 0 0 0 0 0 0 0 0 0 0 0 0 0 0 0 0 0 0 0 0 0 0 0 0 0 0 0 0 93 7 0 0 0 0 0 0 0 0 0 0 0 0 0 0 0 0 0 0 0 0 0 0 0 0 0 0 0 0 0 0 0 0 
0 0 0 0 0 0 0 0 0 0 0 0 0 0 0 0 0 0 0 0 0 0 0 0 0 0 0 0 0 0 0 0 0 0 0 0 0 0 0 0 0 0 0 0 0 0 0 0 0 0 0 0 0 0 0 0 0 0 0 0 0 0 0 0 0 0 0 0 92 8 0 0 0 0 0 0 0 0 0 0 0 0 0 0 0 0 0 0 0 0 0 0 0 0 0 0 0 0 0 0 
0 0 0 0 0 0 0 0 0 0 0 0 0 0 0 0 0 0 0 0 0 0 0 0 0 0 0 0 0 0 0 0 0 0 0 0 0 0 0 0 0 0 0 0 0 0 0 0 0 0 0 0 0 0 0 0 0 0 0 0 0 0 0 0 0 0 0 0 8 91 1 0 0 0 0 0 0 0 0 0 0 0 0 0 0 0 0 0 0 0 0 0 0 0 0 0 0 0 0 0 
0 0 0 0 0 0 0 0 0 0 0 0 0 0 0 0 0 0 0 0 0 0 0 0 0 0 0 0 0 0 0 0 0 0 0 0 0 0 0 0 0 0 0 0 0 0 0 0 0 0 0 0 0 0 0 0 0 0 0 0 0 0 0 0 0 0 0 0 0 1 98 1 0 0 0 0 0 0 0 0 0 0 0 0 0 0 0 0 0 0 0 0 0 0 0 0 0 0 0 0 
0 0 0 0 0 0 0 0 0 0 0 0 0 0 0 0 0 0 0 0 0 0 0 0 0 0 0 0 0 0 0 0 0 0 0 0 0 0 0 0 0 0 0 0 0 0 0 0 0 0 0 0 0 0 0 0 0 0 0 0 0 0 0 0 0 0 0 0 0 0 0 0 0 3 87 10 0 0 0 0 0 0 0 0 0 0 0 0 0 0 0 0 0 0 0 0 0 0 0 0 
0 0 0 0 0 0 0 0 0 0 0 0 0 0 0 0 0 0 0 0 0 0 0 0 0 0 0 0 0 0 0 0 0 0 0 0 0 0 0 0 0 0 0 0 0 0 0 0 0 0 0 0 0 0 0 0 0 0 0 0 0 0 0 0 0 0 0 0 0 0 1 91 8 0 0 0 0 0 0 0 0 0 0 0 0 0 0 0 0 0 0 0 0 0 0 0 0 0 0 0 
0 0 0 0 0 0 0 0 0 0 0 0 0 0 0 0 0 0 0 0 0 0 0 0 0 0 0 0 0 0 0 0 0 0 0 0 0 0 0 0 0 0 0 0 0 0 0 0 0 0 0 0 0 0 0 0 0 0 0 0 0 0 0 0 0 0 0 0 0 0 0 8 92 0 0 0 0 0 0 0 0 0 0 0 0 0 0 0 0 0 0 0 0 0 0 0 0 0 0 0 
0 0 0 0 0 0 0 0 0 0 0 0 0 0 0 0 0 0 0 0 0 0 0 0 0 0 0 0 0 0 0 0 0 0 0 0 0 0 0 0 0 0 0 0 0 0 0 0 0 0 0 0 0 0 0 0 0 0 0 0 0 0 0 0 0 0 0 0 0 0 0 0 0 96 4 0 0 0 0 0 0 0 0 0 0 0 0 0 0 0 0 0 0 0 0 0 0 0 0 0 
0 0 0 0 0 0 0 0 0 0 0 0 0 0 0 0 0 0 0 0 0 0 0 0 0 0 0 0 0 0 0 0 0 0 0 0 0 0 0 0 0 0 0 0 0 0 0 0 0 0 0 0 0 0 0 0 0 0 0 0 0 0 0 0 0 0 0 0 0 0 0 0 0 0 0 0 90 10 0 0 0 0 0 0 0 0 0 0 0 0 0 0 0 0 0 0 0 0 0 0 
0 0 0 0 0 0 0 0 0 0 0 0 0 0 0 0 0 0 0 0 0 0 0 0 0 0 0 0 0 0 0 0 0 0 0 0 0 0 0 0 0 0 0 0 0 0 0 0 0 0 0 0 0 0 0 0 0 0 0 0 0 0 0 0 0 0 0 0 0 0 0 0 0 1 9 90 0 0 0 0 0 0 0 0 0 0 0 0 0 0 0 0 0 0 0 0 0 0 0 0 
0 0 0 0 0 0 0 0 0 0 0 0 0 0 0 0 0 0 0 0 0 0 0 0 0 0 0 0 0 0 0 0 0 0 0 0 0 0 0 0 0 0 0 0 0 0 0 0 0 0 0 0 0 0 0 0 0 0 0 0 0 0 0 0 0 0 0 0 0 0 0 0 0 0 0 0 10 90 0 0 0 0 0 0 0 0 0 0 0 0 0 0 0 0 0 0 0 0 0 0 
0 0 0 0 0 0 0 0 0 0 0 0 0 0 0 0 0 0 0 0 0 0 0 0 0 0 0 0 0 0 0 0 0 0 0 0 0 0 0 0 0 0 0 0 0 0 0 0 0 0 0 0 0 0 0 0 0 0 0 0 0 0 0 0 0 0 0 0 0 0 0 0 0 0 0 0 0 0 4 94 2 0 0 0 0 0 0 0 0 0 0 0 0 0 0 0 0 0 0 0 
0 0 0 0 0 0 0 0 0 0 0 0 0 0 0 0 0 0 0 0 0 0 0 0 0 0 0 0 0 0 0 0 0 0 0 0 0 0 0 0 0 0 0 0 0 0 0 0 0 0 0 0 0 0 0 0 0 0 0 0 0 0 0 0 0 0 0 0 0 0 0 0 0 0 0 0 0 0 96 4 0 0 0 0 0 0 0 0 0 0 0 0 0 0 0 0 0 0 0 0 
0 0 0 0 0 0 0 0 0 0 0 0 0 0 0 0 0 0 0 0 0 0 0 0 0 0 0 0 0 0 0 0 0 0 0 0 0 0 0 0 0 0 0 0 0 0 0 0 0 0 0 0 0 0 0 0 0 0 0 0 0 0 0 0 0 0 0 0 0 0 0 0 0 0 0 0 0 0 0 2 98 0 0 0 0 0 0 0 0 0 0 0 0 0 0 0 0 0 0 0 
0 0 0 0 0 0 0 0 0 0 0 0 0 0 0 0 0 0 0 0 0 0 0 0 0 0 0 0 0 0 0 0 0 0 0 0 0 0 0 0 0 0 0 0 0 0 0 0 0 0 0 0 0 0 0 0 0 0 0 0 0 0 0 0 0 0 0 0 0 0 0 0 0 0 0 0 0 0 0 0 0 100 0 0 0 0 0 0 0 0 0 0 0 0 0 0 0 0 0 0 
0 0 0 0 0 0 0 0 0 0 0 0 0 0 0 0 0 0 0 0 0 0 0 0 0 0 0 0 0 0 0 0 0 0 0 0 0 0 0 0 0 0 0 0 0 0 0 0 0 0 0 0 0 0 0 0 0 0 0 0 0 0 0 0 0 0 0 0 0 0 0 0 0 0 0 0 0 0 0 0 0 0 2 97 1 0 0 0 0 0 0 0 0 0 0 0 0 0 0 0 
0 0 0 0 0 0 0 0 0 0 0 0 0 0 0 0 0 0 0 0 0 0 0 0 0 0 0 0 0 0 0 0 0 0 0 0 0 0 0 0 0 0 0 0 0 0 0 0 0 0 0 0 0 0 0 0 0 0 0 0 0 0 0 0 0 0 0 0 0 0 0 0 0 0 0 0 0 0 0 0 0 0 98 2 0 0 0 0 0 0 0 0 0 0 0 0 0 0 0 0 
0 0 0 0 0 0 0 0 0 0 0 0 0 0 0 0 0 0 0 0 0 0 0 0 0 0 0 0 0 0 0 0 0 0 0 0 0 0 0 0 0 0 0 0 0 0 0 0 0 0 0 0 0 0 0 0 0 0 0 0 0 0 0 0 0 0 0 0 0 0 0 0 0 0 0 0 0 0 0 0 0 0 0 1 2 97 0 0 0 0 0 0 0 0 0 0 0 0 0 0 
0 0 0 0 0 0 0 0 0 0 0 0 0 0 0 0 0 0 0 0 0 0 0 0 0 0 0 0 0 0 0 0 0 0 0 0 0 0 0 0 0 0 0 0 0 0 0 0 0 0 0 0 0 0 0 0 0 0 0 0 0 0 0 0 0 0 0 0 0 0 0 0 0 0 0 0 0 0 0 0 0 0 0 0 97 3 0 0 0 0 0 0 0 0 0 0 0 0 0 0 
0 0 0 0 0 0 0 0 0 0 0 0 0 0 0 0 0 0 0 0 0 0 0 0 0 0 0 0 0 0 0 0 0 0 0 0 0 0 0 0 0 0 0 0 0 0 0 0 0 0 0 0 0 0 0 0 0 0 0 0 0 0 0 0 0 0 0 0 0 0 0 0 0 0 0 0 0 0 0 0 0 0 0 0 0 0 98 2 0 0 0 0 0 0 0 0 0 0 0 0 
0 0 0 0 0 0 0 0 0 0 0 0 0 0 0 0 0 0 0 0 0 0 0 0 0 0 0 0 0 0 0 0 0 0 0 0 0 0 0 0 0 0 0 0 0 0 0 0 0 0 0 0 0 0 0 0 0 0 0 0 0 0 0 0 0 0 0 0 0 0 0 0 0 0 0 0 0 0 0 0 0 0 0 0 0 0 2 98 0 0 0 0 0 0 0 0 0 0 0 0 
0 0 0 0 0 0 0 0 0 0 0 0 0 0 0 0 0 0 0 0 0 0 0 0 0 0 0 0 0 0 0 0 0 0 0 0 0 0 0 0 0 0 0 0 0 0 0 0 0 0 0 0 0 0 0 0 0 0 0 0 0 0 0 0 0 0 0 0 0 0 0 0 0 0 0 0 0 0 0 0 0 0 0 0 0 0 0 0 96 4 0 0 0 0 0 0 0 0 0 0 
0 0 0 0 0 0 0 0 0 0 0 0 0 0 0 0 0 0 0 0 0 0 0 0 0 0 0 0 0 0 0 0 0 0 0 0 0 0 0 0 0 0 0 0 0 0 0 0 0 0 0 0 0 0 0 0 0 0 0 0 0 0 0 0 0 0 0 0 0 0 0 0 0 0 0 0 0 0 0 0 0 0 0 0 0 0 0 0 0 1 99 0 0 0 0 0 0 0 0 0 
0 0 0 0 0 0 0 0 0 0 0 0 0 0 0 0 0 0 0 0 0 0 0 0 0 0 0 0 0 0 0 0 0 0 0 0 0 0 0 0 0 0 0 0 0 0 0 0 0 0 0 0 0 0 0 0 0 0 0 0 0 0 0 0 0 0 0 0 0 0 0 0 0 0 0 0 0 0 0 0 0 0 0 0 0 0 0 0 4 95 1 0 0 0 0 0 0 0 0 0 
0 0 0 0 0 0 0 0 0 0 0 0 0 0 0 0 0 0 0 0 0 0 0 0 0 0 0 0 0 0 0 0 0 0 0 0 0 0 0 0 0 0 0 0 0 0 0 0 0 0 0 0 0 0 0 0 0 0 0 0 0 0 0 0 0 0 0 0 0 0 0 0 0 0 0 0 0 0 0 0 0 0 0 0 0 0 0 0 0 0 0 98 2 0 0 0 0 0 0 0 
0 0 0 0 0 0 0 0 0 0 0 0 0 0 0 0 0 0 0 0 0 0 0 0 0 0 0 0 0 0 0 0 0 0 0 0 0 0 0 0 0 0 0 0 0 0 0 0 0 0 0 0 0 0 0 0 0 0 0 0 0 0 0 0 0 0 0 0 0 0 0 0 0 0 0 0 0 0 0 0 0 0 0 0 0 0 0 0 0 0 0 0 0 0 1 99 0 0 0 0 
0 0 0 0 0 0 0 0 0 0 0 0 0 0 0 0 0 0 0 0 0 0 0 0 0 0 0 0 0 0 0 0 0 0 0 0 0 0 0 0 0 0 0 0 0 0 0 0 0 0 0 0 0 0 0 0 0 0 0 0 0 0 0 0 0 0 0 0 0 0 0 0 0 0 0 0 0 0 0 0 0 0 0 0 0 0 0 0 0 0 0 2 98 0 0 0 0 0 0 0 
0 0 0 0 0 0 0 0 0 0 0 0 0 0 0 0 0 0 0 0 0 0 0 0 0 0 0 0 0 0 0 0 0 0 0 0 0 0 0 0 0 0 0 0 0 0 0 0 0 0 0 0 0 0 0 0 0 0 0 0 0 0 0 0 0 0 0 0 0 0 0 0 0 0 0 0 0 0 0 0 0 0 0 0 0 0 0 0 0 0 0 0 0 100 0 0 0 0 0 0 
0 0 0 0 0 0 0 0 0 0 0 0 0 0 0 0 0 0 0 0 0 0 0 0 0 0 0 0 0 0 0 0 0 0 0 0 0 0 0 0 0 0 0 0 0 0 0 0 0 0 0 0 0 0 0 0 0 0 0 0 0 0 0 0 0 0 0 0 0 0 0 0 0 0 0 0 0 0 0 0 0 0 0 0 0 0 0 0 0 0 0 0 0 0 99 1 0 0 0 0 
0 0 0 0 0 0 0 0 0 0 0 0 0 0 0 0 0 0 0 0 0 0 0 0 0 0 0 0 0 0 0 0 0 0 0 0 0 0 0 0 0 0 0 0 0 0 0 0 0 0 0 0 0 0 0 0 0 0 0 0 0 0 0 0 0 0 0 0 0 0 0 0 0 0 0 0 0 0 0 0 0 0 0 0 0 0 0 0 0 0 0 0 0 0 0 0 0 100 0 0 
0 0 0 0 0 0 0 0 0 0 0 0 0 0 0 0 0 0 0 0 0 0 0 0 0 0 0 0 0 0 0 0 0 0 0 0 0 0 0 0 0 0 0 0 0 0 0 0 0 0 0 0 0 0 0 0 0 0 0 0 0 0 0 0 0 0 0 0 0 0 0 0 0 0 0 0 0 0 0 0 0 0 0 0 0 0 0 0 0 0 0 0 0 0 0 0 100 0 0 0 
0 0 0 0 0 0 0 0 0 0 0 0 0 0 0 0 0 0 0 0 0 0 0 0 0 0 0 0 0 0 0 0 0 0 0 0 0 0 0 0 0 0 0 0 0 0 0 0 0 0 0 0 0 0 0 0 0 0 0 0 0 0 0 0 0 0 0 0 0 0 0 0 0 0 0 0 0 0 0 0 0 0 0 0 0 0 0 0 0 0 0 0 0 0 0 0 0 0 0 100 
0 0 0 0 0 0 0 0 0 0 0 0 0 0 0 0 0 0 0 0 0 0 0 0 0 0 0 0 0 0 0 0 0 0 0 0 0 0 0 0 0 0 0 0 0 0 0 0 0 0 0 0 0 0 0 0 0 0 0 0 0 0 0 0 0 0 0 0 0 0 0 0 0 0 0 0 0 0 0 0 0 0 0 0 0 0 0 0 0 0 0 0 0 0 0 0 0 0 100 0 

Pair-order violations matrix
0 0 0 0 0 0 0 0 0 0 0 0 0 0 0 0 0 0 0 0 0 0 0 0 0 0 0 0 0 0 0 0 0 0 0 0 0 0 0 0 0 0 0 0 0 0 0 0 0 0 0 0 0 0 0 0 0 0 0 0 0 0 0 0 0 0 0 0 0 0 0 0 0 0 0 0 0 0 0 0 0 0 0 0 0 0 0 0 0 0 0 0 0 0 0 0 0 0 0 0 
0 0 0 0 0 0 0 0 0 0 0 0 0 0 0 0 0 0 0 0 0 0 0 0 0 0 0 0 0 0 0 0 0 0 0 0 0 0 0 0 0 0 0 0 0 0 0 0 0 0 0 0 0 0 0 0 0 0 0 0 0 0 0 0 0 0 0 0 0 0 0 0 0 0 0 0 0 0 0 0 0 0 0 0 0 0 0 0 0 0 0 0 0 0 0 0 0 0 0 0 
0 0 0 0 0 0 0 0 0 0 0 0 0 0 0 0 0 0 0 0 0 0 0 0 0 0 0 0 0 0 0 0 0 0 0 0 0 0 0 0 0 0 0 0 0 0 0 0 0 0 0 0 0 0 0 0 0 0 0 0 0 0 0 0 0 0 0 0 0 0 0 0 0 0 0 0 0 0 0 0 0 0 0 0 0 0 0 0 0 0 0 0 0 0 0 0 0 0 0 0 
0 0 0 0 0 0 0 0 0 0 0 0 0 0 0 0 0 0 0 0 0 0 0 0 0 0 0 0 0 0 0 0 0 0 0 0 0 0 0 0 0 0 0 0 0 0 0 0 0 0 0 0 0 0 0 0 0 0 0 0 0 0 0 0 0 0 0 0 0 0 0 0 0 0 0 0 0 0 0 0 0 0 0 0 0 0 0 0 0 0 0 0 0 0 0 0 0 0 0 0 
0 0 0 0 0 0 0 0 0 0 0 0 0 0 0 0 0 0 0 0 0 0 0 0 0 0 0 0 0 0 0 0 0 0 0 0 0 0 0 0 0 0 0 0 0 0 0 0 0 0 0 0 0 0 0 0 0 0 0 0 0 0 0 0 0 0 0 0 0 0 0 0 0 0 0 0 0 0 0 0 0 0 0 0 0 0 0 0 0 0 0 0 0 0 0 0 0 0 0 0 
0 0 0 0 0 0 1 0 0 0 0 0 0 0 0 0 0 0 0 0 0 0 0 0 0 0 0 0 0 0 0 0 0 0 0 0 0 0 0 0 0 0 0 0 0 0 0 0 0 0 0 0 0 0 0 0 0 0 0 0 0 0 0 0 0 0 0 0 0 0 0 0 0 0 0 0 0 0 0 0 0 0 0 0 0 0 0 0 0 0 0 0 0 0 0 0 0 0 0 0 
0 0 0 0 0 1 0 0 0 0 0 0 0 0 0 0 0 0 0 0 0 0 0 0 0 0 0 0 0 0 0 0 0 0 0 0 0 0 0 0 0 0 0 0 0 0 0 0 0 0 0 0 0 0 0 0 0 0 0 0 0 0 0 0 0 0 0 0 0 0 0 0 0 0 0 0 0 0 0 0 0 0 0 0 0 0 0 0 0 0 0 0 0 0 0 0 0 0 0 0 
0 0 0 0 0 0 0 0 0 0 0 0 0 0 0 0 0 0 0 0 0 0 0 0 0 0 0 0 0 0 0 0 0 0 0 0 0 0 0 0 0 0 0 0 0 0 0 0 0 0 0 0 0 0 0 0 0 0 0 0 0 0 0 0 0 0 0 0 0 0 0 0 0 0 0 0 0 0 0 0 0 0 0 0 0 0 0 0 0 0 0 0 0 0 0 0 0 0 0 0 
0 0 0 0 0 0 0 0 0 2 0 0 0 0 0 0 0 0 0 0 0 0 0 0 0 0 0 0 0 0 0 0 0 0 0 0 0 0 0 0 0 0 0 0 0 0 0 0 0 0 0 0 0 0 0 0 0 0 0 0 0 0 0 0 0 0 0 0 0 0 0 0 0 0 0 0 0 0 0 0 0 0 0 0 0 0 0 0 0 0 0 0 0 0 0 0 0 0 0 0 
0 0 0 0 0 0 0 0 2 0 0 0 0 0 0 0 0 0 0 0 0 0 0 0 0 0 0 0 0 0 0 0 0 0 0 0 0 0 0 0 0 0 0 0 0 0 0 0 0 0 0 0 0 0 0 0 0 0 0 0 0 0 0 0 0 0 0 0 0 0 0 0 0 0 0 0 0 0 0 0 0 0 0 0 0 0 0 0 0 0 0 0 0 0 0 0 0 0 0 0 
0 0 0 0 0 0 0 0 0 0 0 99 0 0 0 0 0 0 0 0 0 0 0 0 0 0 0 0 0 0 0 0 0 0 0 0 0 0 0 0 0 0 0 0 0 0 0 0 0 0 0 0 0 0 0 0 0 0 0 0 0 0 0 0 0 0 0 0 0 0 0 0 0 0 0 0 0 0 0 0 0 0 0 0 0 0 0 0 0 0 0 0 0 0 0 0 0 0 0 0 
0 0 0 0 0 0 0 0 0 0 99 0 0 0 0 0 0 0 0 0 0 0 0 0 0 0 0 0 0 0 0 0 0 0 0 0 0 0 0 0 0 0 0 0 0 0 0 0 0 0 0 0 0 0 0 0 0 0 0 0 0 0 0 0 0 0 0 0 0 0 0 0 0 0 0 0 0 0 0 0 0 0 0 0 0 0 0 0 0 0 0 0 0 0 0 0 0 0 0 0 
0 0 0 0 0 0 0 0 0 0 0 0 0 99 0 0 0 0 0 0 0 0 0 0 0 0 0 0 0 0 0 0 0 0 0 0 0 0 0 0 0 0 0 0 0 0 0 0 0 0 0 0 0 0 0 0 0 0 0 0 0 0 0 0 0 0 0 0 0 0 0 0 0 0 0 0 0 0 0 0 0 0 0 0 0 0 0 0 0 0 0 0 0 0 0 0 0 0 0 0 
0 0 0 0 0 0 0 0 0 0 0 0 99 0 0 0 0 0 0 0 0 0 0 0 0 0 0 0 0 0 0 0 0 0 0 0 0 0 0 0 0 0 0 0 0 0 0 0 0 0 0 0 0 0 0 0 0 0 0 0 0 0 0 0 0 0 0 0 0 0 0 0 0 0 0 0 0 0 0 0 0 0 0 0 0 0 0 0 0 0 0 0 0 0 0 0 0 0 0 0 
0 0 0 0 0 0 0 0 0 0 0 0 0 0 0 98 100 0 0 0 0 0 0 0 0 0 0 0 0 0 0 0 0 0 0 0 0 0 0 0 0 0 0 0 0 0 0 0 0 0 0 0 0 0 0 0 0 0 0 0 0 0 0 0 0 0 0 0 0 0 0 0 0 0 0 0 0 0 0 0 0 0 0 0 0 0 0 0 0 0 0 0 0 0 0 0 0 0 0 0 
0 0 0 0 0 0 0 0 0 0 0 0 0 0 98 0 6 0 0 0 0 0 0 0 0 0 0 0 0 0 0 0 0 0 0 0 0 0 0 0 0 0 0 0 0 0 0 0 0 0 0 0 0 0 0 0 0 0 0 0 0 0 0 0 0 0 0 0 0 0 0 0 0 0 0 0 0 0 0 0 0 0 0 0 0 0 0 0 0 0 0 0 0 0 0 0 0 0 0 0 
0 0 0 0 0 0 0 0 0 0 0 0 0 0 100 6 0 0 0 0 0 0 0 0 0 0 0 0 0 0 0 0 0 0 0 0 0 0 0 0 0 0 0 0 0 0 0 0 0 0 0 0 0 0 0 0 0 0 0 0 0 0 0 0 0 0 0 0 0 0 0 0 0 0 0 0 0 0 0 0 0 0 0 0 0 0 0 0 0 0 0 0 0 0 0 0 0 0 0 0 
0 0 0 0 0 0 0 0 0 0 0 0 0 0 0 0 0 0 1 4 0 0 0 0 0 0 0 0 0 0 0 0 0 0 0 0 0 0 0 0 0 0 0 0 0 0 0 0 0 0 0 0 0 0 0 0 0 0 0 0 0 0 0 0 0 0 0 0 0 0 0 0 0 0 0 0 0 0 0 0 0 0 0 0 0 0 0 0 0 0 0 0 0 0 0 0 0 0 0 0 
0 0 0 0 0 0 0 0 0 0 0 0 0 0 0 0 0 1 0 96 0 0 0 0 0 0 0 0 0 0 0 0 0 0 0 0 0 0 0 0 0 0 0 0 0 0 0 0 0 0 0 0 0 0 0 0 0 0 0 0 0 0 0 0 0 0 0 0 0 0 0 0 0 0 0 0 0 0 0 0 0 0 0 0 0 0 0 0 0 0 0 0 0 0 0 0 0 0 0 0 
0 0 0 0 0 0 0 0 0 0 0 0 0 0 0 0 0 4 96 0 0 0 0 0 0 0 0 0 0 0 0 0 0 0 0 0 0 0 0 0 0 0 0 0 0 0 0 0 0 0 0 0 0 0 0 0 0 0 0 0 0 0 0 0 0 0 0 0 0 0 0 0 0 0 0 0 0 0 0 0 0 0 0 0 0 0 0 0 0 0 0 0 0 0 0 0 0 0 0 0 
0 0 0 0 0 0 0 0 0 0 0 0 0 0 0 0 0 0 0 0 0 0 1 0 0 0 0 0 0 0 0 0 0 0 0 0 0 0 0 0 0 0 0 0 0 0 0 0 0 0 0 0 0 0 0 0 0 0 0 0 0 0 0 0 0 0 0 0 0 0 0 0 0 0 0 0 0 0 0 0 0 0 0 0 0 0 0 0 0 0 0 0 0 0 0 0 0 0 0 0 
0 0 0 0 0 0 0 0 0 0 0 0 0 0 0 0 0 0 0 0 0 0 5 0 0 0 0 0 0 0 0 0 0 0 0 0 0 0 0 0 0 0 0 0 0 0 0 0 0 0 0 0 0 0 0 0 0 0 0 0 0 0 0 0 0 0 0 0 0 0 0 0 0 0 0 0 0 0 0 0 0 0 0 0 0 0 0 0 0 0 0 0 0 0 0 0 0 0 0 0 
0 0 0 0 0 0 0 0 0 0 0 0 0 0 0 0 0 0 0 0 1 5 0 0 0 0 0 0 0 0 0 0 0 0 0 0 0 0 0 0 0 0 0 0 0 0 0 0 0 0 0 0 0 0 0 0 0 0 0 0 0 0 0 0 0 0 0 0 0 0 0 0 0 0 0 0 0 0 0 0 0 0 0 0 0 0 0 0 0 0 0 0 0 0 0 0 0 0 0 0 
0 0 0 0 0 0 0 0 0 0 0 0 0 0 0 0 0 0 0 0 0 0 0 0 2 0 0 0 0 0 0 0 0 0 0 0 0 0 0 0 0 0 0 0 0 0 0 0 0 0 0 0 0 0 0 0 0 0 0 0 0 0 0 0 0 0 0 0 0 0 0 0 0 0 0 0 0 0 0 0 0 0 0 0 0 0 0 0 0 0 0 0 0 0 0 0 0 0 0 0 
0 0 0 0 0 0 0 0 0 0 0 0 0 0 0 0 0 0 0 0 0 0 0 2 0 0 0 3 0 0 0 0 0 0 0 0 0 0 0 0 0 0 0 0 0 0 0 0 0 0 0 0 0 0 0 0 0 0 0 0 0 0 0 0 0 0 0 0 0 0 0 0 0 0 0 0 0 0 0 0 0 0 0 0 0 0 0 0 0 0 0 0 0 0 0 0 0 0 0 0 
0 0 0 0 0 0 0 0 0 0 0 0 0 0 0 0 0 0 0 0 0 0 0 0 0 0 0 98 0 0 0 0 0 0 0 0 0 0 0 0 0 0 0 0 0 0 0 0 0 0 0 0 0 0 0 0 0 0 0 0 0 0 0 0 0 0 0 0 0 0 0 0 0 0 0 0 0 0 0 0 0 0 0 0 0 0 0 0 0 0 0 0 0 0 0 0 0 0 0 0 
0 0 0 0 0 0 0 0 0 0 0 0 0 0 0 0 0 0 0 0 0 0 0 0 0 0 0 100 0 0 3 0 0 0 0 0 0 0 0 0 0 0 0 0 0 0 0 0 0 0 0 0 0 0 0 0 0 0 0 0 0 0 0 0 0 0 0 0 0 0 0 0 0 0 0 0 0 0 0 0 0 0 0 0 0 0 0 0 0 0 0 0 0 0 0 0 0 0 0 0 
0 0 0 0 0 0 0 0 0 0 0 0 0 0 0 0 0 0 0 0 0 0 0 0 3 98 100 0 0 0 0 0 0 0 0 0 0 0 0 0 0 0 0 0 0 0 0 0 0 0 0 0 0 0 0 0 0 0 0 0 0 0 0 0 0 0 0 0 0 0 0 0 0 0 0 0 0 0 0 0 0 0 0 0 0 0 0 0 0 0 0 0 0 0 0 0 0 0 0 0 
0 0 0 0 0 0 0 0 0 0 0 0 0 0 0 0 0 0 0 0 0 0 0 0 0 0 0 0 0 0 93 0 0 0 0 0 0 0 0 0 0 0 0 0 0 0 0 0 0 0 0 0 0 0 0 0 0 0 0 0 0 0 0 0 0 0 0 0 0 0 0 0 0 0 0 0 0 0 0 0 0 0 0 0 0 0 0 0 0 0 0 0 0 0 0 0 0 0 0 0 
0 0 0 0 0 0 0 0 0 0 0 0 0 0 0 0 0 0 0 0 0 0 0 0 0 0 0 0 0 0 100 1 8 0 0 0 0 0 0 0 0 0 0 0 0 0 0 0 0 0 0 0 0 0 0 0 0 0 0 0 0 0 0 0 0 0 0 0 0 0 0 0 0 0 0 0 0 0 0 0 0 0 0 0 0 0 0 0 0 0 0 0 0 0 0 0 0 0 0 0 
0 0 0 0 0 0 0 0 0 0 0 0 0 0 0 0 0 0 0 0 0 0 0 0 0 0 3 0 93 100 0 0 0 0 0 0 0 0 0 0 0 0 0 0 0 0 0 0 0 0 0 0 0 0 0 0 0 0 0 0 0 0 0 0 0 0 0 0 0 0 0 0 0 0 0 0 0 0 0 0 0 0 0 0 0 0 0 0 0 0 0 0 0 0 0 0 0 0 0 0 
0 0 0 0 0 0 0 0 0 0 0 0 0 0 0 0 0 0 0 0 0 0 0 0 0 0 0 0 0 1 0 0 96 1 0 0 0 0 0 0 0 0 0 0 0 0 0 0 0 0 0 0 0 0 0 0 0 0 0 0 0 0 0 0 0 0 0 0 0 0 0 0 0 0 0 0 0 0 0 0 0 0 0 0 0 0 0 0 0 0 0 0 0 0 0 0 0 0 0 0 
0 0 0 0 0 0 0 0 0 0 0 0 0 0 0 0 0 0 0 0 0 0 0 0 0 0 0 0 0 8 0 96 0 0 0 0 0 0 0 0 0 0 0 0 0 0 0 0 0 0 0 0 0 0 0 0 0 0 0 0 0 0 0 0 0 0 0 0 0 0 0 0 0 0 0 0 0 0 0 0 0 0 0 0 0 0 0 0 0 0 0 0 0 0 0 0 0 0 0 0 
0 0 0 0 0 0 0 0 0 0 0 0 0 0 0 0 0 0 0 0 0 0 0 0 0 0 0 0 0 0 0 1 0 0 2 0 0 0 0 0 0 0 0 0 0 0 0 0 0 0 0 0 0 0 0 0 0 0 0 0 0 0 0 0 0 0 0 0 0 0 0 0 0 0 0 0 0 0 0 0 0 0 0 0 0 0 0 0 0 0 0 0 0 0 0 0 0 0 0 0 
0 0 0 0 0 0 0 0 0 0 0 0 0 0 0 0 0 0 0 0 0 0 0 0 0 0 0 0 0 0 0 0 0 2 0 9 1 1 0 0 0 0 0 0 0 0 0 0 0 0 0 0 0 0 0 0 0 0 0 0 0 0 0 0 0 0 0 0 0 0 0 0 0 0 0 0 0 0 0 0 0 0 0 0 0 0 0 0 0 0 0 0 0 0 0 0 0 0 0 0 
0 0 0 0 0 0 0 0 0 0 0 0 0 0 0 0 0 0 0 0 0 0 0 0 0 0 0 0 0 0 0 0 0 0 9 0 2 1 0 0 0 0 0 0 0 0 0 0 0 0 0 0 0 0 0 0 0 0 0 0 0 0 0 0 0 0 0 0 0 0 0 0 0 0 0 0 0 0 0 0 0 0 0 0 0 0 0 0 0 0 0 0 0 0 0 0 0 0 0 0 
0 0 0 0 0 0 0 0 0 0 0 0 0 0 0 0 0 0 0 0 0 0 0 0 0 0 0 0 0 0 0 0 0 0 1 2 0 3 0 0 0 0 0 0 0 0 0 0 0 0 0 0 0 0 0 0 0 0 0 0 0 0 0 0 0 0 0 0 0 0 0 0 0 0 0 0 0 0 0 0 0 0 0 0 0 0 0 0 0 0 0 0 0 0 0 0 0 0 0 0 
0 0 0 0 0 0 0 0 0 0 0 0 0 0 0 0 0 0 0 0 0 0 0 0 0 0 0 0 0 0 0 0 0 0 1 1 3 0 0 0 0 0 0 0 0 0 0 0 0 0 0 0 0 0 0 0 0 0 0 0 0 0 0 0 0 0 0 0 0 0 0 0 0 0 0 0 0 0 0 0 0 0 0 0 0 0 0 0 0 0 0 0 0 0 0 0 0 0 0 0 
0 0 0 0 0 0 0 0 0 0 0 0 0 0 0 0 0 0 0 0 0 0 0 0 0 0 0 0 0 0 0 0 0 0 0 0 0 0 0 6 0 0 0 0 0 0 0 0 0 0 0 0 0 0 0 0 0 0 0 0 0 0 0 0 0 0 0 0 0 0 0 0 0 0 0 0 0 0 0 0 0 0 0 0 0 0 0 0 0 0 0 0 0 0 0 0 0 0 0 0 
0 0 0 0 0 0 0 0 0 0 0 0 0 0 0 0 0 0 0 0 0 0 0 0 0 0 0 0 0 0 0 0 0 0 0 0 0 0 6 0 0 0 0 0 0 0 0 0 0 0 0 0 0 0 0 0 0 0 0 0 0 0 0 0 0 0 0 0 0 0 0 0 0 0 0 0 0 0 0 0 0 0 0 0 0 0 0 0 0 0 0 0 0 0 0 0 0 0 0 0 
0 0 0 0 0 0 0 0 0 0 0 0 0 0 0 0 0 0 0 0 0 0 0 0 0 0 0 0 0 0 0 0 0 0 0 0 0 0 0 0 0 7 0 1 0 0 0 0 0 0 0 0 0 0 0 0 0 0 0 0 0 0 0 0 0 0 0 0 0 0 0 0 0 0 0 0 0 0 0 0 0 0 0 0 0 0 0 0 0 0 0 0 0 0 0 0 0 0 0 0 
0 0 0 0 0 0 0 0 0 0 0 0 0 0 0 0 0 0 0 0 0 0 0 0 0 0 0 0 0 0 0 0 0 0 0 0 0 0 0 0 7 0 2 2 0 0 0 0 0 0 0 0 0 0 0 0 0 0 0 0 0 0 0 0 0 0 0 0 0 0 0 0 0 0 0 0 0 0 0 0 0 0 0 0 0 0 0 0 0 0 0 0 0 0 0 0 0 0 0 0 
0 0 0 0 0 0 0 0 0 0 0 0 0 0 0 0 0 0 0 0 0 0 0 0 0 0 0 0 0 0 0 0 0 0 0 0 0 0 0 0 0 2 0 89 0 0 0 0 0 0 0 0 0 0 0 0 0 0 0 0 0 0 0 0 0 0 0 0 0 0 0 0 0 0 0 0 0 0 0 0 0 0 0 0 0 0 0 0 0 0 0 0 0 0 0 0 0 0 0 0 
0 0 0 0 0 0 0 0 0 0 0 0 0 0 0 0 0 0 0 0 0 0 0 0 0 0 0 0 0 0 0 0 0 0 0 0 0 0 0 0 1 2 89 0 0 0 0 0 0 0 0 0 0 0 0 0 0 0 0 0 0 0 0 0 0 0 0 0 0 0 0 0 0 0 0 0 0 0 0 0 0 0 0 0 0 0 0 0 0 0 0 0 0 0 0 0 0 0 0 0 
0 0 0 0 0 0 0 0 0 0 0 0 0 0 0 0 0 0 0 0 0 0 0 0 0 0 0 0 0 0 0 0 0 0 0 0 0 0 0 0 0 0 0 0 0 93 2 0 1 0 0 0 0 0 0 0 0 0 0 0 0 0 0 0 0 0 0 0 0 0 0 0 0 0 0 0 0 0 0 0 0 0 0 0 0 0 0 0 0 0 0 0 0 0 0 0 0 0 0 0 
0 0 0 0 0 0 0 0 0 0 0 0 0 0 0 0 0 0 0 0 0 0 0 0 0 0 0 0 0 0 0 0 0 0 0 0 0 0 0 0 0 0 0 0 93 0 1 0 0 0 0 0 0 0 0 0 0 0 0 0 0 0 0 0 0 0 0 0 0 0 0 0 0 0 0 0 0 0 0 0 0 0 0 0 0 0 0 0 0 0 0 0 0 0 0 0 0 0 0 0 
0 0 0 0 0 0 0 0 0 0 0 0 0 0 0 0 0 0 0 0 0 0 0 0 0 0 0 0 0 0 0 0 0 0 0 0 0 0 0 0 0 0 0 0 2 1 0 0 7 0 0 0 0 0 0 0 0 0 0 0 0 0 0 0 0 0 0 0 0 0 0 0 0 0 0 0 0 0 0 0 0 0 0 0 0 0 0 0 0 0 0 0 0 0 0 0 0 0 0 0 
0 0 0 0 0 0 0 0 0 0 0 0 0 0 0 0 0 0 0 0 0 0 0 0 0 0 0 0 0 0 0 0 0 0 0 0 0 0 0 0 0 0 0 0 0 0 0 0 96 0 0 0 0 0 0 0 0 0 0 0 0 0 0 0 0 0 0 0 0 0 0 0 0 0 0 0 0 0 0 0 0 0 0 0 0 0 0 0 0 0 0 0 0 0 0 0 0 0 0 0 
0 0 0 0 0 0 0 0 0 0 0 0 0 0 0 0 0 0 0 0 0 0 0 0 0 0 0 0 0 0 0 0 0 0 0 0 0 0 0 0 0 0 0 0 1 0 7 96 0 0 0 0 0 0 0 0 0 0 0 0 0 0 0 0 0 0 0 0 0 0 0 0 0 0 0 0 0 0 0 0 0 0 0 0 0 0 0 0 0 0 0 0 0 0 0 0 0 0 0 0 
0 0 0 0 0 0 0 0 0 0 0 0 0 0 0 0 0 0 0 0 0 0 0 0 0 0 0 0 0 0 0 0 0 0 0 0 0 0 0 0 0 0 0 0 0 0 0 0 0 0 11 0 0 2 0 0 0 0 0 0 0 0 0 0 0 0 0 0 0 0 0 0 0 0 0 0 0 0 0 0 0 0 0 0 0 0 0 0 0 0 0 0 0 0 0 0 0 0 0 0 
0 0 0 0 0 0 0 0 0 0 0 0 0 0 0 0 0 0 0 0 0 0 0 0 0 0 0 0 0 0 0 0 0 0 0 0 0 0 0 0 0 0 0 0 0 0 0 0 0 11 0 0 0 0 0 0 0 0 0 0 0 0 0 0 0 0 0 0 0 0 0 0 0 0 0 0 0 0 0 0 0 0 0 0 0 0 0 0 0 0 0 0 0 0 0 0 0 0 0 0 
0 0 0 0 0 0 0 0 0 0 0 0 0 0 0 0 0 0 0 0 0 0 0 0 0 0 0 0 0 0 0 0 0 0 0 0 0 0 0 0 0 0 0 0 0 0 0 0 0 0 0 0 0 96 1 0 0 0 0 0 0 0 0 0 0 0 0 0 0 0 0 0 0 0 0 0 0 0 0 0 0 0 0 0 0 0 0 0 0 0 0 0 0 0 0 0 0 0 0 0 
0 0 0 0 0 0 0 0 0 0 0 0 0 0 0 0 0 0 0 0 0 0 0 0 0 0 0 0 0 0 0 0 0 0 0 0 0 0 0 0 0 0 0 0 0 0 0 0 0 0 0 0 0 100 97 12 0 0 0 0 0 0 0 0 0 0 0 0 0 0 0 0 0 0 0 0 0 0 0 0 0 0 0 0 0 0 0 0 0 0 0 0 0 0 0 0 0 0 0 0 
0 0 0 0 0 0 0 0 0 0 0 0 0 0 0 0 0 0 0 0 0 0 0 0 0 0 0 0 0 0 0 0 0 0 0 0 0 0 0 0 0 0 0 0 0 0 0 0 0 2 0 96 100 0 0 0 0 0 0 0 0 0 0 0 0 0 0 0 0 0 0 0 0 0 0 0 0 0 0 0 0 0 0 0 0 0 0 0 0 0 0 0 0 0 0 0 0 0 0 0 
0 0 0 0 0 0 0 0 0 0 0 0 0 0 0 0 0 0 0 0 0 0 0 0 0 0 0 0 0 0 0 0 0 0 0 0 0 0 0 0 0 0 0 0 0 0 0 0 0 0 0 1 97 0 0 0 0 0 0 0 0 0 0 0 0 0 0 0 0 0 0 0 0 0 0 0 0 0 0 0 0 0 0 0 0 0 0 0 0 0 0 0 0 0 0 0 0 0 0 0 
0 0 0 0 0 0 0 0 0 0 0 0 0 0 0 0 0 0 0 0 0 0 0 0 0 0 0 0 0 0 0 0 0 0 0 0 0 0 0 0 0 0 0 0 0 0 0 0 0 0 0 0 12 0 0 0 0 0 0 0 0 0 0 0 0 0 0 0 0 0 0 0 0 0 0 0 0 0 0 0 0 0 0 0 0 0 0 0 0 0 0 0 0 0 0 0 0 0 0 0 
0 0 0 0 0 0 0 0 0 0 0 0 0 0 0 0 0 0 0 0 0 0 0 0 0 0 0 0 0 0 0 0 0 0 0 0 0 0 0 0 0 0 0 0 0 0 0 0 0 0 0 0 0 0 0 0 0 2 0 0 0 0 0 0 0 0 0 0 0 0 0 0 0 0 0 0 0 0 0 0 0 0 0 0 0 0 0 0 0 0 0 0 0 0 0 0 0 0 0 0 
0 0 0 0 0 0 0 0 0 0 0 0 0 0 0 0 0 0 0 0 0 0 0 0 0 0 0 0 0 0 0 0 0 0 0 0 0 0 0 0 0 0 0 0 0 0 0 0 0 0 0 0 0 0 0 0 2 0 0 0 0 0 0 0 0 0 0 0 0 0 0 0 0 0 0 0 0 0 0 0 0 0 0 0 0 0 0 0 0 0 0 0 0 0 0 0 0 0 0 0 
0 0 0 0 0 0 0 0 0 0 0 0 0 0 0 0 0 0 0 0 0 0 0 0 0 0 0 0 0 0 0 0 0 0 0 0 0 0 0 0 0 0 0 0 0 0 0 0 0 0 0 0 0 0 0 0 0 0 0 7 99 0 0 0 0 0 0 0 0 0 0 0 0 0 0 0 0 0 0 0 0 0 0 0 0 0 0 0 0 0 0 0 0 0 0 0 0 0 0 0 
0 0 0 0 0 0 0 0 0 0 0 0 0 0 0 0 0 0 0 0 0 0 0 0 0 0 0 0 0 0 0 0 0 0 0 0 0 0 0 0 0 0 0 0 0 0 0 0 0 0 0 0 0 0 0 0 0 0 7 0 100 0 0 1 0 0 0 0 0 0 0 0 0 0 0 0 0 0 0 0 0 0 0 0 0 0 0 0 0 0 0 0 0 0 0 0 0 0 0 0 
0 0 0 0 0 0 0 0 0 0 0 0 0 0 0 0 0 0 0 0 0 0 0 0 0 0 0 0 0 0 0 0 0 0 0 0 0 0 0 0 0 0 0 0 0 0 0 0 0 0 0 0 0 0 0 0 0 0 99 100 0 0 0 0 0 0 0 0 0 0 0 0 0 0 0 0 0 0 0 0 0 0 0 0 0 0 0 0 0 0 0 0 0 0 0 0 0 0 0 0 
0 0 0 0 0 0 0 0 0 0 0 0 0 0 0 0 0 0 0 0 0 0 0 0 0 0 0 0 0 0 0 0 0 0 0 0 0 0 0 0 0 0 0 0 0 0 0 0 0 0 0 0 0 0 0 0 0 0 0 0 0 0 0 6 0 0 0 0 0 0 0 0 0 0 0 0 0 0 0 0 0 0 0 0 0 0 0 0 0 0 0 0 0 0 0 0 0 0 0 0 
0 0 0 0 0 0 0 0 0 0 0 0 0 0 0 0 0 0 0 0 0 0 0 0 0 0 0 0 0 0 0 0 0 0 0 0 0 0 0 0 0 0 0 0 0 0 0 0 0 0 0 0 0 0 0 0 0 0 0 0 0 0 0 97 1 0 0 0 0 0 0 0 0 0 0 0 0 0 0 0 0 0 0 0 0 0 0 0 0 0 0 0 0 0 0 0 0 0 0 0 
0 0 0 0 0 0 0 0 0 0 0 0 0 0 0 0 0 0 0 0 0 0 0 0 0 0 0 0 0 0 0 0 0 0 0 0 0 0 0 0 0 0 0 0 0 0 0 0 0 0 0 0 0 0 0 0 0 0 0 1 0 6 97 0 0 0 0 0 0 0 0 0 0 0 0 0 0 0 0 0 0 0 0 0 0 0 0 0 0 0 0 0 0 0 0 0 0 0 0 0 
0 0 0 0 0 0 0 0 0 0 0 0 0 0 0 0 0 0 0 0 0 0 0 0 0 0 0 0 0 0 0 0 0 0 0 0 0 0 0 0 0 0 0 0 0 0 0 0 0 0 0 0 0 0 0 0 0 0 0 0 0 0 1 0 0 12 0 0 0 0 0 0 0 0 0 0 0 0 0 0 0 0 0 0 0 0 0 0 0 0 0 0 0 0 0 0 0 0 0 0 
0 0 0 0 0 0 0 0 0 0 0 0 0 0 0 0 0 0 0 0 0 0 0 0 0 0 0 0 0 0 0 0 0 0 0 0 0 0 0 0 0 0 0 0 0 0 0 0 0 0 0 0 0 0 0 0 0 0 0 0 0 0 0 0 12 0 1 0 0 0 0 0 0 0 0 0 0 0 0 0 0 0 0 0 0 0 0 0 0 0 0 0 0 0 0 0 0 0 0 0 
0 0 0 0 0 0 0 0 0 0 0 0 0 0 0 0 0 0 0 0 0 0 0 0 0 0 0 0 0 0 0 0 0 0 0 0 0 0 0 0 0 0 0 0 0 0 0 0 0 0 0 0 0 0 0 0 0 0 0 0 0 0 0 0 0 1 0 93 0 0 0 0 0 0 0 0 0 0 0 0 0 0 0 0 0 0 0 0 0 0 0 0 0 0 0 0 0 0 0 0 
0 0 0 0 0 0 0 0 0 0 0 0 0 0 0 0 0 0 0 0 0 0 0 0 0 0 0 0 0 0 0 0 0 0 0 0 0 0 0 0 0 0 0 0 0 0 0 0 0 0 0 0 0 0 0 0 0 0 0 0 0 0 0 0 0 0 93 0 0 0 0 0 0 0 0 0 0 0 0 0 0 0 0 0 0 0 0 0 0 0 0 0 0 0 0 0 0 0 0 0 
0 0 0 0 0 0 0 0 0 0 0 0 0 0 0 0 0 0 0 0 0 0 0 0 0 0 0 0 0 0 0 0 0 0 0 0 0 0 0 0 0 0 0 0 0 0 0 0 0 0 0 0 0 0 0 0 0 0 0 0 0 0 0 0 0 0 0 0 0 8 0 0 0 0 0 0 0 0 0 0 0 0 0 0 0 0 0 0 0 0 0 0 0 0 0 0 0 0 0 0 
0 0 0 0 0 0 0 0 0 0 0 0 0 0 0 0 0 0 0 0 0 0 0 0 0 0 0 0 0 0 0 0 0 0 0 0 0 0 0 0 0 0 0 0 0 0 0 0 0 0 0 0 0 0 0 0 0 0 0 0 0 0 0 0 0 0 0 0 8 0 1 0 0 0 0 0 0 0 0 0 0 0 0 0 0 0 0 0 0 0 0 0 0 0 0 0 0 0 0 0 
0 0 0 0 0 0 0 0 0 0 0 0 0 0 0 0 0 0 0 0 0 0 0 0 0 0 0 0 0 0 0 0 0 0 0 0 0 0 0 0 0 0 0 0 0 0 0 0 0 0 0 0 0 0 0 0 0 0 0 0 0 0 0 0 0 0 0 0 0 1 0 0 1 0 0 0 0 0 0 0 0 0 0 0 0 0 0 0 0 0 0 0 0 0 0 0 0 0 0 0 
0 0 0 0 0 0 0 0 0 0 0 0 0 0 0 0 0 0 0 0 0 0 0 0 0 0 0 0 0 0 0 0 0 0 0 0 0 0 0 0 0 0 0 0 0 0 0 0 0 0 0 0 0 0 0 0 0 0 0 0 0 0 0 0 0 0 0 0 0 0 0 0 100 100 97 0 10 0 0 0 0 0 0 0 0 0 0 0 0 0 0 0 0 0 0 0 0 0 0 0 
0 0 0 0 0 0 0 0 0 0 0 0 0 0 0 0 0 0 0 0 0 0 0 0 0 0 0 0 0 0 0 0 0 0 0 0 0 0 0 0 0 0 0 0 0 0 0 0 0 0 0 0 0 0 0 0 0 0 0 0 0 0 0 0 0 0 0 0 0 0 1 100 0 8 0 0 0 0 0 0 0 0 0 0 0 0 0 0 0 0 0 0 0 0 0 0 0 0 0 0 
0 0 0 0 0 0 0 0 0 0 0 0 0 0 0 0 0 0 0 0 0 0 0 0 0 0 0 0 0 0 0 0 0 0 0 0 0 0 0 0 0 0 0 0 0 0 0 0 0 0 0 0 0 0 0 0 0 0 0 0 0 0 0 0 0 0 0 0 0 0 0 100 8 0 0 0 0 0 0 0 0 0 0 0 0 0 0 0 0 0 0 0 0 0 0 0 0 0 0 0 
0 0 0 0 0 0 0 0 0 0 0 0 0 0 0 0 0 0 0 0 0 0 0 0 0 0 0 0 0 0 0 0 0 0 0 0 0 0 0 0 0 0 0 0 0 0 0 0 0 0 0 0 0 0 0 0 0 0 0 0 0 0 0 0 0 0 0 0 0 0 0 97 0 0 0 0 1 0 0 0 0 0 0 0 0 0 0 0 0 0 0 0 0 0 0 0 0 0 0 0 
0 0 0 0 0 0 0 0 0 0 0 0 0 0 0 0 0 0 0 0 0 0 0 0 0 0 0 0 0 0 0 0 0 0 0 0 0 0 0 0 0 0 0 0 0 0 0 0 0 0 0 0 0 0 0 0 0 0 0 0 0 0 0 0 0 0 0 0 0 0 0 0 0 0 0 0 100 10 0 0 0 0 0 0 0 0 0 0 0 0 0 0 0 0 0 0 0 0 0 0 
0 0 0 0 0 0 0 0 0 0 0 0 0 0 0 0 0 0 0 0 0 0 0 0 0 0 0 0 0 0 0 0 0 0 0 0 0 0 0 0 0 0 0 0 0 0 0 0 0 0 0 0 0 0 0 0 0 0 0 0 0 0 0 0 0 0 0 0 0 0 0 10 0 0 1 100 0 0 0 0 0 0 0 0 0 0 0 0 0 0 0 0 0 0 0 0 0 0 0 0 
0 0 0 0 0 0 0 0 0 0 0 0 0 0 0 0 0 0 0 0 0 0 0 0 0 0 0 0 0 0 0 0 0 0 0 0 0 0 0 0 0 0 0 0 0 0 0 0 0 0 0 0 0 0 0 0 0 0 0 0 0 0 0 0 0 0 0 0 0 0 0 0 0 0 0 10 0 0 0 0 0 0 0 0 0 0 0 0 0 0 0 0 0 0 0 0 0 0 0 0 
0 0 0 0 0 0 0 0 0 0 0 0 0 0 0 0 0 0 0 0 0 0 0 0 0 0 0 0 0 0 0 0 0 0 0 0 0 0 0 0 0 0 0 0 0 0 0 0 0 0 0 0 0 0 0 0 0 0 0 0 0 0 0 0 0 0 0 0 0 0 0 0 0 0 0 0 0 0 0 96 2 0 0 0 0 0 0 0 0 0 0 0 0 0 0 0 0 0 0 0 
0 0 0 0 0 0 0 0 0 0 0 0 0 0 0 0 0 0 0 0 0 0 0 0 0 0 0 0 0 0 0 0 0 0 0 0 0 0 0 0 0 0 0 0 0 0 0 0 0 0 0 0 0 0 0 0 0 0 0 0 0 0 0 0 0 0 0 0 0 0 0 0 0 0 0 0 0 0 96 0 0 0 0 0 0 0 0 0 0 0 0 0 0 0 0 0 0 0 0 0 
0 0 0 0 0 0 0 0 0 0 0 0 0 0 0 0 0 0 0 0 0 0 0 0 0 0 0 0 0 0 0 0 0 0 0 0 0 0 0 0 0 0 0 0 0 0 0 0 0 0 0 0 0 0 0 0 0 0 0 0 0 0 0 0 0 0 0 0 0 0 0 0 0 0 0 0 0 0 2 0 0 0 0 0 0 0 0 0 0 0 0 0 0 0 0 0 0 0 0 0 
0 0 0 0 0 0 0 0 0 0 0 0 0 0 0 0 0 0 0 0 0 0 0 0 0 0 0 0 0 0 0 0 0 0 0 0 0 0 0 0 0 0 0 0 0 0 0 0 0 0 0 0 0 0 0 0 0 0 0 0 0 0 0 0 0 0 0 0 0 0 0 0 0 0 0 0 0 0 0 0 0 0 0 0 0 0 0 0 0 0 0 0 0 0 0 0 0 0 0 0 
0 0 0 0 0 0 0 0 0 0 0 0 0 0 0 0 0 0 0 0 0 0 0 0 0 0 0 0 0 0 0 0 0 0 0 0 0 0 0 0 0 0 0 0 0 0 0 0 0 0 0 0 0 0 0 0 0 0 0 0 0 0 0 0 0 0 0 0 0 0 0 0 0 0 0 0 0 0 0 0 0 0 0 98 1 0 0 0 0 0 0 0 0 0 0 0 0 0 0 0 
0 0 0 0 0 0 0 0 0 0 0 0 0 0 0 0 0 0 0 0 0 0 0 0 0 0 0 0 0 0 0 0 0 0 0 0 0 0 0 0 0 0 0 0 0 0 0 0 0 0 0 0 0 0 0 0 0 0 0 0 0 0 0 0 0 0 0 0 0 0 0 0 0 0 0 0 0 0 0 0 0 0 98 0 0 0 0 0 0 0 0 0 0 0 0 0 0 0 0 0 
0 0 0 0 0 0 0 0 0 0 0 0 0 0 0 0 0 0 0 0 0 0 0 0 0 0 0 0 0 0 0 0 0 0 0 0 0 0 0 0 0 0 0 0 0 0 0 0 0 0 0 0 0 0 0 0 0 0 0 0 0 0 0 0 0 0 0 0 0 0 0 0 0 0 0 0 0 0 0 0 0 0 1 0 0 97 0 0 0 0 0 0 0 0 0 0 0 0 0 0 
0 0 0 0 0 0 0 0 0 0 0 0 0 0 0 0 0 0 0 0 0 0 0 0 0 0 0 0 0 0 0 0 0 0 0 0 0 0 0 0 0 0 0 0 0 0 0 0 0 0 0 0 0 0 0 0 0 0 0 0 0 0 0 0 0 0 0 0 0 0 0 0 0 0 0 0 0 0 0 0 0 0 0 0 97 0 0 0 0 0 0 0 0 0 0 0 0 0 0 0 
0 0 0 0 0 0 0 0 0 0 0 0 0 0 0 0 0 0 0 0 0 0 0 0 0 0 0 0 0 0 0 0 0 0 0 0 0 0 0 0 0 0 0 0 0 0 0 0 0 0 0 0 0 0 0 0 0 0 0 0 0 0 0 0 0 0 0 0 0 0 0 0 0 0 0 0 0 0 0 0 0 0 0 0 0 0 0 2 0 0 0 0 0 0 0 0 0 0 0 0 
0 0 0 0 0 0 0 0 0 0 0 0 0 0 0 0 0 0 0 0 0 0 0 0 0 0 0 0 0 0 0 0 0 0 0 0 0 0 0 0 0 0 0 0 0 0 0 0 0 0 0 0 0 0 0 0 0 0 0 0 0 0 0 0 0 0 0 0 0 0 0 0 0 0 0 0 0 0 0 0 0 0 0 0 0 0 2 0 0 0 0 0 0 0 0 0 0 0 0 0 
0 0 0 0 0 0 0 0 0 0 0 0 0 0 0 0 0 0 0 0 0 0 0 0 0 0 0 0 0 0 0 0 0 0 0 0 0 0 0 0 0 0 0 0 0 0 0 0 0 0 0 0 0 0 0 0 0 0 0 0 0 0 0 0 0 0 0 0 0 0 0 0 0 0 0 0 0 0 0 0 0 0 0 0 0 0 0 0 0 0 4 0 0 0 0 0 0 0 0 0 
0 0 0 0 0 0 0 0 0 0 0 0 0 0 0 0 0 0 0 0 0 0 0 0 0 0 0 0 0 0 0 0 0 0 0 0 0 0 0 0 0 0 0 0 0 0 0 0 0 0 0 0 0 0 0 0 0 0 0 0 0 0 0 0 0 0 0 0 0 0 0 0 0 0 0 0 0 0 0 0 0 0 0 0 0 0 0 0 0 0 99 0 0 0 0 0 0 0 0 0 
0 0 0 0 0 0 0 0 0 0 0 0 0 0 0 0 0 0 0 0 0 0 0 0 0 0 0 0 0 0 0 0 0 0 0 0 0 0 0 0 0 0 0 0 0 0 0 0 0 0 0 0 0 0 0 0 0 0 0 0 0 0 0 0 0 0 0 0 0 0 0 0 0 0 0 0 0 0 0 0 0 0 0 0 0 0 0 0 4 99 0 0 0 0 0 0 0 0 0 0 
0 0 0 0 0 0 0 0 0 0 0 0 0 0 0 0 0 0 0 0 0 0 0 0 0 0 0 0 0 0 0 0 0 0 0 0 0 0 0 0 0 0 0 0 0 0 0 0 0 0 0 0 0 0 0 0 0 0 0 0 0 0 0 0 0 0 0 0 0 0 0 0 0 0 0 0 0 0 0 0 0 0 0 0 0 0 0 0 0 0 0 0 0 2 0 0 0 0 0 0 
0 0 0 0 0 0 0 0 0 0 0 0 0 0 0 0 0 0 0 0 0 0 0 0 0 0 0 0 0 0 0 0 0 0 0 0 0 0 0 0 0 0 0 0 0 0 0 0 0 0 0 0 0 0 0 0 0 0 0 0 0 0 0 0 0 0 0 0 0 0 0 0 0 0 0 0 0 0 0 0 0 0 0 0 0 0 0 0 0 0 0 0 0 100 100 99 0 0 0 0 
0 0 0 0 0 0 0 0 0 0 0 0 0 0 0 0 0 0 0 0 0 0 0 0 0 0 0 0 0 0 0 0 0 0 0 0 0 0 0 0 0 0 0 0 0 0 0 0 0 0 0 0 0 0 0 0 0 0 0 0 0 0 0 0 0 0 0 0 0 0 0 0 0 0 0 0 0 0 0 0 0 0 0 0 0 0 0 0 0 0 0 2 100 0 0 0 0 0 0 0 
0 0 0 0 0 0 0 0 0 0 0 0 0 0 0 0 0 0 0 0 0 0 0 0 0 0 0 0 0 0 0 0 0 0 0 0 0 0 0 0 0 0 0 0 0 0 0 0 0 0 0 0 0 0 0 0 0 0 0 0 0 0 0 0 0 0 0 0 0 0 0 0 0 0 0 0 0 0 0 0 0 0 0 0 0 0 0 0 0 0 0 0 100 0 0 0 0 0 0 0 
0 0 0 0 0 0 0 0 0 0 0 0 0 0 0 0 0 0 0 0 0 0 0 0 0 0 0 0 0 0 0 0 0 0 0 0 0 0 0 0 0 0 0 0 0 0 0 0 0 0 0 0 0 0 0 0 0 0 0 0 0 0 0 0 0 0 0 0 0 0 0 0 0 0 0 0 0 0 0 0 0 0 0 0 0 0 0 0 0 0 0 0 99 0 0 0 0 0 0 0 
0 0 0 0 0 0 0 0 0 0 0 0 0 0 0 0 0 0 0 0 0 0 0 0 0 0 0 0 0 0 0 0 0 0 0 0 0 0 0 0 0 0 0 0 0 0 0 0 0 0 0 0 0 0 0 0 0 0 0 0 0 0 0 0 0 0 0 0 0 0 0 0 0 0 0 0 0 0 0 0 0 0 0 0 0 0 0 0 0 0 0 0 0 0 0 0 0 100 0 0 
0 0 0 0 0 0 0 0 0 0 0 0 0 0 0 0 0 0 0 0 0 0 0 0 0 0 0 0 0 0 0 0 0 0 0 0 0 0 0 0 0 0 0 0 0 0 0 0 0 0 0 0 0 0 0 0 0 0 0 0 0 0 0 0 0 0 0 0 0 0 0 0 0 0 0 0 0 0 0 0 0 0 0 0 0 0 0 0 0 0 0 0 0 0 0 0 100 0 0 0 
0 0 0 0 0 0 0 0 0 0 0 0 0 0 0 0 0 0 0 0 0 0 0 0 0 0 0 0 0 0 0 0 0 0 0 0 0 0 0 0 0 0 0 0 0 0 0 0 0 0 0 0 0 0 0 0 0 0 0 0 0 0 0 0 0 0 0 0 0 0 0 0 0 0 0 0 0 0 0 0 0 0 0 0 0 0 0 0 0 0 0 0 0 0 0 0 0 0 0 100 
0 0 0 0 0 0 0 0 0 0 0 0 0 0 0 0 0 0 0 0 0 0 0 0 0 0 0 0 0 0 0 0 0 0 0 0 0 0 0 0 0 0 0 0 0 0 0 0 0 0 0 0 0 0 0 0 0 0 0 0 0 0 0 0 0 0 0 0 0 0 0 0 0 0 0 0 0 0 0 0 0 0 0 0 0 0 0 0 0 0 0 0 0 0 0 0 0 0 100 0 

Rho histogram: 
0 0 0 0 0 0 0 0 0 0 0 0 0 0 0 0 0 0 0 100 

Summary:
objF nSamp nIter rhoMean rhoStDev rProp hitsProp rankHitsProp seconds
Ware 100 100 0.999429582958297 4.3604360436011256e-05 0 0 0.433 4576.315389206
