=======================================================
Objective function:  Rgar25
Matrix:  I100.csv
Iterations:  100
Heuristic for search:  RobSA3
Improvement function # 0
Window width for improvement:  0
Heuristic for improvement:  RobSA3
Seed:  33
=======================================================

Best permutations: 
90 87 83 71 70 73 69 62 65 63 56 55 52 53 51 49 46 42 43 39 38 35 36 33 31 30 28 25 27 24 20 21 18 19 16 12 11 10 9 8 7 3 4 0 2 1 5 13 6 15 14 17 23 22 32 26 29 34 37 40 41 44 45 50 54 57 60 58 59 61 66 64 67 68 72 74 76 75 77 78 79 80 81 82 84 85 86 88 89 91 93 94 95 92 96 97 99 98 47 48 
3 4 5 6 8 10 11 12 15 17 20 22 21 27 23 28 26 29 31 33 34 37 38 39 41 45 48 53 54 52 55 57 60 58 61 63 64 66 67 68 69 70 72 73 74 77 75 78 79 80 83 82 85 95 86 84 88 87 89 90 91 92 94 96 97 98 99 93 81 76 71 62 65 59 51 56 50 49 47 46 44 42 43 40 35 36 32 25 30 24 19 18 14 16 13 9 7 2 1 0 
0 1 3 4 5 6 9 10 13 12 14 18 19 20 24 27 25 28 26 30 29 31 33 34 36 37 38 39 41 42 46 47 50 53 54 51 52 55 60 59 62 65 68 74 76 93 92 97 99 98 96 94 95 91 90 89 88 87 86 85 84 83 81 82 80 79 78 77 75 71 73 72 70 69 66 67 64 61 63 58 57 40 56 49 48 45 43 44 35 32 23 21 22 17 16 15 11 8 7 2 
84 79 75 71 77 70 67 62 64 63 57 56 55 51 49 22 1 2 4 6 7 9 8 12 13 11 16 15 17 18 21 23 25 26 28 30 32 35 36 38 41 40 43 44 46 47 53 52 60 90 92 99 98 97 96 93 94 95 91 89 88 87 86 85 82 83 81 80 78 76 74 73 72 68 69 66 65 61 59 58 54 50 48 45 42 39 37 34 33 29 31 24 27 19 20 14 10 5 3 0 
0 1 3 4 7 11 18 22 27 23 25 30 32 33 34 37 38 39 41 48 46 47 57 60 58 63 62 66 69 70 72 71 74 75 77 78 80 81 83 82 84 85 86 87 88 90 89 91 95 94 96 97 99 92 93 52 51 53 44 45 28 21 12 10 16 9 13 15 8 5 6 2 14 17 19 20 26 24 29 31 36 35 40 43 42 49 50 54 55 56 59 61 64 65 67 68 73 76 79 98 
0 2 4 7 9 10 13 16 15 14 19 17 18 20 27 24 26 32 31 33 35 36 39 38 40 42 45 46 48 47 49 51 55 52 60 58 61 63 64 65 66 67 68 69 72 71 73 74 76 75 77 78 79 80 81 83 84 86 87 88 90 89 91 94 98 96 95 97 99 92 93 82 85 70 62 59 57 56 53 54 50 43 44 41 37 34 28 29 25 30 23 21 22 12 11 8 6 5 3 1 
98 99 92 93 89 85 71 73 70 72 64 65 62 63 58 60 56 55 54 51 49 44 45 38 37 35 33 31 32 26 28 25 27 24 22 20 21 18 14 13 10 7 3 5 2 1 0 4 6 8 9 11 12 16 15 17 19 23 29 30 34 36 39 40 41 42 43 48 46 47 50 53 52 57 59 61 67 66 68 69 76 74 75 77 78 79 80 81 83 82 84 86 87 88 90 91 94 95 96 97 
98 92 93 84 82 81 71 70 72 69 66 65 59 56 54 53 51 49 50 44 45 42 39 37 35 32 29 25 24 23 22 18 17 15 14 11 13 10 9 8 7 5 6 4 3 2 1 12 16 20 21 19 27 28 26 30 31 33 34 36 38 40 41 43 46 48 47 55 52 57 60 58 63 61 62 64 67 68 73 74 76 75 77 78 79 80 83 85 86 87 88 90 89 91 94 95 96 97 99 0 
98 94 93 89 90 77 71 69 68 66 67 62 63 61 60 57 65 52 48 53 50 47 45 42 43 39 38 37 36 33 31 30 29 26 25 27 23 22 19 20 18 21 17 15 16 12 11 13 10 9 7 8 4 5 3 2 1 0 6 14 24 28 32 34 35 40 41 46 49 55 44 51 54 56 58 59 64 70 73 72 74 76 75 81 78 79 80 83 84 82 85 86 87 88 91 95 92 96 97 99 
98 99 97 95 90 87 84 85 80 79 77 71 74 73 67 62 65 58 60 56 54 53 50 46 48 42 43 38 36 35 32 29 30 26 25 24 23 22 20 21 17 15 16 14 11 10 9 8 7 5 6 4 3 2 1 0 13 12 18 19 27 28 31 33 34 37 39 40 41 44 45 47 49 51 52 55 57 59 61 63 64 66 68 69 72 70 76 75 78 81 83 82 86 88 89 91 93 94 92 96 
98 99 94 86 80 77 70 69 65 64 61 63 58 54 51 47 48 39 35 34 33 28 24 0 1 3 4 6 5 8 7 9 10 12 14 16 15 17 18 21 22 23 25 37 42 44 50 53 52 55 56 57 59 62 66 67 68 73 72 74 76 71 75 78 79 81 83 82 85 84 87 89 88 90 91 96 95 97 92 93 60 49 46 45 43 40 41 38 36 29 32 31 30 26 27 20 19 13 11 2 
99 95 91 87 86 85 83 81 80 78 77 75 76 73 72 68 64 62 63 59 58 57 55 51 53 49 48 45 43 42 38 37 36 29 30 24 21 12 16 13 10 9 8 7 6 5 4 3 2 1 0 11 14 15 17 18 20 19 22 23 25 27 26 28 32 31 33 34 35 39 40 41 44 46 47 50 52 54 56 60 61 65 67 66 69 70 74 71 79 82 84 88 90 89 93 94 92 97 96 98 
99 97 96 91 89 84 82 79 77 71 74 73 70 69 68 65 58 59 60 56 54 51 50 49 46 44 45 40 39 37 36 35 29 28 25 24 27 19 17 12 15 13 10 9 0 1 2 3 4 5 6 8 7 11 16 14 18 21 20 22 23 26 30 32 31 33 34 38 41 42 43 48 47 53 52 55 57 63 61 62 64 67 66 72 76 75 78 80 81 83 85 86 87 88 90 93 94 95 92 98 
98 96 97 91 82 81 79 73 69 62 61 64 63 60 52 53 50 47 48 44 46 43 40 38 34 33 31 32 30 26 27 25 24 21 19 20 18 17 15 16 14 13 11 8 9 7 5 4 3 1 0 10 12 22 28 37 35 45 49 51 55 56 57 58 59 65 66 67 68 70 72 74 71 76 75 77 80 78 83 84 86 85 87 88 89 90 94 95 93 92 99 54 42 39 41 36 29 23 6 2 
98 83 78 71 76 77 74 68 67 62 64 63 58 60 51 47 48 17 1 2 3 12 4 6 10 7 11 13 16 15 14 19 21 22 23 27 26 32 31 33 34 36 37 38 41 45 44 46 49 54 56 57 65 93 92 97 99 96 94 95 91 90 89 88 87 86 85 84 82 81 80 79 75 73 70 72 69 66 61 59 52 55 53 50 42 43 40 39 35 29 28 25 30 24 20 18 9 8 5 0 
87 81 78 71 72 73 65 64 61 59 58 57 51 41 1 2 3 4 5 7 10 8 12 11 13 16 14 15 17 19 18 22 23 24 25 27 26 30 33 36 37 39 42 48 46 47 52 54 62 67 76 83 85 86 90 93 92 99 98 97 96 94 95 91 89 88 84 82 80 79 75 77 74 70 68 69 66 63 60 56 55 53 50 49 45 43 44 40 38 34 35 29 28 31 32 21 20 9 6 0 
0 2 3 4 13 17 27 30 28 31 29 34 38 41 42 48 50 54 60 58 61 63 65 68 72 74 76 75 78 80 81 83 82 84 85 86 90 89 91 95 94 92 97 99 93 73 69 51 47 45 40 35 22 18 10 16 9 8 5 1 6 7 12 11 15 14 19 20 21 23 25 24 26 32 33 36 37 39 43 44 46 49 53 52 55 56 57 59 64 62 67 66 70 77 71 79 87 88 96 98 
97 93 90 82 77 71 76 73 70 69 68 66 65 62 60 56 54 51 53 48 45 43 42 39 40 37 35 29 32 26 25 24 23 22 20 19 21 15 16 12 13 11 10 9 8 7 5 6 4 3 2 1 0 14 17 18 27 28 30 31 33 34 36 38 41 46 47 49 50 52 55 57 58 59 63 61 64 67 72 74 75 78 79 80 81 83 84 85 86 87 88 89 91 94 95 92 96 99 98 44 
99 91 89 88 80 78 71 70 69 62 64 61 58 60 56 55 51 44 46 45 42 41 39 38 36 29 35 32 26 25 27 24 23 22 20 21 18 17 15 14 16 13 12 11 10 8 7 5 6 4 2 1 3 0 9 19 28 30 31 33 34 37 40 43 48 47 57 49 50 53 54 52 59 63 65 66 67 68 72 73 74 76 75 77 79 81 83 82 84 85 86 87 90 93 94 95 92 96 97 98 
98 95 91 88 87 85 81 79 71 74 70 66 67 61 62 63 57 55 52 49 48 34 14 9 7 0 1 3 2 8 4 5 10 12 16 15 17 19 21 22 24 27 23 25 28 32 29 33 30 31 35 36 37 40 41 42 43 45 44 46 47 50 53 51 54 56 60 59 65 64 68 69 72 73 76 75 77 78 80 83 82 84 86 90 89 94 92 93 96 97 99 58 39 38 26 20 18 13 11 6 
86 71 77 74 51 1 3 6 9 10 8 17 11 12 13 16 14 15 20 22 23 24 28 26 29 30 34 36 37 38 40 39 42 45 48 49 50 53 56 58 63 62 61 65 64 67 68 72 70 73 75 78 80 82 79 85 83 84 87 88 90 89 91 95 92 94 96 98 97 99 93 81 76 69 66 60 57 59 52 55 54 47 46 44 43 41 35 33 31 32 25 27 21 18 19 7 5 4 2 0 
0 1 2 3 4 5 6 7 8 9 11 10 17 27 28 30 33 36 42 38 41 45 48 47 50 54 55 56 57 59 60 63 65 62 68 66 69 70 72 73 71 76 74 75 77 79 80 81 83 82 84 85 86 87 88 89 90 95 91 92 94 96 98 99 97 64 58 61 93 67 52 51 53 49 46 44 43 40 39 37 35 34 31 32 29 26 25 23 24 21 22 20 18 14 19 16 15 13 12 78 
98 97 96 92 89 88 90 86 82 83 81 75 70 66 64 65 61 60 56 55 51 53 49 47 44 43 42 40 39 38 37 35 34 33 31 29 28 26 23 27 25 24 22 19 21 18 17 15 11 0 1 2 4 3 6 5 8 7 9 13 10 16 12 14 20 36 30 41 45 32 48 46 50 54 52 57 59 58 62 63 67 69 68 72 73 74 76 71 77 78 79 80 85 84 87 91 93 94 95 99 
3 5 7 8 13 12 16 14 19 17 22 21 27 25 28 26 32 31 29 33 37 40 45 44 48 47 50 54 52 57 58 59 61 62 63 64 65 66 67 68 69 70 72 71 73 74 76 75 77 78 80 79 81 83 82 84 85 86 87 88 89 91 90 95 94 96 97 92 93 98 99 60 55 56 51 53 49 46 42 43 41 39 38 35 36 34 30 23 24 20 18 15 10 11 9 6 4 2 1 0 
0 1 3 4 5 9 12 16 14 19 21 25 30 28 34 36 35 38 39 43 48 49 53 52 59 62 93 97 99 98 96 94 92 95 91 90 88 89 87 86 85 84 82 83 81 78 80 79 77 74 72 70 69 66 65 61 63 58 57 55 54 47 46 44 42 41 33 31 32 26 27 23 22 18 2 7 6 8 13 10 11 15 17 20 24 29 37 40 45 50 51 60 56 64 67 68 73 76 71 75 
99 92 94 84 59 75 77 74 69 68 64 61 62 63 54 60 53 47 48 39 34 50 38 41 44 33 29 25 32 30 26 24 0 1 2 3 4 6 5 7 8 9 10 11 13 14 16 12 15 21 20 17 19 18 22 23 31 27 28 35 36 37 40 43 42 45 46 49 51 56 52 55 57 58 67 65 66 70 71 72 73 76 79 78 80 81 83 82 85 86 87 88 90 89 91 95 93 96 97 98 
13 70 95 82 78 75 71 69 66 67 64 61 57 51 63 58 53 48 45 43 40 39 36 37 35 31 32 29 23 27 19 0 1 2 3 4 6 5 7 8 9 10 12 11 16 14 15 17 18 21 20 22 24 25 26 30 28 33 34 41 38 42 46 44 47 49 50 54 56 55 52 59 60 62 65 68 72 73 74 76 77 79 80 81 83 84 85 86 87 88 90 89 91 92 94 93 96 98 97 99 
1 2 3 4 5 8 10 15 18 27 30 25 32 37 38 39 41 48 49 50 53 56 55 57 58 76 93 99 98 92 97 96 94 95 91 89 90 88 87 86 83 82 80 81 78 77 75 71 70 68 64 66 63 59 60 52 51 47 46 42 43 40 36 34 35 33 31 28 26 24 23 22 21 20 17 19 14 16 13 11 12 9 7 6 0 29 45 44 54 61 65 62 67 69 73 72 74 79 85 84 
99 89 79 71 74 70 69 62 63 59 58 60 54 51 50 47 44 42 39 37 34 35 29 28 26 25 24 23 22 18 19 17 14 16 15 12 13 11 10 8 9 7 6 5 4 3 2 0 32 36 41 45 48 53 56 76 90 97 98 94 91 96 93 92 95 88 87 86 85 84 82 83 80 81 78 75 77 73 72 68 67 64 66 65 61 57 52 55 49 46 43 38 40 33 31 30 27 21 20 1 
84 71 74 70 69 66 65 63 61 59 55 54 53 49 41 30 21 12 10 16 15 13 6 8 5 4 2 14 17 19 20 22 24 27 25 26 28 32 34 36 37 43 42 48 46 51 52 57 60 58 64 67 68 73 75 77 78 79 81 80 83 82 85 86 87 88 89 90 91 95 94 96 98 99 97 92 93 76 72 62 56 50 47 45 44 40 39 38 35 29 33 31 23 18 11 9 7 3 1 0 
99 97 96 92 87 84 83 81 80 78 77 74 73 72 69 66 67 64 63 58 60 56 52 53 50 49 46 45 43 42 41 39 36 34 33 32 28 27 19 0 1 3 6 4 2 5 7 8 9 10 12 13 11 16 14 15 17 18 21 20 22 23 24 25 26 29 30 31 35 37 38 40 44 48 47 51 54 55 57 59 61 65 62 70 68 76 71 75 79 82 85 86 88 90 89 91 93 94 95 98 
98 99 87 86 84 85 81 78 79 75 74 70 72 68 64 65 62 58 59 60 57 52 54 51 50 47 48 44 41 39 35 34 31 32 30 29 27 20 7 3 5 4 8 2 1 0 6 9 11 12 10 13 14 15 16 17 18 21 19 22 24 23 25 26 33 28 36 37 38 40 43 42 45 46 49 53 55 56 63 61 67 66 69 73 76 71 77 80 83 82 88 90 89 91 93 95 94 92 97 96 
99 97 95 87 86 82 79 77 75 72 67 65 62 64 61 58 57 56 55 52 54 51 47 41 38 39 36 34 33 31 29 26 25 28 19 18 21 17 14 15 10 0 1 2 3 4 5 6 7 9 8 11 13 12 16 20 22 23 24 27 30 32 35 37 40 42 43 45 44 46 48 50 49 53 59 60 63 66 68 69 70 73 74 76 71 78 80 81 83 84 85 88 90 89 91 93 94 92 96 98 
98 97 92 95 93 89 90 86 84 85 82 81 80 75 71 70 66 65 62 58 59 56 55 53 49 44 45 43 42 38 36 26 31 28 23 0 1 2 3 6 4 5 7 9 8 10 11 13 12 14 16 15 21 17 18 20 19 22 24 27 25 29 30 32 33 34 35 37 39 40 41 48 46 47 50 51 54 52 57 60 61 63 64 67 68 69 72 73 74 76 77 79 78 83 87 88 91 94 96 99 
99 92 95 90 82 83 77 75 72 68 66 67 65 64 63 58 60 57 51 53 49 46 44 43 42 47 39 37 35 28 29 26 25 24 22 20 21 18 17 15 16 11 10 13 8 7 6 5 4 3 2 1 0 9 12 14 19 27 30 31 32 34 33 36 41 38 40 45 48 50 54 52 56 55 59 61 62 69 70 73 74 76 71 79 78 80 81 84 85 86 87 88 89 91 93 94 96 97 98 23 
98 96 97 92 95 94 88 90 82 81 74 73 70 69 68 66 67 62 59 56 51 54 53 49 46 45 40 41 38 39 37 35 28 30 27 22 18 0 2 3 5 1 4 7 6 9 10 8 11 12 13 14 16 17 15 21 20 19 23 24 25 26 29 32 31 33 34 36 42 43 44 48 47 50 52 55 57 60 58 61 63 64 65 72 71 76 75 78 77 79 80 83 85 84 86 87 89 91 93 99 
1 5 7 8 11 12 19 21 28 31 33 36 37 38 41 43 48 49 55 52 62 65 66 69 72 74 75 77 78 80 81 83 84 91 94 96 95 97 93 88 90 82 71 61 58 51 44 45 40 2 4 0 9 3 6 13 15 10 16 14 17 18 20 22 24 23 27 25 26 30 29 32 34 35 39 42 46 47 50 53 54 56 57 60 59 64 63 67 68 70 73 76 79 85 86 87 89 92 99 98 
93 88 87 86 82 76 70 69 66 67 65 62 64 58 57 54 52 53 49 45 42 39 38 37 36 35 34 33 31 30 27 21 17 15 6 0 1 2 4 5 3 7 9 10 8 11 13 12 16 14 18 20 19 22 23 25 28 26 29 32 40 41 43 44 48 46 47 50 56 55 59 51 60 63 61 68 73 72 74 71 75 77 78 79 80 81 83 84 85 90 89 91 94 95 92 96 97 98 99 24 
2 11 15 14 27 24 30 31 26 33 34 36 40 44 43 42 50 54 56 57 63 62 65 66 68 70 71 73 74 75 78 81 83 84 85 87 88 86 90 95 96 92 98 91 97 93 99 94 64 47 48 45 41 37 12 0 1 3 4 5 6 7 10 9 8 13 16 17 19 21 18 20 22 23 25 29 28 32 35 38 39 46 49 53 51 52 55 60 58 59 61 67 69 72 76 77 79 80 82 89 
1 2 9 19 18 24 27 30 28 29 33 35 34 36 38 39 43 45 47 54 51 60 58 59 62 66 67 70 72 74 82 79 80 83 81 84 87 88 89 91 94 92 99 93 85 78 73 55 53 49 44 42 41 37 31 32 26 25 23 22 21 20 17 15 16 14 11 13 10 8 7 6 5 4 3 0 12 40 48 46 50 52 56 57 63 61 65 64 68 69 76 71 75 77 86 90 95 96 97 98 
0 1 2 4 5 6 13 20 23 25 30 31 36 35 41 44 49 51 52 63 61 62 69 67 74 78 79 81 80 82 85 84 86 87 88 89 91 95 96 97 99 92 94 93 90 77 58 56 50 47 46 45 40 39 38 37 34 28 32 29 27 26 24 22 21 18 19 17 14 11 3 8 7 9 15 10 16 12 33 42 43 48 53 54 55 57 60 59 64 65 66 68 72 73 70 76 71 75 83 98 
86 82 80 78 70 73 72 68 66 62 64 59 56 55 52 53 49 44 45 39 34 33 30 27 22 20 21 17 16 14 12 11 10 8 9 6 5 4 3 2 1 0 7 13 15 19 24 23 25 26 32 29 28 35 40 42 48 46 50 51 54 57 60 58 63 61 65 67 69 71 74 76 75 77 79 83 81 84 85 87 88 89 90 91 95 96 92 98 97 99 94 93 47 43 41 38 37 36 31 18 
98 97 96 92 88 82 80 79 77 76 73 72 69 68 67 65 64 60 57 56 55 54 51 50 47 44 42 41 40 39 37 33 31 32 30 26 25 23 22 19 20 21 18 17 15 16 14 13 11 12 10 8 9 7 5 4 6 3 2 1 0 24 27 29 35 28 34 36 38 43 45 48 46 49 53 52 59 58 63 61 62 66 70 74 71 75 78 81 83 85 84 86 87 90 89 91 93 94 95 99 
98 99 97 92 86 84 85 80 79 70 72 68 66 63 60 56 54 51 49 44 42 43 39 37 35 33 31 30 29 27 23 22 21 14 16 12 13 11 7 8 0 1 2 3 4 5 6 9 10 15 17 19 18 20 24 25 28 26 32 34 36 38 40 41 45 46 48 47 50 53 52 55 57 59 58 61 62 64 65 67 69 73 74 71 76 75 77 78 81 83 82 87 88 89 90 91 93 94 95 96 
9 8 14 24 23 25 30 32 31 33 34 36 37 38 41 43 42 48 51 52 58 64 67 72 71 76 75 77 78 81 80 83 82 87 86 88 90 89 91 95 92 94 93 73 62 56 54 49 47 46 45 39 26 27 1 0 2 5 3 4 6 7 10 12 11 13 15 16 19 17 18 20 21 22 29 28 35 40 44 50 53 55 57 60 59 63 61 65 66 68 69 70 74 79 85 84 96 97 99 98 
99 96 95 90 77 76 74 73 72 69 68 66 64 61 59 60 55 52 51 53 50 46 48 43 42 39 38 36 34 32 29 28 25 27 21 18 12 1 0 6 2 3 4 5 7 8 9 10 11 13 16 14 15 17 20 19 22 23 24 26 30 31 33 35 37 40 41 45 44 47 49 54 56 57 58 63 62 65 67 70 71 75 78 79 80 81 83 82 84 85 86 87 88 89 91 93 94 92 97 98 
98 99 97 92 89 90 87 82 77 74 73 69 68 66 62 61 63 52 51 49 47 46 45 41 39 37 35 33 30 28 29 26 27 24 22 19 21 20 18 17 15 14 16 13 11 10 9 8 7 5 6 4 3 2 1 0 12 23 25 32 31 34 36 38 40 42 43 44 48 50 53 54 55 56 57 59 60 58 65 64 67 72 70 71 76 75 78 79 80 81 83 85 84 86 88 91 93 94 95 96 
99 95 91 89 90 88 87 82 81 80 78 79 77 75 76 71 69 66 65 63 59 56 51 53 49 46 44 39 38 37 35 34 31 32 28 26 27 24 23 19 21 18 17 15 14 11 12 13 10 9 7 5 8 6 4 2 3 1 0 16 20 22 25 29 36 30 33 40 41 42 43 45 48 47 50 54 55 52 57 60 58 61 62 64 67 68 70 72 73 74 83 85 84 86 93 94 92 96 97 98 
0 1 2 3 4 6 8 18 20 28 32 29 35 36 40 46 47 50 56 57 65 61 66 64 69 73 72 76 75 77 80 78 81 82 84 85 88 90 89 94 96 95 97 92 68 59 54 52 49 48 42 43 41 37 34 33 31 30 26 27 25 24 23 22 21 19 17 15 16 13 11 9 10 7 5 14 12 38 39 44 45 53 51 60 55 58 63 62 67 70 71 74 79 83 86 87 93 91 99 98 
1 4 5 6 7 8 11 10 13 19 18 22 27 28 30 31 32 33 34 37 41 43 42 46 53 51 54 52 56 57 59 61 62 65 67 68 71 72 73 76 75 77 79 78 81 80 83 82 84 85 86 87 88 89 90 91 92 94 96 95 97 98 99 93 74 70 69 66 64 63 58 60 55 50 49 47 48 45 44 40 38 39 35 36 29 26 25 23 24 21 20 17 14 15 16 12 9 3 2 0 
0 1 2 3 4 6 8 9 14 18 22 21 27 30 32 35 38 40 44 43 45 48 49 51 52 57 60 63 66 69 70 71 72 74 77 80 81 84 85 87 90 88 89 91 95 92 94 98 96 97 99 93 73 59 56 28 29 12 20 10 16 5 7 11 13 15 17 19 23 24 25 26 31 33 34 36 37 39 41 42 46 47 50 53 54 55 58 61 64 65 62 67 68 76 75 79 78 83 82 86 
79 53 42 1 2 4 5 7 9 10 11 16 14 15 12 17 19 18 22 24 23 25 26 29 28 31 34 36 35 38 43 47 46 50 54 55 52 60 58 62 65 66 67 70 68 73 81 98 99 93 92 97 96 94 95 88 91 89 90 86 87 85 84 82 83 77 80 78 75 76 74 71 69 72 64 61 63 59 56 49 51 57 45 48 44 41 40 39 37 33 32 30 27 21 20 13 8 6 3 0 
84 82 80 77 74 72 69 68 66 64 61 62 59 60 53 50 48 44 0 3 2 12 4 6 7 8 10 11 13 14 15 17 19 21 20 22 23 24 25 27 30 32 33 34 35 39 41 43 42 45 46 47 49 51 54 67 93 92 94 95 97 99 98 96 91 89 90 88 87 86 85 83 81 79 78 75 76 71 73 70 65 63 58 57 56 52 55 40 38 37 36 29 31 26 28 18 16 9 5 1 
99 95 85 80 77 76 70 72 62 68 59 58 56 60 52 53 47 49 44 45 43 42 37 38 35 31 28 26 25 30 24 20 12 11 7 9 6 8 3 2 5 4 0 1 13 10 16 19 15 14 17 18 21 22 23 27 32 29 33 34 36 39 40 48 46 50 51 54 55 57 61 63 65 64 66 67 69 71 73 74 75 78 79 81 83 82 84 86 87 88 90 89 91 94 93 92 98 96 97 41 
82 83 80 77 71 74 72 66 67 62 64 63 61 58 60 52 49 53 43 59 45 44 46 39 37 36 33 31 30 27 22 21 23 26 28 20 18 17 15 16 14 12 13 11 10 9 7 8 5 6 4 3 2 1 0 19 24 25 29 34 32 35 38 40 41 42 48 47 50 51 54 55 56 57 65 69 70 68 73 76 75 78 79 81 85 84 86 87 88 90 89 93 91 94 95 92 96 97 98 99 
92 95 91 89 88 87 86 82 80 78 75 71 74 73 70 67 65 64 61 58 60 57 52 55 51 53 50 47 44 45 43 41 38 34 31 29 25 26 23 22 21 17 15 12 11 9 6 8 5 4 3 1 2 0 7 13 10 16 14 18 20 19 24 27 28 30 32 33 35 36 39 37 40 42 48 46 49 54 56 59 63 62 66 68 69 72 76 77 79 83 81 85 84 90 93 94 96 97 99 98 
99 96 90 78 77 73 70 72 67 65 61 63 60 56 55 54 51 53 50 45 40 39 38 34 29 33 28 27 25 22 19 20 21 18 17 15 14 12 16 11 10 8 9 7 5 6 4 2 1 0 13 3 31 35 37 41 42 43 46 47 49 57 58 59 62 64 66 69 68 74 76 71 75 79 81 80 83 82 84 85 86 87 88 89 91 94 95 93 92 97 98 52 48 44 36 32 30 26 23 24 
0 1 3 6 10 12 16 14 19 21 32 26 29 33 35 36 38 41 44 46 47 50 54 52 57 59 60 58 62 69 70 74 75 77 79 80 83 85 84 87 86 90 88 89 91 95 96 92 94 97 98 99 93 66 53 49 23 22 20 18 17 15 9 13 8 11 2 4 5 7 24 25 27 28 30 31 34 37 39 40 42 43 45 48 51 55 56 61 63 64 65 67 68 72 73 76 71 78 81 82 
78 75 74 73 70 68 67 65 58 61 56 51 60 52 54 47 45 43 40 39 35 34 28 29 26 25 24 23 19 20 21 17 15 16 14 11 13 10 7 8 9 5 6 4 1 3 2 0 12 18 22 27 30 31 32 33 36 37 38 48 46 50 42 49 55 53 57 59 63 62 64 66 69 72 71 76 77 79 80 81 83 82 85 84 86 87 88 90 89 91 95 94 92 93 96 97 99 98 44 41 
99 94 91 89 87 85 82 79 71 76 74 72 70 69 67 65 64 62 61 59 60 58 57 56 52 51 53 50 46 45 42 41 39 36 32 30 28 19 15 11 0 1 3 2 4 6 5 7 9 8 10 13 12 16 14 17 21 18 20 22 23 24 27 25 26 29 31 33 34 35 37 38 40 43 44 48 47 49 54 55 63 66 68 73 77 75 78 80 81 83 84 86 90 88 93 95 92 96 97 98 
82 79 69 66 67 64 62 58 54 0 1 4 5 6 7 9 12 11 14 16 15 17 19 20 23 25 27 26 29 28 30 32 31 34 36 40 43 42 45 46 48 47 49 53 51 57 73 92 96 89 98 94 95 93 90 91 97 99 88 87 86 85 84 83 81 80 78 77 75 76 74 71 72 70 68 65 63 61 60 59 56 52 55 50 44 41 39 38 37 35 33 24 22 18 21 13 10 8 3 2 
94 90 85 83 79 71 73 70 66 67 61 63 58 56 54 51 53 47 48 46 42 43 40 38 37 34 31 26 30 25 27 24 23 22 21 19 20 18 17 16 14 13 9 1 0 2 4 3 5 6 8 11 10 15 12 28 35 39 41 45 44 49 50 55 52 57 59 62 65 64 69 68 72 74 76 75 77 78 80 81 82 86 87 84 88 89 91 93 95 92 96 97 98 99 60 36 29 32 33 7 
99 97 93 98 89 80 78 79 75 74 73 69 68 62 64 61 59 57 56 55 52 47 48 51 53 41 44 42 38 39 36 35 33 31 28 26 25 22 21 15 16 12 13 11 10 8 7 9 6 5 4 3 2 1 0 18 17 14 20 19 23 27 24 29 30 32 37 34 40 43 45 46 49 50 54 60 58 63 67 65 66 72 70 76 77 71 81 82 83 84 85 86 87 88 90 91 94 95 92 96 
0 3 4 5 6 7 8 11 13 12 15 19 17 18 20 28 26 29 30 32 31 33 35 36 38 40 42 45 46 47 49 54 53 56 59 57 58 62 65 66 69 68 72 70 71 74 77 79 82 80 83 85 84 86 87 88 90 89 91 95 92 96 94 99 97 93 98 81 78 75 76 73 67 64 61 63 60 52 55 51 50 48 43 41 44 39 37 34 25 23 27 24 21 14 16 22 10 9 2 1 
99 96 92 94 89 87 85 81 79 77 71 76 73 70 69 68 64 62 63 58 60 56 52 51 50 47 46 48 43 41 40 38 39 35 33 31 30 29 26 22 19 18 17 14 15 16 12 11 10 9 7 8 5 0 1 2 4 3 6 13 20 21 23 24 27 25 28 32 34 37 36 42 45 44 49 53 55 54 57 59 61 65 67 66 72 74 75 78 80 83 82 84 86 88 90 91 93 95 97 98 
99 97 94 91 84 80 79 75 71 74 72 67 64 63 59 56 57 54 55 52 39 50 46 44 38 36 34 33 28 29 25 22 12 0 1 2 3 4 6 5 7 8 9 10 11 13 16 14 15 19 17 18 21 20 23 24 26 27 30 32 31 35 37 41 40 42 43 45 48 47 49 53 51 60 58 61 62 65 66 68 69 70 73 76 77 78 83 81 82 85 88 86 87 90 89 93 95 92 96 98 
99 87 85 84 83 81 80 75 71 74 72 69 66 67 64 63 61 60 55 54 51 53 47 48 46 43 42 41 40 39 37 36 34 32 29 28 25 23 22 19 20 21 18 17 15 16 14 13 11 10 9 8 7 5 6 4 3 2 1 0 12 24 27 26 30 31 33 35 38 45 44 49 50 52 56 57 59 58 62 65 68 70 73 76 77 79 78 82 86 88 90 89 91 93 94 95 92 96 97 98 
94 84 85 80 72 67 65 61 63 58 60 0 2 3 4 5 6 7 9 8 10 13 11 16 15 17 19 27 25 26 28 32 31 33 34 35 37 40 45 44 48 49 51 54 56 57 59 64 62 66 68 69 70 73 74 71 76 75 77 78 79 81 83 82 86 87 88 89 90 91 95 96 93 97 98 99 92 52 55 53 50 47 46 42 43 41 39 38 36 29 30 23 24 21 22 20 18 14 12 1 
98 75 58 1 2 3 7 9 10 12 16 14 18 17 20 22 21 24 27 28 29 30 32 31 33 35 37 39 40 41 42 48 47 50 55 56 57 60 61 63 62 65 66 67 68 69 72 70 73 74 76 77 78 79 80 81 85 83 82 84 88 87 91 89 96 95 99 97 94 93 90 86 92 71 64 59 52 51 54 53 49 46 45 44 43 38 36 34 26 25 23 19 15 13 11 8 6 5 4 0 
80 73 64 51 46 36 0 1 2 3 4 6 5 7 9 8 10 11 13 16 15 14 17 19 23 24 25 26 28 32 31 33 35 38 40 41 43 42 45 47 48 50 53 55 59 61 62 70 74 71 77 82 83 93 92 96 94 95 99 97 98 91 89 88 90 87 86 84 85 81 79 78 76 75 72 68 69 66 67 65 63 58 60 57 56 52 54 49 44 39 37 34 29 30 27 21 22 20 18 12 
98 96 92 95 94 93 88 84 82 76 73 70 68 67 62 64 61 58 60 57 55 51 50 49 47 48 42 43 39 38 35 34 33 31 32 26 28 27 24 23 22 20 18 17 15 16 14 13 10 9 7 8 5 6 2 4 3 1 0 11 12 21 19 25 30 29 36 37 40 41 45 44 46 53 54 52 56 59 63 65 66 69 72 74 71 75 77 78 79 80 81 83 85 86 87 90 89 91 97 99 
98 97 92 94 93 90 86 82 81 80 79 71 76 73 68 67 64 65 62 61 56 55 49 48 51 45 43 40 37 39 32 33 25 24 23 19 22 20 21 18 17 15 16 13 10 9 8 7 5 6 4 3 2 1 0 12 11 14 27 28 26 30 29 31 34 35 36 38 42 41 44 46 47 53 54 52 50 57 60 59 58 63 66 69 72 70 74 75 77 78 83 85 84 87 88 89 91 95 96 99 
99 97 92 90 85 82 83 81 79 77 71 74 70 72 69 68 66 65 62 60 51 49 53 50 46 43 44 42 40 39 38 35 34 32 28 18 29 19 0 1 2 3 4 6 5 7 8 9 10 12 11 13 14 16 15 17 21 20 22 23 24 25 27 26 30 31 33 36 37 41 45 48 47 52 54 55 56 57 59 58 63 61 64 67 73 76 75 78 80 84 86 87 88 89 91 93 94 95 96 98 
98 99 97 94 93 89 86 79 75 71 73 72 69 68 66 67 64 61 60 58 54 55 53 50 46 44 43 40 39 38 37 36 34 35 33 31 28 25 27 19 21 20 14 12 10 0 2 1 3 4 5 6 7 8 9 13 11 16 15 17 18 22 23 24 26 30 32 29 41 42 45 48 47 49 51 52 56 57 59 63 62 65 70 74 76 77 78 80 81 83 82 84 85 87 88 90 91 95 92 96 
0 1 2 3 4 10 16 17 27 30 32 29 34 38 41 44 46 49 51 52 55 57 60 58 62 61 64 66 68 70 72 73 74 76 78 79 83 82 84 80 85 88 86 87 89 91 95 94 96 97 99 93 98 90 53 50 48 45 42 43 40 39 37 35 36 33 31 28 26 25 24 23 22 20 19 21 18 15 14 13 12 11 8 9 7 5 6 47 54 56 59 63 65 67 69 71 77 75 81 92 
99 92 89 84 82 83 78 79 77 71 76 73 70 69 68 66 65 64 62 63 58 57 52 51 53 47 44 46 45 41 40 37 36 34 33 31 32 30 29 25 27 22 19 20 21 18 17 15 16 14 13 11 10 7 0 1 2 3 4 5 6 8 9 12 23 24 26 28 35 38 39 42 43 48 49 50 54 56 55 59 60 67 61 72 74 75 80 81 85 86 87 90 88 91 93 94 95 96 97 98 
4 5 7 8 14 17 18 20 24 26 32 33 35 34 38 40 46 47 49 54 55 58 69 70 73 72 71 76 75 78 79 81 82 84 85 86 87 88 89 91 95 93 94 68 67 65 60 51 53 50 48 44 45 10 16 9 6 0 1 2 3 11 12 13 15 19 22 21 23 27 25 29 28 30 31 36 37 39 41 43 42 52 56 57 59 61 63 64 62 66 74 77 80 83 90 92 96 97 99 98 
98 91 87 85 82 74 73 68 66 64 61 63 58 52 51 49 48 56 45 44 22 36 23 21 17 12 15 14 16 13 11 10 9 2 3 4 5 6 1 8 0 20 7 18 19 24 25 26 27 30 29 32 28 31 33 34 35 38 37 39 40 41 43 42 46 47 50 53 54 55 57 59 60 62 65 67 69 72 70 71 76 75 77 78 79 80 81 83 84 86 88 90 89 93 94 95 92 96 97 99 
99 97 91 93 89 88 86 82 77 71 73 70 66 67 64 56 57 54 55 53 50 49 47 46 45 42 43 40 39 37 36 33 31 32 30 26 25 24 23 22 19 21 18 20 17 15 16 14 13 12 11 10 8 9 7 5 4 6 3 1 2 0 27 28 29 34 35 38 41 44 48 51 52 58 59 60 63 62 61 65 68 69 72 74 76 75 79 78 80 81 83 84 85 87 90 94 95 92 96 98 
99 97 94 91 88 87 83 78 79 77 71 74 73 70 72 68 66 64 65 61 58 60 57 52 49 45 44 41 40 38 31 32 30 28 27 0 1 2 3 4 6 5 7 9 10 8 11 12 13 14 16 15 17 21 18 20 19 22 23 24 25 29 26 33 34 35 36 37 39 43 42 46 48 47 50 53 51 54 55 56 59 63 62 67 69 75 76 80 81 82 85 84 86 90 89 93 95 92 96 98 
98 96 97 92 94 93 90 82 83 75 76 74 70 69 66 61 58 56 55 51 47 53 45 44 36 38 34 30 28 29 26 27 24 22 19 15 11 0 1 2 3 4 6 5 8 7 9 10 13 12 16 14 17 18 20 21 23 25 32 31 33 35 37 39 40 41 42 43 46 48 49 50 52 54 57 60 59 62 63 64 65 67 68 72 73 71 77 78 79 80 81 84 85 86 87 88 89 91 95 99 
99 96 97 95 91 93 89 82 81 80 78 79 77 70 68 67 64 59 63 58 57 56 55 54 50 49 48 44 45 42 40 37 35 30 15 12 10 9 0 1 2 3 4 6 5 8 7 13 11 14 16 17 18 21 20 19 22 24 23 25 27 26 28 29 32 31 33 34 36 38 39 41 43 46 47 53 51 52 60 61 62 65 66 69 72 73 74 76 71 75 83 84 85 86 87 88 90 94 92 98 
94 84 83 81 78 71 70 68 67 64 62 59 58 56 53 46 48 43 41 1 3 13 4 5 8 6 7 10 12 16 11 15 14 17 18 22 23 24 27 25 30 31 32 34 36 40 45 44 50 51 52 57 60 63 61 65 66 69 73 74 76 75 77 79 80 82 85 86 87 88 90 92 96 89 98 95 91 99 97 93 72 55 54 49 47 42 39 38 37 35 33 28 29 26 21 20 19 9 2 0 
98 99 97 93 91 83 75 73 68 66 67 63 58 51 60 52 53 47 45 42 41 35 36 31 26 30 24 22 20 17 14 10 4 1 0 2 3 6 5 9 12 7 8 13 11 16 15 18 21 19 23 27 25 29 28 32 33 34 37 38 39 40 43 44 48 46 49 50 54 55 56 62 59 57 61 64 65 69 70 72 74 71 76 77 78 79 80 81 82 84 85 86 87 90 88 89 94 95 92 96 
99 97 96 92 95 89 90 87 84 78 76 74 73 68 65 59 60 54 52 53 50 48 42 43 40 41 38 36 31 32 29 26 25 24 19 22 20 21 18 17 15 16 12 13 10 11 8 9 7 6 5 4 3 2 1 0 23 27 28 30 33 34 35 37 39 45 44 46 47 49 51 55 56 57 58 63 61 62 64 67 66 69 72 70 71 75 77 79 80 81 83 85 82 86 88 91 93 94 98 14 
0 1 2 3 6 5 8 9 11 18 22 26 29 35 34 39 43 47 50 99 97 93 96 94 92 95 91 89 90 87 88 86 85 84 83 82 79 78 77 75 74 73 70 69 67 60 59 57 51 53 49 44 40 21 23 12 17 4 10 7 13 16 15 14 19 27 20 24 25 28 30 32 31 33 36 37 38 41 42 45 46 48 52 54 55 56 58 61 63 64 65 62 66 68 72 76 71 80 81 98 
98 63 47 4 5 6 8 10 11 12 13 16 15 14 17 19 21 20 27 23 25 28 26 31 33 34 35 36 37 39 40 41 42 45 46 48 50 53 51 57 55 60 58 61 62 65 64 66 67 68 69 70 73 72 74 71 76 75 77 78 79 80 81 82 83 84 85 86 87 88 89 91 95 94 96 92 97 99 93 90 59 56 52 54 49 43 44 38 29 32 30 24 22 18 9 7 3 2 1 0 
0 1 3 19 20 25 28 26 32 29 33 35 34 38 41 44 48 49 54 55 52 60 58 63 65 64 68 73 76 78 79 82 86 84 87 88 89 91 92 98 96 97 99 93 90 85 80 81 66 62 57 51 47 46 42 31 30 12 10 2 9 4 6 5 7 8 11 13 16 14 15 17 18 21 22 23 24 27 36 37 39 40 43 45 50 53 56 59 61 67 69 72 70 74 71 77 75 83 94 95 
1 5 15 14 17 21 27 30 25 29 36 38 39 41 43 42 46 47 50 51 54 58 63 61 65 64 67 69 72 71 74 77 75 79 85 86 90 88 89 91 95 94 98 96 92 99 93 81 76 70 60 56 49 48 37 10 9 0 2 3 4 6 7 8 11 12 13 16 19 18 20 22 23 24 26 28 32 31 33 34 35 40 45 44 53 52 55 57 59 62 66 68 73 78 80 83 84 82 87 97 
99 96 94 93 82 83 81 78 77 71 76 70 69 66 64 61 59 58 57 56 55 54 52 50 49 48 44 40 39 36 37 31 30 29 26 25 24 22 20 18 21 17 15 16 14 13 10 9 8 6 5 7 2 4 1 0 3 11 12 19 23 27 28 33 32 34 35 38 41 42 43 45 46 47 53 51 60 63 62 65 67 68 72 73 74 75 79 80 84 85 86 87 88 90 89 91 95 92 97 98 
98 92 89 84 82 81 79 71 73 69 68 67 63 58 60 57 55 52 50 49 48 44 42 41 40 37 35 28 29 26 27 25 22 18 17 15 16 12 11 13 7 8 5 6 4 3 2 1 0 9 19 14 21 20 24 23 30 32 31 33 34 38 39 43 46 45 53 51 56 59 62 61 66 65 64 72 74 76 75 77 78 80 83 85 87 90 86 88 91 95 96 93 97 94 99 70 54 47 36 10 
98 96 97 92 95 90 84 85 79 71 68 67 65 62 63 59 57 55 54 53 49 50 47 44 42 43 40 36 35 30 28 29 26 25 27 24 22 19 20 18 14 15 16 11 12 13 7 8 9 5 4 6 3 2 1 0 10 17 21 23 31 32 33 34 37 38 39 41 45 48 46 51 52 56 60 58 61 64 66 69 70 72 73 74 76 75 77 78 80 81 83 82 86 87 88 89 91 93 94 99 
98 87 85 78 81 75 77 70 69 65 61 59 58 60 56 54 53 45 46 42 41 36 33 29 26 25 24 20 18 21 17 15 16 14 13 11 12 10 8 9 7 6 5 4 3 2 1 0 31 38 40 44 49 51 63 84 94 93 99 92 97 96 95 91 89 90 88 86 83 82 80 79 76 71 74 72 73 68 67 64 66 62 57 52 55 50 47 48 43 39 37 34 35 32 28 30 23 27 22 19 
1 7 15 18 20 27 24 32 31 33 35 36 37 39 41 42 43 47 51 55 52 57 59 62 65 64 67 72 71 77 78 81 83 82 85 84 86 87 90 89 91 98 95 96 92 97 94 99 93 88 63 58 56 50 12 14 10 13 9 8 5 6 3 0 2 4 11 16 17 19 21 22 23 25 26 29 28 30 34 38 40 45 44 48 46 49 53 54 60 61 66 68 69 70 73 74 76 75 79 80 
1 2 3 4 19 21 27 25 28 26 32 29 35 34 36 39 40 43 42 46 48 49 60 53 62 61 66 68 73 71 72 76 75 78 79 80 83 82 84 86 85 87 88 90 89 93 94 96 99 97 92 65 59 55 51 47 41 38 37 33 31 30 24 12 14 15 13 6 0 5 8 7 9 11 10 16 17 18 20 22 23 45 44 50 52 54 56 57 58 63 64 67 69 70 74 77 81 91 95 98 
97 95 94 91 89 90 87 86 85 79 77 76 74 73 70 72 69 66 64 62 63 58 56 55 51 49 43 45 41 38 37 36 28 29 25 27 19 21 14 10 1 0 2 3 4 6 5 7 8 9 11 13 12 16 15 17 18 20 22 24 23 26 30 32 31 33 34 35 39 40 42 44 46 48 47 50 53 54 52 57 60 59 61 65 67 68 71 75 78 80 81 83 82 84 88 93 92 96 99 98 
99 97 96 92 95 94 90 84 85 83 80 73 70 72 68 66 62 61 63 58 57 56 52 53 50 47 49 44 40 38 37 30 31 27 23 19 0 1 2 3 4 6 5 8 7 9 11 10 12 13 14 16 15 17 18 21 20 22 24 25 26 29 28 32 33 34 35 36 39 43 42 41 46 51 45 48 54 55 60 59 64 65 67 69 74 76 71 75 77 79 78 81 82 86 87 88 89 91 93 98 
3 6 10 14 20 24 27 26 30 31 33 34 38 39 40 48 50 51 56 66 68 73 77 93 99 97 96 94 92 91 90 88 87 85 83 80 81 79 76 72 69 64 65 58 57 52 47 45 43 35 32 28 25 22 19 18 0 1 2 4 5 7 8 9 11 13 12 16 17 15 21 23 29 36 37 41 42 44 46 49 53 54 55 60 59 61 63 62 67 70 74 71 75 78 82 84 86 89 95 98 
98 97 96 92 94 91 86 84 78 76 73 72 69 68 66 67 61 63 60 59 57 56 55 52 53 50 46 48 45 41 42 39 29 33 26 25 23 22 19 20 21 15 17 16 12 11 10 9 0 1 3 2 4 5 6 8 7 13 14 18 24 27 28 32 30 31 34 35 36 37 38 40 43 44 47 49 51 54 58 65 62 64 70 74 71 75 77 79 80 81 83 85 82 87 88 90 89 93 95 99 
99 97 95 93 83 78 79 71 72 69 66 65 64 58 57 54 51 49 47 48 46 44 43 41 39 38 34 33 31 32 30 27 28 24 19 17 21 12 10 0 2 1 3 4 6 5 7 8 9 11 13 15 16 14 18 20 22 23 25 26 36 29 35 37 40 42 45 52 50 53 55 56 59 60 63 61 62 67 68 70 73 74 76 75 77 80 81 82 84 85 86 87 88 90 89 91 94 92 96 98 

Rank matrix
14 0 0 0 0 0 1 0 0 1 0 1 0 0 0 0 0 0 1 0 0 0 0 1 0 1 0 0 0 0 0 1 1 1 1 3 1 2 3 2 3 3 1 1 2 2 1 3 2 2 2 1 2 3 4 7 1 3 2 1 1 1 0 1 0 0 0 0 1 0 0 0 0 0 0 1 0 0 0 0 0 0 0 0 1 0 0 0 0 0 0 0 0 0 0 0 0 0 0 13 
7 11 0 2 0 1 0 1 0 0 1 0 0 0 1 0 1 0 1 1 0 0 0 0 1 0 1 0 0 0 0 0 1 2 1 0 3 2 2 2 3 4 1 2 2 3 2 2 1 3 1 4 0 3 7 1 2 3 2 3 0 0 0 0 0 0 0 0 0 0 0 0 0 0 0 0 0 0 0 0 0 0 0 0 0 0 0 0 0 0 0 0 0 0 0 0 0 0 4 5 
1 5 6 0 2 0 0 0 1 0 0 0 1 0 0 1 0 1 0 1 1 0 0 0 0 0 1 0 1 0 0 0 0 2 1 2 0 3 2 3 4 0 2 3 3 3 5 1 1 1 3 2 5 4 1 3 2 1 3 2 1 0 0 0 1 0 1 0 0 0 0 1 0 0 1 0 0 0 0 0 0 0 0 0 0 0 0 0 0 0 0 0 0 0 0 0 0 3 4 4 
3 1 8 5 0 1 1 0 0 1 0 0 0 1 0 0 1 0 0 1 2 0 0 0 0 1 0 1 0 0 0 0 0 0 2 1 2 0 4 3 2 5 3 2 3 3 0 3 2 2 2 4 5 2 1 0 4 4 2 1 1 0 1 0 0 0 0 0 0 0 1 0 0 0 1 0 0 0 0 0 0 0 0 0 0 0 0 0 0 0 0 0 0 0 0 0 1 2 4 0 
1 2 2 8 4 1 0 0 0 0 1 1 0 0 1 0 0 1 1 0 0 0 3 0 0 1 1 0 0 0 1 0 1 0 0 2 1 2 1 1 2 3 5 5 5 1 3 2 3 3 5 3 3 1 1 3 2 1 2 2 1 1 0 0 0 1 0 1 0 0 0 0 0 1 0 0 0 0 0 0 0 0 0 0 0 0 0 0 0 0 0 0 0 0 0 0 1 1 1 0 
0 4 2 1 5 2 1 0 0 0 0 0 2 0 0 1 0 0 1 0 0 0 0 1 1 0 0 0 1 0 0 1 0 0 0 0 2 1 2 2 3 4 3 4 3 4 6 2 4 5 3 1 2 3 1 2 0 1 1 2 2 1 0 1 0 0 0 0 1 2 0 0 1 0 1 0 0 0 0 0 0 0 0 0 0 1 0 0 0 0 0 0 0 0 0 0 1 3 2 0 
0 1 0 3 2 5 1 1 0 0 0 1 0 1 0 0 1 0 0 1 0 0 1 2 0 1 0 1 0 0 0 0 0 0 1 1 2 3 1 2 1 2 5 3 3 3 4 2 4 5 3 2 0 2 4 0 2 1 2 0 4 2 1 0 0 0 0 1 0 0 1 1 0 0 0 0 1 0 0 0 0 0 0 1 0 0 1 0 0 0 0 0 0 0 0 1 2 1 2 1 
0 1 3 1 2 1 1 2 0 0 0 0 0 1 1 0 0 1 0 1 1 0 0 0 2 1 1 0 0 0 1 0 0 0 1 0 0 0 4 1 5 4 4 3 2 5 7 3 4 0 4 1 3 2 2 0 1 1 0 1 0 4 2 0 1 0 0 0 0 1 1 1 1 1 0 1 0 0 0 0 0 0 1 0 1 0 0 0 0 0 0 0 0 0 0 2 2 0 1 1 
0 1 0 3 1 2 5 0 1 0 1 0 0 0 0 1 0 0 0 1 0 1 1 1 1 1 0 0 0 2 0 0 0 1 0 0 0 1 1 7 1 3 3 2 5 5 3 8 2 2 2 6 2 1 0 1 1 1 0 1 0 1 1 1 2 1 0 0 1 1 1 1 0 0 0 0 0 1 0 0 0 0 1 0 0 0 0 0 0 0 0 0 0 0 0 2 1 3 0 0 
1 0 1 0 1 1 1 3 2 1 0 0 0 0 1 1 0 0 1 0 0 1 0 1 0 0 0 0 0 0 0 1 1 0 1 1 0 1 2 2 3 2 4 4 1 5 4 7 4 7 2 0 2 2 2 1 2 0 2 0 1 0 2 2 0 1 0 0 0 0 0 1 1 1 0 0 0 0 0 0 0 1 0 1 0 0 0 0 0 0 0 0 0 0 2 2 2 4 0 0 
0 0 1 0 1 3 1 3 1 2 0 1 0 0 0 0 1 0 1 0 2 0 0 0 1 0 1 1 0 0 0 2 3 0 0 0 1 4 2 1 4 1 4 2 7 4 3 3 6 2 3 2 2 1 1 1 3 1 2 1 1 0 2 1 0 0 0 0 1 0 0 0 1 0 1 1 0 0 0 1 0 0 0 0 0 0 0 0 0 0 0 0 1 0 0 0 3 0 0 1 
0 1 0 0 1 1 2 1 2 0 2 0 1 0 0 0 0 2 0 0 0 0 1 1 0 1 1 1 0 0 2 1 0 1 0 3 2 2 1 2 0 2 1 6 5 4 4 1 7 1 3 5 1 1 0 0 2 1 0 1 0 1 0 2 3 1 3 0 0 1 1 0 0 1 0 0 0 0 0 1 1 1 0 0 0 0 0 0 0 0 0 0 0 1 3 0 1 0 2 0 
0 0 0 0 0 3 1 1 0 4 0 0 0 1 1 0 1 1 0 0 0 2 1 1 0 1 0 0 1 0 1 0 2 2 0 4 2 4 0 2 1 2 3 2 2 1 2 4 3 6 1 0 4 1 4 2 1 3 1 0 2 0 4 3 0 1 1 0 0 0 0 0 0 0 0 0 2 1 0 0 2 0 0 0 0 0 0 0 0 0 0 0 0 1 0 1 0 0 2 1 
1 0 0 0 2 0 2 0 3 0 1 0 0 0 1 0 0 0 1 0 0 3 0 0 2 0 0 1 1 1 0 0 0 0 1 0 4 0 0 3 1 4 2 6 2 3 1 8 3 2 4 5 1 0 0 3 1 2 0 2 1 0 0 2 1 3 3 2 0 1 0 0 0 0 0 0 0 0 2 1 0 0 0 0 0 0 0 0 0 0 0 0 0 1 1 2 0 3 0 0 
0 0 1 3 1 0 0 2 2 1 1 1 1 1 0 0 1 0 1 0 0 1 1 0 0 0 1 2 0 2 2 0 2 2 3 0 1 0 3 1 4 1 1 2 2 2 3 2 0 6 2 4 3 2 2 3 0 2 2 2 0 0 0 2 1 2 0 0 1 1 0 0 1 0 0 1 1 0 1 0 0 0 0 0 0 0 0 0 0 0 0 0 2 2 0 1 0 1 0 1 
0 0 3 0 0 0 0 1 2 0 1 0 1 1 0 0 0 1 0 0 3 0 0 0 1 0 1 2 0 1 1 2 1 2 2 4 1 1 4 3 3 4 2 2 5 1 2 2 3 2 0 3 2 3 4 1 1 0 1 0 0 1 1 1 2 2 1 2 0 1 1 0 0 0 1 0 0 1 0 0 0 1 0 0 0 0 0 0 0 0 0 1 1 1 0 1 1 0 0 0 
0 0 0 0 0 0 3 2 0 0 1 2 0 0 0 1 0 0 0 3 0 0 0 1 0 1 1 0 3 1 0 0 1 2 3 1 1 0 3 3 3 1 4 2 2 5 4 0 3 0 5 1 2 5 4 1 0 2 1 1 1 2 0 0 2 0 1 4 2 0 0 0 0 0 0 1 1 1 0 0 0 0 0 0 0 0 0 0 0 0 0 0 0 1 3 1 1 0 0 0 
0 0 0 0 1 2 0 1 0 2 0 2 2 1 1 1 0 1 0 0 0 1 1 0 1 1 0 1 3 1 1 3 2 1 2 1 1 5 3 2 2 2 4 3 1 0 2 1 0 0 3 3 2 4 2 5 3 1 0 1 2 0 1 0 0 0 2 2 2 1 0 1 0 1 1 0 1 0 0 0 0 0 1 0 0 0 0 0 0 0 0 1 0 1 0 0 0 0 0 0 
0 0 0 1 1 0 2 1 1 2 1 1 2 1 0 0 0 1 0 0 0 0 0 0 0 0 0 0 1 2 1 1 1 2 1 3 4 3 3 3 1 2 4 1 0 2 0 1 1 1 1 2 2 3 4 4 3 2 1 3 1 1 0 0 0 1 0 0 0 1 2 0 1 1 0 0 1 1 0 0 0 0 0 0 0 0 0 0 0 0 1 1 1 4 0 2 2 0 1 1 
0 0 0 2 1 0 1 0 2 2 1 1 1 0 0 1 1 0 0 0 0 0 1 1 0 0 1 0 1 2 3 1 1 1 5 5 1 5 3 4 2 0 1 1 1 1 0 1 0 2 1 2 2 0 1 4 4 2 1 3 0 1 1 0 1 2 2 1 3 1 0 0 0 0 2 1 0 0 0 0 0 0 0 0 0 0 0 0 0 0 1 1 0 1 2 0 2 0 0 1 
0 0 0 0 3 0 0 2 1 0 1 0 0 2 2 0 0 1 1 0 0 0 0 1 0 1 0 1 1 1 2 2 0 0 3 4 2 3 3 2 2 3 0 2 0 0 0 0 0 1 2 1 0 3 3 4 3 2 5 1 3 1 1 0 1 0 1 1 0 0 1 2 0 2 0 1 0 0 1 0 0 0 0 1 0 0 0 0 0 1 1 1 0 0 3 4 1 1 1 0 
0 0 0 0 0 2 0 1 0 1 1 2 1 0 0 0 3 0 0 0 0 0 0 1 0 0 1 0 0 1 2 3 3 2 2 1 7 2 3 2 5 4 0 0 2 0 0 0 1 2 1 0 4 3 0 3 2 2 2 0 1 3 0 0 2 0 0 1 1 1 2 0 2 1 0 1 0 0 0 0 0 0 0 0 0 0 0 0 0 2 0 2 2 2 2 2 0 1 0 0 
0 0 0 0 0 0 0 1 0 0 3 2 0 0 0 2 0 0 1 1 1 0 0 0 1 0 0 1 1 1 2 4 1 5 3 4 2 5 2 4 2 1 1 0 0 0 0 0 0 0 1 1 1 5 1 0 4 4 3 4 1 2 0 3 0 0 1 0 0 0 0 3 3 1 1 0 0 0 0 1 0 0 0 0 0 0 0 0 0 0 1 0 4 0 1 1 1 0 1 0 
0 0 0 0 1 0 0 0 1 1 0 0 0 0 1 0 0 0 0 1 2 0 1 0 2 0 0 2 1 1 1 1 5 0 4 0 5 2 4 1 0 1 1 0 0 0 0 1 0 0 1 0 1 0 4 2 3 5 4 3 5 2 3 0 1 1 0 0 2 1 1 3 2 1 0 1 0 0 0 0 1 0 0 0 0 0 0 3 0 1 3 1 1 0 0 0 1 1 1 1 
0 0 0 1 0 3 1 0 1 0 0 0 0 0 1 1 0 1 0 1 0 1 1 0 0 1 4 0 1 1 1 4 3 7 0 4 1 4 1 0 1 1 0 0 0 1 1 0 0 0 0 0 1 0 2 1 1 1 4 3 4 4 5 2 1 1 0 1 0 2 2 1 0 1 0 0 1 1 0 0 0 0 0 0 1 0 0 0 3 1 0 4 1 1 0 0 0 0 0 2 
0 0 0 0 0 2 0 1 1 1 1 2 0 1 0 0 1 0 0 0 1 1 0 0 0 4 1 3 3 2 2 3 6 1 6 2 5 1 1 2 1 0 1 1 0 0 1 0 1 0 0 0 2 1 0 2 0 3 2 2 5 1 2 3 0 1 0 1 1 1 3 1 0 1 1 0 0 0 0 0 0 0 0 0 0 0 2 1 2 1 1 1 0 0 0 0 0 0 0 0 
0 0 0 0 0 0 0 2 1 2 0 2 0 0 0 1 3 0 1 0 0 0 2 1 4 0 0 4 1 5 2 5 1 4 2 6 2 2 1 0 0 0 0 0 0 0 0 1 0 1 0 0 1 0 2 1 2 2 1 2 2 5 2 3 3 0 1 0 3 1 0 1 1 0 2 0 1 0 0 0 0 0 0 0 0 2 0 0 1 0 0 0 0 3 1 0 0 1 0 0 
0 0 0 0 1 1 5 0 2 1 0 0 3 2 1 1 0 0 2 0 0 0 0 1 0 0 1 2 1 3 5 2 2 3 3 4 3 2 2 2 1 1 0 0 0 0 0 0 1 0 0 2 1 1 0 1 1 4 1 3 3 4 5 1 1 1 1 0 0 1 1 0 1 0 0 0 0 1 0 0 0 0 0 0 0 0 0 0 0 0 1 1 2 0 2 0 1 1 0 0 
0 0 0 0 0 0 1 0 4 1 0 0 0 2 2 2 0 1 0 1 0 2 2 1 1 0 3 1 3 3 3 1 3 4 5 1 6 0 0 0 0 0 0 0 1 0 0 0 0 0 0 1 2 1 2 2 4 2 2 1 1 2 4 2 1 2 1 3 0 1 0 0 1 1 0 2 2 0 0 0 0 0 0 0 0 0 1 0 0 0 1 1 1 0 2 0 0 0 0 0 
0 0 0 0 0 0 0 0 0 3 1 3 2 0 0 0 0 2 1 0 2 0 1 3 2 1 2 2 3 2 5 2 3 3 1 3 1 1 1 0 0 0 0 0 0 0 1 0 0 0 1 1 0 1 0 0 2 1 3 1 0 4 2 4 1 3 0 1 0 0 1 1 1 0 1 2 0 0 1 0 0 0 0 0 2 2 0 1 1 5 0 2 2 0 0 0 2 0 0 0 
0 0 0 0 0 0 2 3 1 1 2 1 1 1 1 2 0 0 1 1 0 1 1 0 0 3 0 2 4 4 2 2 3 2 4 2 1 2 0 0 2 0 0 0 0 0 0 0 1 1 0 0 1 0 0 2 2 2 3 2 2 2 3 0 5 3 2 0 0 1 1 0 0 1 1 0 0 1 0 0 0 0 0 0 0 0 1 0 1 1 2 1 2 1 0 2 1 0 0 0 
0 0 0 0 0 0 0 1 2 3 0 1 0 0 0 1 0 1 2 0 1 1 0 3 1 3 3 2 3 1 3 1 8 2 2 3 0 0 1 0 0 1 0 0 0 0 0 0 1 1 0 0 1 2 1 1 3 0 2 3 4 1 1 1 3 5 3 2 0 0 0 0 2 0 1 1 0 1 0 1 0 0 1 0 0 0 0 0 1 0 1 2 1 1 1 0 0 0 1 0 
0 0 0 0 0 0 0 2 1 0 5 0 2 0 1 0 2 1 0 1 0 0 1 0 0 1 1 2 3 4 2 3 0 6 2 1 2 2 0 0 0 1 1 0 0 1 0 0 1 0 2 1 0 0 2 2 1 1 3 3 2 2 1 6 3 1 2 1 1 1 0 2 0 1 0 0 1 1 0 0 0 0 0 1 0 0 1 0 0 3 2 0 0 1 1 1 0 1 0 0 
0 0 0 0 0 0 0 0 0 3 4 1 0 2 0 0 1 1 0 3 1 2 2 1 2 4 2 4 1 1 0 4 2 3 4 0 0 0 1 1 0 0 1 0 0 0 0 1 0 0 0 0 0 0 1 2 1 2 1 3 3 0 3 3 3 5 6 2 0 0 0 0 0 2 1 0 0 0 2 0 0 0 0 0 0 0 0 1 1 1 3 0 0 1 0 0 0 0 1 0 
0 0 0 0 0 0 0 0 0 0 2 2 3 2 3 0 0 0 1 1 4 2 0 2 1 2 6 1 1 0 0 3 4 4 1 0 0 0 1 0 1 0 0 2 0 0 0 0 0 0 0 0 0 0 1 1 1 2 2 3 3 4 0 3 3 4 5 3 2 0 0 0 1 0 1 0 1 0 1 1 0 1 0 0 0 2 0 3 0 1 0 2 0 0 0 0 0 0 0 0 
0 0 0 0 0 0 0 0 0 0 1 2 3 2 1 1 1 0 1 0 2 3 1 0 4 3 5 0 3 1 3 5 2 2 0 1 0 1 0 0 0 0 0 0 1 0 0 0 0 1 1 1 0 2 0 0 3 0 0 1 0 3 3 2 3 2 4 3 4 1 0 0 0 1 0 0 1 0 1 0 2 1 1 1 1 0 1 0 3 2 1 0 1 0 0 0 0 0 0 0 
0 0 0 0 0 1 0 0 0 0 1 4 1 2 1 2 0 1 0 0 0 3 3 1 4 2 1 6 2 1 4 3 3 1 1 0 0 0 1 2 0 1 0 0 1 0 0 0 0 1 0 1 0 0 0 0 1 0 0 1 4 1 3 1 2 1 4 4 2 1 1 0 0 1 1 3 0 0 1 0 1 0 0 1 1 1 1 0 2 0 1 0 0 0 1 2 0 1 1 0 
0 0 0 0 0 0 0 0 0 0 0 0 3 1 0 1 0 0 0 2 1 1 1 4 3 4 1 2 3 3 8 3 0 0 0 0 1 0 0 0 2 0 1 1 0 0 0 0 0 0 0 0 1 3 2 2 0 1 4 0 0 2 3 3 2 1 1 4 1 3 1 1 0 0 1 1 3 1 0 2 0 0 0 0 1 0 3 0 3 1 2 0 0 0 0 0 1 0 0 0 
0 0 0 0 0 0 0 0 0 0 0 1 2 4 3 0 3 1 0 1 1 0 4 6 3 2 4 1 3 9 2 1 1 1 0 0 0 0 0 1 0 0 0 1 0 0 0 0 0 1 0 0 0 0 1 0 0 2 1 1 2 2 1 2 0 2 0 4 3 2 2 1 0 0 0 0 1 1 0 2 1 0 1 0 0 1 0 6 2 0 0 1 0 1 0 1 0 0 0 0 
0 0 0 0 0 0 0 0 0 0 0 0 1 2 0 4 0 2 2 4 1 3 4 3 2 3 1 3 6 8 0 3 2 0 0 0 0 0 0 0 0 1 0 0 0 1 0 0 0 0 0 1 0 1 0 0 0 1 0 1 1 2 2 1 1 0 2 0 4 1 3 0 0 0 1 0 0 3 3 0 2 2 0 0 0 2 4 2 0 2 0 0 1 1 0 0 0 0 0 0 
0 0 0 0 0 0 0 0 0 0 0 0 1 0 2 1 1 1 1 0 2 1 2 0 4 1 2 6 6 0 5 0 0 0 1 1 0 1 0 0 0 1 0 0 0 1 0 0 1 0 2 0 2 1 1 0 0 0 0 1 3 3 4 2 5 2 1 2 2 3 1 2 2 0 0 0 0 3 0 2 1 3 1 1 0 2 2 3 0 0 0 0 1 0 0 0 0 0 0 0 
0 0 0 0 0 0 0 0 0 0 0 0 0 3 7 0 1 1 2 0 4 1 0 5 1 2 0 4 3 4 1 3 0 0 0 1 0 0 0 0 1 0 0 0 1 0 1 0 0 0 1 0 3 0 1 1 1 0 1 1 1 2 1 2 4 2 2 2 6 3 1 3 0 0 0 1 0 1 2 0 1 0 0 2 0 4 1 0 0 0 0 0 0 0 2 0 0 0 0 2 
0 0 1 0 0 0 0 0 0 0 0 0 0 0 1 3 1 2 2 2 4 2 4 1 3 3 5 2 1 4 3 0 2 0 0 0 0 2 0 0 0 0 2 0 1 0 0 0 1 0 1 1 0 0 1 2 1 0 1 1 0 1 1 1 2 6 1 0 2 4 3 3 0 1 0 1 1 0 2 2 2 1 0 1 3 1 0 0 0 0 0 0 1 0 0 0 0 0 0 0 
0 0 0 0 0 0 0 0 0 0 0 0 0 0 2 2 3 3 2 3 1 5 1 3 1 4 5 2 3 0 2 0 0 0 0 0 2 0 0 0 0 1 1 0 0 0 0 1 1 0 0 1 0 0 0 0 1 1 0 1 1 0 3 4 0 0 4 1 0 5 4 0 3 1 0 0 1 0 1 2 1 2 3 1 4 3 1 0 1 0 1 0 0 1 0 0 0 0 0 0 
0 0 0 0 0 0 0 0 0 0 0 0 0 1 0 3 1 3 3 4 0 4 1 4 2 4 6 3 1 0 0 0 0 0 0 0 0 0 0 1 0 0 0 1 0 1 2 1 0 0 1 3 0 0 0 0 0 0 2 0 1 1 0 4 0 0 1 1 2 2 4 2 2 2 1 1 0 1 2 2 1 0 3 3 4 0 2 2 1 0 0 0 0 1 0 0 0 0 1 1 
0 0 0 0 0 0 0 0 0 0 0 0 0 0 0 0 1 2 4 4 4 1 5 0 1 4 3 4 3 2 0 0 0 2 0 0 0 0 3 0 0 0 0 0 0 1 1 2 0 2 1 3 1 0 0 0 0 3 0 2 0 0 1 0 1 3 1 4 2 1 6 2 2 0 1 0 0 1 0 1 1 2 4 4 1 1 1 0 1 0 0 0 0 0 0 0 0 0 0 0 
0 0 0 0 1 0 0 0 0 0 0 0 0 0 0 2 4 0 2 3 3 3 2 3 5 1 3 2 2 0 1 0 1 0 1 0 0 0 0 1 0 0 0 0 3 0 0 1 0 1 2 0 0 1 0 0 0 1 2 1 1 0 2 0 4 4 1 2 2 1 1 4 6 3 1 1 1 1 1 2 3 2 3 0 1 0 0 0 0 1 0 0 0 0 0 0 0 0 0 0 
0 0 1 0 0 0 0 0 0 0 0 0 0 0 0 4 2 8 2 0 3 3 4 2 2 6 0 1 0 2 0 2 1 0 0 0 0 0 0 1 0 1 0 0 0 2 1 0 2 2 0 1 1 0 0 1 0 1 0 1 1 1 0 0 1 2 3 2 1 3 0 1 5 4 5 1 1 1 1 0 0 3 1 0 1 0 1 1 0 0 0 0 1 0 0 0 0 1 1 0 
0 0 0 0 0 0 0 0 0 0 0 0 0 0 0 2 7 3 4 3 4 2 3 2 2 2 4 2 1 0 0 1 0 0 1 1 0 0 0 0 3 0 0 2 0 0 0 0 0 1 2 0 1 1 0 0 2 0 0 1 0 0 0 1 3 1 2 1 3 2 3 6 2 3 1 2 1 0 1 0 0 3 1 3 1 0 0 1 0 0 0 0 1 0 0 0 0 0 0 1 
0 0 0 0 0 0 0 0 0 0 0 0 0 1 1 2 3 6 4 3 3 4 3 3 4 4 1 0 0 0 2 0 0 0 0 1 0 0 0 0 0 1 1 0 0 0 0 1 2 1 1 0 3 0 0 1 0 0 1 0 1 1 0 1 0 1 1 3 1 1 3 1 3 3 4 1 2 2 0 2 1 2 1 3 1 2 0 1 1 0 0 0 0 0 0 0 0 0 0 0 
0 0 0 0 0 0 0 0 0 0 0 0 0 0 1 1 4 1 5 1 4 4 3 4 6 1 2 1 0 0 0 0 1 2 0 0 2 0 0 0 0 1 0 0 0 0 1 0 2 1 0 0 0 1 0 1 0 0 1 0 0 2 1 1 0 1 2 2 5 2 1 2 2 3 3 3 2 0 1 1 4 2 2 3 1 1 1 0 0 1 0 0 0 0 0 0 0 0 0 0 
0 0 0 1 1 0 0 0 0 0 0 1 1 4 4 1 4 4 6 3 5 3 2 6 3 2 0 0 0 0 0 1 0 0 0 1 0 0 1 0 0 0 1 0 1 2 0 2 1 1 0 1 0 2 1 0 2 0 0 2 0 0 0 1 0 0 1 1 1 1 1 5 1 2 3 3 3 1 0 1 1 0 1 0 2 0 0 0 0 0 1 0 0 0 0 0 0 0 0 0 
0 0 0 0 0 0 0 0 0 0 0 0 1 2 3 2 1 4 3 5 3 1 6 4 2 0 0 1 1 1 0 0 0 1 0 0 2 0 0 0 0 0 0 0 0 1 2 2 1 0 1 0 0 0 0 2 0 0 0 0 0 0 0 0 1 0 0 1 1 1 4 2 4 2 4 4 2 5 2 0 1 3 2 2 1 4 1 0 0 0 0 1 0 0 0 0 0 0 0 0 
0 1 0 0 0 0 0 0 0 0 0 0 1 1 2 4 5 3 1 6 1 4 4 5 5 1 1 1 0 0 0 0 1 1 0 0 0 2 0 0 0 0 1 1 0 0 1 1 2 1 0 0 0 1 2 0 0 1 0 0 0 0 1 0 0 1 1 1 0 3 1 2 1 4 2 5 1 0 1 3 2 2 3 2 1 1 1 0 0 0 0 0 0 0 0 0 0 0 0 0 
0 0 0 0 0 0 0 0 1 0 0 1 1 1 4 4 2 5 3 3 5 3 2 1 0 1 1 1 1 0 0 1 0 0 2 0 0 0 0 0 0 0 0 1 0 0 2 1 0 1 0 0 0 0 1 0 0 0 0 0 2 0 0 0 2 0 0 2 2 0 3 2 1 2 4 1 4 6 2 1 3 1 1 3 1 1 1 2 2 0 0 1 0 0 0 0 1 0 0 0 
0 0 0 0 0 0 0 0 0 0 1 1 1 1 1 1 2 3 6 4 5 2 5 2 0 0 1 0 0 0 1 0 1 0 1 1 0 1 0 0 1 0 0 1 0 0 0 1 0 1 0 0 0 1 0 0 0 0 0 1 1 0 0 1 1 0 0 1 1 5 2 4 3 1 0 4 3 2 4 2 1 3 2 0 5 2 3 1 1 0 0 0 0 0 0 0 0 0 0 0 
0 0 0 0 0 0 0 0 0 0 2 1 2 4 2 4 1 3 5 5 1 8 1 1 0 0 0 1 1 0 0 0 0 1 0 1 0 0 1 0 0 0 0 0 1 1 0 1 0 0 2 1 1 0 2 0 0 0 0 0 0 1 0 0 0 1 0 0 3 1 1 1 4 4 1 1 3 3 3 2 2 2 3 0 2 2 3 0 0 2 0 0 1 0 0 0 0 0 0 0 
0 0 0 0 0 0 0 0 0 0 1 1 1 0 2 2 5 2 2 3 4 5 3 1 1 1 0 0 1 2 0 1 0 0 0 1 1 0 0 1 0 0 0 0 1 2 0 2 0 0 1 3 0 0 0 0 0 0 1 0 0 2 1 0 0 2 2 0 0 2 1 1 2 5 2 2 5 3 4 1 1 1 3 4 0 2 1 2 0 0 0 0 0 0 0 0 0 0 0 0 
0 0 1 0 0 0 0 1 1 1 2 1 8 4 1 3 2 4 0 8 4 4 2 1 2 0 0 1 0 0 1 0 0 1 0 1 1 0 1 1 0 0 1 1 1 0 1 0 0 1 0 1 0 0 0 0 0 1 0 0 0 0 1 2 0 0 1 1 0 0 1 1 1 2 5 1 1 4 2 3 2 1 1 0 0 1 2 0 2 0 0 1 0 0 0 0 0 0 0 0 
0 0 0 0 1 0 0 0 0 3 1 3 2 0 2 2 2 2 2 4 2 0 1 1 1 1 0 0 0 1 1 1 0 0 1 0 0 0 0 1 0 0 0 0 1 1 2 0 0 0 0 0 2 2 0 0 0 0 0 0 0 0 0 1 1 0 1 2 1 1 1 2 3 3 4 4 4 4 3 8 2 1 0 0 4 0 0 3 1 1 2 0 0 0 0 0 0 0 0 0 
0 0 0 0 0 0 0 0 0 0 1 1 2 6 6 3 2 3 6 2 4 3 2 1 0 0 2 0 0 0 1 0 1 0 1 0 0 2 1 0 0 1 0 0 0 1 1 0 2 0 1 0 1 0 1 0 0 0 0 0 0 0 1 0 0 0 2 0 0 0 1 2 3 2 1 5 3 1 5 3 3 0 1 4 0 0 1 1 1 0 0 1 0 0 1 0 0 0 0 0 
0 0 0 0 0 0 0 1 2 1 7 3 1 3 1 4 4 2 2 2 2 1 0 1 0 2 0 0 0 0 0 1 1 0 1 0 1 0 1 0 0 0 1 2 0 1 0 0 0 0 0 0 0 0 1 1 0 0 0 0 0 0 0 0 0 1 0 1 0 1 1 1 0 1 3 7 2 3 4 4 4 2 2 0 1 3 1 3 1 2 1 1 0 0 0 0 0 0 0 0 
0 0 0 0 0 0 1 3 1 5 1 3 3 3 3 1 2 4 4 1 1 2 0 1 3 1 1 0 1 0 0 0 1 2 0 0 0 1 0 1 2 1 0 0 2 0 1 0 2 1 0 0 0 1 0 0 0 0 0 0 0 0 0 0 1 0 0 1 0 1 1 2 0 2 2 0 5 3 3 2 4 2 3 0 0 0 0 2 1 2 1 2 0 0 0 0 0 0 0 0 
0 1 0 0 0 0 0 1 2 2 0 7 3 4 3 2 1 1 5 3 2 1 1 1 0 1 0 1 0 0 0 1 0 0 1 1 0 1 0 1 1 0 0 0 0 0 0 0 0 0 1 0 1 1 1 0 1 0 0 0 0 0 0 0 1 0 0 0 1 1 0 1 1 2 2 3 4 4 5 3 5 4 0 0 1 1 4 0 2 1 0 1 0 0 0 0 0 0 0 0 
0 0 1 0 0 1 0 1 1 4 7 1 4 2 6 1 7 4 1 0 0 1 0 1 0 3 1 0 0 0 0 0 0 0 0 1 1 0 1 0 0 1 0 0 1 0 1 1 1 0 2 0 0 0 0 0 0 0 0 0 0 0 0 0 0 2 0 0 1 2 1 1 0 2 3 2 3 2 1 3 3 3 2 1 0 1 0 2 3 2 1 0 1 1 0 0 0 0 0 0 
0 0 0 0 0 0 3 1 2 2 1 4 3 0 1 5 4 3 2 0 1 1 2 0 3 0 0 0 0 0 0 0 1 1 0 0 1 0 1 1 1 2 1 1 0 2 0 0 0 0 0 1 1 0 1 1 0 0 0 0 0 0 0 0 0 1 1 0 2 0 0 0 2 1 4 2 2 2 2 7 2 6 1 2 0 0 1 1 0 2 3 0 1 1 0 0 0 0 0 0 
0 0 0 1 0 1 0 1 6 2 3 3 3 3 3 4 3 2 0 1 0 0 2 1 0 1 1 2 1 0 0 0 0 0 0 1 0 2 0 1 1 1 1 0 0 0 0 1 1 1 0 1 0 2 1 0 1 0 0 0 0 0 0 0 0 0 2 1 0 0 1 1 1 0 3 2 2 4 2 0 4 4 5 2 0 0 0 0 1 1 3 1 1 0 0 0 0 0 0 0 
0 0 0 0 1 1 2 0 4 3 3 4 1 3 3 5 2 0 0 0 0 0 1 1 0 0 3 0 0 0 0 0 0 0 1 0 0 0 2 0 0 1 1 1 2 1 0 0 1 1 0 1 0 0 0 2 0 0 0 0 0 0 0 0 0 0 0 2 0 1 0 0 2 0 1 3 3 2 4 2 5 3 3 3 2 0 0 1 2 1 1 4 1 1 2 0 0 0 0 0 
0 0 0 0 0 1 0 5 2 3 4 1 3 5 6 4 0 0 0 0 1 0 0 1 1 0 1 1 1 0 0 0 0 0 1 1 0 0 0 2 0 1 2 1 3 0 1 0 0 2 1 0 1 0 0 0 1 0 0 0 0 0 0 0 0 0 0 0 2 0 1 1 0 2 2 3 0 4 3 2 2 1 4 1 2 2 0 0 2 1 0 3 2 1 0 2 0 0 0 0 
0 0 1 0 1 0 3 4 4 5 0 3 4 5 3 0 2 0 0 0 0 0 2 1 1 0 0 1 1 2 0 0 0 0 0 0 1 0 0 0 4 0 0 2 0 1 1 0 0 0 1 1 1 0 0 0 0 1 0 0 0 0 0 0 0 0 1 1 1 0 1 1 2 2 1 2 4 2 0 3 2 4 1 4 3 1 0 0 0 1 2 0 3 1 1 0 0 0 0 0 
0 1 0 1 3 2 5 4 2 1 1 4 8 3 2 1 0 0 0 0 0 0 0 1 0 1 0 1 0 2 2 0 0 0 0 0 0 1 0 0 0 2 1 2 0 0 0 2 2 1 0 2 1 0 0 0 0 0 0 0 0 0 0 0 0 1 0 0 0 1 0 0 1 3 1 0 1 2 3 3 2 2 5 2 0 3 1 0 0 3 0 1 2 2 1 1 0 0 0 0 
0 2 0 5 1 3 5 2 4 6 3 3 0 0 1 1 0 0 0 0 0 0 0 0 1 0 2 0 1 2 0 2 0 0 0 0 1 0 0 0 1 0 1 1 1 1 0 1 0 1 0 0 0 0 0 2 0 0 0 0 0 1 0 0 0 0 0 0 0 2 1 3 1 2 1 0 0 2 1 2 1 1 1 2 6 3 3 2 1 0 1 2 0 0 2 1 3 0 1 0 
0 0 0 0 2 1 2 2 4 2 3 4 1 3 2 1 0 0 0 0 0 0 0 1 2 1 1 1 2 0 3 0 1 0 0 0 0 1 1 1 0 0 3 0 1 0 1 1 0 0 1 0 0 1 0 0 0 0 1 0 0 0 0 0 0 0 0 0 0 0 1 1 4 2 2 3 1 2 4 3 1 3 4 5 4 1 1 1 0 0 0 1 1 2 1 1 0 0 0 0 
0 1 0 1 0 4 2 5 1 0 7 4 4 5 0 0 0 0 0 0 0 1 0 0 1 1 0 2 1 0 0 1 0 0 0 0 0 0 1 1 0 1 0 2 1 2 3 0 1 1 0 0 2 2 0 0 0 1 1 0 0 0 0 0 0 0 0 0 0 0 1 2 0 2 0 0 2 2 5 2 2 2 3 3 3 1 0 1 1 0 1 0 1 1 3 0 2 0 0 0 
0 0 2 1 2 2 2 1 0 5 4 5 3 0 0 0 0 0 0 0 0 0 0 0 1 2 0 0 1 1 1 1 2 1 0 0 0 0 0 0 1 0 1 1 1 2 0 1 1 2 0 0 0 0 2 0 0 0 0 2 0 0 0 0 1 0 0 0 0 1 4 1 1 1 1 1 1 0 2 3 4 2 2 6 3 2 3 0 1 1 2 1 1 1 1 1 1 0 0 0 
0 2 1 0 0 3 1 3 3 2 1 2 0 2 0 0 0 0 0 0 0 0 0 0 0 0 2 1 2 1 0 0 3 1 0 0 0 0 0 1 1 0 0 1 0 0 2 1 0 1 1 0 0 0 1 0 0 2 0 0 0 1 1 0 0 0 0 0 3 1 1 0 3 1 1 4 0 1 1 0 4 3 3 1 0 13 3 5 0 1 0 0 2 0 1 0 1 3 0 1 
0 0 0 0 1 3 1 0 0 4 4 2 2 0 1 0 0 0 0 0 0 0 0 0 0 2 1 2 1 0 0 1 0 1 0 0 0 0 1 1 0 1 0 0 1 0 1 0 2 0 2 0 0 0 0 1 2 0 0 0 2 0 0 0 0 0 0 0 0 4 2 1 3 1 2 1 2 2 0 2 3 4 2 4 7 4 4 1 0 1 1 1 0 1 1 3 1 2 0 0 
0 0 1 2 5 3 3 1 6 3 4 0 2 0 0 0 0 0 0 0 0 0 1 0 0 0 0 2 0 2 0 1 0 1 2 0 0 0 1 0 0 1 0 0 1 3 1 0 2 0 2 1 0 0 0 1 0 0 2 0 0 0 1 0 0 1 0 2 0 0 0 1 0 1 0 1 4 0 1 1 1 1 2 3 5 1 7 1 4 0 1 1 0 2 0 3 1 0 0 0 
1 0 2 3 2 2 2 3 1 4 2 0 0 0 0 0 0 0 0 0 0 0 0 0 0 1 0 0 3 2 2 1 0 1 1 1 0 1 0 0 0 0 0 1 1 2 0 1 0 1 0 2 1 0 0 0 1 0 0 2 0 0 0 1 0 0 2 1 2 0 0 1 0 0 2 0 0 3 0 1 1 3 2 3 4 2 6 8 2 2 1 0 1 2 0 0 1 1 0 1 
1 2 1 0 1 0 5 7 6 2 1 2 0 0 0 0 0 0 0 0 0 0 0 0 0 0 1 0 0 0 2 1 0 1 2 1 1 1 0 0 0 0 1 0 0 1 0 2 1 0 0 1 1 1 1 0 0 1 0 0 2 0 0 1 1 1 0 0 0 1 1 2 0 2 1 0 0 1 0 0 1 1 4 3 3 4 2 3 5 2 1 1 2 1 0 2 1 1 2 0 
1 0 3 2 2 2 2 1 4 3 1 0 1 0 0 0 0 0 0 0 0 0 0 0 0 0 0 0 1 2 2 0 1 0 0 4 1 0 0 1 0 0 1 0 0 1 3 0 0 2 1 0 1 1 1 0 0 0 0 1 0 1 0 0 2 1 1 1 1 0 2 0 1 0 0 1 1 0 3 0 0 2 1 1 3 4 5 6 7 3 1 1 1 0 1 0 0 2 0 1 
0 1 0 1 1 4 3 4 3 1 1 1 0 0 0 0 0 0 0 0 0 0 0 0 0 0 0 1 0 1 2 3 1 0 1 0 2 1 0 0 0 0 0 1 2 0 1 3 0 0 0 0 1 0 1 1 0 0 1 0 0 1 2 0 1 1 1 1 1 2 0 1 1 1 1 0 1 0 0 2 0 0 1 4 1 4 4 6 5 6 4 1 0 0 0 0 1 0 3 0 
2 2 0 2 8 3 2 7 3 0 1 0 0 0 0 0 0 0 0 0 0 0 0 0 0 0 0 0 0 1 1 1 3 2 0 1 0 2 0 1 0 2 1 0 0 0 0 1 1 1 0 2 0 1 1 0 0 0 1 0 0 1 0 4 1 1 0 2 1 1 1 1 0 0 0 0 0 1 0 0 2 1 0 1 0 1 0 6 2 6 3 2 4 0 1 0 0 1 2 1 
0 2 2 1 2 4 4 0 1 2 0 0 0 0 0 0 0 0 0 0 0 0 0 0 0 0 0 0 0 0 0 3 2 1 2 0 3 0 1 0 1 0 0 1 0 0 1 0 1 0 2 1 1 1 0 1 1 1 0 0 1 1 1 1 2 1 1 0 1 0 0 2 0 0 0 1 1 0 1 1 1 0 1 0 2 1 6 2 5 6 9 3 0 3 0 1 0 2 1 0 
3 2 0 5 2 3 2 3 2 0 0 0 0 0 0 0 0 0 0 0 0 0 0 0 0 0 0 0 0 0 0 1 1 5 1 2 0 1 3 0 1 1 0 0 0 0 0 0 1 0 1 0 1 0 0 3 1 1 0 1 1 0 2 0 0 1 1 2 0 2 0 0 0 0 0 0 0 1 1 1 0 1 0 2 1 2 2 2 6 4 4 6 4 3 0 2 1 0 0 1 
0 0 5 1 1 5 2 2 2 1 0 0 0 0 0 0 0 0 0 0 0 0 0 0 0 0 0 0 0 0 1 0 1 1 5 1 0 1 1 0 3 1 0 0 1 1 0 0 0 1 0 2 2 0 0 1 2 0 0 1 0 2 1 1 0 0 3 0 3 0 1 0 1 0 0 0 0 0 1 1 0 1 1 1 1 1 1 2 4 6 7 6 7 1 1 0 0 0 1 0 
2 0 0 3 3 0 5 3 0 0 0 0 0 0 0 0 0 0 0 0 0 0 0 0 0 0 0 0 0 0 0 1 2 0 1 3 1 1 0 3 1 0 2 0 0 0 0 0 0 0 1 0 1 2 1 0 0 2 1 1 1 0 1 1 1 1 1 4 0 1 0 1 0 0 0 0 0 0 0 0 2 1 1 0 1 0 3 2 3 4 5 9 4 7 4 0 1 0 0 1 
1 3 3 2 3 4 3 1 0 0 0 0 0 0 0 0 0 0 0 0 0 0 0 0 0 0 0 0 0 1 0 0 1 2 1 1 2 1 2 2 0 1 0 2 0 0 0 0 0 0 0 1 0 1 1 0 0 2 3 1 1 2 0 0 2 2 1 0 3 0 1 0 0 0 0 0 0 0 0 1 0 1 2 0 1 1 0 1 2 2 3 6 7 5 6 3 1 0 1 0 
0 1 0 2 3 3 2 0 0 0 0 0 0 0 0 0 0 0 0 0 0 0 0 0 0 0 0 0 0 0 1 1 0 0 1 2 3 4 0 1 0 2 2 0 1 0 0 0 0 1 0 0 1 0 1 2 2 0 1 3 2 0 0 2 0 3 2 1 0 2 0 0 1 0 0 0 0 0 0 0 1 0 1 1 1 0 1 2 1 3 5 4 7 7 8 4 0 1 0 0 
0 1 3 4 8 3 1 0 0 0 0 0 0 0 0 0 0 0 0 0 0 0 0 0 0 0 0 1 0 0 0 0 0 0 0 2 1 3 4 1 0 0 1 1 2 0 1 0 0 1 0 0 0 1 0 2 0 2 1 1 1 2 2 1 2 1 1 1 0 0 1 1 0 1 0 0 0 0 0 0 0 1 0 1 2 1 0 0 2 0 2 4 4 6 7 3 6 1 0 1 
1 1 2 3 3 4 5 1 0 0 0 0 0 0 0 0 0 0 0 0 0 0 0 0 0 0 0 0 1 0 1 0 0 0 0 1 4 1 2 0 2 1 0 1 2 1 0 0 0 1 0 0 0 1 4 0 3 0 1 1 2 1 1 0 1 1 1 1 1 0 2 0 0 1 0 0 0 0 0 1 0 0 1 1 0 2 0 1 0 2 3 4 5 8 7 4 1 0 0 0 
0 2 6 5 2 1 0 0 0 0 0 0 0 0 0 0 0 0 0 0 0 0 0 0 0 0 1 0 0 1 0 0 0 1 2 0 1 1 2 3 1 0 0 2 1 1 0 1 0 0 0 0 0 1 0 2 1 0 3 0 3 2 3 2 1 0 0 0 1 1 0 1 0 0 1 0 1 0 0 0 0 0 0 1 1 0 1 0 1 2 0 1 5 4 5 12 4 6 0 0 
1 5 6 11 0 0 0 0 0 0 0 0 0 0 0 0 0 0 0 0 0 0 0 0 1 0 0 0 1 1 0 0 1 0 0 0 0 0 1 0 1 4 0 1 2 1 1 2 0 0 3 0 0 1 2 0 2 1 0 2 1 1 0 1 1 0 0 1 0 1 0 1 1 0 0 2 1 0 1 0 0 0 0 0 0 0 2 0 1 2 0 0 1 2 1 4 8 9 6 1 
1 1 3 5 3 3 0 0 0 0 0 0 0 0 0 0 0 0 0 0 0 1 0 1 0 0 2 0 0 0 0 0 0 0 0 0 0 0 1 0 0 1 1 3 1 3 1 0 1 1 0 2 1 3 1 2 1 1 0 0 0 0 1 1 0 1 0 1 2 1 2 0 1 0 0 0 1 0 1 2 0 0 0 0 0 0 0 3 1 0 1 3 0 4 8 8 10 2 2 0 
3 2 6 3 3 2 0 0 0 0 0 0 0 0 0 0 0 0 0 0 0 0 0 1 0 0 0 1 0 0 0 1 1 0 1 0 0 0 0 1 2 2 2 0 0 0 3 2 1 1 0 2 0 1 0 0 3 1 2 1 1 1 2 1 1 1 0 0 1 0 1 0 0 1 0 0 0 0 0 0 0 0 0 0 0 2 1 0 0 0 1 2 1 4 5 6 9 9 2 0 
0 6 5 4 4 0 0 0 0 0 0 0 0 0 0 0 0 0 0 0 0 0 0 0 0 1 0 0 0 0 0 0 0 2 0 0 1 1 0 3 2 1 1 0 1 1 1 0 1 0 0 0 2 1 1 0 0 3 0 4 0 0 2 2 1 1 1 0 0 1 1 0 1 0 0 1 1 0 0 0 0 0 0 0 1 0 1 1 1 1 1 0 1 1 2 8 6 8 9 1 
0 10 7 0 0 0 0 0 0 0 0 0 0 0 0 0 0 0 0 0 0 0 1 0 0 0 1 0 0 0 1 1 0 0 0 1 0 0 1 0 3 0 0 2 0 0 1 1 3 0 2 0 1 0 1 1 0 1 1 0 1 4 0 2 1 2 1 0 0 0 0 2 1 0 1 1 0 0 0 0 0 0 0 0 0 1 0 0 1 0 2 0 0 0 2 1 8 11 11 7 
2 16 10 0 0 0 0 0 0 0 0 0 0 0 0 0 0 0 0 0 1 0 0 0 0 1 0 1 0 0 1 0 0 0 0 0 0 1 0 1 0 1 2 0 1 1 0 1 0 4 0 2 0 1 0 1 1 1 0 2 3 0 0 0 3 0 1 2 1 0 0 0 0 1 1 0 1 1 1 0 0 0 0 0 0 0 0 0 1 2 0 1 1 0 0 2 1 7 16 2 
27 0 0 1 0 0 0 0 0 0 0 0 0 0 0 0 0 0 0 0 0 0 0 0 0 0 0 0 1 1 0 0 0 0 0 0 0 0 0 1 0 1 2 0 0 0 0 2 0 1 2 0 2 0 0 0 0 0 2 0 1 1 2 0 1 1 1 1 0 1 0 0 1 0 2 0 0 0 0 0 0 0 0 0 0 0 0 1 0 0 1 0 1 0 0 0 1 4 4 33 
26 8 0 0 0 0 0 0 0 0 0 0 0 0 0 0 0 0 0 1 0 0 0 0 1 0 0 1 1 0 0 0 0 0 0 0 0 0 0 0 1 0 2 1 0 1 1 1 3 0 2 2 1 0 0 0 1 2 2 0 0 1 1 2 0 0 2 0 1 1 1 0 0 1 0 1 0 2 0 0 0 0 0 0 0 0 0 0 0 1 2 0 0 1 1 0 2 1 8 13 

Pair-order violations matrix
0 52 47 47 49 50 46 50 51 51 54 49 47 46 50 54 47 50 47 49 47 54 49 38 49 53 52 51 49 48 48 50 42 49 45 47 50 49 52 58 43 43 50 51 49 49 43 48 46 50 46 59 46 54 45 46 52 41 58 39 53 47 51 48 56 48 52 47 50 50 52 50 46 52 41 38 36 46 40 44 41 39 49 37 37 39 35 40 34 40 41 38 43 38 41 39 37 47 41 54 
52 0 41 39 42 43 38 42 43 44 47 42 38 39 41 45 41 45 41 40 40 45 45 32 41 45 44 43 41 42 41 42 35 40 38 40 40 39 44 49 37 36 43 42 42 45 37 40 40 43 39 54 39 49 40 38 48 37 52 32 44 40 44 42 52 42 44 42 46 44 47 46 38 48 35 33 31 40 35 38 32 34 41 31 31 31 29 33 24 31 33 30 36 30 32 32 28 40 37 45 
47 41 0 47 43 47 46 47 49 50 55 46 47 44 46 51 46 48 46 46 44 52 50 38 42 51 48 46 46 47 45 45 41 45 40 45 46 45 50 55 37 43 48 45 49 47 42 45 43 51 43 59 46 54 44 45 50 43 59 39 51 45 50 48 53 48 51 45 47 50 52 51 46 48 42 37 34 47 39 43 39 38 46 35 39 38 33 39 32 39 40 36 42 37 37 38 35 45 41 51 
47 39 47 0 43 43 39 44 43 46 47 44 39 41 43 47 40 46 41 41 40 47 43 33 42 46 44 43 41 43 40 42 35 40 37 40 43 43 44 51 35 38 43 43 45 44 37 41 39 44 40 55 39 48 39 38 47 34 54 34 46 42 46 43 50 42 43 43 43 44 47 47 40 45 38 31 28 41 36 36 33 35 42 30 33 32 29 33 26 33 33 31 36 31 34 33 29 39 37 46 
49 42 43 43 0 41 36 39 42 43 46 41 41 38 39 45 37 42 38 39 37 45 42 30 37 43 42 39 38 41 38 39 32 38 34 38 39 38 41 48 31 36 41 41 42 39 33 40 36 43 37 52 37 47 38 36 44 35 51 33 44 38 45 42 50 40 44 40 40 43 46 43 36 43 35 28 25 39 32 37 31 31 39 29 32 30 25 31 24 30 32 29 35 29 31 29 28 38 35 45 
50 43 47 43 41 0 44 43 47 49 53 45 44 46 44 51 45 45 45 44 43 50 48 35 43 49 47 47 46 47 46 45 40 44 41 45 43 43 47 52 37 42 47 45 45 45 39 44 41 46 40 55 43 51 42 39 47 40 54 37 48 42 47 45 51 44 50 39 45 46 49 45 42 50 37 31 30 39 37 39 38 36 44 33 37 37 30 37 29 37 38 33 41 34 37 34 33 45 38 51 
46 38 46 39 36 44 0 46 46 50 53 45 48 46 44 51 45 47 44 44 41 51 48 36 43 50 47 47 47 46 46 46 39 45 41 45 46 46 49 55 37 44 49 46 47 46 41 46 44 49 41 60 41 53 44 44 48 38 58 37 51 43 50 48 53 46 50 43 48 47 52 50 44 47 41 35 33 44 41 39 39 36 48 36 40 36 35 36 30 39 39 34 41 37 39 36 33 44 39 52 
50 42 47 44 39 43 46 0 47 47 54 47 47 44 46 50 44 49 46 46 44 52 51 37 43 51 50 48 48 50 47 46 41 44 43 48 46 43 49 55 39 43 48 47 48 45 41 46 44 51 44 58 44 52 42 40 49 42 57 39 52 44 50 46 55 44 50 42 48 49 51 45 43 50 41 35 33 45 40 43 41 38 47 34 39 38 33 39 32 40 40 36 44 37 39 37 36 47 41 54 
51 43 49 43 42 47 46 47 0 49 58 44 46 46 45 51 44 46 45 45 42 51 49 35 42 50 47 47 46 47 46 45 39 43 41 45 44 43 48 54 36 43 46 44 47 44 40 45 41 47 42 57 42 52 41 41 47 40 55 37 49 45 49 48 51 45 49 40 45 47 51 46 42 47 41 31 29 42 37 41 38 36 44 33 39 38 33 37 29 37 38 34 41 35 37 34 34 45 39 53 
51 44 50 46 43 49 50 47 49 0 57 50 48 47 49 54 48 52 50 50 48 55 53 39 48 54 52 51 51 51 49 50 44 49 46 50 49 49 53 57 44 45 51 48 50 49 45 49 46 52 48 62 48 54 45 45 52 44 60 37 53 47 51 50 55 49 53 44 50 52 53 50 45 51 42 40 36 47 41 46 42 40 50 36 41 42 38 40 35 42 44 39 45 40 42 41 40 51 43 56 
54 47 55 47 46 53 53 54 58 57 0 48 46 44 44 48 38 46 44 43 41 52 46 35 42 48 46 46 45 46 46 45 39 43 42 44 44 43 48 53 37 42 46 46 47 45 40 47 43 48 40 59 41 52 42 39 47 37 55 38 49 45 48 47 50 46 48 41 44 48 50 48 44 48 42 34 30 44 41 38 38 38 46 33 39 38 33 37 31 38 39 35 41 36 39 37 34 45 38 51 
49 42 46 44 41 45 45 47 44 50 48 0 52 46 48 51 48 52 49 48 47 53 52 38 45 53 51 50 48 50 48 48 44 45 42 49 47 45 52 55 40 44 50 48 48 46 44 48 44 51 45 61 45 54 43 42 51 41 59 40 53 44 50 47 55 45 50 44 49 49 50 48 46 51 40 34 35 46 41 44 41 39 49 35 40 39 34 39 32 42 41 36 44 38 40 37 36 47 40 53 
47 38 47 39 41 44 48 47 46 48 46 52 0 42 46 49 43 49 47 44 43 52 50 36 45 51 49 49 47 48 48 46 41 44 44 47 43 45 49 55 40 43 48 47 47 46 40 48 45 50 44 61 43 53 42 41 50 41 57 38 51 43 49 48 54 44 50 43 48 49 52 50 43 50 41 35 33 45 40 42 37 39 48 34 39 38 34 39 32 40 40 36 43 37 39 37 35 46 40 53 
46 39 44 41 38 46 46 44 46 47 44 46 42 0 48 53 48 51 49 47 46 56 52 38 45 53 52 49 48 48 49 47 43 48 43 47 47 46 52 55 40 46 49 50 51 46 44 49 45 53 45 61 46 55 43 44 51 43 57 42 54 43 51 47 54 47 52 42 49 49 53 51 47 52 43 36 34 48 41 42 41 40 48 38 43 40 35 41 35 42 43 38 45 40 42 38 39 49 41 54 
50 41 46 43 39 44 44 46 45 49 44 48 46 48 0 56 58 50 46 46 42 52 47 37 42 49 46 46 48 47 45 45 38 43 42 46 43 45 46 54 38 42 46 44 47 44 40 45 41 48 41 59 42 53 39 42 46 39 56 38 49 45 49 46 52 42 50 41 46 48 49 47 41 47 40 33 30 43 39 40 38 36 49 34 37 35 32 35 29 37 37 33 39 34 36 34 33 45 39 50 
54 45 51 47 45 51 51 50 51 54 48 51 49 53 56 0 49 50 47 47 43 53 51 37 42 50 49 46 48 48 46 45 41 44 43 47 43 42 50 53 39 42 45 45 49 46 41 46 44 51 41 60 44 54 42 41 46 40 57 38 51 45 50 46 51 44 51 42 46 51 51 47 44 50 42 33 31 45 39 43 41 37 48 34 41 38 32 38 31 39 39 35 41 36 39 36 34 46 37 51 
47 41 46 40 37 45 45 44 44 48 38 48 43 48 58 49 0 50 47 45 44 53 49 36 45 51 49 49 48 48 48 47 41 45 44 47 45 46 50 55 41 44 48 48 47 47 41 49 45 51 43 63 44 52 43 42 51 41 59 38 51 44 49 50 54 47 50 45 47 50 52 52 44 51 41 37 33 46 41 42 39 41 48 35 40 39 34 39 33 40 41 37 44 38 41 38 36 47 40 53 
50 45 48 46 42 45 47 49 46 52 46 52 49 51 50 50 50 0 45 48 41 51 47 34 40 47 46 44 44 43 43 43 38 42 39 43 42 41 45 51 35 40 43 44 45 41 37 44 40 47 38 56 42 50 38 38 46 39 54 37 46 40 48 45 50 41 49 39 42 46 48 46 39 45 38 31 26 44 37 38 37 35 44 32 37 34 29 36 29 35 37 32 40 33 36 33 33 44 37 49 
47 41 46 41 38 45 44 46 45 50 44 49 47 49 46 47 47 45 0 59 47 55 53 41 48 56 54 51 52 52 50 52 44 48 45 50 50 49 55 58 44 48 53 51 51 50 46 49 47 52 47 61 47 55 47 44 53 44 61 39 52 49 52 49 55 50 51 44 50 52 53 50 45 52 43 40 37 47 41 47 41 41 48 39 41 40 37 41 34 42 45 39 46 41 42 40 40 51 44 57 
49 40 46 41 39 44 44 46 45 50 43 48 44 47 46 47 45 48 59 0 40 42 49 38 44 50 48 50 46 47 48 46 41 42 43 46 44 46 49 55 42 41 47 47 48 47 40 47 44 49 47 59 45 52 41 40 50 42 55 37 51 44 47 49 54 44 50 44 48 50 50 49 45 51 42 34 34 44 38 41 38 38 48 34 38 38 33 38 32 40 41 37 43 37 39 40 36 47 39 52 
47 40 44 40 37 43 41 44 42 48 41 47 43 46 42 43 44 41 47 40 0 58 55 43 46 55 53 55 51 53 53 51 45 49 45 49 51 50 56 59 45 48 52 53 54 52 45 49 47 55 47 60 48 60 47 46 52 44 58 43 56 48 52 49 53 47 57 44 50 54 56 51 48 53 48 42 36 49 42 44 43 40 53 41 43 41 39 42 36 44 46 41 48 43 43 43 41 52 45 57 
54 45 52 47 45 50 51 52 51 55 52 53 52 56 52 53 53 51 55 42 58 0 55 41 51 56 54 54 51 52 53 53 47 51 50 52 49 50 54 60 46 47 52 51 53 53 45 53 49 55 50 63 50 58 47 48 55 47 60 41 55 48 53 53 58 49 55 48 54 53 56 51 47 55 45 41 39 50 45 45 43 43 54 40 44 43 39 44 37 44 45 42 48 42 43 43 40 52 46 57 
49 45 50 43 42 48 48 51 49 53 46 52 50 52 47 51 49 47 53 49 55 55 0 39 48 54 52 52 50 50 51 52 45 49 47 51 48 49 54 58 43 48 52 51 51 48 44 51 49 55 48 63 48 56 46 47 52 44 61 41 52 48 54 50 57 49 54 45 52 51 54 53 47 52 45 38 37 48 43 46 42 42 51 39 43 40 38 41 36 43 44 40 46 41 43 41 39 50 43 56 
38 32 38 33 30 35 36 37 35 39 35 38 36 38 37 37 36 34 41 38 43 41 39 0 50 52 53 53 52 53 52 53 47 50 48 55 52 50 55 59 46 49 54 54 54 50 45 53 52 57 50 66 50 57 48 49 54 49 62 46 55 48 56 51 60 50 58 47 55 55 58 56 49 56 49 40 40 50 45 50 46 44 53 42 47 45 41 45 40 47 46 43 49 45 47 44 42 54 47 59 
49 41 42 42 37 43 43 43 42 48 42 45 45 45 42 42 45 40 48 44 46 51 48 50 0 56 54 53 53 54 51 49 45 46 45 51 49 48 53 57 44 49 51 51 54 47 48 49 49 55 47 62 49 58 44 45 51 45 59 45 55 51 51 50 54 47 55 41 51 55 55 52 46 52 48 40 35 49 42 46 45 42 51 38 44 42 38 41 35 45 45 40 47 40 43 43 41 53 45 57 
53 45 51 46 43 49 50 51 50 54 48 53 51 53 49 50 51 47 56 50 55 56 54 52 56 0 46 51 45 48 41 45 38 44 41 47 44 43 47 52 41 41 46 47 49 47 38 44 42 49 45 57 43 54 43 42 49 42 55 40 50 45 48 46 53 46 51 43 47 51 53 47 44 51 41 34 30 43 37 42 38 37 46 34 41 38 30 37 30 37 38 35 40 35 39 37 34 46 39 51 
52 44 48 44 42 47 47 50 47 52 46 51 49 52 46 49 49 46 54 48 53 54 52 53 54 46 0 54 53 48 46 47 43 42 39 45 47 47 49 54 38 44 49 47 47 46 41 45 41 50 41 59 45 51 41 41 49 40 57 38 49 44 48 48 52 43 49 42 44 49 49 49 44 47 42 34 32 45 38 40 39 38 48 34 38 36 32 36 30 40 39 35 42 36 38 38 34 46 39 50 
51 43 46 43 39 47 47 48 47 51 46 50 49 49 46 46 49 44 51 50 55 54 52 53 53 51 54 0 40 44 42 44 38 40 38 42 41 40 46 49 37 39 41 43 47 42 39 42 40 49 40 51 43 51 40 40 45 38 53 36 46 43 47 43 49 42 48 43 45 47 46 44 40 46 38 32 30 41 37 39 35 34 46 31 37 33 29 34 28 35 36 32 38 32 34 35 32 43 37 45 
49 41 46 41 38 46 47 48 46 51 45 48 47 48 48 48 48 44 52 46 51 51 50 52 53 45 53 40 0 42 44 42 39 42 40 45 42 43 47 54 38 37 43 44 46 44 38 44 39 48 43 57 43 50 39 39 48 40 53 33 47 39 45 47 50 40 47 42 42 47 51 47 39 46 39 33 29 43 33 41 35 33 43 31 35 35 33 36 30 37 38 35 40 35 37 37 34 44 39 51 
48 42 47 43 41 47 46 50 47 51 46 50 48 48 47 48 48 43 52 47 53 52 50 53 54 48 48 44 42 0 50 47 50 45 45 49 51 50 53 60 44 45 51 50 53 54 43 47 45 53 47 60 51 55 45 47 55 46 59 41 51 44 52 49 53 48 54 46 50 53 54 53 47 50 45 40 36 50 42 44 41 43 51 38 40 40 38 44 37 43 44 41 47 42 41 44 40 51 44 56 
48 41 45 40 38 46 46 47 46 49 46 48 48 49 45 46 48 43 50 48 53 53 51 52 51 41 46 42 44 50 0 45 43 44 39 46 46 44 47 51 40 42 45 47 49 43 41 43 42 52 43 55 45 54 41 45 48 43 53 41 48 44 50 43 53 45 52 44 49 49 49 50 42 49 40 37 33 43 38 43 36 36 49 34 41 36 33 37 31 38 38 34 41 35 36 37 35 47 39 48 
50 42 45 42 39 45 46 46 45 50 45 48 46 47 45 45 47 43 52 46 51 53 52 53 49 45 47 44 42 47 45 0 50 45 41 47 46 44 51 53 40 42 48 48 48 44 45 46 44 51 42 56 44 56 42 42 47 42 56 38 54 43 47 46 50 43 51 44 47 48 52 46 42 49 40 36 34 43 38 44 38 37 47 35 39 40 32 39 33 41 40 36 43 37 39 38 37 47 43 52 
42 35 41 35 32 40 39 41 39 44 39 44 41 43 38 41 41 38 44 41 45 47 45 47 45 38 43 38 39 50 43 50 0 39 41 45 46 44 47 54 39 42 45 47 50 47 38 44 42 50 44 55 43 51 41 42 48 40 55 38 49 44 51 47 53 44 50 45 48 51 50 47 42 47 45 35 32 43 36 43 38 37 47 35 40 36 31 35 30 37 37 36 42 36 37 37 34 46 39 51 
49 40 45 40 38 44 45 44 43 49 43 45 44 48 43 44 45 42 48 42 49 51 49 50 46 44 42 40 42 45 44 45 39 0 40 45 45 41 46 53 39 39 44 44 45 43 39 42 41 48 42 54 42 50 37 39 46 39 51 37 50 46 43 45 50 43 46 39 46 47 47 42 42 47 39 33 32 43 37 37 38 34 45 30 35 35 31 35 28 37 37 32 40 33 35 36 34 45 41 50 
45 38 40 37 34 41 41 43 41 46 42 42 44 43 42 43 44 39 45 43 45 50 47 48 45 41 39 38 40 45 39 41 41 40 0 45 43 45 45 52 38 38 44 45 45 42 38 43 41 48 42 54 44 51 40 40 49 38 53 38 48 44 47 48 51 42 49 43 45 49 49 48 40 43 41 31 30 45 33 39 36 34 44 31 36 33 30 32 28 36 37 32 39 32 36 36 34 44 40 49 
47 40 45 40 38 45 45 48 45 50 44 49 47 47 46 47 47 43 50 46 49 52 51 55 51 47 45 42 45 49 46 47 45 45 45 0 45 49 51 57 42 41 49 48 49 49 41 46 46 49 46 59 46 53 42 43 51 42 56 35 51 46 49 50 55 45 51 43 49 49 52 49 45 50 42 38 35 45 36 42 41 37 47 36 37 36 34 36 31 38 41 37 42 37 39 39 36 47 42 53 
50 40 46 43 39 43 46 46 44 49 44 47 43 47 43 43 45 42 50 44 51 49 48 52 49 44 47 41 42 51 46 46 46 45 43 45 0 41 47 53 39 41 46 45 47 47 41 44 42 49 42 60 43 53 41 42 48 44 55 39 51 41 47 46 53 44 50 42 49 49 52 50 41 48 43 36 36 44 39 42 37 37 45 35 38 37 33 40 31 39 38 36 41 37 36 38 34 47 40 52 
49 39 45 43 38 43 46 43 43 49 43 45 45 46 45 42 46 41 49 46 50 50 49 50 48 43 47 40 43 50 44 44 44 41 45 49 41 0 54 57 45 45 50 50 52 48 43 52 47 54 48 62 46 54 47 44 49 45 59 40 55 49 49 52 52 50 53 45 50 53 54 50 46 54 47 37 37 46 40 47 41 40 48 37 43 44 37 42 36 44 44 40 47 41 43 41 40 51 45 58 
52 44 50 44 41 47 49 49 48 53 48 52 49 52 46 50 50 45 55 49 56 54 54 55 53 47 49 46 47 53 47 51 47 46 45 51 47 54 0 50 42 42 50 48 46 46 42 45 40 48 45 57 43 53 41 42 52 42 50 38 49 44 47 46 52 45 47 45 48 47 48 48 40 50 40 37 34 46 39 42 35 35 46 35 38 37 33 37 30 38 40 33 43 35 36 37 37 48 40 51 
58 49 55 51 48 52 55 55 54 57 53 55 55 55 54 53 55 51 58 55 59 60 58 59 57 52 54 49 54 60 51 53 54 53 52 57 53 57 50 0 46 44 51 49 53 53 43 49 47 54 47 62 49 54 48 45 53 45 59 41 53 48 51 49 55 49 54 44 53 53 53 51 48 55 46 40 38 48 42 43 44 40 51 37 43 40 39 41 35 44 45 39 46 41 42 43 39 51 44 56 
43 37 37 35 31 37 37 39 36 44 37 40 40 40 38 39 41 35 44 42 45 46 43 46 44 41 38 37 38 44 40 40 39 39 38 42 39 45 42 46 0 47 50 49 50 48 46 48 43 53 45 61 49 56 44 46 51 44 61 39 53 46 53 50 54 45 52 48 47 50 54 49 45 50 44 39 34 48 42 45 42 41 52 39 42 41 38 41 35 43 44 41 46 41 42 42 39 50 44 55 
43 36 43 38 36 42 44 43 43 45 42 44 43 46 42 42 44 40 48 41 48 47 48 49 49 41 44 39 37 45 42 42 42 39 38 41 41 45 42 44 47 0 48 48 45 45 41 44 44 50 44 57 40 54 43 44 49 44 52 42 49 44 47 47 52 46 52 44 48 50 52 51 43 51 42 36 33 44 39 43 36 38 45 36 41 38 30 40 32 39 39 34 43 36 38 36 35 46 41 51 
50 43 48 43 41 47 49 48 46 51 46 50 48 49 46 45 48 43 53 47 52 52 52 54 51 46 49 41 43 51 45 48 45 44 44 49 46 50 50 51 50 48 0 44 51 46 41 43 42 51 43 58 45 54 42 42 46 42 56 39 49 43 46 44 49 43 53 39 45 51 52 45 42 48 42 33 30 45 38 42 40 36 47 32 38 37 32 39 32 39 39 35 41 36 37 37 35 46 39 52 
51 42 45 43 41 45 46 47 44 48 46 48 47 50 44 45 48 44 51 47 53 51 51 54 51 47 47 43 44 50 47 48 47 44 45 48 45 50 48 49 49 48 44 0 48 49 48 48 49 55 51 61 51 60 47 48 54 48 59 40 55 49 53 51 58 48 57 48 55 55 55 51 46 54 45 40 40 48 41 49 44 42 53 39 45 42 37 42 36 44 45 41 47 41 42 43 41 53 43 56 
49 42 49 45 42 45 47 48 47 50 47 48 47 51 47 49 47 45 51 48 54 53 51 54 54 49 47 47 46 53 49 48 50 45 45 49 47 52 46 53 50 45 51 48 0 55 48 55 54 60 52 65 52 61 48 52 56 49 65 48 58 52 57 55 61 52 57 52 55 58 58 57 54 54 48 45 42 54 47 50 48 48 57 46 48 47 42 46 41 49 47 45 52 45 50 47 43 54 47 60 
49 45 47 44 39 45 46 45 44 49 45 46 46 46 44 46 47 41 50 47 52 53 48 50 47 47 46 42 44 54 43 44 47 43 42 49 47 48 46 53 48 45 46 49 55 0 46 51 47 52 48 62 48 55 44 43 51 43 60 39 54 46 53 49 55 47 53 45 51 52 52 50 46 51 44 38 36 48 44 44 42 41 52 39 42 42 38 41 36 43 45 40 46 41 43 42 40 51 42 55 
43 37 42 37 33 39 41 41 40 45 40 44 40 44 40 41 41 37 46 40 45 45 44 45 48 38 41 39 38 43 41 45 38 39 38 41 41 43 42 43 46 41 41 48 48 46 0 45 54 50 42 58 45 53 41 43 51 42 55 39 48 43 50 48 54 44 51 44 47 48 50 48 42 50 41 33 31 45 40 41 38 40 48 36 39 36 31 39 31 37 40 37 43 37 37 37 35 47 40 51 
48 40 45 41 40 44 46 46 45 49 47 48 48 49 45 46 49 44 49 47 49 53 51 53 49 44 45 42 44 47 43 46 44 42 43 46 44 52 45 49 48 44 43 48 55 51 45 0 55 46 42 59 44 48 42 41 48 42 56 36 49 46 50 48 55 44 52 41 48 47 48 47 43 49 42 35 35 45 39 43 41 37 47 35 37 36 33 38 32 38 41 37 42 38 38 38 37 49 42 54 
46 40 43 39 36 41 44 44 41 46 43 44 45 45 41 44 45 40 47 44 47 49 49 52 49 42 41 40 39 45 42 44 42 41 41 46 42 47 40 47 43 44 42 49 54 47 54 55 0 47 42 53 40 48 41 38 44 39 55 38 48 43 47 44 53 41 48 44 46 47 49 46 40 46 42 32 30 41 36 41 35 34 45 31 38 36 32 34 29 37 34 33 39 33 37 36 32 43 40 49 
50 43 51 44 43 46 49 51 47 52 48 51 50 53 48 51 51 47 52 49 55 55 55 57 55 49 50 49 48 53 52 51 50 48 48 49 49 54 48 54 53 50 51 55 60 52 50 46 47 0 47 57 47 54 47 44 53 45 57 40 54 47 52 50 56 48 54 49 50 53 54 51 47 52 46 40 36 50 40 44 40 40 50 39 42 42 36 40 34 41 43 39 47 39 41 41 38 49 42 54 
46 39 43 40 37 40 41 44 42 48 40 45 44 45 41 41 43 38 47 47 47 50 48 50 47 45 41 40 43 47 43 42 44 42 42 46 42 48 45 47 45 44 43 51 52 48 42 42 42 47 0 61 50 57 43 46 49 42 57 39 51 45 53 48 52 44 52 44 48 49 52 50 46 51 43 34 33 45 41 44 42 39 51 36 41 38 36 40 34 42 41 38 43 39 40 39 37 48 42 54 
59 54 59 55 52 55 60 58 57 62 59 61 61 61 59 60 63 56 61 59 60 63 63 66 62 57 59 51 57 60 55 56 55 54 54 59 60 62 57 62 61 57 58 61 65 62 58 59 53 57 61 0 39 41 41 43 44 39 53 39 48 44 48 46 51 45 50 40 47 49 51 48 40 47 40 35 30 43 38 39 37 35 46 33 39 35 32 35 28 36 37 32 39 33 36 35 33 45 38 49 
46 39 46 39 37 43 41 44 42 48 41 45 43 46 42 44 44 42 47 45 48 50 48 50 49 43 45 43 43 51 45 44 43 42 44 46 43 46 43 49 49 40 45 51 52 48 45 44 40 47 50 39 0 53 53 45 53 46 55 40 51 46 48 48 55 48 53 45 52 51 55 52 45 53 42 40 37 44 40 45 39 41 49 38 41 40 36 40 34 41 41 38 46 39 42 40 37 49 40 54 
54 49 54 48 47 51 53 52 52 54 52 54 53 55 53 54 52 50 55 52 60 58 56 57 58 54 51 51 50 55 54 56 51 50 51 53 53 54 53 54 56 54 54 60 61 55 53 48 48 54 57 41 53 0 45 43 51 43 57 37 52 44 51 48 54 45 52 44 47 53 54 49 44 51 44 36 32 47 39 44 40 40 49 35 42 40 35 39 34 41 42 39 44 39 41 40 37 48 40 54 
45 40 44 39 38 42 44 42 41 45 42 43 42 43 39 42 43 38 47 41 47 47 46 48 44 43 41 40 39 45 41 42 41 37 40 42 41 47 41 48 44 43 42 47 48 44 41 42 41 47 43 41 53 45 0 41 50 43 56 41 48 47 49 46 52 46 53 42 46 50 51 48 46 47 42 34 33 48 41 40 41 36 48 36 38 38 33 40 33 39 42 35 42 37 40 39 37 48 38 53 
46 38 45 38 36 39 44 40 41 45 39 42 41 44 42 41 42 38 44 40 46 48 47 49 45 42 41 40 39 47 45 42 42 39 40 43 42 44 42 45 46 44 42 48 52 43 43 41 38 44 46 43 45 43 41 0 58 46 55 40 52 47 50 51 53 47 54 45 48 53 55 49 46 54 45 40 35 48 40 46 43 40 49 38 42 42 37 41 36 43 45 40 49 41 43 42 40 51 43 57 
52 48 50 47 44 47 48 49 47 52 47 51 50 51 46 46 51 46 53 50 52 55 52 54 51 49 49 45 48 55 48 47 48 46 49 51 48 49 52 53 51 49 46 54 56 51 51 48 44 53 49 44 53 51 50 58 0 41 63 41 56 48 55 52 53 48 52 49 49 53 57 53 48 52 47 40 36 50 45 47 43 42 52 40 45 44 40 43 37 46 45 42 47 43 45 43 40 51 45 58 
41 37 43 34 35 40 38 42 40 44 37 41 41 43 39 40 41 39 44 42 44 47 44 49 45 42 40 38 40 46 43 42 40 39 38 42 44 45 42 45 44 44 42 48 49 43 42 42 39 45 42 39 46 43 43 46 41 0 56 36 48 45 49 46 51 45 48 46 46 48 49 47 43 49 39 34 33 42 39 43 37 37 47 34 38 36 32 36 30 37 38 35 41 36 38 35 33 44 38 50 
58 52 59 54 51 54 58 57 55 60 55 59 57 57 56 57 59 54 61 55 58 60 61 62 59 55 57 53 53 59 53 56 55 51 53 56 55 59 50 59 61 52 56 59 65 60 55 56 55 57 57 53 55 57 56 55 63 56 0 43 46 41 45 45 49 45 47 39 44 48 47 46 40 46 38 31 28 43 36 38 34 34 43 32 36 34 29 34 27 34 37 30 39 31 36 33 34 45 38 49 
39 32 39 34 33 37 37 39 37 37 38 40 38 42 38 38 38 37 39 37 43 41 41 46 45 40 38 36 33 41 41 38 38 37 38 35 39 40 38 41 39 42 39 40 48 39 39 36 38 40 39 39 40 37 41 40 41 36 43 0 56 48 49 47 54 49 53 43 50 52 54 51 47 54 42 37 36 45 43 42 43 42 50 36 42 41 36 41 35 42 44 39 45 40 43 41 39 50 40 55 
53 44 51 46 44 48 51 52 49 53 49 53 51 54 49 51 51 46 52 51 56 55 52 55 55 50 49 46 47 51 48 54 49 50 48 51 51 55 49 53 53 49 49 55 58 54 48 49 48 54 51 48 51 52 48 52 56 48 46 56 0 44 49 48 53 45 48 45 48 50 51 49 43 46 41 37 33 47 40 41 36 39 47 34 39 36 32 37 32 38 39 36 42 36 38 39 36 46 41 50 
47 40 45 42 38 42 43 44 45 47 45 44 43 43 45 45 44 40 49 44 48 48 48 48 51 45 44 43 39 44 44 43 44 46 44 46 41 49 44 48 46 44 43 49 52 46 43 46 43 47 45 44 46 44 47 47 48 45 41 48 44 0 51 48 51 46 52 42 46 49 53 49 44 50 41 35 30 46 39 39 40 40 47 36 40 38 34 41 33 38 40 38 43 37 40 38 36 47 42 52 
51 44 50 46 45 47 50 50 49 51 48 50 49 51 49 50 49 48 52 47 52 53 54 56 51 48 48 47 45 52 50 47 51 43 47 49 47 49 47 51 53 47 46 53 57 53 50 50 47 52 53 48 48 51 49 50 55 49 45 49 49 51 0 48 46 41 43 40 43 44 45 44 38 46 34 30 30 40 32 37 33 32 41 27 31 30 27 30 24 33 33 29 36 29 32 31 28 39 35 45 
48 42 48 43 42 45 48 46 48 50 47 47 48 47 46 46 50 45 49 49 49 53 50 51 50 46 48 43 47 49 43 46 47 45 48 50 46 52 46 49 50 47 44 51 55 49 48 48 44 50 48 46 48 48 46 51 52 46 45 47 48 48 48 0 52 44 50 44 47 48 53 49 43 48 40 36 33 46 40 42 38 36 47 37 39 37 33 38 32 39 39 35 41 36 40 37 35 46 41 51 
56 52 53 50 50 51 53 55 51 55 50 55 54 54 52 51 54 50 55 54 53 58 57 60 54 53 52 49 50 53 53 50 53 50 51 55 53 52 52 55 54 52 49 58 61 55 54 55 53 56 52 51 55 54 52 53 53 51 49 54 53 51 46 52 0 51 53 43 48 51 53 50 44 50 44 35 31 46 39 42 41 38 48 37 42 38 34 39 32 38 40 37 43 37 41 38 36 48 39 53 
48 42 48 42 40 44 46 44 45 49 46 45 44 47 42 44 47 41 50 44 47 49 49 50 47 46 43 42 40 48 45 43 44 43 42 45 44 50 45 49 45 46 43 48 52 47 44 44 41 48 44 45 48 45 46 47 48 45 45 49 45 46 41 44 51 0 49 43 44 46 51 46 41 47 39 32 30 43 38 40 37 35 44 34 36 36 32 39 30 37 37 34 40 35 38 35 33 44 39 50 
52 44 51 43 44 50 50 50 49 53 48 50 50 52 50 51 50 49 51 50 57 55 54 58 55 51 49 48 47 54 52 51 50 46 49 51 50 53 47 54 52 52 53 57 57 53 51 52 48 54 52 50 53 52 53 54 52 48 47 53 48 52 43 50 53 49 0 37 47 49 50 45 41 46 39 34 32 43 37 42 37 36 48 33 38 36 35 36 30 39 39 36 42 36 38 38 34 45 41 51 
47 42 45 43 40 39 43 42 40 44 41 44 43 42 41 42 45 39 44 44 44 48 45 47 41 43 42 43 42 46 44 44 45 39 43 43 42 45 45 44 48 44 39 48 52 45 44 41 44 49 44 40 45 44 42 45 49 46 39 43 45 42 40 44 43 43 37 0 49 50 51 48 43 49 41 35 32 44 38 41 39 36 47 35 41 37 33 37 31 37 40 35 41 36 39 37 36 48 40 51 
50 46 47 43 40 45 48 48 45 50 44 49 48 49 46 46 47 42 50 48 50 54 52 55 51 47 44 45 42 50 49 47 48 46 45 49 49 50 48 53 47 48 45 55 55 51 47 48 46 50 48 47 52 47 46 48 49 46 44 50 48 46 43 47 48 44 47 49 0 50 53 47 42 44 41 33 29 46 37 38 37 36 46 33 38 35 32 35 31 38 38 35 41 35 39 38 34 44 39 49 
50 44 50 44 43 46 47 49 47 52 48 49 49 49 48 51 50 46 52 50 54 53 51 55 55 51 49 47 47 53 49 48 51 47 49 49 49 53 47 53 50 50 51 55 58 52 48 47 47 53 49 49 51 53 50 53 53 48 48 52 50 49 44 48 51 46 49 50 50 0 51 45 41 49 39 33 32 41 39 41 38 36 48 36 38 37 33 38 30 38 39 35 42 36 38 35 34 46 41 53 
52 47 52 47 46 49 52 51 51 53 50 50 52 53 49 51 52 48 53 50 56 56 54 58 55 53 49 46 51 54 49 52 50 47 49 52 52 54 48 53 54 52 52 55 58 52 50 48 49 54 52 51 55 54 51 55 57 49 47 54 51 53 45 53 53 51 50 51 53 51 0 46 41 46 39 35 33 46 38 41 39 37 45 34 37 37 34 36 31 38 41 35 42 36 39 36 36 47 39 52 
50 46 51 47 43 45 50 45 46 50 48 48 50 51 47 47 52 46 50 49 51 51 53 56 52 47 49 44 47 53 50 46 47 42 48 49 50 50 48 51 49 51 45 51 57 50 48 47 46 51 50 48 52 49 48 49 53 47 46 51 49 49 44 49 50 46 45 48 47 45 46 0 53 47 46 31 39 42 38 41 39 35 45 34 38 35 31 35 29 37 38 34 40 34 37 35 34 46 38 51 
46 38 46 40 36 42 44 43 42 45 44 46 43 47 41 44 44 39 45 45 48 47 47 49 46 44 44 40 39 47 42 42 42 42 40 45 41 46 40 48 45 43 42 46 54 46 42 43 40 47 46 40 45 44 46 46 48 43 40 47 43 44 38 43 44 41 41 43 42 41 41 53 0 53 39 32 30 43 35 40 37 34 44 32 35 35 33 37 29 35 38 34 41 34 35 35 35 46 41 51 
52 48 48 45 43 50 47 50 47 51 48 51 50 52 47 50 51 45 52 51 53 55 52 56 52 51 47 46 46 50 49 49 47 47 43 50 48 54 50 55 50 51 48 54 54 51 50 49 46 52 51 47 53 51 47 54 52 49 46 54 46 50 46 48 50 47 46 49 44 49 46 47 53 0 41 33 28 44 37 39 38 37 46 34 37 35 33 36 30 38 39 36 42 36 39 38 34 45 39 51 
41 35 42 38 35 37 41 41 41 42 42 40 41 43 40 42 41 38 43 42 48 45 45 49 48 41 42 38 39 45 40 40 45 39 41 42 43 47 40 46 44 42 42 45 48 44 41 42 42 46 43 40 42 44 42 45 47 39 38 42 41 41 34 40 44 39 39 41 41 39 39 46 39 41 0 30 33 41 35 37 35 32 44 31 34 32 30 33 27 35 35 30 38 31 34 32 31 42 37 47 
38 33 37 31 28 31 35 35 31 40 34 34 35 36 33 33 37 31 40 34 42 41 38 40 40 34 34 32 33 40 37 36 35 33 31 38 36 37 37 40 39 36 33 40 45 38 33 35 32 40 34 35 40 36 34 40 40 34 31 37 37 35 30 36 35 32 34 35 33 33 35 31 32 33 30 0 66 44 37 41 37 36 45 33 38 37 32 38 30 37 38 35 41 35 37 35 35 46 42 52 
36 31 34 28 25 30 33 33 29 36 30 35 33 34 30 31 33 26 37 34 36 39 37 40 35 30 32 30 29 36 33 34 32 32 30 35 36 37 34 38 34 33 30 40 42 36 31 35 30 36 33 30 37 32 33 35 36 33 28 36 33 30 30 33 31 30 32 32 29 32 33 39 30 28 33 66 0 45 39 42 38 39 45 37 39 39 33 39 33 39 41 38 44 38 41 39 38 48 43 55 
46 40 47 41 39 39 44 45 42 47 44 46 45 48 43 45 46 44 47 44 49 50 48 50 49 43 45 41 43 50 43 43 43 43 45 45 44 46 46 48 48 44 45 48 54 48 45 45 41 50 45 43 44 47 48 48 50 42 43 45 47 46 40 46 46 43 43 44 46 41 46 42 43 44 41 44 45 0 37 38 34 32 44 31 37 34 31 34 26 34 34 31 37 32 34 32 30 42 38 48 
40 35 39 36 32 37 41 40 37 41 41 41 40 41 39 39 41 37 41 38 42 45 43 45 42 37 38 37 33 42 38 38 36 37 33 36 39 40 39 42 42 39 38 41 47 44 40 39 36 40 41 38 40 39 41 40 45 39 36 43 40 39 32 40 39 38 37 38 37 39 38 38 35 37 35 37 39 37 0 39 36 35 41 33 34 35 30 36 28 35 36 33 40 33 36 34 33 43 42 50 
44 38 43 36 37 39 39 43 41 46 38 44 42 42 40 43 42 38 47 41 44 45 46 50 46 42 40 39 41 44 43 44 43 37 39 42 42 47 42 43 45 43 42 49 50 44 41 43 41 44 44 39 45 44 40 46 47 43 38 42 41 39 37 42 42 40 42 41 38 41 41 41 40 39 37 41 42 38 39 0 37 36 46 33 36 33 30 33 28 35 38 33 40 33 37 36 33 45 37 49 
41 32 39 33 31 38 39 41 38 42 38 41 37 41 38 41 39 37 41 38 43 43 42 46 45 38 39 35 35 41 36 38 38 38 36 41 37 41 35 44 42 36 40 44 48 42 38 41 35 40 42 37 39 40 41 43 43 37 34 43 36 40 33 38 41 37 37 39 37 38 39 39 37 38 35 37 38 34 36 37 0 36 46 32 36 34 32 34 28 34 36 33 39 33 35 34 33 43 40 49 
39 34 38 35 31 36 36 38 36 40 38 39 39 40 36 37 41 35 41 38 40 43 42 44 42 37 38 34 33 43 36 37 37 34 34 37 37 40 35 40 41 38 36 42 48 41 40 37 34 40 39 35 41 40 36 40 42 37 34 42 39 40 32 36 38 35 36 36 36 36 37 35 34 37 32 36 39 32 35 36 36 0 44 38 36 37 33 38 30 37 39 34 41 35 37 35 36 46 43 52 
49 41 46 42 39 44 48 47 44 50 46 49 48 48 49 48 48 44 48 48 53 54 51 53 51 46 48 46 43 51 49 47 47 45 44 47 45 48 46 51 52 45 47 53 57 52 48 47 45 50 51 46 49 49 48 49 52 47 43 50 47 47 41 47 48 44 48 47 46 48 45 45 44 46 44 45 45 44 41 46 46 44 0 56 37 35 30 33 28 33 37 33 39 33 36 35 34 44 40 49 
37 31 35 30 29 33 36 34 33 36 33 35 34 38 34 34 35 32 39 34 41 40 39 42 38 34 34 31 31 38 34 35 35 30 31 36 35 37 35 37 39 36 32 39 46 39 36 35 31 39 36 33 38 35 36 38 40 34 32 36 34 36 27 37 37 34 33 35 33 36 34 34 32 34 31 33 37 31 33 33 32 38 56 0 34 36 30 34 28 35 36 32 39 32 35 34 33 43 39 48 
37 31 39 33 32 37 40 39 39 41 39 40 39 43 37 41 40 37 41 38 43 44 43 47 44 41 38 37 35 40 41 39 40 35 36 37 38 43 38 43 42 41 38 45 48 42 39 37 38 42 41 39 41 42 38 42 45 38 36 42 39 40 31 39 42 36 38 41 38 38 37 38 35 37 34 38 39 37 34 36 36 36 37 34 0 42 31 32 24 31 33 29 36 29 32 32 29 39 37 45 
39 31 38 32 30 37 36 38 38 42 38 39 38 40 35 38 39 34 40 38 41 43 40 45 42 38 36 33 35 40 36 40 36 35 33 36 37 44 37 40 41 38 37 42 47 42 36 36 36 42 38 35 40 40 38 42 44 36 34 41 36 38 30 37 38 36 36 37 35 37 37 35 35 35 32 37 39 34 35 33 34 37 35 36 42 0 32 36 28 34 36 33 39 33 35 33 32 43 39 48 
35 29 33 29 25 30 35 33 33 38 33 34 34 35 32 32 34 29 37 33 39 39 38 41 38 30 32 29 33 38 33 32 31 31 30 34 33 37 33 39 38 30 32 37 42 38 31 33 32 36 36 32 36 35 33 37 40 32 29 36 32 34 27 33 34 32 35 33 32 33 34 31 33 33 30 32 33 31 30 30 32 33 30 30 31 32 0 38 32 35 38 33 39 33 37 36 34 45 38 49 
40 33 39 33 31 37 36 39 37 40 37 39 39 41 35 38 39 36 41 38 42 44 41 45 41 37 36 34 36 44 37 39 35 35 32 36 40 42 37 41 41 40 39 42 46 41 39 38 34 40 40 35 40 39 40 41 43 36 34 41 37 41 30 38 39 39 36 37 35 38 36 35 37 36 33 38 39 34 36 33 34 38 33 34 32 36 38 0 29 33 36 31 38 31 35 35 32 43 38 47 
34 24 32 26 24 29 30 32 29 35 31 32 32 35 29 31 33 29 34 32 36 37 36 40 35 30 30 28 30 37 31 33 30 28 28 31 31 36 30 35 35 32 32 36 41 36 31 32 29 34 34 28 34 34 33 36 37 30 27 35 32 33 24 32 32 30 30 31 31 30 31 29 29 30 27 30 33 26 28 28 28 30 28 28 24 28 32 29 0 33 39 32 39 33 36 36 33 45 39 49 
40 31 39 33 30 37 39 40 37 42 38 42 40 42 37 39 40 35 42 40 44 44 43 47 45 37 40 35 37 43 38 41 37 37 36 38 39 44 38 44 43 39 39 44 49 43 37 38 37 41 42 36 41 41 39 43 46 37 34 42 38 38 33 39 38 37 39 37 38 38 38 37 35 38 35 37 39 34 35 35 34 37 33 35 31 34 35 33 33 0 56 31 38 30 33 33 33 42 37 47 
41 33 40 33 32 38 39 40 38 44 39 41 40 43 37 39 41 37 45 41 46 45 44 46 45 38 39 36 38 44 38 40 37 37 37 41 38 44 40 45 44 39 39 45 47 45 40 41 34 43 41 37 41 42 42 45 45 38 37 44 39 40 33 39 40 37 39 40 38 39 41 38 38 39 35 38 41 34 36 38 36 39 37 36 33 36 38 36 39 56 0 35 38 35 37 36 34 44 37 50 
38 30 36 31 29 33 34 36 34 39 35 36 36 38 33 35 37 32 39 37 41 42 40 43 40 35 35 32 35 41 34 36 36 32 32 37 36 40 33 39 41 34 35 41 45 40 37 37 33 39 38 32 38 39 35 40 42 35 30 39 36 38 29 35 37 34 36 35 35 35 35 34 34 36 30 35 38 31 33 33 33 34 33 32 29 33 33 31 32 31 35 0 40 30 35 36 34 43 40 47 
43 36 42 36 35 41 41 44 41 45 41 44 43 45 39 41 44 40 46 43 48 48 46 49 47 40 42 38 40 47 41 43 42 40 39 42 41 47 43 46 46 43 41 47 52 46 43 42 39 47 43 39 46 44 42 49 47 41 39 45 42 43 36 41 43 40 42 41 41 42 42 40 41 42 38 41 44 37 40 40 39 41 39 39 36 39 39 38 39 38 38 40 0 48 54 58 39 44 38 48 
38 30 37 31 29 34 37 37 35 40 36 38 37 40 34 36 38 33 41 37 43 42 41 45 40 35 36 32 35 42 35 37 36 33 32 37 37 41 35 41 41 36 36 41 45 41 37 38 33 39 39 33 39 39 37 41 43 36 31 40 36 37 29 36 37 35 36 36 35 36 36 34 34 36 31 35 38 32 33 33 33 35 33 32 29 33 33 31 33 30 35 30 48 0 51 52 46 55 45 58 
41 32 37 34 31 37 39 39 37 42 39 40 39 42 36 39 41 36 42 39 43 43 43 47 43 39 38 34 37 41 36 39 37 35 36 39 36 43 36 42 42 38 37 42 50 43 37 38 37 41 40 36 42 41 40 43 45 38 36 43 38 40 32 40 41 38 38 39 39 38 39 37 35 39 34 37 41 34 36 37 35 37 36 35 32 35 37 35 36 33 37 35 54 51 0 42 37 45 40 48 
39 32 38 33 29 34 36 37 34 41 37 37 37 38 34 36 38 33 40 40 43 43 41 44 43 37 38 35 37 44 37 38 37 36 36 39 38 41 37 43 42 36 37 43 47 42 37 38 36 41 39 35 40 40 39 42 43 35 33 41 39 38 31 37 38 35 38 37 38 35 36 35 35 38 32 35 39 32 34 36 34 35 35 34 32 33 36 35 36 33 36 36 58 52 42 0 39 41 40 47 
37 28 35 29 28 33 33 36 34 40 34 36 35 39 33 34 36 33 40 36 41 40 39 42 41 34 34 32 34 40 35 37 34 34 34 36 34 40 37 39 39 35 35 41 43 40 35 37 32 38 37 33 37 37 37 40 40 33 34 39 36 36 28 35 36 33 34 36 34 34 36 34 35 34 31 35 38 30 33 33 33 36 34 33 29 32 34 32 33 33 34 34 39 46 37 39 0 38 42 47 
47 40 45 39 38 45 44 47 45 51 45 47 46 49 45 46 47 44 51 47 52 52 50 54 53 46 46 43 44 51 47 47 46 45 44 47 47 51 48 51 50 46 46 53 54 51 47 49 43 49 48 45 49 48 48 51 51 44 45 50 46 47 39 46 48 44 45 48 44 46 47 46 46 45 42 46 48 42 43 45 43 46 44 43 39 43 45 43 45 42 44 43 44 55 45 41 38 0 45 50 
41 37 41 37 35 38 39 41 39 43 38 40 40 41 39 37 40 37 44 39 45 46 43 47 45 39 39 37 39 44 39 43 39 41 40 42 40 45 40 44 44 41 39 43 47 42 40 42 40 42 42 38 40 40 38 43 45 38 38 40 41 42 35 41 39 39 41 40 39 41 39 38 41 39 37 42 43 38 42 37 40 43 40 39 37 39 38 38 39 37 37 40 38 45 40 40 42 45 0 51 
54 45 51 46 45 51 52 54 53 56 51 53 53 54 50 51 53 49 57 52 57 57 56 59 57 51 50 45 51 56 48 52 51 50 49 53 52 58 51 56 55 51 52 56 60 55 51 54 49 54 54 49 54 54 53 57 58 50 49 55 50 52 45 51 53 50 51 51 49 53 52 51 51 51 47 52 55 48 50 49 49 52 49 48 45 48 49 47 49 47 50 47 48 58 48 47 47 50 51 0 

Rho histogram: 
22 17 23 7 13 6 5 3 3 1 0 0 0 0 0 0 0 0 0 0 

Summary:
objF nSamp nIter rhoMean rhoStDev rProp hitsProp rankHitsProp seconds
Rgar25 100 100 0.14908958895889593 0.11283511819413207 0 0 0.0158 541.231022492
