=======================================================
Objective function:  Msd
Matrix:  I100.csv
Iterations:  100
Heuristic for search:  RobSA3
Improvement function # 0
Window width for improvement:  0
Heuristic for improvement:  RobSA3
Seed:  33
=======================================================

Best permutations: 
0 1 2 3 4 5 6 7 8 9 11 10 12 13 15 16 14 17 18 19 20 22 21 23 24 27 25 26 29 28 30 32 31 33 34 36 35 37 38 39 40 43 41 42 48 47 53 51 49 44 45 46 50 54 52 55 56 57 60 58 59 62 61 63 64 69 70 74 76 71 68 67 65 66 72 73 75 77 79 80 78 81 83 82 85 84 86 87 88 90 89 91 93 94 95 92 96 97 99 98 
19 18 15 16 13 11 8 7 5 3 1 0 2 4 6 9 10 12 14 17 20 22 21 23 24 25 26 29 28 27 30 32 31 33 34 36 35 37 38 39 40 43 41 42 45 46 47 48 44 49 50 53 54 56 59 57 55 51 52 60 58 62 61 63 65 64 67 66 68 69 70 71 73 72 74 76 75 77 79 80 78 81 83 82 85 84 86 87 88 90 89 91 93 94 95 92 96 97 99 98 
0 1 2 3 4 5 6 7 8 9 10 11 13 16 19 24 22 20 18 17 15 12 14 21 23 25 26 29 28 27 30 32 31 33 34 36 35 37 38 39 40 43 41 42 45 44 49 50 54 55 52 51 48 46 47 53 56 57 58 59 66 69 70 68 67 64 61 60 63 62 65 72 73 71 74 76 75 77 79 78 80 81 83 82 85 84 86 87 90 88 89 91 93 94 95 92 96 97 99 98 
0 1 2 3 4 5 6 7 8 9 10 11 13 12 15 16 14 17 18 19 20 22 21 23 26 28 32 30 27 24 25 29 31 33 36 39 40 43 38 34 35 37 41 42 46 47 48 45 44 49 50 53 51 52 55 54 56 57 60 58 59 61 63 62 66 68 70 71 69 65 64 67 72 73 74 76 75 77 79 80 78 81 83 82 85 84 86 87 88 90 89 91 93 94 95 92 96 97 99 98 
0 1 2 3 4 5 6 7 8 9 10 11 13 12 15 16 14 17 18 19 20 21 22 23 24 25 26 29 28 27 30 32 31 33 34 36 35 37 38 39 40 43 41 42 45 44 46 47 48 50 49 51 54 53 52 55 56 57 60 58 59 62 61 63 65 64 67 66 69 68 72 70 71 74 73 76 75 77 79 80 78 81 83 82 84 85 88 89 93 95 97 99 98 96 92 94 91 90 87 86 
0 1 2 3 4 5 6 7 8 9 11 10 12 13 16 15 14 17 18 19 20 21 22 23 25 26 29 28 24 27 30 32 31 33 34 36 35 37 38 39 40 43 41 42 45 44 48 46 47 50 49 51 54 53 52 55 56 57 60 58 59 62 61 63 65 64 67 66 68 69 70 71 74 72 73 76 75 77 79 80 78 81 83 82 85 84 86 87 88 90 89 91 93 94 92 95 96 97 99 98 
0 1 2 3 4 5 6 7 8 9 11 10 12 13 16 15 14 17 18 19 20 22 21 23 24 25 26 29 28 27 30 32 31 33 34 36 35 37 38 39 40 41 43 42 45 46 47 48 44 49 50 53 51 54 52 55 56 57 60 58 59 62 61 63 65 64 67 66 68 69 70 71 74 72 73 76 75 77 79 80 78 81 83 82 85 84 86 87 88 90 89 91 93 94 95 92 96 97 99 98 
0 1 2 3 4 5 6 7 8 9 11 10 12 13 16 15 14 17 18 22 24 27 19 20 21 23 25 26 29 28 30 32 31 33 34 36 35 37 39 38 40 41 43 48 44 49 51 50 47 46 42 45 53 54 52 57 58 61 65 66 68 70 73 76 72 67 64 63 60 55 56 59 62 69 71 74 75 77 79 80 78 81 83 84 82 85 86 87 88 90 89 91 93 94 95 92 96 97 99 98 
19 18 15 11 8 5 4 2 0 1 3 6 7 9 10 13 12 16 14 17 20 22 21 23 25 24 27 30 33 31 29 26 28 32 34 36 35 37 38 39 40 42 41 43 46 45 44 48 47 50 49 53 54 55 57 56 51 52 60 58 59 61 63 62 66 65 64 67 68 70 71 75 78 81 77 76 73 72 69 74 79 80 83 82 85 84 86 87 88 90 89 91 93 94 95 92 96 97 99 98 
38 35 33 28 29 26 30 27 24 22 21 20 19 17 15 11 7 9 12 10 6 5 4 2 0 1 3 8 13 16 14 18 23 25 32 31 34 36 37 39 40 43 41 42 46 45 44 48 47 50 49 51 54 53 52 55 56 57 60 58 59 62 61 63 65 64 67 68 72 73 74 69 66 70 71 76 75 77 79 80 78 81 83 82 85 84 86 87 88 90 89 91 93 94 95 92 96 97 99 98 
0 1 2 3 4 5 6 7 8 9 10 12 11 13 16 15 14 17 18 19 20 21 22 23 24 27 25 26 29 28 30 32 31 33 34 36 35 37 38 39 40 43 41 42 46 45 44 48 47 50 49 51 54 53 52 55 56 57 60 59 58 62 61 63 64 67 65 66 69 72 73 68 70 71 74 76 75 77 79 80 78 81 83 82 85 84 86 87 88 90 89 91 93 94 95 92 96 97 99 98 
0 1 2 3 4 5 6 7 8 9 10 11 13 12 15 16 14 17 18 19 20 22 21 23 24 27 25 26 29 28 30 32 31 33 34 36 35 37 38 39 40 43 41 42 45 44 48 46 47 50 49 51 54 53 52 55 56 57 59 62 65 63 60 58 61 64 67 66 69 68 72 73 76 77 74 70 71 75 79 80 78 81 83 82 85 84 86 87 88 90 89 91 93 94 95 92 96 97 99 98 
0 1 2 3 4 5 6 7 9 8 11 10 12 13 16 20 21 23 26 33 34 36 31 30 32 29 25 22 18 17 14 15 19 24 27 28 35 37 38 41 50 51 52 60 57 55 54 49 48 44 45 42 40 39 43 46 47 53 56 58 59 61 63 62 66 65 64 67 68 69 70 71 74 76 75 77 78 80 81 82 86 87 88 90 89 96 98 99 97 92 95 94 93 91 85 84 83 79 73 72 
21 17 14 15 13 10 11 8 7 5 4 2 0 1 3 6 9 12 16 18 19 20 22 23 24 27 28 26 25 29 32 30 31 34 33 35 36 37 38 39 40 43 41 42 45 46 47 48 44 49 50 51 54 53 52 55 56 57 60 58 59 61 64 63 62 66 65 67 68 69 70 71 75 76 73 72 74 77 79 80 78 81 83 82 85 84 86 87 88 90 89 91 93 94 95 92 96 97 99 98 
0 1 2 3 4 5 7 6 8 9 11 10 12 13 16 15 14 17 19 18 20 22 21 23 24 27 25 26 29 28 30 32 31 33 34 36 35 37 38 39 43 40 41 42 46 47 48 45 44 49 50 51 53 52 60 58 59 56 54 55 57 62 61 63 64 67 65 66 68 69 70 71 74 72 73 76 75 77 79 80 78 81 83 82 85 84 86 87 88 90 89 91 93 94 95 92 96 97 99 98 
0 1 2 3 4 6 5 7 8 9 11 10 12 13 16 15 14 17 18 19 20 22 21 23 24 27 25 26 29 28 30 32 31 33 34 36 38 40 45 48 50 53 47 46 43 39 35 37 41 42 44 49 55 57 59 58 56 54 51 52 60 63 61 62 66 65 64 67 68 69 70 71 73 72 74 76 75 77 79 80 78 81 83 82 85 84 86 87 88 90 89 91 93 94 95 92 96 97 99 98 
0 1 2 3 4 5 6 7 8 9 11 10 12 13 16 15 14 17 21 23 20 18 19 22 24 27 30 28 26 25 29 32 31 35 40 42 47 46 43 39 37 34 33 36 38 41 45 44 48 50 53 49 54 51 52 55 56 57 60 58 59 62 61 63 65 64 67 66 68 69 70 71 74 72 73 76 75 77 79 80 78 81 83 82 85 84 86 87 88 90 89 91 93 94 95 92 96 97 99 98 
0 1 2 3 4 5 6 7 8 9 11 10 12 13 16 15 14 17 18 19 20 22 21 23 24 27 30 31 34 36 38 39 40 42 45 44 48 52 55 51 49 53 57 60 58 61 63 65 64 67 68 72 76 77 78 82 84 86 87 88 90 91 93 92 96 98 99 97 95 94 89 85 83 81 80 79 75 74 73 71 70 69 66 62 59 56 54 50 47 46 43 41 37 35 33 32 28 29 26 25 
0 1 2 3 4 5 6 7 8 9 11 10 12 13 16 15 14 17 18 19 20 22 21 23 27 30 32 29 26 25 24 28 31 33 34 36 35 37 38 39 40 43 41 42 45 46 47 48 44 49 50 53 52 55 51 54 56 57 60 58 59 62 61 63 65 69 70 71 81 82 86 87 90 91 93 94 97 99 98 96 92 95 89 88 85 84 83 78 80 79 77 75 76 74 73 72 68 66 67 64 
0 1 2 3 4 5 6 7 12 15 16 11 8 9 10 13 14 17 20 22 24 26 32 41 43 46 47 48 42 37 36 33 31 30 29 25 23 21 18 19 27 28 34 35 38 39 40 45 44 49 50 51 54 60 58 62 65 61 57 52 53 55 56 59 63 64 67 66 70 72 74 76 75 79 77 73 68 69 71 78 80 81 83 82 85 84 86 87 88 90 89 91 93 94 95 92 96 97 99 98 
0 1 2 3 4 5 6 7 8 9 11 15 14 17 16 13 10 12 18 19 20 22 21 23 24 25 26 30 31 34 32 27 28 29 33 35 36 37 38 39 40 43 41 42 46 45 44 48 47 50 49 53 51 54 52 55 56 58 59 61 62 66 65 64 60 57 63 67 68 69 70 71 73 72 76 79 81 82 85 83 80 77 74 75 78 84 86 87 88 90 89 91 93 94 95 92 96 97 99 98 
0 1 2 4 3 5 6 7 8 9 11 10 12 13 16 15 14 17 18 19 22 20 21 23 25 28 30 27 24 26 29 32 31 33 34 36 35 37 38 39 40 43 41 42 46 47 48 45 44 49 50 53 54 51 52 55 56 57 60 58 63 61 59 62 66 68 67 64 65 69 71 75 76 73 72 70 74 77 79 80 78 81 83 82 85 84 86 87 88 90 89 91 93 94 95 92 96 97 99 98 
27 24 22 21 17 14 16 13 11 10 7 4 2 0 1 3 6 5 8 9 12 15 18 19 20 23 25 26 29 28 30 32 31 33 34 36 35 37 39 46 48 49 50 44 45 42 41 38 40 43 47 53 54 51 55 52 60 61 63 65 64 67 69 71 74 73 68 66 59 58 56 57 62 70 72 76 75 77 78 79 80 81 83 82 85 84 86 87 88 90 89 91 93 94 95 92 96 97 99 98 
0 1 2 3 4 5 6 7 8 9 11 10 12 13 16 15 14 17 18 19 20 22 21 23 24 25 26 29 28 27 30 32 37 41 40 38 35 33 31 34 36 39 43 42 47 51 54 56 58 57 55 53 49 48 46 45 44 50 52 60 59 62 61 63 65 64 67 66 68 69 70 71 74 72 73 76 75 77 79 80 78 81 83 82 85 84 86 87 88 90 89 91 93 94 95 92 96 97 99 98 
0 1 2 3 4 5 6 7 8 9 11 10 12 13 16 15 14 17 19 18 20 22 21 23 24 27 25 26 29 28 30 32 31 33 34 36 35 37 38 39 40 43 41 42 45 44 48 46 47 50 49 53 51 54 52 55 56 57 60 58 59 61 63 62 66 65 64 67 68 69 70 71 75 77 74 72 73 76 79 80 78 81 83 82 85 84 86 87 88 90 89 91 93 94 95 92 96 97 99 98 
0 1 2 3 4 5 6 7 8 9 11 10 12 13 16 15 14 17 18 19 20 22 21 23 24 27 25 26 29 28 30 32 31 33 34 36 35 37 38 39 40 43 41 42 45 44 48 46 47 50 49 51 54 55 57 59 60 52 53 56 58 62 61 63 65 64 67 66 68 69 70 71 74 72 73 76 75 77 79 80 78 81 83 82 85 84 86 87 90 88 89 91 93 94 95 92 96 97 99 98 
0 1 2 3 4 5 6 7 8 9 11 10 12 13 16 15 14 17 18 19 20 22 21 23 24 27 28 32 31 36 38 41 39 35 34 30 26 25 29 33 37 40 43 46 47 50 49 44 45 42 48 53 51 54 52 55 56 57 60 58 59 62 61 63 64 67 65 66 68 69 70 71 74 73 72 76 75 77 79 80 78 81 83 82 85 84 86 87 88 90 89 91 93 94 95 92 96 97 99 98 
27 24 22 18 17 14 16 13 8 9 6 3 1 0 2 4 5 7 11 10 12 15 19 20 21 23 25 26 29 28 30 32 31 33 34 36 35 37 38 39 40 43 41 42 46 45 44 48 47 50 49 51 53 54 52 55 56 57 60 58 59 62 61 63 65 64 67 66 68 69 70 71 74 72 73 76 75 77 79 80 78 81 83 82 85 84 86 87 88 90 89 91 93 94 95 92 96 97 99 98 
0 1 2 3 4 5 6 7 8 9 10 11 13 12 15 16 14 17 18 19 20 22 21 23 24 25 26 29 28 27 30 32 31 33 34 36 35 37 38 39 41 40 43 42 45 46 47 48 44 49 53 51 54 57 59 62 69 72 73 74 76 75 77 79 80 78 81 82 86 93 94 97 99 98 96 92 95 91 89 90 88 87 85 84 83 71 70 68 66 67 64 65 63 61 58 60 56 55 52 50 
0 1 2 3 4 5 6 7 8 9 11 10 12 13 15 16 14 17 18 19 20 22 21 23 24 27 25 26 29 28 30 32 31 33 34 36 35 37 38 41 45 44 42 39 40 43 46 47 48 50 49 51 54 53 52 55 56 57 60 58 59 62 61 63 65 64 67 66 68 69 70 71 74 72 73 76 75 77 79 80 78 81 83 82 85 88 89 93 95 97 99 98 96 92 94 91 90 87 86 84 
0 1 2 3 4 5 6 7 8 9 11 10 12 13 16 15 14 17 18 19 20 22 21 23 24 27 28 26 25 29 32 30 31 35 37 40 38 34 33 36 39 41 43 42 46 47 53 52 57 54 50 48 45 44 49 51 55 56 60 58 59 62 61 63 65 64 67 66 68 69 70 71 74 72 73 76 75 77 79 80 78 81 83 82 85 84 86 87 88 90 89 91 93 94 95 92 96 97 99 98 
0 1 2 3 4 5 6 7 8 9 10 11 13 12 15 16 14 17 22 27 28 31 34 37 36 33 32 29 26 24 19 20 18 21 23 25 30 35 38 39 41 47 50 44 45 42 40 43 46 48 53 52 55 60 58 63 66 70 69 64 61 59 57 54 49 51 56 62 65 67 68 72 73 71 74 76 75 77 79 80 78 81 83 82 85 84 86 87 88 90 89 91 93 94 95 92 96 97 99 98 
0 1 2 3 4 5 6 7 8 9 11 10 12 13 16 15 14 17 18 19 20 22 21 23 24 25 26 29 28 34 37 40 42 41 38 36 33 32 27 30 31 35 39 43 46 47 53 51 48 45 44 49 50 54 52 56 59 62 67 63 60 55 57 58 61 64 65 66 68 69 70 71 73 72 74 76 75 77 79 80 78 81 83 82 85 84 86 87 88 89 90 91 93 95 94 92 96 97 99 98 
0 1 2 3 4 5 6 7 8 9 11 10 12 13 16 15 14 17 18 19 20 22 21 23 24 27 25 26 29 28 30 32 31 33 34 36 35 37 38 39 41 46 47 43 40 42 45 44 54 56 58 63 61 59 57 55 53 50 48 49 51 52 60 62 66 64 65 67 68 69 72 73 76 77 74 70 71 75 79 80 78 81 83 82 85 84 86 87 88 90 89 91 93 94 95 92 96 97 99 98 
0 1 2 3 4 5 6 7 8 10 12 14 16 13 9 11 15 17 18 19 20 21 22 24 25 29 32 30 27 23 26 28 31 33 34 36 35 37 38 39 40 43 41 42 45 44 48 46 47 50 49 53 51 54 52 55 56 57 60 58 59 62 61 63 65 64 67 66 68 69 70 72 73 76 74 71 75 77 79 80 78 81 83 82 85 84 86 87 88 90 89 91 93 94 95 92 96 97 99 98 
0 1 2 3 4 5 6 7 8 9 10 11 13 12 15 16 14 17 18 19 20 22 21 23 24 27 25 26 29 28 30 32 31 33 34 36 38 39 41 42 44 46 47 53 52 51 50 45 40 35 37 43 48 49 54 55 56 57 60 58 63 65 64 67 72 71 78 81 83 80 75 70 66 62 59 61 68 69 73 74 76 77 79 82 85 84 86 87 88 90 89 91 93 94 95 92 96 97 99 98 
0 1 2 3 4 5 6 7 8 9 11 10 12 13 15 16 14 17 18 19 20 22 21 23 25 24 27 30 32 28 26 29 31 33 34 36 35 37 38 39 40 43 41 42 46 47 48 45 44 49 50 53 51 54 52 55 56 57 60 58 59 62 61 63 65 64 67 66 68 69 70 71 74 73 72 76 75 77 79 80 78 81 82 83 84 85 86 87 88 90 89 91 93 94 95 92 96 97 99 98 
0 1 2 3 4 5 6 7 8 9 11 10 12 13 16 15 14 17 18 19 22 20 23 21 24 27 30 29 25 26 28 32 31 33 34 36 35 37 38 39 40 43 41 42 46 48 50 47 45 44 49 51 54 53 52 55 56 57 60 58 59 62 61 65 66 68 73 72 67 64 63 69 70 71 74 76 75 77 79 80 78 81 83 82 85 84 86 87 88 90 89 91 93 94 95 92 96 97 99 98 
8 5 4 2 0 1 3 6 7 9 10 11 13 12 15 16 14 17 18 19 20 22 21 23 24 27 25 26 29 28 30 32 31 33 34 35 36 37 38 39 40 43 41 42 45 48 44 46 47 50 49 51 54 53 52 55 56 57 60 58 59 61 63 64 67 65 62 66 68 69 70 71 74 72 73 76 75 77 79 80 78 81 83 82 85 84 86 87 88 90 89 91 93 94 95 92 96 97 99 98 
0 1 2 3 4 5 6 7 8 9 11 10 12 13 16 15 14 17 18 19 20 22 21 23 25 26 29 28 24 27 30 32 31 33 34 36 35 37 38 39 40 43 41 42 46 45 44 48 47 50 49 51 54 53 52 55 56 57 60 58 59 61 63 62 66 65 64 67 68 69 70 71 74 72 73 76 77 75 79 80 78 81 83 82 85 84 86 87 88 90 89 91 93 94 95 92 96 97 99 98 
19 15 11 8 7 5 4 2 0 1 3 6 9 10 12 13 16 14 17 18 20 22 21 23 24 27 26 25 29 28 30 32 31 33 34 36 35 37 38 39 40 41 43 42 46 47 48 45 44 49 50 51 54 53 52 55 56 57 60 59 58 62 61 63 65 64 67 66 68 69 72 73 76 74 70 71 75 77 79 80 78 81 83 82 85 84 86 87 88 90 89 91 93 94 95 92 96 97 99 98 
0 1 2 3 4 6 9 16 22 28 29 26 23 21 20 17 11 7 5 8 10 12 13 15 14 18 19 24 25 27 30 32 31 33 34 36 35 37 38 39 40 43 41 42 45 44 48 46 47 50 49 53 52 57 55 51 54 56 60 59 62 66 69 65 64 61 58 63 67 68 70 71 74 72 73 75 76 77 79 80 78 81 83 82 85 84 86 87 88 90 89 91 93 94 95 92 96 97 99 98 
0 1 2 3 4 5 6 7 8 9 11 10 12 13 16 14 17 21 20 18 15 19 22 23 24 27 25 26 29 30 28 32 31 33 34 36 35 37 38 43 46 48 44 45 41 39 40 42 47 51 56 62 66 69 65 59 57 55 54 49 50 53 52 60 58 61 63 64 67 68 70 71 74 72 73 76 75 77 79 80 78 81 83 82 85 84 86 87 88 90 89 91 93 94 95 92 96 97 99 98 
0 1 2 3 4 5 6 7 8 9 11 10 12 13 15 16 14 17 18 19 20 22 21 23 25 26 29 30 32 27 24 28 34 36 38 40 43 39 37 33 31 35 41 42 45 46 50 49 47 48 44 51 55 56 58 61 65 66 62 59 57 54 53 52 60 63 64 67 68 69 70 71 74 72 73 76 75 77 79 80 78 81 83 82 85 84 86 87 88 90 89 91 93 94 95 92 96 97 99 98 
0 1 2 3 4 5 6 7 8 9 10 11 13 12 15 16 14 17 18 19 20 22 21 23 24 27 30 28 26 25 29 32 31 33 34 36 35 37 38 39 40 43 41 42 45 44 46 47 48 49 50 53 51 54 55 52 56 57 60 58 59 62 61 63 64 67 65 66 68 69 70 71 74 72 73 76 77 75 79 80 78 81 83 82 84 85 86 87 88 90 89 91 93 94 95 92 96 97 99 98 
0 1 2 3 4 5 6 7 8 9 11 10 12 13 15 16 14 17 18 19 20 22 21 23 24 27 25 26 29 28 30 32 31 33 34 36 35 37 38 39 45 44 49 51 54 53 50 47 42 41 40 43 46 48 52 55 56 57 59 61 63 60 58 62 64 65 69 71 70 66 67 68 72 74 73 76 75 77 79 80 78 81 83 82 85 84 86 87 88 90 89 91 93 94 95 92 96 97 99 98 
0 1 2 3 4 5 6 7 8 9 11 10 12 13 16 15 14 17 18 19 20 22 21 23 25 26 24 27 28 29 32 30 31 33 34 35 36 38 37 39 42 45 48 53 54 51 55 56 59 63 65 66 62 58 60 57 49 44 41 40 43 46 47 50 52 61 64 67 68 69 70 71 75 76 73 72 74 77 79 80 78 81 83 82 85 84 86 87 88 90 89 91 93 94 95 92 96 97 99 98 
0 1 2 3 4 5 6 7 8 9 11 10 12 13 16 15 14 17 18 19 20 22 21 23 24 27 25 26 29 28 30 32 31 33 37 39 40 38 36 34 35 41 43 46 48 50 49 44 45 42 47 53 52 55 51 54 56 57 60 58 59 61 63 62 66 65 64 67 68 73 74 71 70 69 72 76 75 77 79 80 78 81 83 82 85 84 86 87 88 90 89 91 93 94 95 92 96 97 99 98 
0 1 2 3 4 5 6 7 8 9 11 10 12 13 16 15 14 17 18 19 20 22 21 23 25 24 27 30 28 26 29 32 31 33 34 36 35 37 40 46 43 38 39 41 42 45 44 48 47 50 49 51 54 53 52 55 56 59 62 63 61 58 57 60 64 67 65 66 68 69 70 71 74 72 73 76 75 77 79 80 78 81 83 82 85 84 86 87 88 90 89 91 93 94 95 92 96 97 99 98 
0 1 2 3 4 5 6 7 8 9 11 10 12 13 16 15 14 17 18 19 20 22 21 23 24 27 25 26 29 28 30 32 31 33 34 36 35 37 39 38 40 43 41 42 46 47 48 45 44 49 50 51 54 53 52 55 56 57 60 58 59 61 64 67 65 63 62 66 70 71 74 69 68 72 73 76 75 77 79 80 78 81 83 82 85 84 86 87 88 90 89 91 93 94 95 92 96 97 99 98 
0 1 2 3 4 5 6 7 8 9 10 11 13 12 15 16 14 17 18 19 20 22 21 23 25 24 27 28 26 29 32 30 31 33 34 36 35 37 38 39 40 43 41 42 46 47 48 45 44 49 50 53 51 54 52 55 56 57 60 58 59 62 63 61 65 64 67 66 68 69 70 71 74 72 73 76 75 77 79 80 78 81 83 82 85 84 86 87 88 90 89 91 93 94 95 92 96 97 99 98 
0 1 2 3 4 5 6 7 8 9 10 11 13 12 15 16 14 17 18 19 20 22 21 23 25 26 27 30 33 34 35 37 38 40 45 49 55 52 56 54 51 53 47 48 46 42 41 31 29 24 28 32 36 39 43 44 50 57 60 58 59 62 61 63 65 64 67 66 69 68 72 73 76 74 70 71 75 77 79 80 78 81 83 82 85 84 86 87 88 90 89 91 93 94 95 92 96 97 99 98 
0 1 2 3 4 5 6 7 8 9 11 10 12 13 16 15 14 17 21 20 18 19 22 23 25 24 27 28 30 32 26 29 31 33 34 35 36 37 38 39 40 43 41 42 45 44 48 46 47 50 49 51 54 53 52 55 56 57 60 58 59 62 61 63 65 64 67 66 68 69 70 73 72 74 71 76 75 77 79 80 78 81 83 82 85 84 86 87 90 88 89 91 93 94 95 92 96 97 99 98 
0 1 2 3 4 5 6 7 8 9 11 10 12 13 16 15 14 17 18 19 20 22 21 23 24 27 25 26 29 28 30 32 31 33 34 36 35 37 38 39 40 43 41 42 45 44 46 47 48 49 50 53 54 51 52 55 56 57 59 60 58 61 62 63 65 64 67 66 68 69 70 71 74 72 73 76 75 77 79 80 78 81 83 82 85 84 86 87 88 90 89 91 93 94 95 92 96 97 99 98 
0 1 2 3 4 5 6 7 8 9 11 10 12 13 16 15 14 17 18 19 20 22 21 23 25 24 27 26 29 28 30 32 31 33 34 36 35 37 38 39 40 41 43 42 45 44 48 46 47 50 49 51 54 53 52 55 56 57 60 58 59 62 61 63 65 64 67 66 68 69 70 71 74 72 73 76 75 77 79 80 78 81 83 82 85 84 86 87 88 90 89 91 93 94 95 92 96 97 99 98 
0 1 2 3 4 5 6 8 13 12 10 9 7 11 15 16 14 17 18 19 20 22 21 23 24 26 32 33 34 31 30 27 25 29 28 35 40 42 44 45 43 39 37 36 38 41 46 47 48 50 49 53 51 54 55 52 60 61 62 59 57 56 58 63 65 64 67 66 68 69 70 71 74 72 73 76 75 77 79 80 78 81 83 82 85 84 86 87 88 90 89 91 93 94 95 92 96 97 99 98 
0 1 2 3 4 5 6 7 8 9 10 11 13 12 15 16 14 17 18 19 20 21 22 23 24 27 25 26 29 28 30 32 31 33 34 36 39 46 47 48 50 44 45 42 41 37 35 38 40 43 49 51 54 53 52 55 56 57 59 62 66 65 63 60 58 61 64 67 68 69 70 71 74 72 73 76 75 77 78 79 80 81 83 82 85 84 86 87 88 90 89 91 93 94 95 92 96 97 99 98 
21 20 17 14 16 13 9 6 4 2 0 1 3 5 7 8 11 10 12 15 18 19 22 23 24 27 25 26 29 28 30 32 31 33 34 36 35 37 38 39 40 43 41 42 48 53 52 56 54 49 44 45 46 47 50 51 55 57 60 59 61 64 65 63 58 62 66 67 68 69 70 71 74 72 73 76 75 77 79 80 78 81 83 82 85 84 86 87 88 90 89 91 93 94 95 92 96 97 99 98 
0 1 2 3 4 5 6 7 8 9 10 11 13 12 15 16 14 17 18 19 20 22 21 23 24 25 26 29 28 27 30 32 31 33 34 36 35 37 38 39 40 43 41 42 45 44 48 46 47 50 49 51 54 53 52 55 56 57 60 58 59 62 61 63 65 64 67 66 68 69 70 71 74 72 73 76 75 77 79 80 78 81 83 82 85 84 86 87 88 90 89 91 93 94 95 92 96 97 99 98 
27 24 22 20 17 16 13 11 9 5 4 3 1 0 2 6 7 8 10 12 14 15 19 18 21 23 25 26 29 28 30 32 31 33 34 36 35 37 38 39 40 43 41 42 45 44 48 46 47 50 49 51 54 53 52 55 56 57 60 58 59 62 61 63 64 67 65 66 69 68 72 70 71 74 73 76 75 77 79 80 78 81 83 82 85 84 86 87 88 90 89 91 93 94 95 92 96 97 99 98 
0 1 2 3 4 5 6 7 8 9 11 10 12 13 16 15 14 17 18 19 20 22 21 23 24 27 25 26 29 28 30 32 31 33 34 36 35 37 38 39 41 45 44 47 46 43 40 42 48 53 52 55 51 49 50 54 56 57 60 58 59 62 61 63 65 64 67 66 68 69 70 72 73 74 71 76 75 77 79 80 78 81 83 82 85 84 86 87 88 90 89 91 93 94 95 92 96 97 99 98 
0 1 2 3 4 5 6 7 8 9 10 11 13 12 15 16 14 17 18 19 20 22 21 23 24 25 26 29 30 27 28 31 32 34 35 38 41 39 36 33 37 40 43 42 45 48 46 47 44 49 50 53 52 60 57 55 51 54 56 58 59 62 61 63 65 64 67 66 68 69 70 71 74 72 73 76 75 77 79 80 78 81 83 82 85 84 86 87 88 90 89 91 93 94 95 92 96 97 99 98 
21 17 14 16 12 13 11 8 7 6 5 3 1 0 2 4 9 10 15 18 19 20 22 23 25 24 27 30 31 36 34 32 28 26 29 33 35 37 38 39 40 43 41 42 45 44 46 48 49 54 53 50 47 51 52 55 56 57 60 66 68 64 63 61 58 59 62 65 67 69 73 74 77 79 75 76 72 70 71 78 80 81 83 82 85 84 86 87 88 90 89 91 93 94 95 92 96 97 99 98 
0 1 2 3 4 5 6 7 8 9 11 10 12 13 16 15 14 17 18 19 20 22 21 23 24 27 25 26 29 28 30 32 31 33 34 36 35 37 38 39 40 43 41 42 45 44 46 47 48 50 49 51 54 53 52 55 56 57 60 58 59 62 61 63 64 67 65 66 68 69 70 71 76 73 72 74 77 75 79 80 78 81 83 82 84 85 86 87 88 90 89 91 93 92 96 98 99 97 95 94 
0 1 2 3 4 5 6 7 8 9 11 10 12 13 16 15 14 17 18 19 20 22 21 23 25 26 24 27 30 28 29 32 31 33 37 41 43 40 38 36 34 35 39 42 45 44 48 46 47 50 49 51 54 53 52 55 56 57 60 58 59 62 61 63 65 64 67 66 68 69 70 71 74 72 73 75 76 77 79 78 80 81 83 82 85 84 86 87 88 90 89 91 93 94 95 92 96 97 99 98 
0 1 2 3 4 5 6 7 8 9 11 10 12 13 16 15 14 17 21 20 18 19 22 23 24 25 26 29 28 27 30 32 31 33 34 35 36 37 38 39 40 43 41 42 45 44 48 46 47 50 49 51 54 53 52 55 56 57 60 58 62 64 65 69 73 74 70 66 61 59 63 67 68 72 76 71 75 77 79 80 78 81 83 82 85 84 86 87 88 90 89 91 93 94 95 92 96 97 99 98 
0 1 2 3 4 5 6 7 8 9 10 11 13 12 16 15 18 19 27 24 22 20 14 17 21 23 25 26 29 28 30 32 31 33 34 36 35 37 38 39 40 43 46 47 53 55 57 60 52 51 50 49 44 45 41 42 48 54 56 58 59 62 61 63 64 65 66 67 68 72 73 69 70 71 74 76 75 77 79 80 78 81 83 82 85 84 86 87 88 90 89 91 93 94 95 92 96 97 99 98 
0 1 2 3 4 5 6 7 8 9 11 10 12 13 16 15 14 17 18 19 20 22 21 23 25 26 24 27 30 28 29 32 31 34 37 43 45 44 42 40 39 35 33 36 38 41 46 47 48 49 50 53 51 54 52 55 56 57 60 58 59 62 61 63 64 67 65 66 68 69 70 71 74 72 73 76 75 77 79 80 78 81 83 82 85 84 86 87 88 90 89 91 93 94 95 92 96 97 99 98 
21 20 17 14 16 12 10 9 8 5 4 2 0 1 3 6 7 11 13 15 18 19 22 23 24 27 25 26 29 28 30 32 31 33 34 36 35 37 38 39 40 43 41 42 45 44 46 47 48 50 49 51 54 53 52 55 56 57 60 58 59 61 65 69 68 67 64 63 62 66 70 71 73 72 74 76 75 77 79 80 78 81 83 82 85 84 86 87 88 90 89 91 93 94 95 92 96 97 99 98 
0 1 2 3 4 5 6 7 8 9 11 10 12 13 16 15 14 17 18 19 20 22 21 23 25 24 27 26 29 31 34 36 38 39 35 32 28 30 33 37 40 41 43 46 47 53 50 48 42 45 44 49 51 52 55 54 56 59 66 69 74 71 70 68 64 63 60 57 58 62 61 65 67 72 73 76 75 77 79 80 78 81 83 82 85 84 86 87 88 90 89 91 93 94 95 92 96 97 99 98 
0 1 2 3 4 5 6 7 8 9 11 10 12 13 16 15 14 17 18 19 20 22 21 23 24 27 25 26 29 28 30 32 31 33 34 36 35 39 46 47 48 45 42 41 37 38 40 43 44 49 50 53 54 51 52 57 58 59 56 55 60 61 64 67 70 71 74 68 65 63 62 66 69 73 72 76 75 77 79 80 78 81 83 82 85 84 86 87 88 90 89 91 93 94 95 92 96 97 99 98 
0 1 2 3 4 5 6 7 8 9 10 11 13 12 16 15 14 17 18 19 22 20 21 23 25 24 27 30 28 26 29 32 31 33 34 36 35 37 38 39 40 43 41 42 45 44 48 46 47 50 49 53 51 54 52 55 56 57 60 58 59 62 63 61 65 64 67 68 66 69 70 71 74 72 73 76 75 77 79 80 78 81 83 82 85 84 86 87 88 90 89 91 93 94 97 99 98 96 92 95 
0 1 2 3 4 5 6 7 8 9 10 11 13 12 15 16 14 17 18 19 20 22 21 23 25 26 24 27 30 28 29 32 31 33 34 36 35 37 38 39 40 43 41 42 45 44 48 46 47 50 49 54 56 57 55 53 51 52 60 58 59 62 61 63 65 64 67 66 68 69 70 71 74 72 73 76 75 77 79 78 82 84 85 90 94 97 99 98 96 92 95 91 93 89 88 87 86 83 81 80 
0 1 2 3 4 5 6 7 8 9 10 11 13 12 15 16 14 17 18 19 20 22 21 23 24 25 26 29 28 27 30 32 31 33 34 36 35 37 38 39 40 43 41 42 45 44 48 46 47 50 49 51 54 53 52 55 56 57 60 58 59 61 63 64 67 68 65 62 66 69 70 71 73 74 72 76 75 77 79 80 78 81 83 82 85 84 86 87 88 90 89 91 93 94 95 92 96 97 99 98 
0 1 2 3 4 5 6 7 8 9 10 11 13 12 15 16 14 17 18 19 20 22 21 23 24 27 30 28 26 25 29 32 31 36 45 46 48 53 44 42 40 38 37 35 33 34 39 41 43 47 50 49 51 54 52 55 56 57 60 58 59 62 61 63 65 66 69 70 71 74 73 68 64 67 72 76 75 77 79 80 78 81 83 82 85 84 86 87 88 90 89 91 93 94 95 92 96 97 99 98 
0 1 2 3 4 5 6 7 8 9 11 10 12 13 16 14 15 17 18 19 20 22 21 23 24 27 25 26 29 28 30 32 31 33 34 36 35 37 38 39 40 46 47 50 54 51 48 43 41 42 45 44 49 53 52 55 56 57 60 58 59 62 61 63 65 64 67 66 68 69 70 71 74 72 73 76 75 77 79 80 78 81 83 82 85 84 86 87 88 90 89 91 93 94 95 92 96 97 99 98 
0 1 2 3 4 5 6 7 8 9 11 12 10 13 15 18 19 22 21 17 16 14 20 23 25 26 27 24 28 29 32 30 31 33 34 36 35 41 45 42 43 39 37 38 40 46 47 48 44 49 50 53 51 54 52 55 56 57 60 58 59 61 63 64 65 62 66 67 69 68 73 76 75 77 74 72 70 71 78 79 80 81 83 82 85 84 86 87 88 90 89 91 93 94 95 92 96 97 99 98 
0 1 2 3 4 5 6 7 8 9 10 11 13 12 15 16 14 17 18 19 20 21 22 24 28 30 27 23 25 26 29 32 31 33 34 36 35 37 38 39 40 43 41 42 44 49 50 48 45 46 47 53 51 54 52 55 56 57 60 58 59 62 61 63 64 67 65 66 68 69 70 71 74 73 72 76 75 77 79 78 80 81 83 82 85 84 86 87 88 90 89 91 93 94 95 92 96 97 99 98 
0 1 2 3 4 5 6 7 8 9 11 10 12 13 16 15 14 17 18 19 20 21 22 30 33 31 29 28 27 24 23 25 26 32 34 35 36 37 38 39 40 43 41 42 45 44 46 47 48 50 49 53 51 54 52 55 56 57 60 58 59 63 61 62 66 68 65 64 67 69 70 71 72 75 78 81 80 79 77 74 73 76 83 82 85 84 86 87 88 90 89 91 93 94 95 92 96 97 99 98 
0 1 2 3 4 5 6 7 8 9 10 11 13 12 15 16 14 17 18 19 20 22 21 23 25 29 32 28 26 24 27 30 31 33 34 36 35 37 38 39 40 43 41 42 45 46 47 48 44 49 50 53 51 54 52 55 56 57 60 58 59 62 61 63 64 67 65 66 69 70 71 75 74 68 72 73 76 77 79 80 78 81 83 82 85 84 86 87 88 90 89 91 94 93 95 92 96 97 99 98 
0 1 2 3 5 8 10 12 15 14 13 11 7 4 6 9 16 17 21 20 18 19 22 23 25 24 27 30 32 28 26 29 33 36 39 43 40 37 35 31 34 38 41 42 44 46 47 51 52 56 54 49 45 48 50 53 55 57 59 58 60 62 61 63 64 67 65 66 68 69 70 71 73 72 74 76 75 77 79 80 78 81 83 82 85 84 87 86 88 90 89 91 93 94 95 92 96 97 99 98 
0 1 2 3 4 5 6 7 8 9 10 11 13 12 15 16 14 17 18 19 20 22 21 23 24 25 26 29 28 27 30 32 31 33 34 36 35 37 39 38 40 43 41 42 45 44 48 46 47 50 49 51 55 57 52 53 54 56 58 62 66 68 73 76 75 77 74 71 70 69 65 63 60 59 61 64 67 72 79 80 78 81 83 82 85 84 86 87 88 90 89 91 93 94 95 92 96 97 99 98 
0 1 2 3 4 5 6 7 8 9 10 11 13 12 15 16 14 17 18 19 20 22 21 23 25 24 26 29 31 34 36 38 42 44 45 39 35 33 32 28 27 30 37 40 41 43 47 52 55 54 53 49 48 46 50 51 56 57 60 58 59 62 61 63 65 64 67 66 68 69 70 71 74 72 73 76 75 77 79 80 78 81 83 82 85 84 86 87 88 90 89 91 93 94 95 92 96 97 99 98 
29 26 25 23 21 20 19 15 11 10 9 5 4 2 0 1 3 6 7 8 13 12 16 14 17 18 22 24 27 30 28 32 31 33 34 36 35 37 38 39 40 43 41 42 45 44 48 46 47 51 57 58 61 65 63 60 52 54 49 50 53 55 56 59 62 64 67 66 69 70 71 73 77 79 76 72 68 74 75 78 80 83 81 82 85 84 86 87 88 90 89 91 93 94 95 92 96 97 99 98 
0 1 2 3 4 5 6 7 8 9 11 10 12 13 16 15 14 17 18 19 20 22 21 23 24 27 30 31 29 25 26 28 32 33 34 36 35 37 38 39 40 41 42 43 46 45 44 48 47 50 49 51 54 53 52 55 56 57 60 58 59 62 61 63 65 64 67 66 69 68 72 73 71 78 79 77 74 70 76 75 80 81 83 82 85 84 86 87 88 90 89 91 93 94 95 92 96 97 99 98 
0 1 2 3 4 5 6 7 8 9 10 11 13 12 15 16 14 17 18 19 20 22 21 23 25 24 27 30 28 26 29 32 35 39 40 42 44 50 52 47 43 38 37 34 31 33 36 41 46 45 48 49 51 56 57 62 69 72 74 75 76 73 67 59 58 54 53 55 60 61 63 64 65 66 68 70 71 77 79 80 78 81 83 82 84 87 86 85 88 90 89 91 94 95 97 99 98 96 92 93 
13 11 6 3 1 0 2 4 5 7 8 9 10 12 15 16 14 17 18 19 20 22 21 23 25 24 27 30 32 35 36 31 29 26 28 33 34 37 38 39 40 43 41 42 45 44 46 47 48 50 49 51 54 53 52 55 56 57 60 59 62 58 61 63 64 67 65 66 68 69 70 71 74 72 73 76 75 77 79 80 78 81 83 82 85 84 86 87 88 90 89 91 93 94 95 92 96 97 99 98 
0 1 2 3 4 5 6 7 8 9 11 10 12 13 16 15 14 17 18 19 20 22 21 23 24 27 25 26 29 28 30 32 31 33 34 36 35 37 38 39 40 43 41 42 45 44 48 46 47 50 49 51 54 53 52 55 56 59 62 58 57 60 61 63 65 64 67 66 69 68 73 74 71 78 81 80 75 72 70 76 77 79 83 82 85 84 86 87 88 90 89 91 93 94 95 92 96 97 99 98 
0 1 2 3 4 5 6 7 8 9 11 10 12 13 16 14 15 20 23 24 25 29 32 33 36 38 39 37 35 31 30 27 19 18 17 21 22 26 28 34 40 42 41 43 46 47 48 45 44 49 50 53 51 54 52 55 56 57 60 58 59 62 61 63 65 64 67 66 69 68 72 73 70 71 74 76 75 77 79 80 78 81 83 82 85 84 86 87 88 90 89 91 93 94 95 92 96 97 99 98 
19 18 15 13 8 11 10 7 5 4 2 0 1 3 6 9 12 16 14 17 20 22 21 23 24 25 26 29 28 27 30 32 31 33 34 35 36 38 37 39 40 41 43 42 48 49 51 54 56 58 60 52 55 50 47 46 45 44 53 57 59 62 61 63 64 67 65 66 69 68 70 71 74 72 73 76 75 77 79 78 80 81 83 82 85 84 86 87 88 90 89 91 93 94 95 92 96 97 99 98 
0 1 2 3 4 5 6 7 8 9 11 10 12 13 16 15 14 17 18 19 20 22 21 23 24 25 26 29 28 27 30 32 31 33 34 35 36 37 38 39 40 41 42 43 45 46 48 47 53 51 49 44 50 54 52 55 57 56 60 58 59 62 61 63 65 64 67 66 68 69 70 71 74 72 73 76 75 77 79 80 78 81 83 82 85 84 86 87 88 90 89 91 93 94 95 92 96 97 99 98 
0 1 2 3 4 5 6 7 8 9 10 11 13 12 15 16 14 17 18 19 20 22 21 23 24 27 25 26 29 28 30 32 31 33 34 36 35 37 38 39 40 43 41 42 46 45 44 47 48 50 49 53 51 54 52 55 56 57 60 58 59 62 61 63 65 64 67 66 68 69 70 71 74 72 73 76 75 77 79 80 78 81 83 82 85 84 86 87 88 90 89 91 93 94 95 92 96 97 99 98 
0 1 2 3 4 5 6 7 8 9 11 10 12 13 15 16 14 17 18 19 20 22 21 23 25 26 29 28 24 27 30 32 31 33 34 36 35 37 38 40 42 44 45 41 39 43 46 47 48 50 49 53 51 54 52 58 61 60 57 55 56 59 62 63 64 67 65 66 68 69 70 73 72 71 74 76 75 77 79 80 78 81 83 82 85 84 86 87 88 90 89 91 93 94 95 92 96 97 99 98 
0 1 2 3 4 5 6 7 8 9 10 11 13 12 14 18 20 22 19 15 16 17 21 23 26 30 31 35 34 32 29 25 24 27 28 33 36 37 38 39 40 42 48 44 45 41 43 46 47 50 49 53 51 52 60 58 61 63 65 67 68 66 62 56 54 55 57 59 64 69 76 77 74 70 72 73 71 75 79 80 78 81 83 82 85 84 86 87 90 88 89 91 93 94 95 92 96 97 99 98 
0 1 2 3 4 5 6 7 9 8 10 11 13 12 15 16 14 17 18 20 19 24 27 28 26 23 21 22 25 29 31 32 30 33 34 36 35 37 38 39 43 42 45 48 54 57 58 68 71 73 72 67 64 63 61 60 52 53 50 47 46 40 41 44 49 51 55 56 59 62 65 66 69 70 74 76 75 77 79 80 78 81 83 82 85 84 86 87 88 90 89 91 93 94 95 92 96 97 99 98 
0 1 2 3 4 5 6 7 8 9 11 10 12 13 16 15 14 17 19 18 20 22 21 23 24 27 25 26 28 29 31 36 34 32 30 33 35 37 39 43 46 47 42 40 38 41 45 44 48 50 49 53 51 56 59 62 61 58 57 55 54 52 60 63 65 64 67 66 68 69 70 71 74 72 73 76 75 77 79 80 78 81 83 82 85 84 86 87 88 90 89 91 93 94 95 92 96 97 99 98 
0 1 2 3 4 5 6 7 8 9 11 10 12 13 16 14 15 17 19 18 22 27 30 28 29 25 24 20 21 23 26 32 31 33 34 36 35 37 38 39 40 41 42 44 48 54 56 57 55 52 53 51 49 45 43 46 47 50 60 58 59 62 63 61 65 64 67 66 68 69 70 71 74 72 73 76 77 75 79 80 78 81 83 82 85 84 87 86 88 90 89 91 93 94 95 92 96 97 99 98 
0 1 2 3 4 5 6 7 8 9 10 11 13 12 14 16 15 19 18 17 20 21 22 25 26 34 37 38 39 43 47 50 53 51 52 57 60 64 72 75 77 73 68 66 70 74 76 79 80 81 78 82 85 87 88 90 89 93 94 92 97 99 98 96 95 91 86 84 83 71 69 67 65 63 61 62 59 58 56 55 54 49 48 44 45 46 42 41 40 36 35 33 31 30 32 29 28 27 24 23 
0 1 2 3 4 5 6 7 8 9 10 11 13 12 15 16 14 17 18 19 22 20 21 23 25 26 29 28 33 39 43 46 45 44 49 52 57 58 62 61 60 56 54 53 47 42 41 37 36 35 32 27 24 30 31 34 38 40 48 50 51 55 59 66 68 67 64 63 65 69 70 71 74 72 73 76 75 77 79 80 78 81 82 83 84 85 86 87 88 90 89 93 95 97 99 98 96 92 94 91 
0 1 2 3 4 5 6 7 8 9 11 10 13 12 16 15 14 17 18 19 20 22 21 23 24 27 25 26 29 28 30 32 31 33 34 36 35 37 38 39 40 43 41 42 46 47 50 53 54 55 52 60 61 65 64 67 70 72 73 76 75 78 82 84 87 88 90 91 93 95 97 99 98 96 92 94 89 86 85 83 81 80 79 77 74 71 69 68 66 62 63 59 58 57 56 51 49 48 45 44 

Rank matrix
85 0 0 0 1 1 0 0 2 0 1 2 2 4 1 0 0 0 0 0 0 0 0 0 1 0 0 0 0 0 0 0 0 0 0 0 0 0 0 0 0 0 0 0 0 0 0 0 0 0 0 0 0 0 0 0 0 0 0 0 0 0 0 0 0 0 0 0 0 0 0 0 0 0 0 0 0 0 0 0 0 0 0 0 0 0 0 0 0 0 0 0 0 0 0 0 0 0 0 0 
0 85 0 0 1 1 0 0 0 2 1 1 4 2 1 1 0 0 0 0 0 0 0 0 0 1 0 0 0 0 0 0 0 0 0 0 0 0 0 0 0 0 0 0 0 0 0 0 0 0 0 0 0 0 0 0 0 0 0 0 0 0 0 0 0 0 0 0 0 0 0 0 0 0 0 0 0 0 0 0 0 0 0 0 0 0 0 0 0 0 0 0 0 0 0 0 0 0 0 0 
0 0 85 1 0 0 1 2 0 1 1 2 2 1 3 0 0 0 0 0 0 0 0 1 0 0 0 0 0 0 0 0 0 0 0 0 0 0 0 0 0 0 0 0 0 0 0 0 0 0 0 0 0 0 0 0 0 0 0 0 0 0 0 0 0 0 0 0 0 0 0 0 0 0 0 0 0 0 0 0 0 0 0 0 0 0 0 0 0 0 0 0 0 0 0 0 0 0 0 0 
0 0 0 85 1 0 1 0 0 1 2 3 1 1 2 1 1 0 0 0 0 0 0 0 0 0 1 0 0 0 0 0 0 0 0 0 0 0 0 0 0 0 0 0 0 0 0 0 0 0 0 0 0 0 0 0 0 0 0 0 0 0 0 0 0 0 0 0 0 0 0 0 0 0 0 0 0 0 0 0 0 0 0 0 0 0 0 0 0 0 0 0 0 0 0 0 0 0 0 0 
0 0 1 1 83 0 2 1 1 1 3 1 1 2 0 2 0 0 0 0 0 0 1 0 0 0 0 0 0 0 0 0 0 0 0 0 0 0 0 0 0 0 0 0 0 0 0 0 0 0 0 0 0 0 0 0 0 0 0 0 0 0 0 0 0 0 0 0 0 0 0 0 0 0 0 0 0 0 0 0 0 0 0 0 0 0 0 0 0 0 0 0 0 0 0 0 0 0 0 0 
0 1 0 0 1 84 1 0 3 3 1 1 0 1 0 0 1 1 1 0 0 1 0 0 0 0 0 0 0 0 0 0 0 0 0 0 0 0 0 0 0 0 0 0 0 0 0 0 0 0 0 0 0 0 0 0 0 0 0 0 0 0 0 0 0 0 0 0 0 0 0 0 0 0 0 0 0 0 0 0 0 0 0 0 0 0 0 0 0 0 0 0 0 0 0 0 0 0 0 0 
0 0 1 0 0 2 81 3 0 1 1 2 0 0 3 3 1 1 0 0 1 0 0 0 0 0 0 0 0 0 0 0 0 0 0 0 0 0 0 0 0 0 0 0 0 0 0 0 0 0 0 0 0 0 0 0 0 0 0 0 0 0 0 0 0 0 0 0 0 0 0 0 0 0 0 0 0 0 0 0 0 0 0 0 0 0 0 0 0 0 0 0 0 0 0 0 0 0 0 0 
0 0 0 0 1 0 1 83 3 1 1 0 3 0 1 0 3 2 1 0 0 0 0 0 0 0 0 0 0 0 0 0 0 0 0 0 0 0 0 0 0 0 0 0 0 0 0 0 0 0 0 0 0 0 0 0 0 0 0 0 0 0 0 0 0 0 0 0 0 0 0 0 0 0 0 0 0 0 0 0 0 0 0 0 0 0 0 0 0 0 0 0 0 0 0 0 0 0 0 0 
1 0 0 1 2 1 1 3 81 2 1 0 1 0 0 1 0 1 1 2 0 0 0 0 0 0 0 1 0 0 0 0 0 0 0 0 0 0 0 0 0 0 0 0 0 0 0 0 0 0 0 0 0 0 0 0 0 0 0 0 0 0 0 0 0 0 0 0 0 0 0 0 0 0 0 0 0 0 0 0 0 0 0 0 0 0 0 0 0 0 0 0 0 0 0 0 0 0 0 0 
0 0 0 0 0 0 2 1 3 80 1 2 1 2 1 3 2 1 0 1 0 0 0 0 0 0 0 0 0 0 0 0 0 0 0 0 0 0 0 0 0 0 0 0 0 0 0 0 0 0 0 0 0 0 0 0 0 0 0 0 0 0 0 0 0 0 0 0 0 0 0 0 0 0 0 0 0 0 0 0 0 0 0 0 0 0 0 0 0 0 0 0 0 0 0 0 0 0 0 0 
0 0 0 0 0 1 3 0 0 3 31 49 2 1 2 0 2 2 1 2 1 0 0 0 0 0 0 0 0 0 0 0 0 0 0 0 0 0 0 0 0 0 0 0 0 0 0 0 0 0 0 0 0 0 0 0 0 0 0 0 0 0 0 0 0 0 0 0 0 0 0 0 0 0 0 0 0 0 0 0 0 0 0 0 0 0 0 0 0 0 0 0 0 0 0 0 0 0 0 0 
0 1 1 1 0 2 2 1 2 0 51 31 1 1 0 2 2 1 1 0 0 0 0 0 0 0 0 0 0 0 0 0 0 0 0 0 0 0 0 0 0 0 0 0 0 0 0 0 0 0 0 0 0 0 0 0 0 0 0 0 0 0 0 0 0 0 0 0 0 0 0 0 0 0 0 0 0 0 0 0 0 0 0 0 0 0 0 0 0 0 0 0 0 0 0 0 0 0 0 0 
0 0 0 0 1 1 0 1 1 1 1 2 48 30 1 0 2 3 2 1 2 3 0 0 0 0 0 0 0 0 0 0 0 0 0 0 0 0 0 0 0 0 0 0 0 0 0 0 0 0 0 0 0 0 0 0 0 0 0 0 0 0 0 0 0 0 0 0 0 0 0 0 0 0 0 0 0 0 0 0 0 0 0 0 0 0 0 0 0 0 0 0 0 0 0 0 0 0 0 0 
1 0 0 1 2 2 1 2 1 0 1 0 30 51 0 4 0 0 1 0 1 0 1 0 0 0 0 0 1 0 0 0 0 0 0 0 0 0 0 0 0 0 0 0 0 0 0 0 0 0 0 0 0 0 0 0 0 0 0 0 0 0 0 0 0 0 0 0 0 0 0 0 0 0 0 0 0 0 0 0 0 0 0 0 0 0 0 0 0 0 0 0 0 0 0 0 0 0 0 0 
0 0 2 2 0 2 0 0 0 1 0 1 1 0 2 4 73 1 3 0 1 1 2 1 1 0 0 0 0 0 2 0 0 0 0 0 0 0 0 0 0 0 0 0 0 0 0 0 0 0 0 0 0 0 0 0 0 0 0 0 0 0 0 0 0 0 0 0 0 0 0 0 0 0 0 0 0 0 0 0 0 0 0 0 0 0 0 0 0 0 0 0 0 0 0 0 0 0 0 0 
0 1 3 1 0 0 0 1 1 1 0 1 0 0 34 41 5 0 1 3 2 3 0 1 0 0 0 0 0 0 0 1 0 0 0 0 0 0 0 0 0 0 0 0 0 0 0 0 0 0 0 0 0 0 0 0 0 0 0 0 0 0 0 0 0 0 0 0 0 0 0 0 0 0 0 0 0 0 0 0 0 0 0 0 0 0 0 0 0 0 0 0 0 0 0 0 0 0 0 0 
0 0 0 2 2 1 2 1 0 0 1 0 1 1 47 33 2 2 1 0 2 0 1 0 0 0 0 0 0 1 0 0 0 0 0 0 0 0 0 0 0 0 0 0 0 0 0 0 0 0 0 0 0 0 0 0 0 0 0 0 0 0 0 0 0 0 0 0 0 0 0 0 0 0 0 0 0 0 0 0 0 0 0 0 0 0 0 0 0 0 0 0 0 0 0 0 0 0 0 0 
0 2 2 0 3 0 0 0 0 0 0 0 0 2 0 1 1 77 1 6 0 1 0 1 1 0 0 0 0 1 0 0 0 0 1 0 0 0 0 0 0 0 0 0 0 0 0 0 0 0 0 0 0 0 0 0 0 0 0 0 0 0 0 0 0 0 0 0 0 0 0 0 0 0 0 0 0 0 0 0 0 0 0 0 0 0 0 0 0 0 0 0 0 0 0 0 0 0 0 0 
0 3 0 1 0 0 0 0 0 0 0 0 0 0 0 2 1 0 70 8 5 1 1 1 0 2 0 0 1 0 0 1 1 1 0 0 0 0 1 0 0 0 0 0 0 0 0 0 0 0 0 0 0 0 0 0 0 0 0 0 0 0 0 0 0 0 0 0 0 0 0 0 0 0 0 0 0 0 0 0 0 0 0 0 0 0 0 0 0 0 0 0 0 0 0 0 0 0 0 0 
4 0 0 0 0 0 1 0 0 0 0 0 1 0 1 0 1 2 5 66 3 6 4 1 0 0 1 0 0 0 1 0 2 0 0 0 0 0 0 1 0 0 0 0 0 0 0 0 0 0 0 0 0 0 0 0 0 0 0 0 0 0 0 0 0 0 0 0 0 0 0 0 0 0 0 0 0 0 0 0 0 0 0 0 0 0 0 0 0 0 0 0 0 0 0 0 0 0 0 0 
0 2 0 1 0 1 0 0 0 0 0 1 0 0 1 1 1 2 2 4 71 7 1 2 1 0 0 1 0 0 0 1 0 0 0 0 0 0 0 0 0 0 0 0 0 0 0 0 0 0 0 0 0 0 0 0 0 0 0 0 0 0 0 0 0 0 0 0 0 0 0 0 0 0 0 0 0 0 0 0 0 0 0 0 0 0 0 0 0 0 0 0 0 0 0 0 0 0 0 0 
4 0 0 1 1 0 0 0 0 0 1 0 0 1 0 0 1 1 5 0 0 8 66 2 4 0 1 0 1 0 0 0 0 1 0 1 0 1 0 0 0 0 0 0 0 0 0 0 0 0 0 0 0 0 0 0 0 0 0 0 0 0 0 0 0 0 0 0 0 0 0 0 0 0 0 0 0 0 0 0 0 0 0 0 0 0 0 0 0 0 0 0 0 0 0 0 0 0 0 0 
0 0 3 0 0 0 0 0 1 1 0 0 0 0 0 0 1 2 1 2 6 62 16 1 0 0 1 2 0 0 0 0 0 0 0 0 1 0 0 0 0 0 0 0 0 0 0 0 0 0 0 0 0 0 0 0 0 0 0 0 0 0 0 0 0 0 0 0 0 0 0 0 0 0 0 0 0 0 0 0 0 0 0 0 0 0 0 0 0 0 0 0 0 0 0 0 0 0 0 0 
0 0 0 1 0 0 0 0 0 0 0 0 1 0 0 0 0 1 1 1 0 0 1 79 1 6 0 1 0 2 1 0 1 0 1 0 1 0 0 0 0 0 0 0 0 0 0 0 0 0 0 0 0 0 0 0 0 0 0 0 0 0 0 0 0 0 0 0 0 0 0 0 0 0 0 0 0 0 0 0 0 0 0 0 0 0 0 0 0 0 0 0 0 0 0 0 0 0 0 1 
0 3 0 0 0 0 0 0 1 0 0 0 0 0 0 1 0 0 0 2 2 1 0 2 52 13 5 3 4 4 2 0 1 1 0 0 0 0 0 0 0 0 0 0 0 0 0 0 0 1 0 0 1 0 0 0 0 0 0 0 0 0 0 0 0 0 0 0 0 0 0 0 0 0 0 0 0 0 0 0 0 0 0 0 0 0 0 0 0 0 0 0 0 0 0 0 0 0 1 0 
0 0 1 0 0 0 0 0 0 0 0 0 0 0 0 0 0 0 0 0 1 0 0 1 27 16 33 1 6 5 1 2 1 1 0 2 0 1 0 0 0 0 0 0 0 0 0 0 0 0 0 0 0 0 0 0 0 0 0 0 0 0 0 0 0 0 0 0 0 0 0 0 0 0 0 0 0 0 0 0 0 0 0 0 0 0 0 0 0 0 0 0 0 0 0 0 0 0 0 1 
0 1 0 0 0 1 0 0 0 0 0 1 0 0 0 0 0 0 1 0 0 1 0 0 4 12 17 36 7 6 6 1 1 2 0 0 1 1 0 0 0 0 0 0 0 0 0 0 0 0 0 0 0 0 0 0 0 0 0 0 0 0 0 0 0 0 0 0 0 0 0 0 0 0 0 0 0 0 0 0 0 0 0 0 0 0 0 0 0 0 0 0 0 0 0 0 0 0 1 0 
3 0 0 0 0 0 0 1 0 0 0 0 0 0 0 0 0 0 1 1 0 2 1 0 1 37 15 5 4 18 1 3 0 1 1 0 0 0 1 0 2 0 0 0 0 0 0 0 0 0 0 1 0 0 0 0 0 0 0 0 0 0 0 0 0 0 0 0 0 0 0 0 0 0 0 0 0 0 0 0 0 0 0 0 0 0 0 0 0 0 0 0 0 0 0 0 0 1 0 0 
0 0 0 1 0 0 0 0 0 1 0 0 0 0 0 0 0 0 0 0 1 0 0 2 1 2 3 11 19 37 4 4 3 0 3 1 1 0 1 1 0 1 0 0 0 0 0 0 0 0 1 0 0 0 0 0 0 0 0 0 0 0 0 0 0 0 0 0 0 0 0 0 0 0 0 0 0 0 0 0 0 0 0 0 0 0 0 0 0 0 0 0 0 0 0 0 2 0 0 0 
1 0 0 0 1 0 0 0 0 0 1 0 0 0 0 0 0 0 0 0 0 1 0 0 1 3 6 18 35 7 13 4 1 2 2 0 0 0 1 0 0 0 0 0 0 0 0 0 1 0 0 0 0 0 0 0 0 0 0 0 0 0 0 0 0 0 0 0 0 0 0 0 0 0 0 0 0 0 0 0 0 0 0 0 0 0 0 0 0 0 0 0 0 0 0 1 0 1 0 0 
0 0 0 0 0 0 1 0 0 0 0 0 0 0 0 0 0 0 0 0 0 0 1 2 0 3 7 13 5 2 50 6 1 1 1 1 1 1 0 1 0 1 0 0 0 0 0 0 0 0 0 0 0 1 0 0 0 0 0 0 0 0 0 0 0 0 0 0 0 0 0 0 0 0 0 0 0 0 0 0 0 0 0 0 0 0 0 0 0 0 0 0 0 1 0 0 0 0 0 0 
0 0 0 0 0 0 0 0 0 0 0 0 0 0 0 0 0 0 0 0 0 1 1 0 0 1 1 2 4 4 2 2 73 0 0 1 0 0 1 1 2 0 0 0 1 0 0 1 0 0 0 0 0 0 1 0 0 0 0 0 0 0 0 0 0 0 0 0 0 0 0 0 0 0 0 0 0 0 0 0 0 0 0 0 0 0 0 0 0 0 0 0 1 0 0 0 0 0 0 0 
0 0 0 0 0 0 0 0 0 0 0 0 0 0 0 0 0 0 0 0 0 0 2 0 1 0 6 1 4 2 6 65 2 3 1 1 0 1 1 0 0 0 0 0 0 0 0 0 0 0 1 1 0 0 0 0 0 0 0 0 0 0 0 0 0 0 0 0 0 0 0 0 0 0 0 0 0 0 0 0 0 0 0 0 0 0 0 0 0 0 0 0 0 0 1 1 0 0 0 0 
0 0 1 0 0 0 0 0 0 0 0 0 0 0 0 0 0 0 0 1 0 0 0 1 1 1 0 1 3 0 0 1 1 69 2 4 1 2 2 3 0 0 2 0 1 1 0 0 0 0 0 0 0 0 0 0 0 0 0 0 0 0 0 0 0 0 0 0 0 0 0 0 0 0 0 0 0 0 0 0 0 0 0 0 0 0 0 0 0 0 0 1 0 0 1 0 0 0 0 0 
0 0 0 0 0 0 0 0 0 0 0 0 0 0 0 0 0 0 0 0 1 0 1 0 0 1 0 0 3 4 2 0 2 3 69 0 2 1 0 4 2 1 1 1 0 1 0 0 0 0 0 0 0 0 0 1 0 0 0 0 0 0 0 0 0 0 0 0 0 0 0 0 0 0 0 0 0 0 0 0 0 0 0 0 0 0 0 0 0 0 0 0 0 0 0 0 0 0 0 0 
0 1 0 0 0 0 0 0 0 0 0 0 0 0 0 0 0 0 0 0 0 0 0 0 0 0 0 1 1 1 1 0 1 3 2 10 63 1 1 0 2 4 0 2 0 0 2 0 0 2 0 0 0 0 0 0 0 0 0 0 0 0 0 0 0 0 0 0 0 0 0 0 0 0 0 0 0 0 0 0 0 0 0 0 0 0 0 0 0 0 1 0 0 1 0 0 0 0 0 0 
0 0 0 0 0 0 0 0 0 0 0 0 0 0 0 0 0 0 0 0 0 1 0 0 2 0 0 0 0 3 3 2 0 3 1 62 10 1 2 2 1 0 0 3 0 0 1 0 1 0 0 0 1 0 0 0 0 0 0 0 0 0 0 0 0 0 0 0 0 0 0 0 0 0 0 0 0 0 0 0 0 0 0 0 0 0 0 0 0 1 0 0 0 0 0 0 0 0 0 0 
0 0 0 0 0 0 0 0 0 0 0 0 0 0 0 0 0 0 0 0 0 0 0 1 0 0 1 1 0 1 1 1 1 0 4 0 0 69 4 1 3 1 5 0 1 1 0 2 0 0 1 0 0 0 0 0 0 0 0 0 0 0 0 0 0 0 0 0 0 0 0 0 0 0 0 0 0 0 0 0 0 0 0 0 0 0 0 0 0 0 0 0 1 0 0 0 0 0 0 0 
1 0 0 0 0 0 0 0 0 0 0 0 0 0 0 0 0 0 0 0 0 0 0 0 0 1 0 1 0 0 2 1 2 0 2 2 3 3 65 3 0 4 0 1 5 1 0 2 0 0 0 0 0 0 0 0 1 0 0 0 0 0 0 0 0 0 0 0 0 0 0 0 0 0 0 0 0 0 0 0 0 0 0 0 0 0 0 0 0 0 0 0 0 0 0 0 0 0 0 0 
0 0 0 0 0 0 0 0 0 0 0 0 0 0 0 0 0 0 0 0 0 0 0 0 0 0 1 0 1 1 0 1 1 2 1 3 1 4 5 63 2 3 3 1 1 3 1 0 0 0 0 0 0 2 0 0 0 0 0 0 0 0 0 0 0 0 0 0 0 0 0 0 0 0 0 0 0 0 0 0 0 0 0 0 0 0 0 0 0 0 0 0 0 0 0 0 0 0 0 0 
0 0 0 0 0 0 0 0 0 0 0 0 0 0 0 0 0 0 0 0 0 0 0 0 0 0 0 0 0 0 0 1 1 1 3 2 4 2 1 2 60 4 0 2 3 0 5 0 3 0 1 0 1 0 0 0 0 1 0 1 0 1 0 0 0 0 0 0 0 0 0 0 0 0 0 0 0 0 0 0 0 0 0 0 0 0 0 0 1 0 0 0 0 0 0 0 0 0 0 0 
0 0 0 0 0 0 0 0 0 0 0 0 0 0 0 0 0 0 0 0 0 0 0 1 0 0 0 0 0 0 0 1 0 2 0 1 1 1 1 2 4 11 51 3 3 5 3 2 2 1 0 0 0 0 1 0 0 0 1 0 0 0 1 0 0 0 0 0 0 0 0 0 0 0 0 0 0 0 0 0 0 0 0 0 0 0 0 1 0 0 0 1 0 0 0 0 0 0 0 0 
0 0 0 0 0 0 0 0 0 0 0 0 0 0 0 0 0 0 0 0 0 0 0 0 0 0 0 0 1 0 0 0 2 1 0 2 0 1 1 3 2 4 6 59 1 5 0 2 2 4 1 1 0 0 0 1 0 0 0 0 0 0 0 0 0 0 0 0 0 0 0 0 0 0 0 0 0 0 0 0 0 0 0 0 0 0 1 0 0 0 0 0 0 0 0 0 0 0 0 0 
0 0 0 0 0 0 0 0 0 0 0 0 0 0 0 0 0 0 0 0 0 0 0 0 1 0 0 0 0 1 1 0 0 0 0 2 2 1 1 2 6 46 12 6 1 4 1 3 1 2 0 2 0 0 3 0 0 0 0 0 1 0 0 0 0 0 0 0 0 0 0 0 0 0 0 0 0 0 0 0 0 0 0 0 0 0 0 0 0 0 1 0 0 0 0 0 0 0 0 0 
0 0 0 0 0 0 0 0 0 0 0 0 0 0 0 0 0 0 0 0 0 0 0 0 0 0 0 0 0 0 0 0 0 2 0 1 1 1 2 0 1 4 2 4 3 27 10 5 18 3 5 2 1 1 0 1 1 2 0 0 0 0 0 1 0 0 0 0 0 0 0 0 0 0 0 0 0 0 0 0 0 0 0 1 0 0 0 0 0 0 0 0 0 0 0 0 0 0 0 1 
0 0 0 0 0 0 0 0 0 0 0 0 0 0 0 0 0 0 0 0 0 0 0 0 0 0 0 0 0 0 0 0 1 0 4 0 1 0 2 1 2 3 3 1 40 9 3 10 4 3 3 2 2 2 0 1 1 0 0 0 0 0 0 0 0 0 0 0 0 0 0 0 0 0 0 0 0 0 0 0 0 0 0 0 1 0 0 0 0 0 0 0 0 0 0 0 0 0 1 0 
0 0 0 0 0 0 0 0 0 0 0 0 0 0 0 0 0 0 0 0 0 0 0 0 0 1 0 0 0 0 0 1 0 0 0 1 0 2 1 2 2 3 1 4 22 10 13 20 2 2 0 1 2 2 1 3 0 0 0 0 1 1 0 0 0 0 0 0 0 0 0 0 0 0 0 0 0 0 0 0 0 0 0 0 0 1 0 0 0 1 0 0 0 0 0 0 0 0 0 0 
0 0 0 0 0 0 0 0 0 0 0 0 0 0 0 0 0 0 0 0 0 0 0 0 0 0 1 0 0 0 1 0 0 0 0 0 1 0 1 2 0 2 5 2 4 12 9 16 31 1 3 0 1 1 2 0 2 0 0 1 0 0 1 0 0 0 0 0 0 0 0 0 0 0 0 0 0 0 0 0 0 0 0 0 0 0 0 0 1 0 0 0 0 0 0 0 0 0 0 0 
0 0 0 0 0 0 0 0 0 0 0 0 0 0 0 0 0 0 0 0 0 0 0 0 0 0 0 1 0 0 0 0 0 0 0 0 2 0 0 2 2 1 2 3 5 3 28 18 17 2 2 1 3 3 0 0 1 0 2 0 0 0 0 0 0 0 0 0 0 0 0 0 0 0 0 0 0 0 0 0 0 0 1 0 0 0 0 0 0 0 0 0 0 0 0 0 0 1 0 0 
0 0 0 0 0 0 0 0 0 0 0 0 0 0 0 0 0 0 0 0 0 0 0 0 0 0 0 0 0 0 0 0 0 0 1 1 0 0 0 0 1 1 1 0 0 3 3 2 2 22 40 9 3 2 1 0 1 0 1 2 0 0 0 0 2 0 0 0 0 0 0 0 0 0 0 0 0 0 0 0 0 1 0 0 0 0 0 0 0 0 0 0 0 0 0 0 1 0 0 0 
0 0 0 0 0 0 0 0 0 0 0 0 0 0 0 0 0 0 0 0 0 0 0 0 0 0 0 0 0 0 0 1 0 0 0 0 0 1 0 0 3 0 2 1 0 2 7 2 0 38 23 1 3 1 4 0 1 3 1 2 1 0 0 1 0 0 0 0 0 0 0 0 0 0 0 0 0 0 0 0 0 0 0 0 0 0 0 1 0 0 0 0 0 0 0 0 0 0 0 1 
0 0 0 0 0 0 0 0 0 0 0 0 0 0 0 0 0 0 0 0 0 0 0 0 0 0 0 0 0 0 0 0 0 1 0 0 0 0 0 1 1 1 0 1 0 4 2 3 0 4 0 35 25 6 2 4 3 1 1 0 2 0 0 0 0 2 0 0 0 0 0 0 0 0 0 0 0 0 0 0 0 0 0 0 0 0 0 0 0 0 0 0 0 0 0 1 0 0 0 0 
0 0 0 0 0 0 0 0 0 0 0 0 0 0 0 0 0 0 0 0 0 0 0 0 0 0 0 0 0 0 0 0 0 0 1 1 0 2 1 0 0 0 1 0 1 0 1 2 2 1 3 2 4 4 56 3 2 3 2 2 0 2 1 1 1 0 0 0 0 0 0 0 0 0 0 0 0 0 0 0 0 0 0 0 0 0 0 0 0 0 0 0 0 0 0 0 0 0 1 0 
0 0 0 0 0 0 0 0 0 0 0 0 0 0 0 0 0 0 0 0 0 0 0 0 0 0 0 0 0 0 0 0 1 0 0 0 0 1 0 0 0 3 0 3 1 3 3 1 1 1 6 32 3 27 0 4 1 2 2 0 2 1 1 0 0 0 1 0 0 0 0 0 0 0 0 0 0 0 0 0 0 0 0 0 0 0 0 0 0 0 0 0 0 0 0 0 0 0 0 0 
0 0 0 0 0 0 0 0 0 0 0 0 0 0 0 0 0 0 0 0 0 0 0 0 0 0 0 0 0 0 0 0 0 0 0 0 0 0 0 1 0 0 1 0 4 1 2 1 4 3 1 1 36 24 1 5 2 4 2 0 1 1 0 1 1 1 0 0 0 0 0 0 0 0 0 0 0 0 0 0 1 0 0 0 0 0 1 0 0 0 0 0 0 0 0 0 0 0 0 0 
0 0 0 0 0 0 0 0 0 0 0 0 0 0 0 0 0 0 0 0 0 0 0 0 0 0 0 0 0 0 0 0 0 0 0 0 1 0 1 0 0 0 0 0 0 2 1 0 2 2 1 1 5 4 7 54 4 1 0 4 0 4 0 0 0 1 1 1 0 1 0 0 0 0 0 0 0 0 0 1 0 0 0 0 0 0 0 0 0 0 0 0 0 0 0 0 0 1 0 0 
0 0 0 0 0 0 0 0 0 0 0 0 0 0 0 0 0 0 0 0 0 0 0 0 0 0 0 0 0 0 0 0 0 0 0 0 0 0 1 0 0 1 0 0 0 0 1 3 1 2 1 0 1 4 0 2 60 5 4 1 1 1 2 1 0 0 1 1 0 0 2 0 0 0 0 0 0 0 1 0 0 0 0 0 0 1 0 0 0 0 0 0 0 0 1 0 1 0 0 0 
0 0 0 0 0 0 0 0 0 0 0 0 0 0 0 0 0 0 0 0 0 0 0 0 0 0 0 0 0 0 0 0 0 0 0 1 1 0 0 0 0 0 1 0 1 1 1 1 1 1 1 0 0 5 5 4 2 58 3 1 4 0 3 0 0 1 1 1 0 0 0 1 0 0 0 0 0 0 0 0 0 0 0 0 0 0 0 0 0 0 0 0 0 1 0 0 0 0 0 0 
0 0 0 0 0 0 0 0 0 0 0 0 0 0 0 0 0 0 0 0 0 0 0 0 0 0 0 0 0 0 0 0 0 0 0 0 0 1 0 0 0 0 0 0 1 0 1 0 1 1 1 1 0 1 3 4 2 2 2 57 5 2 2 2 5 0 1 0 1 1 0 0 0 0 0 0 0 1 0 0 0 0 0 0 0 0 0 0 0 0 0 0 1 0 1 0 0 0 0 0 
0 0 0 0 0 0 0 0 0 0 0 0 0 0 0 0 0 0 0 0 0 0 0 0 0 0 0 0 0 0 0 0 0 0 0 0 0 0 0 0 0 0 0 0 0 0 0 0 1 0 0 0 0 1 4 2 2 4 6 8 54 2 2 3 0 1 0 1 2 1 0 1 0 1 1 0 1 0 0 0 0 0 0 0 1 0 0 0 0 0 0 1 0 0 0 0 0 0 0 0 
0 0 0 0 0 0 0 0 0 0 0 0 0 0 0 0 0 0 0 0 0 0 0 0 0 0 0 0 0 0 0 0 0 0 0 0 1 0 0 0 1 0 0 2 0 0 0 1 0 0 1 1 0 3 3 2 3 1 58 3 4 2 3 3 2 0 1 1 2 0 0 0 1 0 0 0 0 0 0 0 0 0 0 0 0 0 0 0 0 0 0 0 0 0 0 1 0 0 0 0 
0 0 0 0 0 0 0 0 0 0 0 0 0 0 0 0 0 0 0 0 0 0 0 0 0 0 0 0 0 0 0 0 0 0 0 0 0 0 0 1 0 0 0 0 0 1 0 0 0 0 0 0 3 0 1 1 3 4 0 2 3 15 48 4 2 4 1 0 1 1 1 0 0 0 2 1 0 0 0 0 0 0 0 0 0 0 0 0 0 0 0 0 0 1 0 0 0 0 0 0 
0 0 0 0 0 0 0 0 0 0 0 0 0 0 0 0 0 0 0 0 0 0 0 0 0 0 0 0 0 0 0 0 0 0 0 0 0 0 1 0 0 0 0 0 0 0 0 0 0 0 0 1 1 0 0 4 0 1 4 3 4 47 3 11 2 2 3 2 1 3 1 0 2 1 0 1 0 0 0 0 0 0 0 1 0 0 0 0 0 1 0 0 0 0 0 0 0 0 0 0 
0 0 0 0 0 0 0 0 0 0 0 0 0 0 0 0 0 0 0 0 0 0 0 0 0 0 0 0 0 0 0 0 0 0 0 0 0 0 0 0 0 0 0 0 0 0 1 0 0 1 0 1 0 1 1 1 0 1 1 2 3 3 14 51 1 3 2 4 1 1 3 1 0 1 0 0 0 0 0 0 0 0 0 0 0 0 0 0 0 0 1 0 1 0 0 0 0 0 0 0 
0 0 0 0 0 0 0 0 0 0 0 0 0 0 0 0 0 0 0 0 0 0 0 0 0 0 0 0 0 0 0 0 0 0 0 0 0 1 0 0 0 0 0 0 0 0 0 0 1 0 0 0 1 0 1 0 0 0 0 1 1 3 4 4 19 41 12 3 1 1 1 1 1 0 0 1 0 0 0 0 0 0 0 0 0 0 0 0 0 0 1 0 0 0 0 0 0 0 0 1 
0 0 0 0 0 0 0 0 0 0 0 0 0 0 0 0 0 0 0 0 0 0 0 0 0 0 0 0 0 0 0 0 0 0 0 0 0 0 0 0 0 0 0 0 0 0 0 1 0 0 1 0 0 2 1 0 2 0 2 1 1 2 4 2 39 9 19 1 4 1 3 1 3 0 0 0 0 0 0 0 0 0 0 0 0 0 0 0 0 0 0 1 0 0 0 0 0 0 0 0 
0 0 0 0 0 0 0 0 0 0 0 0 0 0 0 0 0 0 0 0 0 0 0 0 0 0 0 0 0 0 0 0 0 0 0 0 0 0 0 0 0 0 0 1 0 0 0 0 0 0 0 1 1 0 0 0 1 1 1 2 3 3 0 1 11 2 3 55 2 2 0 2 2 2 0 0 0 0 0 0 0 0 1 0 0 0 0 0 2 0 0 0 0 0 0 0 0 1 0 0 
0 0 0 0 0 0 0 0 0 0 0 0 0 0 0 0 0 0 0 0 0 0 0 0 0 0 0 0 0 0 0 0 0 0 0 0 0 0 0 0 0 0 0 0 0 0 0 0 0 1 0 1 0 0 0 1 0 0 1 1 0 1 1 3 3 17 39 15 5 1 1 4 1 1 0 0 1 0 0 0 0 0 0 0 0 0 0 0 0 1 0 0 0 0 0 0 0 0 1 0 
0 0 0 0 0 0 0 0 0 0 0 0 0 0 0 0 0 0 0 0 0 0 0 0 0 0 0 0 0 0 0 0 0 0 0 0 0 0 0 0 0 0 1 0 0 0 0 1 0 0 1 0 0 0 0 0 0 0 0 0 3 1 0 2 2 5 1 3 54 11 2 3 2 1 1 0 3 0 0 0 0 0 0 0 0 0 0 2 0 0 0 0 0 0 0 0 1 0 0 0 
0 0 0 0 0 0 0 0 0 0 0 0 0 0 0 0 0 0 0 0 0 0 0 0 0 0 0 0 0 0 0 0 0 0 0 0 0 0 0 0 0 0 0 0 0 0 0 0 0 0 0 0 0 1 0 0 2 0 1 1 0 1 2 2 0 2 2 0 13 59 1 4 2 2 0 0 0 2 1 0 0 1 0 0 0 0 1 0 0 0 0 0 0 0 0 0 0 0 0 0 
0 0 0 0 0 0 0 0 0 0 0 0 0 0 0 0 0 0 0 0 0 0 0 0 0 0 0 0 0 0 0 0 0 0 0 0 0 0 0 0 0 0 0 0 1 0 0 0 0 0 0 0 0 0 0 0 1 1 0 0 0 1 2 0 1 0 4 1 4 3 57 3 5 4 2 4 1 2 1 0 1 0 0 0 0 0 1 0 0 0 0 0 0 0 0 0 0 0 0 0 
0 0 0 0 0 0 0 0 0 0 0 0 0 0 0 0 0 0 0 0 0 0 0 0 0 0 0 0 0 0 0 0 0 0 0 0 0 0 0 0 0 0 0 0 0 0 0 0 1 0 0 0 0 0 0 0 0 0 0 0 0 1 0 1 0 2 0 4 1 3 4 54 4 7 4 4 4 1 2 1 0 0 0 0 0 2 0 0 0 0 0 0 0 0 0 0 0 0 0 0 
0 0 0 0 0 0 0 0 0 0 0 0 0 0 0 0 0 0 0 0 0 0 0 0 0 0 0 0 0 0 0 0 0 0 0 0 0 0 1 0 0 0 0 0 0 0 0 0 0 0 1 1 0 0 0 0 0 3 0 0 0 0 0 0 2 0 0 1 1 3 8 4 5 46 13 5 1 3 0 0 0 0 0 0 0 0 0 0 0 0 0 0 0 0 0 1 0 0 0 1 
0 0 0 0 0 0 0 0 0 0 0 0 0 0 0 0 0 0 0 0 0 0 0 0 0 0 0 0 0 0 0 0 0 0 0 0 0 0 0 0 0 1 0 0 0 0 0 0 0 1 0 0 0 0 0 0 0 0 2 0 0 1 2 0 1 1 1 0 0 2 6 9 11 7 44 4 2 0 2 0 1 0 0 0 0 0 0 0 0 0 0 0 0 0 1 0 0 0 1 0 
0 0 0 0 0 0 0 0 0 0 0 0 0 0 0 0 0 0 0 0 0 0 0 0 0 0 0 0 0 0 0 0 0 0 0 0 0 0 0 0 0 0 0 0 0 1 0 0 0 0 0 0 0 0 0 0 0 0 1 1 1 0 0 0 1 1 2 1 0 1 4 2 43 8 19 2 4 2 0 3 0 0 1 0 1 0 0 0 0 0 0 0 0 1 0 0 0 0 0 0 
0 0 0 0 0 0 0 0 0 0 0 0 0 0 0 0 0 0 0 0 0 0 0 0 0 0 0 0 0 0 0 0 0 0 0 0 0 0 0 1 0 0 0 0 0 0 0 0 0 0 0 0 0 0 0 0 0 0 0 1 1 1 0 0 1 0 0 0 0 0 1 3 5 1 2 2 70 7 1 1 0 0 0 1 0 0 0 0 0 0 0 1 0 0 0 0 0 0 0 0 
0 0 0 0 0 0 0 0 0 0 0 0 0 0 0 0 0 0 0 0 0 0 0 0 0 0 0 0 0 0 0 0 0 0 0 0 0 0 0 0 0 0 0 0 0 0 1 0 0 0 0 0 1 0 0 0 0 0 0 1 2 0 0 2 0 0 0 0 1 0 1 2 6 4 3 67 3 1 1 1 1 1 0 0 0 0 0 0 0 0 0 0 1 0 0 0 0 0 0 0 
0 0 0 0 0 0 0 0 0 0 0 0 0 0 0 0 0 0 0 0 0 0 0 0 0 0 0 0 0 0 0 0 0 0 0 0 0 0 0 0 1 0 0 0 0 0 0 0 0 0 0 0 0 1 0 0 0 0 0 0 0 0 1 0 0 1 0 0 0 0 0 1 2 4 2 2 4 75 1 0 1 2 0 1 0 0 0 0 0 0 1 0 0 0 0 0 0 0 0 0 
0 0 0 0 0 0 0 0 0 0 0 0 0 0 0 0 0 0 0 0 0 0 0 0 0 0 0 0 0 0 0 0 0 0 0 0 0 0 0 0 0 0 0 0 0 0 0 0 0 0 1 0 0 0 1 0 0 0 0 0 0 1 0 0 0 1 1 0 0 0 0 0 1 2 1 0 1 0 3 8 77 0 0 0 1 0 0 1 0 0 0 0 0 0 0 0 0 0 0 0 
0 0 0 0 0 0 0 0 0 0 0 0 0 0 0 0 0 0 0 0 0 0 0 0 0 0 0 0 0 0 0 0 0 0 0 0 0 0 0 0 0 0 0 0 0 0 0 1 0 0 0 0 0 0 0 0 0 0 0 0 0 0 0 1 0 0 0 0 0 0 0 0 0 3 1 2 0 1 82 3 1 1 2 0 0 0 0 0 0 1 0 0 0 0 0 0 0 1 0 0 
0 0 0 0 0 0 0 0 0 0 0 0 0 0 0 0 0 0 0 0 0 0 0 0 0 0 0 0 0 0 0 0 0 0 0 0 0 0 0 0 0 0 0 0 0 0 0 0 1 0 0 0 0 0 0 0 0 0 0 0 0 0 0 0 1 0 0 0 0 1 0 0 0 0 1 1 1 1 0 77 12 2 0 0 0 0 0 0 1 0 0 0 0 0 0 0 0 0 0 1 
0 0 0 0 0 0 0 0 0 0 0 0 0 0 0 0 0 0 0 0 0 0 0 0 0 0 0 0 0 0 0 0 0 0 0 0 0 0 0 0 0 0 0 0 0 0 0 0 0 1 0 0 0 0 0 0 0 0 0 0 0 0 0 0 0 0 1 1 1 0 0 0 0 2 1 1 1 0 1 0 1 87 1 0 0 0 0 0 0 0 0 0 0 0 0 0 0 0 1 0 
0 0 0 0 0 0 0 0 0 0 0 0 0 0 0 0 0 0 0 0 0 0 0 0 0 0 0 0 0 0 0 0 0 0 0 0 0 0 0 0 0 0 0 0 0 0 0 0 0 0 0 1 0 0 0 1 0 0 0 0 0 0 1 0 0 0 0 1 0 1 0 0 0 0 0 0 0 1 0 1 1 0 2 89 1 0 0 0 0 0 0 0 0 0 0 0 0 0 0 0 
0 0 0 0 0 0 0 0 0 0 0 0 0 0 0 0 0 0 0 0 0 0 0 0 0 0 0 0 0 0 0 0 0 0 0 0 0 0 0 0 0 0 0 0 0 0 0 0 0 0 0 0 0 0 0 0 0 0 0 0 0 0 0 0 0 0 0 0 2 0 0 0 1 0 0 0 0 0 0 2 0 1 88 2 1 0 1 0 0 0 0 0 0 0 0 0 1 1 0 0 
0 0 0 0 0 0 0 0 0 0 0 0 0 0 0 0 0 0 0 0 0 0 0 0 0 0 0 0 0 0 0 0 0 0 0 0 0 0 0 0 0 0 0 0 0 0 0 0 0 0 0 0 0 0 0 0 1 0 0 0 0 0 0 1 0 0 0 1 0 0 0 0 0 0 0 0 0 0 0 0 0 1 0 2 6 86 0 0 0 0 0 0 0 0 0 1 0 0 0 1 
0 0 0 0 0 0 0 0 0 0 0 0 0 0 0 0 0 0 0 0 0 0 0 0 0 0 0 0 0 0 0 0 0 0 0 0 0 0 0 0 0 0 0 0 0 0 0 0 0 0 0 0 1 0 0 0 0 0 0 0 0 0 0 0 0 0 0 0 0 0 0 1 0 0 0 0 0 0 2 0 0 0 2 0 86 6 0 1 0 0 0 0 0 0 1 0 0 0 0 0 
0 0 0 0 0 0 0 0 0 0 0 0 0 0 0 0 0 0 0 0 0 0 0 0 0 0 0 0 0 0 0 0 0 0 0 0 0 0 0 0 0 0 0 0 0 0 0 0 0 0 0 0 0 0 0 0 0 1 0 0 0 0 0 0 0 0 1 0 1 0 1 0 0 0 0 0 0 1 0 0 1 0 0 0 0 0 89 2 0 0 0 0 0 0 0 0 1 0 1 1 
0 0 0 0 0 0 0 0 0 0 0 0 0 0 0 0 0 0 0 0 0 0 0 0 0 0 0 0 0 0 0 0 0 0 0 0 0 0 0 0 0 0 0 0 0 0 0 0 0 0 0 0 0 1 0 0 0 0 1 0 0 0 0 0 1 0 0 0 0 0 0 1 0 0 0 0 0 0 0 0 0 2 0 0 0 1 2 88 0 0 0 0 0 0 0 1 0 1 1 0 
0 0 0 0 0 0 0 0 0 0 0 0 0 0 0 0 0 0 0 0 0 0 0 0 0 0 0 0 0 0 0 0 0 0 0 0 0 0 0 0 0 0 0 0 0 0 0 0 0 0 0 0 0 0 1 0 0 0 0 1 0 0 0 0 0 1 0 0 0 0 0 0 0 0 0 0 0 0 0 0 1 0 1 1 0 1 1 0 87 4 0 0 0 0 1 0 0 0 0 0 
0 0 0 0 0 0 0 0 0 0 0 0 0 0 0 0 0 0 0 0 0 0 0 0 0 0 0 0 0 0 0 0 0 0 0 0 0 0 0 0 0 0 0 0 0 0 0 0 0 0 0 0 0 0 0 0 1 0 0 0 0 0 0 0 0 0 0 0 0 0 1 0 0 0 0 0 1 0 1 0 0 0 1 0 1 0 1 1 0 1 90 0 0 1 0 0 0 0 0 0 
0 0 0 0 0 0 0 0 0 0 0 0 0 0 0 0 0 0 0 0 0 0 0 0 0 0 0 0 0 0 0 0 0 0 0 0 0 0 0 0 0 0 0 0 0 0 0 0 0 0 0 0 0 0 0 1 0 0 0 0 1 0 0 0 0 0 1 0 0 0 0 0 1 0 0 0 0 0 0 1 0 0 0 2 0 0 0 0 4 86 1 0 0 0 0 0 1 1 0 0 
0 0 0 0 0 0 0 0 0 0 0 0 0 0 0 0 0 0 0 0 0 0 0 0 0 0 0 0 0 0 0 0 0 0 0 0 0 0 0 0 0 0 0 0 0 0 0 0 0 0 0 0 0 0 0 0 0 0 0 0 0 1 0 0 0 1 0 1 0 0 0 0 0 1 0 0 0 1 0 0 0 0 0 0 0 0 0 0 0 0 0 91 0 1 0 1 1 0 0 1 
0 0 0 0 0 0 0 0 0 0 0 0 0 0 0 0 0 0 0 0 0 0 0 0 0 0 0 0 0 0 0 0 0 0 0 0 0 0 0 0 0 0 0 0 0 0 0 0 0 0 0 0 0 0 0 0 0 0 0 1 0 0 0 1 0 0 0 0 0 0 0 0 0 0 1 1 0 0 0 0 1 0 0 0 0 0 0 0 0 2 0 0 0 2 2 86 0 1 2 0 
0 0 0 0 0 0 0 0 0 0 0 0 0 0 0 0 0 0 0 0 0 0 0 0 0 0 0 0 0 0 0 0 0 0 0 0 0 0 0 0 0 0 0 0 0 0 0 0 0 0 0 0 0 0 0 0 0 1 0 0 0 0 1 0 0 0 0 0 1 1 0 0 0 0 1 0 0 0 0 0 0 0 0 0 0 0 0 1 1 0 0 1 90 1 0 0 0 0 0 1 
0 0 0 0 0 0 0 0 0 0 0 0 0 0 0 0 0 0 0 0 0 0 0 0 0 0 0 0 0 0 0 0 0 0 0 0 0 0 0 0 0 0 0 0 0 0 0 0 0 0 0 0 0 0 0 0 0 0 1 0 0 0 0 0 0 0 0 0 0 1 1 0 0 0 0 2 0 0 0 0 0 0 0 0 1 0 0 0 0 0 0 1 2 86 2 1 0 0 1 1 
0 0 0 0 0 0 0 0 0 0 0 0 0 0 0 0 0 0 0 0 0 0 0 0 0 0 0 0 0 0 0 0 0 0 0 0 0 0 0 0 0 0 0 0 0 0 0 0 0 0 0 0 0 0 0 0 0 0 0 0 0 0 0 0 1 0 0 0 1 1 0 0 0 0 0 0 1 0 0 0 0 1 0 0 0 0 0 0 1 1 2 0 1 2 85 1 0 0 1 1 
0 0 0 0 0 0 0 0 0 0 0 0 0 0 0 0 0 0 0 0 0 0 0 0 0 0 0 0 0 0 0 0 0 0 0 0 0 0 0 0 0 0 0 0 0 0 0 0 0 0 0 0 0 0 0 0 0 0 0 0 0 0 0 1 1 0 0 0 0 0 0 0 0 1 1 0 0 0 0 1 0 0 0 0 0 1 0 0 1 0 0 0 1 1 1 0 88 2 0 0 
0 0 0 0 0 0 0 0 0 0 0 0 0 0 0 0 0 0 0 0 0 0 0 0 0 0 0 0 0 0 0 0 0 0 0 0 0 0 0 0 0 0 0 0 0 0 0 0 0 0 0 0 0 0 0 0 0 0 0 0 1 0 0 0 0 0 0 1 0 0 1 1 0 0 0 0 1 0 0 0 0 0 0 0 0 1 0 0 1 1 1 0 0 1 2 0 0 88 0 0 
0 0 0 0 0 0 0 0 0 0 0 0 0 0 0 0 0 0 0 0 0 0 0 0 0 0 0 0 0 0 0 0 0 0 0 0 0 0 0 0 0 0 0 0 0 0 0 0 0 0 0 0 0 0 0 0 0 0 0 0 0 0 1 0 0 1 0 0 0 0 0 0 1 1 0 0 0 0 1 0 0 0 0 0 0 0 1 1 0 0 0 1 1 0 0 2 2 0 0 87 
0 0 0 0 0 0 0 0 0 0 0 0 0 0 0 0 0 0 0 0 0 0 0 0 0 0 0 0 0 0 0 0 0 0 0 0 0 0 0 0 0 0 0 0 0 0 0 0 0 0 0 0 0 0 0 0 0 0 0 0 0 1 0 0 0 0 1 0 0 0 0 1 1 0 0 0 0 1 0 0 0 0 0 0 0 0 1 1 0 0 1 1 0 0 1 2 1 0 87 0 

Pair-order violations matrix
0 5 10 5 11 11 5 7 9 6 6 11 3 9 6 7 7 8 4 6 5 7 4 1 4 1 2 4 1 2 1 0 0 1 0 1 0 0 1 0 0 0 0 0 0 0 0 0 0 0 0 0 0 0 0 0 0 0 0 0 0 0 0 0 0 0 0 0 0 0 0 0 0 0 0 0 0 0 0 0 0 0 0 0 0 0 0 0 0 0 0 0 0 0 0 0 0 0 0 0 
5 0 10 5 11 11 5 7 9 6 6 11 3 9 6 7 7 8 4 6 5 7 4 1 4 1 2 4 1 2 1 0 0 1 0 1 0 0 1 0 0 0 0 0 0 0 0 0 0 0 0 0 0 0 0 0 0 0 0 0 0 0 0 0 0 0 0 0 0 0 0 0 0 0 0 0 0 0 0 0 0 0 0 0 0 0 0 0 0 0 0 0 0 0 0 0 0 0 0 0 
10 10 0 5 11 11 5 7 9 6 6 11 3 9 6 7 7 8 4 6 5 7 4 1 4 1 2 4 1 2 1 0 0 1 0 1 0 0 1 0 0 0 0 0 0 0 0 0 0 0 0 0 0 0 0 0 0 0 0 0 0 0 0 0 0 0 0 0 0 0 0 0 0 0 0 0 0 0 0 0 0 0 0 0 0 0 0 0 0 0 0 0 0 0 0 0 0 0 0 0 
5 5 5 0 12 11 5 7 9 6 6 11 3 9 6 7 7 8 4 6 5 7 4 1 4 1 2 4 1 2 1 0 0 1 0 1 0 0 1 0 0 0 0 0 0 0 0 0 0 0 0 0 0 0 0 0 0 0 0 0 0 0 0 0 0 0 0 0 0 0 0 0 0 0 0 0 0 0 0 0 0 0 0 0 0 0 0 0 0 0 0 0 0 0 0 0 0 0 0 0 
11 11 11 12 0 12 5 8 10 6 7 12 4 10 7 8 7 8 4 6 5 7 4 1 4 1 2 4 1 2 1 0 0 1 0 1 0 0 1 0 0 0 0 0 0 0 0 0 0 0 0 0 0 0 0 0 0 0 0 0 0 0 0 0 0 0 0 0 0 0 0 0 0 0 0 0 0 0 0 0 0 0 0 0 0 0 0 0 0 0 0 0 0 0 0 0 0 0 0 0 
11 11 11 11 12 0 8 8 9 7 6 12 3 9 6 7 8 9 4 6 6 8 5 2 4 1 3 4 2 3 1 0 0 1 0 1 0 0 1 0 0 0 0 0 0 0 0 0 0 0 0 0 0 0 0 0 0 0 0 0 0 0 0 0 0 0 0 0 0 0 0 0 0 0 0 0 0 0 0 0 0 0 0 0 0 0 0 0 0 0 0 0 0 0 0 0 0 0 0 0 
5 5 5 5 5 8 0 9 10 6 7 12 4 10 7 8 7 8 4 6 5 7 4 1 4 1 2 4 1 2 1 0 0 1 0 1 0 0 1 0 0 0 0 0 0 0 0 0 0 0 0 0 0 0 0 0 0 0 0 0 0 0 0 0 0 0 0 0 0 0 0 0 0 0 0 0 0 0 0 0 0 0 0 0 0 0 0 0 0 0 0 0 0 0 0 0 0 0 0 0 
7 7 7 7 8 8 9 0 11 7 7 13 4 11 7 8 8 9 4 6 6 8 5 2 4 1 3 4 2 3 1 0 0 1 0 1 0 0 1 0 0 0 0 0 0 0 0 0 0 0 0 0 0 0 0 0 0 0 0 0 0 0 0 0 0 0 0 0 0 0 0 0 0 0 0 0 0 0 0 0 0 0 0 0 0 0 0 0 0 0 0 0 0 0 0 0 0 0 0 0 
9 9 9 9 10 9 10 11 0 8 5 12 4 9 6 8 9 9 4 6 6 8 5 2 4 1 3 4 2 3 1 0 0 1 0 1 0 0 1 0 0 0 0 0 0 0 0 0 0 0 0 0 0 0 0 0 0 0 0 0 0 0 0 0 0 0 0 0 0 0 0 0 0 0 0 0 0 0 0 0 0 0 0 0 0 0 0 0 0 0 0 0 0 0 0 0 0 0 0 0 
6 6 6 6 6 7 6 7 8 0 8 13 6 12 8 9 9 8 4 6 5 7 4 1 4 1 2 4 1 2 1 0 0 1 0 1 0 0 1 0 0 0 0 0 0 0 0 0 0 0 0 0 0 0 0 0 0 0 0 0 0 0 0 0 0 0 0 0 0 0 0 0 0 0 0 0 0 0 0 0 0 0 0 0 0 0 0 0 0 0 0 0 0 0 0 0 0 0 0 0 
6 6 6 6 7 6 7 7 5 8 0 65 6 11 7 9 10 10 4 6 6 8 5 2 4 1 3 4 2 3 1 0 0 1 0 1 0 0 1 0 0 0 0 0 0 0 0 0 0 0 0 0 0 0 0 0 0 0 0 0 0 0 0 0 0 0 0 0 0 0 0 0 0 0 0 0 0 0 0 0 0 0 0 0 0 0 0 0 0 0 0 0 0 0 0 0 0 0 0 0 
11 11 11 11 12 12 12 13 12 13 65 0 7 12 8 9 10 9 4 6 6 8 5 2 4 1 3 4 2 3 1 0 0 1 0 1 0 0 1 0 0 0 0 0 0 0 0 0 0 0 0 0 0 0 0 0 0 0 0 0 0 0 0 0 0 0 0 0 0 0 0 0 0 0 0 0 0 0 0 0 0 0 0 0 0 0 0 0 0 0 0 0 0 0 0 0 0 0 0 0 
3 3 3 3 4 3 4 4 4 6 6 7 0 42 7 9 10 11 5 7 7 8 6 2 5 1 3 4 2 3 1 0 0 1 0 1 0 0 1 0 0 0 0 0 0 0 0 0 0 0 0 0 0 0 0 0 0 0 0 0 0 0 0 0 0 0 0 0 0 0 0 0 0 0 0 0 0 0 0 0 0 0 0 0 0 0 0 0 0 0 0 0 0 0 0 0 0 0 0 0 
9 9 9 9 10 9 10 11 9 12 11 12 42 0 9 10 11 10 4 6 6 8 5 2 4 1 3 4 2 3 1 0 0 1 0 1 0 0 1 0 0 0 0 0 0 0 0 0 0 0 0 0 0 0 0 0 0 0 0 0 0 0 0 0 0 0 0 0 0 0 0 0 0 0 0 0 0 0 0 0 0 0 0 0 0 0 0 0 0 0 0 0 0 0 0 0 0 0 0 0 
6 6 6 6 7 6 7 7 6 8 7 8 7 9 0 85 89 12 8 9 9 10 9 3 6 2 4 5 2 4 2 1 1 2 1 1 1 0 1 0 0 0 0 0 0 0 0 0 0 0 0 0 0 0 0 0 0 0 0 0 0 0 0 0 0 0 0 0 0 0 0 0 0 0 0 0 0 0 0 0 0 0 0 0 0 0 0 0 0 0 0 0 0 0 0 0 0 0 0 0 
7 7 7 7 8 7 8 8 8 9 9 9 9 10 85 0 56 12 8 8 10 10 8 3 5 2 4 4 2 4 2 1 1 2 1 1 1 0 1 0 0 0 0 0 0 0 0 0 0 0 0 0 0 0 0 0 0 0 0 0 0 0 0 0 0 0 0 0 0 0 0 0 0 0 0 0 0 0 0 0 0 0 0 0 0 0 0 0 0 0 0 0 0 0 0 0 0 0 0 0 
7 7 7 7 7 8 7 8 9 9 10 10 10 11 89 56 0 10 6 8 6 8 6 1 4 1 2 4 1 2 1 0 0 1 0 1 0 0 1 0 0 0 0 0 0 0 0 0 0 0 0 0 0 0 0 0 0 0 0 0 0 0 0 0 0 0 0 0 0 0 0 0 0 0 0 0 0 0 0 0 0 0 0 0 0 0 0 0 0 0 0 0 0 0 0 0 0 0 0 0 
8 8 8 8 8 9 8 9 9 8 10 9 11 10 12 12 10 0 11 12 11 10 10 4 7 3 4 6 2 5 3 2 2 3 1 2 2 1 2 1 0 0 0 0 0 0 0 0 0 0 0 0 0 0 0 0 0 0 0 0 0 0 0 0 0 0 0 0 0 0 0 0 0 0 0 0 0 0 0 0 0 0 0 0 0 0 0 0 0 0 0 0 0 0 0 0 0 0 0 0 
4 4 4 4 4 4 4 4 4 4 4 4 5 4 8 8 6 11 0 15 16 15 9 6 8 4 6 6 3 7 4 4 4 5 2 2 4 3 2 1 0 1 1 1 0 0 1 1 1 0 0 0 0 0 0 0 0 0 0 0 0 0 0 0 0 0 0 0 0 0 0 0 0 0 0 0 0 0 0 0 0 0 0 0 0 0 0 0 0 0 0 0 0 0 0 0 0 0 0 0 
6 6 6 6 6 6 6 6 6 6 6 6 7 6 9 8 8 12 15 0 16 15 10 6 8 4 6 7 3 7 4 4 4 5 2 2 4 3 2 1 0 1 1 1 0 0 1 1 1 0 0 0 0 0 0 0 0 0 0 0 0 0 0 0 0 0 0 0 0 0 0 0 0 0 0 0 0 0 0 0 0 0 0 0 0 0 0 0 0 0 0 0 0 0 0 0 0 0 0 0 
5 5 5 5 5 6 5 6 6 5 6 6 7 6 9 10 6 11 16 16 0 14 15 3 9 2 4 8 4 5 2 1 1 2 1 1 1 1 1 0 0 0 0 0 0 0 0 0 0 0 0 0 0 0 0 0 0 0 0 0 0 0 0 0 0 0 0 0 0 0 0 0 0 0 0 0 0 0 0 0 0 0 0 0 0 0 0 0 0 0 0 0 0 0 0 0 0 0 0 0 
7 7 7 7 7 8 7 8 8 7 8 8 8 8 10 10 8 10 15 15 14 0 79 6 12 4 6 10 5 7 4 3 3 4 1 2 3 3 2 1 0 1 1 1 0 0 1 1 1 0 0 0 0 0 0 0 0 0 0 0 0 0 0 0 0 0 0 0 0 0 0 0 0 0 0 0 0 0 0 0 0 0 0 0 0 0 0 0 0 0 0 0 0 0 0 0 0 0 0 0 
4 4 4 4 4 5 4 5 5 4 5 5 6 5 9 8 6 10 9 10 15 79 0 5 8 3 4 7 2 4 3 2 2 3 1 2 2 1 2 1 0 0 0 0 0 0 0 0 0 0 0 0 0 0 0 0 0 0 0 0 0 0 0 0 0 0 0 0 0 0 0 0 0 0 0 0 0 0 0 0 0 0 0 0 0 0 0 0 0 0 0 0 0 0 0 0 0 0 0 0 
1 1 1 1 1 2 1 2 2 1 2 2 2 2 3 3 1 4 6 6 3 6 5 0 15 5 7 13 8 9 7 4 4 5 2 2 3 3 2 1 1 2 2 2 1 1 2 2 2 1 1 1 1 1 1 1 1 1 1 1 1 1 1 1 1 1 1 1 1 1 1 1 1 1 1 1 1 1 1 1 1 1 1 1 1 1 1 1 1 1 1 1 1 1 1 1 1 1 1 1 
4 4 4 4 4 4 4 4 4 4 4 4 5 4 6 5 4 7 8 8 9 12 8 15 0 32 21 16 13 17 11 6 9 7 5 5 4 4 3 2 2 3 3 2 2 3 3 3 2 3 1 2 3 3 3 2 3 2 2 1 2 2 2 1 1 1 1 1 1 1 1 1 1 1 1 1 1 1 1 1 1 1 1 1 1 1 1 1 1 1 1 1 1 1 1 1 1 1 1 1 
1 1 1 1 1 1 1 1 1 1 1 1 1 1 2 2 1 3 4 4 2 4 3 5 32 0 19 51 15 13 17 9 9 7 6 4 5 3 3 2 1 3 2 2 1 1 2 2 2 1 1 1 1 1 1 1 1 1 1 1 1 1 1 1 1 1 1 1 1 1 1 1 1 1 1 1 1 1 1 1 1 1 1 1 1 1 1 1 1 1 1 1 1 1 1 1 1 1 1 1 
2 2 2 2 2 3 2 3 3 2 3 3 3 3 4 4 2 4 6 6 4 6 4 7 21 19 0 63 24 15 23 9 12 6 4 5 6 3 4 3 1 2 1 1 1 1 1 1 1 1 1 1 1 1 1 1 1 1 1 1 1 1 1 1 1 1 1 1 1 1 1 1 1 1 1 1 1 1 1 1 1 1 1 1 1 1 1 1 1 1 1 1 1 1 1 1 1 1 1 1 
4 4 4 4 4 4 4 4 4 4 4 4 4 4 5 4 4 6 6 7 8 10 7 13 16 51 63 0 26 31 15 9 14 10 7 6 7 5 5 4 2 4 5 3 3 3 3 3 2 2 1 1 2 2 2 1 2 2 2 1 2 2 2 1 1 1 1 1 1 1 1 1 1 1 1 1 1 1 1 1 1 1 1 1 1 1 1 1 1 1 1 1 1 1 1 1 1 1 1 1 
1 1 1 1 1 2 1 2 2 1 2 2 2 2 2 2 1 2 3 3 4 5 2 8 13 15 24 26 0 70 33 16 18 11 10 9 9 5 7 5 3 4 5 3 3 4 4 4 4 3 2 3 3 3 3 3 3 2 2 2 2 2 2 2 2 2 2 2 2 2 2 2 2 2 2 2 2 2 2 2 2 2 2 2 2 2 2 2 2 2 2 2 2 2 2 2 2 2 2 2 
2 2 2 2 2 3 2 3 3 2 3 3 3 3 4 4 2 5 7 7 5 7 4 9 17 13 15 31 70 0 32 15 16 10 10 7 8 5 5 3 3 5 4 3 2 3 4 4 4 3 2 3 3 3 3 3 3 2 2 2 2 2 2 2 2 2 2 2 2 2 2 2 2 2 2 2 2 2 2 2 2 2 2 2 2 2 2 2 2 2 2 2 2 2 2 2 2 2 2 2 
1 1 1 1 1 1 1 1 1 1 1 1 1 1 2 2 1 3 4 4 2 4 3 7 11 17 23 15 33 32 0 11 19 10 9 7 11 6 7 6 2 5 5 3 3 3 3 3 2 2 1 1 2 2 2 1 2 2 2 1 2 2 2 1 1 1 1 1 1 1 1 1 1 1 1 1 1 1 1 1 1 1 1 1 1 1 1 1 1 1 1 1 1 1 1 1 1 1 1 1 
0 0 0 0 0 0 0 0 0 0 0 0 0 0 1 1 0 2 4 4 1 3 2 4 6 9 9 9 16 15 11 0 84 14 7 9 9 10 8 6 7 6 6 6 3 3 4 5 3 3 2 2 4 3 3 2 3 2 2 1 2 2 2 1 1 1 1 1 1 1 1 1 1 1 1 1 1 1 1 1 1 1 1 1 1 1 1 1 1 1 1 1 1 1 1 1 1 1 1 1 
0 0 0 0 0 0 0 0 0 0 0 0 0 0 1 1 0 2 4 4 1 3 2 4 9 9 12 14 18 16 19 84 0 11 12 8 10 6 7 5 4 5 6 3 4 5 4 4 3 4 2 3 4 4 4 3 4 3 3 2 3 3 3 2 2 2 2 2 2 2 2 2 2 2 2 2 2 2 2 2 2 2 2 2 2 2 2 2 2 2 2 2 2 2 2 2 2 2 2 2 
1 1 1 1 1 1 1 1 1 1 1 1 1 1 2 2 1 3 5 5 2 4 3 5 7 7 6 10 11 10 10 14 11 0 18 15 14 12 13 10 10 7 9 7 6 5 5 5 4 2 3 2 3 3 2 2 2 2 2 2 2 2 2 2 2 2 2 2 2 2 2 2 2 2 2 2 2 2 2 2 2 2 2 2 2 2 2 2 2 2 2 2 2 2 2 2 2 2 2 2 
0 0 0 0 0 0 0 0 0 0 0 0 0 0 1 1 0 1 2 2 1 1 1 2 5 6 4 7 10 10 9 7 12 18 0 12 12 11 10 8 9 5 5 7 3 2 4 4 2 1 1 0 2 2 1 0 1 1 1 0 1 1 1 0 0 0 0 0 0 0 0 0 0 0 0 0 0 0 0 0 0 0 0 0 0 0 0 0 0 0 0 0 0 0 0 0 0 0 0 0 
1 1 1 1 1 1 1 1 1 1 1 1 1 1 1 1 1 2 2 2 1 2 2 2 5 4 5 6 9 7 7 9 8 15 12 0 80 15 16 15 13 10 10 10 8 9 8 7 6 3 5 3 4 6 3 2 3 3 3 2 3 3 3 2 2 2 2 2 2 2 2 2 2 2 2 2 2 2 2 2 2 2 2 2 2 2 2 2 2 2 2 2 2 2 2 2 2 2 2 2 
0 0 0 0 0 0 0 0 0 0 0 0 0 0 1 1 0 2 4 4 1 3 2 3 4 5 6 7 9 8 11 9 10 14 12 80 0 14 10 8 11 8 9 8 5 5 5 6 3 3 2 2 4 3 3 2 3 2 2 1 2 2 2 1 1 1 1 1 1 1 1 1 1 1 1 1 1 1 1 1 1 1 1 1 1 1 1 1 1 1 1 1 1 1 1 1 1 1 1 1 
0 0 0 0 0 0 0 0 0 0 0 0 0 0 0 0 0 1 3 3 1 3 1 3 4 3 3 5 5 5 6 10 6 12 11 15 14 0 15 18 10 9 12 11 8 10 9 9 6 2 5 2 4 5 2 1 2 2 2 1 2 2 2 1 1 1 1 1 1 1 1 1 1 1 1 1 1 1 1 1 1 1 1 1 1 1 1 1 1 1 1 1 1 1 1 1 1 1 1 1 
1 1 1 1 1 1 1 1 1 1 1 1 1 1 1 1 1 2 2 2 1 2 2 2 3 3 4 5 7 5 7 8 7 13 10 16 10 15 0 16 14 9 13 12 7 8 9 7 5 2 3 0 2 2 1 0 1 1 1 0 1 1 1 0 0 0 0 0 0 0 0 0 0 0 0 0 0 0 0 0 0 0 0 0 0 0 0 0 0 0 0 0 0 0 0 0 0 0 0 0 
0 0 0 0 0 0 0 0 0 0 0 0 0 0 0 0 0 1 1 1 0 1 1 1 2 2 3 4 5 3 6 6 5 10 8 15 8 18 16 0 14 12 12 10 8 11 7 4 6 2 2 2 2 3 2 2 1 1 0 0 1 0 0 0 0 0 0 0 0 0 0 0 0 0 0 0 0 0 0 0 0 0 0 0 0 0 0 0 0 0 0 0 0 0 0 0 0 0 0 0 
0 0 0 0 0 0 0 0 0 0 0 0 0 0 0 0 0 0 0 0 0 0 0 1 2 1 1 2 3 3 2 7 4 10 9 13 11 10 14 14 0 21 18 13 15 18 13 12 10 6 8 5 5 7 6 3 3 5 4 2 5 3 3 3 2 2 2 2 2 1 1 2 2 2 1 1 1 1 1 1 1 1 1 1 1 1 1 1 1 1 1 1 1 1 1 1 1 1 1 1 
0 0 0 0 0 0 0 0 0 0 0 0 0 0 0 0 0 0 1 1 0 1 0 2 3 3 2 4 4 5 5 6 5 7 5 10 8 9 9 12 21 0 22 63 16 19 16 14 13 8 10 7 7 10 8 5 5 6 5 3 6 4 4 4 3 3 3 3 3 2 2 3 3 3 2 2 2 2 2 2 2 2 2 2 2 2 2 2 2 2 2 2 2 2 2 2 2 2 2 2 
0 0 0 0 0 0 0 0 0 0 0 0 0 0 0 0 0 0 1 1 0 1 0 2 3 2 1 5 5 4 5 6 6 9 5 10 9 12 13 12 18 22 0 75 16 19 20 17 14 10 13 7 5 8 6 4 3 4 2 1 4 2 2 1 1 1 1 1 1 1 1 1 1 1 1 1 1 1 1 1 1 1 1 1 1 1 1 1 1 1 1 1 1 1 1 1 1 1 1 1 
0 0 0 0 0 0 0 0 0 0 0 0 0 0 0 0 0 0 1 1 0 1 0 2 2 2 1 3 3 3 3 6 3 7 7 10 8 11 12 10 13 63 75 0 17 20 13 13 12 7 10 8 6 8 7 5 4 4 2 2 3 1 2 2 1 2 2 1 1 1 1 1 1 1 1 1 1 1 1 1 1 1 1 1 1 1 1 1 1 1 1 1 1 1 1 1 1 1 1 1 
0 0 0 0 0 0 0 0 0 0 0 0 0 0 0 0 0 0 0 0 0 0 0 1 2 1 1 3 3 2 3 3 4 6 3 8 5 8 7 8 15 16 16 17 0 79 51 40 44 15 17 12 9 15 11 8 7 8 6 3 7 3 3 4 3 3 3 3 3 2 2 3 3 3 2 2 2 2 2 2 2 2 2 2 2 2 2 2 2 2 2 2 2 2 2 2 2 2 2 2 
0 0 0 0 0 0 0 0 0 0 0 0 0 0 0 0 0 0 0 0 0 0 0 1 3 1 1 3 4 3 3 3 5 5 2 9 5 10 8 11 18 19 19 20 79 0 41 31 30 15 18 13 11 11 10 7 7 7 4 2 5 2 2 2 2 2 2 2 2 2 2 2 2 2 2 2 2 2 2 2 2 2 2 2 2 2 2 2 2 2 2 2 2 2 2 2 2 2 2 2 
0 0 0 0 0 0 0 0 0 0 0 0 0 0 0 0 0 0 1 1 0 1 0 2 3 2 1 3 4 4 3 4 4 5 4 8 5 9 9 7 13 16 20 13 51 41 0 15 37 15 12 12 11 12 13 10 8 7 6 3 6 3 3 4 3 3 3 3 3 2 2 3 3 3 2 2 2 2 2 2 2 2 2 2 2 2 2 2 2 2 2 2 2 2 2 2 2 2 2 2 
0 0 0 0 0 0 0 0 0 0 0 0 0 0 0 0 0 0 1 1 0 1 0 2 3 2 1 3 4 4 3 5 4 5 4 7 6 9 7 4 12 14 17 13 40 31 15 0 48 16 15 9 10 11 12 7 7 6 5 2 6 3 3 3 2 2 2 2 2 1 1 2 2 2 1 1 1 1 1 1 1 1 1 1 1 1 1 1 1 1 1 1 1 1 1 1 1 1 1 1 
0 0 0 0 0 0 0 0 0 0 0 0 0 0 0 0 0 0 1 1 0 1 0 2 2 2 1 2 4 4 2 3 3 4 2 6 3 6 5 6 10 13 14 12 44 30 37 48 0 14 16 12 12 13 13 9 7 8 5 3 5 4 3 3 2 2 2 2 2 2 2 2 2 2 2 2 2 2 2 2 2 2 2 2 2 2 2 2 2 2 2 2 2 2 2 2 2 2 2 2 
0 0 0 0 0 0 0 0 0 0 0 0 0 0 0 0 0 0 0 0 0 0 0 1 3 1 1 2 3 3 2 3 4 2 1 3 3 2 2 2 6 8 10 7 15 15 15 16 14 0 57 17 16 21 16 13 9 13 8 6 8 6 4 7 4 5 5 3 3 4 3 3 3 3 2 2 2 2 2 2 2 2 2 2 2 2 2 2 2 2 2 2 2 2 2 2 2 2 2 2 
0 0 0 0 0 0 0 0 0 0 0 0 0 0 0 0 0 0 0 0 0 0 0 1 1 1 1 1 2 2 1 2 2 3 1 5 2 5 3 2 8 10 13 10 17 18 12 15 16 57 0 18 15 22 18 12 12 12 9 5 8 6 5 6 3 5 4 3 3 3 2 3 3 3 2 2 2 2 2 2 2 2 2 2 2 2 2 2 2 2 2 2 2 2 2 2 2 2 2 2 
0 0 0 0 0 0 0 0 0 0 0 0 0 0 0 0 0 0 0 0 0 0 0 1 2 1 1 1 3 3 1 2 3 2 0 3 2 2 0 2 5 7 7 8 12 13 12 9 12 17 18 0 19 55 23 18 10 14 6 5 6 5 2 4 3 1 2 2 2 2 2 2 2 2 1 1 1 1 1 1 1 1 1 1 1 1 1 1 1 1 1 1 1 1 1 1 1 1 1 1 
0 0 0 0 0 0 0 0 0 0 0 0 0 0 0 0 0 0 0 0 0 0 0 1 3 1 1 2 3 3 2 4 4 3 2 4 4 4 2 2 5 7 5 6 9 11 11 10 12 16 15 19 0 85 76 21 13 18 11 9 8 7 6 5 2 6 4 2 2 2 1 2 2 2 1 1 1 1 1 1 1 1 1 1 1 1 1 1 1 1 1 1 1 1 1 1 1 1 1 1 
0 0 0 0 0 0 0 0 0 0 0 0 0 0 0 0 0 0 0 0 0 0 0 1 3 1 1 2 3 3 2 3 4 3 2 6 3 5 2 3 7 10 8 8 15 11 12 11 13 21 22 55 85 0 47 14 11 14 9 5 7 6 5 3 1 4 2 2 1 2 0 1 2 2 1 1 1 0 0 0 0 0 0 0 0 0 0 0 0 0 0 0 0 0 0 0 0 0 0 0 
0 0 0 0 0 0 0 0 0 0 0 0 0 0 0 0 0 0 0 0 0 0 0 1 3 1 1 2 3 3 2 3 4 2 1 3 3 2 1 2 6 8 6 7 11 10 13 12 13 16 18 23 76 47 0 19 13 16 11 9 10 8 8 5 3 6 6 4 3 5 3 2 3 3 3 3 3 2 2 2 2 2 2 2 2 2 2 2 2 2 2 2 2 2 2 2 2 2 2 2 
0 0 0 0 0 0 0 0 0 0 0 0 0 0 0 0 0 0 0 0 0 0 0 1 2 1 1 1 3 3 1 2 3 2 0 2 2 1 0 2 3 5 4 5 8 7 10 7 9 13 12 18 21 14 19 0 18 21 16 10 14 11 9 8 4 7 5 7 5 4 3 3 5 5 3 3 4 2 2 2 2 2 2 2 2 2 2 2 2 2 2 2 2 2 2 2 2 2 2 2 
0 0 0 0 0 0 0 0 0 0 0 0 0 0 0 0 0 0 0 0 0 0 0 1 3 1 1 2 3 3 2 3 4 2 1 3 3 2 1 1 3 5 3 4 7 7 8 7 7 9 12 10 13 11 13 18 0 23 16 11 19 14 8 10 8 9 8 8 8 6 6 6 6 7 5 4 5 4 4 4 4 4 4 4 4 4 4 4 4 4 4 4 4 4 4 4 4 4 4 4 
0 0 0 0 0 0 0 0 0 0 0 0 0 0 0 0 0 0 0 0 0 0 0 1 2 1 1 2 2 2 2 2 3 2 1 3 2 2 1 1 5 6 4 4 8 7 7 6 8 13 12 14 18 14 16 21 23 0 16 16 15 12 12 9 5 8 9 4 4 5 3 3 1 2 3 1 1 1 1 1 1 1 1 1 1 1 1 1 1 1 1 1 1 1 1 1 1 1 1 1 
0 0 0 0 0 0 0 0 0 0 0 0 0 0 0 0 0 0 0 0 0 0 0 1 2 1 1 2 2 2 2 2 3 2 1 3 2 2 1 0 4 5 2 2 6 4 6 5 5 8 9 6 11 9 11 16 16 16 0 26 79 11 15 13 8 10 10 6 6 8 4 5 4 5 6 4 4 3 3 3 3 3 3 3 3 3 3 3 3 3 3 3 3 3 3 3 3 3 3 3 
0 0 0 0 0 0 0 0 0 0 0 0 0 0 0 0 0 0 0 0 0 0 0 1 1 1 1 1 2 2 1 1 2 2 0 2 1 1 0 0 2 3 1 2 3 2 3 2 3 6 5 5 9 5 9 10 11 16 26 0 78 18 13 14 10 13 13 9 9 9 8 7 7 9 7 6 6 4 4 3 4 4 3 4 3 3 3 3 3 3 3 3 3 3 3 3 3 3 3 3 
0 0 0 0 0 0 0 0 0 0 0 0 0 0 0 0 0 0 0 0 0 0 0 1 2 1 1 2 2 2 2 2 3 2 1 3 2 2 1 1 5 6 4 3 7 5 6 6 5 8 8 6 8 7 10 14 19 15 79 78 0 13 14 13 6 10 10 6 6 6 5 4 4 5 4 3 4 2 1 1 1 1 1 1 1 1 1 1 1 1 1 1 1 1 1 1 1 1 1 1 
0 0 0 0 0 0 0 0 0 0 0 0 0 0 0 0 0 0 0 0 0 0 0 1 2 1 1 2 2 2 2 2 3 2 1 3 2 2 1 0 3 4 2 1 3 2 3 3 4 6 6 5 7 6 8 11 14 12 11 18 13 0 65 20 10 11 13 7 7 10 8 6 5 6 6 5 4 3 3 2 3 3 2 3 2 2 2 2 2 2 2 2 2 2 2 2 2 2 2 2 
0 0 0 0 0 0 0 0 0 0 0 0 0 0 0 0 0 0 0 0 0 0 0 1 2 1 1 2 2 2 2 2 3 2 1 3 2 2 1 0 3 4 2 2 3 2 3 3 3 4 5 2 6 5 8 9 8 12 15 13 14 65 0 32 19 17 13 14 13 8 9 8 6 6 6 4 4 3 4 3 4 4 3 4 3 3 3 3 3 3 3 3 3 3 3 3 3 3 3 3 
0 0 0 0 0 0 0 0 0 0 0 0 0 0 0 0 0 0 0 0 0 0 0 1 1 1 1 1 2 2 1 1 2 2 0 2 1 1 0 0 3 4 1 2 4 2 4 3 3 7 6 4 5 3 5 8 10 9 13 14 13 20 32 0 18 19 16 13 13 11 9 7 7 9 8 5 6 4 3 3 3 3 3 3 3 3 3 3 3 3 3 3 3 3 3 3 3 3 3 3 
0 0 0 0 0 0 0 0 0 0 0 0 0 0 0 0 0 0 0 0 0 0 0 1 1 1 1 1 2 2 1 1 2 2 0 2 1 1 0 0 2 3 1 1 3 2 3 2 2 4 3 3 2 1 3 4 8 5 8 10 6 10 19 18 0 63 28 12 16 12 9 7 6 8 6 4 5 3 2 2 2 2 2 2 2 2 2 2 2 2 2 2 2 2 2 2 2 2 2 2 
0 0 0 0 0 0 0 0 0 0 0 0 0 0 0 0 0 0 0 0 0 0 0 1 1 1 1 1 2 2 1 1 2 2 0 2 1 1 0 0 2 3 1 2 3 2 3 2 2 5 5 1 6 4 6 7 9 8 10 13 10 11 17 19 63 0 23 27 14 11 9 8 4 5 7 4 5 3 2 2 2 2 2 2 2 2 2 2 2 2 2 2 2 2 2 2 2 2 2 2 
0 0 0 0 0 0 0 0 0 0 0 0 0 0 0 0 0 0 0 0 0 0 0 1 1 1 1 1 2 2 1 1 2 2 0 2 1 1 0 0 2 3 1 2 3 2 3 2 2 5 4 2 4 2 6 5 8 9 10 13 10 13 13 16 28 23 0 66 14 11 9 10 9 10 10 7 6 5 5 4 5 5 4 5 4 4 4 4 4 4 4 4 4 4 4 4 4 4 4 4 
0 0 0 0 0 0 0 0 0 0 0 0 0 0 0 0 0 0 0 0 0 0 0 1 1 1 1 1 2 2 1 1 2 2 0 2 1 1 0 0 2 3 1 1 3 2 3 2 2 3 3 2 2 2 4 7 8 4 6 9 6 7 14 13 12 27 66 0 17 16 13 10 7 10 9 5 7 4 3 3 3 3 3 3 3 3 3 3 3 3 3 3 3 3 3 3 3 3 3 3 
0 0 0 0 0 0 0 0 0 0 0 0 0 0 0 0 0 0 0 0 0 0 0 1 1 1 1 1 2 2 1 1 2 2 0 2 1 1 0 0 2 3 1 1 3 2 3 2 2 3 3 2 2 1 3 5 8 4 6 9 6 7 13 13 16 14 14 17 0 28 16 13 9 11 13 8 7 6 4 5 4 4 3 4 3 3 3 3 3 3 3 3 3 3 3 3 3 3 3 3 
0 0 0 0 0 0 0 0 0 0 0 0 0 0 0 0 0 0 0 0 0 0 0 1 1 1 1 1 2 2 1 1 2 2 0 2 1 1 0 0 1 2 1 1 2 2 2 1 2 4 3 2 2 2 5 4 6 5 8 9 6 10 8 11 12 11 11 16 28 0 13 11 11 12 9 7 7 6 5 4 4 5 3 4 3 3 3 3 3 3 3 3 3 3 3 3 3 3 3 3 
0 0 0 0 0 0 0 0 0 0 0 0 0 0 0 0 0 0 0 0 0 0 0 1 1 1 1 1 2 2 1 1 2 2 0 2 1 1 0 0 1 2 1 1 2 2 2 1 2 3 2 2 1 0 3 3 6 3 4 8 5 8 9 9 9 9 9 13 16 13 0 12 22 23 18 10 12 10 5 4 4 4 2 3 2 2 2 2 2 2 2 2 2 2 2 2 2 2 2 2 
0 0 0 0 0 0 0 0 0 0 0 0 0 0 0 0 0 0 0 0 0 0 0 1 1 1 1 1 2 2 1 1 2 2 0 2 1 1 0 0 2 3 1 1 3 2 3 2 2 3 3 2 2 1 2 3 6 3 5 7 4 6 8 7 7 8 10 10 13 11 12 0 30 30 23 9 18 11 4 6 4 4 4 4 4 4 4 4 4 4 4 4 4 4 4 4 4 4 4 4 
0 0 0 0 0 0 0 0 0 0 0 0 0 0 0 0 0 0 0 0 0 0 0 1 1 1 1 1 2 2 1 1 2 2 0 2 1 1 0 0 2 3 1 1 3 2 3 2 2 3 3 2 2 2 3 5 6 1 4 7 4 5 6 7 6 4 9 7 9 11 22 30 0 32 58 12 14 9 4 4 3 4 2 2 2 2 2 2 2 2 2 2 2 2 2 2 2 2 2 2 
0 0 0 0 0 0 0 0 0 0 0 0 0 0 0 0 0 0 0 0 0 0 0 1 1 1 1 1 2 2 1 1 2 2 0 2 1 1 0 0 2 3 1 1 3 2 3 2 2 3 3 2 2 2 3 5 7 2 5 9 5 6 6 9 8 5 10 10 11 12 23 30 32 0 58 14 12 9 6 5 5 6 3 4 3 3 3 3 3 3 3 3 3 3 3 3 3 3 3 3 
0 0 0 0 0 0 0 0 0 0 0 0 0 0 0 0 0 0 0 0 0 0 0 1 1 1 1 1 2 2 1 1 2 2 0 2 1 1 0 0 1 2 1 1 2 2 2 1 2 2 2 1 1 1 3 3 5 3 6 7 4 6 6 8 6 7 10 9 13 9 18 23 58 58 0 14 19 15 7 7 6 7 4 5 3 4 3 3 3 3 3 3 3 3 3 3 3 3 3 3 
0 0 0 0 0 0 0 0 0 0 0 0 0 0 0 0 0 0 0 0 0 0 0 1 1 1 1 1 2 2 1 1 2 2 0 2 1 1 0 0 1 2 1 1 2 2 2 1 2 2 2 1 1 1 3 3 4 1 4 6 3 5 4 5 4 4 7 5 8 7 10 9 12 14 14 0 85 13 5 6 5 5 3 4 2 3 2 2 2 2 2 2 2 2 2 2 2 2 2 2 
0 0 0 0 0 0 0 0 0 0 0 0 0 0 0 0 0 0 0 0 0 0 0 1 1 1 1 1 2 2 1 1 2 2 0 2 1 1 0 0 1 2 1 1 2 2 2 1 2 2 2 1 1 1 3 4 5 1 4 6 4 4 4 6 5 5 6 7 7 7 12 18 14 12 19 85 0 8 6 5 4 5 1 2 1 1 1 1 1 1 1 1 1 1 1 1 1 1 1 1 
0 0 0 0 0 0 0 0 0 0 0 0 0 0 0 0 0 0 0 0 0 0 0 1 1 1 1 1 2 2 1 1 2 2 0 2 1 1 0 0 1 2 1 1 2 2 2 1 2 2 2 1 1 0 2 2 4 1 3 4 2 3 3 4 3 3 5 4 6 6 10 11 9 9 15 13 8 0 7 6 6 7 3 4 2 3 2 2 2 2 2 2 2 2 2 2 2 2 2 2 
0 0 0 0 0 0 0 0 0 0 0 0 0 0 0 0 0 0 0 0 0 0 0 1 1 1 1 1 2 2 1 1 2 2 0 2 1 1 0 0 1 2 1 1 2 2 2 1 2 2 2 1 1 0 2 2 4 1 3 4 1 3 4 3 2 2 5 3 4 5 5 4 4 6 7 5 6 7 0 88 80 3 2 2 1 2 1 1 1 1 1 1 1 1 1 1 1 1 1 1 
0 0 0 0 0 0 0 0 0 0 0 0 0 0 0 0 0 0 0 0 0 0 0 1 1 1 1 1 2 2 1 1 2 2 0 2 1 1 0 0 1 2 1 1 2 2 2 1 2 2 2 1 1 0 2 2 4 1 3 3 1 2 3 3 2 2 4 3 5 4 4 6 4 5 7 6 5 6 88 0 7 8 4 5 4 4 4 4 4 4 4 4 4 4 4 4 4 4 4 4 
0 0 0 0 0 0 0 0 0 0 0 0 0 0 0 0 0 0 0 0 0 0 0 1 1 1 1 1 2 2 1 1 2 2 0 2 1 1 0 0 1 2 1 1 2 2 2 1 2 2 2 1 1 0 2 2 4 1 3 4 1 3 4 3 2 2 5 3 4 4 4 4 3 5 6 5 4 6 80 7 0 9 5 6 4 5 4 4 4 4 4 4 4 4 4 4 4 4 4 4 
0 0 0 0 0 0 0 0 0 0 0 0 0 0 0 0 0 0 0 0 0 0 0 1 1 1 1 1 2 2 1 1 2 2 0 2 1 1 0 0 1 2 1 1 2 2 2 1 2 2 2 1 1 0 2 2 4 1 3 4 1 3 4 3 2 2 5 3 4 5 4 4 4 6 7 5 5 7 3 8 9 0 3 4 3 3 3 3 3 3 3 3 3 3 3 3 3 3 3 3 
0 0 0 0 0 0 0 0 0 0 0 0 0 0 0 0 0 0 0 0 0 0 0 1 1 1 1 1 2 2 1 1 2 2 0 2 1 1 0 0 1 2 1 1 2 2 2 1 2 2 2 1 1 0 2 2 4 1 3 3 1 2 3 3 2 2 4 3 3 3 2 4 2 3 4 3 1 3 2 4 5 3 0 90 1 0 0 0 0 0 0 0 0 0 0 0 0 0 0 0 
0 0 0 0 0 0 0 0 0 0 0 0 0 0 0 0 0 0 0 0 0 0 0 1 1 1 1 1 2 2 1 1 2 2 0 2 1 1 0 0 1 2 1 1 2 2 2 1 2 2 2 1 1 0 2 2 4 1 3 4 1 3 4 3 2 2 5 3 4 4 3 4 2 4 5 4 2 4 2 5 6 4 90 0 7 8 7 7 7 7 7 7 7 7 7 7 7 7 7 7 
0 0 0 0 0 0 0 0 0 0 0 0 0 0 0 0 0 0 0 0 0 0 0 1 1 1 1 1 2 2 1 1 2 2 0 2 1 1 0 0 1 2 1 1 2 2 2 1 2 2 2 1 1 0 2 2 4 1 3 3 1 2 3 3 2 2 4 3 3 3 2 4 2 3 3 2 1 2 1 4 4 3 1 7 0 90 5 5 5 5 5 5 5 5 5 5 5 5 5 5 
0 0 0 0 0 0 0 0 0 0 0 0 0 0 0 0 0 0 0 0 0 0 0 1 1 1 1 1 2 2 1 1 2 2 0 2 1 1 0 0 1 2 1 1 2 2 2 1 2 2 2 1 1 0 2 2 4 1 3 3 1 2 3 3 2 2 4 3 3 3 2 4 2 3 4 3 1 3 2 4 5 3 0 8 90 0 6 6 5 5 5 5 5 5 5 5 5 5 5 5 
0 0 0 0 0 0 0 0 0 0 0 0 0 0 0 0 0 0 0 0 0 0 0 1 1 1 1 1 2 2 1 1 2 2 0 2 1 1 0 0 1 2 1 1 2 2 2 1 2 2 2 1 1 0 2 2 4 1 3 3 1 2 3 3 2 2 4 3 3 3 2 4 2 3 3 2 1 2 1 4 4 3 0 7 5 6 0 8 5 5 5 5 5 5 5 5 5 5 5 5 
0 0 0 0 0 0 0 0 0 0 0 0 0 0 0 0 0 0 0 0 0 0 0 1 1 1 1 1 2 2 1 1 2 2 0 2 1 1 0 0 1 2 1 1 2 2 2 1 2 2 2 1 1 0 2 2 4 1 3 3 1 2 3 3 2 2 4 3 3 3 2 4 2 3 3 2 1 2 1 4 4 3 0 7 5 6 8 0 4 4 4 4 4 4 4 4 4 4 4 4 
0 0 0 0 0 0 0 0 0 0 0 0 0 0 0 0 0 0 0 0 0 0 0 1 1 1 1 1 2 2 1 1 2 2 0 2 1 1 0 0 1 2 1 1 2 2 2 1 2 2 2 1 1 0 2 2 4 1 3 3 1 2 3 3 2 2 4 3 3 3 2 4 2 3 3 2 1 2 1 4 4 3 0 7 5 5 5 4 0 3 7 3 3 3 3 3 3 3 3 3 
0 0 0 0 0 0 0 0 0 0 0 0 0 0 0 0 0 0 0 0 0 0 0 1 1 1 1 1 2 2 1 1 2 2 0 2 1 1 0 0 1 2 1 1 2 2 2 1 2 2 2 1 1 0 2 2 4 1 3 3 1 2 3 3 2 2 4 3 3 3 2 4 2 3 3 2 1 2 1 4 4 3 0 7 5 5 5 4 3 0 96 5 5 5 5 5 5 5 5 5 
0 0 0 0 0 0 0 0 0 0 0 0 0 0 0 0 0 0 0 0 0 0 0 1 1 1 1 1 2 2 1 1 2 2 0 2 1 1 0 0 1 2 1 1 2 2 2 1 2 2 2 1 1 0 2 2 4 1 3 3 1 2 3 3 2 2 4 3 3 3 2 4 2 3 3 2 1 2 1 4 4 3 0 7 5 5 5 4 7 96 0 3 3 3 3 3 3 3 3 3 
0 0 0 0 0 0 0 0 0 0 0 0 0 0 0 0 0 0 0 0 0 0 0 1 1 1 1 1 2 2 1 1 2 2 0 2 1 1 0 0 1 2 1 1 2 2 2 1 2 2 2 1 1 0 2 2 4 1 3 3 1 2 3 3 2 2 4 3 3 3 2 4 2 3 3 2 1 2 1 4 4 3 0 7 5 5 5 4 3 5 3 0 7 6 7 7 7 7 7 7 
0 0 0 0 0 0 0 0 0 0 0 0 0 0 0 0 0 0 0 0 0 0 0 1 1 1 1 1 2 2 1 1 2 2 0 2 1 1 0 0 1 2 1 1 2 2 2 1 2 2 2 1 1 0 2 2 4 1 3 3 1 2 3 3 2 2 4 3 3 3 2 4 2 3 3 2 1 2 1 4 4 3 0 7 5 5 5 4 3 5 3 7 0 97 93 91 10 10 10 10 
0 0 0 0 0 0 0 0 0 0 0 0 0 0 0 0 0 0 0 0 0 0 0 1 1 1 1 1 2 2 1 1 2 2 0 2 1 1 0 0 1 2 1 1 2 2 2 1 2 2 2 1 1 0 2 2 4 1 3 3 1 2 3 3 2 2 4 3 3 3 2 4 2 3 3 2 1 2 1 4 4 3 0 7 5 5 5 4 3 5 3 6 97 0 4 3 3 3 3 3 
0 0 0 0 0 0 0 0 0 0 0 0 0 0 0 0 0 0 0 0 0 0 0 1 1 1 1 1 2 2 1 1 2 2 0 2 1 1 0 0 1 2 1 1 2 2 2 1 2 2 2 1 1 0 2 2 4 1 3 3 1 2 3 3 2 2 4 3 3 3 2 4 2 3 3 2 1 2 1 4 4 3 0 7 5 5 5 4 3 5 3 7 93 4 0 8 7 7 7 7 
0 0 0 0 0 0 0 0 0 0 0 0 0 0 0 0 0 0 0 0 0 0 0 1 1 1 1 1 2 2 1 1 2 2 0 2 1 1 0 0 1 2 1 1 2 2 2 1 2 2 2 1 1 0 2 2 4 1 3 3 1 2 3 3 2 2 4 3 3 3 2 4 2 3 3 2 1 2 1 4 4 3 0 7 5 5 5 4 3 5 3 7 91 3 8 0 8 8 8 8 
0 0 0 0 0 0 0 0 0 0 0 0 0 0 0 0 0 0 0 0 0 0 0 1 1 1 1 1 2 2 1 1 2 2 0 2 1 1 0 0 1 2 1 1 2 2 2 1 2 2 2 1 1 0 2 2 4 1 3 3 1 2 3 3 2 2 4 3 3 3 2 4 2 3 3 2 1 2 1 4 4 3 0 7 5 5 5 4 3 5 3 7 10 3 7 8 0 10 10 10 
0 0 0 0 0 0 0 0 0 0 0 0 0 0 0 0 0 0 0 0 0 0 0 1 1 1 1 1 2 2 1 1 2 2 0 2 1 1 0 0 1 2 1 1 2 2 2 1 2 2 2 1 1 0 2 2 4 1 3 3 1 2 3 3 2 2 4 3 3 3 2 4 2 3 3 2 1 2 1 4 4 3 0 7 5 5 5 4 3 5 3 7 10 3 7 8 10 0 3 3 
0 0 0 0 0 0 0 0 0 0 0 0 0 0 0 0 0 0 0 0 0 0 0 1 1 1 1 1 2 2 1 1 2 2 0 2 1 1 0 0 1 2 1 1 2 2 2 1 2 2 2 1 1 0 2 2 4 1 3 3 1 2 3 3 2 2 4 3 3 3 2 4 2 3 3 2 1 2 1 4 4 3 0 7 5 5 5 4 3 5 3 7 10 3 7 8 10 3 0 97 
0 0 0 0 0 0 0 0 0 0 0 0 0 0 0 0 0 0 0 0 0 0 0 1 1 1 1 1 2 2 1 1 2 2 0 2 1 1 0 0 1 2 1 1 2 2 2 1 2 2 2 1 1 0 2 2 4 1 3 3 1 2 3 3 2 2 4 3 3 3 2 4 2 3 3 2 1 2 1 4 4 3 0 7 5 5 5 4 3 5 3 7 10 3 7 8 10 3 97 0 

Rho histogram: 
0 0 0 0 0 0 0 0 1 0 0 1 0 0 0 0 1 1 3 93 

Summary:
objF nSamp nIter rhoMean rhoStDev rProp hitsProp rankHitsProp seconds
Msd 100 100 0.9780637263726376 0.07299701017326002 0 0 0.3497 1078.333093258
