=======================================================
Objective function:  Gar25
Matrix:  I100.csv
Iterations:  100
Heuristic for search:  RobSA3
Improvement function # 0
Window width for improvement:  0
Heuristic for improvement:  RobSA3
Seed:  33
=======================================================

Best permutations: 
0 3 4 6 11 8 13 12 17 20 21 27 24 26 29 32 31 33 35 36 37 38 41 43 45 48 47 49 50 53 55 52 57 59 61 66 75 86 93 97 99 98 96 94 92 95 91 89 90 88 87 85 84 82 83 81 80 79 78 77 76 74 73 71 72 70 69 68 67 65 64 62 63 58 60 56 54 51 46 44 42 40 39 34 28 25 30 23 22 18 19 14 16 15 10 9 7 5 2 1 
98 96 92 91 88 86 85 82 80 77 75 73 72 69 68 66 64 61 62 59 60 52 51 53 47 48 44 45 43 42 41 37 36 31 32 27 19 0 1 2 3 4 6 5 7 9 8 10 13 12 11 14 15 16 17 18 21 20 22 23 24 25 26 29 28 30 33 35 34 38 39 40 46 49 50 54 55 56 57 58 63 65 67 70 74 76 71 79 78 81 83 84 87 90 89 93 94 95 97 99 
99 94 93 91 89 88 87 86 81 78 77 74 70 72 69 68 66 64 61 58 57 56 55 52 53 46 44 43 41 38 37 36 35 33 30 26 28 27 24 20 0 1 2 3 4 6 5 12 7 8 9 10 11 13 16 14 15 17 18 19 21 22 23 25 29 32 31 34 39 40 42 45 48 47 49 50 51 54 60 59 63 62 65 67 73 71 76 75 79 80 83 82 84 85 90 95 92 96 97 98 
99 97 95 94 90 88 87 86 85 79 73 70 72 69 66 67 62 63 58 60 52 51 53 49 48 44 40 39 38 37 35 31 30 29 26 25 23 22 21 20 17 15 16 13 14 12 11 10 9 8 7 5 6 3 4 2 1 0 18 19 24 27 28 32 33 34 36 41 42 43 45 46 47 50 54 55 56 57 59 61 65 64 68 74 71 76 75 77 78 80 81 83 82 84 89 91 93 92 96 98 
98 97 92 94 93 91 89 90 86 82 81 78 77 76 73 72 68 65 64 62 58 54 52 48 42 43 41 38 37 35 29 30 25 27 24 21 19 20 18 17 15 0 1 2 3 4 5 6 7 8 9 11 10 13 12 16 14 22 23 26 28 32 31 33 34 36 40 39 44 45 46 47 49 50 53 51 55 56 57 60 59 63 61 67 66 69 70 71 74 75 79 80 83 84 85 87 88 95 96 99 
98 96 92 94 88 86 80 74 69 67 64 61 59 58 60 57 55 51 53 42 43 41 39 37 35 34 33 29 30 26 27 24 19 20 21 18 14 15 16 13 11 10 9 8 7 5 6 4 3 2 1 12 17 22 23 25 28 32 31 36 38 45 40 44 48 46 47 49 50 52 54 56 63 62 65 66 68 72 70 73 71 76 75 77 78 79 81 83 82 84 85 87 90 89 91 93 95 97 99 0 
98 99 92 90 88 87 82 83 71 76 74 72 68 67 61 63 59 57 56 52 51 53 48 45 42 40 39 34 31 30 29 26 24 25 22 19 21 18 17 15 14 11 13 10 9 7 8 5 4 3 2 1 0 6 12 16 20 23 27 32 28 33 35 36 37 38 41 43 44 46 47 49 50 54 55 60 58 62 64 65 66 69 70 73 75 77 79 78 80 81 84 85 86 89 91 93 94 95 96 97 
96 0 2 5 6 7 9 8 10 11 12 13 16 15 14 17 19 22 21 27 23 25 28 30 32 33 34 36 38 40 41 42 46 47 49 50 51 55 52 56 57 58 59 61 62 63 65 64 66 67 68 69 72 71 73 76 74 75 77 78 79 80 81 83 82 84 85 86 87 88 89 90 91 95 92 94 93 97 98 99 70 60 53 48 54 45 43 39 44 37 35 29 31 26 24 20 18 4 3 1 
0 9 11 19 20 22 27 28 30 32 29 33 35 34 36 37 39 41 43 46 47 50 54 55 56 57 59 61 64 62 65 66 67 71 72 73 76 75 78 79 83 90 89 84 86 85 82 81 77 63 52 49 45 38 23 21 12 17 10 16 8 5 7 4 1 2 3 6 13 15 14 18 24 25 26 31 40 42 48 44 53 51 60 58 68 69 70 74 80 87 88 93 91 94 95 92 97 96 99 98 
0 2 4 5 6 7 8 11 10 15 19 17 22 27 28 32 29 33 36 37 39 40 43 45 48 46 47 50 53 54 55 56 57 58 59 61 62 65 64 67 68 72 76 75 77 78 79 81 80 83 82 85 84 86 87 88 89 90 91 95 94 96 97 98 99 92 93 74 73 71 70 69 66 63 60 52 51 49 44 42 41 38 34 35 31 30 26 25 23 24 21 20 18 14 16 13 12 9 3 1 
98 96 92 94 91 93 90 82 77 71 74 70 64 63 60 55 54 52 53 47 44 42 38 35 36 31 32 30 28 27 24 19 14 15 0 1 2 3 4 6 5 7 8 9 10 13 11 12 16 17 18 21 20 22 23 25 26 29 33 34 37 39 40 41 43 45 46 48 49 50 51 56 57 58 59 61 62 65 67 66 68 69 73 72 76 75 78 79 80 81 83 84 85 86 87 88 89 95 97 99 
98 99 97 92 84 85 81 71 74 70 69 66 65 62 63 58 60 56 55 54 49 48 45 42 43 40 39 38 35 32 29 26 25 24 23 22 19 20 21 18 17 15 16 14 12 13 11 10 8 9 7 5 6 4 3 2 1 0 27 31 28 30 33 34 36 37 41 44 46 47 50 53 51 52 57 59 61 64 67 68 72 73 76 75 77 79 78 80 83 82 86 87 88 90 89 91 93 94 95 96 
0 1 4 5 6 10 22 24 30 32 29 36 37 39 42 45 48 47 50 53 55 52 60 63 61 65 67 73 74 76 77 79 80 81 83 82 85 86 87 89 91 96 98 95 97 99 94 93 88 51 46 43 40 41 38 35 34 33 31 28 27 26 25 23 19 17 2 3 7 11 8 9 13 15 16 14 12 18 21 20 44 49 54 56 57 58 59 62 64 66 68 69 72 70 71 75 78 84 90 92 
99 95 93 87 82 84 71 74 73 70 72 68 65 62 64 61 60 56 55 51 47 46 48 45 43 39 38 37 35 28 26 25 23 22 19 21 17 15 16 13 10 9 7 12 8 5 6 4 3 2 1 0 14 11 18 20 24 27 29 30 32 31 33 34 36 40 41 42 44 49 50 53 54 52 57 58 59 63 67 66 69 76 75 77 78 79 80 81 83 85 86 88 90 89 91 94 92 96 97 98 
98 96 95 94 89 88 83 81 80 78 79 75 71 70 69 66 67 62 61 60 57 51 53 47 48 46 44 41 39 37 34 36 33 32 30 28 25 24 23 22 19 20 21 18 17 15 14 16 13 12 11 8 10 9 6 0 2 4 3 5 1 7 27 26 29 31 35 38 40 42 43 45 49 50 54 55 52 56 58 59 63 65 64 68 72 73 74 76 77 82 85 84 86 87 90 91 93 92 97 99 
99 97 92 71 72 68 61 51 0 1 2 3 4 5 6 9 8 10 12 13 14 15 18 22 21 19 23 24 25 26 29 32 31 34 37 41 40 43 48 46 47 50 53 56 57 98 93 96 94 95 91 90 89 88 87 86 85 84 82 83 81 80 78 79 77 75 76 74 73 70 69 67 66 64 65 63 62 59 58 60 52 55 54 49 44 45 42 39 38 36 35 33 28 30 27 20 17 16 11 7 
99 96 95 94 91 89 90 87 84 81 78 73 72 68 66 65 64 63 58 52 56 50 49 47 48 45 40 38 37 36 34 33 29 26 25 23 22 20 21 18 17 15 14 11 13 8 5 7 6 4 2 1 3 0 9 10 12 16 19 24 27 28 30 32 31 35 39 41 42 43 44 46 53 51 54 55 57 60 59 61 62 67 69 70 74 76 71 75 77 79 80 83 82 85 86 88 93 92 97 98 
98 96 97 92 95 94 87 71 76 70 66 67 62 61 59 58 57 55 51 53 50 49 46 48 43 42 38 36 29 32 23 22 19 21 18 17 15 14 16 12 13 11 10 9 8 7 5 6 4 3 2 1 0 20 24 27 25 28 30 26 31 33 34 35 37 39 40 41 45 47 44 54 52 56 60 63 65 64 68 69 72 73 74 75 77 78 79 80 81 83 82 84 85 86 88 90 89 91 93 99 
98 89 82 84 80 77 74 72 66 67 62 64 61 58 60 56 52 53 47 48 45 43 41 40 38 37 35 28 29 26 24 23 22 19 20 21 18 17 15 16 14 12 13 11 10 8 9 7 5 6 4 3 2 1 0 27 25 30 32 31 33 34 36 39 42 44 46 49 50 51 54 55 57 59 63 65 68 69 70 73 71 76 75 78 79 81 83 85 86 87 88 90 91 93 94 95 92 96 97 99 
0 2 3 5 6 7 9 8 11 10 13 16 20 27 28 30 32 35 34 38 41 43 44 45 48 49 50 54 56 59 58 63 61 67 66 71 79 93 99 98 92 97 94 96 95 91 89 90 88 87 86 85 84 82 83 81 80 78 77 75 76 74 73 72 70 69 68 64 65 62 60 57 55 52 51 53 47 46 42 40 39 37 36 33 31 29 26 25 23 24 21 22 18 17 19 14 15 12 4 1 
1 4 5 7 8 9 11 10 13 12 14 18 20 22 23 26 29 33 35 34 36 38 40 42 45 44 48 49 50 51 52 56 57 58 63 65 66 64 67 72 73 74 76 75 77 78 79 80 81 83 82 84 85 86 87 88 89 90 91 95 94 96 97 98 99 92 93 71 68 70 69 62 61 59 60 55 54 53 47 46 43 41 39 37 31 32 28 30 25 27 24 21 17 19 16 15 6 3 2 0 
98 96 97 94 90 86 85 80 71 73 70 69 67 64 61 59 58 57 56 54 53 49 47 48 42 41 40 35 31 32 24 0 1 2 3 4 6 5 7 9 8 10 11 13 12 14 16 15 19 17 21 18 20 22 23 27 25 26 28 30 29 33 34 36 37 38 39 43 45 46 44 50 51 55 52 60 63 62 65 66 68 72 74 76 75 77 78 79 81 83 82 84 87 88 89 91 93 95 92 99 
98 96 94 93 89 90 86 85 82 81 80 77 74 73 72 68 66 62 63 59 56 54 52 50 47 46 48 45 40 38 34 35 29 28 26 22 0 2 3 1 4 6 5 7 9 8 10 11 12 13 14 16 15 17 18 21 20 19 23 24 27 25 30 32 31 33 36 37 39 41 43 42 44 49 53 51 55 57 60 58 61 64 65 69 67 70 76 71 75 78 79 83 84 87 88 91 95 92 97 99 
98 99 94 91 89 88 80 71 76 73 70 69 68 61 63 58 60 55 52 53 49 46 48 45 42 41 37 31 32 30 25 20 17 0 1 2 3 4 6 5 7 9 8 10 11 13 12 16 14 15 21 18 19 22 23 24 27 26 29 28 33 34 35 36 38 39 40 43 44 47 50 51 54 56 57 59 62 65 64 67 66 72 74 75 77 78 79 81 83 82 85 84 86 87 90 93 95 92 96 97 
98 99 90 84 85 80 78 77 71 73 68 67 65 64 58 59 60 57 55 54 52 53 48 44 43 40 39 36 34 33 31 28 26 27 22 17 15 11 9 8 7 6 5 4 3 2 1 0 10 13 12 16 14 18 21 20 19 23 24 25 30 29 32 35 37 38 41 42 45 46 47 49 50 51 56 63 61 62 66 69 70 72 74 76 75 79 81 83 82 86 87 88 89 91 93 94 95 92 96 97 
98 96 92 94 93 89 90 86 84 83 80 75 74 72 70 66 67 62 59 56 54 53 49 47 44 41 39 33 31 27 24 17 0 1 2 3 4 6 5 7 9 8 10 11 13 12 16 15 14 21 18 20 19 22 23 25 26 29 28 30 32 34 35 36 37 38 40 43 42 45 46 48 50 51 52 55 57 60 58 61 63 64 65 68 69 73 76 71 77 79 78 81 82 85 87 88 91 95 97 99 
87 82 80 71 73 70 68 66 67 62 63 59 58 56 54 52 53 50 47 48 45 39 19 15 1 2 3 6 5 7 9 8 10 11 13 16 14 18 20 21 24 25 27 26 32 31 34 37 38 40 44 49 55 57 60 61 64 65 69 72 74 76 75 79 78 81 83 85 84 86 90 88 89 91 95 94 92 93 96 97 98 99 77 51 46 42 43 41 35 36 28 29 33 30 23 22 17 12 4 0 
99 92 95 94 91 89 88 90 86 82 81 80 75 71 68 67 65 63 61 59 57 55 54 53 47 43 42 40 38 37 35 31 28 29 25 24 22 18 20 21 17 14 16 13 11 10 9 8 7 5 6 4 3 2 1 0 12 15 19 23 27 30 26 32 33 34 36 39 41 45 48 44 46 49 50 51 52 56 60 58 62 64 66 69 72 70 73 74 76 77 79 78 83 84 85 87 93 96 97 98 
0 2 3 4 5 8 9 13 16 14 17 18 20 22 23 26 28 30 32 35 39 41 40 43 44 45 46 53 55 52 58 63 93 92 99 98 97 94 96 95 91 90 89 88 87 86 85 84 82 83 81 80 79 78 77 75 76 74 73 72 71 70 69 68 67 66 64 65 62 61 60 59 57 56 54 51 50 49 47 48 42 38 37 36 34 33 29 31 25 24 27 21 19 15 12 10 11 7 6 1 
98 96 91 90 89 87 86 85 84 83 81 80 78 75 76 73 68 67 64 61 57 55 54 52 51 47 44 41 40 36 35 31 32 26 30 28 27 21 20 0 1 2 4 3 6 5 7 8 9 10 11 13 12 16 14 15 17 18 19 22 23 24 25 29 33 34 37 38 39 43 42 45 48 46 50 49 53 56 60 58 59 63 62 65 66 69 72 70 74 71 77 79 82 88 93 94 95 92 97 99 
99 92 95 93 87 85 82 83 81 80 79 75 71 70 67 65 64 61 63 58 57 55 52 53 46 45 43 42 41 39 37 34 29 25 27 24 22 20 19 21 18 17 15 16 14 11 13 12 10 8 9 7 5 6 4 3 2 1 0 23 26 28 30 32 31 33 35 36 38 40 44 48 47 49 50 51 54 56 60 59 62 66 68 69 72 73 74 76 77 78 84 86 88 90 89 91 94 96 97 98 
98 96 92 95 94 90 86 78 75 71 74 72 69 66 67 61 63 58 60 55 54 53 49 46 45 43 41 40 39 37 35 32 29 30 26 25 27 24 23 22 19 20 18 21 17 15 16 14 13 11 12 10 8 9 7 5 6 4 3 2 1 0 28 31 33 34 36 38 42 44 48 47 50 51 52 56 57 59 62 65 64 68 70 73 76 77 79 80 81 83 82 84 85 87 88 89 91 93 97 99 
0 1 2 3 4 5 7 9 8 10 11 12 16 15 14 17 18 20 22 24 27 25 28 30 31 33 37 38 42 41 43 45 44 46 47 51 53 54 52 56 57 58 59 60 61 62 63 65 64 66 67 68 69 70 71 72 73 74 76 75 77 78 79 81 80 83 82 84 85 86 87 89 88 91 90 95 92 94 93 96 97 98 99 55 50 49 48 40 39 34 35 36 32 29 26 23 21 19 13 6 
98 96 92 91 87 84 83 81 79 77 75 76 74 73 72 69 65 64 62 61 60 57 56 55 54 49 44 45 41 38 36 33 32 30 28 27 20 21 12 16 13 10 7 6 0 1 2 3 4 5 8 9 11 14 15 17 18 19 22 23 24 25 26 29 31 34 35 37 39 40 43 42 48 46 47 50 53 51 52 58 59 63 67 66 68 70 71 78 80 82 85 86 88 90 89 93 94 95 97 99 
99 95 93 91 89 88 84 82 81 80 79 77 71 74 70 69 67 61 59 58 60 56 55 54 53 50 49 46 44 41 38 35 34 33 31 32 30 25 27 0 1 2 3 4 6 5 7 8 9 10 13 12 11 14 16 15 17 18 21 20 19 22 23 24 26 28 29 36 37 39 40 42 43 45 48 47 51 52 57 63 62 64 65 66 68 72 73 76 75 78 83 85 86 87 90 94 92 96 97 98 
98 97 95 94 93 90 88 86 76 71 72 69 68 66 64 62 61 59 58 60 57 56 55 51 53 50 46 44 42 41 40 38 37 36 35 33 31 32 30 29 26 28 27 24 23 22 19 18 17 15 12 11 10 8 9 7 5 6 4 3 2 1 0 13 16 14 20 21 25 34 39 43 45 48 47 49 52 54 63 65 67 70 73 74 75 77 79 78 80 81 83 82 84 85 87 89 91 92 96 99 
98 76 70 72 69 66 65 64 63 59 58 57 56 52 50 46 42 43 40 38 37 36 34 31 32 28 27 25 24 23 21 20 19 18 17 14 13 12 11 10 8 9 6 5 4 3 2 1 0 35 44 48 47 49 51 54 55 62 99 97 93 94 92 96 95 91 90 89 88 87 86 85 84 83 82 80 81 79 78 77 75 74 73 71 68 67 61 60 53 45 41 39 29 33 30 26 22 16 15 7 
98 97 92 94 91 93 88 90 87 86 84 81 79 77 74 68 64 62 59 58 57 52 51 47 46 48 43 41 38 37 36 34 28 26 27 14 0 1 2 3 4 6 5 7 8 9 10 11 13 12 16 15 17 18 21 20 19 22 23 24 25 30 32 29 31 33 35 39 40 42 44 45 49 50 53 54 55 56 60 61 63 65 66 67 69 72 70 73 76 71 75 78 80 83 82 85 89 95 96 99 
84 78 71 72 73 66 67 65 64 61 63 60 52 53 42 33 20 12 14 16 15 13 1 6 7 5 8 9 11 10 17 21 18 22 23 25 29 28 32 34 38 39 45 46 47 50 54 70 93 99 97 98 92 96 94 95 91 90 89 88 87 86 85 82 83 81 80 79 77 75 76 74 69 68 62 58 59 57 56 55 51 49 48 43 44 41 40 37 36 35 31 26 30 24 27 19 4 3 2 0 
98 96 94 90 87 84 83 71 73 72 66 67 62 64 63 61 59 57 52 51 47 44 40 41 37 35 31 29 32 27 24 22 17 15 14 16 12 13 10 9 7 8 6 5 4 3 1 2 0 11 18 20 21 19 23 25 28 26 30 33 34 36 38 39 42 43 45 46 48 49 50 53 54 55 56 60 58 65 68 69 70 74 76 75 77 78 79 80 81 82 85 86 88 89 91 93 95 92 97 99 
54 29 80 50 44 40 38 0 1 2 4 3 6 5 7 9 8 10 11 12 13 16 15 14 17 21 18 19 20 22 23 24 25 27 28 26 30 32 31 33 34 35 36 37 39 41 43 42 45 46 48 47 49 51 52 53 55 56 57 59 60 58 61 63 65 62 66 64 67 68 69 70 72 73 71 74 76 75 77 78 79 81 83 82 85 86 84 87 88 90 89 91 93 94 95 92 96 97 99 98 
98 99 95 86 82 79 77 71 74 73 70 68 67 65 59 60 56 55 54 52 53 50 47 46 45 42 41 38 36 34 32 29 28 27 23 21 20 17 15 14 16 12 13 10 11 9 8 7 6 5 4 3 2 0 1 18 19 22 24 25 26 30 31 33 35 37 39 40 43 44 48 49 51 57 58 63 61 62 64 66 69 72 76 75 78 80 81 83 84 85 87 88 90 89 91 93 94 92 96 97 
98 96 95 94 91 93 84 81 80 79 75 72 69 68 67 62 64 61 58 60 52 54 50 44 46 42 41 38 37 36 34 35 33 31 30 28 27 24 23 22 19 20 21 18 17 15 14 16 13 12 11 10 8 9 7 5 6 4 3 2 1 0 25 26 29 32 39 40 43 45 48 47 49 53 51 55 56 57 59 63 65 66 70 73 74 76 71 77 78 83 82 85 86 87 88 90 89 92 97 99 
0 2 3 4 6 7 11 10 16 18 20 22 30 25 29 33 36 38 41 45 44 48 46 49 50 51 52 57 59 60 61 63 65 66 67 68 69 71 72 73 74 76 75 77 78 79 80 81 83 82 84 85 86 87 88 89 90 91 95 96 98 94 99 97 92 93 70 62 64 58 56 55 54 53 47 42 43 40 39 37 34 35 31 32 28 26 27 23 24 21 17 19 14 15 13 12 8 9 5 1 
92 95 94 93 91 90 87 84 81 80 75 71 73 68 66 64 65 63 59 55 52 46 44 40 41 39 38 28 29 25 12 0 1 2 3 4 6 5 8 7 9 10 11 13 16 14 15 17 18 21 20 19 22 23 24 26 27 30 32 31 33 34 35 36 37 42 43 45 48 47 49 50 53 51 54 56 57 60 58 61 62 67 69 72 70 74 76 77 78 79 83 82 85 86 88 89 96 97 99 98 
0 19 18 22 24 27 30 32 31 33 29 35 37 38 39 41 42 49 50 55 56 65 64 68 73 76 74 75 78 83 85 84 86 87 88 90 89 91 95 92 94 96 97 98 99 93 67 60 47 48 45 43 36 34 28 26 25 23 12 10 1 2 3 4 5 6 7 8 9 11 13 16 14 15 17 21 20 40 44 46 51 53 52 54 57 58 59 61 63 62 66 69 72 70 71 77 79 80 81 82 
1 2 5 7 9 8 11 10 13 19 20 21 23 30 32 31 34 36 37 39 41 43 46 47 49 52 56 58 61 59 63 64 65 67 66 68 69 70 71 72 73 74 76 75 77 78 79 80 81 83 82 84 86 85 87 88 89 90 91 95 94 96 97 98 99 92 93 62 60 57 55 51 54 53 50 48 45 44 42 40 38 35 33 28 29 26 25 27 24 22 18 17 14 15 16 12 6 4 3 0 
99 97 92 93 91 89 88 87 84 81 78 79 71 74 70 68 66 64 61 63 58 60 55 51 48 46 44 43 40 38 37 33 32 29 26 25 24 23 22 19 21 18 17 15 14 16 13 11 10 9 8 7 5 6 4 3 2 1 0 12 20 27 28 30 31 35 34 36 39 41 42 45 47 49 50 53 54 52 56 57 59 62 65 67 69 72 73 76 75 77 80 83 82 85 86 90 94 95 96 98 
98 97 92 95 94 93 89 90 86 85 81 78 77 71 72 69 66 67 61 62 60 55 52 49 47 44 38 36 33 30 27 19 0 1 2 3 4 6 5 7 9 8 10 11 12 13 14 16 15 18 17 21 20 22 23 24 25 26 29 28 32 31 34 35 37 39 40 41 43 42 45 46 48 50 53 51 54 56 57 59 58 63 64 65 68 70 73 74 76 75 79 80 83 82 84 87 88 91 96 99 
1 7 8 13 12 22 24 23 30 28 26 35 34 38 39 48 47 50 53 51 54 52 60 58 63 61 65 66 64 67 68 73 75 78 80 93 96 95 97 92 99 89 84 87 86 88 85 81 55 44 45 42 10 0 6 3 2 4 5 9 11 14 16 15 17 19 18 21 20 27 25 29 32 31 33 36 37 40 41 43 46 49 56 57 59 62 69 72 70 74 76 71 77 79 83 82 90 91 94 98 
99 97 92 94 89 90 88 87 82 83 78 73 68 67 65 64 61 59 58 60 52 53 50 46 41 40 37 36 34 32 29 26 27 24 23 22 21 20 14 15 16 11 10 9 8 5 4 3 2 1 0 6 7 13 12 17 18 19 25 28 30 31 33 35 39 38 42 43 45 44 48 47 49 51 54 55 56 57 63 62 66 69 72 70 74 71 76 75 77 79 80 81 85 84 86 93 91 95 96 98 
82 85 65 55 52 49 44 43 0 1 2 4 5 6 7 9 8 11 12 13 14 16 15 17 18 20 22 23 27 25 26 29 36 35 38 41 40 42 45 46 47 51 56 57 61 62 93 92 99 98 97 96 94 95 91 90 89 88 87 86 84 83 81 80 79 78 77 75 76 74 71 73 72 70 69 68 67 66 64 63 59 58 60 54 53 50 48 39 37 34 33 31 32 28 30 24 21 19 10 3 
98 96 94 93 90 82 83 81 74 70 72 69 66 67 65 62 60 54 52 53 50 49 47 46 45 41 39 38 37 34 29 26 27 25 24 22 21 14 1 0 2 3 4 5 6 7 8 9 10 11 13 12 16 15 17 18 20 19 23 28 30 32 31 33 35 36 40 42 43 44 48 51 55 56 57 58 59 63 61 64 68 71 73 76 75 77 78 79 80 84 85 86 87 88 89 91 95 92 97 99 
98 99 94 87 84 81 77 76 72 73 67 64 62 58 55 52 49 44 43 39 30 29 0 1 2 3 4 6 5 7 9 8 10 11 12 13 14 16 15 17 21 18 19 20 22 23 24 25 27 26 28 31 32 33 34 35 36 37 38 40 41 42 45 46 48 47 50 53 51 54 56 57 60 59 63 61 65 66 69 68 70 74 71 75 78 79 80 83 82 85 86 88 90 89 91 93 95 92 96 97 
0 3 4 5 7 9 11 12 16 14 17 18 20 22 23 24 28 26 32 33 35 36 38 41 42 44 48 49 53 52 55 57 60 59 61 63 66 64 68 69 70 73 74 76 75 77 79 80 81 83 82 85 84 86 87 88 89 90 91 95 92 94 93 96 97 98 99 78 71 72 67 65 58 62 56 54 51 50 47 46 45 43 40 39 37 34 29 31 30 25 27 21 19 15 13 10 8 6 2 1 
98 96 92 95 94 89 90 86 85 77 75 71 74 73 68 66 67 64 60 57 52 53 50 49 47 46 44 43 41 38 37 34 35 33 31 28 29 24 0 2 1 3 4 6 5 7 8 9 10 12 11 13 14 16 15 17 18 21 20 19 22 23 27 25 26 30 32 36 39 40 42 45 48 51 54 55 56 58 59 63 61 62 65 69 72 70 76 78 79 80 81 83 82 84 87 88 91 93 97 99 
0 5 6 9 10 11 12 16 15 14 19 17 18 24 27 23 26 28 29 31 33 35 34 39 40 45 48 47 50 53 51 52 55 57 60 58 59 61 65 63 64 66 67 68 69 70 73 72 74 76 75 77 79 78 80 81 83 82 84 85 86 87 88 89 90 91 95 94 96 98 97 99 92 93 71 62 56 54 49 46 44 42 43 41 38 37 36 32 30 25 21 22 20 13 8 7 4 3 2 1 
99 92 94 88 83 80 78 79 71 74 72 67 65 62 64 59 60 57 52 55 51 53 50 47 46 42 41 40 39 38 36 35 34 33 31 32 30 28 27 24 23 19 21 20 18 17 15 14 16 13 12 11 10 8 9 7 5 6 4 3 2 1 0 22 25 26 29 37 43 45 44 48 49 54 56 58 63 61 66 68 69 70 73 76 75 77 81 82 85 84 86 87 90 89 91 93 95 96 97 98 
98 92 94 89 90 86 82 80 71 72 69 66 65 62 63 59 58 52 51 53 47 48 44 45 38 37 35 32 29 26 25 24 23 22 19 20 21 18 17 15 16 14 13 11 12 10 9 8 7 5 6 4 2 1 0 3 27 28 30 31 33 34 36 39 40 41 43 42 46 49 50 54 55 56 57 60 61 64 67 68 70 73 74 76 75 77 78 79 81 83 84 85 87 88 91 93 95 96 97 99 
99 97 95 94 93 90 85 83 79 75 71 76 73 70 72 69 66 64 61 63 58 57 56 51 47 46 44 42 38 35 33 28 29 26 25 27 24 22 21 20 18 17 15 16 14 12 13 11 10 8 9 7 5 6 4 3 2 1 0 19 23 30 32 31 34 36 37 39 40 41 43 45 48 49 50 53 54 55 52 59 60 62 65 67 68 74 77 78 80 81 82 84 86 87 88 89 91 92 96 98 
99 97 95 91 90 88 87 82 83 80 71 74 73 69 68 67 64 61 60 57 55 52 53 49 48 44 45 43 40 38 37 35 33 28 25 24 19 0 1 2 3 4 6 5 7 9 8 10 12 11 13 16 14 15 17 18 21 20 22 23 27 26 29 30 32 31 34 36 39 41 42 46 47 50 51 54 56 58 59 63 62 65 66 72 70 76 75 77 79 78 81 85 84 86 89 93 94 92 96 98 
92 95 94 91 89 88 87 82 80 75 74 72 69 67 65 64 61 59 58 56 52 49 48 45 44 39 35 31 32 30 24 0 1 2 3 4 6 5 7 9 10 8 11 12 13 14 16 15 17 21 18 20 19 22 23 27 25 26 29 28 33 34 36 37 38 40 41 43 42 46 47 50 54 53 51 55 57 60 63 62 66 68 70 73 76 71 77 79 78 81 83 85 84 86 90 93 96 97 99 98 
99 97 92 95 91 89 87 83 80 79 76 73 72 67 65 62 64 61 59 58 57 56 52 50 46 47 45 42 43 41 40 39 38 36 35 32 29 26 25 23 19 20 18 17 15 14 16 12 13 11 10 9 8 7 5 6 4 3 2 1 0 21 22 24 27 28 30 31 33 34 37 48 44 49 53 51 54 55 60 63 66 68 69 70 74 71 75 77 78 81 82 84 85 86 88 90 93 94 96 98 
99 96 92 94 88 87 82 75 71 76 69 67 62 64 63 60 54 48 44 42 43 40 39 38 37 34 35 29 25 27 20 18 14 13 10 8 6 5 4 3 2 1 0 7 11 9 12 15 16 17 19 21 22 23 24 28 30 32 26 31 33 36 41 45 46 47 49 50 53 51 52 55 56 57 59 58 61 65 66 68 72 70 73 74 77 78 79 80 81 83 84 85 86 90 89 91 93 95 97 98 
96 95 94 91 90 88 87 84 82 78 71 74 70 72 67 65 64 62 58 57 56 54 51 53 50 49 45 42 39 37 35 33 31 30 28 25 27 12 13 0 1 2 3 4 6 9 5 8 7 10 11 16 14 15 17 18 21 20 19 22 23 24 26 29 32 34 36 38 40 41 43 44 46 48 47 52 55 60 59 63 61 66 68 69 73 76 75 77 79 80 81 83 85 86 89 93 92 97 99 98 
99 97 92 86 82 77 76 73 70 68 67 65 64 62 58 57 56 55 52 53 46 44 43 40 38 35 29 31 27 0 1 2 3 4 6 5 7 9 8 10 11 13 12 14 16 15 17 21 18 20 19 22 23 24 25 26 28 30 32 33 34 36 37 39 41 42 45 48 47 49 50 51 54 60 59 63 61 66 69 72 74 71 75 78 79 80 81 83 84 85 87 88 90 89 91 93 94 95 96 98 
1 3 5 9 8 10 13 15 14 19 17 18 20 22 24 23 25 28 26 33 35 36 37 39 40 42 43 48 47 49 50 51 55 56 57 59 63 64 66 67 68 70 72 73 76 74 77 78 79 80 81 83 82 84 85 86 87 88 89 90 91 95 94 96 98 99 97 92 93 75 71 69 65 62 61 58 60 52 54 53 46 45 44 41 38 34 29 31 32 30 27 21 16 12 11 7 6 4 2 0 
98 92 93 84 83 79 77 71 72 69 68 67 65 64 63 61 59 58 60 55 54 51 53 49 46 48 43 41 38 37 36 34 33 31 32 28 27 25 22 17 12 9 0 3 1 2 4 6 5 8 7 10 11 13 16 15 14 18 20 21 19 23 24 26 29 30 35 39 40 42 44 45 47 50 52 56 57 62 66 70 73 74 76 75 78 80 81 82 85 86 87 88 90 89 91 94 95 96 97 99 
99 95 94 93 91 88 87 85 84 83 80 79 77 75 76 74 70 69 66 63 58 60 52 54 49 48 44 40 38 37 33 31 30 28 26 27 0 1 2 3 4 6 5 7 9 8 10 12 11 13 14 16 15 17 18 21 19 20 22 23 24 25 29 32 34 35 36 39 41 43 42 45 46 47 50 53 51 55 56 57 59 61 62 64 65 67 68 72 71 73 78 81 82 86 90 89 92 96 97 98 
98 97 94 91 89 90 86 84 82 83 79 71 76 73 70 69 65 62 58 59 56 52 51 50 46 48 45 42 43 40 39 38 36 34 33 28 29 26 27 23 21 20 18 17 15 14 16 12 13 11 10 8 9 7 5 6 4 3 2 1 0 19 22 24 25 30 32 31 35 37 41 44 47 49 53 54 55 57 60 63 61 64 67 66 68 72 74 75 77 78 80 81 85 87 88 93 95 92 96 99 
0 1 2 3 5 6 7 9 11 10 13 16 15 17 18 22 24 25 30 32 31 33 34 38 39 41 45 46 48 49 51 54 55 56 58 60 63 65 67 66 69 70 71 72 74 76 75 77 79 78 80 81 83 82 84 85 86 87 88 89 90 91 95 94 96 98 97 99 92 93 73 68 64 62 61 59 57 52 53 50 47 42 43 44 40 37 36 35 29 26 28 23 27 21 20 19 14 12 8 4 
99 97 87 82 79 77 71 76 70 72 69 66 65 62 63 61 58 59 60 56 53 49 47 44 42 43 39 37 35 34 31 32 30 29 28 26 25 24 23 22 19 20 21 18 15 16 13 11 10 8 9 7 5 4 6 3 2 1 0 12 14 17 27 33 36 38 40 41 45 48 46 50 51 54 52 55 57 64 67 68 73 74 75 78 80 81 83 84 85 86 90 88 89 91 93 94 95 92 96 98 
99 97 92 93 90 84 82 83 81 80 79 77 75 73 72 67 65 64 61 59 57 54 52 49 50 47 46 45 43 41 39 35 31 32 28 24 21 17 14 11 6 0 1 2 3 4 5 7 8 9 10 13 12 16 15 18 20 19 22 23 27 25 26 29 30 33 34 36 37 38 40 42 44 48 53 51 55 56 60 58 63 62 66 68 69 70 74 71 76 78 85 86 87 88 89 91 94 95 96 98 
98 95 93 90 82 71 76 74 67 62 64 61 58 44 46 45 42 37 36 32 28 26 25 24 23 22 19 20 21 18 17 15 16 14 11 13 9 8 7 5 6 4 3 2 1 0 10 12 27 30 29 31 33 34 35 39 38 40 43 41 48 47 49 50 51 53 55 56 52 57 59 60 63 65 66 68 69 72 70 73 75 77 78 79 80 81 83 85 84 86 87 88 89 91 94 92 96 97 99 54 
99 92 95 94 87 82 85 81 77 76 73 70 69 62 63 58 60 56 54 52 51 49 46 44 42 40 39 36 31 32 29 26 27 19 0 1 2 3 4 6 5 7 9 8 10 11 13 12 14 16 15 17 18 21 20 22 23 24 25 28 30 33 34 35 37 38 41 43 45 48 47 50 53 55 57 59 61 64 65 67 66 68 72 74 71 75 78 79 80 83 84 86 88 90 89 91 93 96 97 98 
0 2 3 6 7 11 12 16 19 17 18 22 24 23 26 32 31 29 33 34 36 38 42 45 48 50 51 54 52 55 57 58 59 63 64 65 66 67 68 69 71 72 74 76 75 77 78 79 80 81 83 82 84 85 86 87 88 89 90 91 95 94 96 98 99 97 92 93 73 70 62 61 60 56 53 49 47 46 44 43 40 41 39 37 35 28 30 25 27 21 20 14 15 13 10 8 9 5 4 1 
0 1 3 7 11 15 21 27 23 31 29 36 39 40 42 46 50 53 52 56 60 58 67 70 68 74 75 77 78 81 80 83 84 85 86 87 90 89 91 95 94 92 96 98 97 99 93 82 69 62 57 55 51 45 12 9 8 5 4 6 2 10 13 14 16 17 19 18 20 22 24 25 26 28 30 32 33 34 35 37 38 41 43 48 44 47 49 54 59 61 63 64 65 66 72 73 76 71 79 88 
84 67 65 62 56 60 51 44 2 4 6 5 7 9 8 12 11 13 16 14 15 17 21 19 22 23 25 26 29 32 33 34 37 40 41 45 46 48 49 50 53 54 55 57 58 63 59 66 69 64 68 70 72 73 71 76 74 75 77 78 79 80 81 83 82 85 86 87 88 89 90 91 96 95 92 94 93 97 98 99 61 52 47 42 43 39 38 36 35 28 31 30 27 24 20 18 10 3 1 0 
98 99 90 84 81 71 73 70 69 67 65 63 61 59 56 54 52 53 50 46 45 42 43 41 39 37 35 28 29 26 25 24 23 22 19 21 17 15 16 12 13 11 10 9 8 7 5 6 4 3 2 1 0 14 18 20 27 30 32 31 33 34 36 38 44 40 48 47 49 51 55 57 60 58 62 64 66 68 72 74 76 75 77 78 79 80 83 82 85 86 87 88 89 91 93 94 95 92 96 97 
93 87 71 77 76 70 73 67 65 62 64 58 60 56 55 53 47 48 46 45 43 39 37 35 33 28 29 25 24 23 22 20 19 18 17 15 14 16 12 13 11 10 8 9 7 5 6 4 3 2 1 0 21 27 26 30 31 38 32 34 36 40 41 42 49 50 51 54 52 57 59 63 61 66 69 68 72 74 75 78 79 80 81 83 82 84 85 86 88 90 89 91 94 95 92 96 97 98 99 44 
98 96 92 95 94 88 90 81 78 71 73 68 67 64 59 56 54 52 50 49 46 47 44 42 38 37 36 33 31 30 26 24 21 17 10 11 9 0 1 2 3 4 5 6 8 7 13 12 16 15 14 18 20 19 22 27 23 25 29 28 32 34 35 39 40 41 43 45 48 53 51 55 57 60 58 62 61 63 65 66 69 72 70 74 76 75 77 79 80 83 82 84 85 86 87 89 91 93 97 99 
99 96 92 93 84 85 81 80 79 77 71 76 70 69 66 65 62 61 58 60 56 54 52 49 47 44 42 41 40 38 36 34 31 29 26 25 24 23 22 19 20 21 18 14 15 16 13 12 11 10 8 9 7 5 6 4 3 2 1 0 17 27 28 30 32 33 35 37 39 43 45 48 46 50 53 51 55 57 59 63 64 67 68 72 73 74 75 78 83 82 86 87 88 90 89 91 94 95 97 98 
98 99 97 96 91 89 88 87 85 81 80 79 77 71 74 73 67 63 60 52 50 47 46 43 40 41 39 35 36 33 31 27 0 1 2 3 4 6 5 7 9 8 10 11 13 12 16 14 15 17 18 21 20 22 19 23 24 25 26 28 30 29 32 34 37 38 42 45 44 48 49 53 51 54 55 56 57 59 58 61 62 65 64 66 68 69 72 70 76 75 78 83 82 84 86 90 93 94 95 92 
98 96 92 95 94 93 90 85 83 79 77 76 74 73 72 69 68 66 65 62 59 56 54 51 46 45 43 40 39 35 30 28 27 24 0 1 2 3 4 6 5 7 9 8 10 11 12 13 14 16 15 17 21 18 20 19 22 23 25 26 29 32 31 33 34 36 37 38 41 42 44 48 47 49 50 53 52 55 57 60 58 61 63 64 67 70 71 75 78 80 81 82 84 86 87 88 89 91 97 99 
88 84 82 79 75 71 77 76 74 67 62 65 58 56 52 50 43 42 34 22 17 15 10 0 1 2 3 6 4 9 8 11 13 12 16 18 20 19 23 24 31 32 33 36 35 38 41 40 45 44 46 51 57 60 64 70 93 99 92 97 95 96 98 94 89 91 87 90 85 86 83 81 80 78 72 73 68 69 66 61 63 59 54 55 53 49 47 48 39 37 29 26 28 25 30 27 21 14 7 5 
1 3 5 6 9 8 11 10 12 15 16 18 20 22 27 23 28 30 32 33 36 38 40 44 47 49 51 53 55 56 57 58 59 61 63 62 65 64 66 67 69 68 70 71 72 73 74 76 75 77 78 79 80 81 82 84 85 86 87 88 89 90 91 95 92 94 96 98 97 99 93 83 60 54 52 50 46 48 45 42 43 41 39 37 34 35 29 31 26 25 24 21 17 19 14 13 7 4 2 0 
1 3 4 7 11 12 15 14 18 20 22 21 24 27 25 30 26 35 36 37 38 39 41 42 48 49 51 56 58 65 64 67 68 72 73 74 76 75 77 78 79 80 81 83 82 85 84 87 86 90 88 89 91 95 94 93 96 97 98 99 92 71 70 69 66 62 61 63 59 60 57 52 55 54 53 50 47 46 45 43 44 40 34 33 29 31 32 28 23 17 19 16 13 10 9 8 6 5 2 0 
2 3 6 5 7 9 8 10 11 13 12 16 14 19 18 20 22 24 27 32 30 31 33 34 36 37 38 40 41 46 45 44 50 54 55 56 57 58 63 64 65 66 67 69 70 71 72 73 76 75 77 78 79 80 81 83 82 84 85 86 87 88 89 90 91 95 94 96 97 92 98 99 93 68 74 62 61 59 60 52 51 53 49 47 48 42 43 39 35 28 29 26 25 23 21 17 15 4 1 0 
98 91 71 55 0 2 4 5 9 10 12 13 16 15 17 18 22 21 23 24 27 25 31 28 33 34 37 39 41 42 45 44 48 50 53 52 56 58 59 61 63 65 64 66 67 68 69 70 73 72 74 76 75 77 78 79 80 81 83 82 84 85 86 87 88 89 90 95 92 94 96 97 99 93 62 60 57 51 54 49 47 46 43 38 40 35 36 32 29 26 30 20 19 14 11 8 7 6 3 1 
98 99 97 95 90 87 83 81 75 74 70 72 69 67 61 59 58 57 56 55 54 52 53 49 46 44 42 39 37 36 35 33 31 30 26 25 27 23 22 20 21 18 17 15 16 14 12 11 13 10 8 7 5 6 4 3 2 1 0 9 19 24 28 32 29 34 38 41 40 43 45 48 47 50 51 60 63 62 65 64 66 68 73 71 76 77 79 78 80 82 84 85 86 88 89 91 93 94 92 96 
98 99 97 92 93 85 81 80 78 77 75 72 73 69 68 66 64 61 63 58 60 56 52 53 50 47 44 45 42 41 40 37 35 34 28 29 26 25 23 19 20 11 13 8 6 4 3 2 1 0 5 7 9 10 12 16 14 15 17 18 21 22 24 27 30 32 31 33 36 38 39 43 48 46 49 51 54 55 57 59 62 65 67 70 74 76 71 79 83 82 84 87 86 88 90 89 91 94 95 96 
99 97 95 93 91 89 90 86 84 82 78 75 71 73 70 72 68 67 65 64 60 55 52 53 47 46 48 43 40 41 38 36 33 30 32 27 24 0 1 2 3 4 6 5 7 9 8 10 11 13 12 14 16 15 17 18 21 20 19 22 23 25 26 29 28 31 34 35 37 39 42 45 44 49 50 51 54 56 57 58 59 63 61 62 66 69 74 76 77 79 80 81 83 85 87 88 94 92 96 98 
1 3 7 9 10 12 13 16 15 19 17 18 22 24 23 25 30 29 32 31 34 36 38 39 41 42 48 46 49 51 55 59 60 63 64 65 67 68 70 72 73 74 76 75 77 78 79 80 81 83 82 84 85 86 87 88 89 90 91 95 94 96 97 92 93 98 99 71 69 66 62 61 58 57 56 52 54 53 50 47 45 44 43 40 37 35 33 26 28 27 21 20 14 11 8 6 5 4 2 0 
98 99 84 82 81 80 77 71 76 70 69 66 62 63 61 59 58 56 52 51 53 46 45 43 40 39 35 33 31 32 30 29 25 24 23 22 19 20 21 18 17 15 16 14 13 12 11 10 8 9 7 5 6 4 2 3 1 0 27 28 26 34 36 37 38 41 42 44 48 47 49 50 54 55 57 60 65 64 67 68 73 72 74 75 78 79 83 85 86 87 88 90 89 91 93 94 95 92 96 97 
98 96 92 95 93 84 83 80 79 75 71 76 70 73 69 66 62 64 57 56 54 52 53 47 46 42 43 41 40 39 37 36 34 32 30 28 25 24 23 19 20 21 18 17 15 16 14 13 12 11 8 10 9 7 0 1 2 3 4 5 6 22 27 26 29 31 33 35 38 44 45 48 49 50 51 55 60 58 59 63 61 65 67 68 72 74 77 78 81 82 85 86 87 88 90 89 91 94 97 99 
99 97 92 93 88 84 78 71 74 70 72 67 65 64 62 58 60 55 54 51 50 47 48 43 42 40 38 37 35 33 32 26 28 27 24 23 22 19 21 17 15 16 13 14 11 12 10 9 8 7 5 6 4 3 2 1 0 18 20 25 30 29 31 34 36 39 41 44 45 46 49 53 52 56 57 59 63 61 66 68 69 73 76 75 77 79 80 81 83 85 82 86 87 90 89 91 94 95 96 98 
99 97 92 94 86 85 84 83 81 78 79 75 76 73 72 67 65 64 63 61 60 55 54 53 47 46 43 41 38 37 35 34 33 31 32 30 28 25 24 23 19 20 21 18 17 15 16 14 12 10 7 8 0 2 3 1 4 5 6 9 13 11 22 27 26 29 36 39 40 42 45 44 48 49 50 51 52 56 57 59 58 62 66 68 69 70 74 71 77 80 82 87 88 90 89 93 91 95 96 98 
98 99 84 80 78 79 71 74 70 69 67 65 64 63 58 56 54 52 53 50 47 48 43 40 35 32 23 22 16 0 1 2 4 3 5 6 7 9 8 10 11 13 12 14 15 17 18 21 20 19 24 27 25 28 26 30 29 31 33 34 36 37 38 39 41 42 45 44 46 49 51 55 57 59 60 61 62 66 68 72 73 76 75 77 81 83 82 85 86 87 88 90 89 91 93 94 95 92 96 97 
98 96 95 94 91 93 85 83 79 71 73 70 69 65 64 62 60 56 54 51 50 47 46 44 45 40 38 37 36 35 28 26 27 22 0 1 2 3 4 6 5 7 9 8 10 11 13 12 14 16 15 17 18 20 21 19 23 24 25 30 29 32 31 33 34 39 41 43 42 48 49 53 52 55 57 58 59 61 63 67 66 68 72 74 76 75 77 78 80 81 82 84 86 87 88 90 89 92 97 99 
98 96 92 95 94 93 90 87 86 82 80 77 71 73 68 67 64 62 61 58 57 56 52 49 47 43 41 38 39 36 33 31 32 28 26 27 22 19 0 1 2 3 4 6 5 7 8 9 10 11 13 12 16 14 15 17 18 20 21 23 24 25 30 29 34 35 42 37 40 45 44 46 48 50 53 51 54 55 60 59 63 65 66 69 72 70 74 76 75 79 78 81 83 84 85 88 89 91 97 99 

Rank matrix
14 1 0 0 1 0 0 1 2 0 0 0 0 0 0 0 0 0 0 0 0 0 1 1 0 0 0 0 0 2 0 3 3 1 4 0 3 4 2 4 1 2 2 0 1 1 0 1 2 1 1 2 4 3 3 2 1 3 5 1 2 2 2 0 0 0 0 0 0 0 0 0 0 0 0 0 0 0 0 0 0 0 0 0 0 0 0 0 0 0 0 0 0 0 0 0 0 0 0 11 
7 4 0 0 0 0 0 0 1 2 0 0 0 0 0 0 0 0 0 0 0 0 1 1 2 0 0 0 0 0 2 0 3 3 1 4 0 2 5 2 4 2 2 0 2 1 2 1 1 1 3 4 0 2 2 3 3 5 1 2 4 2 0 0 1 0 0 0 0 0 0 0 0 0 0 0 0 0 0 0 0 0 0 0 0 0 0 0 0 0 0 0 0 0 0 0 0 0 2 10 
1 6 3 0 0 1 0 0 1 1 2 0 0 0 0 0 0 0 0 0 0 0 0 0 1 2 0 0 0 0 0 2 0 3 3 1 4 1 2 5 3 3 1 3 0 2 2 2 1 3 4 0 3 2 2 2 8 1 2 2 3 1 0 0 0 1 1 0 0 0 0 0 0 0 0 0 0 0 0 0 0 0 0 0 0 0 0 0 0 0 0 0 0 0 0 0 0 0 9 0 
0 7 5 2 0 0 0 0 0 0 0 2 0 0 0 0 0 0 0 0 0 0 0 0 0 1 2 0 0 0 0 0 1 1 3 3 1 4 1 3 4 3 3 3 3 2 1 2 3 3 0 2 2 2 2 8 1 3 3 2 0 0 1 0 0 0 1 1 0 0 0 0 0 0 0 0 0 0 0 0 0 0 0 0 0 0 0 0 0 0 0 0 0 0 0 0 0 4 4 1 
0 1 5 2 1 0 1 0 0 1 1 1 1 0 0 0 0 0 0 0 0 0 0 0 0 0 1 0 1 0 0 0 1 1 0 3 3 1 5 0 3 5 4 3 3 3 2 3 4 1 2 2 1 3 5 1 3 4 4 0 0 0 0 2 0 0 0 0 0 0 0 0 0 0 0 0 0 0 0 0 0 0 0 0 0 0 0 0 0 0 0 0 0 0 0 0 2 6 3 1 
0 1 4 6 2 1 0 1 0 0 0 1 1 2 0 0 0 0 0 0 0 0 0 0 0 1 0 0 2 0 0 0 0 0 1 1 0 4 3 2 4 0 5 6 2 6 7 1 2 4 2 3 5 1 2 2 2 2 1 2 0 1 0 0 1 0 0 0 0 0 0 0 0 0 0 0 0 0 0 0 0 0 0 0 0 0 0 0 0 0 0 0 0 0 0 0 1 3 1 1 
0 0 2 3 5 1 0 0 0 0 1 0 1 1 1 0 0 0 0 0 0 0 0 1 0 0 0 3 0 0 0 0 0 0 1 1 4 3 1 4 2 4 5 4 5 1 3 4 2 1 2 2 3 5 4 2 2 2 1 1 1 0 0 0 0 1 0 1 0 0 0 0 0 0 0 0 0 0 0 0 0 0 0 0 0 0 0 0 0 0 0 0 0 0 0 1 4 2 1 1 
0 1 1 4 3 4 2 0 0 0 0 0 1 0 2 0 0 0 0 0 0 0 0 0 1 0 0 0 0 2 0 0 0 0 0 0 2 0 3 4 3 4 2 4 5 7 2 4 5 1 5 6 2 3 2 2 0 0 0 0 0 1 1 0 0 0 1 0 1 0 0 0 0 0 0 0 0 0 0 0 0 0 0 0 0 0 0 0 0 0 0 0 0 0 0 2 3 1 1 2 
0 0 1 0 2 4 2 2 1 0 0 0 0 0 1 0 3 0 0 0 0 0 0 0 0 0 1 0 0 0 1 2 0 0 0 1 0 1 3 1 2 5 3 5 6 4 8 5 4 7 5 3 3 2 0 0 1 0 0 0 1 0 0 0 0 0 0 1 0 0 1 0 0 0 0 0 0 0 0 0 0 0 0 0 0 0 0 0 0 0 0 0 0 0 2 3 2 0 1 0 
0 1 0 3 2 3 3 2 1 0 0 0 0 1 0 3 0 0 0 0 0 0 0 0 0 0 0 1 0 1 2 0 0 0 0 0 2 2 1 3 4 4 4 5 3 7 3 4 3 4 5 3 3 3 3 1 0 0 0 3 0 0 0 0 0 0 0 0 1 0 0 1 0 0 0 0 0 0 0 0 0 0 0 0 0 0 0 0 0 0 0 0 0 0 1 1 1 2 0 0 
0 0 0 0 2 2 0 5 2 4 0 0 0 0 0 0 0 2 0 0 0 0 1 0 0 0 0 0 0 1 0 0 2 0 2 0 0 0 1 3 2 5 6 3 5 2 5 6 8 6 3 5 5 1 0 1 0 0 1 1 0 1 0 0 0 0 0 0 0 0 0 0 0 0 0 0 0 0 0 0 0 0 0 0 0 0 0 0 0 0 0 0 0 1 2 2 1 0 1 0 
0 0 1 0 3 2 5 1 3 1 1 0 0 0 0 0 1 1 1 0 0 0 0 0 0 0 0 0 1 0 0 1 0 2 1 1 0 1 1 1 4 5 3 6 5 4 4 6 3 8 6 3 4 1 0 0 0 0 0 0 1 1 0 0 0 0 0 0 0 2 0 0 0 0 0 0 0 0 0 0 0 0 0 0 0 0 0 0 0 0 0 0 0 1 2 0 1 0 1 0 
0 0 0 0 1 2 2 2 1 1 3 1 0 0 0 1 0 1 2 1 0 0 0 0 0 0 0 0 0 0 1 0 0 1 1 0 1 2 2 2 1 2 2 2 4 6 4 11 4 5 5 4 2 0 5 0 3 0 1 2 0 0 0 0 0 0 0 0 0 0 0 0 0 0 0 0 1 0 0 0 0 0 0 0 0 0 0 0 0 0 0 0 0 1 1 2 1 3 0 0 
0 0 0 1 0 0 3 1 2 1 2 2 0 0 0 0 0 1 0 2 1 1 0 0 0 0 0 0 0 0 0 0 1 1 1 2 1 1 1 3 3 2 6 4 5 4 8 2 8 5 4 3 0 4 0 0 0 0 0 0 1 0 1 1 0 0 0 0 1 0 1 0 1 0 0 0 0 0 0 0 0 0 0 0 0 0 0 0 0 0 0 0 1 2 2 2 0 0 1 0 
0 0 0 0 0 0 0 1 1 3 1 0 1 0 2 0 0 0 1 1 2 0 0 1 0 0 0 0 0 0 0 0 2 1 1 2 4 2 2 1 2 2 1 6 4 6 4 4 5 0 3 2 5 4 1 1 3 0 0 0 1 1 0 1 0 1 0 0 0 0 1 0 1 0 0 1 0 0 0 0 0 0 0 0 0 0 0 0 0 0 0 2 3 2 1 1 1 1 0 0 
0 0 0 0 0 1 1 1 2 2 0 0 1 3 0 0 0 0 0 0 2 2 2 1 0 0 0 0 0 0 0 1 0 2 0 1 2 3 3 3 2 4 2 2 6 5 2 4 2 3 3 1 3 4 4 3 1 2 0 0 0 0 0 1 0 0 0 0 0 1 0 0 0 2 0 0 0 0 0 0 0 0 0 0 0 0 0 0 0 0 0 0 1 5 0 1 2 0 1 0 
0 0 0 0 0 0 0 3 3 0 1 3 3 0 0 0 0 0 1 1 0 2 0 0 0 0 0 0 1 0 0 0 1 0 1 2 0 2 4 2 3 1 4 2 3 4 8 4 4 3 1 5 3 4 3 3 0 1 0 1 0 0 1 0 2 0 0 0 0 0 0 1 0 0 1 0 0 0 0 0 0 0 0 0 0 0 0 0 0 0 0 1 2 0 3 0 0 2 0 0 
0 0 0 0 0 0 0 0 1 1 4 2 0 1 1 2 0 0 0 0 1 1 0 1 1 0 0 0 0 0 2 1 2 1 2 2 2 3 2 4 5 2 2 3 4 2 1 1 2 4 1 3 2 2 5 4 2 2 1 0 1 1 0 0 1 2 0 0 0 0 0 0 0 0 1 0 0 0 0 0 0 0 0 0 0 0 0 0 0 1 1 1 2 1 0 1 2 0 0 0 
0 0 1 0 0 0 0 0 1 1 1 6 1 0 2 1 1 0 0 0 0 0 1 0 1 0 1 0 0 1 0 1 1 2 1 2 1 4 1 3 2 3 5 4 1 0 1 1 2 1 5 3 2 3 4 7 4 4 2 1 0 0 0 0 0 0 1 1 0 0 0 1 0 0 0 0 0 1 0 0 0 0 0 0 0 0 0 0 0 1 1 0 2 0 0 1 1 0 0 0 
0 1 0 1 0 0 0 0 1 3 2 0 0 1 0 0 1 0 0 0 0 0 1 1 0 1 1 1 0 0 0 2 4 2 3 1 5 3 1 4 6 1 1 0 0 0 1 0 1 1 2 1 3 2 1 2 4 5 5 4 3 1 0 0 1 1 1 0 0 0 0 0 0 0 0 0 0 0 0 0 0 0 0 0 0 0 0 0 0 0 2 1 3 2 1 2 0 2 0 0 
0 0 0 0 1 0 0 0 0 2 2 0 6 0 0 1 1 1 0 0 0 0 0 0 0 1 0 1 1 0 1 3 0 1 1 1 3 6 3 4 3 7 0 2 0 0 0 0 1 1 1 3 5 2 2 4 4 6 3 1 1 0 0 0 0 0 1 0 2 0 0 0 0 0 0 0 1 0 0 1 0 0 0 0 0 0 0 0 0 0 1 3 1 0 2 2 0 0 0 0 
0 0 0 0 0 0 1 0 0 0 1 2 0 0 0 0 0 1 1 0 0 0 1 0 1 1 0 0 1 0 1 1 1 1 1 5 5 2 6 3 4 2 5 1 0 0 0 2 0 3 2 4 3 1 3 3 4 1 2 1 2 1 0 0 0 0 0 2 0 0 0 0 0 0 0 1 0 0 1 0 0 0 0 0 0 0 0 0 0 2 4 5 0 1 1 0 3 0 0 0 
0 0 0 1 0 2 1 0 0 0 1 2 2 5 0 1 2 1 1 1 0 0 0 1 1 1 1 1 0 1 1 2 1 5 2 5 5 2 4 4 0 0 0 0 1 1 0 0 0 0 0 1 2 8 1 1 1 3 5 3 1 4 3 1 0 0 0 0 0 1 0 0 0 0 0 0 0 0 0 0 0 0 0 0 0 0 0 0 1 1 0 2 0 0 0 1 1 0 0 0 
0 0 0 0 0 0 0 1 1 0 0 0 1 1 4 3 0 0 1 0 1 0 0 0 1 1 2 1 0 2 2 1 3 0 5 2 1 3 7 3 1 0 0 0 1 1 0 0 0 0 0 0 1 2 9 1 3 4 4 8 4 2 2 1 0 0 0 0 0 0 0 0 0 0 0 0 0 0 0 0 0 0 0 0 0 0 0 2 3 0 0 1 0 1 1 1 0 0 0 0 
0 0 0 0 1 0 1 1 0 0 0 0 3 2 1 1 1 1 0 2 0 0 0 1 0 0 0 1 2 0 6 5 1 4 3 4 4 6 2 2 1 0 0 1 0 0 1 0 0 0 1 0 0 1 3 2 2 2 2 3 5 3 2 3 0 0 0 0 0 0 1 0 1 0 0 0 0 0 0 0 0 0 0 0 0 0 0 0 2 3 2 0 0 2 1 1 0 0 0 0 
0 0 0 0 0 0 0 0 0 0 0 0 0 1 1 1 1 1 0 0 0 3 1 0 0 0 1 2 2 2 3 1 4 3 4 7 3 4 1 0 0 1 0 0 0 0 0 1 0 0 0 0 1 0 1 4 6 2 4 3 1 7 3 2 2 0 0 0 1 0 1 1 0 1 0 0 0 0 0 0 0 0 0 0 0 1 1 3 2 3 0 0 1 1 0 0 0 0 0 0 
0 0 0 0 0 0 0 0 0 0 1 0 0 1 1 2 2 1 1 0 0 1 0 0 0 0 0 1 0 5 3 7 1 4 8 3 1 2 0 0 1 0 0 1 0 0 0 0 0 1 0 0 0 0 2 3 2 5 2 3 3 2 6 4 3 1 0 0 0 0 0 0 1 0 1 0 0 0 0 0 0 0 0 0 0 2 2 1 1 2 0 3 0 1 1 1 0 0 0 0 
0 0 0 0 0 1 1 1 0 0 0 1 0 3 2 0 0 0 1 1 2 0 0 0 0 0 1 0 2 4 2 1 5 5 2 6 6 1 3 0 0 0 2 0 0 0 0 0 2 0 0 1 0 1 0 5 4 1 3 0 6 3 4 2 1 0 0 0 0 1 0 0 0 0 0 0 0 0 0 0 0 0 0 0 0 0 1 1 1 2 3 0 2 0 2 1 0 0 0 0 
0 0 0 0 0 0 0 1 0 1 0 0 0 0 2 0 3 2 0 0 1 0 2 1 0 2 0 3 1 1 1 3 4 4 6 7 2 2 0 0 0 1 0 0 0 0 0 0 0 0 1 0 0 1 1 1 3 2 2 10 3 2 5 0 2 2 0 0 0 0 0 0 0 1 0 0 0 0 0 0 0 0 0 1 2 1 1 1 1 2 2 0 2 1 0 0 0 0 0 0 
0 1 0 0 0 0 0 0 0 0 4 0 0 0 2 0 2 2 1 0 0 1 0 0 0 0 2 3 6 0 7 3 5 5 0 1 4 0 0 1 0 0 0 0 0 0 0 0 0 0 1 0 0 0 0 0 1 2 5 0 3 3 2 8 6 1 2 0 0 0 0 1 0 0 0 0 0 0 0 0 0 0 0 0 2 1 4 0 2 0 2 2 1 1 0 0 0 0 0 0 
0 0 0 0 0 0 1 0 3 0 0 0 1 1 0 2 1 2 1 0 2 0 0 2 0 0 0 1 1 5 2 1 3 5 5 1 3 0 1 0 0 0 0 0 0 0 0 0 0 1 0 0 0 0 0 2 1 4 3 4 6 5 4 3 2 4 1 0 0 0 0 0 0 0 1 0 0 0 0 0 0 0 0 0 0 1 2 1 2 1 1 1 1 2 3 0 0 0 0 0 
0 0 0 0 0 0 0 0 1 1 0 0 0 0 0 1 2 0 0 2 1 1 1 1 1 1 1 3 6 0 3 5 5 4 3 0 1 0 1 0 1 0 0 0 0 1 0 0 0 0 0 2 0 0 0 0 1 1 2 6 1 3 6 2 6 4 2 2 0 0 0 0 0 1 0 1 0 0 0 0 0 0 1 0 3 1 0 4 0 0 2 1 1 0 0 0 0 0 0 0 
0 0 0 0 0 0 0 1 0 2 0 0 0 0 1 3 1 0 4 3 0 0 0 0 2 1 1 1 3 7 2 3 4 3 4 3 0 2 1 0 0 1 0 0 1 0 0 0 0 0 0 0 1 0 0 0 0 2 5 1 4 4 4 7 3 3 2 0 0 0 0 0 1 0 0 1 0 0 0 0 0 0 0 1 0 1 1 2 1 0 0 0 2 0 0 0 0 0 0 0 
0 0 0 0 0 0 0 0 0 1 0 1 0 0 0 2 0 3 1 3 1 1 1 0 2 2 1 3 1 3 4 5 6 4 1 1 0 0 0 1 0 0 1 0 0 0 0 0 0 0 0 0 1 1 0 0 0 1 2 2 7 4 3 6 4 5 2 1 1 0 0 0 0 0 1 0 1 0 0 0 0 0 1 2 0 1 1 0 0 0 1 1 1 1 0 0 0 0 0 0 
0 0 0 0 0 0 0 0 0 0 0 0 1 1 0 0 1 0 2 2 1 0 3 1 0 3 1 1 2 3 4 7 3 3 0 0 0 0 0 1 1 0 0 0 0 0 1 0 0 0 0 0 0 2 1 0 1 0 0 3 2 9 4 4 6 7 4 1 1 2 0 0 0 0 0 0 0 1 0 0 1 0 2 1 2 2 0 0 0 2 0 0 0 0 0 0 0 0 0 0 
0 0 0 0 0 0 0 0 0 0 0 2 1 0 0 0 0 2 2 1 2 1 0 2 2 2 6 2 4 4 7 6 3 1 2 0 0 0 0 0 0 1 0 0 1 0 0 0 0 1 0 0 0 0 1 2 0 0 0 0 0 0 5 5 2 4 6 3 1 0 0 0 0 0 0 0 0 0 1 0 0 2 0 1 1 3 0 1 3 1 3 0 0 0 0 0 0 0 0 0 
0 0 0 0 0 0 0 0 0 0 0 2 0 0 1 0 1 1 3 1 3 4 0 0 2 0 1 6 3 5 5 4 3 2 0 0 0 0 0 0 0 0 1 1 0 0 0 0 0 0 0 0 1 0 0 0 1 0 0 1 2 3 5 5 4 4 7 6 1 0 0 0 0 0 0 1 0 0 0 0 0 0 1 1 0 0 3 1 1 2 0 1 0 0 0 0 0 0 0 0 
0 0 0 0 0 0 0 0 0 0 0 0 2 0 0 1 0 1 1 2 2 0 2 1 2 5 4 4 5 9 6 2 2 0 1 0 0 0 0 0 0 0 0 1 0 0 0 1 0 0 0 0 0 0 0 0 0 1 0 0 1 1 1 2 9 2 3 5 3 1 1 0 0 0 0 0 1 0 0 2 0 1 1 3 2 2 0 1 1 2 0 0 0 0 0 0 0 0 0 0 
0 0 0 0 0 0 1 0 0 0 0 0 0 2 0 0 0 1 0 2 1 4 3 2 4 0 7 8 8 8 2 2 1 0 1 0 0 0 0 0 1 0 0 0 0 1 0 0 1 0 0 0 0 1 1 0 1 1 1 0 1 0 2 1 3 8 1 5 2 3 0 0 0 0 0 0 0 0 0 0 2 2 0 1 2 0 1 0 1 0 0 0 0 0 0 0 0 0 0 0 
0 0 0 0 0 0 0 0 0 0 0 0 1 1 2 0 1 0 0 2 2 3 2 3 2 4 8 3 6 2 2 1 0 0 0 0 0 0 0 0 0 1 0 0 1 0 0 0 0 0 0 0 0 0 0 1 0 0 0 0 0 1 0 6 1 5 4 7 8 2 3 0 0 0 0 0 0 0 1 0 1 0 4 1 0 1 0 4 2 0 0 1 0 0 0 0 0 0 0 0 
0 0 0 0 0 1 0 0 0 0 0 0 0 1 0 0 0 0 1 0 0 2 4 4 4 7 3 6 7 2 3 0 0 1 0 0 2 0 0 0 0 0 0 0 0 0 0 1 0 1 0 0 1 0 0 0 0 1 0 1 0 1 2 0 2 3 7 2 8 4 2 1 0 0 0 0 1 3 0 2 1 2 1 1 2 0 1 1 0 0 0 0 0 0 0 0 0 0 0 0 
0 0 0 0 0 0 0 0 0 0 0 0 0 0 0 1 0 1 1 0 2 2 3 3 3 6 6 7 6 7 2 0 0 0 1 2 0 0 0 0 0 0 0 0 0 1 1 0 0 0 0 0 0 1 0 0 0 0 0 1 1 0 2 1 2 3 8 6 3 5 1 0 0 0 0 0 0 0 1 0 1 4 0 2 0 1 0 1 0 0 1 0 0 0 0 0 0 0 0 0 
0 0 0 0 0 0 0 0 0 0 0 0 0 0 3 0 3 1 0 2 0 2 1 4 8 7 3 5 3 2 0 1 0 0 0 0 0 1 0 0 0 0 0 0 0 0 0 1 0 0 0 1 0 0 0 0 0 0 0 0 0 1 0 1 2 3 4 4 6 6 7 4 0 0 0 1 0 1 2 2 2 2 0 1 0 2 1 0 0 0 0 0 0 0 0 0 0 0 0 0 
0 0 0 0 0 0 0 1 0 0 0 0 0 0 0 0 1 1 2 0 3 3 4 5 4 5 7 5 4 0 1 0 0 0 0 0 0 1 0 0 0 0 0 0 0 0 1 0 0 0 0 2 0 0 0 0 0 0 1 0 0 0 0 0 1 1 3 8 5 6 5 2 1 0 0 0 1 0 0 3 2 1 5 1 1 0 3 0 0 0 0 0 0 0 0 0 0 0 0 0 
0 0 0 0 1 0 1 1 0 0 0 0 0 1 0 0 0 1 1 0 2 2 4 6 3 7 10 1 1 0 0 2 1 0 0 0 0 0 0 0 0 0 0 0 0 0 0 0 0 2 2 0 0 0 0 0 0 0 0 0 0 0 0 1 1 1 0 4 5 5 9 4 4 0 0 0 0 1 3 2 3 1 1 1 3 0 0 0 1 0 0 0 0 0 0 0 0 0 0 1 
0 0 0 0 0 0 0 0 0 0 0 0 0 0 0 2 0 0 0 2 3 0 2 8 6 5 5 5 0 0 2 1 0 0 0 1 0 0 1 0 0 0 1 0 0 0 0 0 2 0 2 0 1 1 0 0 0 0 0 0 0 1 1 1 0 1 3 3 7 6 6 10 1 1 0 0 1 0 2 0 2 1 0 0 0 2 0 0 0 1 0 0 0 0 0 0 0 0 0 0 
0 0 0 0 0 0 0 0 0 0 0 0 0 0 1 2 0 0 1 2 2 4 6 4 10 9 3 3 0 1 0 0 1 1 0 0 1 0 0 2 0 0 0 1 0 0 0 0 0 1 2 0 0 0 0 0 0 0 0 0 0 0 0 1 1 1 2 1 3 5 3 5 5 3 0 0 1 3 1 4 2 1 0 0 1 0 0 0 0 0 0 0 0 0 0 0 0 0 0 0 
0 0 0 0 0 0 0 0 0 0 0 0 0 0 0 0 2 1 2 1 5 4 4 7 11 4 2 1 1 0 0 0 0 1 1 0 0 0 0 0 2 0 0 0 1 0 0 0 1 0 0 1 1 0 0 0 0 0 0 0 0 1 0 0 0 2 1 1 1 5 4 4 8 2 4 1 3 0 3 1 2 0 1 1 0 1 1 0 0 0 0 0 0 0 0 0 0 0 0 0 
0 0 0 0 0 0 0 0 0 0 0 0 0 0 0 1 1 2 0 2 0 4 6 3 9 6 6 1 1 0 0 0 1 0 0 0 0 1 1 0 0 0 0 0 0 0 0 0 0 1 1 1 0 0 0 0 0 0 0 0 1 0 0 0 2 0 1 2 4 4 6 8 9 3 1 1 0 1 1 1 0 0 1 2 1 0 2 1 0 0 0 0 0 0 0 0 0 0 0 0 
0 0 0 0 0 1 0 0 0 0 0 0 0 0 0 0 1 1 0 1 2 6 3 10 2 5 1 3 1 2 0 0 0 0 1 0 0 0 1 0 0 0 0 0 0 0 0 0 0 0 0 2 1 1 0 0 0 0 0 0 0 0 1 0 1 0 1 2 2 5 5 3 7 11 2 3 0 2 1 1 0 3 1 1 0 2 1 0 0 0 0 0 0 0 0 0 0 0 0 0 
0 0 0 1 0 0 0 0 0 0 0 0 0 0 1 1 1 2 4 1 5 3 4 3 4 3 1 1 3 0 1 0 1 1 0 1 0 0 0 1 0 1 0 0 0 1 0 0 0 0 0 0 0 0 0 0 0 0 0 0 0 0 0 1 0 1 1 1 2 1 6 6 4 11 11 4 1 1 1 1 0 0 0 0 1 1 0 0 0 0 0 0 0 0 0 0 0 0 0 0 
0 0 0 0 0 0 1 1 0 0 0 0 0 0 0 0 0 1 2 6 3 3 4 4 1 1 3 0 0 2 2 1 0 0 0 1 1 0 0 0 0 1 0 0 0 0 0 0 0 1 0 1 1 1 1 0 0 0 0 0 0 0 0 0 1 0 1 0 1 3 3 4 5 7 6 13 5 3 0 0 3 1 0 1 0 0 0 0 0 0 0 0 0 0 0 0 0 0 0 0 
0 0 0 0 1 0 0 0 0 0 0 0 1 1 1 2 2 4 7 5 7 8 11 2 0 1 1 0 1 2 1 2 0 0 0 1 0 0 2 0 0 0 0 0 0 0 0 0 0 0 1 0 0 0 1 0 0 0 0 0 0 0 0 0 0 0 0 0 2 1 1 1 3 3 6 3 5 4 2 1 1 1 1 0 0 0 0 0 0 0 0 0 0 0 0 0 0 0 0 0 
0 0 0 0 0 0 0 0 0 0 0 0 0 1 0 1 1 3 4 6 4 7 6 7 3 0 0 2 2 2 0 0 0 0 1 0 1 0 0 0 1 0 1 0 0 0 0 0 0 0 0 0 0 0 0 1 0 0 0 0 0 0 0 0 0 1 0 1 1 1 0 6 3 4 11 5 2 2 1 1 1 2 1 0 2 0 0 0 1 0 0 0 0 0 0 0 0 0 0 0 
1 0 0 0 0 0 0 0 0 0 0 0 0 0 1 1 4 1 4 3 6 6 5 2 1 0 0 2 0 1 0 1 0 1 0 0 0 1 0 0 0 1 0 0 0 0 1 0 0 0 0 0 0 0 0 1 0 0 0 0 0 0 0 0 0 0 0 1 0 1 2 2 8 6 7 5 11 3 2 0 0 0 3 2 1 0 0 1 0 0 0 0 0 0 0 0 0 0 0 1 
0 0 0 2 0 0 0 0 0 0 0 0 0 0 2 1 1 5 3 6 2 6 4 2 0 0 0 0 2 1 4 0 3 0 1 0 0 1 0 0 0 0 1 0 0 0 0 0 1 0 0 1 1 0 0 0 2 0 0 0 0 0 0 0 0 0 1 0 0 0 2 5 4 5 2 11 8 6 0 1 0 1 0 2 0 0 0 0 0 0 0 0 0 0 0 0 0 0 0 0 
0 0 0 0 1 0 0 0 0 0 0 0 1 3 1 3 2 5 3 5 6 7 2 0 1 0 1 1 1 1 0 2 0 2 0 1 1 0 0 2 0 0 1 1 0 0 0 0 0 0 0 0 0 0 0 0 0 1 0 0 0 0 0 0 0 0 0 1 0 0 2 2 1 7 5 5 6 11 3 0 0 0 1 1 0 0 0 0 0 0 0 0 0 0 0 0 0 0 0 0 
0 0 0 0 0 0 0 0 0 0 0 1 0 0 0 2 1 6 1 3 10 2 0 0 0 1 0 1 0 0 2 1 3 1 1 0 1 0 0 0 2 0 0 2 1 0 0 0 0 0 1 0 1 1 0 0 0 0 1 0 0 0 0 0 0 0 0 0 0 3 1 3 5 3 9 0 10 7 8 2 0 0 0 1 2 0 0 0 0 0 0 0 0 0 0 0 0 0 0 0 
0 0 0 0 0 0 0 0 0 0 1 1 3 3 3 5 5 2 9 7 4 1 0 1 0 0 0 1 1 0 2 2 0 2 1 1 0 2 0 0 0 2 0 0 1 0 0 0 0 0 0 0 0 0 0 0 0 0 0 0 0 1 0 0 0 0 0 0 0 1 0 0 2 3 2 7 2 3 5 7 3 1 0 1 0 2 0 0 0 0 0 0 0 0 0 0 0 0 0 0 
0 0 0 0 0 0 0 0 0 1 0 1 1 1 3 6 3 4 5 5 1 0 0 0 0 0 1 0 1 2 0 1 2 2 1 1 1 0 1 0 0 0 2 0 0 0 1 0 0 0 0 0 0 0 0 0 0 0 0 1 0 0 0 0 0 0 0 0 1 0 2 1 0 4 3 5 4 4 8 8 7 1 0 0 1 0 2 0 1 0 0 0 0 0 0 0 0 0 0 0 
0 0 0 0 0 1 0 0 0 0 0 1 1 0 3 2 9 0 6 6 8 2 2 0 0 0 0 0 0 1 0 0 2 0 1 1 0 0 0 0 0 0 0 1 0 0 0 1 0 0 0 0 0 1 1 0 0 0 0 0 1 0 0 0 0 0 0 0 1 1 2 1 4 2 5 7 2 5 11 3 1 1 2 0 0 0 0 1 0 0 0 0 0 0 0 0 0 0 0 0 
0 0 0 0 0 0 1 0 0 1 0 2 2 2 4 5 3 8 8 3 0 0 0 0 1 1 0 1 1 0 1 0 1 1 2 1 0 1 0 1 0 0 0 1 2 0 0 0 0 0 0 0 0 0 0 1 0 0 0 0 0 0 1 0 0 0 1 0 0 1 0 2 2 0 2 3 9 3 1 7 6 2 2 0 0 0 1 1 0 1 0 0 0 0 0 0 0 0 0 0 
0 0 0 1 0 0 0 0 0 3 2 0 5 7 1 5 3 7 2 3 0 0 0 0 0 0 0 0 0 1 0 0 0 0 0 1 1 0 0 0 0 0 0 0 1 2 0 0 0 1 0 0 0 0 0 0 0 1 0 0 0 0 0 0 0 2 0 2 1 1 2 2 0 4 3 3 4 6 1 2 8 6 2 1 0 1 0 1 0 1 0 0 0 0 0 0 0 0 0 0 
0 0 0 0 0 0 0 0 1 0 2 1 0 3 8 1 1 5 4 3 0 0 0 1 1 0 0 0 0 0 1 3 0 2 2 1 2 0 1 1 1 0 0 0 0 2 1 0 0 1 0 0 0 0 0 0 0 0 0 0 0 0 0 1 0 0 0 1 0 0 0 1 3 1 2 5 4 3 4 10 8 5 1 0 0 0 0 0 1 0 1 0 0 0 0 0 0 0 0 0 
0 0 0 0 0 0 0 1 1 0 3 2 3 7 4 3 10 8 2 1 0 0 1 0 0 0 0 0 2 0 1 1 0 0 2 0 0 4 1 1 1 0 1 0 0 0 0 1 1 1 0 0 0 0 1 0 1 0 0 0 0 0 0 0 0 0 1 2 1 0 1 0 1 1 0 1 0 6 4 2 2 6 3 2 0 0 0 0 1 0 0 1 0 0 0 0 0 0 0 0 
0 0 2 0 0 0 1 1 1 0 1 3 8 2 4 4 6 1 2 0 0 1 0 0 0 1 1 0 0 1 1 0 2 0 0 3 1 2 1 0 1 1 0 0 0 0 1 1 0 0 0 0 0 0 0 0 0 1 0 0 0 0 0 0 1 0 0 1 1 1 0 1 1 1 2 1 3 4 4 3 2 8 7 2 1 0 0 0 0 0 0 0 1 0 0 0 0 0 0 0 
0 0 0 0 0 2 0 1 1 0 2 4 1 2 4 6 5 1 1 0 0 0 0 0 0 0 0 1 0 0 0 1 0 1 2 1 3 0 2 1 0 2 0 1 0 0 0 1 1 1 0 0 0 0 0 0 0 0 0 0 0 0 0 0 1 1 1 0 0 1 0 0 2 1 1 1 1 4 6 5 8 3 6 4 3 0 0 0 0 1 1 0 0 1 0 0 0 0 0 0 
0 1 0 0 0 0 1 1 2 4 3 7 3 6 4 6 5 3 0 0 0 0 1 0 0 0 1 0 0 1 0 1 1 2 1 0 1 1 2 3 0 0 2 0 1 0 1 0 0 1 1 0 0 0 0 0 0 0 0 0 0 0 0 0 1 0 0 0 2 0 1 1 0 0 0 0 1 0 6 3 1 3 5 5 2 2 0 0 0 0 0 0 0 0 0 0 0 0 0 0 
0 0 0 0 0 1 1 0 0 1 2 3 4 3 6 4 4 0 0 0 0 0 0 1 1 0 0 0 0 0 1 0 1 0 0 2 0 1 2 0 2 1 0 1 0 1 0 0 0 0 2 1 0 0 0 0 0 0 0 0 0 0 0 1 0 0 1 1 1 1 0 1 0 2 0 3 3 1 3 8 3 6 4 5 8 0 1 0 0 0 1 0 0 0 0 0 0 0 0 0 
0 0 0 0 1 0 0 0 2 2 5 4 6 5 3 6 0 1 0 0 0 0 0 0 0 0 0 0 0 0 0 0 0 0 0 0 2 0 0 2 2 0 0 1 1 0 1 0 2 0 0 1 1 0 0 0 0 0 1 0 0 0 1 1 0 1 1 0 1 0 3 2 1 0 2 0 1 2 2 3 5 3 3 6 5 5 1 0 0 0 0 2 0 0 0 0 0 0 0 0 
0 0 1 0 0 2 0 1 3 6 4 4 4 3 5 0 1 0 0 0 0 0 0 1 0 0 0 0 0 0 0 0 0 0 0 0 0 1 1 0 1 2 1 0 1 1 0 2 0 0 0 1 0 1 0 1 0 0 0 0 0 1 1 0 1 1 1 0 0 3 1 1 0 1 0 0 0 0 3 1 5 3 5 5 2 9 3 2 1 0 0 0 0 2 0 0 0 0 0 0 
0 0 3 2 0 3 3 8 6 5 5 3 6 3 0 0 0 0 0 0 0 0 0 0 0 0 0 0 0 0 0 0 0 1 0 1 0 1 1 0 1 0 1 1 0 1 0 0 0 0 0 0 0 1 2 0 0 0 0 0 1 1 0 1 0 0 0 2 1 1 2 0 0 0 2 0 0 0 0 0 2 2 1 2 2 4 6 5 1 2 0 1 0 0 2 0 0 1 0 0 
0 0 0 2 1 0 0 1 2 3 5 6 4 3 7 2 0 0 0 0 0 0 0 0 0 0 0 0 0 0 0 0 0 1 1 0 0 0 1 3 0 2 1 1 1 0 1 1 0 1 0 0 2 0 0 1 0 0 0 2 0 0 0 1 1 0 0 0 0 1 0 0 2 0 1 0 1 2 1 2 3 6 3 4 6 4 2 2 0 0 0 0 2 0 1 0 0 0 0 0 
0 0 0 0 2 0 2 1 2 5 4 4 4 10 1 2 0 0 0 0 0 0 0 0 1 0 0 1 0 0 0 1 0 0 1 1 0 0 0 1 3 1 0 1 0 1 1 1 1 0 0 0 0 1 1 0 1 0 1 0 0 0 2 0 0 0 0 0 3 0 1 1 0 1 0 1 0 0 0 3 4 4 7 4 3 3 4 1 0 1 0 0 0 0 0 1 0 0 0 0 
0 0 0 0 0 0 1 4 5 2 4 3 5 2 2 1 0 0 0 0 0 0 0 0 0 1 1 0 1 0 0 0 0 0 0 1 0 0 0 0 1 3 2 0 1 1 1 0 1 0 1 0 0 0 0 0 2 2 0 0 1 2 0 0 0 0 0 2 0 1 0 1 0 0 1 1 0 1 0 1 1 5 6 6 6 4 7 3 2 1 0 0 0 0 0 0 0 0 0 0 
0 0 0 0 1 0 0 1 2 3 6 5 2 2 0 0 0 0 0 0 0 0 0 0 0 0 1 1 0 0 0 0 1 0 0 0 1 2 0 0 0 0 1 4 2 0 1 0 1 1 1 0 1 0 0 1 0 2 0 2 0 0 1 0 0 1 0 1 0 2 0 0 0 0 0 0 0 1 1 0 2 1 6 9 7 4 5 5 4 3 1 0 0 0 0 1 0 0 0 0 
0 1 0 0 1 0 2 3 4 3 1 5 2 1 2 0 0 0 0 0 0 0 0 0 0 1 0 0 0 1 0 0 0 0 0 0 2 0 0 0 0 1 4 2 1 1 0 1 1 1 0 1 0 0 0 2 1 0 1 0 2 1 0 0 0 0 1 0 1 0 1 0 0 0 0 0 1 0 0 0 1 4 5 5 6 7 6 6 5 0 1 0 0 0 0 0 1 0 0 0 
0 0 0 1 0 3 5 1 2 5 2 4 4 1 0 0 0 0 0 0 0 0 0 0 0 0 0 1 0 0 1 0 0 0 0 0 0 0 1 0 0 0 0 1 4 2 1 1 1 1 1 1 0 1 1 0 0 0 3 1 1 0 0 0 1 0 1 0 1 0 0 0 0 0 0 0 0 0 1 1 0 1 2 3 6 8 5 6 8 2 1 0 1 0 0 1 0 0 0 0 
0 1 0 0 1 0 3 1 2 4 4 2 1 0 0 0 0 0 0 0 0 0 0 0 0 0 0 0 2 0 0 0 0 1 0 0 0 0 1 1 0 0 0 0 1 4 1 1 0 1 1 1 0 2 1 0 0 1 1 2 0 1 1 0 1 1 0 1 0 0 0 0 0 1 0 0 0 0 1 2 0 0 1 4 6 4 6 9 7 6 4 2 0 0 0 0 1 0 0 0 
0 0 0 1 1 3 0 1 5 4 6 3 1 0 0 0 0 0 0 0 0 0 0 0 0 0 0 0 0 0 0 1 0 0 0 0 1 0 0 1 1 0 0 0 0 1 5 1 2 0 0 1 3 0 0 1 0 1 0 0 2 0 1 2 1 0 0 1 0 0 0 0 0 0 0 0 0 1 0 0 2 0 0 1 3 7 8 9 4 6 4 1 0 1 0 0 1 0 1 0 
0 0 2 1 1 3 2 5 5 5 5 2 0 0 0 0 0 0 0 0 0 0 0 0 0 0 0 0 0 0 1 0 1 0 1 0 0 0 0 0 0 1 0 0 0 0 1 4 2 1 1 1 1 1 1 0 3 0 0 0 0 3 0 1 1 0 1 0 0 0 0 0 1 0 0 1 0 0 0 0 0 1 0 0 2 4 3 5 11 6 5 2 1 0 0 0 0 1 0 0 
0 0 0 0 2 1 3 7 6 4 4 1 0 0 0 0 0 0 0 0 0 0 0 0 0 0 0 0 0 1 0 0 0 1 0 0 0 0 0 0 0 0 1 0 0 0 0 4 4 1 2 1 0 1 1 3 0 1 0 0 1 0 3 1 0 2 0 0 0 0 0 1 0 0 0 0 1 0 0 0 0 1 1 0 1 3 6 3 7 8 5 6 0 0 0 0 0 0 1 0 
1 1 2 2 4 2 5 5 4 4 0 0 0 0 0 0 0 0 0 0 0 0 0 0 0 0 0 0 0 0 0 0 0 0 0 1 0 0 0 0 0 0 0 0 1 0 1 1 1 1 5 1 1 3 1 0 1 1 1 1 0 0 0 1 2 0 1 0 0 0 0 0 0 0 1 0 0 0 0 0 0 0 0 1 1 0 1 3 3 9 10 4 8 1 1 1 0 0 0 1 
0 0 0 0 2 0 6 7 2 5 0 0 0 0 0 0 0 0 0 0 0 0 0 0 0 0 0 0 0 1 0 1 0 0 1 0 0 0 0 0 1 0 0 1 0 0 0 0 1 6 1 1 1 0 2 1 1 0 1 1 0 1 0 2 1 1 1 0 0 0 1 1 0 1 0 0 0 0 0 0 0 0 1 1 0 1 5 5 6 8 7 7 5 1 1 0 0 0 0 0 
2 1 2 4 3 6 3 3 6 0 1 0 0 0 0 0 0 0 0 0 0 0 0 0 0 0 0 0 0 0 0 1 1 0 0 0 0 0 0 0 0 0 1 1 0 0 1 1 0 0 1 3 5 1 1 1 0 2 1 0 2 0 0 0 0 1 0 1 1 0 0 0 1 0 0 0 0 0 0 0 0 0 0 0 0 1 1 1 3 3 7 11 6 7 1 0 0 1 0 0 
0 1 0 0 1 5 5 4 3 1 0 0 0 0 0 0 0 0 0 0 0 0 0 0 0 0 0 0 0 0 1 0 0 1 0 0 1 0 0 0 0 0 0 0 0 2 2 0 0 0 0 5 2 2 1 1 2 0 1 1 0 1 1 0 0 1 1 1 2 0 0 1 0 0 0 0 0 0 0 0 0 0 0 0 1 0 1 4 4 5 8 8 9 6 3 1 0 0 0 0 
0 0 0 2 1 4 4 6 4 1 0 0 0 0 0 0 0 0 0 0 0 0 0 0 0 0 0 0 0 0 0 0 1 0 1 0 0 2 0 0 0 0 0 0 2 1 0 0 1 0 1 0 2 4 1 2 1 1 0 2 1 1 1 0 0 0 1 1 0 3 1 0 0 0 0 0 0 0 0 0 0 0 0 0 0 1 0 1 3 5 5 8 10 10 4 0 0 0 0 0 
1 1 1 2 4 4 9 5 1 0 0 0 0 0 0 0 0 0 0 0 0 0 0 0 0 0 0 0 0 0 0 0 0 1 0 1 0 0 1 0 0 0 0 1 1 0 0 1 0 1 1 0 0 1 6 1 1 1 2 0 2 1 0 1 0 0 1 1 1 1 1 0 0 0 0 0 0 0 0 0 0 0 0 0 0 0 0 1 0 4 6 6 7 9 7 3 0 0 0 0 
1 0 0 1 5 10 6 0 0 0 0 0 0 0 0 0 0 0 0 0 0 0 0 0 0 0 0 0 0 0 0 0 0 0 1 0 0 0 0 0 0 0 0 1 0 1 0 0 2 1 1 0 0 1 1 5 1 2 1 2 0 1 1 0 1 0 0 0 2 1 0 1 1 0 0 0 0 0 0 0 0 0 0 0 0 0 0 0 2 0 4 9 7 8 9 7 2 0 0 1 
0 1 0 1 9 8 2 0 0 0 0 0 0 0 0 0 0 0 0 0 0 0 0 0 0 0 0 0 0 0 0 0 0 0 0 0 1 1 0 1 0 1 2 0 0 0 1 1 0 0 0 1 1 0 0 1 6 1 2 1 1 0 1 1 1 1 0 1 0 1 1 1 1 0 0 0 0 0 0 0 0 0 0 0 0 0 0 0 0 0 2 0 6 9 16 8 7 0 0 0 
0 0 2 4 8 7 8 4 0 0 0 0 0 0 0 0 0 0 0 0 0 0 0 0 0 0 0 0 0 0 0 0 0 0 0 1 1 0 0 0 0 2 0 0 0 0 0 1 1 1 0 1 0 0 0 1 1 6 1 1 1 1 0 1 1 0 2 1 0 0 2 1 0 0 1 0 0 0 0 0 0 0 0 0 0 0 0 0 0 2 1 3 7 9 8 6 1 0 1 0 
0 1 1 9 12 1 0 0 0 0 0 0 0 0 0 0 0 0 0 0 0 0 0 0 0 0 0 0 0 0 0 0 0 0 0 0 0 1 1 0 2 0 0 0 0 1 1 0 0 0 1 0 1 0 1 0 1 1 5 1 1 1 1 0 1 3 0 0 0 0 0 1 1 2 0 0 0 0 0 0 0 0 0 0 0 0 0 0 0 0 0 2 2 6 10 13 10 5 0 0 
2 6 25 3 0 0 0 0 0 0 0 0 0 0 0 0 0 0 0 0 0 0 0 0 0 0 0 0 0 0 0 0 0 1 0 0 0 0 0 2 1 1 0 0 1 0 0 1 0 0 0 0 1 0 0 0 0 0 1 0 2 0 1 1 2 3 1 1 2 1 0 0 1 0 2 0 2 0 0 0 0 0 0 0 0 0 0 0 0 0 0 0 0 0 1 3 6 22 2 2 
1 0 5 10 6 7 0 0 0 0 0 0 0 0 0 0 0 0 0 0 0 0 0 0 0 0 0 0 0 0 0 0 1 0 0 1 0 1 1 0 0 0 0 0 0 1 3 1 1 0 0 0 0 0 0 1 1 0 0 0 1 0 1 0 1 1 3 1 1 1 1 0 1 2 0 0 2 1 1 0 0 0 0 0 0 0 0 0 0 0 0 1 1 1 6 17 11 3 1 0 
0 1 12 18 6 1 0 0 0 0 0 0 0 0 0 0 0 0 0 0 0 0 0 0 0 0 0 0 0 0 0 0 0 0 0 0 0 1 0 0 2 0 1 1 0 0 1 0 1 0 0 0 1 0 2 0 0 0 0 0 4 4 1 2 0 1 1 1 0 1 0 0 0 0 0 3 0 1 0 0 0 0 0 0 0 0 0 0 0 0 0 0 1 2 2 9 12 6 1 0 
0 7 13 9 1 0 0 0 0 0 0 0 0 0 0 0 0 0 0 0 0 0 0 0 0 0 0 0 0 0 0 0 0 0 0 0 0 1 1 2 0 0 0 1 1 1 0 0 0 1 0 0 0 2 0 1 0 0 1 5 2 1 1 1 1 1 1 1 0 0 0 0 0 2 1 1 0 0 0 0 0 0 0 0 0 0 0 0 0 0 0 0 0 1 2 2 16 16 3 0 
2 23 0 1 0 0 0 0 0 0 0 0 0 0 0 0 0 0 0 0 0 0 0 0 0 0 0 0 0 0 0 0 0 0 0 0 1 0 1 0 0 2 2 1 0 0 0 1 0 0 0 1 0 1 0 0 1 0 0 1 0 5 1 3 1 0 1 1 1 0 1 0 1 0 0 0 0 0 1 1 0 0 0 0 0 0 0 0 0 0 0 0 0 0 0 1 4 12 25 3 
0 18 6 0 0 0 0 0 0 0 0 0 0 0 0 0 0 0 0 0 0 0 0 0 0 0 0 0 0 0 0 0 0 0 0 0 1 0 1 1 0 1 1 0 2 0 0 0 0 0 2 0 0 0 0 0 0 1 0 2 0 0 4 1 1 1 2 0 2 0 1 1 0 0 0 0 0 2 0 1 1 0 0 0 0 0 0 0 0 0 0 0 0 0 0 0 2 6 31 8 
43 0 0 0 0 0 0 0 0 0 0 0 0 0 0 0 0 0 0 0 0 0 0 0 0 0 0 0 0 0 0 0 0 0 0 1 0 0 0 1 0 1 1 2 0 1 0 0 0 1 0 1 0 0 0 0 0 0 1 0 1 0 1 4 1 3 0 1 0 1 1 0 0 0 0 0 0 0 2 0 1 1 0 0 0 0 0 0 0 0 0 0 0 0 0 0 0 1 0 29 
24 12 0 0 0 0 0 0 0 0 0 0 0 0 0 0 0 0 0 0 0 0 0 0 0 0 0 0 0 0 0 0 0 0 1 0 0 0 1 0 2 0 0 0 1 2 0 0 1 1 0 0 0 0 0 0 0 1 1 1 0 0 1 0 4 1 2 1 0 1 0 2 1 0 0 0 0 0 0 2 0 1 1 0 0 0 0 0 0 0 0 0 0 0 0 0 0 0 8 27 

Pair-order violations matrix
0 45 44 43 44 43 45 44 48 44 47 45 42 46 45 46 42 49 39 43 43 46 46 42 50 44 44 47 48 45 39 43 44 39 36 51 41 49 53 41 47 45 43 48 47 39 50 47 39 38 37 35 59 49 44 42 46 36 53 40 47 49 48 39 55 46 40 54 40 45 44 56 46 47 39 34 36 39 30 36 41 40 40 33 41 32 33 39 34 33 44 35 47 41 48 42 37 36 53 48 
45 0 49 48 48 47 47 46 50 47 50 48 45 48 48 50 46 51 42 48 47 49 48 44 52 46 46 51 50 49 42 45 47 44 39 54 44 53 55 45 48 49 46 52 47 42 52 50 41 41 40 36 62 52 46 44 50 39 55 44 50 52 51 42 59 49 43 59 42 47 46 59 49 51 42 36 39 41 33 38 43 41 43 36 44 34 36 41 36 35 47 36 49 42 51 43 38 37 55 49 
44 49 0 43 46 45 47 45 49 45 49 46 43 45 44 47 42 49 39 46 43 47 47 44 51 44 45 50 49 48 41 44 45 41 38 53 43 51 54 45 47 47 45 50 46 42 51 49 40 38 40 37 61 51 44 45 49 37 54 41 50 50 50 40 56 48 40 59 41 45 44 56 45 49 41 35 37 40 31 36 43 41 42 35 43 34 36 41 35 35 45 36 48 42 50 43 39 37 55 49 
43 48 43 0 48 44 46 44 48 44 49 45 42 45 44 46 42 49 39 46 43 46 47 43 51 44 45 49 49 47 41 43 45 41 38 53 42 51 54 44 46 47 44 49 44 41 50 49 40 37 39 35 59 50 44 42 47 36 53 41 48 50 48 40 56 46 40 57 40 44 43 55 45 49 40 34 37 39 30 36 42 40 40 34 41 32 35 40 35 34 44 34 47 41 49 42 37 36 53 48 
44 48 46 48 0 47 48 48 52 48 51 49 46 48 47 49 45 51 42 47 46 50 49 46 53 46 47 52 51 50 43 46 47 43 40 55 45 53 56 46 49 49 47 52 49 43 53 50 41 41 41 39 62 52 46 47 51 40 56 43 52 52 52 41 59 50 42 60 43 48 46 58 48 50 43 38 39 42 34 38 44 43 43 37 46 36 38 42 37 37 48 38 51 44 52 45 40 39 57 51 
43 47 45 44 47 0 47 41 46 43 44 43 41 43 42 44 40 44 36 42 41 44 42 40 47 40 41 46 45 44 37 40 41 38 33 49 39 47 50 41 43 43 41 45 43 38 47 45 36 35 35 33 57 48 41 41 45 34 50 38 47 47 46 37 54 44 38 55 38 42 41 53 43 46 36 31 32 35 29 31 39 37 37 31 40 30 32 37 30 31 42 32 45 38 46 39 35 33 51 45 
45 47 47 46 48 47 0 45 49 45 48 46 44 46 45 48 43 48 39 45 44 47 46 43 50 43 44 49 48 47 40 43 44 41 37 52 42 50 53 44 46 46 45 49 46 41 50 48 39 38 39 36 61 51 44 43 49 37 54 41 50 50 50 40 57 48 41 59 41 45 44 56 46 49 40 35 36 39 32 35 42 40 41 34 44 33 35 40 34 34 45 34 48 41 49 42 38 36 53 48 
44 46 45 44 48 41 45 0 46 44 46 44 41 44 44 46 43 47 38 45 43 45 45 41 49 43 44 48 47 47 40 42 44 42 35 52 41 50 52 43 45 47 42 48 45 40 49 48 39 38 36 34 58 50 43 42 46 35 50 40 49 49 48 39 55 46 39 57 38 43 42 54 44 49 39 32 35 38 30 35 41 39 40 34 41 32 34 39 33 33 44 34 45 40 49 41 37 34 52 46 
48 50 49 48 52 46 49 46 0 57 46 47 43 44 44 47 42 48 38 45 43 46 45 42 49 43 43 49 47 47 39 43 44 41 36 51 42 50 52 43 46 46 44 49 44 40 50 47 38 37 38 35 60 50 42 42 48 36 52 40 49 49 49 39 55 47 39 58 39 44 43 55 45 48 40 33 36 39 30 35 41 39 41 34 42 32 34 39 33 33 44 34 46 40 49 41 37 35 53 47 
44 47 45 44 48 43 45 44 57 0 44 43 39 42 41 44 38 44 35 41 39 42 42 39 47 40 41 45 44 43 36 40 40 37 33 48 38 46 49 40 43 42 42 45 42 37 46 44 36 33 35 33 57 48 39 40 44 32 50 36 47 46 45 36 52 44 36 55 37 41 40 52 41 45 37 30 32 35 27 31 39 36 37 30 39 29 31 37 31 30 40 32 44 38 46 39 35 33 51 45 
47 50 49 49 51 44 48 46 46 44 0 50 42 44 43 46 40 46 37 43 42 45 44 41 48 41 42 47 46 45 38 41 42 39 35 50 40 48 51 42 44 44 43 46 42 39 48 46 37 35 37 33 58 49 42 41 46 35 52 39 47 48 47 38 55 44 39 56 39 43 42 55 44 47 38 33 34 37 30 33 40 38 38 32 41 30 33 38 32 32 43 33 46 39 47 40 36 34 52 46 
45 48 46 45 49 43 46 44 47 43 50 0 41 40 42 43 38 44 35 41 39 41 42 38 47 40 41 44 44 42 36 39 40 37 33 48 37 46 49 39 42 42 41 45 42 36 45 44 36 33 34 31 56 47 39 38 43 31 49 36 46 45 44 36 52 44 36 54 35 40 39 50 40 45 36 29 32 34 26 31 38 35 36 29 38 28 30 36 31 29 39 30 42 37 45 38 34 31 49 43 
42 45 43 42 46 41 44 41 43 39 42 41 0 57 44 46 40 47 38 44 43 46 45 42 49 43 43 49 47 47 39 43 44 41 36 51 42 50 52 42 46 46 44 49 44 39 50 46 37 37 37 35 59 49 41 43 47 36 51 39 49 49 48 38 55 47 38 57 38 44 42 55 45 47 40 33 36 39 30 35 40 39 40 34 42 32 34 38 33 33 44 35 46 40 49 41 37 35 54 47 
46 48 45 45 48 43 46 44 44 42 44 40 57 0 42 47 42 48 38 45 43 46 45 42 49 43 43 49 47 47 39 43 44 41 36 51 42 50 52 43 46 46 44 49 44 40 50 47 38 37 38 35 60 50 42 43 48 36 52 40 49 49 49 39 55 47 39 58 39 44 43 56 45 48 40 33 36 39 30 35 41 39 41 34 42 32 34 39 33 33 44 35 46 40 49 41 37 35 54 47 
45 48 44 44 47 42 45 44 44 41 43 42 44 42 0 50 53 50 41 48 46 49 48 46 53 46 47 52 51 50 43 46 47 44 39 55 45 53 56 47 49 49 47 51 48 44 53 51 42 40 41 39 63 54 46 46 50 39 55 43 53 53 51 43 59 50 43 61 43 47 46 57 48 52 42 36 38 41 34 37 45 43 43 37 45 36 38 43 36 37 47 37 50 44 52 45 41 39 56 51 
46 50 47 46 49 44 48 46 47 44 46 43 46 47 50 0 53 49 39 46 44 46 48 43 51 44 46 49 49 48 42 43 45 43 38 54 42 51 54 45 46 48 45 50 47 42 50 50 41 39 39 37 61 52 45 45 48 36 53 41 51 52 50 41 57 49 41 60 41 44 43 58 46 51 41 35 37 40 32 37 43 41 42 35 44 34 36 41 36 35 45 36 48 42 50 43 39 37 54 49 
42 46 42 42 45 40 43 43 42 38 40 38 40 42 53 53 0 47 37 44 42 45 46 42 49 42 44 48 47 47 40 42 43 41 36 52 41 49 52 44 45 46 44 48 45 41 49 48 39 37 38 35 60 51 43 44 47 35 52 39 50 49 49 39 55 47 39 59 39 43 42 55 43 49 40 34 35 39 31 35 42 40 41 34 43 33 35 40 34 34 44 35 46 41 49 42 38 35 53 47 
49 51 49 49 51 44 48 47 48 44 46 44 47 48 50 49 47 0 40 46 44 47 47 44 51 44 45 50 49 48 41 44 45 42 38 53 43 51 54 44 47 47 46 50 46 41 51 48 39 38 39 36 61 51 43 45 48 37 53 40 51 50 49 40 57 49 40 59 39 45 43 55 45 49 41 35 37 40 32 36 42 41 41 35 44 34 36 40 35 35 45 36 47 42 50 43 39 36 55 48 
39 42 39 39 42 36 39 38 38 35 37 35 38 38 41 39 37 40 0 49 40 51 43 40 47 40 41 46 45 44 37 40 41 38 34 49 39 47 50 41 44 43 42 46 42 38 48 45 36 34 36 33 59 49 41 41 44 34 51 38 46 48 46 38 53 44 38 55 37 42 41 54 43 46 37 31 33 37 28 33 40 38 39 31 39 30 32 37 31 31 41 32 44 38 46 39 34 33 51 45 
43 48 46 46 47 42 45 45 45 41 43 41 44 45 48 46 44 46 49 0 50 52 51 46 54 47 48 52 51 50 43 47 47 43 40 55 45 53 56 47 51 49 48 51 49 44 54 51 43 39 42 41 63 55 47 45 51 40 58 44 53 53 53 43 58 49 43 61 44 49 48 58 48 51 44 37 39 43 33 39 47 44 44 37 45 35 38 44 38 37 47 38 51 45 53 46 42 40 57 52 
43 47 43 43 46 41 44 43 43 39 42 39 43 43 46 44 42 44 40 50 0 54 46 43 51 44 45 49 48 47 40 44 44 41 37 52 42 50 53 44 47 46 46 49 45 41 50 48 40 37 39 35 61 52 43 43 47 36 54 40 50 49 48 40 56 47 40 58 40 45 44 54 44 49 41 34 36 39 31 35 43 40 41 34 42 33 35 41 35 34 44 35 47 42 50 43 38 36 54 48 
46 49 47 46 50 44 47 45 46 42 45 41 46 46 49 46 45 47 51 52 54 0 55 50 58 51 52 56 56 54 48 50 52 49 44 60 49 58 61 51 53 54 51 55 52 48 57 56 47 44 45 43 66 58 51 50 54 43 59 48 57 58 55 48 64 54 48 65 47 51 50 63 53 57 46 40 43 45 38 42 49 47 46 41 49 39 42 47 41 41 51 42 54 48 56 49 45 43 61 55 
46 48 47 47 49 42 46 45 45 42 44 42 45 45 48 48 46 47 43 51 46 55 0 36 44 38 39 43 41 42 34 38 38 36 30 46 36 44 46 37 42 41 39 43 42 34 45 41 33 33 31 32 54 46 38 38 42 32 48 35 45 45 45 33 50 41 34 52 35 41 39 52 41 42 36 29 30 35 26 31 37 35 36 29 38 27 29 34 29 28 40 31 43 36 45 37 33 31 49 43 
42 44 44 43 46 40 43 41 42 39 41 38 42 42 46 43 42 44 40 46 43 50 36 0 52 44 44 53 48 47 40 43 45 42 37 52 42 51 53 42 46 47 44 50 45 39 50 47 38 38 37 35 59 49 42 43 47 36 51 40 49 50 48 39 56 48 39 57 38 44 42 56 46 48 40 33 37 39 30 36 40 39 40 34 42 32 34 38 34 33 44 35 46 40 49 41 37 35 54 47 
50 52 51 51 53 47 50 49 49 47 48 47 49 49 53 51 49 51 47 54 51 58 44 52 0 43 44 49 48 48 40 44 45 41 37 52 43 51 53 44 48 47 44 49 45 41 52 48 39 38 39 36 60 51 45 43 49 39 55 43 48 50 51 40 56 45 41 57 41 47 46 58 47 48 41 35 37 41 31 37 43 41 42 35 42 32 35 40 34 34 46 36 48 41 50 42 37 36 55 48 
44 46 44 44 46 40 43 43 43 40 41 40 43 43 46 44 42 44 40 47 44 51 38 44 43 0 48 54 52 51 43 47 48 45 40 56 46 54 57 48 50 50 48 52 49 45 54 52 43 41 42 40 64 55 47 48 51 40 56 44 54 54 52 44 60 51 44 62 44 48 47 59 49 53 43 37 39 42 35 38 46 44 44 38 46 37 39 44 37 38 48 39 51 45 53 46 42 40 58 52 
44 46 45 45 47 41 44 44 43 41 42 41 43 43 47 46 44 45 41 48 45 52 39 44 44 48 0 52 54 53 46 48 50 46 40 57 47 55 57 49 51 52 47 53 50 46 55 53 44 43 42 41 63 55 48 48 52 41 56 45 54 54 54 43 59 50 43 62 45 49 48 59 49 53 45 38 40 44 35 40 47 45 46 40 46 38 40 45 38 39 50 40 52 46 55 47 42 41 58 53 
47 51 50 49 52 46 49 48 49 45 47 44 49 49 52 49 48 50 46 52 49 56 43 53 49 54 52 0 51 49 43 46 47 43 39 55 44 53 56 46 50 49 46 51 49 43 53 51 43 40 40 38 62 54 47 46 48 39 56 44 51 52 50 43 58 48 43 58 42 48 47 57 47 51 42 35 38 41 32 38 46 43 43 36 42 35 37 43 37 36 46 38 49 44 52 45 41 38 57 50 
48 50 49 49 51 45 48 47 47 44 46 44 47 47 51 49 47 49 45 51 48 56 41 48 48 52 54 51 0 48 37 50 50 45 40 56 47 55 57 47 52 51 49 52 48 44 55 51 43 41 41 39 62 55 46 47 50 41 56 44 54 53 51 43 60 49 43 60 43 50 48 58 49 52 45 37 40 43 35 39 46 44 43 39 45 36 39 44 38 38 49 41 51 46 55 47 43 40 60 52 
45 49 48 47 50 44 47 47 47 43 45 42 47 47 50 48 47 48 44 50 47 54 42 47 48 51 53 49 48 0 49 42 50 44 39 56 44 53 55 46 49 50 47 51 51 43 53 51 43 42 38 41 62 55 48 46 49 40 56 44 54 55 52 43 60 50 44 60 44 49 47 59 50 52 43 37 38 42 35 39 45 44 43 37 46 36 38 43 38 37 48 38 52 45 53 46 41 40 56 52 
39 42 41 41 43 37 40 40 39 36 38 36 39 39 43 42 40 41 37 43 40 48 34 40 40 43 46 43 37 49 0 48 47 44 38 55 45 53 55 46 51 50 46 50 49 43 54 50 42 41 39 39 60 54 47 45 49 41 56 44 52 52 52 41 58 46 42 58 43 50 48 57 48 50 44 37 38 43 34 39 46 44 43 38 44 35 38 43 37 37 49 39 51 45 54 46 42 39 57 51 
43 45 44 43 46 40 43 42 43 40 41 39 43 43 46 43 42 44 40 47 44 50 38 43 44 47 48 46 50 42 48 0 56 44 41 56 45 54 57 47 50 50 47 52 48 44 54 52 43 40 42 39 63 54 48 46 50 40 57 45 51 54 52 44 59 49 44 60 43 48 47 60 49 52 43 37 40 43 33 40 46 44 44 37 44 35 38 43 38 37 47 38 50 44 52 45 40 39 57 51 
44 47 45 45 47 41 44 44 44 40 42 40 44 44 47 45 43 45 41 47 44 52 38 45 45 48 50 47 50 50 47 56 0 38 34 49 39 47 51 41 45 43 43 45 44 38 48 45 37 34 36 35 58 50 42 39 46 35 53 39 48 48 48 38 54 44 39 56 39 44 43 54 44 46 38 32 33 37 29 33 41 38 38 31 41 29 32 38 32 31 42 32 46 39 47 40 36 34 51 46 
39 44 41 41 43 38 41 42 41 37 39 37 41 41 44 43 41 42 38 43 41 49 36 42 41 45 46 43 45 44 44 44 38 0 35 51 40 48 51 42 46 45 44 46 45 39 49 46 38 35 36 36 58 51 42 42 45 35 52 38 50 49 48 38 54 45 38 57 38 44 42 54 43 47 40 33 34 39 30 35 42 40 39 33 42 31 34 39 34 33 43 35 46 41 49 42 38 35 53 47 
36 39 38 38 40 33 37 35 36 33 35 33 36 36 39 38 36 38 34 40 37 44 30 37 37 40 40 39 40 39 38 41 34 35 0 51 41 51 54 44 48 47 46 49 45 41 51 48 40 37 39 37 60 52 43 43 49 37 54 41 51 50 50 40 56 47 40 59 41 46 45 57 46 49 42 34 37 40 31 36 43 40 41 35 43 32 35 41 35 34 45 37 48 42 51 43 39 37 56 49 
51 54 53 53 55 49 52 52 51 48 50 48 51 51 55 54 52 53 49 55 52 60 46 52 52 56 57 55 56 56 55 56 49 51 51 0 44 55 57 47 53 51 49 54 50 44 56 51 43 42 42 40 64 55 47 47 51 42 58 45 53 53 53 43 59 50 43 60 43 51 49 58 49 51 46 38 41 45 34 41 47 45 46 39 45 37 39 44 39 38 49 40 51 46 55 47 42 40 59 52 
41 44 43 42 45 39 42 41 42 38 40 37 42 42 45 42 41 43 39 45 42 49 36 42 43 46 47 44 47 44 45 45 39 40 41 44 0 50 54 42 46 46 44 49 46 39 49 47 39 38 37 34 58 49 43 42 46 36 53 40 48 48 47 38 56 46 39 55 39 45 43 53 44 47 40 34 36 38 30 35 41 39 39 33 41 32 34 39 35 33 44 34 47 41 49 42 38 35 53 47 
49 53 51 51 53 47 50 50 50 46 48 46 50 50 53 51 49 51 47 53 50 58 44 51 51 54 55 53 55 53 53 54 47 48 51 55 50 0 56 47 51 49 48 50 50 44 54 51 43 40 41 41 62 55 48 46 51 41 58 45 53 53 53 43 59 48 44 60 45 50 49 59 49 51 43 37 38 42 34 38 47 44 43 37 45 35 38 44 37 37 48 39 52 45 53 46 41 40 58 52 
53 55 54 54 56 50 53 52 52 49 51 49 52 52 56 54 52 54 50 56 53 61 46 53 53 57 57 56 57 55 55 57 51 51 54 57 54 56 0 43 45 45 43 48 43 39 50 46 37 36 37 33 60 50 42 41 46 36 52 40 47 48 48 39 54 45 39 56 37 44 43 54 44 47 39 32 35 39 29 35 41 39 41 33 40 31 33 38 32 32 43 33 44 39 48 40 36 33 52 45 
41 45 45 44 46 41 44 43 43 40 42 39 42 43 47 45 44 44 41 47 44 51 37 42 44 48 49 46 47 46 46 47 41 42 44 47 42 47 43 0 51 50 46 50 48 43 53 51 43 41 39 38 61 55 48 45 49 40 56 45 52 53 52 43 59 47 44 59 43 49 48 60 49 52 43 36 38 42 34 39 46 43 43 37 44 34 37 43 37 36 48 39 50 44 53 45 40 38 57 50 
47 48 47 46 49 43 46 45 46 43 44 42 46 46 49 46 45 47 44 51 47 53 42 46 48 50 51 50 52 49 51 50 45 46 48 53 46 51 45 51 0 49 48 53 50 45 53 52 43 41 42 39 63 53 47 46 51 39 56 44 52 53 52 43 59 51 43 61 43 47 46 58 48 52 43 37 40 42 33 39 45 43 44 37 45 36 38 43 38 37 47 37 50 44 52 45 41 39 56 51 
45 49 47 47 49 43 46 47 46 42 44 42 46 46 49 48 46 47 43 49 46 54 41 47 47 50 52 49 51 50 50 50 43 45 47 51 46 49 45 50 49 0 44 48 46 39 49 46 38 36 36 37 58 50 42 43 45 35 52 38 49 49 48 37 53 45 37 56 39 44 42 54 43 46 40 33 34 39 29 35 42 40 40 33 41 32 34 39 34 33 43 35 47 41 49 42 38 36 53 48 
43 46 45 44 47 41 45 42 44 42 43 41 44 44 47 45 44 46 42 48 46 51 39 44 44 48 47 46 49 47 46 47 43 44 46 49 44 48 43 46 48 44 0 45 48 42 53 50 41 41 40 37 63 53 47 46 49 40 56 44 51 53 51 43 60 50 44 59 41 48 46 59 49 51 42 37 39 42 34 39 44 43 43 36 45 35 37 41 37 36 47 37 49 43 51 44 40 37 56 49 
48 52 50 49 52 45 49 48 49 45 46 45 49 49 51 50 48 50 46 51 49 55 43 50 49 52 53 51 52 51 50 52 45 46 49 54 49 50 48 50 53 48 45 0 47 46 56 53 45 43 44 42 65 56 48 49 52 42 59 45 55 55 53 44 61 52 44 62 46 51 49 59 50 53 47 40 42 45 36 41 48 46 46 40 47 39 41 46 41 40 50 41 54 48 56 49 44 43 60 55 
47 47 46 44 49 43 46 45 44 42 42 42 44 44 48 47 45 46 42 49 45 52 42 45 45 49 50 49 48 51 49 48 44 45 45 50 46 50 43 48 50 46 48 47 0 53 54 53 47 42 44 40 65 54 48 48 52 41 57 45 53 53 53 44 59 51 44 62 44 49 47 58 48 52 45 39 40 43 35 40 47 45 46 39 47 38 40 44 39 39 49 40 51 45 54 47 42 40 59 52 
39 42 42 41 43 38 41 40 40 37 39 36 39 40 44 42 41 41 38 44 41 48 34 39 41 45 46 43 44 43 43 44 38 39 41 44 39 44 39 43 45 39 42 46 53 0 50 48 39 38 38 35 60 51 44 44 48 36 53 40 50 49 50 39 56 47 40 59 40 44 43 56 44 49 40 35 35 39 32 35 42 40 41 34 44 33 35 40 34 34 45 35 47 41 49 42 37 35 53 47 
50 52 51 50 53 47 50 49 50 46 48 45 50 50 53 50 49 51 48 54 50 57 45 50 52 54 55 53 55 53 54 54 48 49 51 56 49 54 50 53 53 49 53 56 54 50 0 47 43 39 39 38 61 52 44 44 48 37 54 41 52 52 49 41 58 50 41 59 41 46 44 56 47 50 42 35 38 40 32 37 43 41 41 35 44 34 36 41 37 35 45 36 49 43 51 44 40 38 55 50 
47 50 49 49 50 45 48 48 47 44 46 44 46 47 51 50 48 48 45 51 48 56 41 47 48 52 53 51 51 51 50 52 45 46 48 51 47 51 46 51 52 46 50 53 53 48 47 0 53 41 40 38 62 54 46 45 50 40 56 44 52 52 51 42 59 48 43 59 44 49 48 58 49 51 43 36 38 41 34 37 45 42 43 37 44 35 37 43 36 36 48 38 51 44 53 45 41 39 57 51 
39 41 40 40 41 36 39 39 38 36 37 36 37 38 42 41 39 39 36 43 40 47 33 38 39 43 44 43 43 43 42 43 37 38 40 43 39 43 37 43 43 38 41 45 47 39 43 53 0 37 37 35 57 49 42 42 48 37 52 41 48 48 49 38 55 44 39 56 40 45 44 55 45 47 39 33 35 38 30 34 41 39 39 34 41 31 34 39 32 33 45 35 47 40 49 41 36 35 54 47 
38 41 38 37 41 35 38 38 37 33 35 33 37 37 40 39 37 38 34 39 37 44 33 38 38 41 43 40 41 42 41 40 34 35 37 42 38 40 36 41 41 36 41 43 42 38 39 41 37 0 39 37 61 52 45 44 48 38 54 42 50 50 50 41 56 47 41 58 40 46 45 54 45 49 40 34 36 40 31 36 44 42 42 35 42 34 36 41 34 35 45 35 47 42 50 43 39 36 54 48 
37 40 40 39 41 35 39 36 38 35 37 34 37 38 41 39 38 39 36 42 39 45 31 37 39 42 42 40 41 38 39 42 36 36 39 42 37 41 37 39 42 36 40 44 44 38 39 40 37 39 0 34 57 49 42 39 46 35 52 40 47 48 48 38 54 44 39 55 38 44 43 56 45 46 38 31 34 37 28 34 40 37 38 31 40 28 31 37 32 30 42 33 45 38 47 39 35 33 52 45 
35 36 37 35 39 33 36 34 35 33 33 31 35 35 39 37 35 36 33 41 35 43 32 35 36 40 41 38 39 41 39 39 35 36 37 40 34 41 33 38 39 37 37 42 40 35 38 38 35 37 34 0 60 56 42 44 49 38 53 41 50 50 50 39 56 48 39 58 40 46 44 55 46 48 42 35 38 41 31 37 42 41 42 36 43 34 36 40 35 35 46 36 48 42 51 43 39 37 55 49 
59 62 61 59 62 57 61 58 60 57 58 56 59 60 63 61 60 61 59 63 61 66 54 59 60 64 63 62 62 62 60 63 58 58 60 64 58 62 60 61 63 58 63 65 65 60 61 62 57 61 57 60 0 38 48 48 48 37 53 42 48 49 49 40 57 47 41 57 39 45 44 57 46 49 40 34 37 39 31 36 41 39 41 34 42 32 34 39 34 33 45 35 46 40 49 41 37 34 54 46 
49 52 51 50 52 48 51 50 50 48 49 47 49 50 54 52 51 51 49 55 52 58 46 49 51 55 55 54 55 55 54 54 50 51 52 55 49 55 50 55 53 50 53 56 54 51 52 54 49 52 49 56 38 0 48 46 51 40 55 45 53 54 53 43 60 49 44 61 44 48 47 61 50 53 43 37 39 42 35 39 45 43 43 38 46 35 38 43 37 37 49 39 51 44 53 45 40 39 57 51 
44 46 44 44 46 41 44 43 42 39 42 39 41 42 46 45 43 43 41 47 43 51 38 42 45 47 48 47 46 48 47 48 42 42 43 47 43 48 42 48 47 42 47 48 48 44 44 46 42 45 42 42 48 48 0 48 55 44 59 48 58 55 55 47 62 53 47 64 47 53 52 60 52 56 47 40 42 46 38 42 49 47 46 42 49 39 42 48 41 41 51 43 54 48 58 49 45 43 61 55 
42 44 45 42 47 41 43 42 42 40 41 38 43 43 46 45 44 45 41 45 43 50 38 43 43 48 48 46 47 46 45 46 39 42 43 47 42 46 41 45 46 43 46 49 48 44 44 45 42 44 39 44 48 46 48 0 46 36 53 40 48 47 48 38 54 44 39 55 39 45 44 53 43 46 38 32 33 37 29 33 42 39 39 32 40 31 33 39 32 32 43 34 46 40 48 41 37 34 53 46 
46 50 49 47 51 45 49 46 48 44 46 43 47 48 50 48 47 48 44 51 47 54 42 47 49 51 52 48 50 49 49 50 46 45 49 51 46 51 46 49 51 45 49 52 52 48 48 50 48 48 46 49 48 51 55 46 0 34 52 39 46 48 47 38 53 45 38 55 38 43 42 54 43 46 38 31 34 37 27 34 41 38 39 31 39 30 32 38 33 31 41 33 45 39 47 40 36 34 52 46 
36 39 37 36 40 34 37 35 36 32 35 31 36 36 39 36 35 37 34 40 36 43 32 36 39 40 41 39 41 40 41 40 35 35 37 42 36 41 36 40 39 35 40 42 41 36 37 40 37 38 35 38 37 40 44 36 34 0 53 39 49 48 48 38 54 46 38 57 40 44 43 53 43 47 40 33 35 38 29 34 42 39 40 33 41 32 34 40 34 33 43 34 47 41 49 42 38 36 53 48 
53 55 54 53 56 50 54 50 52 50 52 49 51 52 55 53 52 53 51 58 54 59 48 51 55 56 56 56 56 56 56 57 53 52 54 58 53 58 52 56 56 52 56 59 57 53 54 56 52 54 52 53 53 55 59 53 52 53 0 42 40 47 47 38 54 45 38 56 37 43 42 54 43 47 39 32 36 38 28 35 40 38 39 33 40 30 33 38 33 32 43 34 44 39 48 40 36 33 53 45 
40 44 41 41 43 38 41 40 40 36 39 36 39 40 43 41 39 40 38 44 40 48 35 40 43 44 45 44 44 44 44 45 39 38 41 45 40 45 40 45 44 38 44 45 45 40 41 44 41 42 40 41 42 45 48 40 39 39 42 0 47 49 48 40 55 45 39 57 40 45 44 53 43 48 40 33 35 38 30 34 43 40 39 34 41 32 35 41 34 34 44 36 47 42 50 43 39 36 55 48 
47 50 50 48 52 47 50 49 49 47 47 46 49 49 53 51 50 51 46 53 50 57 45 49 48 54 54 51 54 54 52 51 48 50 51 53 48 53 47 52 52 49 51 55 53 50 52 52 48 50 47 50 48 53 58 48 46 49 40 47 0 55 56 45 62 52 46 64 45 50 49 62 51 55 46 40 42 45 37 42 47 45 46 40 49 37 40 45 40 39 51 40 52 46 55 47 42 40 58 52 
49 52 50 50 52 47 50 49 49 46 48 45 49 49 53 52 49 50 48 53 49 58 45 50 50 54 54 52 53 55 52 54 48 49 50 53 48 53 48 53 53 49 53 55 53 49 52 52 48 50 48 50 49 54 55 47 48 48 47 49 55 0 48 46 56 45 40 57 42 46 45 57 46 49 41 34 35 39 32 35 43 40 41 35 42 33 35 41 34 34 46 37 49 42 51 43 39 37 55 49 
48 51 50 48 52 46 50 48 49 45 47 44 48 49 51 50 49 49 46 53 48 55 45 48 51 52 54 50 51 52 52 52 48 48 50 53 47 53 48 52 52 48 51 53 53 50 49 51 49 50 48 50 49 53 55 48 47 48 47 48 56 48 0 52 53 55 47 66 48 53 52 61 51 56 49 42 44 47 38 43 51 48 49 42 50 41 43 49 43 42 52 43 55 50 58 51 47 44 62 56 
39 42 40 40 41 37 40 39 39 36 38 36 38 39 43 41 39 40 38 43 40 48 33 39 40 44 43 43 43 43 41 44 38 38 40 43 38 43 39 43 43 37 43 44 44 39 41 42 38 41 38 39 40 43 47 38 38 38 38 40 45 46 52 0 53 43 37 54 36 42 41 52 42 45 36 30 32 35 28 31 38 36 36 31 39 28 31 36 29 30 42 32 43 37 46 38 34 31 51 43 
55 59 56 56 59 54 57 55 55 52 55 52 55 55 59 57 55 57 53 58 56 64 50 56 56 60 59 58 60 60 58 59 54 54 56 59 56 59 54 59 59 53 60 61 59 56 58 59 55 56 54 56 57 60 62 54 53 54 54 55 62 56 53 53 0 58 42 55 36 44 42 53 42 45 38 30 33 37 27 33 40 37 38 31 39 28 31 37 31 30 41 33 43 38 47 39 35 32 52 44 
46 49 48 46 50 44 48 46 47 44 44 44 47 47 50 49 47 49 44 49 47 54 41 48 45 51 50 48 49 50 46 49 44 45 47 50 46 48 45 47 51 45 50 52 51 47 50 48 44 47 44 48 47 49 53 44 45 46 45 45 52 45 55 43 58 0 36 53 35 42 41 52 41 43 36 29 31 35 26 31 38 35 37 29 38 27 29 35 29 28 40 31 42 36 45 37 33 30 50 42 
40 43 40 40 42 38 41 39 39 36 39 36 38 39 43 41 39 40 38 43 40 48 34 39 41 44 43 43 43 44 42 44 39 38 40 43 39 44 39 44 43 37 44 44 44 40 41 43 39 41 39 39 41 44 47 39 38 38 38 39 46 40 47 37 42 36 0 54 37 43 42 52 42 46 38 30 33 36 28 32 40 37 37 32 39 29 32 38 31 31 42 34 44 39 48 40 36 33 53 45 
54 59 59 57 60 55 59 57 58 55 56 54 57 58 61 60 59 59 55 61 58 65 52 57 57 62 62 58 60 60 58 60 56 57 59 60 55 60 56 59 61 56 59 62 62 59 59 59 56 58 55 58 57 61 64 55 55 57 56 57 64 57 66 54 55 53 54 0 35 41 39 52 40 44 36 29 31 34 26 31 37 34 35 29 38 26 29 35 30 28 40 31 42 36 45 37 33 30 49 42 
40 42 41 40 43 38 41 38 39 37 39 35 38 39 43 41 39 39 37 44 40 47 35 38 41 44 45 42 43 44 43 43 39 38 41 43 39 45 37 43 43 39 41 46 44 40 41 44 40 40 38 40 39 44 47 39 38 40 37 40 45 42 48 36 36 35 37 35 0 46 43 56 45 48 38 32 35 39 29 36 42 40 40 34 40 31 34 39 33 33 44 35 46 40 49 41 37 35 53 47 
45 47 45 44 48 42 45 43 44 41 43 40 44 44 47 44 43 45 42 49 45 51 41 44 47 48 49 48 50 49 50 48 44 44 46 51 45 50 44 49 47 44 48 51 49 44 46 49 45 46 44 46 45 48 53 45 43 44 43 45 50 46 53 42 44 42 43 41 46 0 47 57 47 52 43 37 39 42 34 38 46 44 43 38 45 36 39 44 37 38 48 39 50 45 53 46 42 39 58 51 
44 46 44 43 46 41 44 42 43 40 42 39 42 43 46 43 42 43 41 48 44 50 39 42 46 47 48 47 48 47 48 47 43 42 45 49 43 49 43 48 46 42 46 49 47 43 44 48 44 45 43 44 44 47 52 44 42 43 42 44 49 45 52 41 42 41 42 39 43 47 0 58 52 50 42 36 39 41 33 38 44 42 42 36 45 34 37 42 37 36 46 37 48 43 51 44 39 37 56 49 
56 59 56 55 58 53 56 54 55 52 55 50 55 56 57 58 55 55 54 58 54 63 52 56 58 59 59 57 58 59 57 60 54 54 57 58 53 59 54 60 58 54 59 59 58 56 56 58 55 54 56 55 57 61 60 53 54 53 54 53 62 57 61 52 53 52 52 52 56 57 58 0 41 40 40 36 34 39 33 37 45 42 42 36 45 34 37 43 37 36 46 38 50 44 52 45 41 39 56 51 
46 49 45 45 48 43 46 44 45 41 44 40 45 45 48 46 43 45 43 48 44 53 41 46 47 49 49 47 49 50 48 49 44 43 46 49 44 49 44 49 48 43 49 50 48 44 47 49 45 45 45 46 46 50 52 43 43 43 43 43 51 46 51 42 42 41 42 40 45 47 52 41 0 46 37 30 32 35 28 31 40 37 36 31 39 29 32 38 31 31 41 33 45 39 47 40 36 34 52 46 
47 51 49 49 50 46 49 49 48 45 47 45 47 48 52 51 49 49 46 51 49 57 42 48 48 53 53 51 52 52 50 52 46 47 49 51 47 51 47 52 52 46 51 53 52 49 50 51 47 49 46 48 49 53 56 46 46 47 47 48 55 49 56 45 45 43 46 44 48 52 50 40 46 0 39 32 33 38 30 34 42 39 39 33 41 30 33 39 32 32 44 35 46 40 49 41 37 34 53 46 
39 42 41 40 43 36 40 39 40 37 38 36 40 40 42 41 40 41 37 44 41 46 36 40 41 43 45 42 45 43 44 43 38 40 42 46 40 43 39 43 43 40 42 47 45 40 42 43 39 40 38 42 40 43 47 38 38 40 39 40 46 41 49 36 38 36 38 36 38 43 42 40 37 39 0 33 38 38 29 35 41 39 39 32 41 30 33 38 33 32 43 33 45 39 47 40 36 33 51 45 
34 36 35 34 38 31 35 32 33 30 33 29 33 33 36 35 34 35 31 37 34 40 29 33 35 37 38 35 37 37 37 37 32 33 34 38 34 37 32 36 37 33 37 40 39 35 35 36 33 34 31 35 34 37 40 32 31 33 32 33 40 34 42 30 30 29 30 29 32 37 36 36 30 32 33 0 70 35 25 33 39 36 37 30 37 27 30 36 31 29 40 32 42 37 46 38 34 31 50 43 
36 39 37 37 39 32 36 35 36 32 34 32 36 36 38 37 35 37 33 39 36 43 30 37 37 39 40 38 40 38 38 40 33 34 37 41 36 38 35 38 40 34 39 42 40 35 38 38 35 36 34 38 37 39 42 33 34 35 36 35 42 35 44 32 33 31 33 31 35 39 39 34 32 33 38 70 0 35 26 31 39 36 36 29 38 27 30 36 30 29 40 31 43 37 45 38 34 31 50 43 
39 41 40 39 42 35 39 38 39 35 37 34 39 39 41 40 39 40 37 43 39 45 35 39 41 42 44 41 43 42 43 43 37 39 40 45 38 42 39 42 42 39 42 45 43 39 40 41 38 40 37 41 39 42 46 37 37 38 38 38 45 39 47 35 37 35 36 34 39 42 41 39 35 38 38 35 35 0 29 34 39 38 37 32 41 30 33 37 33 32 43 33 45 39 47 40 36 33 51 45 
30 33 31 30 34 29 32 30 30 27 30 26 30 30 34 32 31 32 28 33 31 38 26 30 31 35 35 32 35 35 34 33 29 30 31 34 30 34 29 34 33 29 34 36 35 32 32 34 30 31 28 31 31 35 38 29 27 29 28 30 37 32 38 28 27 26 28 26 29 34 33 33 28 30 29 25 26 29 0 40 40 37 37 31 38 28 31 37 31 30 41 33 43 38 47 39 35 32 51 44 
36 38 36 36 38 31 35 35 35 31 33 31 35 35 37 37 35 36 33 39 35 42 31 36 37 38 40 38 39 39 39 40 33 35 36 41 35 38 35 39 39 35 39 41 40 35 37 37 34 36 34 37 36 39 42 33 34 34 35 34 42 35 43 31 33 31 32 31 36 38 38 37 31 34 35 33 31 34 40 0 39 36 36 30 39 28 31 37 31 30 41 32 44 38 46 39 35 32 50 44 
41 43 43 42 44 39 42 41 41 39 40 38 40 41 45 43 42 42 40 47 43 49 37 40 43 46 47 46 46 45 46 46 41 42 43 47 41 47 41 46 45 42 44 48 47 42 43 45 41 44 40 42 41 45 49 42 41 42 40 43 47 43 51 38 40 38 40 37 42 46 44 45 40 42 41 39 39 39 40 39 0 39 37 32 39 29 32 37 31 31 43 33 44 38 47 39 35 32 51 44 
40 41 41 40 43 37 40 39 39 36 38 35 39 39 43 41 40 41 38 44 40 47 35 39 41 44 45 43 44 44 44 44 38 40 40 45 39 44 39 43 43 40 43 46 45 40 41 42 39 42 37 41 39 43 47 39 38 39 38 40 45 40 48 36 37 35 37 34 40 44 42 42 37 39 39 36 36 38 37 36 39 0 37 32 40 30 33 38 32 32 43 33 45 39 47 40 36 33 51 45 
40 43 42 40 43 37 41 40 41 37 38 36 40 41 43 42 41 41 39 44 41 46 36 40 42 44 46 43 43 43 43 44 38 39 41 46 39 43 41 43 44 40 43 46 46 41 41 43 39 42 38 42 41 43 46 39 39 40 39 39 46 41 49 36 38 37 37 35 40 43 42 42 36 39 39 37 36 37 37 36 37 37 0 64 38 29 32 37 31 31 42 32 44 38 46 39 35 32 50 44 
33 36 35 34 37 31 34 34 34 30 32 29 34 34 37 35 34 35 31 37 34 41 29 34 35 38 40 36 39 37 38 37 31 33 35 39 33 37 33 37 37 33 36 40 39 34 35 37 34 35 31 36 34 38 42 32 31 33 33 34 40 35 42 31 31 29 32 29 34 38 36 36 31 33 32 30 29 32 31 30 32 32 64 0 39 29 32 38 32 31 42 33 45 39 47 40 36 33 51 45 
41 44 43 41 46 40 44 41 42 39 41 38 42 42 45 44 43 44 39 45 42 49 38 42 42 46 46 42 45 46 44 44 41 42 43 45 41 45 40 44 45 41 45 47 47 44 44 44 41 42 40 43 42 46 49 40 39 41 40 41 49 42 50 39 39 38 39 38 40 45 45 45 39 41 41 37 38 41 38 39 39 40 38 39 0 36 30 35 30 30 40 31 42 37 45 38 34 31 49 43 
32 34 34 32 36 30 33 32 32 29 30 28 32 32 36 34 33 34 30 35 33 39 27 32 32 37 38 35 36 36 35 35 29 31 32 37 32 35 31 34 36 32 35 39 38 33 34 35 31 34 28 34 32 35 39 31 30 32 30 32 37 33 41 28 28 27 29 26 31 36 34 34 29 30 30 27 27 30 28 28 29 30 29 29 36 0 31 36 30 30 41 31 43 37 45 38 34 31 49 43 
33 36 36 35 38 32 35 34 34 31 33 30 34 34 38 36 35 36 32 38 35 42 29 34 35 39 40 37 39 38 38 38 32 34 35 39 34 38 33 37 38 34 37 41 40 35 36 37 34 36 31 36 34 38 42 33 32 34 33 35 40 35 43 31 31 29 32 29 34 39 37 37 32 33 33 30 30 33 31 31 32 33 32 32 30 31 0 38 29 30 41 31 43 37 45 38 34 31 49 43 
39 41 41 40 42 37 40 39 39 37 38 36 38 39 43 41 40 40 37 44 41 47 34 38 40 44 45 43 44 43 43 43 38 39 41 44 39 44 38 43 43 39 41 46 44 40 41 43 39 41 37 40 39 43 48 39 38 40 38 41 45 41 49 36 37 35 38 35 39 44 42 43 38 39 38 36 36 37 37 37 37 38 37 38 35 36 38 0 30 31 41 32 44 38 46 39 35 32 50 44 
34 36 35 35 37 30 34 33 33 31 32 31 33 33 36 36 34 35 31 38 35 41 29 34 34 37 38 37 38 38 37 38 32 34 35 39 35 37 32 37 38 34 37 41 39 34 37 36 32 34 32 35 34 37 41 32 33 34 33 34 40 34 43 29 31 29 31 30 33 37 37 37 31 32 33 31 30 33 31 31 31 32 31 32 30 30 29 30 0 33 42 33 44 39 47 40 36 33 51 45 
33 35 35 34 37 31 34 33 33 30 32 29 33 33 37 35 34 35 31 37 34 41 28 33 34 38 39 36 38 37 37 37 31 33 34 38 33 37 32 36 37 33 36 40 39 34 35 36 33 35 30 35 33 37 41 32 31 33 32 34 39 34 42 30 30 28 31 28 33 38 36 36 31 32 32 29 29 32 30 30 31 32 31 31 30 30 30 31 33 0 59 31 44 38 46 39 35 32 50 44 
44 47 45 44 48 42 45 44 44 40 43 39 44 44 47 45 44 45 41 47 44 51 40 44 46 48 50 46 49 48 49 47 42 43 45 49 44 48 43 48 47 43 47 50 49 45 45 48 45 45 42 46 45 49 51 43 41 43 43 44 51 46 52 42 41 40 42 40 44 48 46 46 41 44 43 40 40 43 41 41 43 43 42 42 40 41 41 41 42 59 0 34 44 39 47 40 36 33 51 45 
35 36 36 34 38 32 34 34 34 32 33 30 35 35 37 36 35 36 32 38 35 42 31 35 36 39 40 38 41 38 39 38 32 35 37 40 34 39 33 39 37 35 37 41 40 35 36 38 35 35 33 36 35 39 43 34 33 34 34 36 40 37 43 32 33 31 34 31 35 39 37 38 33 35 33 32 31 33 33 32 33 33 32 33 31 31 31 32 33 31 34 0 44 37 46 39 35 32 50 44 
47 49 48 47 51 45 48 45 46 44 46 42 46 46 50 48 46 47 44 51 47 54 43 46 48 51 52 49 51 52 51 50 46 46 48 51 47 52 44 50 50 47 49 54 51 47 49 51 47 47 45 48 46 51 54 46 45 47 44 47 52 49 55 43 43 42 44 42 46 50 48 50 45 46 45 42 43 45 43 44 44 45 44 45 42 43 43 44 44 44 44 44 0 45 51 57 41 40 56 51 
41 42 42 41 44 38 41 40 40 38 39 37 40 40 44 42 41 42 38 45 42 48 36 40 41 45 46 44 46 45 45 44 39 41 42 46 41 45 39 44 44 41 43 48 45 41 43 44 40 42 38 42 40 44 48 40 39 41 39 42 46 42 50 37 38 36 39 36 40 45 43 44 39 40 39 37 37 39 38 38 38 39 38 39 37 37 37 38 39 38 39 37 45 0 59 51 42 40 57 51 
48 51 50 49 52 46 49 49 49 46 47 45 49 49 52 50 49 50 46 53 50 56 45 49 50 53 55 52 55 53 54 52 47 49 51 55 49 53 48 53 52 49 51 56 54 49 51 53 49 50 47 51 49 53 58 48 47 49 48 50 55 51 58 46 47 45 48 45 49 53 51 52 47 49 47 46 45 47 47 46 47 47 46 47 45 45 45 46 47 46 47 46 51 59 0 53 35 33 52 45 
42 43 43 42 45 39 42 41 41 39 40 38 41 41 45 43 42 43 39 46 43 49 37 41 42 46 47 45 47 46 46 45 40 42 43 47 42 46 40 45 45 42 44 49 47 42 44 45 41 43 39 43 41 45 49 41 40 42 40 43 47 43 51 38 39 37 40 37 41 46 44 45 40 41 40 38 38 40 39 39 39 40 39 40 38 38 38 39 40 39 40 39 57 51 53 0 36 31 50 43 
37 38 39 37 40 35 38 37 37 35 36 34 37 37 41 39 38 39 34 42 38 45 33 37 37 42 42 41 43 41 42 40 36 38 39 42 38 41 36 40 41 38 40 44 42 37 40 41 36 39 35 39 37 40 45 37 36 38 36 39 42 39 47 34 35 33 36 33 37 42 39 41 36 37 36 34 34 36 35 35 35 36 35 36 34 34 34 35 36 35 36 35 41 42 35 36 0 30 49 43 
36 37 37 36 39 33 36 34 35 33 34 31 35 35 39 37 35 36 33 40 36 43 31 35 36 40 41 38 40 40 39 39 34 35 37 40 35 40 33 38 39 36 37 43 40 35 38 39 35 36 33 37 34 39 43 34 34 36 33 36 40 37 44 31 32 30 33 30 35 39 37 39 34 34 33 31 31 33 32 32 32 33 32 33 31 31 31 32 33 32 33 32 40 40 33 31 30 0 54 45 
53 55 55 53 57 51 53 52 53 51 52 49 54 54 56 54 53 55 51 57 54 61 49 54 55 58 58 57 60 56 57 57 51 53 56 59 53 58 52 57 56 53 56 60 59 53 55 57 54 54 52 55 54 57 61 53 52 53 53 55 58 55 62 51 52 50 53 49 53 58 56 56 52 53 51 50 50 51 51 50 51 51 50 51 49 49 49 50 51 50 51 50 56 57 52 50 49 54 0 36 
48 49 49 48 51 45 48 46 47 45 46 43 47 47 51 49 47 48 45 52 48 55 43 47 48 52 53 50 52 52 51 51 46 47 49 52 47 52 45 50 51 48 49 55 52 47 50 51 47 48 45 49 46 51 55 46 46 48 45 48 52 49 56 43 44 42 45 42 47 51 49 51 46 46 45 43 43 45 44 44 44 45 44 45 43 43 43 44 45 44 45 44 51 51 45 43 43 45 36 0 

Rho histogram: 
32 17 8 17 11 5 4 2 2 0 1 0 0 0 0 0 0 1 0 0 

Summary:
objF nSamp nIter rhoMean rhoStDev rProp hitsProp rankHitsProp seconds
Gar25 100 100 0.14197983798379835 0.1338747135716302 0 0 0.0107 636.404004205
